mod	trans_guid	split_guid	time_now	date_entered	date_posted	acc_guid	acc_name	num	description	notes	memo	action	reconciled	amount	value	date_reconciled
-----------------
===== START
B	71e5e57d3097456a886283dcb87aa4ee	2508c3fa292544e8a52ab8834ae7795a	2020-12-22 17:19:29 +0300	2019-12-25 14:47:33 +0300	2019-12-25 13:59:00 +0300	f9df8197d3194edfb63f3ba2eb17ebf6	73bac7009a4c42788ff6c52b08151fe5		Tzg Kira Ödemesi Ocak 2020 - Salih Kaymak				n	0/1	0/100	1970-01-01 02:00:00 +0200
B	71e5e57d3097456a886283dcb87aa4ee	310b6dc8048c426d9af57db756b4eee4	2020-12-22 17:19:29 +0300	2019-12-25 14:47:33 +0300	2019-12-25 13:59:00 +0300	f9df8197d3194edfb63f3ba2eb17ebf6	73bac7009a4c42788ff6c52b08151fe5		Tzg Kira Ödemesi Ocak 2020 - Salih Kaymak				n	0/1	0/100	1970-01-01 02:00:00 +0200
===== END
===== START
R	71e5e57d3097456a886283dcb87aa4ee	2508c3fa292544e8a52ab8834ae7795a	2020-12-22 17:19:29 +0300	2019-12-25 14:47:33 +0300	2019-12-25 13:59:00 +0300	f9df8197d3194edfb63f3ba2eb17ebf6	73bac7009a4c42788ff6c52b08151fe5		Tzg Kira Ödemesi Ocak 2020 - Salih Kaymak				n	0/1	0/100	1970-01-01 02:00:00 +0200
R	71e5e57d3097456a886283dcb87aa4ee	310b6dc8048c426d9af57db756b4eee4	2020-12-22 17:19:29 +0300	2019-12-25 14:47:33 +0300	2019-12-25 13:59:00 +0300	f9df8197d3194edfb63f3ba2eb17ebf6	73bac7009a4c42788ff6c52b08151fe5		Tzg Kira Ödemesi Ocak 2020 - Salih Kaymak				n	0/1	0/100	1970-01-01 02:00:00 +0200
===== END
===== START
B	71e5e57d3097456a886283dcb87aa4ee	2508c3fa292544e8a52ab8834ae7795a	2020-12-22 17:19:29 +0300	2019-12-25 14:47:33 +0300	2019-12-25 13:59:00 +0300	f9df8197d3194edfb63f3ba2eb17ebf6	73bac7009a4c42788ff6c52b08151fe5		Tzg Kira Ödemesi Ocak 2020 - Salih Kaymak				n	0/1	0/100	1970-01-01 02:00:00 +0200
B	71e5e57d3097456a886283dcb87aa4ee	310b6dc8048c426d9af57db756b4eee4	2020-12-22 17:19:29 +0300	2019-12-25 14:47:33 +0300	2019-12-25 13:59:00 +0300	f9df8197d3194edfb63f3ba2eb17ebf6	73bac7009a4c42788ff6c52b08151fe5		Tzg Kira Ödemesi Ocak 2020 - Salih Kaymak				n	0/1	0/100	1970-01-01 02:00:00 +0200
===== END
===== START
R	71e5e57d3097456a886283dcb87aa4ee	2508c3fa292544e8a52ab8834ae7795a	2020-12-22 17:19:29 +0300	2019-12-25 14:47:33 +0300	2019-12-25 13:59:00 +0300	f9df8197d3194edfb63f3ba2eb17ebf6	73bac7009a4c42788ff6c52b08151fe5		Tzg Kira Ödemesi Ocak 2020 - Salih Kaymak				n	0/1	0/100	1970-01-01 02:00:00 +0200
R	71e5e57d3097456a886283dcb87aa4ee	310b6dc8048c426d9af57db756b4eee4	2020-12-22 17:19:29 +0300	2019-12-25 14:47:33 +0300	2019-12-25 13:59:00 +0300	f9df8197d3194edfb63f3ba2eb17ebf6	73bac7009a4c42788ff6c52b08151fe5		Tzg Kira Ödemesi Ocak 2020 - Salih Kaymak				n	0/1	0/100	1970-01-01 02:00:00 +0200
===== END
===== START
B	2bed39c3908745dc93b80b5cc0525f1c	68a35ea83e054a499b48485c2c784390	2020-12-22 17:19:29 +0300	2019-12-25 15:43:45 +0300	2019-12-25 13:59:00 +0300	dc915ca945be4e72ab274fdae19390c0	ba301b88a00f4cd6b3b7431e4a004386		2020 1/8 Sny55 Kira Bedeli				n	0/1	0/100	1970-01-01 02:00:00 +0200
B	2bed39c3908745dc93b80b5cc0525f1c	01b1322b286341f18f55ba4d2a213255	2020-12-22 17:19:29 +0300	2019-12-25 15:43:45 +0300	2019-12-25 13:59:00 +0300	dc915ca945be4e72ab274fdae19390c0	ba301b88a00f4cd6b3b7431e4a004386		2020 1/8 Sny55 Kira Bedeli				n	0/1	0/100	1970-01-01 02:00:00 +0200
===== END
===== START
R	2bed39c3908745dc93b80b5cc0525f1c	68a35ea83e054a499b48485c2c784390	2020-12-22 17:19:29 +0300	2019-12-25 15:43:45 +0300	2019-12-25 13:59:00 +0300	dc915ca945be4e72ab274fdae19390c0	ba301b88a00f4cd6b3b7431e4a004386		2020 1/8 Sny55 Kira Bedeli				n	0/1	0/100	1970-01-01 02:00:00 +0200
R	2bed39c3908745dc93b80b5cc0525f1c	01b1322b286341f18f55ba4d2a213255	2020-12-22 17:19:29 +0300	2019-12-25 15:43:45 +0300	2019-12-25 13:59:00 +0300	dc915ca945be4e72ab274fdae19390c0	ba301b88a00f4cd6b3b7431e4a004386		2020 1/8 Sny55 Kira Bedeli				n	0/1	0/100	1970-01-01 02:00:00 +0200
===== END
===== START
B	2bed39c3908745dc93b80b5cc0525f1c	68a35ea83e054a499b48485c2c784390	2020-12-22 17:19:29 +0300	2019-12-25 15:43:45 +0300	2019-12-25 13:59:00 +0300	dc915ca945be4e72ab274fdae19390c0	ba301b88a00f4cd6b3b7431e4a004386		2020 1/8 Sny55 Kira Bedeli				n	0/1	0/100	1970-01-01 02:00:00 +0200
B	2bed39c3908745dc93b80b5cc0525f1c	01b1322b286341f18f55ba4d2a213255	2020-12-22 17:19:29 +0300	2019-12-25 15:43:45 +0300	2019-12-25 13:59:00 +0300	dc915ca945be4e72ab274fdae19390c0	ba301b88a00f4cd6b3b7431e4a004386		2020 1/8 Sny55 Kira Bedeli				n	0/1	0/100	1970-01-01 02:00:00 +0200
===== END
===== START
R	2bed39c3908745dc93b80b5cc0525f1c	68a35ea83e054a499b48485c2c784390	2020-12-22 17:19:29 +0300	2019-12-25 15:43:45 +0300	2019-12-25 13:59:00 +0300	dc915ca945be4e72ab274fdae19390c0	ba301b88a00f4cd6b3b7431e4a004386		2020 1/8 Sny55 Kira Bedeli				n	0/1	0/100	1970-01-01 02:00:00 +0200
R	2bed39c3908745dc93b80b5cc0525f1c	01b1322b286341f18f55ba4d2a213255	2020-12-22 17:19:29 +0300	2019-12-25 15:43:45 +0300	2019-12-25 13:59:00 +0300	dc915ca945be4e72ab274fdae19390c0	ba301b88a00f4cd6b3b7431e4a004386		2020 1/8 Sny55 Kira Bedeli				n	0/1	0/100	1970-01-01 02:00:00 +0200
===== END
===== START
===== END
===== START
===== END
===== START
C	5d2b67f016af44d8b7aa4043d1af21d7	3405c8bcd84945879b36babe22f9860a	2020-12-22 17:19:30 +0300	2019-12-25 14:47:33 +0300	2019-12-25 13:59:00 +0300	f9df8197d3194edfb63f3ba2eb17ebf6	73bac7009a4c42788ff6c52b08151fe5		Tzg Kira Ödemesi Ocak 2020 - Salih Kaymak				n	0/1	0/100	1970-01-01 02:00:00 +0200
C	5d2b67f016af44d8b7aa4043d1af21d7	76fc74f2df894c8ba4438f43f807ab03	2020-12-22 17:19:30 +0300	2019-12-25 14:47:33 +0300	2019-12-25 13:59:00 +0300	f9df8197d3194edfb63f3ba2eb17ebf6	73bac7009a4c42788ff6c52b08151fe5		Tzg Kira Ödemesi Ocak 2020 - Salih Kaymak				n	0/1	0/100	1970-01-01 02:00:00 +0200
===== END
===== START
B	5d2b67f016af44d8b7aa4043d1af21d7	3405c8bcd84945879b36babe22f9860a	2020-12-22 17:19:30 +0300	2019-12-25 14:47:33 +0300	2019-12-25 13:59:00 +0300	f9df8197d3194edfb63f3ba2eb17ebf6	73bac7009a4c42788ff6c52b08151fe5		Tzg Kira Ödemesi Ocak 2020 - Salih Kaymak				n	0/1	0/100	1970-01-01 02:00:00 +0200
B	5d2b67f016af44d8b7aa4043d1af21d7	76fc74f2df894c8ba4438f43f807ab03	2020-12-22 17:19:30 +0300	2019-12-25 14:47:33 +0300	2019-12-25 13:59:00 +0300	f9df8197d3194edfb63f3ba2eb17ebf6	73bac7009a4c42788ff6c52b08151fe5		Tzg Kira Ödemesi Ocak 2020 - Salih Kaymak				n	0/1	0/100	1970-01-01 02:00:00 +0200
===== END
===== START
C	5d2b67f016af44d8b7aa4043d1af21d7	3405c8bcd84945879b36babe22f9860a	2020-12-22 17:19:30 +0300	2019-12-25 14:47:33 +0300	2020-02-21 13:59:00 +0300	8db7671b8b2d47a0823b663e01ce6edc	2 TZG Salih Kaymak 		Tzg Kira Ödemesi Ocak 2020 - Salih Kaymak				n	80000/100	80000/100	1970-01-01 02:00:00 +0200
C	5d2b67f016af44d8b7aa4043d1af21d7	76fc74f2df894c8ba4438f43f807ab03	2020-12-22 17:19:30 +0300	2019-12-25 14:47:33 +0300	2020-02-21 13:59:00 +0300	3fe60e48253e4208b4394cab587558c9	2 GLR TZG		Tzg Kira Ödemesi Ocak 2020 - Salih Kaymak				n	-80000/100	-80000/100	1970-01-01 02:00:00 +0200
===== END
===== START
===== END
===== START
C	7b171b2a64ab453da0a0fc2ef308377e	5938c5e32cf74857b49b51ee5adddd91	2020-12-22 17:19:30 +0300	2019-12-25 14:47:33 +0300	2019-12-25 13:59:00 +0300	f9df8197d3194edfb63f3ba2eb17ebf6	73bac7009a4c42788ff6c52b08151fe5		Tzg Kira Ödemesi Ocak 2020 - Salih Kaymak				n	0/1	0/100	1970-01-01 02:00:00 +0200
C	7b171b2a64ab453da0a0fc2ef308377e	5e0b522e37c4408a84b100f18e513b12	2020-12-22 17:19:30 +0300	2019-12-25 14:47:33 +0300	2019-12-25 13:59:00 +0300	f9df8197d3194edfb63f3ba2eb17ebf6	73bac7009a4c42788ff6c52b08151fe5		Tzg Kira Ödemesi Ocak 2020 - Salih Kaymak				n	0/1	0/100	1970-01-01 02:00:00 +0200
===== END
===== START
B	7b171b2a64ab453da0a0fc2ef308377e	5938c5e32cf74857b49b51ee5adddd91	2020-12-22 17:19:30 +0300	2019-12-25 14:47:33 +0300	2019-12-25 13:59:00 +0300	f9df8197d3194edfb63f3ba2eb17ebf6	73bac7009a4c42788ff6c52b08151fe5		Tzg Kira Ödemesi Ocak 2020 - Salih Kaymak				n	0/1	0/100	1970-01-01 02:00:00 +0200
B	7b171b2a64ab453da0a0fc2ef308377e	5e0b522e37c4408a84b100f18e513b12	2020-12-22 17:19:30 +0300	2019-12-25 14:47:33 +0300	2019-12-25 13:59:00 +0300	f9df8197d3194edfb63f3ba2eb17ebf6	73bac7009a4c42788ff6c52b08151fe5		Tzg Kira Ödemesi Ocak 2020 - Salih Kaymak				n	0/1	0/100	1970-01-01 02:00:00 +0200
===== END
===== START
C	7b171b2a64ab453da0a0fc2ef308377e	5938c5e32cf74857b49b51ee5adddd91	2020-12-22 17:19:30 +0300	2019-12-25 14:47:33 +0300	2020-03-21 13:59:00 +0300	8db7671b8b2d47a0823b663e01ce6edc	2 TZG Salih Kaymak 		Tzg Kira Ödemesi Ocak 2020 - Salih Kaymak				n	80000/100	80000/100	1970-01-01 02:00:00 +0200
C	7b171b2a64ab453da0a0fc2ef308377e	5e0b522e37c4408a84b100f18e513b12	2020-12-22 17:19:30 +0300	2019-12-25 14:47:33 +0300	2020-03-21 13:59:00 +0300	3fe60e48253e4208b4394cab587558c9	2 GLR TZG		Tzg Kira Ödemesi Ocak 2020 - Salih Kaymak				n	-80000/100	-80000/100	1970-01-01 02:00:00 +0200
===== END
===== START
===== END
===== START
C	66d405dde2f74447ab7514821932ed2c	1fb67be99dee4928bb7a931e40296716	2020-12-22 17:19:30 +0300	2019-12-25 15:43:45 +0300	2019-12-25 13:59:00 +0300	dc915ca945be4e72ab274fdae19390c0	ba301b88a00f4cd6b3b7431e4a004386		2020 1/8 Sny55 Kira Bedeli				n	0/1	0/100	1970-01-01 02:00:00 +0200
C	66d405dde2f74447ab7514821932ed2c	297cf21888bf458c9f857a4c027f10a4	2020-12-22 17:19:30 +0300	2019-12-25 15:43:45 +0300	2019-12-25 13:59:00 +0300	dc915ca945be4e72ab274fdae19390c0	ba301b88a00f4cd6b3b7431e4a004386		2020 1/8 Sny55 Kira Bedeli				n	0/1	0/100	1970-01-01 02:00:00 +0200
===== END
===== START
B	66d405dde2f74447ab7514821932ed2c	1fb67be99dee4928bb7a931e40296716	2020-12-22 17:19:30 +0300	2019-12-25 15:43:45 +0300	2019-12-25 13:59:00 +0300	dc915ca945be4e72ab274fdae19390c0	ba301b88a00f4cd6b3b7431e4a004386		2020 1/8 Sny55 Kira Bedeli				n	0/1	0/100	1970-01-01 02:00:00 +0200
B	66d405dde2f74447ab7514821932ed2c	297cf21888bf458c9f857a4c027f10a4	2020-12-22 17:19:30 +0300	2019-12-25 15:43:45 +0300	2019-12-25 13:59:00 +0300	dc915ca945be4e72ab274fdae19390c0	ba301b88a00f4cd6b3b7431e4a004386		2020 1/8 Sny55 Kira Bedeli				n	0/1	0/100	1970-01-01 02:00:00 +0200
===== END
===== START
C	66d405dde2f74447ab7514821932ed2c	1fb67be99dee4928bb7a931e40296716	2020-12-22 17:19:30 +0300	2019-12-25 15:43:45 +0300	2020-02-24 13:59:00 +0300	77fc17bb76f3477b993b48d95fc32cf0	127 Sny55 Habip Yıldırım		2020 1/8 Sny55 Kira Bedeli				n	100000/100	100000/100	1970-01-01 02:00:00 +0200
C	66d405dde2f74447ab7514821932ed2c	297cf21888bf458c9f857a4c027f10a4	2020-12-22 17:19:30 +0300	2019-12-25 15:43:45 +0300	2020-02-24 13:59:00 +0300	9ee677e8d3a04ed78d0894f9f03a91c5	1 GLR Sny55		2020 1/8 Sny55 Kira Bedeli				n	-100000/100	-100000/100	1970-01-01 02:00:00 +0200
===== END
===== START
===== END
===== START
C	5388b7fc222a484d902fce0edb7cb31f	09d13d1e9bc943f289b79fc018d83df0	2020-12-22 17:19:30 +0300	2019-12-25 15:43:45 +0300	2019-12-25 13:59:00 +0300	dc915ca945be4e72ab274fdae19390c0	ba301b88a00f4cd6b3b7431e4a004386		2020 1/8 Sny55 Kira Bedeli				n	0/1	0/100	1970-01-01 02:00:00 +0200
C	5388b7fc222a484d902fce0edb7cb31f	86918d071701441482a708a00662a1a2	2020-12-22 17:19:30 +0300	2019-12-25 15:43:45 +0300	2019-12-25 13:59:00 +0300	dc915ca945be4e72ab274fdae19390c0	ba301b88a00f4cd6b3b7431e4a004386		2020 1/8 Sny55 Kira Bedeli				n	0/1	0/100	1970-01-01 02:00:00 +0200
===== END
===== START
B	5388b7fc222a484d902fce0edb7cb31f	09d13d1e9bc943f289b79fc018d83df0	2020-12-22 17:19:30 +0300	2019-12-25 15:43:45 +0300	2019-12-25 13:59:00 +0300	dc915ca945be4e72ab274fdae19390c0	ba301b88a00f4cd6b3b7431e4a004386		2020 1/8 Sny55 Kira Bedeli				n	0/1	0/100	1970-01-01 02:00:00 +0200
B	5388b7fc222a484d902fce0edb7cb31f	86918d071701441482a708a00662a1a2	2020-12-22 17:19:30 +0300	2019-12-25 15:43:45 +0300	2019-12-25 13:59:00 +0300	dc915ca945be4e72ab274fdae19390c0	ba301b88a00f4cd6b3b7431e4a004386		2020 1/8 Sny55 Kira Bedeli				n	0/1	0/100	1970-01-01 02:00:00 +0200
===== END
===== START
C	5388b7fc222a484d902fce0edb7cb31f	09d13d1e9bc943f289b79fc018d83df0	2020-12-22 17:19:30 +0300	2019-12-25 15:43:45 +0300	2020-03-24 13:59:00 +0300	77fc17bb76f3477b993b48d95fc32cf0	127 Sny55 Habip Yıldırım		2020 1/8 Sny55 Kira Bedeli				n	100000/100	100000/100	1970-01-01 02:00:00 +0200
C	5388b7fc222a484d902fce0edb7cb31f	86918d071701441482a708a00662a1a2	2020-12-22 17:19:30 +0300	2019-12-25 15:43:45 +0300	2020-03-24 13:59:00 +0300	9ee677e8d3a04ed78d0894f9f03a91c5	1 GLR Sny55		2020 1/8 Sny55 Kira Bedeli				n	-100000/100	-100000/100	1970-01-01 02:00:00 +0200
===== END
===== START
===== END
===== START
C	0c7e802a010a43e6bf8cab0d3ba88766	6d629f75f79948abbb22e7ca0dce306a	2020-12-22 17:19:30 +0300	2019-12-25 15:43:45 +0300	2019-12-25 13:59:00 +0300	dc915ca945be4e72ab274fdae19390c0	ba301b88a00f4cd6b3b7431e4a004386		2020 1/8 Sny55 Kira Bedeli				n	0/1	0/100	1970-01-01 02:00:00 +0200
C	0c7e802a010a43e6bf8cab0d3ba88766	46f6908f603c4d45accba4d2a9402e6e	2020-12-22 17:19:30 +0300	2019-12-25 15:43:45 +0300	2019-12-25 13:59:00 +0300	dc915ca945be4e72ab274fdae19390c0	ba301b88a00f4cd6b3b7431e4a004386		2020 1/8 Sny55 Kira Bedeli				n	0/1	0/100	1970-01-01 02:00:00 +0200
===== END
===== START
B	0c7e802a010a43e6bf8cab0d3ba88766	6d629f75f79948abbb22e7ca0dce306a	2020-12-22 17:19:30 +0300	2019-12-25 15:43:45 +0300	2019-12-25 13:59:00 +0300	dc915ca945be4e72ab274fdae19390c0	ba301b88a00f4cd6b3b7431e4a004386		2020 1/8 Sny55 Kira Bedeli				n	0/1	0/100	1970-01-01 02:00:00 +0200
B	0c7e802a010a43e6bf8cab0d3ba88766	46f6908f603c4d45accba4d2a9402e6e	2020-12-22 17:19:30 +0300	2019-12-25 15:43:45 +0300	2019-12-25 13:59:00 +0300	dc915ca945be4e72ab274fdae19390c0	ba301b88a00f4cd6b3b7431e4a004386		2020 1/8 Sny55 Kira Bedeli				n	0/1	0/100	1970-01-01 02:00:00 +0200
===== END
===== START
C	0c7e802a010a43e6bf8cab0d3ba88766	6d629f75f79948abbb22e7ca0dce306a	2020-12-22 17:19:30 +0300	2019-12-25 15:43:45 +0300	2020-04-24 13:59:00 +0300	77fc17bb76f3477b993b48d95fc32cf0	127 Sny55 Habip Yıldırım		2020 1/8 Sny55 Kira Bedeli				n	100000/100	100000/100	1970-01-01 02:00:00 +0200
C	0c7e802a010a43e6bf8cab0d3ba88766	46f6908f603c4d45accba4d2a9402e6e	2020-12-22 17:19:30 +0300	2019-12-25 15:43:45 +0300	2020-04-24 13:59:00 +0300	9ee677e8d3a04ed78d0894f9f03a91c5	1 GLR Sny55		2020 1/8 Sny55 Kira Bedeli				n	-100000/100	-100000/100	1970-01-01 02:00:00 +0200
===== END
===== START
===== END
===== START
C	1b0afd8321304e1f9391146dc6153df2	b304554286d54d2ab27d7e668d509c27	2020-12-22 17:19:30 +0300	2019-12-25 15:43:45 +0300	2019-12-25 13:59:00 +0300	dc915ca945be4e72ab274fdae19390c0	ba301b88a00f4cd6b3b7431e4a004386		2020 1/8 Sny55 Kira Bedeli				n	0/1	0/100	1970-01-01 02:00:00 +0200
C	1b0afd8321304e1f9391146dc6153df2	0d6d0ac7ea074fc3aca79fba0758a487	2020-12-22 17:19:30 +0300	2019-12-25 15:43:45 +0300	2019-12-25 13:59:00 +0300	dc915ca945be4e72ab274fdae19390c0	ba301b88a00f4cd6b3b7431e4a004386		2020 1/8 Sny55 Kira Bedeli				n	0/1	0/100	1970-01-01 02:00:00 +0200
===== END
===== START
B	1b0afd8321304e1f9391146dc6153df2	b304554286d54d2ab27d7e668d509c27	2020-12-22 17:19:30 +0300	2019-12-25 15:43:45 +0300	2019-12-25 13:59:00 +0300	dc915ca945be4e72ab274fdae19390c0	ba301b88a00f4cd6b3b7431e4a004386		2020 1/8 Sny55 Kira Bedeli				n	0/1	0/100	1970-01-01 02:00:00 +0200
B	1b0afd8321304e1f9391146dc6153df2	0d6d0ac7ea074fc3aca79fba0758a487	2020-12-22 17:19:30 +0300	2019-12-25 15:43:45 +0300	2019-12-25 13:59:00 +0300	dc915ca945be4e72ab274fdae19390c0	ba301b88a00f4cd6b3b7431e4a004386		2020 1/8 Sny55 Kira Bedeli				n	0/1	0/100	1970-01-01 02:00:00 +0200
===== END
===== START
C	1b0afd8321304e1f9391146dc6153df2	b304554286d54d2ab27d7e668d509c27	2020-12-22 17:19:30 +0300	2019-12-25 15:43:45 +0300	2020-05-24 13:59:00 +0300	77fc17bb76f3477b993b48d95fc32cf0	127 Sny55 Habip Yıldırım		2020 1/8 Sny55 Kira Bedeli				n	100000/100	100000/100	1970-01-01 02:00:00 +0200
C	1b0afd8321304e1f9391146dc6153df2	0d6d0ac7ea074fc3aca79fba0758a487	2020-12-22 17:19:30 +0300	2019-12-25 15:43:45 +0300	2020-05-24 13:59:00 +0300	9ee677e8d3a04ed78d0894f9f03a91c5	1 GLR Sny55		2020 1/8 Sny55 Kira Bedeli				n	-100000/100	-100000/100	1970-01-01 02:00:00 +0200
===== END
===== START
===== END
===== START
C	139807eba72c45208ae9a01f99a907f9	c71270765fd3441fa55352edfe55e990	2020-12-22 17:19:30 +0300	2019-12-25 15:43:45 +0300	2019-12-25 13:59:00 +0300	dc915ca945be4e72ab274fdae19390c0	ba301b88a00f4cd6b3b7431e4a004386		2020 1/8 Sny55 Kira Bedeli				n	0/1	0/100	1970-01-01 02:00:00 +0200
C	139807eba72c45208ae9a01f99a907f9	bfd428cbb32045798a3eb0e6792bc544	2020-12-22 17:19:30 +0300	2019-12-25 15:43:45 +0300	2019-12-25 13:59:00 +0300	dc915ca945be4e72ab274fdae19390c0	ba301b88a00f4cd6b3b7431e4a004386		2020 1/8 Sny55 Kira Bedeli				n	0/1	0/100	1970-01-01 02:00:00 +0200
===== END
===== START
B	139807eba72c45208ae9a01f99a907f9	c71270765fd3441fa55352edfe55e990	2020-12-22 17:19:30 +0300	2019-12-25 15:43:45 +0300	2019-12-25 13:59:00 +0300	dc915ca945be4e72ab274fdae19390c0	ba301b88a00f4cd6b3b7431e4a004386		2020 1/8 Sny55 Kira Bedeli				n	0/1	0/100	1970-01-01 02:00:00 +0200
B	139807eba72c45208ae9a01f99a907f9	bfd428cbb32045798a3eb0e6792bc544	2020-12-22 17:19:30 +0300	2019-12-25 15:43:45 +0300	2019-12-25 13:59:00 +0300	dc915ca945be4e72ab274fdae19390c0	ba301b88a00f4cd6b3b7431e4a004386		2020 1/8 Sny55 Kira Bedeli				n	0/1	0/100	1970-01-01 02:00:00 +0200
===== END
===== START
C	139807eba72c45208ae9a01f99a907f9	c71270765fd3441fa55352edfe55e990	2020-12-22 17:19:30 +0300	2019-12-25 15:43:45 +0300	2020-06-24 13:59:00 +0300	77fc17bb76f3477b993b48d95fc32cf0	127 Sny55 Habip Yıldırım		2020 1/8 Sny55 Kira Bedeli				n	100000/100	100000/100	1970-01-01 02:00:00 +0200
C	139807eba72c45208ae9a01f99a907f9	bfd428cbb32045798a3eb0e6792bc544	2020-12-22 17:19:30 +0300	2019-12-25 15:43:45 +0300	2020-06-24 13:59:00 +0300	9ee677e8d3a04ed78d0894f9f03a91c5	1 GLR Sny55		2020 1/8 Sny55 Kira Bedeli				n	-100000/100	-100000/100	1970-01-01 02:00:00 +0200
===== END
===== START
===== END
===== START
C	ca2e41de53464d56898135a21c3c60c1	cdc6c9569ba84d62aaa12bbc57e4d661	2020-12-22 17:19:30 +0300	2019-12-25 15:43:45 +0300	2019-12-25 13:59:00 +0300	dc915ca945be4e72ab274fdae19390c0	ba301b88a00f4cd6b3b7431e4a004386		2020 1/8 Sny55 Kira Bedeli				n	0/1	0/100	1970-01-01 02:00:00 +0200
C	ca2e41de53464d56898135a21c3c60c1	e3bce14eeb3c4e8498714c62ba5e7fec	2020-12-22 17:19:30 +0300	2019-12-25 15:43:45 +0300	2019-12-25 13:59:00 +0300	dc915ca945be4e72ab274fdae19390c0	ba301b88a00f4cd6b3b7431e4a004386		2020 1/8 Sny55 Kira Bedeli				n	0/1	0/100	1970-01-01 02:00:00 +0200
===== END
===== START
B	ca2e41de53464d56898135a21c3c60c1	cdc6c9569ba84d62aaa12bbc57e4d661	2020-12-22 17:19:30 +0300	2019-12-25 15:43:45 +0300	2019-12-25 13:59:00 +0300	dc915ca945be4e72ab274fdae19390c0	ba301b88a00f4cd6b3b7431e4a004386		2020 1/8 Sny55 Kira Bedeli				n	0/1	0/100	1970-01-01 02:00:00 +0200
B	ca2e41de53464d56898135a21c3c60c1	e3bce14eeb3c4e8498714c62ba5e7fec	2020-12-22 17:19:30 +0300	2019-12-25 15:43:45 +0300	2019-12-25 13:59:00 +0300	dc915ca945be4e72ab274fdae19390c0	ba301b88a00f4cd6b3b7431e4a004386		2020 1/8 Sny55 Kira Bedeli				n	0/1	0/100	1970-01-01 02:00:00 +0200
===== END
===== START
C	ca2e41de53464d56898135a21c3c60c1	cdc6c9569ba84d62aaa12bbc57e4d661	2020-12-22 17:19:30 +0300	2019-12-25 15:43:45 +0300	2020-07-24 13:59:00 +0300	77fc17bb76f3477b993b48d95fc32cf0	127 Sny55 Habip Yıldırım		2020 1/8 Sny55 Kira Bedeli				n	100000/100	100000/100	1970-01-01 02:00:00 +0200
C	ca2e41de53464d56898135a21c3c60c1	e3bce14eeb3c4e8498714c62ba5e7fec	2020-12-22 17:19:30 +0300	2019-12-25 15:43:45 +0300	2020-07-24 13:59:00 +0300	9ee677e8d3a04ed78d0894f9f03a91c5	1 GLR Sny55		2020 1/8 Sny55 Kira Bedeli				n	-100000/100	-100000/100	1970-01-01 02:00:00 +0200
===== END
===== START
===== END
===== START
C	c17d4d4b08624fd5832dbebc25e705ee	a82b197176ea40c58cfc73a4cb32df79	2020-12-22 17:19:30 +0300	2019-12-25 15:43:45 +0300	2019-12-25 13:59:00 +0300	dc915ca945be4e72ab274fdae19390c0	ba301b88a00f4cd6b3b7431e4a004386		2020 1/8 Sny55 Kira Bedeli				n	0/1	0/100	1970-01-01 02:00:00 +0200
C	c17d4d4b08624fd5832dbebc25e705ee	4cd62748f3f4410188eaeb652fde4a24	2020-12-22 17:19:30 +0300	2019-12-25 15:43:45 +0300	2019-12-25 13:59:00 +0300	dc915ca945be4e72ab274fdae19390c0	ba301b88a00f4cd6b3b7431e4a004386		2020 1/8 Sny55 Kira Bedeli				n	0/1	0/100	1970-01-01 02:00:00 +0200
===== END
===== START
B	c17d4d4b08624fd5832dbebc25e705ee	a82b197176ea40c58cfc73a4cb32df79	2020-12-22 17:19:30 +0300	2019-12-25 15:43:45 +0300	2019-12-25 13:59:00 +0300	dc915ca945be4e72ab274fdae19390c0	ba301b88a00f4cd6b3b7431e4a004386		2020 1/8 Sny55 Kira Bedeli				n	0/1	0/100	1970-01-01 02:00:00 +0200
B	c17d4d4b08624fd5832dbebc25e705ee	4cd62748f3f4410188eaeb652fde4a24	2020-12-22 17:19:30 +0300	2019-12-25 15:43:45 +0300	2019-12-25 13:59:00 +0300	dc915ca945be4e72ab274fdae19390c0	ba301b88a00f4cd6b3b7431e4a004386		2020 1/8 Sny55 Kira Bedeli				n	0/1	0/100	1970-01-01 02:00:00 +0200
===== END
===== START
C	c17d4d4b08624fd5832dbebc25e705ee	a82b197176ea40c58cfc73a4cb32df79	2020-12-22 17:19:30 +0300	2019-12-25 15:43:45 +0300	2020-08-24 13:59:00 +0300	77fc17bb76f3477b993b48d95fc32cf0	127 Sny55 Habip Yıldırım		2020 1/8 Sny55 Kira Bedeli				n	100000/100	100000/100	1970-01-01 02:00:00 +0200
C	c17d4d4b08624fd5832dbebc25e705ee	4cd62748f3f4410188eaeb652fde4a24	2020-12-22 17:19:30 +0300	2019-12-25 15:43:45 +0300	2020-08-24 13:59:00 +0300	9ee677e8d3a04ed78d0894f9f03a91c5	1 GLR Sny55		2020 1/8 Sny55 Kira Bedeli				n	-100000/100	-100000/100	1970-01-01 02:00:00 +0200
===== END
===== START
D	ed00d243ecb04df5b18636d434058fbf	ac0aee20217e451cb9bcac505eeabd33	2020-12-22 17:19:46 +0300	2020-12-22 17:19:46 +0300	2020-12-22 13:59:00 +0300								n	0/1	0/100	1970-01-01 02:00:00 +0200
===== END
