mod	trans_guid	split_guid	time_now	date_entered	date_posted	acc_guid	acc_name	num	description	notes	memo	action	reconciled	amount	value	date_reconciled
-----------------
===== START
===== END
===== START
===== END
===== START
C	37b1e55d1cc5431193642be6bff7d1b1	44057977f2c4422eb74f9b38fedff917	2021-04-01 10:12:44 +0300	2021-04-01 10:12:44 +0300	2021-04-01 13:59:00 +0300	a4ed7b76584a46328510340e7f6a9540	Hacı Murat Balcı		Balancing entry from reconciliation				n	-56157139/100	-56157139/100	1970-01-01 02:00:00 +0200
C	37b1e55d1cc5431193642be6bff7d1b1	d9168ae5875641bdbb78c4f157b7edb0	2021-04-01 10:12:44 +0300	2021-04-01 10:12:44 +0300	2021-04-01 13:59:00 +0300	3a63f12134c244fa86b69fbbccbba3e0	Açık-TRY		Balancing entry from reconciliation				n	56157139/100	56157139/100	1970-01-01 02:00:00 +0200
===== END
===== START
===== END
===== START
C	422b9823350e4b0992d5431fd439872a	d5c7b0839a2147dfa8912d2e598a0bfc	2021-04-01 10:12:54 +0300	2021-04-01 10:12:54 +0300	2021-04-01 13:59:00 +0300	a4ed7b76584a46328510340e7f6a9540	Hacı Murat Balcı		Balancing entry from reconciliation				n	-56157139/100	-56157139/100	1970-01-01 02:00:00 +0200
C	422b9823350e4b0992d5431fd439872a	9b2e991372b94f37b164331c4699e165	2021-04-01 10:12:54 +0300	2021-04-01 10:12:54 +0300	2021-04-01 13:59:00 +0300	3a63f12134c244fa86b69fbbccbba3e0	Açık-TRY		Balancing entry from reconciliation				n	56157139/100	56157139/100	1970-01-01 02:00:00 +0200
===== END
===== START
===== END
===== START
C	e1228641c9fa4ee790eb312431ab23ec	7cfbbb3781ee43389c63fd4a5c64dbcf	2021-04-01 10:12:56 +0300	2021-04-01 10:12:56 +0300	2021-04-01 13:59:00 +0300	a4ed7b76584a46328510340e7f6a9540	Hacı Murat Balcı		Balancing entry from reconciliation				n	-56157139/100	-56157139/100	1970-01-01 02:00:00 +0200
C	e1228641c9fa4ee790eb312431ab23ec	118b38de516b4912a79ef4c319a17528	2021-04-01 10:12:56 +0300	2021-04-01 10:12:56 +0300	2021-04-01 13:59:00 +0300	3a63f12134c244fa86b69fbbccbba3e0	Açık-TRY		Balancing entry from reconciliation				n	56157139/100	56157139/100	1970-01-01 02:00:00 +0200
===== END
===== START
B	e1228641c9fa4ee790eb312431ab23ec	118b38de516b4912a79ef4c319a17528	2021-04-01 10:13:15 +0300	2021-04-01 10:12:56 +0300	2021-04-01 13:59:00 +0300	3a63f12134c244fa86b69fbbccbba3e0	Açık-TRY		Balancing entry from reconciliation				n	56157139/100	56157139/100	1970-01-01 02:00:00 +0200
B	e1228641c9fa4ee790eb312431ab23ec	7cfbbb3781ee43389c63fd4a5c64dbcf	2021-04-01 10:13:15 +0300	2021-04-01 10:12:56 +0300	2021-04-01 13:59:00 +0300	a4ed7b76584a46328510340e7f6a9540	Hacı Murat Balcı		Balancing entry from reconciliation				n	-56157139/100	-56157139/100	1970-01-01 02:00:00 +0200
===== END
===== START
D	e1228641c9fa4ee790eb312431ab23ec	118b38de516b4912a79ef4c319a17528	2021-04-01 10:13:15 +0300	2021-04-01 10:12:56 +0300	2021-04-01 13:59:00 +0300	3a63f12134c244fa86b69fbbccbba3e0	Açık-TRY		Balancing entry from reconciliation				n	56157139/100	56157139/100	1970-01-01 02:00:00 +0200
D	e1228641c9fa4ee790eb312431ab23ec	7cfbbb3781ee43389c63fd4a5c64dbcf	2021-04-01 10:13:15 +0300	2021-04-01 10:12:56 +0300	2021-04-01 13:59:00 +0300	a4ed7b76584a46328510340e7f6a9540	Hacı Murat Balcı		Balancing entry from reconciliation				n	-56157139/100	-56157139/100	1970-01-01 02:00:00 +0200
===== END
===== START
B	e9105a8d7ee241deb1d7f33555bddb86	fbbd5c97905242d4b1565c2a6e2f42ca	2021-04-01 10:13:16 +0300	2021-04-01 09:27:53 +0300	2021-04-01 13:59:00 +0300	a4ed7b76584a46328510340e7f6a9540	Hacı Murat Balcı	4					n	0/100	0/100	1970-01-01 02:00:00 +0200
===== END
===== START
D	e9105a8d7ee241deb1d7f33555bddb86	fbbd5c97905242d4b1565c2a6e2f42ca	2021-04-01 10:13:16 +0300	2021-04-01 09:27:53 +0300	2021-04-01 13:59:00 +0300	a4ed7b76584a46328510340e7f6a9540	Hacı Murat Balcı	4					n	0/100	0/100	1970-01-01 02:00:00 +0200
===== END
===== START
B	422b9823350e4b0992d5431fd439872a	9b2e991372b94f37b164331c4699e165	2021-04-01 10:13:32 +0300	2021-04-01 10:12:54 +0300	2021-04-01 13:59:00 +0300	3a63f12134c244fa86b69fbbccbba3e0	Açık-TRY		Balancing entry from reconciliation				n	56157139/100	56157139/100	1970-01-01 02:00:00 +0200
B	422b9823350e4b0992d5431fd439872a	d5c7b0839a2147dfa8912d2e598a0bfc	2021-04-01 10:13:32 +0300	2021-04-01 10:12:54 +0300	2021-04-01 13:59:00 +0300	a4ed7b76584a46328510340e7f6a9540	Hacı Murat Balcı		Balancing entry from reconciliation				n	-56157139/100	-56157139/100	1970-01-01 02:00:00 +0200
===== END
===== START
D	422b9823350e4b0992d5431fd439872a	9b2e991372b94f37b164331c4699e165	2021-04-01 10:13:32 +0300	2021-04-01 10:12:54 +0300	2021-04-01 13:59:00 +0300	3a63f12134c244fa86b69fbbccbba3e0	Açık-TRY		Balancing entry from reconciliation				n	56157139/100	56157139/100	1970-01-01 02:00:00 +0200
D	422b9823350e4b0992d5431fd439872a	d5c7b0839a2147dfa8912d2e598a0bfc	2021-04-01 10:13:32 +0300	2021-04-01 10:12:54 +0300	2021-04-01 13:59:00 +0300	a4ed7b76584a46328510340e7f6a9540	Hacı Murat Balcı		Balancing entry from reconciliation				n	-56157139/100	-56157139/100	1970-01-01 02:00:00 +0200
===== END
===== START
B	37b1e55d1cc5431193642be6bff7d1b1	d9168ae5875641bdbb78c4f157b7edb0	2021-04-01 10:13:45 +0300	2021-04-01 10:12:44 +0300	2021-04-01 13:59:00 +0300	3a63f12134c244fa86b69fbbccbba3e0	Açık-TRY		Balancing entry from reconciliation				n	56157139/100	56157139/100	1970-01-01 02:00:00 +0200
B	37b1e55d1cc5431193642be6bff7d1b1	44057977f2c4422eb74f9b38fedff917	2021-04-01 10:13:45 +0300	2021-04-01 10:12:44 +0300	2021-04-01 13:59:00 +0300	a4ed7b76584a46328510340e7f6a9540	Hacı Murat Balcı		Balancing entry from reconciliation				n	-56157139/100	-56157139/100	1970-01-01 02:00:00 +0200
===== END
===== START
D	37b1e55d1cc5431193642be6bff7d1b1	d9168ae5875641bdbb78c4f157b7edb0	2021-04-01 10:13:45 +0300	2021-04-01 10:12:44 +0300	2021-04-01 13:59:00 +0300	3a63f12134c244fa86b69fbbccbba3e0	Açık-TRY		Balancing entry from reconciliation				n	56157139/100	56157139/100	1970-01-01 02:00:00 +0200
D	37b1e55d1cc5431193642be6bff7d1b1	44057977f2c4422eb74f9b38fedff917	2021-04-01 10:13:45 +0300	2021-04-01 10:12:44 +0300	2021-04-01 13:59:00 +0300	a4ed7b76584a46328510340e7f6a9540	Hacı Murat Balcı		Balancing entry from reconciliation				n	-56157139/100	-56157139/100	1970-01-01 02:00:00 +0200
===== END
===== START
D	4f89fe96ce254cd8a972cf00c37549c2	204a1e408970448c80d020742e4c30b3	2021-04-01 10:14:27 +0300	2021-04-01 10:14:27 +0300	2021-04-01 13:59:00 +0300								n	0/1	0/100	1970-01-01 02:00:00 +0200
===== END
