mod	trans_guid	split_guid	time_now	date_entered	date_posted	acc_guid	acc_name	num	description	notes	memo	action	reconciled	amount	value	date_reconciled
-----------------
===== START
B	71e5e57d3097456a886283dcb87aa4ee	2508c3fa292544e8a52ab8834ae7795a	2021-04-01 12:19:39 +0300	2019-12-25 14:47:33 +0300	2019-12-25 13:59:00 +0300	f9df8197d3194edfb63f3ba2eb17ebf6	73bac7009a4c42788ff6c52b08151fe5		Tzg Kira Ödemesi Ocak 2020 - Salih Kaymak				n	0/1	0/100	1970-01-01 02:00:00 +0200
B	71e5e57d3097456a886283dcb87aa4ee	310b6dc8048c426d9af57db756b4eee4	2021-04-01 12:19:39 +0300	2019-12-25 14:47:33 +0300	2019-12-25 13:59:00 +0300	f9df8197d3194edfb63f3ba2eb17ebf6	73bac7009a4c42788ff6c52b08151fe5		Tzg Kira Ödemesi Ocak 2020 - Salih Kaymak				n	0/1	0/100	1970-01-01 02:00:00 +0200
===== END
===== START
R	71e5e57d3097456a886283dcb87aa4ee	2508c3fa292544e8a52ab8834ae7795a	2021-04-01 12:19:39 +0300	2019-12-25 14:47:33 +0300	2019-12-25 13:59:00 +0300	f9df8197d3194edfb63f3ba2eb17ebf6	73bac7009a4c42788ff6c52b08151fe5		Tzg Kira Ödemesi Ocak 2020 - Salih Kaymak				n	0/1	0/100	1970-01-01 02:00:00 +0200
R	71e5e57d3097456a886283dcb87aa4ee	310b6dc8048c426d9af57db756b4eee4	2021-04-01 12:19:39 +0300	2019-12-25 14:47:33 +0300	2019-12-25 13:59:00 +0300	f9df8197d3194edfb63f3ba2eb17ebf6	73bac7009a4c42788ff6c52b08151fe5		Tzg Kira Ödemesi Ocak 2020 - Salih Kaymak				n	0/1	0/100	1970-01-01 02:00:00 +0200
===== END
===== START
B	71e5e57d3097456a886283dcb87aa4ee	2508c3fa292544e8a52ab8834ae7795a	2021-04-01 12:19:39 +0300	2019-12-25 14:47:33 +0300	2019-12-25 13:59:00 +0300	f9df8197d3194edfb63f3ba2eb17ebf6	73bac7009a4c42788ff6c52b08151fe5		Tzg Kira Ödemesi Ocak 2020 - Salih Kaymak				n	0/1	0/100	1970-01-01 02:00:00 +0200
B	71e5e57d3097456a886283dcb87aa4ee	310b6dc8048c426d9af57db756b4eee4	2021-04-01 12:19:39 +0300	2019-12-25 14:47:33 +0300	2019-12-25 13:59:00 +0300	f9df8197d3194edfb63f3ba2eb17ebf6	73bac7009a4c42788ff6c52b08151fe5		Tzg Kira Ödemesi Ocak 2020 - Salih Kaymak				n	0/1	0/100	1970-01-01 02:00:00 +0200
===== END
===== START
R	71e5e57d3097456a886283dcb87aa4ee	2508c3fa292544e8a52ab8834ae7795a	2021-04-01 12:19:39 +0300	2019-12-25 14:47:33 +0300	2019-12-25 13:59:00 +0300	f9df8197d3194edfb63f3ba2eb17ebf6	73bac7009a4c42788ff6c52b08151fe5		Tzg Kira Ödemesi Ocak 2020 - Salih Kaymak				n	0/1	0/100	1970-01-01 02:00:00 +0200
R	71e5e57d3097456a886283dcb87aa4ee	310b6dc8048c426d9af57db756b4eee4	2021-04-01 12:19:39 +0300	2019-12-25 14:47:33 +0300	2019-12-25 13:59:00 +0300	f9df8197d3194edfb63f3ba2eb17ebf6	73bac7009a4c42788ff6c52b08151fe5		Tzg Kira Ödemesi Ocak 2020 - Salih Kaymak				n	0/1	0/100	1970-01-01 02:00:00 +0200
===== END
===== START
B	2bed39c3908745dc93b80b5cc0525f1c	68a35ea83e054a499b48485c2c784390	2021-04-01 12:19:39 +0300	2019-12-25 15:43:45 +0300	2019-12-25 13:59:00 +0300	dc915ca945be4e72ab274fdae19390c0	ba301b88a00f4cd6b3b7431e4a004386		2020 1/8 Sny55 Kira Bedeli				n	0/1	0/100	1970-01-01 02:00:00 +0200
B	2bed39c3908745dc93b80b5cc0525f1c	01b1322b286341f18f55ba4d2a213255	2021-04-01 12:19:39 +0300	2019-12-25 15:43:45 +0300	2019-12-25 13:59:00 +0300	dc915ca945be4e72ab274fdae19390c0	ba301b88a00f4cd6b3b7431e4a004386		2020 1/8 Sny55 Kira Bedeli				n	0/1	0/100	1970-01-01 02:00:00 +0200
===== END
===== START
R	2bed39c3908745dc93b80b5cc0525f1c	68a35ea83e054a499b48485c2c784390	2021-04-01 12:19:39 +0300	2019-12-25 15:43:45 +0300	2019-12-25 13:59:00 +0300	dc915ca945be4e72ab274fdae19390c0	ba301b88a00f4cd6b3b7431e4a004386		2020 1/8 Sny55 Kira Bedeli				n	0/1	0/100	1970-01-01 02:00:00 +0200
R	2bed39c3908745dc93b80b5cc0525f1c	01b1322b286341f18f55ba4d2a213255	2021-04-01 12:19:39 +0300	2019-12-25 15:43:45 +0300	2019-12-25 13:59:00 +0300	dc915ca945be4e72ab274fdae19390c0	ba301b88a00f4cd6b3b7431e4a004386		2020 1/8 Sny55 Kira Bedeli				n	0/1	0/100	1970-01-01 02:00:00 +0200
===== END
===== START
B	2bed39c3908745dc93b80b5cc0525f1c	68a35ea83e054a499b48485c2c784390	2021-04-01 12:19:39 +0300	2019-12-25 15:43:45 +0300	2019-12-25 13:59:00 +0300	dc915ca945be4e72ab274fdae19390c0	ba301b88a00f4cd6b3b7431e4a004386		2020 1/8 Sny55 Kira Bedeli				n	0/1	0/100	1970-01-01 02:00:00 +0200
B	2bed39c3908745dc93b80b5cc0525f1c	01b1322b286341f18f55ba4d2a213255	2021-04-01 12:19:39 +0300	2019-12-25 15:43:45 +0300	2019-12-25 13:59:00 +0300	dc915ca945be4e72ab274fdae19390c0	ba301b88a00f4cd6b3b7431e4a004386		2020 1/8 Sny55 Kira Bedeli				n	0/1	0/100	1970-01-01 02:00:00 +0200
===== END
===== START
R	2bed39c3908745dc93b80b5cc0525f1c	68a35ea83e054a499b48485c2c784390	2021-04-01 12:19:39 +0300	2019-12-25 15:43:45 +0300	2019-12-25 13:59:00 +0300	dc915ca945be4e72ab274fdae19390c0	ba301b88a00f4cd6b3b7431e4a004386		2020 1/8 Sny55 Kira Bedeli				n	0/1	0/100	1970-01-01 02:00:00 +0200
R	2bed39c3908745dc93b80b5cc0525f1c	01b1322b286341f18f55ba4d2a213255	2021-04-01 12:19:39 +0300	2019-12-25 15:43:45 +0300	2019-12-25 13:59:00 +0300	dc915ca945be4e72ab274fdae19390c0	ba301b88a00f4cd6b3b7431e4a004386		2020 1/8 Sny55 Kira Bedeli				n	0/1	0/100	1970-01-01 02:00:00 +0200
===== END
===== START
===== END
===== START
===== END
===== START
C	100c3543af7a47ed8298c1dffe09c4cd	25866e0e92174f438a6f4e9ebc43cc62	2021-04-01 13:02:26 +0300	2021-04-01 13:02:25 +0300	2021-04-01 13:59:00 +0300	a4ed7b76584a46328510340e7f6a9540	Hacı Murat Balcı						n	0/100	0/100	1970-01-01 02:00:00 +0200
C	100c3543af7a47ed8298c1dffe09c4cd	ff360ece2a644acf83542aff9b5e2585	2021-04-01 13:02:26 +0300	2021-04-01 13:02:25 +0300	2021-04-01 13:59:00 +0300	3a63f12134c244fa86b69fbbccbba3e0	Açık-TRY						n	0/100	0/100	1970-01-01 02:00:00 +0200
===== END
===== START
===== END
===== START
===== END
===== START
C	b194d5d526744e349db0232ac8664182	b5768590f3ff4480b79ca87c896848cc	2021-04-01 13:03:22 +0300	2021-04-01 13:02:25 +0300	2021-04-01 13:59:00 +0300	a4ed7b76584a46328510340e7f6a9540	Hacı Murat Balcı						n	0/100	0/100	1970-01-01 02:00:00 +0200
C	b194d5d526744e349db0232ac8664182	c851abf6ef5b4c80a7bb386c3ae541b5	2021-04-01 13:03:22 +0300	2021-04-01 13:02:25 +0300	2021-04-01 13:59:00 +0300	3a63f12134c244fa86b69fbbccbba3e0	Açık-TRY						n	0/100	0/100	1970-01-01 02:00:00 +0200
===== END
===== START
B	b194d5d526744e349db0232ac8664182	b5768590f3ff4480b79ca87c896848cc	2021-04-01 13:03:22 +0300	2021-04-01 13:02:25 +0300	2021-04-01 13:59:00 +0300	a4ed7b76584a46328510340e7f6a9540	Hacı Murat Balcı						n	0/100	0/100	1970-01-01 02:00:00 +0200
B	b194d5d526744e349db0232ac8664182	c851abf6ef5b4c80a7bb386c3ae541b5	2021-04-01 13:03:22 +0300	2021-04-01 13:02:25 +0300	2021-04-01 13:59:00 +0300	3a63f12134c244fa86b69fbbccbba3e0	Açık-TRY						n	0/100	0/100	1970-01-01 02:00:00 +0200
===== END
===== START
C	b194d5d526744e349db0232ac8664182	b5768590f3ff4480b79ca87c896848cc	2021-04-01 13:03:22 +0300	2021-04-01 13:02:25 +0300	2021-04-01 13:59:00 +0300	a4ed7b76584a46328510340e7f6a9540	Hacı Murat Balcı						n	0/100	0/100	1970-01-01 02:00:00 +0200
C	b194d5d526744e349db0232ac8664182	c851abf6ef5b4c80a7bb386c3ae541b5	2021-04-01 13:03:22 +0300	2021-04-01 13:02:25 +0300	2021-04-01 13:59:00 +0300	3a63f12134c244fa86b69fbbccbba3e0	Açık-TRY						n	0/100	0/100	1970-01-01 02:00:00 +0200
===== END
===== START
B	b194d5d526744e349db0232ac8664182	b5768590f3ff4480b79ca87c896848cc	2021-04-01 13:03:22 +0300	2021-04-01 13:02:25 +0300	2021-04-01 13:59:00 +0300	a4ed7b76584a46328510340e7f6a9540	Hacı Murat Balcı						n	0/100	0/100	1970-01-01 02:00:00 +0200
B	b194d5d526744e349db0232ac8664182	c851abf6ef5b4c80a7bb386c3ae541b5	2021-04-01 13:03:22 +0300	2021-04-01 13:02:25 +0300	2021-04-01 13:59:00 +0300	3a63f12134c244fa86b69fbbccbba3e0	Açık-TRY						n	0/100	0/100	1970-01-01 02:00:00 +0200
===== END
===== START
C	b194d5d526744e349db0232ac8664182	b5768590f3ff4480b79ca87c896848cc	2021-04-01 13:03:22 +0300	2021-04-01 13:02:25 +0300	2021-04-01 13:59:00 +0300	a4ed7b76584a46328510340e7f6a9540	Hacı Murat Balcı						n	0/100	0/100	1970-01-01 02:00:00 +0200
C	b194d5d526744e349db0232ac8664182	c851abf6ef5b4c80a7bb386c3ae541b5	2021-04-01 13:03:22 +0300	2021-04-01 13:02:25 +0300	2021-04-01 13:59:00 +0300	3a63f12134c244fa86b69fbbccbba3e0	Açık-TRY						n	0/100	0/100	1970-01-01 02:00:00 +0200
===== END
===== START
B	b194d5d526744e349db0232ac8664182	b5768590f3ff4480b79ca87c896848cc	2021-04-01 13:03:22 +0300	2021-04-01 13:02:25 +0300	2021-04-01 13:59:00 +0300	a4ed7b76584a46328510340e7f6a9540	Hacı Murat Balcı						n	0/100	0/100	1970-01-01 02:00:00 +0200
B	b194d5d526744e349db0232ac8664182	c851abf6ef5b4c80a7bb386c3ae541b5	2021-04-01 13:03:22 +0300	2021-04-01 13:02:25 +0300	2021-04-01 13:59:00 +0300	3a63f12134c244fa86b69fbbccbba3e0	Açık-TRY						n	0/100	0/100	1970-01-01 02:00:00 +0200
===== END
===== START
C	b194d5d526744e349db0232ac8664182	b5768590f3ff4480b79ca87c896848cc	2021-04-01 13:03:22 +0300	2021-04-01 13:02:25 +0300	2021-04-01 13:59:00 +0300	a4ed7b76584a46328510340e7f6a9540	Hacı Murat Balcı						n	0/100	0/100	1970-01-01 02:00:00 +0200
C	b194d5d526744e349db0232ac8664182	c851abf6ef5b4c80a7bb386c3ae541b5	2021-04-01 13:03:22 +0300	2021-04-01 13:02:25 +0300	2021-04-01 13:59:00 +0300	3a63f12134c244fa86b69fbbccbba3e0	Açık-TRY						n	0/100	0/100	1970-01-01 02:00:00 +0200
===== END
===== START
B	b194d5d526744e349db0232ac8664182	b5768590f3ff4480b79ca87c896848cc	2021-04-01 13:03:22 +0300	2021-04-01 13:02:25 +0300	2021-04-01 13:59:00 +0300	a4ed7b76584a46328510340e7f6a9540	Hacı Murat Balcı						n	0/100	0/100	1970-01-01 02:00:00 +0200
B	b194d5d526744e349db0232ac8664182	c851abf6ef5b4c80a7bb386c3ae541b5	2021-04-01 13:03:22 +0300	2021-04-01 13:02:25 +0300	2021-04-01 13:59:00 +0300	3a63f12134c244fa86b69fbbccbba3e0	Açık-TRY						n	0/100	0/100	1970-01-01 02:00:00 +0200
===== END
===== START
C	b194d5d526744e349db0232ac8664182	b5768590f3ff4480b79ca87c896848cc	2021-04-01 13:03:22 +0300	2021-04-01 13:03:22 +0300	2021-04-01 13:59:00 +0300	a4ed7b76584a46328510340e7f6a9540	Hacı Murat Balcı						n	0/100	0/100	1970-01-01 02:00:00 +0200
C	b194d5d526744e349db0232ac8664182	c851abf6ef5b4c80a7bb386c3ae541b5	2021-04-01 13:03:22 +0300	2021-04-01 13:03:22 +0300	2021-04-01 13:59:00 +0300	3a63f12134c244fa86b69fbbccbba3e0	Açık-TRY						n	0/100	0/100	1970-01-01 02:00:00 +0200
===== END
===== START
B	100c3543af7a47ed8298c1dffe09c4cd	25866e0e92174f438a6f4e9ebc43cc62	2021-04-01 13:03:30 +0300	2021-04-01 13:02:25 +0300	2021-04-01 13:59:00 +0300	a4ed7b76584a46328510340e7f6a9540	Hacı Murat Balcı						n	0/100	0/100	1970-01-01 02:00:00 +0200
B	100c3543af7a47ed8298c1dffe09c4cd	ff360ece2a644acf83542aff9b5e2585	2021-04-01 13:03:30 +0300	2021-04-01 13:02:25 +0300	2021-04-01 13:59:00 +0300	3a63f12134c244fa86b69fbbccbba3e0	Açık-TRY						n	0/100	0/100	1970-01-01 02:00:00 +0200
===== END
===== START
C	100c3543af7a47ed8298c1dffe09c4cd	25866e0e92174f438a6f4e9ebc43cc62	2021-04-01 13:03:30 +0300	2021-04-01 13:02:25 +0300	2021-04-01 13:59:00 +0300	a4ed7b76584a46328510340e7f6a9540	Hacı Murat Balcı						n	-100000/100	-100000/100	1970-01-01 02:00:00 +0200
C	100c3543af7a47ed8298c1dffe09c4cd	ff360ece2a644acf83542aff9b5e2585	2021-04-01 13:03:30 +0300	2021-04-01 13:02:25 +0300	2021-04-01 13:59:00 +0300	3a63f12134c244fa86b69fbbccbba3e0	Açık-TRY						n	100000/100	100000/100	1970-01-01 02:00:00 +0200
===== END
===== START
B	b194d5d526744e349db0232ac8664182	b5768590f3ff4480b79ca87c896848cc	2021-04-01 13:03:37 +0300	2021-04-01 13:03:22 +0300	2021-04-01 13:59:00 +0300	a4ed7b76584a46328510340e7f6a9540	Hacı Murat Balcı						n	0/100	0/100	1970-01-01 02:00:00 +0200
B	b194d5d526744e349db0232ac8664182	c851abf6ef5b4c80a7bb386c3ae541b5	2021-04-01 13:03:37 +0300	2021-04-01 13:03:22 +0300	2021-04-01 13:59:00 +0300	3a63f12134c244fa86b69fbbccbba3e0	Açık-TRY						n	0/100	0/100	1970-01-01 02:00:00 +0200
===== END
===== START
C	b194d5d526744e349db0232ac8664182	b5768590f3ff4480b79ca87c896848cc	2021-04-01 13:03:37 +0300	2021-04-01 13:03:22 +0300	2021-04-01 13:59:00 +0300	a4ed7b76584a46328510340e7f6a9540	Hacı Murat Balcı						n	100000/100	100000/100	1970-01-01 02:00:00 +0200
C	b194d5d526744e349db0232ac8664182	c851abf6ef5b4c80a7bb386c3ae541b5	2021-04-01 13:03:37 +0300	2021-04-01 13:03:22 +0300	2021-04-01 13:59:00 +0300	3a63f12134c244fa86b69fbbccbba3e0	Açık-TRY						n	-100000/100	-100000/100	1970-01-01 02:00:00 +0200
===== END
===== START
B	100c3543af7a47ed8298c1dffe09c4cd	ff360ece2a644acf83542aff9b5e2585	2021-04-01 13:05:03 +0300	2021-04-01 13:02:25 +0300	2021-04-01 13:59:00 +0300	3a63f12134c244fa86b69fbbccbba3e0	Açık-TRY						n	100000/100	100000/100	1970-01-01 02:00:00 +0200
B	100c3543af7a47ed8298c1dffe09c4cd	25866e0e92174f438a6f4e9ebc43cc62	2021-04-01 13:05:03 +0300	2021-04-01 13:02:25 +0300	2021-04-01 13:59:00 +0300	a4ed7b76584a46328510340e7f6a9540	Hacı Murat Balcı						n	-100000/100	-100000/100	1970-01-01 02:00:00 +0200
===== END
===== START
C	100c3543af7a47ed8298c1dffe09c4cd	ff360ece2a644acf83542aff9b5e2585	2021-04-01 13:05:03 +0300	2021-04-01 13:02:25 +0300	2021-04-01 13:59:00 +0300	6effe78fd28544cd9c54c5cc5bb61684	33 Aile						n	100000/100	100000/100	1970-01-01 02:00:00 +0200
C	100c3543af7a47ed8298c1dffe09c4cd	25866e0e92174f438a6f4e9ebc43cc62	2021-04-01 13:05:03 +0300	2021-04-01 13:02:25 +0300	2021-04-01 13:59:00 +0300	a4ed7b76584a46328510340e7f6a9540	Hacı Murat Balcı						n	-100000/100	-100000/100	1970-01-01 02:00:00 +0200
===== END
===== START
B	b194d5d526744e349db0232ac8664182	b5768590f3ff4480b79ca87c896848cc	2021-04-01 13:05:08 +0300	2021-04-01 13:03:22 +0300	2021-04-01 13:59:00 +0300	a4ed7b76584a46328510340e7f6a9540	Hacı Murat Balcı						n	100000/100	100000/100	1970-01-01 02:00:00 +0200
B	b194d5d526744e349db0232ac8664182	c851abf6ef5b4c80a7bb386c3ae541b5	2021-04-01 13:05:08 +0300	2021-04-01 13:03:22 +0300	2021-04-01 13:59:00 +0300	3a63f12134c244fa86b69fbbccbba3e0	Açık-TRY						n	-100000/100	-100000/100	1970-01-01 02:00:00 +0200
===== END
===== START
D	b194d5d526744e349db0232ac8664182	b5768590f3ff4480b79ca87c896848cc	2021-04-01 13:05:08 +0300	2021-04-01 13:03:22 +0300	2021-04-01 13:59:00 +0300	a4ed7b76584a46328510340e7f6a9540	Hacı Murat Balcı						n	100000/100	100000/100	1970-01-01 02:00:00 +0200
D	b194d5d526744e349db0232ac8664182	c851abf6ef5b4c80a7bb386c3ae541b5	2021-04-01 13:05:08 +0300	2021-04-01 13:03:22 +0300	2021-04-01 13:59:00 +0300	3a63f12134c244fa86b69fbbccbba3e0	Açık-TRY						n	-100000/100	-100000/100	1970-01-01 02:00:00 +0200
===== END
===== START
B	100c3543af7a47ed8298c1dffe09c4cd	ff360ece2a644acf83542aff9b5e2585	2021-04-01 13:05:12 +0300	2021-04-01 13:02:25 +0300	2021-04-01 13:59:00 +0300	6effe78fd28544cd9c54c5cc5bb61684	33 Aile						n	100000/100	100000/100	1970-01-01 02:00:00 +0200
B	100c3543af7a47ed8298c1dffe09c4cd	25866e0e92174f438a6f4e9ebc43cc62	2021-04-01 13:05:12 +0300	2021-04-01 13:02:25 +0300	2021-04-01 13:59:00 +0300	a4ed7b76584a46328510340e7f6a9540	Hacı Murat Balcı						n	-100000/100	-100000/100	1970-01-01 02:00:00 +0200
===== END
===== START
D	100c3543af7a47ed8298c1dffe09c4cd	ff360ece2a644acf83542aff9b5e2585	2021-04-01 13:05:12 +0300	2021-04-01 13:02:25 +0300	2021-04-01 13:59:00 +0300	6effe78fd28544cd9c54c5cc5bb61684	33 Aile						n	100000/100	100000/100	1970-01-01 02:00:00 +0200
D	100c3543af7a47ed8298c1dffe09c4cd	25866e0e92174f438a6f4e9ebc43cc62	2021-04-01 13:05:12 +0300	2021-04-01 13:02:25 +0300	2021-04-01 13:59:00 +0300	a4ed7b76584a46328510340e7f6a9540	Hacı Murat Balcı						n	-100000/100	-100000/100	1970-01-01 02:00:00 +0200
===== END
===== START
D	07aa4e2d62f14a63956d3fb3f3797e87	26ce4158a47b426d9bd924440036fa3e	2021-04-01 13:12:04 +0300	2021-04-01 13:12:04 +0300	2021-04-01 13:59:00 +0300								n	0/1	0/100	1970-01-01 02:00:00 +0200
===== END
===== START
D	45aed175c355408cbe0c1ee9ffd862b7	df16f39aa83d403588210276894d291e	2021-04-01 13:12:04 +0300	2021-04-01 13:12:04 +0300	2021-04-01 13:59:00 +0300								n	0/1	0/100	1970-01-01 02:00:00 +0200
===== END
