mod	trans_guid	split_guid	time_now	date_entered	date_posted	acc_guid	acc_name	num	description	notes	memo	action	reconciled	amount	value	date_reconciled
-----------------
===== START
B	71e5e57d3097456a886283dcb87aa4ee	2508c3fa292544e8a52ab8834ae7795a	2021-04-01 08:08:19 +0300	2019-12-25 14:47:33 +0300	2019-12-25 13:59:00 +0300	f9df8197d3194edfb63f3ba2eb17ebf6	73bac7009a4c42788ff6c52b08151fe5		Tzg Kira Ödemesi Ocak 2020 - Salih Kaymak				n	0/1	0/100	1970-01-01 02:00:00 +0200
B	71e5e57d3097456a886283dcb87aa4ee	310b6dc8048c426d9af57db756b4eee4	2021-04-01 08:08:19 +0300	2019-12-25 14:47:33 +0300	2019-12-25 13:59:00 +0300	f9df8197d3194edfb63f3ba2eb17ebf6	73bac7009a4c42788ff6c52b08151fe5		Tzg Kira Ödemesi Ocak 2020 - Salih Kaymak				n	0/1	0/100	1970-01-01 02:00:00 +0200
===== END
===== START
R	71e5e57d3097456a886283dcb87aa4ee	2508c3fa292544e8a52ab8834ae7795a	2021-04-01 08:08:19 +0300	2019-12-25 14:47:33 +0300	2019-12-25 13:59:00 +0300	f9df8197d3194edfb63f3ba2eb17ebf6	73bac7009a4c42788ff6c52b08151fe5		Tzg Kira Ödemesi Ocak 2020 - Salih Kaymak				n	0/1	0/100	1970-01-01 02:00:00 +0200
R	71e5e57d3097456a886283dcb87aa4ee	310b6dc8048c426d9af57db756b4eee4	2021-04-01 08:08:19 +0300	2019-12-25 14:47:33 +0300	2019-12-25 13:59:00 +0300	f9df8197d3194edfb63f3ba2eb17ebf6	73bac7009a4c42788ff6c52b08151fe5		Tzg Kira Ödemesi Ocak 2020 - Salih Kaymak				n	0/1	0/100	1970-01-01 02:00:00 +0200
===== END
===== START
B	71e5e57d3097456a886283dcb87aa4ee	2508c3fa292544e8a52ab8834ae7795a	2021-04-01 08:08:19 +0300	2019-12-25 14:47:33 +0300	2019-12-25 13:59:00 +0300	f9df8197d3194edfb63f3ba2eb17ebf6	73bac7009a4c42788ff6c52b08151fe5		Tzg Kira Ödemesi Ocak 2020 - Salih Kaymak				n	0/1	0/100	1970-01-01 02:00:00 +0200
B	71e5e57d3097456a886283dcb87aa4ee	310b6dc8048c426d9af57db756b4eee4	2021-04-01 08:08:19 +0300	2019-12-25 14:47:33 +0300	2019-12-25 13:59:00 +0300	f9df8197d3194edfb63f3ba2eb17ebf6	73bac7009a4c42788ff6c52b08151fe5		Tzg Kira Ödemesi Ocak 2020 - Salih Kaymak				n	0/1	0/100	1970-01-01 02:00:00 +0200
===== END
===== START
R	71e5e57d3097456a886283dcb87aa4ee	2508c3fa292544e8a52ab8834ae7795a	2021-04-01 08:08:19 +0300	2019-12-25 14:47:33 +0300	2019-12-25 13:59:00 +0300	f9df8197d3194edfb63f3ba2eb17ebf6	73bac7009a4c42788ff6c52b08151fe5		Tzg Kira Ödemesi Ocak 2020 - Salih Kaymak				n	0/1	0/100	1970-01-01 02:00:00 +0200
R	71e5e57d3097456a886283dcb87aa4ee	310b6dc8048c426d9af57db756b4eee4	2021-04-01 08:08:19 +0300	2019-12-25 14:47:33 +0300	2019-12-25 13:59:00 +0300	f9df8197d3194edfb63f3ba2eb17ebf6	73bac7009a4c42788ff6c52b08151fe5		Tzg Kira Ödemesi Ocak 2020 - Salih Kaymak				n	0/1	0/100	1970-01-01 02:00:00 +0200
===== END
===== START
B	2bed39c3908745dc93b80b5cc0525f1c	68a35ea83e054a499b48485c2c784390	2021-04-01 08:08:19 +0300	2019-12-25 15:43:45 +0300	2019-12-25 13:59:00 +0300	dc915ca945be4e72ab274fdae19390c0	ba301b88a00f4cd6b3b7431e4a004386		2020 1/8 Sny55 Kira Bedeli				n	0/1	0/100	1970-01-01 02:00:00 +0200
B	2bed39c3908745dc93b80b5cc0525f1c	01b1322b286341f18f55ba4d2a213255	2021-04-01 08:08:19 +0300	2019-12-25 15:43:45 +0300	2019-12-25 13:59:00 +0300	dc915ca945be4e72ab274fdae19390c0	ba301b88a00f4cd6b3b7431e4a004386		2020 1/8 Sny55 Kira Bedeli				n	0/1	0/100	1970-01-01 02:00:00 +0200
===== END
===== START
R	2bed39c3908745dc93b80b5cc0525f1c	68a35ea83e054a499b48485c2c784390	2021-04-01 08:08:19 +0300	2019-12-25 15:43:45 +0300	2019-12-25 13:59:00 +0300	dc915ca945be4e72ab274fdae19390c0	ba301b88a00f4cd6b3b7431e4a004386		2020 1/8 Sny55 Kira Bedeli				n	0/1	0/100	1970-01-01 02:00:00 +0200
R	2bed39c3908745dc93b80b5cc0525f1c	01b1322b286341f18f55ba4d2a213255	2021-04-01 08:08:19 +0300	2019-12-25 15:43:45 +0300	2019-12-25 13:59:00 +0300	dc915ca945be4e72ab274fdae19390c0	ba301b88a00f4cd6b3b7431e4a004386		2020 1/8 Sny55 Kira Bedeli				n	0/1	0/100	1970-01-01 02:00:00 +0200
===== END
===== START
B	2bed39c3908745dc93b80b5cc0525f1c	68a35ea83e054a499b48485c2c784390	2021-04-01 08:08:19 +0300	2019-12-25 15:43:45 +0300	2019-12-25 13:59:00 +0300	dc915ca945be4e72ab274fdae19390c0	ba301b88a00f4cd6b3b7431e4a004386		2020 1/8 Sny55 Kira Bedeli				n	0/1	0/100	1970-01-01 02:00:00 +0200
B	2bed39c3908745dc93b80b5cc0525f1c	01b1322b286341f18f55ba4d2a213255	2021-04-01 08:08:19 +0300	2019-12-25 15:43:45 +0300	2019-12-25 13:59:00 +0300	dc915ca945be4e72ab274fdae19390c0	ba301b88a00f4cd6b3b7431e4a004386		2020 1/8 Sny55 Kira Bedeli				n	0/1	0/100	1970-01-01 02:00:00 +0200
===== END
===== START
R	2bed39c3908745dc93b80b5cc0525f1c	68a35ea83e054a499b48485c2c784390	2021-04-01 08:08:19 +0300	2019-12-25 15:43:45 +0300	2019-12-25 13:59:00 +0300	dc915ca945be4e72ab274fdae19390c0	ba301b88a00f4cd6b3b7431e4a004386		2020 1/8 Sny55 Kira Bedeli				n	0/1	0/100	1970-01-01 02:00:00 +0200
R	2bed39c3908745dc93b80b5cc0525f1c	01b1322b286341f18f55ba4d2a213255	2021-04-01 08:08:19 +0300	2019-12-25 15:43:45 +0300	2019-12-25 13:59:00 +0300	dc915ca945be4e72ab274fdae19390c0	ba301b88a00f4cd6b3b7431e4a004386		2020 1/8 Sny55 Kira Bedeli				n	0/1	0/100	1970-01-01 02:00:00 +0200
===== END
===== START
===== END
===== START
===== END
===== START
===== END
===== START
D	ea8c143ac3d145ac9b83beceaf330501	4ddb5048fb7e44b8800452274a2cf124	2021-04-01 09:10:34 +0300	2021-04-01 09:10:34 +0300	2021-04-01 13:59:00 +0300								n	0/1	0/100	1970-01-01 02:00:00 +0200
===== END
===== START
D	f856785708fc43b5a67c7d16a466d9e4	ea3cd61d52264d5fabab446d7bd667e7	2021-04-01 09:10:36 +0300	2021-04-01 09:10:36 +0300	2021-04-01 13:59:00 +0300								n	0/1	0/100	1970-01-01 02:00:00 +0200
===== END
===== START
D	cc401d67b7414bb8aa7770c975f88e52	e7e210fdbfb442c6a3b141036cb82126	2021-04-01 09:10:37 +0300	2021-04-01 09:10:37 +0300	2021-04-01 13:59:00 +0300								n	0/1	0/100	1970-01-01 02:00:00 +0200
===== END
===== START
===== END
===== START
D	e425a63e4bf341b29b0934b835ac7f44	c321b162233147e2bcbce3eec035cb14	2021-04-01 09:10:44 +0300	2021-04-01 09:10:44 +0300	2021-04-01 13:59:00 +0300								n	0/1	0/100	1970-01-01 02:00:00 +0200
===== END
===== START
===== END
===== START
===== END
===== START
D	e3688101f3ba40e2bbdcc84e84723f0b	2155052061004695b95aeb76f33ae1f5	2021-04-01 09:24:05 +0300	2021-04-01 09:24:05 +0300	2021-04-01 13:59:00 +0300								n	0/1	0/100	1970-01-01 02:00:00 +0200
===== END
===== START
D	0b369744e665416c80f628d0ccb8e0e4	5eca38069344414a923a1133f2af9982	2021-04-01 09:24:07 +0300	2021-04-01 09:24:07 +0300	2021-04-01 13:59:00 +0300								n	0/1	0/100	1970-01-01 02:00:00 +0200
===== END
===== START
===== END
===== START
C	e9105a8d7ee241deb1d7f33555bddb86	fbbd5c97905242d4b1565c2a6e2f42ca	2021-04-01 09:27:53 +0300	2021-04-01 09:27:53 +0300	2021-04-01 13:59:00 +0300	a4ed7b76584a46328510340e7f6a9540	Hacı Murat Balcı	4					n	0/100	0/100	1970-01-01 02:00:00 +0200
===== END
===== START
===== END
===== START
B	cf90e94a8f5844ab8194a15d29e1f6df	06a9757c4e7e40fc896e25ba91f258c6	2021-04-01 09:28:12 +0300	2019-12-17 16:34:09 +0300	2019-12-18 13:59:00 +0300	a4ed7b76584a46328510340e7f6a9540	Hacı Murat Balcı		Doğuş İçimn Ödenen				n	17782228/100	17782228/100	1970-01-01 02:00:00 +0200
B	cf90e94a8f5844ab8194a15d29e1f6df	b5ae1d6f514d42b48a1a7cb76e8cd035	2021-04-01 09:28:12 +0300	2019-12-17 16:34:09 +0300	2019-12-18 13:59:00 +0300	e8992b33e9414155805e402e773cbaa4	Doğuş Ticaret		Doğuş İçimn Ödenen				n	-17782228/100	-17782228/100	1970-01-01 02:00:00 +0200
===== END
===== START
C	cf90e94a8f5844ab8194a15d29e1f6df	06a9757c4e7e40fc896e25ba91f258c6	2021-04-01 09:42:08 +0300	2019-12-17 16:34:09 +0300	2019-12-18 13:59:00 +0300	a4ed7b76584a46328510340e7f6a9540	Hacı Murat Balcı		Doğuş İçimn Ödenen			Alış	n	17782228/100	17782228/100	1970-01-01 02:00:00 +0200
C	cf90e94a8f5844ab8194a15d29e1f6df	b5ae1d6f514d42b48a1a7cb76e8cd035	2021-04-01 09:42:08 +0300	2019-12-17 16:34:09 +0300	2019-12-18 13:59:00 +0300	e8992b33e9414155805e402e773cbaa4	Doğuş Ticaret		Doğuş İçimn Ödenen			Özkaynak	n	-17782228/100	-17782228/100	1970-01-01 02:00:00 +0200
C	cf90e94a8f5844ab8194a15d29e1f6df	69fa63f2f6a9441a84d590e9e8034dc8	2021-04-01 09:42:08 +0300	2019-12-17 16:34:09 +0300	2019-12-18 13:59:00 +0300	3a63f12134c244fa86b69fbbccbba3e0	Açık-TRY		Doğuş İçimn Ödenen			Satış	n	0/100	0/100	1970-01-01 02:00:00 +0200
===== END
