mod	trans_guid	split_guid	time_now	date_entered	date_posted	acc_guid	acc_name	num	description	notes	memo	action	reconciled	amount	value	date_reconciled
-----------------
===== START
B	71e5e57d3097456a886283dcb87aa4ee	2508c3fa292544e8a52ab8834ae7795a	2021-03-31 09:00:55 +0300	2019-12-25 14:47:33 +0300	2019-12-25 13:59:00 +0300	f9df8197d3194edfb63f3ba2eb17ebf6	73bac7009a4c42788ff6c52b08151fe5		Tzg Kira Ödemesi Ocak 2020 - Salih Kaymak				n	0/1	0/100	1970-01-01 02:00:00 +0200
B	71e5e57d3097456a886283dcb87aa4ee	310b6dc8048c426d9af57db756b4eee4	2021-03-31 09:00:55 +0300	2019-12-25 14:47:33 +0300	2019-12-25 13:59:00 +0300	f9df8197d3194edfb63f3ba2eb17ebf6	73bac7009a4c42788ff6c52b08151fe5		Tzg Kira Ödemesi Ocak 2020 - Salih Kaymak				n	0/1	0/100	1970-01-01 02:00:00 +0200
===== END
===== START
R	71e5e57d3097456a886283dcb87aa4ee	2508c3fa292544e8a52ab8834ae7795a	2021-03-31 09:00:55 +0300	2019-12-25 14:47:33 +0300	2019-12-25 13:59:00 +0300	f9df8197d3194edfb63f3ba2eb17ebf6	73bac7009a4c42788ff6c52b08151fe5		Tzg Kira Ödemesi Ocak 2020 - Salih Kaymak				n	0/1	0/100	1970-01-01 02:00:00 +0200
R	71e5e57d3097456a886283dcb87aa4ee	310b6dc8048c426d9af57db756b4eee4	2021-03-31 09:00:55 +0300	2019-12-25 14:47:33 +0300	2019-12-25 13:59:00 +0300	f9df8197d3194edfb63f3ba2eb17ebf6	73bac7009a4c42788ff6c52b08151fe5		Tzg Kira Ödemesi Ocak 2020 - Salih Kaymak				n	0/1	0/100	1970-01-01 02:00:00 +0200
===== END
===== START
B	71e5e57d3097456a886283dcb87aa4ee	2508c3fa292544e8a52ab8834ae7795a	2021-03-31 09:00:55 +0300	2019-12-25 14:47:33 +0300	2019-12-25 13:59:00 +0300	f9df8197d3194edfb63f3ba2eb17ebf6	73bac7009a4c42788ff6c52b08151fe5		Tzg Kira Ödemesi Ocak 2020 - Salih Kaymak				n	0/1	0/100	1970-01-01 02:00:00 +0200
B	71e5e57d3097456a886283dcb87aa4ee	310b6dc8048c426d9af57db756b4eee4	2021-03-31 09:00:55 +0300	2019-12-25 14:47:33 +0300	2019-12-25 13:59:00 +0300	f9df8197d3194edfb63f3ba2eb17ebf6	73bac7009a4c42788ff6c52b08151fe5		Tzg Kira Ödemesi Ocak 2020 - Salih Kaymak				n	0/1	0/100	1970-01-01 02:00:00 +0200
===== END
===== START
R	71e5e57d3097456a886283dcb87aa4ee	2508c3fa292544e8a52ab8834ae7795a	2021-03-31 09:00:55 +0300	2019-12-25 14:47:33 +0300	2019-12-25 13:59:00 +0300	f9df8197d3194edfb63f3ba2eb17ebf6	73bac7009a4c42788ff6c52b08151fe5		Tzg Kira Ödemesi Ocak 2020 - Salih Kaymak				n	0/1	0/100	1970-01-01 02:00:00 +0200
R	71e5e57d3097456a886283dcb87aa4ee	310b6dc8048c426d9af57db756b4eee4	2021-03-31 09:00:55 +0300	2019-12-25 14:47:33 +0300	2019-12-25 13:59:00 +0300	f9df8197d3194edfb63f3ba2eb17ebf6	73bac7009a4c42788ff6c52b08151fe5		Tzg Kira Ödemesi Ocak 2020 - Salih Kaymak				n	0/1	0/100	1970-01-01 02:00:00 +0200
===== END
===== START
B	2bed39c3908745dc93b80b5cc0525f1c	68a35ea83e054a499b48485c2c784390	2021-03-31 09:00:55 +0300	2019-12-25 15:43:45 +0300	2019-12-25 13:59:00 +0300	dc915ca945be4e72ab274fdae19390c0	ba301b88a00f4cd6b3b7431e4a004386		2020 1/8 Sny55 Kira Bedeli				n	0/1	0/100	1970-01-01 02:00:00 +0200
B	2bed39c3908745dc93b80b5cc0525f1c	01b1322b286341f18f55ba4d2a213255	2021-03-31 09:00:55 +0300	2019-12-25 15:43:45 +0300	2019-12-25 13:59:00 +0300	dc915ca945be4e72ab274fdae19390c0	ba301b88a00f4cd6b3b7431e4a004386		2020 1/8 Sny55 Kira Bedeli				n	0/1	0/100	1970-01-01 02:00:00 +0200
===== END
===== START
R	2bed39c3908745dc93b80b5cc0525f1c	68a35ea83e054a499b48485c2c784390	2021-03-31 09:00:55 +0300	2019-12-25 15:43:45 +0300	2019-12-25 13:59:00 +0300	dc915ca945be4e72ab274fdae19390c0	ba301b88a00f4cd6b3b7431e4a004386		2020 1/8 Sny55 Kira Bedeli				n	0/1	0/100	1970-01-01 02:00:00 +0200
R	2bed39c3908745dc93b80b5cc0525f1c	01b1322b286341f18f55ba4d2a213255	2021-03-31 09:00:55 +0300	2019-12-25 15:43:45 +0300	2019-12-25 13:59:00 +0300	dc915ca945be4e72ab274fdae19390c0	ba301b88a00f4cd6b3b7431e4a004386		2020 1/8 Sny55 Kira Bedeli				n	0/1	0/100	1970-01-01 02:00:00 +0200
===== END
===== START
B	2bed39c3908745dc93b80b5cc0525f1c	68a35ea83e054a499b48485c2c784390	2021-03-31 09:00:55 +0300	2019-12-25 15:43:45 +0300	2019-12-25 13:59:00 +0300	dc915ca945be4e72ab274fdae19390c0	ba301b88a00f4cd6b3b7431e4a004386		2020 1/8 Sny55 Kira Bedeli				n	0/1	0/100	1970-01-01 02:00:00 +0200
B	2bed39c3908745dc93b80b5cc0525f1c	01b1322b286341f18f55ba4d2a213255	2021-03-31 09:00:55 +0300	2019-12-25 15:43:45 +0300	2019-12-25 13:59:00 +0300	dc915ca945be4e72ab274fdae19390c0	ba301b88a00f4cd6b3b7431e4a004386		2020 1/8 Sny55 Kira Bedeli				n	0/1	0/100	1970-01-01 02:00:00 +0200
===== END
===== START
R	2bed39c3908745dc93b80b5cc0525f1c	68a35ea83e054a499b48485c2c784390	2021-03-31 09:00:55 +0300	2019-12-25 15:43:45 +0300	2019-12-25 13:59:00 +0300	dc915ca945be4e72ab274fdae19390c0	ba301b88a00f4cd6b3b7431e4a004386		2020 1/8 Sny55 Kira Bedeli				n	0/1	0/100	1970-01-01 02:00:00 +0200
R	2bed39c3908745dc93b80b5cc0525f1c	01b1322b286341f18f55ba4d2a213255	2021-03-31 09:00:55 +0300	2019-12-25 15:43:45 +0300	2019-12-25 13:59:00 +0300	dc915ca945be4e72ab274fdae19390c0	ba301b88a00f4cd6b3b7431e4a004386		2020 1/8 Sny55 Kira Bedeli				n	0/1	0/100	1970-01-01 02:00:00 +0200
===== END
===== START
===== END
===== START
===== END
===== START
C	bfee7b3fdcf6482c9b0d2880dfdbad40	06ced6a0257746399513b12d8e5df3b1	2021-03-31 09:03:45 +0300	2021-03-31 09:03:45 +0300	2021-03-31 13:59:00 +0300	c0ea84ee2fd44713bec1e698c0db141f	101 Alınan Çek-Senet						n	0/100	0/100	1970-01-01 02:00:00 +0200
===== END
===== START
===== END
===== START
===== END
===== START
C	f004b6f5e3cc420784bd66a8baa45db7	5597d280e04a4d559331be990e3f9249	2021-03-31 09:05:05 +0300	2021-03-31 09:05:05 +0300	2021-02-25 13:59:00 +0300	1e668380cab1429fa862e24266e34791	1 DGS KASA						n	0/100	0/100	1970-01-01 02:00:00 +0200
===== END
===== START
===== END
===== START
B	11dbd87d490b444d831e5a2650873088	e19a3fcca1594aa08299de152ec5c9ce	2021-03-31 09:05:34 +0300	2021-03-10 08:50:19 +0300	2021-02-25 13:59:00 +0300	1e668380cab1429fa862e24266e34791	1 DGS KASA						n	200000/100	200000/100	1970-01-01 02:00:00 +0200
B	11dbd87d490b444d831e5a2650873088	8403b45b8f2c4c30aabb2e26f7d326a1	2021-03-31 09:05:34 +0300	2021-03-10 08:50:19 +0300	2021-02-25 13:59:00 +0300	26b64d880c184542bfc8084dca11f367	1 DGS Adem Duman						n	-200000/100	-200000/100	1970-01-01 02:00:00 +0200
===== END
===== START
C	11dbd87d490b444d831e5a2650873088	e19a3fcca1594aa08299de152ec5c9ce	2021-03-31 09:05:34 +0300	2021-03-10 08:50:19 +0300	2021-02-25 13:59:00 +0300	1e668380cab1429fa862e24266e34791	1 DGS KASA		Adem Duman senet 				n	200000/100	200000/100	1970-01-01 02:00:00 +0200
C	11dbd87d490b444d831e5a2650873088	8403b45b8f2c4c30aabb2e26f7d326a1	2021-03-31 09:05:34 +0300	2021-03-10 08:50:19 +0300	2021-02-25 13:59:00 +0300	26b64d880c184542bfc8084dca11f367	1 DGS Adem Duman		Adem Duman senet 				n	-200000/100	-200000/100	1970-01-01 02:00:00 +0200
===== END
===== START
B	f004b6f5e3cc420784bd66a8baa45db7	5597d280e04a4d559331be990e3f9249	2021-03-31 09:05:50 +0300	2021-03-31 09:05:05 +0300	2021-02-25 13:59:00 +0300	1e668380cab1429fa862e24266e34791	1 DGS KASA						n	0/100	0/100	1970-01-01 02:00:00 +0200
===== END
===== START
C	f004b6f5e3cc420784bd66a8baa45db7	5597d280e04a4d559331be990e3f9249	2021-03-31 09:05:50 +0300	2021-03-31 09:05:05 +0300	2021-02-25 13:59:00 +0300	1e668380cab1429fa862e24266e34791	1 DGS KASA		Adem Duman senet ödemesi				n	0/100	0/100	1970-01-01 02:00:00 +0200
===== END
===== START
B	f004b6f5e3cc420784bd66a8baa45db7	5597d280e04a4d559331be990e3f9249	2021-03-31 09:05:55 +0300	2021-03-31 09:05:05 +0300	2021-02-25 13:59:00 +0300	1e668380cab1429fa862e24266e34791	1 DGS KASA		Adem Duman senet ödemesi				n	0/100	0/100	1970-01-01 02:00:00 +0200
===== END
===== START
C	f004b6f5e3cc420784bd66a8baa45db7	5597d280e04a4d559331be990e3f9249	2021-03-31 09:05:55 +0300	2021-03-31 09:05:05 +0300	2021-02-25 13:59:00 +0300	1e668380cab1429fa862e24266e34791	1 DGS KASA		Adem Duman senet ödemesi				n	-200000/100	-200000/100	1970-01-01 02:00:00 +0200
C	f004b6f5e3cc420784bd66a8baa45db7	f4e9ff6d2d5d4590a7eeaff7cda8170c	2021-03-31 09:05:55 +0300	2021-03-31 09:05:05 +0300	2021-02-25 13:59:00 +0300	3a63f12134c244fa86b69fbbccbba3e0	Açık-TRY		Adem Duman senet ödemesi				n	200000/100	200000/100	1970-01-01 02:00:00 +0200
===== END
===== START
C	085f46b997b24c9f91b9679b2e6cd079	882e23225b6b462b9b1a529fc93c92d3	2021-03-31 09:06:04 +0300	2021-03-31 09:06:04 +0300	2021-03-31 13:59:00 +0300	1e668380cab1429fa862e24266e34791	1 DGS KASA						n	0/100	0/100	1970-01-01 02:00:00 +0200
===== END
===== START
===== END
===== START
B	085f46b997b24c9f91b9679b2e6cd079	882e23225b6b462b9b1a529fc93c92d3	2021-03-31 09:06:20 +0300	2021-03-31 09:06:04 +0300	2021-03-31 13:59:00 +0300	1e668380cab1429fa862e24266e34791	1 DGS KASA						n	0/100	0/100	1970-01-01 02:00:00 +0200
===== END
===== START
C	085f46b997b24c9f91b9679b2e6cd079	882e23225b6b462b9b1a529fc93c92d3	2021-03-31 09:06:20 +0300	2021-03-31 09:06:04 +0300	2021-03-31 13:59:00 +0300	1e668380cab1429fa862e24266e34791	1 DGS KASA		Adem Duman senet ödemesi				n	0/100	0/100	1970-01-01 02:00:00 +0200
===== END
===== START
B	f004b6f5e3cc420784bd66a8baa45db7	f4e9ff6d2d5d4590a7eeaff7cda8170c	2021-03-31 09:06:34 +0300	2021-03-31 09:05:05 +0300	2021-02-25 13:59:00 +0300	3a63f12134c244fa86b69fbbccbba3e0	Açık-TRY		Adem Duman senet ödemesi				n	200000/100	200000/100	1970-01-01 02:00:00 +0200
B	f004b6f5e3cc420784bd66a8baa45db7	5597d280e04a4d559331be990e3f9249	2021-03-31 09:06:34 +0300	2021-03-31 09:05:05 +0300	2021-02-25 13:59:00 +0300	1e668380cab1429fa862e24266e34791	1 DGS KASA		Adem Duman senet ödemesi				n	-200000/100	-200000/100	1970-01-01 02:00:00 +0200
===== END
===== START
D	f004b6f5e3cc420784bd66a8baa45db7	f4e9ff6d2d5d4590a7eeaff7cda8170c	2021-03-31 09:06:34 +0300	2021-03-31 09:05:05 +0300	2021-02-25 13:59:00 +0300	3a63f12134c244fa86b69fbbccbba3e0	Açık-TRY		Adem Duman senet ödemesi				n	200000/100	200000/100	1970-01-01 02:00:00 +0200
D	f004b6f5e3cc420784bd66a8baa45db7	5597d280e04a4d559331be990e3f9249	2021-03-31 09:06:34 +0300	2021-03-31 09:05:05 +0300	2021-02-25 13:59:00 +0300	1e668380cab1429fa862e24266e34791	1 DGS KASA		Adem Duman senet ödemesi				n	-200000/100	-200000/100	1970-01-01 02:00:00 +0200
===== END
===== START
B	085f46b997b24c9f91b9679b2e6cd079	882e23225b6b462b9b1a529fc93c92d3	2021-03-31 09:06:36 +0300	2021-03-31 09:06:04 +0300	2021-03-31 13:59:00 +0300	1e668380cab1429fa862e24266e34791	1 DGS KASA		Adem Duman senet ödemesi				n	0/100	0/100	1970-01-01 02:00:00 +0200
===== END
===== START
D	085f46b997b24c9f91b9679b2e6cd079	882e23225b6b462b9b1a529fc93c92d3	2021-03-31 09:06:36 +0300	2021-03-31 09:06:04 +0300	2021-03-31 13:59:00 +0300	1e668380cab1429fa862e24266e34791	1 DGS KASA		Adem Duman senet ödemesi				n	0/100	0/100	1970-01-01 02:00:00 +0200
===== END
===== START
C	45526039f1b44ad88bb5e8ac341767a4	1b6b690e695f4d94b37eb18fc23233b4	2021-03-31 09:07:15 +0300	2021-03-31 09:07:15 +0300	2021-03-31 13:59:00 +0300	1e668380cab1429fa862e24266e34791	1 DGS KASA		Adem Duman senet ödemesi				n	0/100	0/100	1970-01-01 02:00:00 +0200
===== END
===== START
===== END
===== START
C	74f7fd3c089d495ab53f74bd14b5123c	33274c345a9b45b1ab74b40b477425b2	2021-03-31 09:07:18 +0300	2021-03-31 09:07:18 +0300	2021-03-31 13:59:00 +0300	1e668380cab1429fa862e24266e34791	1 DGS KASA		Adem Duman senet ödemesi				n	0/100	0/100	1970-01-01 02:00:00 +0200
===== END
===== START
===== END
===== START
B	45526039f1b44ad88bb5e8ac341767a4	1b6b690e695f4d94b37eb18fc23233b4	2021-03-31 09:07:22 +0300	2021-03-31 09:07:15 +0300	2021-03-31 13:59:00 +0300	1e668380cab1429fa862e24266e34791	1 DGS KASA		Adem Duman senet ödemesi				n	0/100	0/100	1970-01-01 02:00:00 +0200
===== END
===== START
C	45526039f1b44ad88bb5e8ac341767a4	1b6b690e695f4d94b37eb18fc23233b4	2021-03-31 09:07:22 +0300	2021-03-31 09:07:15 +0300	2021-02-25 13:59:00 +0300	1e668380cab1429fa862e24266e34791	1 DGS KASA		Adem Duman senet ödemesi				n	0/100	0/100	1970-01-01 02:00:00 +0200
===== END
===== START
B	45526039f1b44ad88bb5e8ac341767a4	1b6b690e695f4d94b37eb18fc23233b4	2021-03-31 09:07:28 +0300	2021-03-31 09:07:15 +0300	2021-02-25 13:59:00 +0300	1e668380cab1429fa862e24266e34791	1 DGS KASA		Adem Duman senet ödemesi				n	0/100	0/100	1970-01-01 02:00:00 +0200
===== END
===== START
C	45526039f1b44ad88bb5e8ac341767a4	1b6b690e695f4d94b37eb18fc23233b4	2021-03-31 09:07:28 +0300	2021-03-31 09:07:15 +0300	2021-02-25 13:59:00 +0300	1e668380cab1429fa862e24266e34791	1 DGS KASA		Adem Duman senet ödemesi				n	-200000/100	-200000/100	1970-01-01 02:00:00 +0200
C	45526039f1b44ad88bb5e8ac341767a4	8bc5721781ad417681fdc099dee27fcb	2021-03-31 09:07:28 +0300	2021-03-31 09:07:15 +0300	2021-02-25 13:59:00 +0300	3a63f12134c244fa86b69fbbccbba3e0	Açık-TRY		Adem Duman senet ödemesi				n	200000/100	200000/100	1970-01-01 02:00:00 +0200
===== END
===== START
B	74f7fd3c089d495ab53f74bd14b5123c	33274c345a9b45b1ab74b40b477425b2	2021-03-31 09:07:38 +0300	2021-03-31 09:07:18 +0300	2021-03-31 13:59:00 +0300	1e668380cab1429fa862e24266e34791	1 DGS KASA		Adem Duman senet ödemesi				n	0/100	0/100	1970-01-01 02:00:00 +0200
===== END
===== START
C	74f7fd3c089d495ab53f74bd14b5123c	33274c345a9b45b1ab74b40b477425b2	2021-03-31 09:07:38 +0300	2021-03-31 09:07:18 +0300	2021-03-31 13:59:00 +0300	1e668380cab1429fa862e24266e34791	1 DGS KASA		Adem Duman senet ödemesi				n	-200000/100	-200000/100	1970-01-01 02:00:00 +0200
C	74f7fd3c089d495ab53f74bd14b5123c	ca5c0fd6986640fca0f2ee0333c65033	2021-03-31 09:07:38 +0300	2021-03-31 09:07:18 +0300	2021-03-31 13:59:00 +0300	3a63f12134c244fa86b69fbbccbba3e0	Açık-TRY		Adem Duman senet ödemesi				n	200000/100	200000/100	1970-01-01 02:00:00 +0200
===== END
===== START
B	81b791923b534ca28290aca695c7c32b	b484ba8f73dc4c98b1c41513c731102c	2021-03-31 09:08:54 +0300	2021-03-10 08:50:40 +0300	2021-03-30 13:59:00 +0300	c0ea84ee2fd44713bec1e698c0db141f	101 Alınan Çek-Senet						n	200000/100	200000/100	1970-01-01 02:00:00 +0200
B	81b791923b534ca28290aca695c7c32b	4304460b4e304e0ba2ee5124b6cccc7e	2021-03-31 09:08:54 +0300	2021-03-10 08:50:40 +0300	2021-03-30 13:59:00 +0300	26b64d880c184542bfc8084dca11f367	1 DGS Adem Duman						n	-200000/100	-200000/100	1970-01-01 02:00:00 +0200
===== END
===== START
C	81b791923b534ca28290aca695c7c32b	b484ba8f73dc4c98b1c41513c731102c	2021-03-31 09:08:54 +0300	2021-03-10 08:50:40 +0300	2021-03-30 13:59:00 +0300	c0ea84ee2fd44713bec1e698c0db141f	101 Alınan Çek-Senet		Adem Duman ilk kira bedeli				n	200000/100	200000/100	1970-01-01 02:00:00 +0200
C	81b791923b534ca28290aca695c7c32b	4304460b4e304e0ba2ee5124b6cccc7e	2021-03-31 09:08:54 +0300	2021-03-10 08:50:40 +0300	2021-03-30 13:59:00 +0300	26b64d880c184542bfc8084dca11f367	1 DGS Adem Duman		Adem Duman ilk kira bedeli				n	-200000/100	-200000/100	1970-01-01 02:00:00 +0200
===== END
===== START
B	2a2a3a3e0b6f4ad3bebb637bcb0bfdb4	cce28c53ca2c48038aa03f39031b0a1f	2021-03-31 09:09:03 +0300	2021-03-10 08:54:21 +0300	2021-03-30 13:59:00 +0300	1e668380cab1429fa862e24266e34791	1 DGS KASA						n	200000/100	200000/100	1970-01-01 02:00:00 +0200
B	2a2a3a3e0b6f4ad3bebb637bcb0bfdb4	80353dbc86984ff583a9624fe47520d7	2021-03-31 09:09:03 +0300	2021-03-10 08:54:21 +0300	2021-03-30 13:59:00 +0300	c0ea84ee2fd44713bec1e698c0db141f	101 Alınan Çek-Senet						n	-200000/100	-200000/100	1970-01-01 02:00:00 +0200
===== END
===== START
C	2a2a3a3e0b6f4ad3bebb637bcb0bfdb4	cce28c53ca2c48038aa03f39031b0a1f	2021-03-31 09:09:03 +0300	2021-03-10 08:54:21 +0300	2021-03-30 13:59:00 +0300	1e668380cab1429fa862e24266e34791	1 DGS KASA		Adem Duman ilk kira bedeli ödemesi				n	200000/100	200000/100	1970-01-01 02:00:00 +0200
C	2a2a3a3e0b6f4ad3bebb637bcb0bfdb4	80353dbc86984ff583a9624fe47520d7	2021-03-31 09:09:03 +0300	2021-03-10 08:54:21 +0300	2021-03-30 13:59:00 +0300	c0ea84ee2fd44713bec1e698c0db141f	101 Alınan Çek-Senet		Adem Duman ilk kira bedeli ödemesi				n	-200000/100	-200000/100	1970-01-01 02:00:00 +0200
===== END
===== START
B	11dbd87d490b444d831e5a2650873088	e19a3fcca1594aa08299de152ec5c9ce	2021-03-31 09:10:25 +0300	2021-03-10 08:50:19 +0300	2021-02-25 13:59:00 +0300	1e668380cab1429fa862e24266e34791	1 DGS KASA		Adem Duman senet 				n	200000/100	200000/100	1970-01-01 02:00:00 +0200
B	11dbd87d490b444d831e5a2650873088	8403b45b8f2c4c30aabb2e26f7d326a1	2021-03-31 09:10:25 +0300	2021-03-10 08:50:19 +0300	2021-02-25 13:59:00 +0300	26b64d880c184542bfc8084dca11f367	1 DGS Adem Duman		Adem Duman senet 				n	-200000/100	-200000/100	1970-01-01 02:00:00 +0200
===== END
===== START
C	11dbd87d490b444d831e5a2650873088	e19a3fcca1594aa08299de152ec5c9ce	2021-03-31 09:10:25 +0300	2021-03-10 08:50:19 +0300	2021-02-25 13:59:00 +0300	1e668380cab1429fa862e24266e34791	1 DGS KASA		Adem Duman Mart 2021 kira bedeli				n	200000/100	200000/100	1970-01-01 02:00:00 +0200
C	11dbd87d490b444d831e5a2650873088	8403b45b8f2c4c30aabb2e26f7d326a1	2021-03-31 09:10:25 +0300	2021-03-10 08:50:19 +0300	2021-02-25 13:59:00 +0300	26b64d880c184542bfc8084dca11f367	1 DGS Adem Duman		Adem Duman Mart 2021 kira bedeli				n	-200000/100	-200000/100	1970-01-01 02:00:00 +0200
===== END
===== START
B	81b791923b534ca28290aca695c7c32b	b484ba8f73dc4c98b1c41513c731102c	2021-03-31 09:10:32 +0300	2021-03-10 08:50:40 +0300	2021-03-30 13:59:00 +0300	c0ea84ee2fd44713bec1e698c0db141f	101 Alınan Çek-Senet		Adem Duman ilk kira bedeli				n	200000/100	200000/100	1970-01-01 02:00:00 +0200
B	81b791923b534ca28290aca695c7c32b	4304460b4e304e0ba2ee5124b6cccc7e	2021-03-31 09:10:32 +0300	2021-03-10 08:50:40 +0300	2021-03-30 13:59:00 +0300	26b64d880c184542bfc8084dca11f367	1 DGS Adem Duman		Adem Duman ilk kira bedeli				n	-200000/100	-200000/100	1970-01-01 02:00:00 +0200
===== END
===== START
C	81b791923b534ca28290aca695c7c32b	b484ba8f73dc4c98b1c41513c731102c	2021-03-31 09:10:32 +0300	2021-03-10 08:50:40 +0300	2021-03-30 13:59:00 +0300	c0ea84ee2fd44713bec1e698c0db141f	101 Alınan Çek-Senet		Adem Duman Nisan kira bedeli				n	200000/100	200000/100	1970-01-01 02:00:00 +0200
C	81b791923b534ca28290aca695c7c32b	4304460b4e304e0ba2ee5124b6cccc7e	2021-03-31 09:10:32 +0300	2021-03-10 08:50:40 +0300	2021-03-30 13:59:00 +0300	26b64d880c184542bfc8084dca11f367	1 DGS Adem Duman		Adem Duman Nisan kira bedeli				n	-200000/100	-200000/100	1970-01-01 02:00:00 +0200
===== END
===== START
B	45526039f1b44ad88bb5e8ac341767a4	8bc5721781ad417681fdc099dee27fcb	2021-03-31 09:11:25 +0300	2021-03-31 09:07:15 +0300	2021-02-25 13:59:00 +0300	3a63f12134c244fa86b69fbbccbba3e0	Açık-TRY		Adem Duman senet ödemesi				n	200000/100	200000/100	1970-01-01 02:00:00 +0200
B	45526039f1b44ad88bb5e8ac341767a4	1b6b690e695f4d94b37eb18fc23233b4	2021-03-31 09:11:25 +0300	2021-03-31 09:07:15 +0300	2021-02-25 13:59:00 +0300	1e668380cab1429fa862e24266e34791	1 DGS KASA		Adem Duman senet ödemesi				n	-200000/100	-200000/100	1970-01-01 02:00:00 +0200
===== END
===== START
D	45526039f1b44ad88bb5e8ac341767a4	8bc5721781ad417681fdc099dee27fcb	2021-03-31 09:11:25 +0300	2021-03-31 09:07:15 +0300	2021-02-25 13:59:00 +0300	3a63f12134c244fa86b69fbbccbba3e0	Açık-TRY		Adem Duman senet ödemesi				n	200000/100	200000/100	1970-01-01 02:00:00 +0200
D	45526039f1b44ad88bb5e8ac341767a4	1b6b690e695f4d94b37eb18fc23233b4	2021-03-31 09:11:25 +0300	2021-03-31 09:07:15 +0300	2021-02-25 13:59:00 +0300	1e668380cab1429fa862e24266e34791	1 DGS KASA		Adem Duman senet ödemesi				n	-200000/100	-200000/100	1970-01-01 02:00:00 +0200
===== END
===== START
B	2a2a3a3e0b6f4ad3bebb637bcb0bfdb4	cce28c53ca2c48038aa03f39031b0a1f	2021-03-31 09:11:29 +0300	2021-03-10 08:54:21 +0300	2021-03-30 13:59:00 +0300	1e668380cab1429fa862e24266e34791	1 DGS KASA		Adem Duman ilk kira bedeli ödemesi				n	200000/100	200000/100	1970-01-01 02:00:00 +0200
B	2a2a3a3e0b6f4ad3bebb637bcb0bfdb4	80353dbc86984ff583a9624fe47520d7	2021-03-31 09:11:29 +0300	2021-03-10 08:54:21 +0300	2021-03-30 13:59:00 +0300	c0ea84ee2fd44713bec1e698c0db141f	101 Alınan Çek-Senet		Adem Duman ilk kira bedeli ödemesi				n	-200000/100	-200000/100	1970-01-01 02:00:00 +0200
===== END
===== START
D	2a2a3a3e0b6f4ad3bebb637bcb0bfdb4	cce28c53ca2c48038aa03f39031b0a1f	2021-03-31 09:11:29 +0300	2021-03-10 08:54:21 +0300	2021-03-30 13:59:00 +0300	1e668380cab1429fa862e24266e34791	1 DGS KASA		Adem Duman ilk kira bedeli ödemesi				n	200000/100	200000/100	1970-01-01 02:00:00 +0200
D	2a2a3a3e0b6f4ad3bebb637bcb0bfdb4	80353dbc86984ff583a9624fe47520d7	2021-03-31 09:11:29 +0300	2021-03-10 08:54:21 +0300	2021-03-30 13:59:00 +0300	c0ea84ee2fd44713bec1e698c0db141f	101 Alınan Çek-Senet		Adem Duman ilk kira bedeli ödemesi				n	-200000/100	-200000/100	1970-01-01 02:00:00 +0200
===== END
===== START
B	74f7fd3c089d495ab53f74bd14b5123c	ca5c0fd6986640fca0f2ee0333c65033	2021-03-31 09:11:32 +0300	2021-03-31 09:07:18 +0300	2021-03-31 13:59:00 +0300	3a63f12134c244fa86b69fbbccbba3e0	Açık-TRY		Adem Duman senet ödemesi				n	200000/100	200000/100	1970-01-01 02:00:00 +0200
B	74f7fd3c089d495ab53f74bd14b5123c	33274c345a9b45b1ab74b40b477425b2	2021-03-31 09:11:32 +0300	2021-03-31 09:07:18 +0300	2021-03-31 13:59:00 +0300	1e668380cab1429fa862e24266e34791	1 DGS KASA		Adem Duman senet ödemesi				n	-200000/100	-200000/100	1970-01-01 02:00:00 +0200
===== END
===== START
D	74f7fd3c089d495ab53f74bd14b5123c	ca5c0fd6986640fca0f2ee0333c65033	2021-03-31 09:11:32 +0300	2021-03-31 09:07:18 +0300	2021-03-31 13:59:00 +0300	3a63f12134c244fa86b69fbbccbba3e0	Açık-TRY		Adem Duman senet ödemesi				n	200000/100	200000/100	1970-01-01 02:00:00 +0200
D	74f7fd3c089d495ab53f74bd14b5123c	33274c345a9b45b1ab74b40b477425b2	2021-03-31 09:11:32 +0300	2021-03-31 09:07:18 +0300	2021-03-31 13:59:00 +0300	1e668380cab1429fa862e24266e34791	1 DGS KASA		Adem Duman senet ödemesi				n	-200000/100	-200000/100	1970-01-01 02:00:00 +0200
===== END
===== START
D	1af6ed57f4c5405ab280ba32a347c722	5ec453fe2b094be899cffe1fae4ded32	2021-03-31 09:12:13 +0300	2021-03-31 09:12:13 +0300	2021-03-31 13:59:00 +0300								n	0/1	0/100	1970-01-01 02:00:00 +0200
===== END
===== START
B	bfee7b3fdcf6482c9b0d2880dfdbad40	06ced6a0257746399513b12d8e5df3b1	2021-03-31 09:12:43 +0300	2021-03-31 09:03:45 +0300	2021-03-31 13:59:00 +0300	c0ea84ee2fd44713bec1e698c0db141f	101 Alınan Çek-Senet						n	0/100	0/100	1970-01-01 02:00:00 +0200
===== END
===== START
C	bfee7b3fdcf6482c9b0d2880dfdbad40	06ced6a0257746399513b12d8e5df3b1	2021-03-31 09:12:43 +0300	2021-03-31 09:03:45 +0300	2021-03-31 13:59:00 +0300	c0ea84ee2fd44713bec1e698c0db141f	101 Alınan Çek-Senet		Adem Duman Nisan kira bedeli ödemesi				n	-200000/100	-200000/100	1970-01-01 02:00:00 +0200
C	bfee7b3fdcf6482c9b0d2880dfdbad40	23e76068a82849fd9718068103c001a9	2021-03-31 09:12:43 +0300	2021-03-31 09:03:45 +0300	2021-03-31 13:59:00 +0300	1e668380cab1429fa862e24266e34791	1 DGS KASA		Adem Duman Nisan kira bedeli ödemesi				n	200000/100	200000/100	1970-01-01 02:00:00 +0200
===== END
===== START
===== END
===== START
D	8e26a000fcbf4632b23c92131e53bb66	4efb61667b8f47e69983b57e422ca153	2021-03-31 09:13:07 +0300	2021-03-31 09:13:07 +0300	2021-03-31 13:59:00 +0300								n	0/1	0/100	1970-01-01 02:00:00 +0200
===== END
