mod	trans_guid	split_guid	time_now	date_entered	date_posted	acc_guid	acc_name	num	description	notes	memo	action	reconciled	amount	value	date_reconciled
-----------------
===== START
B	71e5e57d3097456a886283dcb87aa4ee	2508c3fa292544e8a52ab8834ae7795a	2021-03-10 08:46:51 +0300	2019-12-25 14:47:33 +0300	2019-12-25 13:59:00 +0300	f9df8197d3194edfb63f3ba2eb17ebf6	73bac7009a4c42788ff6c52b08151fe5		Tzg Kira Ödemesi Ocak 2020 - Salih Kaymak				n	0/1	0/100	1970-01-01 02:00:00 +0200
B	71e5e57d3097456a886283dcb87aa4ee	310b6dc8048c426d9af57db756b4eee4	2021-03-10 08:46:51 +0300	2019-12-25 14:47:33 +0300	2019-12-25 13:59:00 +0300	f9df8197d3194edfb63f3ba2eb17ebf6	73bac7009a4c42788ff6c52b08151fe5		Tzg Kira Ödemesi Ocak 2020 - Salih Kaymak				n	0/1	0/100	1970-01-01 02:00:00 +0200
===== END
===== START
R	71e5e57d3097456a886283dcb87aa4ee	2508c3fa292544e8a52ab8834ae7795a	2021-03-10 08:46:51 +0300	2019-12-25 14:47:33 +0300	2019-12-25 13:59:00 +0300	f9df8197d3194edfb63f3ba2eb17ebf6	73bac7009a4c42788ff6c52b08151fe5		Tzg Kira Ödemesi Ocak 2020 - Salih Kaymak				n	0/1	0/100	1970-01-01 02:00:00 +0200
R	71e5e57d3097456a886283dcb87aa4ee	310b6dc8048c426d9af57db756b4eee4	2021-03-10 08:46:51 +0300	2019-12-25 14:47:33 +0300	2019-12-25 13:59:00 +0300	f9df8197d3194edfb63f3ba2eb17ebf6	73bac7009a4c42788ff6c52b08151fe5		Tzg Kira Ödemesi Ocak 2020 - Salih Kaymak				n	0/1	0/100	1970-01-01 02:00:00 +0200
===== END
===== START
B	71e5e57d3097456a886283dcb87aa4ee	2508c3fa292544e8a52ab8834ae7795a	2021-03-10 08:46:51 +0300	2019-12-25 14:47:33 +0300	2019-12-25 13:59:00 +0300	f9df8197d3194edfb63f3ba2eb17ebf6	73bac7009a4c42788ff6c52b08151fe5		Tzg Kira Ödemesi Ocak 2020 - Salih Kaymak				n	0/1	0/100	1970-01-01 02:00:00 +0200
B	71e5e57d3097456a886283dcb87aa4ee	310b6dc8048c426d9af57db756b4eee4	2021-03-10 08:46:51 +0300	2019-12-25 14:47:33 +0300	2019-12-25 13:59:00 +0300	f9df8197d3194edfb63f3ba2eb17ebf6	73bac7009a4c42788ff6c52b08151fe5		Tzg Kira Ödemesi Ocak 2020 - Salih Kaymak				n	0/1	0/100	1970-01-01 02:00:00 +0200
===== END
===== START
R	71e5e57d3097456a886283dcb87aa4ee	2508c3fa292544e8a52ab8834ae7795a	2021-03-10 08:46:51 +0300	2019-12-25 14:47:33 +0300	2019-12-25 13:59:00 +0300	f9df8197d3194edfb63f3ba2eb17ebf6	73bac7009a4c42788ff6c52b08151fe5		Tzg Kira Ödemesi Ocak 2020 - Salih Kaymak				n	0/1	0/100	1970-01-01 02:00:00 +0200
R	71e5e57d3097456a886283dcb87aa4ee	310b6dc8048c426d9af57db756b4eee4	2021-03-10 08:46:51 +0300	2019-12-25 14:47:33 +0300	2019-12-25 13:59:00 +0300	f9df8197d3194edfb63f3ba2eb17ebf6	73bac7009a4c42788ff6c52b08151fe5		Tzg Kira Ödemesi Ocak 2020 - Salih Kaymak				n	0/1	0/100	1970-01-01 02:00:00 +0200
===== END
===== START
B	2bed39c3908745dc93b80b5cc0525f1c	68a35ea83e054a499b48485c2c784390	2021-03-10 08:46:51 +0300	2019-12-25 15:43:45 +0300	2019-12-25 13:59:00 +0300	dc915ca945be4e72ab274fdae19390c0	ba301b88a00f4cd6b3b7431e4a004386		2020 1/8 Sny55 Kira Bedeli				n	0/1	0/100	1970-01-01 02:00:00 +0200
B	2bed39c3908745dc93b80b5cc0525f1c	01b1322b286341f18f55ba4d2a213255	2021-03-10 08:46:51 +0300	2019-12-25 15:43:45 +0300	2019-12-25 13:59:00 +0300	dc915ca945be4e72ab274fdae19390c0	ba301b88a00f4cd6b3b7431e4a004386		2020 1/8 Sny55 Kira Bedeli				n	0/1	0/100	1970-01-01 02:00:00 +0200
===== END
===== START
R	2bed39c3908745dc93b80b5cc0525f1c	68a35ea83e054a499b48485c2c784390	2021-03-10 08:46:51 +0300	2019-12-25 15:43:45 +0300	2019-12-25 13:59:00 +0300	dc915ca945be4e72ab274fdae19390c0	ba301b88a00f4cd6b3b7431e4a004386		2020 1/8 Sny55 Kira Bedeli				n	0/1	0/100	1970-01-01 02:00:00 +0200
R	2bed39c3908745dc93b80b5cc0525f1c	01b1322b286341f18f55ba4d2a213255	2021-03-10 08:46:51 +0300	2019-12-25 15:43:45 +0300	2019-12-25 13:59:00 +0300	dc915ca945be4e72ab274fdae19390c0	ba301b88a00f4cd6b3b7431e4a004386		2020 1/8 Sny55 Kira Bedeli				n	0/1	0/100	1970-01-01 02:00:00 +0200
===== END
===== START
B	2bed39c3908745dc93b80b5cc0525f1c	68a35ea83e054a499b48485c2c784390	2021-03-10 08:46:51 +0300	2019-12-25 15:43:45 +0300	2019-12-25 13:59:00 +0300	dc915ca945be4e72ab274fdae19390c0	ba301b88a00f4cd6b3b7431e4a004386		2020 1/8 Sny55 Kira Bedeli				n	0/1	0/100	1970-01-01 02:00:00 +0200
B	2bed39c3908745dc93b80b5cc0525f1c	01b1322b286341f18f55ba4d2a213255	2021-03-10 08:46:51 +0300	2019-12-25 15:43:45 +0300	2019-12-25 13:59:00 +0300	dc915ca945be4e72ab274fdae19390c0	ba301b88a00f4cd6b3b7431e4a004386		2020 1/8 Sny55 Kira Bedeli				n	0/1	0/100	1970-01-01 02:00:00 +0200
===== END
===== START
R	2bed39c3908745dc93b80b5cc0525f1c	68a35ea83e054a499b48485c2c784390	2021-03-10 08:46:51 +0300	2019-12-25 15:43:45 +0300	2019-12-25 13:59:00 +0300	dc915ca945be4e72ab274fdae19390c0	ba301b88a00f4cd6b3b7431e4a004386		2020 1/8 Sny55 Kira Bedeli				n	0/1	0/100	1970-01-01 02:00:00 +0200
R	2bed39c3908745dc93b80b5cc0525f1c	01b1322b286341f18f55ba4d2a213255	2021-03-10 08:46:51 +0300	2019-12-25 15:43:45 +0300	2019-12-25 13:59:00 +0300	dc915ca945be4e72ab274fdae19390c0	ba301b88a00f4cd6b3b7431e4a004386		2020 1/8 Sny55 Kira Bedeli				n	0/1	0/100	1970-01-01 02:00:00 +0200
===== END
===== START
===== END
===== START
D	94bc0ed332eb4228a9fa40b20392df08	4bf8ebd0bfba4048bf25585b1ee7f72f	2021-03-10 08:47:33 +0300	2021-03-10 08:47:33 +0300	2021-03-10 13:59:00 +0300								n	0/1	0/100	1970-01-01 02:00:00 +0200
===== END
===== START
===== END
===== START
D	1017d8d3cc7c45b2bd091e5a0813f8db	7eaa1760869b4d868b7cdcef8d422398	2021-03-10 08:48:53 +0300	2021-03-10 08:48:53 +0300	2021-03-10 13:59:00 +0300								n	0/1	0/100	1970-01-01 02:00:00 +0200
===== END
===== START
===== END
===== START
===== END
===== START
C	d6b809fed0e449a1818944e7f3f0f486	bb567be7625d4f9cb709983cab1996e7	2021-03-10 08:49:29 +0300	2021-03-10 08:49:29 +0300	2021-02-25 13:59:00 +0300	26b64d880c184542bfc8084dca11f367	1 DGS Adem Duman						n	0/100	0/100	1970-01-01 02:00:00 +0200
===== END
===== START
===== END
===== START
B	d6b809fed0e449a1818944e7f3f0f486	bb567be7625d4f9cb709983cab1996e7	2021-03-10 08:49:57 +0300	2021-03-10 08:49:29 +0300	2021-02-25 13:59:00 +0300	26b64d880c184542bfc8084dca11f367	1 DGS Adem Duman						n	0/100	0/100	1970-01-01 02:00:00 +0200
===== END
===== START
C	d6b809fed0e449a1818944e7f3f0f486	bb567be7625d4f9cb709983cab1996e7	2021-03-10 08:49:57 +0300	2021-03-10 08:49:29 +0300	2021-02-25 13:59:00 +0300	26b64d880c184542bfc8084dca11f367	1 DGS Adem Duman						n	2400000/100	2400000/100	1970-01-01 02:00:00 +0200
C	d6b809fed0e449a1818944e7f3f0f486	2416a2eb8e844c009dce304a43dd1f00	2021-03-10 08:49:57 +0300	2021-03-10 08:49:29 +0300	2021-02-25 13:59:00 +0300	333ae359fa0b4d08a3ef594046b60f63	1 GLR DGS 						n	-2400000/100	-2400000/100	1970-01-01 02:00:00 +0200
===== END
===== START
C	11dbd87d490b444d831e5a2650873088	8403b45b8f2c4c30aabb2e26f7d326a1	2021-03-10 08:50:19 +0300	2021-03-10 08:50:19 +0300	2021-02-25 13:59:00 +0300	26b64d880c184542bfc8084dca11f367	1 DGS Adem Duman						n	-200000/100	-200000/100	1970-01-01 02:00:00 +0200
C	11dbd87d490b444d831e5a2650873088	e19a3fcca1594aa08299de152ec5c9ce	2021-03-10 08:50:19 +0300	2021-03-10 08:50:19 +0300	2021-02-25 13:59:00 +0300	1e668380cab1429fa862e24266e34791	1 DGS KASA						n	200000/100	200000/100	1970-01-01 02:00:00 +0200
===== END
===== START
===== END
===== START
C	81b791923b534ca28290aca695c7c32b	4304460b4e304e0ba2ee5124b6cccc7e	2021-03-10 08:50:40 +0300	2021-03-10 08:50:40 +0300	2021-02-25 13:59:00 +0300	26b64d880c184542bfc8084dca11f367	1 DGS Adem Duman						n	-200000/100	-200000/100	1970-01-01 02:00:00 +0200
C	81b791923b534ca28290aca695c7c32b	b484ba8f73dc4c98b1c41513c731102c	2021-03-10 08:50:40 +0300	2021-03-10 08:50:40 +0300	2021-02-25 13:59:00 +0300	c0ea84ee2fd44713bec1e698c0db141f	101 Alınan Çek-Senet						n	200000/100	200000/100	1970-01-01 02:00:00 +0200
===== END
===== START
===== END
===== START
C	a0f899d22c5a4889945925232f657ee6	7de99a278ebc4bc0aafd2d4b13bc7036	2021-03-10 08:50:51 +0300	2021-03-10 08:50:51 +0300	2021-02-25 13:59:00 +0300	26b64d880c184542bfc8084dca11f367	1 DGS Adem Duman						n	-200000/100	-200000/100	1970-01-01 02:00:00 +0200
C	a0f899d22c5a4889945925232f657ee6	f147e8eed02b42e6b46f8ca0fde2479d	2021-03-10 08:50:51 +0300	2021-03-10 08:50:51 +0300	2021-02-25 13:59:00 +0300	c0ea84ee2fd44713bec1e698c0db141f	101 Alınan Çek-Senet						n	200000/100	200000/100	1970-01-01 02:00:00 +0200
===== END
===== START
===== END
===== START
C	1058931e6a5c4a78845e40a66249092e	f61c3555663a481c85ee67eb793ade29	2021-03-10 08:50:59 +0300	2021-03-10 08:50:59 +0300	2021-02-25 13:59:00 +0300	26b64d880c184542bfc8084dca11f367	1 DGS Adem Duman						n	-200000/100	-200000/100	1970-01-01 02:00:00 +0200
C	1058931e6a5c4a78845e40a66249092e	2b93ab1eb3ba49a38388bd46374d938a	2021-03-10 08:50:59 +0300	2021-03-10 08:50:59 +0300	2021-02-25 13:59:00 +0300	c0ea84ee2fd44713bec1e698c0db141f	101 Alınan Çek-Senet						n	200000/100	200000/100	1970-01-01 02:00:00 +0200
===== END
===== START
===== END
===== START
C	0e75442e29504e1c9edc7fa631793a5e	aa61777cb4f54643869bf96bc3f1ce07	2021-03-10 08:51:09 +0300	2021-03-10 08:51:09 +0300	2021-02-25 13:59:00 +0300	26b64d880c184542bfc8084dca11f367	1 DGS Adem Duman						n	-200000/100	-200000/100	1970-01-01 02:00:00 +0200
C	0e75442e29504e1c9edc7fa631793a5e	f839678a61474d26b6859de1f0d62068	2021-03-10 08:51:09 +0300	2021-03-10 08:51:09 +0300	2021-02-25 13:59:00 +0300	c0ea84ee2fd44713bec1e698c0db141f	101 Alınan Çek-Senet						n	200000/100	200000/100	1970-01-01 02:00:00 +0200
===== END
===== START
===== END
===== START
C	00d1ca6720f241719d905a7a0d716105	267cc8dc02ed464991c0b38ef658a91b	2021-03-10 08:51:17 +0300	2021-03-10 08:51:17 +0300	2021-02-25 13:59:00 +0300	26b64d880c184542bfc8084dca11f367	1 DGS Adem Duman						n	-1400000/100	-1400000/100	1970-01-01 02:00:00 +0200
C	00d1ca6720f241719d905a7a0d716105	17d95185eda04226aa62c9d6819f0eb3	2021-03-10 08:51:17 +0300	2021-03-10 08:51:17 +0300	2021-02-25 13:59:00 +0300	c0ea84ee2fd44713bec1e698c0db141f	101 Alınan Çek-Senet						n	1400000/100	1400000/100	1970-01-01 02:00:00 +0200
===== END
===== START
===== END
===== START
B	81b791923b534ca28290aca695c7c32b	b484ba8f73dc4c98b1c41513c731102c	2021-03-10 08:51:29 +0300	2021-03-10 08:50:40 +0300	2021-02-25 13:59:00 +0300	c0ea84ee2fd44713bec1e698c0db141f	101 Alınan Çek-Senet						n	200000/100	200000/100	1970-01-01 02:00:00 +0200
B	81b791923b534ca28290aca695c7c32b	4304460b4e304e0ba2ee5124b6cccc7e	2021-03-10 08:51:29 +0300	2021-03-10 08:50:40 +0300	2021-02-25 13:59:00 +0300	26b64d880c184542bfc8084dca11f367	1 DGS Adem Duman						n	-200000/100	-200000/100	1970-01-01 02:00:00 +0200
===== END
===== START
C	81b791923b534ca28290aca695c7c32b	b484ba8f73dc4c98b1c41513c731102c	2021-03-10 08:51:29 +0300	2021-03-10 08:50:40 +0300	2021-03-30 13:59:00 +0300	c0ea84ee2fd44713bec1e698c0db141f	101 Alınan Çek-Senet						n	200000/100	200000/100	1970-01-01 02:00:00 +0200
C	81b791923b534ca28290aca695c7c32b	4304460b4e304e0ba2ee5124b6cccc7e	2021-03-10 08:51:29 +0300	2021-03-10 08:50:40 +0300	2021-03-30 13:59:00 +0300	26b64d880c184542bfc8084dca11f367	1 DGS Adem Duman						n	-200000/100	-200000/100	1970-01-01 02:00:00 +0200
===== END
===== START
B	1058931e6a5c4a78845e40a66249092e	2b93ab1eb3ba49a38388bd46374d938a	2021-03-10 08:51:34 +0300	2021-03-10 08:50:59 +0300	2021-02-25 13:59:00 +0300	c0ea84ee2fd44713bec1e698c0db141f	101 Alınan Çek-Senet						n	200000/100	200000/100	1970-01-01 02:00:00 +0200
B	1058931e6a5c4a78845e40a66249092e	f61c3555663a481c85ee67eb793ade29	2021-03-10 08:51:34 +0300	2021-03-10 08:50:59 +0300	2021-02-25 13:59:00 +0300	26b64d880c184542bfc8084dca11f367	1 DGS Adem Duman						n	-200000/100	-200000/100	1970-01-01 02:00:00 +0200
===== END
===== START
C	1058931e6a5c4a78845e40a66249092e	2b93ab1eb3ba49a38388bd46374d938a	2021-03-10 08:51:34 +0300	2021-03-10 08:50:59 +0300	2020-04-30 13:59:00 +0300	c0ea84ee2fd44713bec1e698c0db141f	101 Alınan Çek-Senet						n	200000/100	200000/100	1970-01-01 02:00:00 +0200
C	1058931e6a5c4a78845e40a66249092e	f61c3555663a481c85ee67eb793ade29	2021-03-10 08:51:34 +0300	2021-03-10 08:50:59 +0300	2020-04-30 13:59:00 +0300	26b64d880c184542bfc8084dca11f367	1 DGS Adem Duman						n	-200000/100	-200000/100	1970-01-01 02:00:00 +0200
===== END
===== START
B	0e75442e29504e1c9edc7fa631793a5e	f839678a61474d26b6859de1f0d62068	2021-03-10 08:51:37 +0300	2021-03-10 08:51:09 +0300	2021-02-25 13:59:00 +0300	c0ea84ee2fd44713bec1e698c0db141f	101 Alınan Çek-Senet						n	200000/100	200000/100	1970-01-01 02:00:00 +0200
B	0e75442e29504e1c9edc7fa631793a5e	aa61777cb4f54643869bf96bc3f1ce07	2021-03-10 08:51:37 +0300	2021-03-10 08:51:09 +0300	2021-02-25 13:59:00 +0300	26b64d880c184542bfc8084dca11f367	1 DGS Adem Duman						n	-200000/100	-200000/100	1970-01-01 02:00:00 +0200
===== END
===== START
C	0e75442e29504e1c9edc7fa631793a5e	f839678a61474d26b6859de1f0d62068	2021-03-10 08:51:37 +0300	2021-03-10 08:51:09 +0300	2020-05-30 13:59:00 +0300	c0ea84ee2fd44713bec1e698c0db141f	101 Alınan Çek-Senet						n	200000/100	200000/100	1970-01-01 02:00:00 +0200
C	0e75442e29504e1c9edc7fa631793a5e	aa61777cb4f54643869bf96bc3f1ce07	2021-03-10 08:51:37 +0300	2021-03-10 08:51:09 +0300	2020-05-30 13:59:00 +0300	26b64d880c184542bfc8084dca11f367	1 DGS Adem Duman						n	-200000/100	-200000/100	1970-01-01 02:00:00 +0200
===== END
===== START
B	00d1ca6720f241719d905a7a0d716105	17d95185eda04226aa62c9d6819f0eb3	2021-03-10 08:51:39 +0300	2021-03-10 08:51:17 +0300	2021-02-25 13:59:00 +0300	c0ea84ee2fd44713bec1e698c0db141f	101 Alınan Çek-Senet						n	1400000/100	1400000/100	1970-01-01 02:00:00 +0200
B	00d1ca6720f241719d905a7a0d716105	267cc8dc02ed464991c0b38ef658a91b	2021-03-10 08:51:39 +0300	2021-03-10 08:51:17 +0300	2021-02-25 13:59:00 +0300	26b64d880c184542bfc8084dca11f367	1 DGS Adem Duman						n	-1400000/100	-1400000/100	1970-01-01 02:00:00 +0200
===== END
===== START
C	00d1ca6720f241719d905a7a0d716105	17d95185eda04226aa62c9d6819f0eb3	2021-03-10 08:51:39 +0300	2021-03-10 08:51:17 +0300	2020-06-30 13:59:00 +0300	c0ea84ee2fd44713bec1e698c0db141f	101 Alınan Çek-Senet						n	1400000/100	1400000/100	1970-01-01 02:00:00 +0200
C	00d1ca6720f241719d905a7a0d716105	267cc8dc02ed464991c0b38ef658a91b	2021-03-10 08:51:39 +0300	2021-03-10 08:51:17 +0300	2020-06-30 13:59:00 +0300	26b64d880c184542bfc8084dca11f367	1 DGS Adem Duman						n	-1400000/100	-1400000/100	1970-01-01 02:00:00 +0200
===== END
===== START
B	1058931e6a5c4a78845e40a66249092e	2b93ab1eb3ba49a38388bd46374d938a	2021-03-10 08:51:54 +0300	2021-03-10 08:50:59 +0300	2020-04-30 13:59:00 +0300	c0ea84ee2fd44713bec1e698c0db141f	101 Alınan Çek-Senet						n	200000/100	200000/100	1970-01-01 02:00:00 +0200
B	1058931e6a5c4a78845e40a66249092e	f61c3555663a481c85ee67eb793ade29	2021-03-10 08:51:54 +0300	2021-03-10 08:50:59 +0300	2020-04-30 13:59:00 +0300	26b64d880c184542bfc8084dca11f367	1 DGS Adem Duman						n	-200000/100	-200000/100	1970-01-01 02:00:00 +0200
===== END
===== START
C	1058931e6a5c4a78845e40a66249092e	2b93ab1eb3ba49a38388bd46374d938a	2021-03-10 08:51:54 +0300	2021-03-10 08:50:59 +0300	2021-04-30 13:59:00 +0300	c0ea84ee2fd44713bec1e698c0db141f	101 Alınan Çek-Senet						n	200000/100	200000/100	1970-01-01 02:00:00 +0200
C	1058931e6a5c4a78845e40a66249092e	f61c3555663a481c85ee67eb793ade29	2021-03-10 08:51:54 +0300	2021-03-10 08:50:59 +0300	2021-04-30 13:59:00 +0300	26b64d880c184542bfc8084dca11f367	1 DGS Adem Duman						n	-200000/100	-200000/100	1970-01-01 02:00:00 +0200
===== END
===== START
B	0e75442e29504e1c9edc7fa631793a5e	f839678a61474d26b6859de1f0d62068	2021-03-10 08:51:59 +0300	2021-03-10 08:51:09 +0300	2020-05-30 13:59:00 +0300	c0ea84ee2fd44713bec1e698c0db141f	101 Alınan Çek-Senet						n	200000/100	200000/100	1970-01-01 02:00:00 +0200
B	0e75442e29504e1c9edc7fa631793a5e	aa61777cb4f54643869bf96bc3f1ce07	2021-03-10 08:51:59 +0300	2021-03-10 08:51:09 +0300	2020-05-30 13:59:00 +0300	26b64d880c184542bfc8084dca11f367	1 DGS Adem Duman						n	-200000/100	-200000/100	1970-01-01 02:00:00 +0200
===== END
===== START
C	0e75442e29504e1c9edc7fa631793a5e	f839678a61474d26b6859de1f0d62068	2021-03-10 08:51:59 +0300	2021-03-10 08:51:09 +0300	2021-05-30 13:59:00 +0300	c0ea84ee2fd44713bec1e698c0db141f	101 Alınan Çek-Senet						n	200000/100	200000/100	1970-01-01 02:00:00 +0200
C	0e75442e29504e1c9edc7fa631793a5e	aa61777cb4f54643869bf96bc3f1ce07	2021-03-10 08:51:59 +0300	2021-03-10 08:51:09 +0300	2021-05-30 13:59:00 +0300	26b64d880c184542bfc8084dca11f367	1 DGS Adem Duman						n	-200000/100	-200000/100	1970-01-01 02:00:00 +0200
===== END
===== START
B	00d1ca6720f241719d905a7a0d716105	17d95185eda04226aa62c9d6819f0eb3	2021-03-10 08:52:02 +0300	2021-03-10 08:51:17 +0300	2020-06-30 13:59:00 +0300	c0ea84ee2fd44713bec1e698c0db141f	101 Alınan Çek-Senet						n	1400000/100	1400000/100	1970-01-01 02:00:00 +0200
B	00d1ca6720f241719d905a7a0d716105	267cc8dc02ed464991c0b38ef658a91b	2021-03-10 08:52:02 +0300	2021-03-10 08:51:17 +0300	2020-06-30 13:59:00 +0300	26b64d880c184542bfc8084dca11f367	1 DGS Adem Duman						n	-1400000/100	-1400000/100	1970-01-01 02:00:00 +0200
===== END
===== START
C	00d1ca6720f241719d905a7a0d716105	17d95185eda04226aa62c9d6819f0eb3	2021-03-10 08:52:02 +0300	2021-03-10 08:51:17 +0300	2021-06-30 13:59:00 +0300	c0ea84ee2fd44713bec1e698c0db141f	101 Alınan Çek-Senet						n	1400000/100	1400000/100	1970-01-01 02:00:00 +0200
C	00d1ca6720f241719d905a7a0d716105	267cc8dc02ed464991c0b38ef658a91b	2021-03-10 08:52:02 +0300	2021-03-10 08:51:17 +0300	2021-06-30 13:59:00 +0300	26b64d880c184542bfc8084dca11f367	1 DGS Adem Duman						n	-1400000/100	-1400000/100	1970-01-01 02:00:00 +0200
===== END
===== START
B	a0f899d22c5a4889945925232f657ee6	f147e8eed02b42e6b46f8ca0fde2479d	2021-03-10 08:52:31 +0300	2021-03-10 08:50:51 +0300	2021-02-25 13:59:00 +0300	c0ea84ee2fd44713bec1e698c0db141f	101 Alınan Çek-Senet						n	200000/100	200000/100	1970-01-01 02:00:00 +0200
B	a0f899d22c5a4889945925232f657ee6	7de99a278ebc4bc0aafd2d4b13bc7036	2021-03-10 08:52:31 +0300	2021-03-10 08:50:51 +0300	2021-02-25 13:59:00 +0300	26b64d880c184542bfc8084dca11f367	1 DGS Adem Duman						n	-200000/100	-200000/100	1970-01-01 02:00:00 +0200
===== END
===== START
C	a0f899d22c5a4889945925232f657ee6	f147e8eed02b42e6b46f8ca0fde2479d	2021-03-10 08:52:31 +0300	2021-03-10 08:50:51 +0300	2020-06-30 13:59:00 +0300	c0ea84ee2fd44713bec1e698c0db141f	101 Alınan Çek-Senet						n	200000/100	200000/100	1970-01-01 02:00:00 +0200
C	a0f899d22c5a4889945925232f657ee6	7de99a278ebc4bc0aafd2d4b13bc7036	2021-03-10 08:52:31 +0300	2021-03-10 08:50:51 +0300	2020-06-30 13:59:00 +0300	26b64d880c184542bfc8084dca11f367	1 DGS Adem Duman						n	-200000/100	-200000/100	1970-01-01 02:00:00 +0200
===== END
===== START
B	a0f899d22c5a4889945925232f657ee6	f147e8eed02b42e6b46f8ca0fde2479d	2021-03-10 08:52:37 +0300	2021-03-10 08:50:51 +0300	2020-06-30 13:59:00 +0300	c0ea84ee2fd44713bec1e698c0db141f	101 Alınan Çek-Senet						n	200000/100	200000/100	1970-01-01 02:00:00 +0200
B	a0f899d22c5a4889945925232f657ee6	7de99a278ebc4bc0aafd2d4b13bc7036	2021-03-10 08:52:37 +0300	2021-03-10 08:50:51 +0300	2020-06-30 13:59:00 +0300	26b64d880c184542bfc8084dca11f367	1 DGS Adem Duman						n	-200000/100	-200000/100	1970-01-01 02:00:00 +0200
===== END
===== START
C	a0f899d22c5a4889945925232f657ee6	f147e8eed02b42e6b46f8ca0fde2479d	2021-03-10 08:52:37 +0300	2021-03-10 08:50:51 +0300	2021-06-30 13:59:00 +0300	c0ea84ee2fd44713bec1e698c0db141f	101 Alınan Çek-Senet						n	200000/100	200000/100	1970-01-01 02:00:00 +0200
C	a0f899d22c5a4889945925232f657ee6	7de99a278ebc4bc0aafd2d4b13bc7036	2021-03-10 08:52:37 +0300	2021-03-10 08:50:51 +0300	2021-06-30 13:59:00 +0300	26b64d880c184542bfc8084dca11f367	1 DGS Adem Duman						n	-200000/100	-200000/100	1970-01-01 02:00:00 +0200
===== END
===== START
B	a0f899d22c5a4889945925232f657ee6	f147e8eed02b42e6b46f8ca0fde2479d	2021-03-10 08:52:44 +0300	2021-03-10 08:50:51 +0300	2021-06-30 13:59:00 +0300	c0ea84ee2fd44713bec1e698c0db141f	101 Alınan Çek-Senet						n	200000/100	200000/100	1970-01-01 02:00:00 +0200
B	a0f899d22c5a4889945925232f657ee6	7de99a278ebc4bc0aafd2d4b13bc7036	2021-03-10 08:52:44 +0300	2021-03-10 08:50:51 +0300	2021-06-30 13:59:00 +0300	26b64d880c184542bfc8084dca11f367	1 DGS Adem Duman						n	-200000/100	-200000/100	1970-01-01 02:00:00 +0200
===== END
===== START
C	a0f899d22c5a4889945925232f657ee6	f147e8eed02b42e6b46f8ca0fde2479d	2021-03-10 08:52:44 +0300	2021-03-10 08:50:51 +0300	2021-07-30 13:59:00 +0300	c0ea84ee2fd44713bec1e698c0db141f	101 Alınan Çek-Senet						n	200000/100	200000/100	1970-01-01 02:00:00 +0200
C	a0f899d22c5a4889945925232f657ee6	7de99a278ebc4bc0aafd2d4b13bc7036	2021-03-10 08:52:44 +0300	2021-03-10 08:50:51 +0300	2021-07-30 13:59:00 +0300	26b64d880c184542bfc8084dca11f367	1 DGS Adem Duman						n	-200000/100	-200000/100	1970-01-01 02:00:00 +0200
===== END
===== START
B	00d1ca6720f241719d905a7a0d716105	17d95185eda04226aa62c9d6819f0eb3	2021-03-10 08:52:50 +0300	2021-03-10 08:51:17 +0300	2021-06-30 13:59:00 +0300	c0ea84ee2fd44713bec1e698c0db141f	101 Alınan Çek-Senet						n	1400000/100	1400000/100	1970-01-01 02:00:00 +0200
B	00d1ca6720f241719d905a7a0d716105	267cc8dc02ed464991c0b38ef658a91b	2021-03-10 08:52:50 +0300	2021-03-10 08:51:17 +0300	2021-06-30 13:59:00 +0300	26b64d880c184542bfc8084dca11f367	1 DGS Adem Duman						n	-1400000/100	-1400000/100	1970-01-01 02:00:00 +0200
===== END
===== START
C	00d1ca6720f241719d905a7a0d716105	17d95185eda04226aa62c9d6819f0eb3	2021-03-10 08:52:50 +0300	2021-03-10 08:51:17 +0300	2021-07-30 13:59:00 +0300	c0ea84ee2fd44713bec1e698c0db141f	101 Alınan Çek-Senet						n	1400000/100	1400000/100	1970-01-01 02:00:00 +0200
C	00d1ca6720f241719d905a7a0d716105	267cc8dc02ed464991c0b38ef658a91b	2021-03-10 08:52:50 +0300	2021-03-10 08:51:17 +0300	2021-07-30 13:59:00 +0300	26b64d880c184542bfc8084dca11f367	1 DGS Adem Duman						n	-1400000/100	-1400000/100	1970-01-01 02:00:00 +0200
===== END
===== START
B	a0f899d22c5a4889945925232f657ee6	f147e8eed02b42e6b46f8ca0fde2479d	2021-03-10 08:52:55 +0300	2021-03-10 08:50:51 +0300	2021-07-30 13:59:00 +0300	c0ea84ee2fd44713bec1e698c0db141f	101 Alınan Çek-Senet						n	200000/100	200000/100	1970-01-01 02:00:00 +0200
B	a0f899d22c5a4889945925232f657ee6	7de99a278ebc4bc0aafd2d4b13bc7036	2021-03-10 08:52:55 +0300	2021-03-10 08:50:51 +0300	2021-07-30 13:59:00 +0300	26b64d880c184542bfc8084dca11f367	1 DGS Adem Duman						n	-200000/100	-200000/100	1970-01-01 02:00:00 +0200
===== END
===== START
C	a0f899d22c5a4889945925232f657ee6	f147e8eed02b42e6b46f8ca0fde2479d	2021-03-10 08:52:55 +0300	2021-03-10 08:50:51 +0300	2021-06-30 13:59:00 +0300	c0ea84ee2fd44713bec1e698c0db141f	101 Alınan Çek-Senet						n	200000/100	200000/100	1970-01-01 02:00:00 +0200
C	a0f899d22c5a4889945925232f657ee6	7de99a278ebc4bc0aafd2d4b13bc7036	2021-03-10 08:52:55 +0300	2021-03-10 08:50:51 +0300	2021-06-30 13:59:00 +0300	26b64d880c184542bfc8084dca11f367	1 DGS Adem Duman						n	-200000/100	-200000/100	1970-01-01 02:00:00 +0200
===== END
===== START
D	bde393da7b0447b4bcd4ec30551aab1b	ce2f0bd2002b4d958e29a1ac206aa85c	2021-03-10 08:53:11 +0300	2021-03-10 08:53:11 +0300	2021-03-10 13:59:00 +0300								n	0/1	0/100	1970-01-01 02:00:00 +0200
===== END
===== START
===== END
===== START
C	2a2a3a3e0b6f4ad3bebb637bcb0bfdb4	80353dbc86984ff583a9624fe47520d7	2021-03-10 08:54:21 +0300	2021-03-10 08:54:21 +0300	2021-03-30 13:59:00 +0300	c0ea84ee2fd44713bec1e698c0db141f	101 Alınan Çek-Senet						n	0/100	0/100	1970-01-01 02:00:00 +0200
===== END
===== START
===== END
===== START
B	2a2a3a3e0b6f4ad3bebb637bcb0bfdb4	80353dbc86984ff583a9624fe47520d7	2021-03-10 08:54:38 +0300	2021-03-10 08:54:21 +0300	2021-03-30 13:59:00 +0300	c0ea84ee2fd44713bec1e698c0db141f	101 Alınan Çek-Senet						n	0/100	0/100	1970-01-01 02:00:00 +0200
===== END
===== START
C	2a2a3a3e0b6f4ad3bebb637bcb0bfdb4	80353dbc86984ff583a9624fe47520d7	2021-03-10 08:54:38 +0300	2021-03-10 08:54:21 +0300	2021-03-30 13:59:00 +0300	c0ea84ee2fd44713bec1e698c0db141f	101 Alınan Çek-Senet						n	-200000/100	-200000/100	1970-01-01 02:00:00 +0200
C	2a2a3a3e0b6f4ad3bebb637bcb0bfdb4	cce28c53ca2c48038aa03f39031b0a1f	2021-03-10 08:54:38 +0300	2021-03-10 08:54:21 +0300	2021-03-30 13:59:00 +0300	1e668380cab1429fa862e24266e34791	1 DGS KASA						n	200000/100	200000/100	1970-01-01 02:00:00 +0200
===== END
