mod	trans_guid	split_guid	time_now	date_entered	date_posted	acc_guid	acc_name	num	description	notes	memo	action	reconciled	amount	value	date_reconciled
-----------------
===== START
B	bafdcd945b5e4d54867c65c070275dbc	6ef4faa3a0b84adc9afb1db47f3c6db0	2021-04-01 10:30:21 +0300	2019-12-17 10:10:15 +0300	2019-12-17 13:59:00 +0300	6f7fba89bee94850892cf00e39f3ca1e	4 GM LA		HMB Lise Arkası Arsa (1/2)                                %25 Hisse				n	10000000/100	10000000/100	1970-01-01 02:00:00 +0200
B	bafdcd945b5e4d54867c65c070275dbc	6c9bbaa10f1b4dd59edfff5e5b25393a	2021-04-01 10:30:21 +0300	2019-12-17 10:10:15 +0300	2019-12-17 13:59:00 +0300	a4ed7b76584a46328510340e7f6a9540	Hacı Murat Balcı		HMB Lise Arkası Arsa (1/2)                                %25 Hisse				n	-10000000/100	-10000000/100	1970-01-01 02:00:00 +0200
===== END
===== START
C	bafdcd945b5e4d54867c65c070275dbc	6ef4faa3a0b84adc9afb1db47f3c6db0	2021-04-01 10:30:21 +0300	2019-12-17 10:10:15 +0300	2019-12-17 13:59:00 +0300	6f7fba89bee94850892cf00e39f3ca1e	4 GM LA		HMB Lise Arkası Arsa (1/2)                                %25 Hisse				n	10000000/100	10000000/100	1970-01-01 02:00:00 +0200
C	bafdcd945b5e4d54867c65c070275dbc	6c9bbaa10f1b4dd59edfff5e5b25393a	2021-04-01 10:30:21 +0300	2019-12-17 10:10:15 +0300	2019-12-17 13:59:00 +0300	a4ed7b76584a46328510340e7f6a9540	Hacı Murat Balcı		HMB Lise Arkası Arsa (1/2)                                %25 Hisse				c	-10000000/100	-10000000/100	1970-01-01 02:00:00 +0200
===== END
===== START
===== END
===== START
===== END
===== START
===== END
===== START
C	bbe9c53c88174c3db514b8abf5751ae9	fdb31cc5263248f78b4d070dba783d3a	2021-04-01 10:31:57 +0300	2021-04-01 10:31:57 +0300	2021-04-01 13:59:00 +0300	a4ed7b76584a46328510340e7f6a9540	Hacı Murat Balcı		Balancing entry from reconciliation				n	-46157139/100	-46157139/100	1970-01-01 02:00:00 +0200
C	bbe9c53c88174c3db514b8abf5751ae9	c606e9286d59420cbd994c63bb9b992c	2021-04-01 10:31:57 +0300	2021-04-01 10:31:57 +0300	2021-04-01 13:59:00 +0300	3a63f12134c244fa86b69fbbccbba3e0	Açık-TRY		Balancing entry from reconciliation				n	46157139/100	46157139/100	1970-01-01 02:00:00 +0200
===== END
===== START
B	bbe9c53c88174c3db514b8abf5751ae9	c606e9286d59420cbd994c63bb9b992c	2021-04-01 10:33:08 +0300	2021-04-01 10:31:57 +0300	2021-04-01 13:59:00 +0300	3a63f12134c244fa86b69fbbccbba3e0	Açık-TRY		Balancing entry from reconciliation				n	46157139/100	46157139/100	1970-01-01 02:00:00 +0200
B	bbe9c53c88174c3db514b8abf5751ae9	fdb31cc5263248f78b4d070dba783d3a	2021-04-01 10:33:08 +0300	2021-04-01 10:31:57 +0300	2021-04-01 13:59:00 +0300	a4ed7b76584a46328510340e7f6a9540	Hacı Murat Balcı		Balancing entry from reconciliation				n	-46157139/100	-46157139/100	1970-01-01 02:00:00 +0200
===== END
===== START
D	bbe9c53c88174c3db514b8abf5751ae9	c606e9286d59420cbd994c63bb9b992c	2021-04-01 10:33:08 +0300	2021-04-01 10:31:57 +0300	2021-04-01 13:59:00 +0300	3a63f12134c244fa86b69fbbccbba3e0	Açık-TRY		Balancing entry from reconciliation				n	46157139/100	46157139/100	1970-01-01 02:00:00 +0200
D	bbe9c53c88174c3db514b8abf5751ae9	fdb31cc5263248f78b4d070dba783d3a	2021-04-01 10:33:08 +0300	2021-04-01 10:31:57 +0300	2021-04-01 13:59:00 +0300	a4ed7b76584a46328510340e7f6a9540	Hacı Murat Balcı		Balancing entry from reconciliation				n	-46157139/100	-46157139/100	1970-01-01 02:00:00 +0200
===== END
===== START
D	2c2e16c4848d413893377004f9615c43	2e7371bf50614578a0a8b10ad45dd3bd	2021-04-01 10:33:16 +0300	2021-04-01 10:33:16 +0300	2021-04-01 13:59:00 +0300								n	0/1	0/100	1970-01-01 02:00:00 +0200
===== END
===== START
B	cf90e94a8f5844ab8194a15d29e1f6df	06a9757c4e7e40fc896e25ba91f258c6	2021-04-01 10:34:34 +0300	2019-12-17 16:34:09 +0300	2019-12-18 13:59:00 +0300	a4ed7b76584a46328510340e7f6a9540	Hacı Murat Balcı		Doğuş İçimn Ödenen			Alış	n	17782228/100	17782228/100	1970-01-01 02:00:00 +0200
B	cf90e94a8f5844ab8194a15d29e1f6df	69fa63f2f6a9441a84d590e9e8034dc8	2021-04-01 10:34:34 +0300	2019-12-17 16:34:09 +0300	2019-12-18 13:59:00 +0300	3a63f12134c244fa86b69fbbccbba3e0	Açık-TRY		Doğuş İçimn Ödenen			Satış	n	0/100	0/100	1970-01-01 02:00:00 +0200
B	cf90e94a8f5844ab8194a15d29e1f6df	b5ae1d6f514d42b48a1a7cb76e8cd035	2021-04-01 10:34:34 +0300	2019-12-17 16:34:09 +0300	2019-12-18 13:59:00 +0300	e8992b33e9414155805e402e773cbaa4	Doğuş Ticaret		Doğuş İçimn Ödenen			Özkaynak	n	-17782228/100	-17782228/100	1970-01-01 02:00:00 +0200
===== END
===== START
D	cf90e94a8f5844ab8194a15d29e1f6df	06a9757c4e7e40fc896e25ba91f258c6	2021-04-01 10:34:34 +0300	2019-12-17 16:34:09 +0300	2019-12-18 13:59:00 +0300	a4ed7b76584a46328510340e7f6a9540	Hacı Murat Balcı		Doğuş İçimn Ödenen			Alış	n	17782228/100	17782228/100	1970-01-01 02:00:00 +0200
D	cf90e94a8f5844ab8194a15d29e1f6df	69fa63f2f6a9441a84d590e9e8034dc8	2021-04-01 10:34:34 +0300	2019-12-17 16:34:09 +0300	2019-12-18 13:59:00 +0300	3a63f12134c244fa86b69fbbccbba3e0	Açık-TRY		Doğuş İçimn Ödenen			Satış	n	0/100	0/100	1970-01-01 02:00:00 +0200
D	cf90e94a8f5844ab8194a15d29e1f6df	b5ae1d6f514d42b48a1a7cb76e8cd035	2021-04-01 10:34:34 +0300	2019-12-17 16:34:09 +0300	2019-12-18 13:59:00 +0300	e8992b33e9414155805e402e773cbaa4	Doğuş Ticaret		Doğuş İçimn Ödenen			Özkaynak	n	-17782228/100	-17782228/100	1970-01-01 02:00:00 +0200
===== END
===== START
C	f2e7d21c8c7d43608eee75cf77a3ac08	b3394402af1340eab3c0eec93ba27db4	2021-04-01 10:35:40 +0300	2021-04-01 10:35:40 +0300	2021-04-01 13:59:00 +0300	a4ed7b76584a46328510340e7f6a9540	Hacı Murat Balcı		Doğuş kapanış için ödeme				n	0/100	0/100	1970-01-01 02:00:00 +0200
===== END
===== START
===== END
===== START
B	f2e7d21c8c7d43608eee75cf77a3ac08	b3394402af1340eab3c0eec93ba27db4	2021-04-01 10:36:02 +0300	2021-04-01 10:35:40 +0300	2021-04-01 13:59:00 +0300	a4ed7b76584a46328510340e7f6a9540	Hacı Murat Balcı		Doğuş kapanış için ödeme				n	0/100	0/100	1970-01-01 02:00:00 +0200
===== END
===== START
C	f2e7d21c8c7d43608eee75cf77a3ac08	b3394402af1340eab3c0eec93ba27db4	2021-04-01 10:36:02 +0300	2021-04-01 10:35:40 +0300	2021-04-01 13:59:00 +0300	a4ed7b76584a46328510340e7f6a9540	Hacı Murat Balcı		Doğuş kapanış için ödeme				n	0/100	0/100	1970-01-01 02:00:00 +0200
C	f2e7d21c8c7d43608eee75cf77a3ac08	fc222bf0b21e4eda9eb20587b73efc7c	2021-04-01 10:36:02 +0300	2021-04-01 10:35:40 +0300	2021-04-01 13:59:00 +0300	e8992b33e9414155805e402e773cbaa4	Doğuş Ticaret		Doğuş kapanış için ödeme				n	0/100	0/100	1970-01-01 02:00:00 +0200
===== END
===== START
B	f2e7d21c8c7d43608eee75cf77a3ac08	b3394402af1340eab3c0eec93ba27db4	2021-04-01 10:36:13 +0300	2021-04-01 10:35:40 +0300	2021-04-01 13:59:00 +0300	a4ed7b76584a46328510340e7f6a9540	Hacı Murat Balcı		Doğuş kapanış için ödeme				n	0/100	0/100	1970-01-01 02:00:00 +0200
B	f2e7d21c8c7d43608eee75cf77a3ac08	fc222bf0b21e4eda9eb20587b73efc7c	2021-04-01 10:36:13 +0300	2021-04-01 10:35:40 +0300	2021-04-01 13:59:00 +0300	e8992b33e9414155805e402e773cbaa4	Doğuş Ticaret		Doğuş kapanış için ödeme				n	0/100	0/100	1970-01-01 02:00:00 +0200
===== END
===== START
C	f2e7d21c8c7d43608eee75cf77a3ac08	b3394402af1340eab3c0eec93ba27db4	2021-04-01 10:36:13 +0300	2021-04-01 10:35:40 +0300	2021-04-01 13:59:00 +0300	a4ed7b76584a46328510340e7f6a9540	Hacı Murat Balcı		Doğuş kapanış için ödeme				n	17700000/100	17700000/100	1970-01-01 02:00:00 +0200
C	f2e7d21c8c7d43608eee75cf77a3ac08	fc222bf0b21e4eda9eb20587b73efc7c	2021-04-01 10:36:13 +0300	2021-04-01 10:35:40 +0300	2021-04-01 13:59:00 +0300	e8992b33e9414155805e402e773cbaa4	Doğuş Ticaret		Doğuş kapanış için ödeme				n	-17700000/100	-17700000/100	1970-01-01 02:00:00 +0200
===== END
===== START
B	f2e7d21c8c7d43608eee75cf77a3ac08	b3394402af1340eab3c0eec93ba27db4	2021-04-01 10:36:48 +0300	2021-04-01 10:35:40 +0300	2021-04-01 13:59:00 +0300	a4ed7b76584a46328510340e7f6a9540	Hacı Murat Balcı		Doğuş kapanış için ödeme				n	17700000/100	17700000/100	1970-01-01 02:00:00 +0200
B	f2e7d21c8c7d43608eee75cf77a3ac08	fc222bf0b21e4eda9eb20587b73efc7c	2021-04-01 10:36:48 +0300	2021-04-01 10:35:40 +0300	2021-04-01 13:59:00 +0300	e8992b33e9414155805e402e773cbaa4	Doğuş Ticaret		Doğuş kapanış için ödeme				n	-17700000/100	-17700000/100	1970-01-01 02:00:00 +0200
===== END
===== START
C	f2e7d21c8c7d43608eee75cf77a3ac08	b3394402af1340eab3c0eec93ba27db4	2021-04-01 10:36:48 +0300	2021-04-01 10:35:40 +0300	2021-04-01 13:59:00 +0300	a4ed7b76584a46328510340e7f6a9540	Hacı Murat Balcı		Doğuş kapanış için ödeme				n	17782228/100	17782228/100	1970-01-01 02:00:00 +0200
C	f2e7d21c8c7d43608eee75cf77a3ac08	fc222bf0b21e4eda9eb20587b73efc7c	2021-04-01 10:36:48 +0300	2021-04-01 10:35:40 +0300	2021-04-01 13:59:00 +0300	e8992b33e9414155805e402e773cbaa4	Doğuş Ticaret		Doğuş kapanış için ödeme				n	-17782228/100	-17782228/100	1970-01-01 02:00:00 +0200
===== END
===== START
D	b819d07e63764a3a81b6b06b1f853f7c	82a9eb10344d42a5b00f9bb575319e0b	2021-04-01 10:37:36 +0300	2021-04-01 10:37:36 +0300	2021-04-01 13:59:00 +0300								n	0/1	0/100	1970-01-01 02:00:00 +0200
===== END
===== START
===== END
===== START
B	772b2a2b0af740bf800442d0151e3148	9c50035d43cd483299c9e9fb21cf6435	2021-04-01 10:39:27 +0300	2019-12-17 16:37:16 +0300	2019-12-17 13:59:00 +0300	f9a33923eb1843d4921c01b86310a09b	İB YkmArka		Doğuş Kapanış Hesabı Ykm arka 2011-2019				n	2716000/100	2716000/100	1970-01-01 02:00:00 +0200
B	772b2a2b0af740bf800442d0151e3148	65e5556323f04c82b35800dbfd3ac3b6	2021-04-01 10:39:27 +0300	2019-12-17 16:37:16 +0300	2019-12-17 13:59:00 +0300	e8992b33e9414155805e402e773cbaa4	Doğuş Ticaret		Doğuş Kapanış Hesabı Ykm arka 2011-2019				n	-2716000/100	-2716000/100	1970-01-01 02:00:00 +0200
===== END
===== START
C	772b2a2b0af740bf800442d0151e3148	9c50035d43cd483299c9e9fb21cf6435	2021-04-01 10:39:27 +0300	2019-12-17 16:37:16 +0300	2019-12-17 13:59:00 +0300	f9a33923eb1843d4921c01b86310a09b	İB YkmArka		Doğuş Kapanış Hesabı Ykm arka 2011-2019				n	2716000/100	2716000/100	1970-01-01 02:00:00 +0200
C	772b2a2b0af740bf800442d0151e3148	65e5556323f04c82b35800dbfd3ac3b6	2021-04-01 10:39:27 +0300	2019-12-17 16:37:16 +0300	2019-12-17 13:59:00 +0300	e8992b33e9414155805e402e773cbaa4	Doğuş Ticaret		Doğuş Kapanış Hesabı Ykm arka 2011-2019				y	-2716000/100	-2716000/100	1970-01-01 02:00:00 +0200
===== END
===== START
B	772b2a2b0af740bf800442d0151e3148	9c50035d43cd483299c9e9fb21cf6435	2021-04-01 10:39:27 +0300	2019-12-17 16:37:16 +0300	2019-12-17 13:59:00 +0300	f9a33923eb1843d4921c01b86310a09b	İB YkmArka		Doğuş Kapanış Hesabı Ykm arka 2011-2019				n	2716000/100	2716000/100	1970-01-01 02:00:00 +0200
B	772b2a2b0af740bf800442d0151e3148	65e5556323f04c82b35800dbfd3ac3b6	2021-04-01 10:39:27 +0300	2019-12-17 16:37:16 +0300	2019-12-17 13:59:00 +0300	e8992b33e9414155805e402e773cbaa4	Doğuş Ticaret		Doğuş Kapanış Hesabı Ykm arka 2011-2019				y	-2716000/100	-2716000/100	1970-01-01 02:00:00 +0200
===== END
===== START
C	772b2a2b0af740bf800442d0151e3148	9c50035d43cd483299c9e9fb21cf6435	2021-04-01 10:39:27 +0300	2019-12-17 16:37:16 +0300	2019-12-17 13:59:00 +0300	f9a33923eb1843d4921c01b86310a09b	İB YkmArka		Doğuş Kapanış Hesabı Ykm arka 2011-2019				n	2716000/100	2716000/100	1970-01-01 02:00:00 +0200
C	772b2a2b0af740bf800442d0151e3148	65e5556323f04c82b35800dbfd3ac3b6	2021-04-01 10:39:27 +0300	2019-12-17 16:37:16 +0300	2019-12-17 13:59:00 +0300	e8992b33e9414155805e402e773cbaa4	Doğuş Ticaret		Doğuş Kapanış Hesabı Ykm arka 2011-2019				y	-2716000/100	-2716000/100	2021-04-01 23:59:59 +0300
===== END
===== START
B	f2e7d21c8c7d43608eee75cf77a3ac08	b3394402af1340eab3c0eec93ba27db4	2021-04-01 10:39:27 +0300	2021-04-01 10:35:40 +0300	2021-04-01 13:59:00 +0300	a4ed7b76584a46328510340e7f6a9540	Hacı Murat Balcı		Doğuş kapanış için ödeme				n	17782228/100	17782228/100	1970-01-01 02:00:00 +0200
B	f2e7d21c8c7d43608eee75cf77a3ac08	fc222bf0b21e4eda9eb20587b73efc7c	2021-04-01 10:39:27 +0300	2021-04-01 10:35:40 +0300	2021-04-01 13:59:00 +0300	e8992b33e9414155805e402e773cbaa4	Doğuş Ticaret		Doğuş kapanış için ödeme				n	-17782228/100	-17782228/100	1970-01-01 02:00:00 +0200
===== END
===== START
C	f2e7d21c8c7d43608eee75cf77a3ac08	b3394402af1340eab3c0eec93ba27db4	2021-04-01 10:39:27 +0300	2021-04-01 10:35:40 +0300	2021-04-01 13:59:00 +0300	a4ed7b76584a46328510340e7f6a9540	Hacı Murat Balcı		Doğuş kapanış için ödeme				n	17782228/100	17782228/100	1970-01-01 02:00:00 +0200
C	f2e7d21c8c7d43608eee75cf77a3ac08	fc222bf0b21e4eda9eb20587b73efc7c	2021-04-01 10:39:27 +0300	2021-04-01 10:35:40 +0300	2021-04-01 13:59:00 +0300	e8992b33e9414155805e402e773cbaa4	Doğuş Ticaret		Doğuş kapanış için ödeme				y	-17782228/100	-17782228/100	1970-01-01 02:00:00 +0200
===== END
===== START
B	f2e7d21c8c7d43608eee75cf77a3ac08	b3394402af1340eab3c0eec93ba27db4	2021-04-01 10:39:27 +0300	2021-04-01 10:35:40 +0300	2021-04-01 13:59:00 +0300	a4ed7b76584a46328510340e7f6a9540	Hacı Murat Balcı		Doğuş kapanış için ödeme				n	17782228/100	17782228/100	1970-01-01 02:00:00 +0200
B	f2e7d21c8c7d43608eee75cf77a3ac08	fc222bf0b21e4eda9eb20587b73efc7c	2021-04-01 10:39:27 +0300	2021-04-01 10:35:40 +0300	2021-04-01 13:59:00 +0300	e8992b33e9414155805e402e773cbaa4	Doğuş Ticaret		Doğuş kapanış için ödeme				y	-17782228/100	-17782228/100	1970-01-01 02:00:00 +0200
===== END
===== START
C	f2e7d21c8c7d43608eee75cf77a3ac08	b3394402af1340eab3c0eec93ba27db4	2021-04-01 10:39:27 +0300	2021-04-01 10:35:40 +0300	2021-04-01 13:59:00 +0300	a4ed7b76584a46328510340e7f6a9540	Hacı Murat Balcı		Doğuş kapanış için ödeme				n	17782228/100	17782228/100	1970-01-01 02:00:00 +0200
C	f2e7d21c8c7d43608eee75cf77a3ac08	fc222bf0b21e4eda9eb20587b73efc7c	2021-04-01 10:39:27 +0300	2021-04-01 10:35:40 +0300	2021-04-01 13:59:00 +0300	e8992b33e9414155805e402e773cbaa4	Doğuş Ticaret		Doğuş kapanış için ödeme				y	-17782228/100	-17782228/100	2021-04-01 23:59:59 +0300
===== END
===== START
B	9e153ccd43d7497796b74a9c57f9ab8b	5465626be9a84c6998a0f66d9e6412e1	2021-04-01 10:39:27 +0300	2019-12-17 15:38:01 +0300	2019-12-17 13:59:00 +0300	74a2fa209a594fb884dcb86e12969e92	İB YkmÖn		Doğuş Kapanış Hesabı Ykm ön 2011-2019				c	3014760/100	3014760/100	1970-01-01 02:00:00 +0200
B	9e153ccd43d7497796b74a9c57f9ab8b	43339880de8f4b569efbdfa26398a67e	2021-04-01 10:39:27 +0300	2019-12-17 15:38:01 +0300	2019-12-17 13:59:00 +0300	e8992b33e9414155805e402e773cbaa4	Doğuş Ticaret		Doğuş Kapanış Hesabı Ykm ön 2011-2019				n	-3014760/100	-3014760/100	1970-01-01 02:00:00 +0200
===== END
===== START
C	9e153ccd43d7497796b74a9c57f9ab8b	5465626be9a84c6998a0f66d9e6412e1	2021-04-01 10:39:27 +0300	2019-12-17 15:38:01 +0300	2019-12-17 13:59:00 +0300	74a2fa209a594fb884dcb86e12969e92	İB YkmÖn		Doğuş Kapanış Hesabı Ykm ön 2011-2019				c	3014760/100	3014760/100	1970-01-01 02:00:00 +0200
C	9e153ccd43d7497796b74a9c57f9ab8b	43339880de8f4b569efbdfa26398a67e	2021-04-01 10:39:27 +0300	2019-12-17 15:38:01 +0300	2019-12-17 13:59:00 +0300	e8992b33e9414155805e402e773cbaa4	Doğuş Ticaret		Doğuş Kapanış Hesabı Ykm ön 2011-2019				y	-3014760/100	-3014760/100	1970-01-01 02:00:00 +0200
===== END
===== START
B	9e153ccd43d7497796b74a9c57f9ab8b	5465626be9a84c6998a0f66d9e6412e1	2021-04-01 10:39:27 +0300	2019-12-17 15:38:01 +0300	2019-12-17 13:59:00 +0300	74a2fa209a594fb884dcb86e12969e92	İB YkmÖn		Doğuş Kapanış Hesabı Ykm ön 2011-2019				c	3014760/100	3014760/100	1970-01-01 02:00:00 +0200
B	9e153ccd43d7497796b74a9c57f9ab8b	43339880de8f4b569efbdfa26398a67e	2021-04-01 10:39:27 +0300	2019-12-17 15:38:01 +0300	2019-12-17 13:59:00 +0300	e8992b33e9414155805e402e773cbaa4	Doğuş Ticaret		Doğuş Kapanış Hesabı Ykm ön 2011-2019				y	-3014760/100	-3014760/100	1970-01-01 02:00:00 +0200
===== END
===== START
C	9e153ccd43d7497796b74a9c57f9ab8b	5465626be9a84c6998a0f66d9e6412e1	2021-04-01 10:39:27 +0300	2019-12-17 15:38:01 +0300	2019-12-17 13:59:00 +0300	74a2fa209a594fb884dcb86e12969e92	İB YkmÖn		Doğuş Kapanış Hesabı Ykm ön 2011-2019				c	3014760/100	3014760/100	1970-01-01 02:00:00 +0200
C	9e153ccd43d7497796b74a9c57f9ab8b	43339880de8f4b569efbdfa26398a67e	2021-04-01 10:39:27 +0300	2019-12-17 15:38:01 +0300	2019-12-17 13:59:00 +0300	e8992b33e9414155805e402e773cbaa4	Doğuş Ticaret		Doğuş Kapanış Hesabı Ykm ön 2011-2019				y	-3014760/100	-3014760/100	2021-04-01 23:59:59 +0300
===== END
===== START
B	919d0a468dbb47329dd4e411862228f2	8eb25c477651440789c68c86234b0cce	2021-04-01 10:39:27 +0300	2019-12-17 16:38:15 +0300	2019-12-17 13:59:00 +0300	a06de244a8be40edb0f2b8ae7498c483	İB Aygz 		Doğuş Kapanış Hesabı Aygaz 2011-2019				n	629370/100	629370/100	1970-01-01 02:00:00 +0200
B	919d0a468dbb47329dd4e411862228f2	cbcbcff123574d36ad23583f17bb8708	2021-04-01 10:39:27 +0300	2019-12-17 16:38:15 +0300	2019-12-17 13:59:00 +0300	e8992b33e9414155805e402e773cbaa4	Doğuş Ticaret		Doğuş Kapanış Hesabı Aygaz 2011-2019				n	-629370/100	-629370/100	1970-01-01 02:00:00 +0200
===== END
===== START
C	919d0a468dbb47329dd4e411862228f2	8eb25c477651440789c68c86234b0cce	2021-04-01 10:39:27 +0300	2019-12-17 16:38:15 +0300	2019-12-17 13:59:00 +0300	a06de244a8be40edb0f2b8ae7498c483	İB Aygz 		Doğuş Kapanış Hesabı Aygaz 2011-2019				n	629370/100	629370/100	1970-01-01 02:00:00 +0200
C	919d0a468dbb47329dd4e411862228f2	cbcbcff123574d36ad23583f17bb8708	2021-04-01 10:39:27 +0300	2019-12-17 16:38:15 +0300	2019-12-17 13:59:00 +0300	e8992b33e9414155805e402e773cbaa4	Doğuş Ticaret		Doğuş Kapanış Hesabı Aygaz 2011-2019				y	-629370/100	-629370/100	1970-01-01 02:00:00 +0200
===== END
===== START
B	919d0a468dbb47329dd4e411862228f2	8eb25c477651440789c68c86234b0cce	2021-04-01 10:39:27 +0300	2019-12-17 16:38:15 +0300	2019-12-17 13:59:00 +0300	a06de244a8be40edb0f2b8ae7498c483	İB Aygz 		Doğuş Kapanış Hesabı Aygaz 2011-2019				n	629370/100	629370/100	1970-01-01 02:00:00 +0200
B	919d0a468dbb47329dd4e411862228f2	cbcbcff123574d36ad23583f17bb8708	2021-04-01 10:39:27 +0300	2019-12-17 16:38:15 +0300	2019-12-17 13:59:00 +0300	e8992b33e9414155805e402e773cbaa4	Doğuş Ticaret		Doğuş Kapanış Hesabı Aygaz 2011-2019				y	-629370/100	-629370/100	1970-01-01 02:00:00 +0200
===== END
===== START
C	919d0a468dbb47329dd4e411862228f2	8eb25c477651440789c68c86234b0cce	2021-04-01 10:39:27 +0300	2019-12-17 16:38:15 +0300	2019-12-17 13:59:00 +0300	a06de244a8be40edb0f2b8ae7498c483	İB Aygz 		Doğuş Kapanış Hesabı Aygaz 2011-2019				n	629370/100	629370/100	1970-01-01 02:00:00 +0200
C	919d0a468dbb47329dd4e411862228f2	cbcbcff123574d36ad23583f17bb8708	2021-04-01 10:39:27 +0300	2019-12-17 16:38:15 +0300	2019-12-17 13:59:00 +0300	e8992b33e9414155805e402e773cbaa4	Doğuş Ticaret		Doğuş Kapanış Hesabı Aygaz 2011-2019				y	-629370/100	-629370/100	2021-04-01 23:59:59 +0300
===== END
===== START
B	609996d124c447d786f69dfe9d11d5e1	a13ed14f66a94edbb519cecc6c0586b5	2021-04-01 10:39:27 +0300	2019-12-17 16:37:59 +0300	2019-12-17 13:59:00 +0300	d0aeb4e6ca48404c96f7701f012673a1	İB Mlngz 		Doğuş Kapanış Hesabı Milangaz 2011-2019				n	989676/100	989676/100	1970-01-01 02:00:00 +0200
B	609996d124c447d786f69dfe9d11d5e1	8ac3bf266a7d4e4ca86c3a5938cdd885	2021-04-01 10:39:27 +0300	2019-12-17 16:37:59 +0300	2019-12-17 13:59:00 +0300	e8992b33e9414155805e402e773cbaa4	Doğuş Ticaret		Doğuş Kapanış Hesabı Milangaz 2011-2019				n	-989676/100	-989676/100	1970-01-01 02:00:00 +0200
===== END
===== START
C	609996d124c447d786f69dfe9d11d5e1	a13ed14f66a94edbb519cecc6c0586b5	2021-04-01 10:39:27 +0300	2019-12-17 16:37:59 +0300	2019-12-17 13:59:00 +0300	d0aeb4e6ca48404c96f7701f012673a1	İB Mlngz 		Doğuş Kapanış Hesabı Milangaz 2011-2019				n	989676/100	989676/100	1970-01-01 02:00:00 +0200
C	609996d124c447d786f69dfe9d11d5e1	8ac3bf266a7d4e4ca86c3a5938cdd885	2021-04-01 10:39:27 +0300	2019-12-17 16:37:59 +0300	2019-12-17 13:59:00 +0300	e8992b33e9414155805e402e773cbaa4	Doğuş Ticaret		Doğuş Kapanış Hesabı Milangaz 2011-2019				y	-989676/100	-989676/100	1970-01-01 02:00:00 +0200
===== END
===== START
B	609996d124c447d786f69dfe9d11d5e1	a13ed14f66a94edbb519cecc6c0586b5	2021-04-01 10:39:27 +0300	2019-12-17 16:37:59 +0300	2019-12-17 13:59:00 +0300	d0aeb4e6ca48404c96f7701f012673a1	İB Mlngz 		Doğuş Kapanış Hesabı Milangaz 2011-2019				n	989676/100	989676/100	1970-01-01 02:00:00 +0200
B	609996d124c447d786f69dfe9d11d5e1	8ac3bf266a7d4e4ca86c3a5938cdd885	2021-04-01 10:39:27 +0300	2019-12-17 16:37:59 +0300	2019-12-17 13:59:00 +0300	e8992b33e9414155805e402e773cbaa4	Doğuş Ticaret		Doğuş Kapanış Hesabı Milangaz 2011-2019				y	-989676/100	-989676/100	1970-01-01 02:00:00 +0200
===== END
===== START
C	609996d124c447d786f69dfe9d11d5e1	a13ed14f66a94edbb519cecc6c0586b5	2021-04-01 10:39:27 +0300	2019-12-17 16:37:59 +0300	2019-12-17 13:59:00 +0300	d0aeb4e6ca48404c96f7701f012673a1	İB Mlngz 		Doğuş Kapanış Hesabı Milangaz 2011-2019				n	989676/100	989676/100	1970-01-01 02:00:00 +0200
C	609996d124c447d786f69dfe9d11d5e1	8ac3bf266a7d4e4ca86c3a5938cdd885	2021-04-01 10:39:27 +0300	2019-12-17 16:37:59 +0300	2019-12-17 13:59:00 +0300	e8992b33e9414155805e402e773cbaa4	Doğuş Ticaret		Doğuş Kapanış Hesabı Milangaz 2011-2019				y	-989676/100	-989676/100	2021-04-01 23:59:59 +0300
===== END
===== START
B	9fabf9997d854829aaeb5526e6f10533	82ab8667091448f890ac8f62cd3383e5	2021-04-01 10:39:27 +0300	2019-12-17 16:32:57 +0300	2019-12-01 13:59:00 +0300	e8992b33e9414155805e402e773cbaa4	Doğuş Ticaret		Doğuş Ticaret borç ödemesi				n	25132034/100	25132034/100	1970-01-01 02:00:00 +0200
B	9fabf9997d854829aaeb5526e6f10533	ea2bdf145f714ecf9cf5c056ca1a3564	2021-04-01 10:39:27 +0300	2019-12-17 16:32:57 +0300	2019-12-01 13:59:00 +0300	deabaef30fc841ac9337e26a874ae856	100 KASA Nakit		Doğuş Ticaret borç ödemesi				n	-25132034/100	-25132034/100	1970-01-01 02:00:00 +0200
===== END
===== START
C	9fabf9997d854829aaeb5526e6f10533	82ab8667091448f890ac8f62cd3383e5	2021-04-01 10:39:27 +0300	2019-12-17 16:32:57 +0300	2019-12-01 13:59:00 +0300	e8992b33e9414155805e402e773cbaa4	Doğuş Ticaret		Doğuş Ticaret borç ödemesi				y	25132034/100	25132034/100	1970-01-01 02:00:00 +0200
C	9fabf9997d854829aaeb5526e6f10533	ea2bdf145f714ecf9cf5c056ca1a3564	2021-04-01 10:39:27 +0300	2019-12-17 16:32:57 +0300	2019-12-01 13:59:00 +0300	deabaef30fc841ac9337e26a874ae856	100 KASA Nakit		Doğuş Ticaret borç ödemesi				n	-25132034/100	-25132034/100	1970-01-01 02:00:00 +0200
===== END
===== START
B	9fabf9997d854829aaeb5526e6f10533	82ab8667091448f890ac8f62cd3383e5	2021-04-01 10:39:27 +0300	2019-12-17 16:32:57 +0300	2019-12-01 13:59:00 +0300	e8992b33e9414155805e402e773cbaa4	Doğuş Ticaret		Doğuş Ticaret borç ödemesi				y	25132034/100	25132034/100	1970-01-01 02:00:00 +0200
B	9fabf9997d854829aaeb5526e6f10533	ea2bdf145f714ecf9cf5c056ca1a3564	2021-04-01 10:39:27 +0300	2019-12-17 16:32:57 +0300	2019-12-01 13:59:00 +0300	deabaef30fc841ac9337e26a874ae856	100 KASA Nakit		Doğuş Ticaret borç ödemesi				n	-25132034/100	-25132034/100	1970-01-01 02:00:00 +0200
===== END
===== START
C	9fabf9997d854829aaeb5526e6f10533	82ab8667091448f890ac8f62cd3383e5	2021-04-01 10:39:27 +0300	2019-12-17 16:32:57 +0300	2019-12-01 13:59:00 +0300	e8992b33e9414155805e402e773cbaa4	Doğuş Ticaret		Doğuş Ticaret borç ödemesi				y	25132034/100	25132034/100	2021-04-01 23:59:59 +0300
C	9fabf9997d854829aaeb5526e6f10533	ea2bdf145f714ecf9cf5c056ca1a3564	2021-04-01 10:39:27 +0300	2019-12-17 16:32:57 +0300	2019-12-01 13:59:00 +0300	deabaef30fc841ac9337e26a874ae856	100 KASA Nakit		Doğuş Ticaret borç ödemesi				n	-25132034/100	-25132034/100	1970-01-01 02:00:00 +0200
===== END
===== START
B	e4db7f696abf4e6e9f77810e5c9d3731	d9aaa7ed9b224105a23f975a072d4102	2021-04-01 10:40:51 +0300	2019-12-17 09:51:27 +0300	2019-12-17 13:59:00 +0300	1fe781cf6ce74006b900c9941051bc50	2 GM TZG,		HMB Tuzgümrüğü				n	10000000/100	10000000/100	1970-01-01 02:00:00 +0200
B	e4db7f696abf4e6e9f77810e5c9d3731	4502bfc51418482a98f57230dae48498	2021-04-01 10:40:51 +0300	2019-12-17 09:51:27 +0300	2019-12-17 13:59:00 +0300	a4ed7b76584a46328510340e7f6a9540	Hacı Murat Balcı		HMB Tuzgümrüğü				n	-10000000/100	-10000000/100	1970-01-01 02:00:00 +0200
===== END
===== START
C	e4db7f696abf4e6e9f77810e5c9d3731	d9aaa7ed9b224105a23f975a072d4102	2021-04-01 10:40:51 +0300	2019-12-17 09:51:27 +0300	2019-12-17 13:59:00 +0300	1fe781cf6ce74006b900c9941051bc50	2 GM TZG,		HMB Tuzgümrüğü				n	10000000/100	10000000/100	1970-01-01 02:00:00 +0200
C	e4db7f696abf4e6e9f77810e5c9d3731	4502bfc51418482a98f57230dae48498	2021-04-01 10:40:51 +0300	2019-12-17 09:51:27 +0300	2019-12-17 13:59:00 +0300	a4ed7b76584a46328510340e7f6a9540	Hacı Murat Balcı		HMB Tuzgümrüğü				y	-10000000/100	-10000000/100	1970-01-01 02:00:00 +0200
===== END
===== START
B	e4db7f696abf4e6e9f77810e5c9d3731	d9aaa7ed9b224105a23f975a072d4102	2021-04-01 10:40:51 +0300	2019-12-17 09:51:27 +0300	2019-12-17 13:59:00 +0300	1fe781cf6ce74006b900c9941051bc50	2 GM TZG,		HMB Tuzgümrüğü				n	10000000/100	10000000/100	1970-01-01 02:00:00 +0200
B	e4db7f696abf4e6e9f77810e5c9d3731	4502bfc51418482a98f57230dae48498	2021-04-01 10:40:51 +0300	2019-12-17 09:51:27 +0300	2019-12-17 13:59:00 +0300	a4ed7b76584a46328510340e7f6a9540	Hacı Murat Balcı		HMB Tuzgümrüğü				y	-10000000/100	-10000000/100	1970-01-01 02:00:00 +0200
===== END
===== START
C	e4db7f696abf4e6e9f77810e5c9d3731	d9aaa7ed9b224105a23f975a072d4102	2021-04-01 10:40:51 +0300	2019-12-17 09:51:27 +0300	2019-12-17 13:59:00 +0300	1fe781cf6ce74006b900c9941051bc50	2 GM TZG,		HMB Tuzgümrüğü				n	10000000/100	10000000/100	1970-01-01 02:00:00 +0200
C	e4db7f696abf4e6e9f77810e5c9d3731	4502bfc51418482a98f57230dae48498	2021-04-01 10:40:51 +0300	2019-12-17 09:51:27 +0300	2019-12-17 13:59:00 +0300	a4ed7b76584a46328510340e7f6a9540	Hacı Murat Balcı		HMB Tuzgümrüğü				y	-10000000/100	-10000000/100	2021-04-01 23:59:59 +0300
===== END
===== START
B	b763a016ece447e89d98ed8b6fcab9c4	900f5006e6034432be8798f11636a78f	2021-04-01 10:40:51 +0300	2019-12-17 10:19:56 +0300	2019-12-17 13:59:00 +0300	005c4f626c114810b119ec769c8e4665	9 GM KMBT D3		HMB Kümbet Daire 2				n	4000000/100	4000000/100	1970-01-01 02:00:00 +0200
B	b763a016ece447e89d98ed8b6fcab9c4	8280cc3bea4c4ebdbb0c5d1ca53deecd	2021-04-01 10:40:51 +0300	2019-12-17 10:19:56 +0300	2019-12-17 13:59:00 +0300	a4ed7b76584a46328510340e7f6a9540	Hacı Murat Balcı		HMB Kümbet Daire 2				n	-4000000/100	-4000000/100	1970-01-01 02:00:00 +0200
===== END
===== START
C	b763a016ece447e89d98ed8b6fcab9c4	900f5006e6034432be8798f11636a78f	2021-04-01 10:40:51 +0300	2019-12-17 10:19:56 +0300	2019-12-17 13:59:00 +0300	005c4f626c114810b119ec769c8e4665	9 GM KMBT D3		HMB Kümbet Daire 2				n	4000000/100	4000000/100	1970-01-01 02:00:00 +0200
C	b763a016ece447e89d98ed8b6fcab9c4	8280cc3bea4c4ebdbb0c5d1ca53deecd	2021-04-01 10:40:51 +0300	2019-12-17 10:19:56 +0300	2019-12-17 13:59:00 +0300	a4ed7b76584a46328510340e7f6a9540	Hacı Murat Balcı		HMB Kümbet Daire 2				y	-4000000/100	-4000000/100	1970-01-01 02:00:00 +0200
===== END
===== START
B	b763a016ece447e89d98ed8b6fcab9c4	900f5006e6034432be8798f11636a78f	2021-04-01 10:40:51 +0300	2019-12-17 10:19:56 +0300	2019-12-17 13:59:00 +0300	005c4f626c114810b119ec769c8e4665	9 GM KMBT D3		HMB Kümbet Daire 2				n	4000000/100	4000000/100	1970-01-01 02:00:00 +0200
B	b763a016ece447e89d98ed8b6fcab9c4	8280cc3bea4c4ebdbb0c5d1ca53deecd	2021-04-01 10:40:51 +0300	2019-12-17 10:19:56 +0300	2019-12-17 13:59:00 +0300	a4ed7b76584a46328510340e7f6a9540	Hacı Murat Balcı		HMB Kümbet Daire 2				y	-4000000/100	-4000000/100	1970-01-01 02:00:00 +0200
===== END
===== START
C	b763a016ece447e89d98ed8b6fcab9c4	900f5006e6034432be8798f11636a78f	2021-04-01 10:40:51 +0300	2019-12-17 10:19:56 +0300	2019-12-17 13:59:00 +0300	005c4f626c114810b119ec769c8e4665	9 GM KMBT D3		HMB Kümbet Daire 2				n	4000000/100	4000000/100	1970-01-01 02:00:00 +0200
C	b763a016ece447e89d98ed8b6fcab9c4	8280cc3bea4c4ebdbb0c5d1ca53deecd	2021-04-01 10:40:51 +0300	2019-12-17 10:19:56 +0300	2019-12-17 13:59:00 +0300	a4ed7b76584a46328510340e7f6a9540	Hacı Murat Balcı		HMB Kümbet Daire 2				y	-4000000/100	-4000000/100	2021-04-01 23:59:59 +0300
===== END
===== START
B	858aaddf968b41708015c6ae46f5d25e	665299b5282243e2b02a880a50fcc3db	2021-04-01 10:40:51 +0300	2019-12-17 09:52:04 +0300	2019-01-01 13:59:00 +0300	4495abf93ac24f00a8dd6849810b5e39	3 GM SNY		HMB Doğuş Sanayi Sitesi Fabrika Arsa         %75,64 Hisse				n	34039367/100	34039367/100	1970-01-01 02:00:00 +0200
B	858aaddf968b41708015c6ae46f5d25e	ea71e5b9e61e4410be12c4935f2a7ccd	2021-04-01 10:40:51 +0300	2019-12-17 09:52:04 +0300	2019-01-01 13:59:00 +0300	a4ed7b76584a46328510340e7f6a9540	Hacı Murat Balcı		HMB Doğuş Sanayi Sitesi Fabrika Arsa         %75,64 Hisse				n	-34039367/100	-34039367/100	1970-01-01 02:00:00 +0200
===== END
===== START
C	858aaddf968b41708015c6ae46f5d25e	665299b5282243e2b02a880a50fcc3db	2021-04-01 10:40:51 +0300	2019-12-17 09:52:04 +0300	2019-01-01 13:59:00 +0300	4495abf93ac24f00a8dd6849810b5e39	3 GM SNY		HMB Doğuş Sanayi Sitesi Fabrika Arsa         %75,64 Hisse				n	34039367/100	34039367/100	1970-01-01 02:00:00 +0200
C	858aaddf968b41708015c6ae46f5d25e	ea71e5b9e61e4410be12c4935f2a7ccd	2021-04-01 10:40:51 +0300	2019-12-17 09:52:04 +0300	2019-01-01 13:59:00 +0300	a4ed7b76584a46328510340e7f6a9540	Hacı Murat Balcı		HMB Doğuş Sanayi Sitesi Fabrika Arsa         %75,64 Hisse				y	-34039367/100	-34039367/100	1970-01-01 02:00:00 +0200
===== END
===== START
B	858aaddf968b41708015c6ae46f5d25e	665299b5282243e2b02a880a50fcc3db	2021-04-01 10:40:51 +0300	2019-12-17 09:52:04 +0300	2019-01-01 13:59:00 +0300	4495abf93ac24f00a8dd6849810b5e39	3 GM SNY		HMB Doğuş Sanayi Sitesi Fabrika Arsa         %75,64 Hisse				n	34039367/100	34039367/100	1970-01-01 02:00:00 +0200
B	858aaddf968b41708015c6ae46f5d25e	ea71e5b9e61e4410be12c4935f2a7ccd	2021-04-01 10:40:51 +0300	2019-12-17 09:52:04 +0300	2019-01-01 13:59:00 +0300	a4ed7b76584a46328510340e7f6a9540	Hacı Murat Balcı		HMB Doğuş Sanayi Sitesi Fabrika Arsa         %75,64 Hisse				y	-34039367/100	-34039367/100	1970-01-01 02:00:00 +0200
===== END
===== START
C	858aaddf968b41708015c6ae46f5d25e	665299b5282243e2b02a880a50fcc3db	2021-04-01 10:40:51 +0300	2019-12-17 09:52:04 +0300	2019-01-01 13:59:00 +0300	4495abf93ac24f00a8dd6849810b5e39	3 GM SNY		HMB Doğuş Sanayi Sitesi Fabrika Arsa         %75,64 Hisse				n	34039367/100	34039367/100	1970-01-01 02:00:00 +0200
C	858aaddf968b41708015c6ae46f5d25e	ea71e5b9e61e4410be12c4935f2a7ccd	2021-04-01 10:40:51 +0300	2019-12-17 09:52:04 +0300	2019-01-01 13:59:00 +0300	a4ed7b76584a46328510340e7f6a9540	Hacı Murat Balcı		HMB Doğuş Sanayi Sitesi Fabrika Arsa         %75,64 Hisse				y	-34039367/100	-34039367/100	2021-04-01 23:59:59 +0300
===== END
===== START
B	8ab8d6cc84634b698681fd72f0568977	5a04bec9ec8d486d987b349e3abeb89e	2021-04-01 10:40:51 +0300	2019-12-17 10:17:49 +0300	2019-12-17 13:59:00 +0300	83f1edcafe5c4f3e896307c132bac74f	7 GM Aslı Sokak		HM Balcı Kümbet Aslı Sokak				n	100000/100	100000/100	1970-01-01 02:00:00 +0200
B	8ab8d6cc84634b698681fd72f0568977	149fb2430d1a4b2ba0c087a873e1903e	2021-04-01 10:40:51 +0300	2019-12-17 10:17:49 +0300	2019-12-17 13:59:00 +0300	a4ed7b76584a46328510340e7f6a9540	Hacı Murat Balcı		HM Balcı Kümbet Aslı Sokak				n	-100000/100	-100000/100	1970-01-01 02:00:00 +0200
===== END
===== START
C	8ab8d6cc84634b698681fd72f0568977	5a04bec9ec8d486d987b349e3abeb89e	2021-04-01 10:40:51 +0300	2019-12-17 10:17:49 +0300	2019-12-17 13:59:00 +0300	83f1edcafe5c4f3e896307c132bac74f	7 GM Aslı Sokak		HM Balcı Kümbet Aslı Sokak				n	100000/100	100000/100	1970-01-01 02:00:00 +0200
C	8ab8d6cc84634b698681fd72f0568977	149fb2430d1a4b2ba0c087a873e1903e	2021-04-01 10:40:51 +0300	2019-12-17 10:17:49 +0300	2019-12-17 13:59:00 +0300	a4ed7b76584a46328510340e7f6a9540	Hacı Murat Balcı		HM Balcı Kümbet Aslı Sokak				y	-100000/100	-100000/100	1970-01-01 02:00:00 +0200
===== END
===== START
B	8ab8d6cc84634b698681fd72f0568977	5a04bec9ec8d486d987b349e3abeb89e	2021-04-01 10:40:51 +0300	2019-12-17 10:17:49 +0300	2019-12-17 13:59:00 +0300	83f1edcafe5c4f3e896307c132bac74f	7 GM Aslı Sokak		HM Balcı Kümbet Aslı Sokak				n	100000/100	100000/100	1970-01-01 02:00:00 +0200
B	8ab8d6cc84634b698681fd72f0568977	149fb2430d1a4b2ba0c087a873e1903e	2021-04-01 10:40:51 +0300	2019-12-17 10:17:49 +0300	2019-12-17 13:59:00 +0300	a4ed7b76584a46328510340e7f6a9540	Hacı Murat Balcı		HM Balcı Kümbet Aslı Sokak				y	-100000/100	-100000/100	1970-01-01 02:00:00 +0200
===== END
===== START
C	8ab8d6cc84634b698681fd72f0568977	5a04bec9ec8d486d987b349e3abeb89e	2021-04-01 10:40:51 +0300	2019-12-17 10:17:49 +0300	2019-12-17 13:59:00 +0300	83f1edcafe5c4f3e896307c132bac74f	7 GM Aslı Sokak		HM Balcı Kümbet Aslı Sokak				n	100000/100	100000/100	1970-01-01 02:00:00 +0200
C	8ab8d6cc84634b698681fd72f0568977	149fb2430d1a4b2ba0c087a873e1903e	2021-04-01 10:40:51 +0300	2019-12-17 10:17:49 +0300	2019-12-17 13:59:00 +0300	a4ed7b76584a46328510340e7f6a9540	Hacı Murat Balcı		HM Balcı Kümbet Aslı Sokak				y	-100000/100	-100000/100	2021-04-01 23:59:59 +0300
===== END
===== START
B	44a9a3bde4f3435682b5870c3d2e0867	5a6ed11823a8402bb55bb680c206587a	2021-04-01 10:40:51 +0300	2019-12-17 10:33:42 +0300	2019-12-17 13:59:00 +0300	bee243da285d4868b69500b53a77063b	6 GM AP 22		HMB Ali Paşa Arsa 22 Arka                                3/40 hisse				n	300000/100	300000/100	1970-01-01 02:00:00 +0200
B	44a9a3bde4f3435682b5870c3d2e0867	16b7b3f073e3493c8c2f5ee5f4c9fee3	2021-04-01 10:40:51 +0300	2019-12-17 10:33:42 +0300	2019-12-17 13:59:00 +0300	a4ed7b76584a46328510340e7f6a9540	Hacı Murat Balcı		HMB Ali Paşa Arsa 22 Arka                                3/40 hisse				n	-300000/100	-300000/100	1970-01-01 02:00:00 +0200
===== END
===== START
C	44a9a3bde4f3435682b5870c3d2e0867	5a6ed11823a8402bb55bb680c206587a	2021-04-01 10:40:51 +0300	2019-12-17 10:33:42 +0300	2019-12-17 13:59:00 +0300	bee243da285d4868b69500b53a77063b	6 GM AP 22		HMB Ali Paşa Arsa 22 Arka                                3/40 hisse				n	300000/100	300000/100	1970-01-01 02:00:00 +0200
C	44a9a3bde4f3435682b5870c3d2e0867	16b7b3f073e3493c8c2f5ee5f4c9fee3	2021-04-01 10:40:51 +0300	2019-12-17 10:33:42 +0300	2019-12-17 13:59:00 +0300	a4ed7b76584a46328510340e7f6a9540	Hacı Murat Balcı		HMB Ali Paşa Arsa 22 Arka                                3/40 hisse				y	-300000/100	-300000/100	1970-01-01 02:00:00 +0200
===== END
===== START
B	44a9a3bde4f3435682b5870c3d2e0867	5a6ed11823a8402bb55bb680c206587a	2021-04-01 10:40:51 +0300	2019-12-17 10:33:42 +0300	2019-12-17 13:59:00 +0300	bee243da285d4868b69500b53a77063b	6 GM AP 22		HMB Ali Paşa Arsa 22 Arka                                3/40 hisse				n	300000/100	300000/100	1970-01-01 02:00:00 +0200
B	44a9a3bde4f3435682b5870c3d2e0867	16b7b3f073e3493c8c2f5ee5f4c9fee3	2021-04-01 10:40:51 +0300	2019-12-17 10:33:42 +0300	2019-12-17 13:59:00 +0300	a4ed7b76584a46328510340e7f6a9540	Hacı Murat Balcı		HMB Ali Paşa Arsa 22 Arka                                3/40 hisse				y	-300000/100	-300000/100	1970-01-01 02:00:00 +0200
===== END
===== START
C	44a9a3bde4f3435682b5870c3d2e0867	5a6ed11823a8402bb55bb680c206587a	2021-04-01 10:40:51 +0300	2019-12-17 10:33:42 +0300	2019-12-17 13:59:00 +0300	bee243da285d4868b69500b53a77063b	6 GM AP 22		HMB Ali Paşa Arsa 22 Arka                                3/40 hisse				n	300000/100	300000/100	1970-01-01 02:00:00 +0200
C	44a9a3bde4f3435682b5870c3d2e0867	16b7b3f073e3493c8c2f5ee5f4c9fee3	2021-04-01 10:40:51 +0300	2019-12-17 10:33:42 +0300	2019-12-17 13:59:00 +0300	a4ed7b76584a46328510340e7f6a9540	Hacı Murat Balcı		HMB Ali Paşa Arsa 22 Arka                                3/40 hisse				y	-300000/100	-300000/100	2021-04-01 23:59:59 +0300
===== END
===== START
B	94faa06d27ab4735b0c8128aa821ae68	1d2eedf0b2694df48cf807f671ab265c	2021-04-01 10:40:51 +0300	2019-12-17 09:37:54 +0300	2011-04-01 13:59:00 +0300	4d08c5a481c3469eb9ed926ba5aa1817	1 GM DGS		HMB Doğuş				n	10000000/100	10000000/100	1970-01-01 02:00:00 +0200
B	94faa06d27ab4735b0c8128aa821ae68	e31618a3287146ffab1a758ddb3c4323	2021-04-01 10:40:51 +0300	2019-12-17 09:37:54 +0300	2011-04-01 13:59:00 +0300	a4ed7b76584a46328510340e7f6a9540	Hacı Murat Balcı		HMB Doğuş				n	-10000000/100	-10000000/100	1970-01-01 02:00:00 +0200
===== END
===== START
C	94faa06d27ab4735b0c8128aa821ae68	1d2eedf0b2694df48cf807f671ab265c	2021-04-01 10:40:51 +0300	2019-12-17 09:37:54 +0300	2011-04-01 13:59:00 +0300	4d08c5a481c3469eb9ed926ba5aa1817	1 GM DGS		HMB Doğuş				n	10000000/100	10000000/100	1970-01-01 02:00:00 +0200
C	94faa06d27ab4735b0c8128aa821ae68	e31618a3287146ffab1a758ddb3c4323	2021-04-01 10:40:51 +0300	2019-12-17 09:37:54 +0300	2011-04-01 13:59:00 +0300	a4ed7b76584a46328510340e7f6a9540	Hacı Murat Balcı		HMB Doğuş				y	-10000000/100	-10000000/100	1970-01-01 02:00:00 +0200
===== END
===== START
B	94faa06d27ab4735b0c8128aa821ae68	1d2eedf0b2694df48cf807f671ab265c	2021-04-01 10:40:51 +0300	2019-12-17 09:37:54 +0300	2011-04-01 13:59:00 +0300	4d08c5a481c3469eb9ed926ba5aa1817	1 GM DGS		HMB Doğuş				n	10000000/100	10000000/100	1970-01-01 02:00:00 +0200
B	94faa06d27ab4735b0c8128aa821ae68	e31618a3287146ffab1a758ddb3c4323	2021-04-01 10:40:51 +0300	2019-12-17 09:37:54 +0300	2011-04-01 13:59:00 +0300	a4ed7b76584a46328510340e7f6a9540	Hacı Murat Balcı		HMB Doğuş				y	-10000000/100	-10000000/100	1970-01-01 02:00:00 +0200
===== END
===== START
C	94faa06d27ab4735b0c8128aa821ae68	1d2eedf0b2694df48cf807f671ab265c	2021-04-01 10:40:51 +0300	2019-12-17 09:37:54 +0300	2011-04-01 13:59:00 +0300	4d08c5a481c3469eb9ed926ba5aa1817	1 GM DGS		HMB Doğuş				n	10000000/100	10000000/100	1970-01-01 02:00:00 +0200
C	94faa06d27ab4735b0c8128aa821ae68	e31618a3287146ffab1a758ddb3c4323	2021-04-01 10:40:51 +0300	2019-12-17 09:37:54 +0300	2011-04-01 13:59:00 +0300	a4ed7b76584a46328510340e7f6a9540	Hacı Murat Balcı		HMB Doğuş				y	-10000000/100	-10000000/100	2021-04-01 23:59:59 +0300
===== END
===== START
B	5e63de852d244c0d81e1854df5b4f900	7ad49b127dea48bc939280f3aa6ba18d	2021-04-01 10:40:51 +0300	2019-12-17 10:33:32 +0300	2019-12-17 13:59:00 +0300	48154d55ca0148fbb655417fb2c605bb	5 GM AP 116		HMB Ali Paşa Arsa 116 Ön                                 3/24 hisse                  				n	1500000/100	1500000/100	1970-01-01 02:00:00 +0200
B	5e63de852d244c0d81e1854df5b4f900	30c328ce8a294e35a7dcd8e338d70e4c	2021-04-01 10:40:51 +0300	2019-12-17 10:33:32 +0300	2019-12-17 13:59:00 +0300	a4ed7b76584a46328510340e7f6a9540	Hacı Murat Balcı		HMB Ali Paşa Arsa 116 Ön                                 3/24 hisse                  				n	-1500000/100	-1500000/100	1970-01-01 02:00:00 +0200
===== END
===== START
C	5e63de852d244c0d81e1854df5b4f900	7ad49b127dea48bc939280f3aa6ba18d	2021-04-01 10:40:51 +0300	2019-12-17 10:33:32 +0300	2019-12-17 13:59:00 +0300	48154d55ca0148fbb655417fb2c605bb	5 GM AP 116		HMB Ali Paşa Arsa 116 Ön                                 3/24 hisse                  				n	1500000/100	1500000/100	1970-01-01 02:00:00 +0200
C	5e63de852d244c0d81e1854df5b4f900	30c328ce8a294e35a7dcd8e338d70e4c	2021-04-01 10:40:51 +0300	2019-12-17 10:33:32 +0300	2019-12-17 13:59:00 +0300	a4ed7b76584a46328510340e7f6a9540	Hacı Murat Balcı		HMB Ali Paşa Arsa 116 Ön                                 3/24 hisse                  				y	-1500000/100	-1500000/100	1970-01-01 02:00:00 +0200
===== END
===== START
B	5e63de852d244c0d81e1854df5b4f900	7ad49b127dea48bc939280f3aa6ba18d	2021-04-01 10:40:51 +0300	2019-12-17 10:33:32 +0300	2019-12-17 13:59:00 +0300	48154d55ca0148fbb655417fb2c605bb	5 GM AP 116		HMB Ali Paşa Arsa 116 Ön                                 3/24 hisse                  				n	1500000/100	1500000/100	1970-01-01 02:00:00 +0200
B	5e63de852d244c0d81e1854df5b4f900	30c328ce8a294e35a7dcd8e338d70e4c	2021-04-01 10:40:51 +0300	2019-12-17 10:33:32 +0300	2019-12-17 13:59:00 +0300	a4ed7b76584a46328510340e7f6a9540	Hacı Murat Balcı		HMB Ali Paşa Arsa 116 Ön                                 3/24 hisse                  				y	-1500000/100	-1500000/100	1970-01-01 02:00:00 +0200
===== END
===== START
C	5e63de852d244c0d81e1854df5b4f900	7ad49b127dea48bc939280f3aa6ba18d	2021-04-01 10:40:51 +0300	2019-12-17 10:33:32 +0300	2019-12-17 13:59:00 +0300	48154d55ca0148fbb655417fb2c605bb	5 GM AP 116		HMB Ali Paşa Arsa 116 Ön                                 3/24 hisse                  				n	1500000/100	1500000/100	1970-01-01 02:00:00 +0200
C	5e63de852d244c0d81e1854df5b4f900	30c328ce8a294e35a7dcd8e338d70e4c	2021-04-01 10:40:51 +0300	2019-12-17 10:33:32 +0300	2019-12-17 13:59:00 +0300	a4ed7b76584a46328510340e7f6a9540	Hacı Murat Balcı		HMB Ali Paşa Arsa 116 Ön                                 3/24 hisse                  				y	-1500000/100	-1500000/100	2021-04-01 23:59:59 +0300
===== END
===== START
B	bafdcd945b5e4d54867c65c070275dbc	6ef4faa3a0b84adc9afb1db47f3c6db0	2021-04-01 10:40:51 +0300	2019-12-17 10:10:15 +0300	2019-12-17 13:59:00 +0300	6f7fba89bee94850892cf00e39f3ca1e	4 GM LA		HMB Lise Arkası Arsa (1/2)                                %25 Hisse				n	10000000/100	10000000/100	1970-01-01 02:00:00 +0200
B	bafdcd945b5e4d54867c65c070275dbc	6c9bbaa10f1b4dd59edfff5e5b25393a	2021-04-01 10:40:51 +0300	2019-12-17 10:10:15 +0300	2019-12-17 13:59:00 +0300	a4ed7b76584a46328510340e7f6a9540	Hacı Murat Balcı		HMB Lise Arkası Arsa (1/2)                                %25 Hisse				c	-10000000/100	-10000000/100	1970-01-01 02:00:00 +0200
===== END
===== START
C	bafdcd945b5e4d54867c65c070275dbc	6ef4faa3a0b84adc9afb1db47f3c6db0	2021-04-01 10:40:51 +0300	2019-12-17 10:10:15 +0300	2019-12-17 13:59:00 +0300	6f7fba89bee94850892cf00e39f3ca1e	4 GM LA		HMB Lise Arkası Arsa (1/2)                                %25 Hisse				n	10000000/100	10000000/100	1970-01-01 02:00:00 +0200
C	bafdcd945b5e4d54867c65c070275dbc	6c9bbaa10f1b4dd59edfff5e5b25393a	2021-04-01 10:40:51 +0300	2019-12-17 10:10:15 +0300	2019-12-17 13:59:00 +0300	a4ed7b76584a46328510340e7f6a9540	Hacı Murat Balcı		HMB Lise Arkası Arsa (1/2)                                %25 Hisse				y	-10000000/100	-10000000/100	1970-01-01 02:00:00 +0200
===== END
===== START
B	bafdcd945b5e4d54867c65c070275dbc	6ef4faa3a0b84adc9afb1db47f3c6db0	2021-04-01 10:40:51 +0300	2019-12-17 10:10:15 +0300	2019-12-17 13:59:00 +0300	6f7fba89bee94850892cf00e39f3ca1e	4 GM LA		HMB Lise Arkası Arsa (1/2)                                %25 Hisse				n	10000000/100	10000000/100	1970-01-01 02:00:00 +0200
B	bafdcd945b5e4d54867c65c070275dbc	6c9bbaa10f1b4dd59edfff5e5b25393a	2021-04-01 10:40:51 +0300	2019-12-17 10:10:15 +0300	2019-12-17 13:59:00 +0300	a4ed7b76584a46328510340e7f6a9540	Hacı Murat Balcı		HMB Lise Arkası Arsa (1/2)                                %25 Hisse				y	-10000000/100	-10000000/100	1970-01-01 02:00:00 +0200
===== END
===== START
C	bafdcd945b5e4d54867c65c070275dbc	6ef4faa3a0b84adc9afb1db47f3c6db0	2021-04-01 10:40:51 +0300	2019-12-17 10:10:15 +0300	2019-12-17 13:59:00 +0300	6f7fba89bee94850892cf00e39f3ca1e	4 GM LA		HMB Lise Arkası Arsa (1/2)                                %25 Hisse				n	10000000/100	10000000/100	1970-01-01 02:00:00 +0200
C	bafdcd945b5e4d54867c65c070275dbc	6c9bbaa10f1b4dd59edfff5e5b25393a	2021-04-01 10:40:51 +0300	2019-12-17 10:10:15 +0300	2019-12-17 13:59:00 +0300	a4ed7b76584a46328510340e7f6a9540	Hacı Murat Balcı		HMB Lise Arkası Arsa (1/2)                                %25 Hisse				y	-10000000/100	-10000000/100	2021-04-01 23:59:59 +0300
===== END
===== START
B	eb984051d55c4e399f17ceac735611e6	3fb55a2b6d714a05931b64ce580eeb2a	2021-04-01 10:40:51 +0300	2019-12-17 10:19:50 +0300	2019-12-17 13:59:00 +0300	1a735df3d1bf48b79b4d5a357bccc598	8 GM KMBT D1		HMB Kümbet Daire 1				n	4000000/100	4000000/100	1970-01-01 02:00:00 +0200
B	eb984051d55c4e399f17ceac735611e6	68a14281498247cf8bbd7a717eabdadf	2021-04-01 10:40:51 +0300	2019-12-17 10:19:50 +0300	2019-12-17 13:59:00 +0300	a4ed7b76584a46328510340e7f6a9540	Hacı Murat Balcı		HMB Kümbet Daire 1				n	-4000000/100	-4000000/100	1970-01-01 02:00:00 +0200
===== END
===== START
C	eb984051d55c4e399f17ceac735611e6	3fb55a2b6d714a05931b64ce580eeb2a	2021-04-01 10:40:51 +0300	2019-12-17 10:19:50 +0300	2019-12-17 13:59:00 +0300	1a735df3d1bf48b79b4d5a357bccc598	8 GM KMBT D1		HMB Kümbet Daire 1				n	4000000/100	4000000/100	1970-01-01 02:00:00 +0200
C	eb984051d55c4e399f17ceac735611e6	68a14281498247cf8bbd7a717eabdadf	2021-04-01 10:40:51 +0300	2019-12-17 10:19:50 +0300	2019-12-17 13:59:00 +0300	a4ed7b76584a46328510340e7f6a9540	Hacı Murat Balcı		HMB Kümbet Daire 1				y	-4000000/100	-4000000/100	1970-01-01 02:00:00 +0200
===== END
===== START
B	eb984051d55c4e399f17ceac735611e6	3fb55a2b6d714a05931b64ce580eeb2a	2021-04-01 10:40:51 +0300	2019-12-17 10:19:50 +0300	2019-12-17 13:59:00 +0300	1a735df3d1bf48b79b4d5a357bccc598	8 GM KMBT D1		HMB Kümbet Daire 1				n	4000000/100	4000000/100	1970-01-01 02:00:00 +0200
B	eb984051d55c4e399f17ceac735611e6	68a14281498247cf8bbd7a717eabdadf	2021-04-01 10:40:51 +0300	2019-12-17 10:19:50 +0300	2019-12-17 13:59:00 +0300	a4ed7b76584a46328510340e7f6a9540	Hacı Murat Balcı		HMB Kümbet Daire 1				y	-4000000/100	-4000000/100	1970-01-01 02:00:00 +0200
===== END
===== START
C	eb984051d55c4e399f17ceac735611e6	3fb55a2b6d714a05931b64ce580eeb2a	2021-04-01 10:40:51 +0300	2019-12-17 10:19:50 +0300	2019-12-17 13:59:00 +0300	1a735df3d1bf48b79b4d5a357bccc598	8 GM KMBT D1		HMB Kümbet Daire 1				n	4000000/100	4000000/100	1970-01-01 02:00:00 +0200
C	eb984051d55c4e399f17ceac735611e6	68a14281498247cf8bbd7a717eabdadf	2021-04-01 10:40:51 +0300	2019-12-17 10:19:50 +0300	2019-12-17 13:59:00 +0300	a4ed7b76584a46328510340e7f6a9540	Hacı Murat Balcı		HMB Kümbet Daire 1				y	-4000000/100	-4000000/100	2021-04-01 23:59:59 +0300
===== END
===== START
B	f2e7d21c8c7d43608eee75cf77a3ac08	b3394402af1340eab3c0eec93ba27db4	2021-04-01 10:40:51 +0300	2021-04-01 10:35:40 +0300	2021-04-01 13:59:00 +0300	a4ed7b76584a46328510340e7f6a9540	Hacı Murat Balcı		Doğuş kapanış için ödeme				n	17782228/100	17782228/100	1970-01-01 02:00:00 +0200
B	f2e7d21c8c7d43608eee75cf77a3ac08	fc222bf0b21e4eda9eb20587b73efc7c	2021-04-01 10:40:51 +0300	2021-04-01 10:35:40 +0300	2021-04-01 13:59:00 +0300	e8992b33e9414155805e402e773cbaa4	Doğuş Ticaret		Doğuş kapanış için ödeme				y	-17782228/100	-17782228/100	2021-04-01 23:59:59 +0300
===== END
===== START
C	f2e7d21c8c7d43608eee75cf77a3ac08	b3394402af1340eab3c0eec93ba27db4	2021-04-01 10:40:51 +0300	2021-04-01 10:35:40 +0300	2021-04-01 13:59:00 +0300	a4ed7b76584a46328510340e7f6a9540	Hacı Murat Balcı		Doğuş kapanış için ödeme				y	17782228/100	17782228/100	1970-01-01 02:00:00 +0200
C	f2e7d21c8c7d43608eee75cf77a3ac08	fc222bf0b21e4eda9eb20587b73efc7c	2021-04-01 10:40:51 +0300	2021-04-01 10:35:40 +0300	2021-04-01 13:59:00 +0300	e8992b33e9414155805e402e773cbaa4	Doğuş Ticaret		Doğuş kapanış için ödeme				y	-17782228/100	-17782228/100	2021-04-01 23:59:59 +0300
===== END
===== START
B	f2e7d21c8c7d43608eee75cf77a3ac08	b3394402af1340eab3c0eec93ba27db4	2021-04-01 10:40:51 +0300	2021-04-01 10:35:40 +0300	2021-04-01 13:59:00 +0300	a4ed7b76584a46328510340e7f6a9540	Hacı Murat Balcı		Doğuş kapanış için ödeme				y	17782228/100	17782228/100	1970-01-01 02:00:00 +0200
B	f2e7d21c8c7d43608eee75cf77a3ac08	fc222bf0b21e4eda9eb20587b73efc7c	2021-04-01 10:40:51 +0300	2021-04-01 10:35:40 +0300	2021-04-01 13:59:00 +0300	e8992b33e9414155805e402e773cbaa4	Doğuş Ticaret		Doğuş kapanış için ödeme				y	-17782228/100	-17782228/100	2021-04-01 23:59:59 +0300
===== END
===== START
C	f2e7d21c8c7d43608eee75cf77a3ac08	b3394402af1340eab3c0eec93ba27db4	2021-04-01 10:40:51 +0300	2021-04-01 10:35:40 +0300	2021-04-01 13:59:00 +0300	a4ed7b76584a46328510340e7f6a9540	Hacı Murat Balcı		Doğuş kapanış için ödeme				y	17782228/100	17782228/100	2021-04-01 23:59:59 +0300
C	f2e7d21c8c7d43608eee75cf77a3ac08	fc222bf0b21e4eda9eb20587b73efc7c	2021-04-01 10:40:51 +0300	2021-04-01 10:35:40 +0300	2021-04-01 13:59:00 +0300	e8992b33e9414155805e402e773cbaa4	Doğuş Ticaret		Doğuş kapanış için ödeme				y	-17782228/100	-17782228/100	2021-04-01 23:59:59 +0300
===== END
