gpasm-1.4.0 #1107 (May  9 2015) /home/murat/d   2-11-2020  17:00:24         PAGE  1


LOC    OBJECT CODE    LINE  SOURCE TEXT
  VALUE

                      00001 ;--------------------------------------------------------
                      00002 ; File Created by SDCC : free open source ANSI-C Compiler
                      00003 ; Version 4.0.0 #11528 (Linux)
                      00004 ;--------------------------------------------------------
                      00005 ; PIC port for the 14-bit core
                      00006 ;--------------------------------------------------------
                      00007 ;       .file   "877.c"
                      00008         list    p=16f877a
                      00009         radix dec
                      00010         include "p16f877a.inc"
                      00001         LIST
                      00002 
                      00003 ;==========================================================================
                      00004 ; Build date : Aug 07 2014
                      00005 ;  MPASM PIC16F877A processor include
                      00006 ; 
                      00007 ;  (c) Copyright 1999-2014 Microchip Technology, All rights reserved
                      00008 ;==========================================================================
                      00009 
                      00567         LIST
                      00011 ;--------------------------------------------------------
                      00012 ; config word(s)
                      00013 ;--------------------------------------------------------
2007   0000           00014         __config 0x1
                      00015 ;--------------------------------------------------------
                      00016 ; external declarations
                      00017 ;--------------------------------------------------------
  0000                00018         extern  _ADCON1
  0000                00019         extern  _TRISBbits
  0000                00020         extern  _TRISAbits
  0000                00021         extern  _PORTBbits
  0000                00022         extern  _PORTAbits
  0000                00023         extern  __sdcc_gsinit_startup
                      00024 ;--------------------------------------------------------
                      00025 ; global declarations
                      00026 ;--------------------------------------------------------
  0000                00027         global  _main
                      00028 
  0000                00029         global PSAVE
  0000                00030         global SSAVE
  0000                00031         global WSAVE
  0000                00032         global STK12
  0000                00033         global STK11
  0000                00034         global STK10
  0000                00035         global STK09
  0000                00036         global STK08
  0000                00037         global STK07
  0000                00038         global STK06
  0000                00039         global STK05
  0000                00040         global STK04
  0000                00041         global STK03
  0000                00042         global STK02
  0000                00043         global STK01
gpasm-1.4.0 #1107 (May  9 2015) /home/murat/d   2-11-2020  17:00:24         PAGE  2


LOC    OBJECT CODE    LINE  SOURCE TEXT
  VALUE

  0000                00044         global STK00
                      00045 
                      00046 sharebank udata_ovr 0x0070
0070                  00047 PSAVE   res 1
0071                  00048 SSAVE   res 1
0072                  00049 WSAVE   res 1
0073                  00050 STK12   res 1
0074                  00051 STK11   res 1
0075                  00052 STK10   res 1
0076                  00053 STK09   res 1
0077                  00054 STK08   res 1
0078                  00055 STK07   res 1
0079                  00056 STK06   res 1
007A                  00057 STK05   res 1
007B                  00058 STK04   res 1
007C                  00059 STK03   res 1
007D                  00060 STK02   res 1
007E                  00061 STK01   res 1
007F                  00062 STK00   res 1
                      00063 
                      00064 ;--------------------------------------------------------
                      00065 ; global definitions
                      00066 ;--------------------------------------------------------
                      00067 ;--------------------------------------------------------
                      00068 ; absolute symbol definitions
                      00069 ;--------------------------------------------------------
                      00070 ;--------------------------------------------------------
                      00071 ; compiler-defined variables
                      00072 ;--------------------------------------------------------
                      00073 UDL_877_0       udata
0000                  00074 r0x1000 res     1
                      00075 ;--------------------------------------------------------
                      00076 ; initialized data
                      00077 ;--------------------------------------------------------
                      00078 ;--------------------------------------------------------
                      00079 ; initialized absolute data
                      00080 ;--------------------------------------------------------
                      00081 ;--------------------------------------------------------
                      00082 ; overlayable items in internal ram 
                      00083 ;--------------------------------------------------------
                      00084 ;       udata_ovr
                      00085 ;--------------------------------------------------------
                      00086 ; reset vector 
                      00087 ;--------------------------------------------------------
                      00088 STARTUP code 0x0000
0000   0000           00089         nop
0001   ???? ????      00090         pagesel __sdcc_gsinit_startup
0003   2???           00091         goto    __sdcc_gsinit_startup
                      00092 ;--------------------------------------------------------
                      00093 ; code
                      00094 ;--------------------------------------------------------
                      00095 code_877        code
                      00096 ;***
gpasm-1.4.0 #1107 (May  9 2015) /home/murat/d   2-11-2020  17:00:24         PAGE  3


LOC    OBJECT CODE    LINE  SOURCE TEXT
  VALUE

                      00097 ;  pBlock Stats: dbName = M
                      00098 ;***
                      00099 ;has an exit
                      00100 ;1 compiler assigned register :
                      00101 ;   r0x1000
                      00102 ;; Starting pCode block
                      00103 S_877__main     code
0000                  00104 _main:
                      00105 ; 2 exit points
                      00106 ;       .line   25; "877.c"     ADCON1 = 0x07; //PortA yi dijital olarak yönlendirdik.
0000   3007           00107         MOVLW   0x07
0001   ???? ????      00108         BANKSEL _ADCON1
0003   00??           00109         MOVWF   _ADCON1
                      00110 ;       .line   26; "877.c"     TRIS_A0 = 1; //A0 giriş olarak seçildi.
0004   14??           00111         BSF     _TRISAbits,0
                      00112 ;       .line   27; "877.c"     TRIS_B0 = 0; //B0 çıkış olarak seçildi.
0005   10??           00113         BCF     _TRISBbits,0
                      00114 ;       .line   29; "877.c"     LED_PORT = 0; // LED sönük
0006   ???? ????      00115         BANKSEL _PORTBbits
0008   10??           00116         BCF     _PORTBbits,0
                      00117 ;       .line   30; "877.c"     BUTON = 0; // Buton pasif
0009   10??           00118         BCF     _PORTAbits,0
000A                  00119 _00106_DS_:
                      00120 ;       .line   34; "877.c"     LED_PORT = BUTON;
000A   ???? ????      00121         BANKSEL r0x1000
000C   01??           00122         CLRF    r0x1000
000D   ???? ????      00123         BANKSEL _PORTAbits
000F   1C??           00124         BTFSS   _PORTAbits,0
0010   2???           00125         GOTO    _00001_DS_
0011   ???? ????      00126         BANKSEL r0x1000
0013   0A??           00127         INCF    r0x1000,F
0014                  00128 _00001_DS_:
0014   ???? ????      00129         BANKSEL r0x1000
0016   0C??           00130         RRF     r0x1000,W
0017   1803           00131         BTFSC   STATUS,0
0018   2???           00132         GOTO    _00002_DS_
0019   ???? ????      00133         BANKSEL _PORTBbits
001B   10??           00134         BCF     _PORTBbits,0
001C                  00135 _00002_DS_:
001C   1C03           00136         BTFSS   STATUS,0
001D   2???           00137         GOTO    _00003_DS_
001E   ???? ????      00138         BANKSEL _PORTBbits
0020   14??           00139         BSF     _PORTBbits,0
0021                  00140 _00003_DS_:
0021   2???           00141         GOTO    _00106_DS_
                      00142 ;       .line   37; "877.c"     }
0022   0008           00143         RETURN  
                      00144 ; exit point of _main
                      00145 
                      00146 
                      00147 ;       code size estimation:
                      00148 ;          19+    8 =    27 instructions (   70 byte)
                      00149 
gpasm-1.4.0 #1107 (May  9 2015) /home/murat/d   2-11-2020  17:00:24         PAGE  4


LOC    OBJECT CODE    LINE  SOURCE TEXT
  VALUE

                      00150         end
gpasm-1.4.0 #1107 (May  9 2015) /home/murat/d   2-11-2020  17:00:24         PAGE  5


SYMBOL TABLE
  LABEL                             VALUE

ACKDT                             00000005
ACKEN                             00000004
ACKSTAT                           00000006
ADCON0                            0000001F
ADCON1                            0000009F
ADCS0                             00000006
ADCS1                             00000007
ADCS2                             00000006
ADDEN                             00000003
ADFM                              00000007
ADIE                              00000006
ADIF                              00000006
ADON                              00000000
ADRESH                            0000001E
ADRESL                            0000009E
BCLIE                             00000003
BCLIF                             00000003
BF                                00000000
BRGH                              00000002
C                                 00000000
C1INV                             00000004
C1OUT                             00000006
C2INV                             00000005
C2OUT                             00000007
CCP1CON                           00000017
CCP1IE                            00000002
CCP1IF                            00000002
CCP1M0                            00000000
CCP1M1                            00000001
CCP1M2                            00000002
CCP1M3                            00000003
CCP1X                             00000005
CCP1Y                             00000004
CCP2CON                           0000001D
CCP2IE                            00000000
CCP2IF                            00000000
CCP2M0                            00000000
CCP2M1                            00000001
CCP2M2                            00000002
CCP2M3                            00000003
CCP2X                             00000005
CCP2Y                             00000004
CCPR1                             00000015
CCPR1H                            00000016
CCPR1L                            00000015
CCPR2                             0000001B
CCPR2H                            0000001C
CCPR2L                            0000001B
CHS0                              00000003
CHS1                              00000004
CHS2                              00000005
CIS                               00000003
CKE                               00000006
gpasm-1.4.0 #1107 (May  9 2015) /home/murat/d   2-11-2020  17:00:24         PAGE  6


SYMBOL TABLE
  LABEL                             VALUE 

CKP                               00000004
CM0                               00000000
CM1                               00000001
CM2                               00000002
CMCON                             0000009C
CMIE                              00000006
CMIF                              00000006
CREN                              00000004
CSRC                              00000007
CVR0                              00000000
CVR1                              00000001
CVR2                              00000002
CVR3                              00000003
CVRCON                            0000009D
CVREN                             00000007
CVROE                             00000006
CVRR                              00000005
D                                 00000005
DATA_ADDRESS                      00000005
DC                                00000001
D_A                               00000005
D_NOT_A                           00000005
EEADR                             0000010D
EEADRH                            0000010F
EECON1                            0000018C
EECON2                            0000018D
EEDATA                            0000010C
EEDATH                            0000010E
EEIE                              00000004
EEIF                              00000004
EEPGD                             00000007
F                                 00000001
FERR                              00000002
FSR                               00000004
GCEN                              00000007
GIE                               00000007
GO                                00000002
GO_DONE                           00000002
GO_NOT_DONE                       00000002
I2C_DATA                          00000005
I2C_READ                          00000002
I2C_START                         00000003
I2C_STOP                          00000004
IBF                               00000007
IBOV                              00000005
INDF                              00000000
INTCON                            0000000B
INTE                              00000004
INTEDG                            00000006
INTF                              00000001
IRP                               00000007
NOT_A                             00000005
NOT_ADDRESS                       00000005
gpasm-1.4.0 #1107 (May  9 2015) /home/murat/d   2-11-2020  17:00:24         PAGE  7


SYMBOL TABLE
  LABEL                             VALUE 

NOT_BO                            00000000
NOT_BOR                           00000000
NOT_DONE                          00000002
NOT_PD                            00000003
NOT_POR                           00000001
NOT_RBPU                          00000007
NOT_RC8                           00000006
NOT_T1SYNC                        00000002
NOT_TO                            00000004
NOT_TX8                           00000006
NOT_W                             00000002
NOT_WRITE                         00000002
OBF                               00000006
OERR                              00000001
OPTION_REG                        00000081
P                                 00000004
PCFG0                             00000000
PCFG1                             00000001
PCFG2                             00000002
PCFG3                             00000003
PCL                               00000002
PCLATH                            0000000A
PCON                              0000008E
PEIE                              00000006
PEN                               00000002
PIE1                              0000008C
PIE2                              0000008D
PIR1                              0000000C
PIR2                              0000000D
PORTA                             00000005
PORTB                             00000006
PORTC                             00000007
PORTD                             00000008
PORTE                             00000009
PR2                               00000092
PS0                               00000000
PS1                               00000001
PS2                               00000002
PSA                               00000003
PSAVE                             00000070
PSPIE                             00000007
PSPIF                             00000007
PSPMODE                           00000004
R                                 00000002
RA0                               00000000
RA1                               00000001
RA2                               00000002
RA3                               00000003
RA4                               00000004
RA5                               00000005
RB0                               00000000
RB1                               00000001
RB2                               00000002
gpasm-1.4.0 #1107 (May  9 2015) /home/murat/d   2-11-2020  17:00:24         PAGE  8


SYMBOL TABLE
  LABEL                             VALUE 

RB3                               00000003
RB4                               00000004
RB5                               00000005
RB6                               00000006
RB7                               00000007
RBIE                              00000003
RBIF                              00000000
RC0                               00000000
RC1                               00000001
RC2                               00000002
RC3                               00000003
RC4                               00000004
RC5                               00000005
RC6                               00000006
RC7                               00000007
RC8_9                             00000006
RC9                               00000006
RCD8                              00000000
RCEN                              00000003
RCIE                              00000005
RCIF                              00000005
RCREG                             0000001A
RCSTA                             00000018
RD                                00000000
RD0                               00000000
RD1                               00000001
RD2                               00000002
RD3                               00000003
RD4                               00000004
RD5                               00000005
RD6                               00000006
RD7                               00000007
RE0                               00000000
RE1                               00000001
RE2                               00000002
READ_WRITE                        00000002
RP0                               00000005
RP1                               00000006
RSEN                              00000001
RX9                               00000006
RX9D                              00000000
R_NOT_W                           00000002
R_W                               00000002
S                                 00000003
SEN                               00000000
SMP                               00000007
SPBRG                             00000099
SPEN                              00000007
SREN                              00000005
SSAVE                             00000071
SSPADD                            00000093
SSPBUF                            00000013
SSPCON                            00000014
gpasm-1.4.0 #1107 (May  9 2015) /home/murat/d   2-11-2020  17:00:24         PAGE  9


SYMBOL TABLE
  LABEL                             VALUE 

SSPCON2                           00000091
SSPEN                             00000005
SSPIE                             00000003
SSPIF                             00000003
SSPM0                             00000000
SSPM1                             00000001
SSPM2                             00000002
SSPM3                             00000003
SSPOV                             00000006
SSPSTAT                           00000094
STATUS                            00000003
STK00                             0000007F
STK01                             0000007E
STK02                             0000007D
STK03                             0000007C
STK04                             0000007B
STK05                             0000007A
STK06                             00000079
STK07                             00000078
STK08                             00000077
STK09                             00000076
STK10                             00000075
STK11                             00000074
STK12                             00000073
SYNC                              00000004
T0CS                              00000005
T0IE                              00000005
T0IF                              00000002
T0SE                              00000004
T1CKPS0                           00000004
T1CKPS1                           00000005
T1CON                             00000010
T1INSYNC                          00000002
T1OSCEN                           00000003
T1SYNC                            00000002
T2CKPS0                           00000000
T2CKPS1                           00000001
T2CON                             00000012
TMR0                              00000001
TMR0IE                            00000005
TMR0IF                            00000002
TMR1                              0000000E
TMR1CS                            00000001
TMR1H                             0000000F
TMR1IE                            00000000
TMR1IF                            00000000
TMR1L                             0000000E
TMR1ON                            00000000
TMR2                              00000011
TMR2IE                            00000001
TMR2IF                            00000001
TMR2ON                            00000002
TOUTPS0                           00000003
gpasm-1.4.0 #1107 (May  9 2015) /home/murat/d   2-11-2020  17:00:24         PAGE 10


SYMBOL TABLE
  LABEL                             VALUE 

TOUTPS1                           00000004
TOUTPS2                           00000005
TOUTPS3                           00000006
TRISA                             00000085
TRISA0                            00000000
TRISA1                            00000001
TRISA2                            00000002
TRISA3                            00000003
TRISA4                            00000004
TRISA5                            00000005
TRISB                             00000086
TRISB0                            00000000
TRISB1                            00000001
TRISB2                            00000002
TRISB3                            00000003
TRISB4                            00000004
TRISB5                            00000005
TRISB6                            00000006
TRISB7                            00000007
TRISC                             00000087
TRISC0                            00000000
TRISC1                            00000001
TRISC2                            00000002
TRISC3                            00000003
TRISC4                            00000004
TRISC5                            00000005
TRISC6                            00000006
TRISC7                            00000007
TRISD                             00000088
TRISD0                            00000000
TRISD1                            00000001
TRISD2                            00000002
TRISD3                            00000003
TRISD4                            00000004
TRISD5                            00000005
TRISD6                            00000006
TRISD7                            00000007
TRISE                             00000089
TRISE0                            00000000
TRISE1                            00000001
TRISE2                            00000002
TRMT                              00000001
TX8_9                             00000006
TX9                               00000006
TX9D                              00000000
TXD8                              00000000
TXEN                              00000005
TXIE                              00000004
TXIF                              00000004
TXREG                             00000019
TXSTA                             00000098
UA                                00000001
W                                 00000000
gpasm-1.4.0 #1107 (May  9 2015) /home/murat/d   2-11-2020  17:00:24         PAGE 11


SYMBOL TABLE
  LABEL                             VALUE 

WCOL                              00000007
WR                                00000001
WREN                              00000002
WRERR                             00000003
WSAVE                             00000072
Z                                 00000002
_00001_DS_                        00000014
_00002_DS_                        0000001C
_00003_DS_                        00000021
_00106_DS_                        0000000A
_ADCON1                           00000000
_BODEN_OFF                        00003FBF
_BODEN_ON                         00003FFF
_BOREN_OFF                        00003FBF
_BOREN_ON                         00003FFF
_CONFIG                           00002007
_CPD_OFF                          00003FFF
_CPD_ON                           00003EFF
_CP_ALL                           00001FFF
_CP_OFF                           00003FFF
_CP_ON                            00001FFF
_DEBUG_OFF                        00003FFF
_DEBUG_ON                         000037FF
_DEVID1                           00002006
_FOSC_EXTRC                       00003FFF
_FOSC_HS                          00003FFE
_FOSC_LP                          00003FFC
_FOSC_XT                          00003FFD
_HS_OSC                           00003FFE
_IDLOC0                           00002000
_IDLOC1                           00002001
_IDLOC2                           00002002
_IDLOC3                           00002003
_LP_OSC                           00003FFC
_LVP_OFF                          00003F7F
_LVP_ON                           00003FFF
_PORTAbits                        00000000
_PORTBbits                        00000000
_PWRTE_OFF                        00003FFF
_PWRTE_ON                         00003FF7
_RC_OSC                           00003FFF
_TRISAbits                        00000000
_TRISBbits                        00000000
_WDTE_OFF                         00003FFB
_WDTE_ON                          00003FFF
_WDT_OFF                          00003FFB
_WDT_ON                           00003FFF
_WRT_1FOURTH                      00003BFF
_WRT_256                          00003DFF
_WRT_HALF                         000039FF
_WRT_OFF                          00003FFF
_XT_OSC                           00003FFD
__16F877A                         00000001
gpasm-1.4.0 #1107 (May  9 2015) /home/murat/d   2-11-2020  17:00:24         PAGE 12


SYMBOL TABLE
  LABEL                             VALUE 

__CODE_END                        00001FFF
__CODE_START                      00000000
__COMMON_RAM_END                  0000007F
__COMMON_RAM_START                00000070
__EEPROM_END                      000021FF
__EEPROM_START                    00002100
__VECTOR_INT                      00000004
__VECTOR_RESET                    00000000
__sdcc_gsinit_startup             00000000
_main                             00000000
r0x1000                           00000000

Errors   :     0
Warnings :     0 reported,     0 suppressed
Messages :     0 reported,     0 suppressed

