mod	trans_guid	split_guid	time_now	date_entered	date_posted	acc_guid	acc_name	num	description	notes	memo	action	reconciled	amount	value	date_reconciled
-----------------
===== START
===== END
===== START
===== END
===== START
===== END
===== START
D	3fbc4d86bc144040b82b92a91ccf029a	cce82ad6940a47d1a623b7e83df57541	2020-08-04 18:02:59 +0300	2020-08-04 18:02:59 +0300	2020-08-04 13:59:00 +0300								n	0/1	0/100	1970-01-01 02:00:00 +0200
===== END
===== START
C	f29e75e5d9e241e0af6249bcfe76e2e8	26d655c484364f8baa40d446e4ee3027	2020-08-04 18:04:19 +0300	2020-08-04 18:04:19 +0300	2020-08-04 13:59:00 +0300	387b456e049641929ce113693e7c9cfd	icra		icra mahkemesi dosya 				n	0/100	0/100	1970-01-01 02:00:00 +0200
===== END
===== START
===== END
===== START
B	f29e75e5d9e241e0af6249bcfe76e2e8	26d655c484364f8baa40d446e4ee3027	2020-08-04 18:04:29 +0300	2020-08-04 18:04:19 +0300	2020-08-04 13:59:00 +0300	387b456e049641929ce113693e7c9cfd	icra		icra mahkemesi dosya 				n	0/100	0/100	1970-01-01 02:00:00 +0200
===== END
===== START
C	f29e75e5d9e241e0af6249bcfe76e2e8	26d655c484364f8baa40d446e4ee3027	2020-08-04 18:04:29 +0300	2020-08-04 18:04:19 +0300	2020-08-04 13:59:00 +0300	387b456e049641929ce113693e7c9cfd	icra		icra mahkemesi dosya 				n	50000/100	50000/100	1970-01-01 02:00:00 +0200
C	f29e75e5d9e241e0af6249bcfe76e2e8	7889d978803843b4995b98155f49e008	2020-08-04 18:04:29 +0300	2020-08-04 18:04:19 +0300	2020-08-04 13:59:00 +0300	62cf67902c2f48c28059ec3005e4290f	5 GLR Sny240m2		icra mahkemesi dosya 				n	-50000/100	-50000/100	1970-01-01 02:00:00 +0200
===== END
===== START
===== END
===== START
D	24f729bc45e14edaa9969a64abd498b7	c636586a566d485995d6c0545a01129c	2020-08-04 18:04:54 +0300	2020-08-04 18:04:54 +0300	2020-08-04 13:59:00 +0300								n	0/1	0/100	1970-01-01 02:00:00 +0200
===== END
===== START
D	0d04583cb46d403ba7498bf58260492a	76376449838e4848956f365747725291	2020-08-04 18:05:07 +0300	2020-08-04 18:05:07 +0300	2020-08-04 13:59:00 +0300								n	0/1	0/100	1970-01-01 02:00:00 +0200
===== END
===== START
===== END
===== START
C	451d806380474dee8665c8d73a9d44b9	2d949147b8a54e4c9b79219f74907679	2020-08-04 18:05:44 +0300	2020-08-04 18:05:44 +0300	2020-07-30 13:59:00 +0300	a207fcf4af9c400eb69a647726531142	Kira Gecikme üfe						n	0/100	0/100	1970-01-01 02:00:00 +0200
===== END
===== START
===== END
===== START
C	0a0945a41c664087b205188c7500bd31	c6868d1681dc4f4990a4c594b9042edd	2020-08-04 18:05:51 +0300	2020-08-04 18:05:51 +0300	2020-08-30 13:59:00 +0300	a207fcf4af9c400eb69a647726531142	Kira Gecikme üfe						n	0/100	0/100	1970-01-01 02:00:00 +0200
===== END
===== START
===== END
===== START
C	d048bc85856d4f5ba3aae6acc8df1715	868f796ae3ca41e2a6acab22620108d8	2020-08-04 18:05:57 +0300	2020-08-04 18:05:57 +0300	2019-09-30 13:59:00 +0300	a207fcf4af9c400eb69a647726531142	Kira Gecikme üfe						n	0/100	0/100	1970-01-01 02:00:00 +0200
===== END
===== START
===== END
===== START
B	451d806380474dee8665c8d73a9d44b9	2d949147b8a54e4c9b79219f74907679	2020-08-04 18:06:45 +0300	2020-08-04 18:05:44 +0300	2020-07-30 13:59:00 +0300	a207fcf4af9c400eb69a647726531142	Kira Gecikme üfe						n	0/100	0/100	1970-01-01 02:00:00 +0200
===== END
===== START
C	451d806380474dee8665c8d73a9d44b9	2d949147b8a54e4c9b79219f74907679	2020-08-04 18:06:45 +0300	2020-08-04 18:05:44 +0300	2020-07-30 13:59:00 +0300	a207fcf4af9c400eb69a647726531142	Kira Gecikme üfe		Kira tüfe 8110 * üfe 				n	0/100	0/100	1970-01-01 02:00:00 +0200
===== END
===== START
B	0a0945a41c664087b205188c7500bd31	c6868d1681dc4f4990a4c594b9042edd	2020-08-04 18:06:47 +0300	2020-08-04 18:05:51 +0300	2020-08-30 13:59:00 +0300	a207fcf4af9c400eb69a647726531142	Kira Gecikme üfe						n	0/100	0/100	1970-01-01 02:00:00 +0200
===== END
===== START
C	0a0945a41c664087b205188c7500bd31	c6868d1681dc4f4990a4c594b9042edd	2020-08-04 18:06:47 +0300	2020-08-04 18:05:51 +0300	2020-08-30 13:59:00 +0300	a207fcf4af9c400eb69a647726531142	Kira Gecikme üfe		Kira tüfe 8110 * üfe 				n	0/100	0/100	1970-01-01 02:00:00 +0200
===== END
===== START
C	46f8ec01819a49afb79bb62dc58426f2	ad93d1b44050430f9c64d820a9d37ae4	2020-08-04 18:06:49 +0300	2020-08-04 18:06:49 +0300	2019-09-30 13:59:00 +0300	a207fcf4af9c400eb69a647726531142	Kira Gecikme üfe		Kira tüfe 8110 * üfe 				n	0/100	0/100	1970-01-01 02:00:00 +0200
===== END
===== START
===== END
===== START
C	6cefdedb4fcd45328449f03c8e441390	58c9e1c9ff434576bbc9512eda82c70f	2020-08-04 18:06:56 +0300	2020-08-04 18:06:56 +0300	2019-09-30 13:59:00 +0300	a207fcf4af9c400eb69a647726531142	Kira Gecikme üfe						n	0/100	0/100	1970-01-01 02:00:00 +0200
===== END
===== START
===== END
===== START
C	6ccae47448e74ed2a73d60aa70c99d18	3e59ebdaf2034933a5031de7fc2d00b7	2020-08-04 18:07:00 +0300	2020-08-04 18:07:00 +0300	2019-09-30 13:59:00 +0300	a207fcf4af9c400eb69a647726531142	Kira Gecikme üfe		Kira tüfe 8110 * üfe 				n	0/100	0/100	1970-01-01 02:00:00 +0200
===== END
===== START
===== END
===== START
B	d048bc85856d4f5ba3aae6acc8df1715	868f796ae3ca41e2a6acab22620108d8	2020-08-04 18:07:17 +0300	2020-08-04 18:05:57 +0300	2019-09-30 13:59:00 +0300	a207fcf4af9c400eb69a647726531142	Kira Gecikme üfe						n	0/100	0/100	1970-01-01 02:00:00 +0200
===== END
===== START
C	d048bc85856d4f5ba3aae6acc8df1715	868f796ae3ca41e2a6acab22620108d8	2020-08-04 18:07:17 +0300	2020-08-04 18:05:57 +0300	2020-09-30 13:59:00 +0300	a207fcf4af9c400eb69a647726531142	Kira Gecikme üfe						n	0/100	0/100	1970-01-01 02:00:00 +0200
===== END
===== START
B	46f8ec01819a49afb79bb62dc58426f2	ad93d1b44050430f9c64d820a9d37ae4	2020-08-04 18:07:26 +0300	2020-08-04 18:06:49 +0300	2019-09-30 13:59:00 +0300	a207fcf4af9c400eb69a647726531142	Kira Gecikme üfe		Kira tüfe 8110 * üfe 				n	0/100	0/100	1970-01-01 02:00:00 +0200
===== END
===== START
C	46f8ec01819a49afb79bb62dc58426f2	ad93d1b44050430f9c64d820a9d37ae4	2020-08-04 18:07:26 +0300	2020-08-04 18:06:49 +0300	2020-09-30 13:59:00 +0300	a207fcf4af9c400eb69a647726531142	Kira Gecikme üfe		Kira tüfe 8110 * üfe 				n	0/100	0/100	1970-01-01 02:00:00 +0200
===== END
===== START
B	6cefdedb4fcd45328449f03c8e441390	58c9e1c9ff434576bbc9512eda82c70f	2020-08-04 18:07:37 +0300	2020-08-04 18:06:56 +0300	2019-09-30 13:59:00 +0300	a207fcf4af9c400eb69a647726531142	Kira Gecikme üfe						n	0/100	0/100	1970-01-01 02:00:00 +0200
===== END
===== START
C	6cefdedb4fcd45328449f03c8e441390	58c9e1c9ff434576bbc9512eda82c70f	2020-08-04 18:07:37 +0300	2020-08-04 18:06:56 +0300	2020-09-30 13:59:00 +0300	a207fcf4af9c400eb69a647726531142	Kira Gecikme üfe						n	0/100	0/100	1970-01-01 02:00:00 +0200
===== END
===== START
B	6ccae47448e74ed2a73d60aa70c99d18	3e59ebdaf2034933a5031de7fc2d00b7	2020-08-04 18:07:42 +0300	2020-08-04 18:07:00 +0300	2019-09-30 13:59:00 +0300	a207fcf4af9c400eb69a647726531142	Kira Gecikme üfe		Kira tüfe 8110 * üfe 				n	0/100	0/100	1970-01-01 02:00:00 +0200
===== END
===== START
C	6ccae47448e74ed2a73d60aa70c99d18	3e59ebdaf2034933a5031de7fc2d00b7	2020-08-04 18:07:42 +0300	2020-08-04 18:07:00 +0300	2020-09-30 13:59:00 +0300	a207fcf4af9c400eb69a647726531142	Kira Gecikme üfe		Kira tüfe 8110 * üfe 				n	0/100	0/100	1970-01-01 02:00:00 +0200
===== END
===== START
B	46f8ec01819a49afb79bb62dc58426f2	ad93d1b44050430f9c64d820a9d37ae4	2020-08-04 18:07:54 +0300	2020-08-04 18:06:49 +0300	2020-09-30 13:59:00 +0300	a207fcf4af9c400eb69a647726531142	Kira Gecikme üfe		Kira tüfe 8110 * üfe 				n	0/100	0/100	1970-01-01 02:00:00 +0200
===== END
===== START
C	46f8ec01819a49afb79bb62dc58426f2	ad93d1b44050430f9c64d820a9d37ae4	2020-08-04 18:07:54 +0300	2020-08-04 18:06:49 +0300	2020-10-30 13:59:00 +0300	a207fcf4af9c400eb69a647726531142	Kira Gecikme üfe		Kira tüfe 8110 * üfe 				n	0/100	0/100	1970-01-01 02:00:00 +0200
===== END
===== START
B	6ccae47448e74ed2a73d60aa70c99d18	3e59ebdaf2034933a5031de7fc2d00b7	2020-08-04 18:07:58 +0300	2020-08-04 18:07:00 +0300	2020-09-30 13:59:00 +0300	a207fcf4af9c400eb69a647726531142	Kira Gecikme üfe		Kira tüfe 8110 * üfe 				n	0/100	0/100	1970-01-01 02:00:00 +0200
===== END
===== START
C	6ccae47448e74ed2a73d60aa70c99d18	3e59ebdaf2034933a5031de7fc2d00b7	2020-08-04 18:07:58 +0300	2020-08-04 18:07:00 +0300	2020-11-30 13:59:00 +0300	a207fcf4af9c400eb69a647726531142	Kira Gecikme üfe		Kira tüfe 8110 * üfe 				n	0/100	0/100	1970-01-01 02:00:00 +0200
===== END
===== START
B	6ccae47448e74ed2a73d60aa70c99d18	3e59ebdaf2034933a5031de7fc2d00b7	2020-08-04 18:08:05 +0300	2020-08-04 18:07:00 +0300	2020-11-30 13:59:00 +0300	a207fcf4af9c400eb69a647726531142	Kira Gecikme üfe		Kira tüfe 8110 * üfe 				n	0/100	0/100	1970-01-01 02:00:00 +0200
===== END
===== START
C	6ccae47448e74ed2a73d60aa70c99d18	3e59ebdaf2034933a5031de7fc2d00b7	2020-08-04 18:08:05 +0300	2020-08-04 18:07:00 +0300	2020-12-30 13:59:00 +0300	a207fcf4af9c400eb69a647726531142	Kira Gecikme üfe		Kira tüfe 8110 * üfe 				n	0/100	0/100	1970-01-01 02:00:00 +0200
===== END
===== START
C	3df141c6030e4734b6673361f5bd61c3	1e270ef03e8b4d179a23e9dfa01ab890	2020-08-04 18:08:17 +0300	2020-08-04 18:08:17 +0300	2021-01-30 13:59:00 +0300	a207fcf4af9c400eb69a647726531142	Kira Gecikme üfe						n	0/100	0/100	1970-01-01 02:00:00 +0200
===== END
===== START
===== END
