mod	trans_guid	split_guid	time_now	date_entered	date_posted	acc_guid	acc_name	num	description	notes	memo	action	reconciled	amount	value	date_reconciled
-----------------
===== START
===== END
===== START
D	cf393912f27645a19f3a3e9c24ea3200	3a430fdb173941839655594ba39f423b	2019-11-05 09:18:11 +0300	2019-11-05 09:18:11 +0300	2019-11-05 13:59:00 +0300								n	0/1	0/100	1970-01-01 02:00:00 +0200
===== END
===== START
===== END
===== START
D	6c4cbb633156477aa17f7f2325a90394	838d54717698416681eccf486034dc43	2019-11-05 09:18:23 +0300	2019-11-05 09:18:23 +0300	2019-11-05 13:59:00 +0300								n	0/1	0/100	1970-01-01 02:00:00 +0200
===== END
===== START
===== END
===== START
===== END
===== START
B	ac2f3cfc673342ad9e425bee02d36f62	9706d5ce97c944138de1d1811d0e48fd	2019-11-05 09:19:31 +0300	2019-11-04 11:53:06 +0300	2019-11-04 13:59:00 +0300	2e5b7709a0e14d4f81576191f598c7ff	03 Lise Kasa						y	0/100	0/100	2019-11-04 23:59:59 +0300
===== END
===== START
D	ac2f3cfc673342ad9e425bee02d36f62	9706d5ce97c944138de1d1811d0e48fd	2019-11-05 09:19:31 +0300	2019-11-04 11:53:06 +0300	2019-11-04 13:59:00 +0300	2e5b7709a0e14d4f81576191f598c7ff	03 Lise Kasa						y	0/100	0/100	2019-11-04 23:59:59 +0300
===== END
===== START
B	0ad667d7949c4685b48153d7f6d1c176	1e536d1549fe4b2baf8ac5bdb02b8a7a	2019-11-05 09:19:45 +0300	2019-11-04 11:31:08 +0300	2019-11-04 13:59:00 +0300	3bd2fe8f49584c29bae7ac0c7b243e50	5 Lise		Hacı Murat Balcı  1/4 * 39000				n	975000/100	975000/100	1970-01-01 02:00:00 +0200
B	0ad667d7949c4685b48153d7f6d1c176	0a09590e45264302b281e1db62405eba	2019-11-05 09:19:45 +0300	2019-11-04 11:31:08 +0300	2019-11-04 13:59:00 +0300	2e5b7709a0e14d4f81576191f598c7ff	03 Lise Kasa		Hacı Murat Balcı  1/4 * 39000				n	-975000/100	-975000/100	2019-11-04 23:59:59 +0300
===== END
===== START
C	0ad667d7949c4685b48153d7f6d1c176	1e536d1549fe4b2baf8ac5bdb02b8a7a	2019-11-05 09:19:45 +0300	2019-11-04 11:31:08 +0300	2019-11-04 13:59:00 +0300	3bd2fe8f49584c29bae7ac0c7b243e50	5 Lise		Hacı Murat Balcı  1/4 * 39000				n	975000/100	975000/100	1970-01-01 02:00:00 +0200
C	0ad667d7949c4685b48153d7f6d1c176	0a09590e45264302b281e1db62405eba	2019-11-05 09:19:45 +0300	2019-11-04 11:31:08 +0300	2019-11-04 13:59:00 +0300	2e5b7709a0e14d4f81576191f598c7ff	03 Lise Kasa		Hacı Murat Balcı  1/4 * 39000				c	-975000/100	-975000/100	2019-11-04 23:59:59 +0300
===== END
===== START
B	0ad667d7949c4685b48153d7f6d1c176	1e536d1549fe4b2baf8ac5bdb02b8a7a	2019-11-05 09:20:04 +0300	2019-11-04 11:31:08 +0300	2019-11-04 13:59:00 +0300	3bd2fe8f49584c29bae7ac0c7b243e50	5 Lise		Hacı Murat Balcı  1/4 * 39000				n	975000/100	975000/100	1970-01-01 02:00:00 +0200
B	0ad667d7949c4685b48153d7f6d1c176	0a09590e45264302b281e1db62405eba	2019-11-05 09:20:04 +0300	2019-11-04 11:31:08 +0300	2019-11-04 13:59:00 +0300	2e5b7709a0e14d4f81576191f598c7ff	03 Lise Kasa		Hacı Murat Balcı  1/4 * 39000				c	-975000/100	-975000/100	2019-11-04 23:59:59 +0300
===== END
===== START
C	0ad667d7949c4685b48153d7f6d1c176	1e536d1549fe4b2baf8ac5bdb02b8a7a	2019-11-05 09:20:04 +0300	2019-11-04 11:31:08 +0300	2019-11-04 13:59:00 +0300	3bd2fe8f49584c29bae7ac0c7b243e50	5 Lise		Hacı Murat Balcı  1/4 * 39000				n	975000/100	975000/100	1970-01-01 02:00:00 +0200
C	0ad667d7949c4685b48153d7f6d1c176	0a09590e45264302b281e1db62405eba	2019-11-05 09:20:04 +0300	2019-11-04 11:31:08 +0300	2019-11-04 13:59:00 +0300	2e5b7709a0e14d4f81576191f598c7ff	03 Lise Kasa		Hacı Murat Balcı  1/4 * 39000				y	-975000/100	-975000/100	2019-11-04 23:59:59 +0300
===== END
===== START
B	0ad667d7949c4685b48153d7f6d1c176	1e536d1549fe4b2baf8ac5bdb02b8a7a	2019-11-05 09:20:04 +0300	2019-11-04 11:31:08 +0300	2019-11-04 13:59:00 +0300	3bd2fe8f49584c29bae7ac0c7b243e50	5 Lise		Hacı Murat Balcı  1/4 * 39000				n	975000/100	975000/100	1970-01-01 02:00:00 +0200
B	0ad667d7949c4685b48153d7f6d1c176	0a09590e45264302b281e1db62405eba	2019-11-05 09:20:04 +0300	2019-11-04 11:31:08 +0300	2019-11-04 13:59:00 +0300	2e5b7709a0e14d4f81576191f598c7ff	03 Lise Kasa		Hacı Murat Balcı  1/4 * 39000				y	-975000/100	-975000/100	2019-11-04 23:59:59 +0300
===== END
===== START
C	0ad667d7949c4685b48153d7f6d1c176	1e536d1549fe4b2baf8ac5bdb02b8a7a	2019-11-05 09:20:04 +0300	2019-11-04 11:31:08 +0300	2019-11-04 13:59:00 +0300	3bd2fe8f49584c29bae7ac0c7b243e50	5 Lise		Hacı Murat Balcı  1/4 * 39000				n	975000/100	975000/100	1970-01-01 02:00:00 +0200
C	0ad667d7949c4685b48153d7f6d1c176	0a09590e45264302b281e1db62405eba	2019-11-05 09:20:04 +0300	2019-11-04 11:31:08 +0300	2019-11-04 13:59:00 +0300	2e5b7709a0e14d4f81576191f598c7ff	03 Lise Kasa		Hacı Murat Balcı  1/4 * 39000				y	-975000/100	-975000/100	2019-11-05 23:59:59 +0300
===== END
===== START
B	0ad667d7949c4685b48153d7f6d1c176	1e536d1549fe4b2baf8ac5bdb02b8a7a	2019-11-05 09:21:10 +0300	2019-11-04 11:31:08 +0300	2019-11-04 13:59:00 +0300	3bd2fe8f49584c29bae7ac0c7b243e50	5 Lise		Hacı Murat Balcı  1/4 * 39000				n	975000/100	975000/100	1970-01-01 02:00:00 +0200
B	0ad667d7949c4685b48153d7f6d1c176	0a09590e45264302b281e1db62405eba	2019-11-05 09:21:10 +0300	2019-11-04 11:31:08 +0300	2019-11-04 13:59:00 +0300	2e5b7709a0e14d4f81576191f598c7ff	03 Lise Kasa		Hacı Murat Balcı  1/4 * 39000				y	-975000/100	-975000/100	2019-11-05 23:59:59 +0300
===== END
===== START
C	0ad667d7949c4685b48153d7f6d1c176	1e536d1549fe4b2baf8ac5bdb02b8a7a	2019-11-05 09:21:10 +0300	2019-11-04 11:31:08 +0300	2019-11-04 13:59:00 +0300	3bd2fe8f49584c29bae7ac0c7b243e50	5 Lise		Hacı Murat Balcı  1/4 * 39000				n	975000/100	975000/100	1970-01-01 02:00:00 +0200
C	0ad667d7949c4685b48153d7f6d1c176	0a09590e45264302b281e1db62405eba	2019-11-05 09:21:10 +0300	2019-11-04 11:31:08 +0300	2019-11-04 13:59:00 +0300	2e5b7709a0e14d4f81576191f598c7ff	03 Lise Kasa		Hacı Murat Balcı  1/4 * 39000				n	-975000/100	-975000/100	2019-11-05 23:59:59 +0300
===== END
===== START
D	ec9fd34918e548ed9b35c487784ed39b	f78b80d467bf4498a92ea6c0304afb07	2019-11-05 09:21:10 +0300	2019-11-05 09:21:10 +0300	2019-11-05 13:59:00 +0300								n	0/1	0/100	1970-01-01 02:00:00 +0200
===== END
===== START
D	b5f257cf244d453b99782a841f9e4a19	fdf45b460d144ee5b0d21d6c1a6172e5	2019-11-05 09:21:13 +0300	2019-11-05 09:21:13 +0300	2019-11-05 13:59:00 +0300								n	0/1	0/100	1970-01-01 02:00:00 +0200
===== END
