mod	trans_guid	split_guid	time_now	date_entered	date_posted	acc_guid	acc_name	num	description	notes	memo	action	reconciled	amount	value	date_reconciled
-----------------
===== START
===== END
===== START
===== END
===== START
===== END
===== START
===== END
===== START
D	aeba3337bc274a4e825e99c9f73cca20	6e906784d0e448be8879ba424e6c2653	2019-11-04 10:16:26 +0300	2019-11-04 10:16:26 +0300	2019-11-04 13:59:00 +0300								n	0/1	0/100	1970-01-01 02:00:00 +0200
===== END
===== START
D	f92811edf83247e383d36710c9cc411c	0353a9fc27c74adb836d411832ab6063	2019-11-04 10:16:28 +0300	2019-11-04 10:16:28 +0300	2019-11-04 13:59:00 +0300								n	0/1	0/100	1970-01-01 02:00:00 +0200
===== END
===== START
D	c23cb3f0b41c442786ed0ebf7f352bc3	6a64d38d69ab456eaa688e6c39a22e46	2019-11-04 10:16:32 +0300	2019-11-04 10:16:32 +0300	2019-11-04 13:59:00 +0300								n	0/1	0/100	1970-01-01 02:00:00 +0200
===== END
===== START
D	5bade10cb47c47ea9020938cfcb6dfab	dd9b4b4ea5464954ab3589f27768b8ee	2019-11-04 10:16:35 +0300	2019-11-04 10:16:35 +0300	2019-11-04 13:59:00 +0300								n	0/1	0/100	1970-01-01 02:00:00 +0200
===== END
===== START
===== END
===== START
D	d8889b92cefa4843a4581d5f1c7f42d8	30e3c624c3fc448a87b13ca7d2ae600a	2019-11-04 10:17:06 +0300	2019-11-04 10:17:06 +0300	2019-11-04 13:59:00 +0300								n	0/1	0/100	1970-01-01 02:00:00 +0200
===== END
===== START
===== END
===== START
D	b6fec40eaeaa4a3a9505d2571b9df66f	6138daa6d9274854a1307983e2d4b8fe	2019-11-04 10:18:05 +0300	2019-11-04 10:18:05 +0300	2019-11-04 13:59:00 +0300								n	0/1	0/100	1970-01-01 02:00:00 +0200
===== END
===== START
===== END
===== START
D	fc95a34693554c0a8ad25a45c640f166	65c106862b12419981d1c56088059514	2019-11-04 10:19:02 +0300	2019-11-04 10:19:02 +0300	2019-11-04 13:59:00 +0300								n	0/1	0/100	1970-01-01 02:00:00 +0200
===== END
===== START
===== END
===== START
D	ec250528d7c94afab05d2d07074dd997	bca19a1feea149ae912fb6eed7344396	2019-11-04 10:19:05 +0300	2019-11-04 10:19:05 +0300	2019-11-04 13:59:00 +0300								n	0/1	0/100	1970-01-01 02:00:00 +0200
===== END
===== START
===== END
===== START
B	35884ca8bbbe47a8a9000c0bd625ef2e	da0b1fbfa52d45bbad224811599b5c88	2019-11-04 10:19:19 +0300	2019-11-01 10:37:05 +0300	2019-07-01 13:59:00 +0300	e6db76ce4a5e41658984bd1f654da1bd	127 51 AP Adem Kesici						n	2640000/100	2640000/100	1970-01-01 02:00:00 +0200
B	35884ca8bbbe47a8a9000c0bd625ef2e	f8cde9928c1a46c28f80915ede5c6623	2019-11-04 10:19:19 +0300	2019-11-01 10:37:05 +0300	2019-07-01 13:59:00 +0300	333ae359fa0b4d08a3ef594046b60f63	649 51 AP Yıkama Ön						n	-2640000/100	-2640000/100	1970-01-01 02:00:00 +0200
===== END
===== START
C	35884ca8bbbe47a8a9000c0bd625ef2e	da0b1fbfa52d45bbad224811599b5c88	2019-11-04 10:19:19 +0300	2019-11-01 10:37:05 +0300	2019-07-01 13:59:00 +0300	e6db76ce4a5e41658984bd1f654da1bd	127 51 AP Adem Kesici						n	1320000/100	1320000/100	1970-01-01 02:00:00 +0200
C	35884ca8bbbe47a8a9000c0bd625ef2e	f8cde9928c1a46c28f80915ede5c6623	2019-11-04 10:19:19 +0300	2019-11-01 10:37:05 +0300	2019-07-01 13:59:00 +0300	333ae359fa0b4d08a3ef594046b60f63	649 51 AP Yıkama Ön						n	-1320000/100	-1320000/100	1970-01-01 02:00:00 +0200
===== END
===== START
D	0b46791f8f024ee18cff794779ba8179	0933cf58ab7e482aac451f78ff4868c4	2019-11-04 10:19:24 +0300	2019-11-04 10:19:24 +0300	2019-11-04 13:59:00 +0300								n	0/1	0/100	1970-01-01 02:00:00 +0200
===== END
===== START
===== END
===== START
D	5b1c203a655a4bd8b26aac4200ea8078	919f05cf2dc644db86d466b0e4f00028	2019-11-04 10:19:38 +0300	2019-11-04 10:19:38 +0300	2019-11-04 13:59:00 +0300								n	0/1	0/100	1970-01-01 02:00:00 +0200
===== END
===== START
===== END
===== START
===== END
===== START
C	9952222aae2f4cc2bd148f638b123603	85cddbbab13f45d0a416eeb621525a8d	2019-11-04 10:20:14 +0300	2019-11-04 10:20:14 +0300	2019-07-01 13:59:00 +0300	e6db76ce4a5e41658984bd1f654da1bd	127 51 AP Adem Kesici						n	0/100	0/100	1970-01-01 02:00:00 +0200
===== END
===== START
===== END
===== START
B	9952222aae2f4cc2bd148f638b123603	85cddbbab13f45d0a416eeb621525a8d	2019-11-04 10:20:41 +0300	2019-11-04 10:20:14 +0300	2019-07-01 13:59:00 +0300	e6db76ce4a5e41658984bd1f654da1bd	127 51 AP Adem Kesici						n	0/100	0/100	1970-01-01 02:00:00 +0200
===== END
===== START
C	9952222aae2f4cc2bd148f638b123603	85cddbbab13f45d0a416eeb621525a8d	2019-11-04 10:20:41 +0300	2019-11-04 10:20:14 +0300	2019-07-01 13:59:00 +0300	e6db76ce4a5e41658984bd1f654da1bd	127 51 AP Adem Kesici						n	1320000/100	1320000/100	1970-01-01 02:00:00 +0200
C	9952222aae2f4cc2bd148f638b123603	85d0f9509ffa4ef39145be284858e82f	2019-11-04 10:20:41 +0300	2019-11-04 10:20:14 +0300	2019-07-01 13:59:00 +0300	3fe60e48253e4208b4394cab587558c9	649 61 AP Yıkama Arka						n	-1320000/100	-1320000/100	1970-01-01 02:00:00 +0200
===== END
===== START
D	5e685868fb7d4bc3b6fd6b114c290312	19f0b75580724b9588645b12e90196d2	2019-11-04 10:20:44 +0300	2019-11-04 10:20:44 +0300	2019-07-01 13:59:00 +0300								n	0/1	0/100	1970-01-01 02:00:00 +0200
===== END
===== START
D	62790f71f6d840a59d3d043477728e21	2e71702660334548b4711091b1a75b4e	2019-11-04 10:20:45 +0300	2019-11-04 10:20:45 +0300	2019-11-04 13:59:00 +0300								n	0/1	0/100	1970-01-01 02:00:00 +0200
===== END
===== START
===== END
===== START
===== END
===== START
D	c6b7914a3e244303accdbad5af89ce93	dea6c97bcc1a4dd88b31fec4f24b6995	2019-11-04 10:21:18 +0300	2019-11-04 10:21:18 +0300	2019-11-04 13:59:00 +0300								n	0/1	0/100	1970-01-01 02:00:00 +0200
===== END
===== START
===== END
===== START
===== END
===== START
===== END
===== START
B	4cfab9f81eba49e794f7aaedbca601de	5d82be30c2644adf8555a3325a047e25	2019-11-04 10:25:28 +0300	2019-11-02 16:53:13 +0300	2019-11-02 13:59:00 +0300	b6750e227eba41859133f63a94970a87	100 10 AP Kasa Ön						n	1225000/100	1225000/100	1970-01-01 02:00:00 +0200
B	4cfab9f81eba49e794f7aaedbca601de	4ac2efadbb4143c48cff8531cdb9374d	2019-11-04 10:25:28 +0300	2019-11-02 16:53:13 +0300	2019-11-02 13:59:00 +0300	e6db76ce4a5e41658984bd1f654da1bd	127 51 AP Adem Kesici						n	-1225000/100	-1225000/100	1970-01-01 02:00:00 +0200
===== END
===== START
C	4cfab9f81eba49e794f7aaedbca601de	5d82be30c2644adf8555a3325a047e25	2019-11-04 10:25:28 +0300	2019-11-02 16:53:13 +0300	2019-11-02 13:59:00 +0300	b6750e227eba41859133f63a94970a87	100 10 AP Kasa Ön						n	1225000/100	1225000/100	1970-01-01 02:00:00 +0200
C	4cfab9f81eba49e794f7aaedbca601de	4ac2efadbb4143c48cff8531cdb9374d	2019-11-04 10:25:28 +0300	2019-11-02 16:53:13 +0300	2019-11-02 13:59:00 +0300	e6db76ce4a5e41658984bd1f654da1bd	127 51 AP Adem Kesici						n	-1225000/100	-1225000/100	1970-01-01 02:00:00 +0200
===== END
===== START
D	ba98348c2c814a5b881dfb5fb9c465e5	77a8eafbf4d143a783d9384bb905f447	2019-11-04 10:25:55 +0300	2019-11-04 10:25:55 +0300	2019-11-04 13:59:00 +0300								n	0/1	0/100	1970-01-01 02:00:00 +0200
===== END
===== START
D	1169a359e85b4ea583486453cc0b870d	569cd20f3f8a4860af2bbd0ef6842160	2019-11-04 10:25:56 +0300	2019-11-04 10:25:56 +0300	2019-11-04 13:59:00 +0300								n	0/1	0/100	1970-01-01 02:00:00 +0200
===== END
===== START
D	2cfdc2e2c33242188a90c3e96aa00b22	cb15a4e99ab040419dc0548744353bb4	2019-11-04 10:25:57 +0300	2019-11-04 10:25:57 +0300	2019-11-04 13:59:00 +0300								n	0/1	0/100	1970-01-01 02:00:00 +0200
===== END
===== START
===== END
===== START
D	f8122d63ee7d4e0a9b34d269569641a0	08074ccf5e5543d4b6047b11a1d530ac	2019-11-04 10:27:26 +0300	2019-11-04 10:27:26 +0300	2019-11-04 13:59:00 +0300								n	0/1	0/100	1970-01-01 02:00:00 +0200
===== END
===== START
===== END
===== START
D	da2aae7a493041c6ac4af855491ad17d	1ac8e6255f394490a2a122dafdbe21e6	2019-11-04 10:27:43 +0300	2019-11-04 10:27:43 +0300	2019-11-04 13:59:00 +0300								n	0/1	0/100	1970-01-01 02:00:00 +0200
===== END
===== START
===== END
===== START
D	6550df61836b46679f80e5752353eb66	530079d3834149129214a1b2b65ad095	2019-11-04 10:30:39 +0300	2019-11-04 10:30:39 +0300	2019-11-04 13:59:00 +0300								n	0/1	0/100	1970-01-01 02:00:00 +0200
===== END
===== START
C	75e4e9a7d05c48a08733b92e976b4178	22407efbf2644d859c60e6baf4fe3058	2019-11-04 10:31:29 +0300	2019-11-04 10:31:29 +0300	2019-11-04 13:59:00 +0300	b6750e227eba41859133f63a94970a87	100 10 Kasa AP Ön		Atila Balcı Aygaz                   13/24				n	0/100	0/100	1970-01-01 02:00:00 +0200
===== END
===== START
===== END
===== START
C	717555d5755e4316ac93a9455dc47290	bbd1e8f6eaba44b8bdce2cff70a526cb	2019-11-04 10:31:38 +0300	2019-11-04 10:31:38 +0300	2019-11-04 13:59:00 +0300	b6750e227eba41859133f63a94970a87	100 10 Kasa AP Ön		Atila Balcı Aygaz                   13/24				n	0/100	0/100	1970-01-01 02:00:00 +0200
===== END
===== START
===== END
===== START
C	cb0eb6b0a676497c9d060b4a9eb1070b	e6e16b5167a144eeacbc448bdc3fce49	2019-11-04 10:31:41 +0300	2019-11-04 10:31:41 +0300	2019-11-04 13:59:00 +0300	b6750e227eba41859133f63a94970a87	100 10 Kasa AP Ön		Atila Balcı Aygaz                   13/24				n	0/100	0/100	1970-01-01 02:00:00 +0200
===== END
===== START
===== END
===== START
C	130563dcc1d74ea8baec79d6c6a075fe	b55be89aecc0442c93a67c644809970a	2019-11-04 10:31:45 +0300	2019-11-04 10:31:45 +0300	2019-11-04 13:59:00 +0300	b6750e227eba41859133f63a94970a87	100 10 Kasa AP Ön		Atila Balcı Aygaz                   13/24				n	0/100	0/100	1970-01-01 02:00:00 +0200
===== END
===== START
===== END
===== START
B	717555d5755e4316ac93a9455dc47290	bbd1e8f6eaba44b8bdce2cff70a526cb	2019-11-04 10:31:52 +0300	2019-11-04 10:31:38 +0300	2019-11-04 13:59:00 +0300	b6750e227eba41859133f63a94970a87	100 10 Kasa AP Ön		Atila Balcı Aygaz                   13/24				n	0/100	0/100	1970-01-01 02:00:00 +0200
===== END
===== START
C	717555d5755e4316ac93a9455dc47290	bbd1e8f6eaba44b8bdce2cff70a526cb	2019-11-04 10:31:52 +0300	2019-11-04 10:31:38 +0300	2019-11-04 13:59:00 +0300	b6750e227eba41859133f63a94970a87	100 10 Kasa AP Ön		Atila Balcı Milangaz                  13/24				n	0/100	0/100	1970-01-01 02:00:00 +0200
===== END
===== START
B	717555d5755e4316ac93a9455dc47290	bbd1e8f6eaba44b8bdce2cff70a526cb	2019-11-04 10:31:58 +0300	2019-11-04 10:31:38 +0300	2019-11-04 13:59:00 +0300	b6750e227eba41859133f63a94970a87	100 10 Kasa AP Ön		Atila Balcı Milangaz                  13/24				n	0/100	0/100	1970-01-01 02:00:00 +0200
===== END
===== START
C	717555d5755e4316ac93a9455dc47290	bbd1e8f6eaba44b8bdce2cff70a526cb	2019-11-04 10:31:58 +0300	2019-11-04 10:31:38 +0300	2019-11-04 13:59:00 +0300	b6750e227eba41859133f63a94970a87	100 10 Kasa AP Ön		Atila Balcı Milangaz             13/24				n	0/100	0/100	1970-01-01 02:00:00 +0200
===== END
===== START
B	cb0eb6b0a676497c9d060b4a9eb1070b	e6e16b5167a144eeacbc448bdc3fce49	2019-11-04 10:32:03 +0300	2019-11-04 10:31:41 +0300	2019-11-04 13:59:00 +0300	b6750e227eba41859133f63a94970a87	100 10 Kasa AP Ön		Atila Balcı Aygaz                   13/24				n	0/100	0/100	1970-01-01 02:00:00 +0200
===== END
===== START
C	cb0eb6b0a676497c9d060b4a9eb1070b	e6e16b5167a144eeacbc448bdc3fce49	2019-11-04 10:32:03 +0300	2019-11-04 10:31:41 +0300	2019-11-04 13:59:00 +0300	b6750e227eba41859133f63a94970a87	100 10 Kasa AP Ön		Atila Balcı Yıkama                13/24				n	0/100	0/100	1970-01-01 02:00:00 +0200
===== END
===== START
B	130563dcc1d74ea8baec79d6c6a075fe	b55be89aecc0442c93a67c644809970a	2019-11-04 10:32:07 +0300	2019-11-04 10:31:45 +0300	2019-11-04 13:59:00 +0300	b6750e227eba41859133f63a94970a87	100 10 Kasa AP Ön		Atila Balcı Aygaz                   13/24				n	0/100	0/100	1970-01-01 02:00:00 +0200
===== END
===== START
D	130563dcc1d74ea8baec79d6c6a075fe	b55be89aecc0442c93a67c644809970a	2019-11-04 10:32:07 +0300	2019-11-04 10:31:45 +0300	2019-11-04 13:59:00 +0300	b6750e227eba41859133f63a94970a87	100 10 Kasa AP Ön		Atila Balcı Aygaz                   13/24				n	0/100	0/100	1970-01-01 02:00:00 +0200
===== END
===== START
B	75e4e9a7d05c48a08733b92e976b4178	22407efbf2644d859c60e6baf4fe3058	2019-11-04 10:32:27 +0300	2019-11-04 10:31:29 +0300	2019-11-04 13:59:00 +0300	b6750e227eba41859133f63a94970a87	100 10 Kasa AP Ön		Atila Balcı Aygaz                   13/24				n	0/100	0/100	1970-01-01 02:00:00 +0200
===== END
===== START
C	75e4e9a7d05c48a08733b92e976b4178	22407efbf2644d859c60e6baf4fe3058	2019-11-04 10:32:27 +0300	2019-11-04 10:31:29 +0300	2019-11-04 13:59:00 +0300	b6750e227eba41859133f63a94970a87	100 10 Kasa AP Ön		Atila Balcı Aygaz                   13/24				n	-379167/100	-379167/100	1970-01-01 02:00:00 +0200
C	75e4e9a7d05c48a08733b92e976b4178	233405ff560f4f71921907844073cde5	2019-11-04 10:32:27 +0300	2019-11-04 10:31:29 +0300	2019-11-04 13:59:00 +0300	97a241f04fe84af483d7c1285797b26f	Açık-TRY		Atila Balcı Aygaz                   13/24				n	379167/100	379167/100	1970-01-01 02:00:00 +0200
===== END
===== START
B	717555d5755e4316ac93a9455dc47290	bbd1e8f6eaba44b8bdce2cff70a526cb	2019-11-04 10:32:39 +0300	2019-11-04 10:31:38 +0300	2019-11-04 13:59:00 +0300	b6750e227eba41859133f63a94970a87	100 10 Kasa AP Ön		Atila Balcı Milangaz             13/24				n	0/100	0/100	1970-01-01 02:00:00 +0200
===== END
===== START
C	717555d5755e4316ac93a9455dc47290	bbd1e8f6eaba44b8bdce2cff70a526cb	2019-11-04 10:32:39 +0300	2019-11-04 10:31:38 +0300	2019-11-04 13:59:00 +0300	b6750e227eba41859133f63a94970a87	100 10 Kasa AP Ön		Atila Balcı Milangaz             13/24				n	-461500/100	-461500/100	1970-01-01 02:00:00 +0200
C	717555d5755e4316ac93a9455dc47290	d00d31f33d78419c9fdb6202a3ffc57b	2019-11-04 10:32:39 +0300	2019-11-04 10:31:38 +0300	2019-11-04 13:59:00 +0300	97a241f04fe84af483d7c1285797b26f	Açık-TRY		Atila Balcı Milangaz             13/24				n	461500/100	461500/100	1970-01-01 02:00:00 +0200
===== END
===== START
B	cb0eb6b0a676497c9d060b4a9eb1070b	e6e16b5167a144eeacbc448bdc3fce49	2019-11-04 10:32:51 +0300	2019-11-04 10:31:41 +0300	2019-11-04 13:59:00 +0300	b6750e227eba41859133f63a94970a87	100 10 Kasa AP Ön		Atila Balcı Yıkama                13/24				n	0/100	0/100	1970-01-01 02:00:00 +0200
===== END
===== START
C	cb0eb6b0a676497c9d060b4a9eb1070b	e6e16b5167a144eeacbc448bdc3fce49	2019-11-04 10:32:51 +0300	2019-11-04 10:31:41 +0300	2019-11-04 13:59:00 +0300	b6750e227eba41859133f63a94970a87	100 10 Kasa AP Ön		Atila Balcı Yıkama                13/24				n	-664/100	-664/100	1970-01-01 02:00:00 +0200
C	cb0eb6b0a676497c9d060b4a9eb1070b	6b802d64de5c40199bf0afd7f42f9008	2019-11-04 10:32:51 +0300	2019-11-04 10:31:41 +0300	2019-11-04 13:59:00 +0300	97a241f04fe84af483d7c1285797b26f	Açık-TRY		Atila Balcı Yıkama                13/24				n	664/100	664/100	1970-01-01 02:00:00 +0200
===== END
===== START
B	cb0eb6b0a676497c9d060b4a9eb1070b	6b802d64de5c40199bf0afd7f42f9008	2019-11-04 10:33:16 +0300	2019-11-04 10:31:41 +0300	2019-11-04 13:59:00 +0300	97a241f04fe84af483d7c1285797b26f	Açık-TRY		Atila Balcı Yıkama                13/24				n	664/100	664/100	1970-01-01 02:00:00 +0200
B	cb0eb6b0a676497c9d060b4a9eb1070b	e6e16b5167a144eeacbc448bdc3fce49	2019-11-04 10:33:16 +0300	2019-11-04 10:31:41 +0300	2019-11-04 13:59:00 +0300	b6750e227eba41859133f63a94970a87	100 10 Kasa AP Ön		Atila Balcı Yıkama                13/24				n	-664/100	-664/100	1970-01-01 02:00:00 +0200
===== END
===== START
C	cb0eb6b0a676497c9d060b4a9eb1070b	6b802d64de5c40199bf0afd7f42f9008	2019-11-04 10:33:16 +0300	2019-11-04 10:31:41 +0300	2019-11-04 13:59:00 +0300	97a241f04fe84af483d7c1285797b26f	Açık-TRY		Atila Balcı Yıkama                13/24				n	663542/100	663542/100	1970-01-01 02:00:00 +0200
C	cb0eb6b0a676497c9d060b4a9eb1070b	e6e16b5167a144eeacbc448bdc3fce49	2019-11-04 10:33:16 +0300	2019-11-04 10:31:41 +0300	2019-11-04 13:59:00 +0300	b6750e227eba41859133f63a94970a87	100 10 Kasa AP Ön		Atila Balcı Yıkama                13/24				n	-663542/100	-663542/100	1970-01-01 02:00:00 +0200
===== END
===== START
B	75e4e9a7d05c48a08733b92e976b4178	233405ff560f4f71921907844073cde5	2019-11-04 10:33:37 +0300	2019-11-04 10:31:29 +0300	2019-11-04 13:59:00 +0300	97a241f04fe84af483d7c1285797b26f	Açık-TRY		Atila Balcı Aygaz                   13/24				n	379167/100	379167/100	1970-01-01 02:00:00 +0200
B	75e4e9a7d05c48a08733b92e976b4178	22407efbf2644d859c60e6baf4fe3058	2019-11-04 10:33:37 +0300	2019-11-04 10:31:29 +0300	2019-11-04 13:59:00 +0300	b6750e227eba41859133f63a94970a87	100 10 Kasa AP Ön		Atila Balcı Aygaz                   13/24				n	-379167/100	-379167/100	1970-01-01 02:00:00 +0200
===== END
===== START
C	75e4e9a7d05c48a08733b92e976b4178	233405ff560f4f71921907844073cde5	2019-11-04 10:33:37 +0300	2019-11-04 10:31:29 +0300	2019-11-04 13:59:00 +0300	1e874b1c12a049dabe5b43e0a4e4dd86	100 01 Atila Balcı		Atila Balcı Aygaz                   13/24				n	379167/100	379167/100	1970-01-01 02:00:00 +0200
C	75e4e9a7d05c48a08733b92e976b4178	22407efbf2644d859c60e6baf4fe3058	2019-11-04 10:33:37 +0300	2019-11-04 10:31:29 +0300	2019-11-04 13:59:00 +0300	b6750e227eba41859133f63a94970a87	100 10 Kasa AP Ön		Atila Balcı Aygaz                   13/24				n	-379167/100	-379167/100	1970-01-01 02:00:00 +0200
===== END
===== START
B	717555d5755e4316ac93a9455dc47290	d00d31f33d78419c9fdb6202a3ffc57b	2019-11-04 10:33:43 +0300	2019-11-04 10:31:38 +0300	2019-11-04 13:59:00 +0300	97a241f04fe84af483d7c1285797b26f	Açık-TRY		Atila Balcı Milangaz             13/24				n	461500/100	461500/100	1970-01-01 02:00:00 +0200
B	717555d5755e4316ac93a9455dc47290	bbd1e8f6eaba44b8bdce2cff70a526cb	2019-11-04 10:33:43 +0300	2019-11-04 10:31:38 +0300	2019-11-04 13:59:00 +0300	b6750e227eba41859133f63a94970a87	100 10 Kasa AP Ön		Atila Balcı Milangaz             13/24				n	-461500/100	-461500/100	1970-01-01 02:00:00 +0200
===== END
===== START
C	717555d5755e4316ac93a9455dc47290	d00d31f33d78419c9fdb6202a3ffc57b	2019-11-04 10:33:43 +0300	2019-11-04 10:31:38 +0300	2019-11-04 13:59:00 +0300	1e874b1c12a049dabe5b43e0a4e4dd86	100 01 Atila Balcı		Atila Balcı Milangaz             13/24				n	461500/100	461500/100	1970-01-01 02:00:00 +0200
C	717555d5755e4316ac93a9455dc47290	bbd1e8f6eaba44b8bdce2cff70a526cb	2019-11-04 10:33:43 +0300	2019-11-04 10:31:38 +0300	2019-11-04 13:59:00 +0300	b6750e227eba41859133f63a94970a87	100 10 Kasa AP Ön		Atila Balcı Milangaz             13/24				n	-461500/100	-461500/100	1970-01-01 02:00:00 +0200
===== END
===== START
B	cb0eb6b0a676497c9d060b4a9eb1070b	6b802d64de5c40199bf0afd7f42f9008	2019-11-04 10:34:05 +0300	2019-11-04 10:31:41 +0300	2019-11-04 13:59:00 +0300	97a241f04fe84af483d7c1285797b26f	Açık-TRY		Atila Balcı Yıkama                13/24				n	663542/100	663542/100	1970-01-01 02:00:00 +0200
B	cb0eb6b0a676497c9d060b4a9eb1070b	e6e16b5167a144eeacbc448bdc3fce49	2019-11-04 10:34:05 +0300	2019-11-04 10:31:41 +0300	2019-11-04 13:59:00 +0300	b6750e227eba41859133f63a94970a87	100 10 Kasa AP Ön		Atila Balcı Yıkama                13/24				n	-663542/100	-663542/100	1970-01-01 02:00:00 +0200
===== END
===== START
C	cb0eb6b0a676497c9d060b4a9eb1070b	6b802d64de5c40199bf0afd7f42f9008	2019-11-04 10:34:05 +0300	2019-11-04 10:31:41 +0300	2019-11-04 13:59:00 +0300	1e874b1c12a049dabe5b43e0a4e4dd86	100 01 Atila Balcı		Atila Balcı Yıkama                13/24				n	663542/100	663542/100	1970-01-01 02:00:00 +0200
C	cb0eb6b0a676497c9d060b4a9eb1070b	e6e16b5167a144eeacbc448bdc3fce49	2019-11-04 10:34:05 +0300	2019-11-04 10:31:41 +0300	2019-11-04 13:59:00 +0300	b6750e227eba41859133f63a94970a87	100 10 Kasa AP Ön		Atila Balcı Yıkama                13/24				n	-663542/100	-663542/100	1970-01-01 02:00:00 +0200
===== END
===== START
B	cca72b72fb96419082c50062d8eeadcc	ac3d9342bd07499e9d0783e0ceb1a15f	2019-11-04 10:34:06 +0300	2019-11-02 16:54:56 +0300	2019-11-02 13:59:00 +0300	28ba1ac29c00408bba4631e86700e68c	100 11 Atila Balcı 		Atila Balcı Ön Arsa                  13/24				n	1504208/100	1504208/100	1970-01-01 02:00:00 +0200
B	cca72b72fb96419082c50062d8eeadcc	611d5f0534404cecb9a8bac62fbfa54b	2019-11-04 10:34:06 +0300	2019-11-02 16:54:56 +0300	2019-11-02 13:59:00 +0300	b6750e227eba41859133f63a94970a87	100 10 Kasa AP Ön		Atila Balcı Ön Arsa                  13/24				n	-1504208/100	-1504208/100	1970-01-01 02:00:00 +0200
===== END
===== START
D	cca72b72fb96419082c50062d8eeadcc	ac3d9342bd07499e9d0783e0ceb1a15f	2019-11-04 10:34:06 +0300	2019-11-02 16:54:56 +0300	2019-11-02 13:59:00 +0300	28ba1ac29c00408bba4631e86700e68c	100 11 Atila Balcı 		Atila Balcı Ön Arsa                  13/24				n	1504208/100	1504208/100	1970-01-01 02:00:00 +0200
D	cca72b72fb96419082c50062d8eeadcc	611d5f0534404cecb9a8bac62fbfa54b	2019-11-04 10:34:06 +0300	2019-11-02 16:54:56 +0300	2019-11-02 13:59:00 +0300	b6750e227eba41859133f63a94970a87	100 10 Kasa AP Ön		Atila Balcı Ön Arsa                  13/24				n	-1504208/100	-1504208/100	1970-01-01 02:00:00 +0200
===== END
===== START
===== END
===== START
B	01e36d85afc64b038a45209e8e40ca4b	d7c3b67c85a74c97abe9a6030ebe43b6	2019-11-04 10:34:19 +0300	2019-11-02 17:03:48 +0300	2019-11-02 13:59:00 +0300	1e874b1c12a049dabe5b43e0a4e4dd86	100 01 Atila Balcı						n	1504208/100	1504208/100	1970-01-01 02:00:00 +0200
B	01e36d85afc64b038a45209e8e40ca4b	22b5195a989246a9bb01bc26b7e0d038	2019-11-04 10:34:19 +0300	2019-11-02 17:03:48 +0300	2019-11-02 13:59:00 +0300	28ba1ac29c00408bba4631e86700e68c	100 11 Atila Balcı 						n	-1504208/100	-1504208/100	1970-01-01 02:00:00 +0200
===== END
===== START
D	01e36d85afc64b038a45209e8e40ca4b	d7c3b67c85a74c97abe9a6030ebe43b6	2019-11-04 10:34:19 +0300	2019-11-02 17:03:48 +0300	2019-11-02 13:59:00 +0300	1e874b1c12a049dabe5b43e0a4e4dd86	100 01 Atila Balcı						n	1504208/100	1504208/100	1970-01-01 02:00:00 +0200
D	01e36d85afc64b038a45209e8e40ca4b	22b5195a989246a9bb01bc26b7e0d038	2019-11-04 10:34:19 +0300	2019-11-02 17:03:48 +0300	2019-11-02 13:59:00 +0300	28ba1ac29c00408bba4631e86700e68c	100 11 Atila Balcı 						n	-1504208/100	-1504208/100	1970-01-01 02:00:00 +0200
===== END
