mod	trans_guid	split_guid	time_now	date_entered	date_posted	acc_guid	acc_name	num	description	notes	memo	action	reconciled	amount	value	date_reconciled
-----------------
===== START
===== END
===== START
===== END
===== START
===== END
===== START
===== END
===== START
D	a66531cb319943b0911ac40312d853aa	2af74d3e20924811b45e7b8602ac6df4	2019-11-02 16:47:45 +0300	2019-11-02 16:47:45 +0300	2019-11-02 13:59:00 +0300								n	0/1	0/100	1970-01-01 02:00:00 +0200
===== END
===== START
D	6877eebdb4954af88c9f85d03270a9f6	1e49aa9664bf4ee884158ae93ab1dfef	2019-11-02 16:51:42 +0300	2019-11-02 16:51:42 +0300	2019-11-02 13:59:00 +0300								n	0/1	0/100	1970-01-01 02:00:00 +0200
===== END
===== START
D	06c6d6d18f7c4f7a8148246746242837	709d09155c4d4d63a6d4a720621a1c5a	2019-11-02 16:51:49 +0300	2019-11-02 16:51:49 +0300	2019-11-02 13:59:00 +0300								n	0/1	0/100	1970-01-01 02:00:00 +0200
===== END
===== START
D	b1b1a1723b784ab8aad35fd2879ac1e1	b27b4e199c2b43bfa51fa8741500c8c9	2019-11-02 16:51:53 +0300	2019-11-02 16:51:53 +0300	2019-11-02 13:59:00 +0300								n	0/1	0/100	1970-01-01 02:00:00 +0200
===== END
===== START
===== END
===== START
B	8ff7c796d2214c87b13a0d0d29596f12	5f91774c264f4d639b89d037ffc32999	2019-11-02 16:52:09 +0300	2019-11-02 09:55:19 +0300	2019-07-01 13:59:00 +0300	6ef9271190a1420d94b037172833682d	100 20 AP Kasa Arka						n	1225000/100	1225000/100	1970-01-01 02:00:00 +0200
B	8ff7c796d2214c87b13a0d0d29596f12	dadae4660e0749eea96b57aacaabfa63	2019-11-02 16:52:09 +0300	2019-11-02 09:55:19 +0300	2019-07-01 13:59:00 +0300	e6db76ce4a5e41658984bd1f654da1bd	127 51 AP Adem Kesici						n	-1225000/100	-1225000/100	1970-01-01 02:00:00 +0200
===== END
===== START
D	8ff7c796d2214c87b13a0d0d29596f12	5f91774c264f4d639b89d037ffc32999	2019-11-02 16:52:09 +0300	2019-11-02 09:55:19 +0300	2019-07-01 13:59:00 +0300	6ef9271190a1420d94b037172833682d	100 20 AP Kasa Arka						n	1225000/100	1225000/100	1970-01-01 02:00:00 +0200
D	8ff7c796d2214c87b13a0d0d29596f12	dadae4660e0749eea96b57aacaabfa63	2019-11-02 16:52:09 +0300	2019-11-02 09:55:19 +0300	2019-07-01 13:59:00 +0300	e6db76ce4a5e41658984bd1f654da1bd	127 51 AP Adem Kesici						n	-1225000/100	-1225000/100	1970-01-01 02:00:00 +0200
===== END
===== START
B	3472347e3cde4628bab3641c4603069f	3f3c71f3531842489f57c64db6206091	2019-11-02 16:52:09 +0300	2019-11-02 10:19:25 +0300	2019-11-02 13:59:00 +0300	6ef9271190a1420d94b037172833682d	100 20 AP Kasa Arka						n	0/100	0/100	1970-01-01 02:00:00 +0200
B	3472347e3cde4628bab3641c4603069f	0f9b9121ad904f2ead89814917504d19	2019-11-02 16:52:09 +0300	2019-11-02 10:19:25 +0300	2019-11-02 13:59:00 +0300	28ba1ac29c00408bba4631e86700e68c	100 11 Atila Balcı 						n	0/100	0/100	1970-01-01 02:00:00 +0200
===== END
===== START
D	3472347e3cde4628bab3641c4603069f	3f3c71f3531842489f57c64db6206091	2019-11-02 16:52:09 +0300	2019-11-02 10:19:25 +0300	2019-11-02 13:59:00 +0300	6ef9271190a1420d94b037172833682d	100 20 AP Kasa Arka						n	0/100	0/100	1970-01-01 02:00:00 +0200
D	3472347e3cde4628bab3641c4603069f	0f9b9121ad904f2ead89814917504d19	2019-11-02 16:52:09 +0300	2019-11-02 10:19:25 +0300	2019-11-02 13:59:00 +0300	28ba1ac29c00408bba4631e86700e68c	100 11 Atila Balcı 						n	0/100	0/100	1970-01-01 02:00:00 +0200
===== END
===== START
B	dec4b1f237524f95947b36f7eabf62c7	9dd085ab33e745e3881e79172485db4f	2019-11-02 16:52:10 +0300	2019-11-02 10:19:30 +0300	2019-11-02 13:59:00 +0300	6ef9271190a1420d94b037172833682d	100 20 AP Kasa Arka						n	0/100	0/100	1970-01-01 02:00:00 +0200
B	dec4b1f237524f95947b36f7eabf62c7	32d2d72d0ff24a7ca865716adeb6ee69	2019-11-02 16:52:10 +0300	2019-11-02 10:19:30 +0300	2019-11-02 13:59:00 +0300	0cdf3bcc196d4f34ae13899e78876eb1	100 12 Hacı						n	0/100	0/100	1970-01-01 02:00:00 +0200
===== END
===== START
D	dec4b1f237524f95947b36f7eabf62c7	9dd085ab33e745e3881e79172485db4f	2019-11-02 16:52:10 +0300	2019-11-02 10:19:30 +0300	2019-11-02 13:59:00 +0300	6ef9271190a1420d94b037172833682d	100 20 AP Kasa Arka						n	0/100	0/100	1970-01-01 02:00:00 +0200
D	dec4b1f237524f95947b36f7eabf62c7	32d2d72d0ff24a7ca865716adeb6ee69	2019-11-02 16:52:10 +0300	2019-11-02 10:19:30 +0300	2019-11-02 13:59:00 +0300	0cdf3bcc196d4f34ae13899e78876eb1	100 12 Hacı						n	0/100	0/100	1970-01-01 02:00:00 +0200
===== END
===== START
B	0659c65e5f4e46629d57405b5e83b101	b7ffe5a5056d40d7893293c84120e9f0	2019-11-02 16:52:10 +0300	2019-11-02 10:19:34 +0300	2019-11-02 13:59:00 +0300	6ef9271190a1420d94b037172833682d	100 20 AP Kasa Arka						n	0/100	0/100	1970-01-01 02:00:00 +0200
B	0659c65e5f4e46629d57405b5e83b101	bb2ee8ed6fde41ac8299e6604ef0df5d	2019-11-02 16:52:10 +0300	2019-11-02 10:19:34 +0300	2019-11-02 13:59:00 +0300	f13c6826b7a644848cd16aa11591bc93	100 13 Nazan Balcı						n	0/100	0/100	1970-01-01 02:00:00 +0200
===== END
===== START
D	0659c65e5f4e46629d57405b5e83b101	b7ffe5a5056d40d7893293c84120e9f0	2019-11-02 16:52:10 +0300	2019-11-02 10:19:34 +0300	2019-11-02 13:59:00 +0300	6ef9271190a1420d94b037172833682d	100 20 AP Kasa Arka						n	0/100	0/100	1970-01-01 02:00:00 +0200
D	0659c65e5f4e46629d57405b5e83b101	bb2ee8ed6fde41ac8299e6604ef0df5d	2019-11-02 16:52:10 +0300	2019-11-02 10:19:34 +0300	2019-11-02 13:59:00 +0300	f13c6826b7a644848cd16aa11591bc93	100 13 Nazan Balcı						n	0/100	0/100	1970-01-01 02:00:00 +0200
===== END
===== START
===== END
===== START
B	5db44329e57e49e890a0223780918aaf	40d98c6481ad4ea0a483d490d1e1bfba	2019-11-02 16:52:20 +0300	2019-11-02 09:56:37 +0300	2019-01-01 13:59:00 +0300	b6750e227eba41859133f63a94970a87	100 10 AP Kasa Ön						n	700000/100	700000/100	1970-01-01 02:00:00 +0200
B	5db44329e57e49e890a0223780918aaf	b393a8280f184553a821fc322d6ce16a	2019-11-02 16:52:20 +0300	2019-11-02 09:56:37 +0300	2019-01-01 13:59:00 +0300	8db7671b8b2d47a0823b663e01ce6edc	127 52 Duygu Asena						n	-700000/100	-700000/100	1970-01-01 02:00:00 +0200
===== END
===== START
D	5db44329e57e49e890a0223780918aaf	40d98c6481ad4ea0a483d490d1e1bfba	2019-11-02 16:52:20 +0300	2019-11-02 09:56:37 +0300	2019-01-01 13:59:00 +0300	b6750e227eba41859133f63a94970a87	100 10 AP Kasa Ön						n	700000/100	700000/100	1970-01-01 02:00:00 +0200
D	5db44329e57e49e890a0223780918aaf	b393a8280f184553a821fc322d6ce16a	2019-11-02 16:52:20 +0300	2019-11-02 09:56:37 +0300	2019-01-01 13:59:00 +0300	8db7671b8b2d47a0823b663e01ce6edc	127 52 Duygu Asena						n	-700000/100	-700000/100	1970-01-01 02:00:00 +0200
===== END
===== START
B	828a5f22caa844d088fcbbb8b6453a8e	9eeb2d7788bb463a9a007a6268475c43	2019-11-02 16:52:20 +0300	2019-11-02 09:54:40 +0300	2019-07-01 13:59:00 +0300	b6750e227eba41859133f63a94970a87	100 10 AP Kasa Ön						n	1225000/100	1225000/100	1970-01-01 02:00:00 +0200
B	828a5f22caa844d088fcbbb8b6453a8e	98d6e96142044f68a914dd5c285ce715	2019-11-02 16:52:20 +0300	2019-11-02 09:54:40 +0300	2019-07-01 13:59:00 +0300	e6db76ce4a5e41658984bd1f654da1bd	127 51 AP Adem Kesici						n	-1225000/100	-1225000/100	1970-01-01 02:00:00 +0200
===== END
===== START
D	828a5f22caa844d088fcbbb8b6453a8e	9eeb2d7788bb463a9a007a6268475c43	2019-11-02 16:52:20 +0300	2019-11-02 09:54:40 +0300	2019-07-01 13:59:00 +0300	b6750e227eba41859133f63a94970a87	100 10 AP Kasa Ön						n	1225000/100	1225000/100	1970-01-01 02:00:00 +0200
D	828a5f22caa844d088fcbbb8b6453a8e	98d6e96142044f68a914dd5c285ce715	2019-11-02 16:52:20 +0300	2019-11-02 09:54:40 +0300	2019-07-01 13:59:00 +0300	e6db76ce4a5e41658984bd1f654da1bd	127 51 AP Adem Kesici						n	-1225000/100	-1225000/100	1970-01-01 02:00:00 +0200
===== END
===== START
B	dae7bfaee0094d1eb0d429a3eda8cc16	869469c338b34f0b97f1610d5fee33f9	2019-11-02 16:52:20 +0300	2019-11-02 09:57:19 +0300	2019-08-01 13:59:00 +0300	b6750e227eba41859133f63a94970a87	100 10 AP Kasa Ön						n	852000/100	852000/100	1970-01-01 02:00:00 +0200
B	dae7bfaee0094d1eb0d429a3eda8cc16	8a4ab573dd9a42b39cb2844c6fe24cd5	2019-11-02 16:52:20 +0300	2019-11-02 09:57:19 +0300	2019-08-01 13:59:00 +0300	11034438816f4d4e94d26fd848962ad3	127 53 Özge Kahraman						n	-852000/100	-852000/100	1970-01-01 02:00:00 +0200
===== END
===== START
D	dae7bfaee0094d1eb0d429a3eda8cc16	869469c338b34f0b97f1610d5fee33f9	2019-11-02 16:52:20 +0300	2019-11-02 09:57:19 +0300	2019-08-01 13:59:00 +0300	b6750e227eba41859133f63a94970a87	100 10 AP Kasa Ön						n	852000/100	852000/100	1970-01-01 02:00:00 +0200
D	dae7bfaee0094d1eb0d429a3eda8cc16	8a4ab573dd9a42b39cb2844c6fe24cd5	2019-11-02 16:52:20 +0300	2019-11-02 09:57:19 +0300	2019-08-01 13:59:00 +0300	11034438816f4d4e94d26fd848962ad3	127 53 Özge Kahraman						n	-852000/100	-852000/100	1970-01-01 02:00:00 +0200
===== END
===== START
B	f8886724a42943b59176ab15633ddce5	7e92bcd11518488280067b23e03cdf15	2019-11-02 16:52:21 +0300	2019-11-02 10:20:06 +0300	2019-11-02 13:59:00 +0300	b6750e227eba41859133f63a94970a87	100 10 AP Kasa Ön						n	0/100	0/100	1970-01-01 02:00:00 +0200
B	f8886724a42943b59176ab15633ddce5	564dfc9c01e34ad3b52431f3887fdc07	2019-11-02 16:52:21 +0300	2019-11-02 10:20:06 +0300	2019-11-02 13:59:00 +0300	b6750e227eba41859133f63a94970a87	100 10 AP Kasa Ön						n	0/100	0/100	1970-01-01 02:00:00 +0200
===== END
===== START
D	f8886724a42943b59176ab15633ddce5	7e92bcd11518488280067b23e03cdf15	2019-11-02 16:52:21 +0300	2019-11-02 10:20:06 +0300	2019-11-02 13:59:00 +0300	b6750e227eba41859133f63a94970a87	100 10 AP Kasa Ön						n	0/100	0/100	1970-01-01 02:00:00 +0200
D	f8886724a42943b59176ab15633ddce5	564dfc9c01e34ad3b52431f3887fdc07	2019-11-02 16:52:21 +0300	2019-11-02 10:20:06 +0300	2019-11-02 13:59:00 +0300	b6750e227eba41859133f63a94970a87	100 10 AP Kasa Ön						n	0/100	0/100	1970-01-01 02:00:00 +0200
===== END
===== START
B	8b4af914b5a848b6b0a2e472ebab8821	e4704c785a25491a838dbb60c09593c4	2019-11-02 16:52:21 +0300	2019-11-02 10:20:39 +0300	2019-11-02 13:59:00 +0300	b6750e227eba41859133f63a94970a87	100 10 AP Kasa Ön						n	0/100	0/100	1970-01-01 02:00:00 +0200
B	8b4af914b5a848b6b0a2e472ebab8821	5a79f208a8184eb6ab83d32d72f69b40	2019-11-02 16:52:21 +0300	2019-11-02 10:20:39 +0300	2019-11-02 13:59:00 +0300	b6750e227eba41859133f63a94970a87	100 10 AP Kasa Ön						n	0/100	0/100	1970-01-01 02:00:00 +0200
===== END
===== START
D	8b4af914b5a848b6b0a2e472ebab8821	e4704c785a25491a838dbb60c09593c4	2019-11-02 16:52:21 +0300	2019-11-02 10:20:39 +0300	2019-11-02 13:59:00 +0300	b6750e227eba41859133f63a94970a87	100 10 AP Kasa Ön						n	0/100	0/100	1970-01-01 02:00:00 +0200
D	8b4af914b5a848b6b0a2e472ebab8821	5a79f208a8184eb6ab83d32d72f69b40	2019-11-02 16:52:21 +0300	2019-11-02 10:20:39 +0300	2019-11-02 13:59:00 +0300	b6750e227eba41859133f63a94970a87	100 10 AP Kasa Ön						n	0/100	0/100	1970-01-01 02:00:00 +0200
===== END
===== START
===== END
===== START
C	4cfab9f81eba49e794f7aaedbca601de	4ac2efadbb4143c48cff8531cdb9374d	2019-11-02 16:53:13 +0300	2019-11-02 16:53:13 +0300	2019-11-02 13:59:00 +0300	e6db76ce4a5e41658984bd1f654da1bd	127 51 AP Adem Kesici						n	-1225000/100	-1225000/100	1970-01-01 02:00:00 +0200
C	4cfab9f81eba49e794f7aaedbca601de	5d82be30c2644adf8555a3325a047e25	2019-11-02 16:53:13 +0300	2019-11-02 16:53:13 +0300	2019-11-02 13:59:00 +0300	b6750e227eba41859133f63a94970a87	100 10 AP Kasa Ön						n	1225000/100	1225000/100	1970-01-01 02:00:00 +0200
===== END
===== START
===== END
===== START
C	6991802d0c2846b49312b8818751fe5f	56bada9d4c9f44019b801719d61bee10	2019-11-02 16:53:24 +0300	2019-11-02 16:53:24 +0300	2019-11-02 13:59:00 +0300	e6db76ce4a5e41658984bd1f654da1bd	127 51 AP Adem Kesici						n	-1225000/100	-1225000/100	1970-01-01 02:00:00 +0200
C	6991802d0c2846b49312b8818751fe5f	54909515aa0749c38623c741ef6a6618	2019-11-02 16:53:24 +0300	2019-11-02 16:53:24 +0300	2019-11-02 13:59:00 +0300	6ef9271190a1420d94b037172833682d	100 20 AP Kasa Arka						n	1225000/100	1225000/100	1970-01-01 02:00:00 +0200
===== END
===== START
===== END
===== START
===== END
===== START
C	03687fc239e34dfbbb46985eeb150fcc	62e2159952e244f292562a96e6471269	2019-11-02 16:53:52 +0300	2019-11-02 16:53:52 +0300	2019-11-02 13:59:00 +0300	8db7671b8b2d47a0823b663e01ce6edc	127 52 Duygu Asena						n	-700000/100	-700000/100	1970-01-01 02:00:00 +0200
C	03687fc239e34dfbbb46985eeb150fcc	eee2dfa5f41d4368b8cad69815c6a9f1	2019-11-02 16:53:52 +0300	2019-11-02 16:53:52 +0300	2019-11-02 13:59:00 +0300	b6750e227eba41859133f63a94970a87	100 10 AP Kasa Ön						n	700000/100	700000/100	1970-01-01 02:00:00 +0200
===== END
===== START
===== END
===== START
D	6d0e7908d2f04932848e87ca50a45223	93f8f03a7e144f7d8063c9565b254569	2019-11-02 16:53:55 +0300	2019-11-02 16:53:55 +0300	2019-11-02 13:59:00 +0300								n	0/1	0/100	1970-01-01 02:00:00 +0200
===== END
===== START
D	bc02b24d38794ccfb987565c0d9064da	b7db374c54e44aeaa96708bc7aeea2e0	2019-11-02 16:53:56 +0300	2019-11-02 16:53:56 +0300	2019-11-02 13:59:00 +0300								n	0/1	0/100	1970-01-01 02:00:00 +0200
===== END
===== START
===== END
===== START
C	b0c95843d5e64ebda52b2497368aa9a4	288b190064cb40c6b6660d9f1b7d6996	2019-11-02 16:54:12 +0300	2019-11-02 16:54:12 +0300	2019-11-02 13:59:00 +0300	11034438816f4d4e94d26fd848962ad3	127 53 Özge Kahraman						n	-852000/100	-852000/100	1970-01-01 02:00:00 +0200
C	b0c95843d5e64ebda52b2497368aa9a4	a9c759d99b504059b6ea294936f0a2db	2019-11-02 16:54:12 +0300	2019-11-02 16:54:12 +0300	2019-11-02 13:59:00 +0300	b6750e227eba41859133f63a94970a87	100 10 AP Kasa Ön						n	852000/100	852000/100	1970-01-01 02:00:00 +0200
===== END
===== START
===== END
===== START
C	cca72b72fb96419082c50062d8eeadcc	611d5f0534404cecb9a8bac62fbfa54b	2019-11-02 16:54:56 +0300	2019-11-02 16:54:56 +0300	2019-11-02 13:59:00 +0300	b6750e227eba41859133f63a94970a87	100 10 AP Kasa Ön		Atila Balcı Ön Arsa  13/24				n	0/100	0/100	1970-01-01 02:00:00 +0200
===== END
===== START
===== END
===== START
C	a9ff4a4996f047b5a88a4171483c7b10	ae59c5ccc0214b9b80309d94315c0b7b	2019-11-02 16:55:20 +0300	2019-11-02 16:55:20 +0300	2019-11-02 13:59:00 +0300	b6750e227eba41859133f63a94970a87	100 10 AP Kasa Ön		Hacı Murat Balcı Ön arsa 3/24				n	0/100	0/100	1970-01-01 02:00:00 +0200
===== END
===== START
===== END
===== START
C	7e385f99de9f44cca7d9e4976cdc8e97	31dc082384c2487494602ebede9de38a	2019-11-02 16:55:41 +0300	2019-11-02 16:55:41 +0300	2019-11-02 13:59:00 +0300	b6750e227eba41859133f63a94970a87	100 10 AP Kasa Ön		Nazan Balcı Ön arsa            8/24				n	0/100	0/100	1970-01-01 02:00:00 +0200
===== END
===== START
===== END
===== START
B	cca72b72fb96419082c50062d8eeadcc	611d5f0534404cecb9a8bac62fbfa54b	2019-11-02 16:55:49 +0300	2019-11-02 16:54:56 +0300	2019-11-02 13:59:00 +0300	b6750e227eba41859133f63a94970a87	100 10 AP Kasa Ön		Atila Balcı Ön Arsa  13/24				n	0/100	0/100	1970-01-01 02:00:00 +0200
===== END
===== START
C	cca72b72fb96419082c50062d8eeadcc	611d5f0534404cecb9a8bac62fbfa54b	2019-11-02 16:55:49 +0300	2019-11-02 16:54:56 +0300	2019-11-02 13:59:00 +0300	b6750e227eba41859133f63a94970a87	100 10 AP Kasa Ön		Atila Balcı Ön Arsa                  13/24				n	0/100	0/100	1970-01-01 02:00:00 +0200
===== END
===== START
C	be9d3dda35c947a19ff1581dbcf0f6cd	8a3f423138944616b67a9b614f90787a	2019-11-02 16:55:52 +0300	2019-11-02 16:55:52 +0300	2019-11-02 13:59:00 +0300	b6750e227eba41859133f63a94970a87	100 10 AP Kasa Ön						n	0/100	0/100	1970-01-01 02:00:00 +0200
===== END
===== START
===== END
===== START
B	a9ff4a4996f047b5a88a4171483c7b10	ae59c5ccc0214b9b80309d94315c0b7b	2019-11-02 16:55:57 +0300	2019-11-02 16:55:20 +0300	2019-11-02 13:59:00 +0300	b6750e227eba41859133f63a94970a87	100 10 AP Kasa Ön		Hacı Murat Balcı Ön arsa 3/24				n	0/100	0/100	1970-01-01 02:00:00 +0200
===== END
===== START
C	a9ff4a4996f047b5a88a4171483c7b10	ae59c5ccc0214b9b80309d94315c0b7b	2019-11-02 16:55:57 +0300	2019-11-02 16:55:20 +0300	2019-11-02 13:59:00 +0300	b6750e227eba41859133f63a94970a87	100 10 AP Kasa Ön		Hacı Murat Balcı Ön arsa        3/24				n	0/100	0/100	1970-01-01 02:00:00 +0200
===== END
===== START
B	7e385f99de9f44cca7d9e4976cdc8e97	31dc082384c2487494602ebede9de38a	2019-11-02 16:56:02 +0300	2019-11-02 16:55:41 +0300	2019-11-02 13:59:00 +0300	b6750e227eba41859133f63a94970a87	100 10 AP Kasa Ön		Nazan Balcı Ön arsa            8/24				n	0/100	0/100	1970-01-01 02:00:00 +0200
===== END
===== START
C	7e385f99de9f44cca7d9e4976cdc8e97	31dc082384c2487494602ebede9de38a	2019-11-02 16:56:02 +0300	2019-11-02 16:55:41 +0300	2019-11-02 13:59:00 +0300	b6750e227eba41859133f63a94970a87	100 10 AP Kasa Ön		Nazan Balcı Ön arsa                   8/24				n	0/100	0/100	1970-01-01 02:00:00 +0200
===== END
===== START
B	cca72b72fb96419082c50062d8eeadcc	611d5f0534404cecb9a8bac62fbfa54b	2019-11-02 16:56:23 +0300	2019-11-02 16:54:56 +0300	2019-11-02 13:59:00 +0300	b6750e227eba41859133f63a94970a87	100 10 AP Kasa Ön		Atila Balcı Ön Arsa                  13/24				n	0/100	0/100	1970-01-01 02:00:00 +0200
===== END
===== START
C	cca72b72fb96419082c50062d8eeadcc	611d5f0534404cecb9a8bac62fbfa54b	2019-11-02 16:56:23 +0300	2019-11-02 16:54:56 +0300	2019-11-02 13:59:00 +0300	b6750e227eba41859133f63a94970a87	100 10 AP Kasa Ön		Atila Balcı Ön Arsa                  13/24				n	-1504208/100	-1504208/100	1970-01-01 02:00:00 +0200
C	cca72b72fb96419082c50062d8eeadcc	ac3d9342bd07499e9d0783e0ceb1a15f	2019-11-02 16:56:23 +0300	2019-11-02 16:54:56 +0300	2019-11-02 13:59:00 +0300	df6b7ddb124f49cdba3287336b8dbd09	Açık-TRY		Atila Balcı Ön Arsa                  13/24				n	1504208/100	1504208/100	1970-01-01 02:00:00 +0200
===== END
===== START
B	a9ff4a4996f047b5a88a4171483c7b10	ae59c5ccc0214b9b80309d94315c0b7b	2019-11-02 16:56:33 +0300	2019-11-02 16:55:20 +0300	2019-11-02 13:59:00 +0300	b6750e227eba41859133f63a94970a87	100 10 AP Kasa Ön		Hacı Murat Balcı Ön arsa        3/24				n	0/100	0/100	1970-01-01 02:00:00 +0200
===== END
===== START
C	a9ff4a4996f047b5a88a4171483c7b10	ae59c5ccc0214b9b80309d94315c0b7b	2019-11-02 16:56:33 +0300	2019-11-02 16:55:20 +0300	2019-11-02 13:59:00 +0300	b6750e227eba41859133f63a94970a87	100 10 AP Kasa Ön		Hacı Murat Balcı Ön arsa        3/24				n	-347125/100	-347125/100	1970-01-01 02:00:00 +0200
C	a9ff4a4996f047b5a88a4171483c7b10	68539c13ac394fc484f212bb57460bb6	2019-11-02 16:56:33 +0300	2019-11-02 16:55:20 +0300	2019-11-02 13:59:00 +0300	df6b7ddb124f49cdba3287336b8dbd09	Açık-TRY		Hacı Murat Balcı Ön arsa        3/24				n	347125/100	347125/100	1970-01-01 02:00:00 +0200
===== END
===== START
B	7e385f99de9f44cca7d9e4976cdc8e97	31dc082384c2487494602ebede9de38a	2019-11-02 16:57:01 +0300	2019-11-02 16:55:41 +0300	2019-11-02 13:59:00 +0300	b6750e227eba41859133f63a94970a87	100 10 AP Kasa Ön		Nazan Balcı Ön arsa                   8/24				n	0/100	0/100	1970-01-01 02:00:00 +0200
===== END
===== START
C	7e385f99de9f44cca7d9e4976cdc8e97	31dc082384c2487494602ebede9de38a	2019-11-02 16:57:01 +0300	2019-11-02 16:55:41 +0300	2019-11-02 13:59:00 +0300	b6750e227eba41859133f63a94970a87	100 10 AP Kasa Ön		Nazan Balcı Ön arsa                   8/24				n	-925667/100	-925667/100	1970-01-01 02:00:00 +0200
C	7e385f99de9f44cca7d9e4976cdc8e97	7f0fb023230b4151859aeda9df31735a	2019-11-02 16:57:01 +0300	2019-11-02 16:55:41 +0300	2019-11-02 13:59:00 +0300	df6b7ddb124f49cdba3287336b8dbd09	Açık-TRY		Nazan Balcı Ön arsa                   8/24				n	925667/100	925667/100	1970-01-01 02:00:00 +0200
===== END
===== START
D	8455e0a963ff4aa5b61ede1ed3fe94ff	3a2991b526164a948352be76cedf4864	2019-11-02 16:57:16 +0300	2019-11-02 16:57:16 +0300	2019-11-02 13:59:00 +0300								n	0/1	0/100	1970-01-01 02:00:00 +0200
===== END
===== START
D	5e27cd76a99d423690a8420204d9df4b	a73cb12fda824e26abb9dded28beaaaf	2019-11-02 16:57:17 +0300	2019-11-02 16:57:17 +0300	2019-11-02 13:59:00 +0300								n	0/1	0/100	1970-01-01 02:00:00 +0200
===== END
===== START
===== END
===== START
B	cca72b72fb96419082c50062d8eeadcc	ac3d9342bd07499e9d0783e0ceb1a15f	2019-11-02 16:58:42 +0300	2019-11-02 16:54:56 +0300	2019-11-02 13:59:00 +0300	df6b7ddb124f49cdba3287336b8dbd09	Açık-TRY		Atila Balcı Ön Arsa                  13/24				n	1504208/100	1504208/100	1970-01-01 02:00:00 +0200
B	cca72b72fb96419082c50062d8eeadcc	611d5f0534404cecb9a8bac62fbfa54b	2019-11-02 16:58:42 +0300	2019-11-02 16:54:56 +0300	2019-11-02 13:59:00 +0300	b6750e227eba41859133f63a94970a87	100 10 AP Kasa Ön		Atila Balcı Ön Arsa                  13/24				n	-1504208/100	-1504208/100	1970-01-01 02:00:00 +0200
===== END
===== START
C	cca72b72fb96419082c50062d8eeadcc	ac3d9342bd07499e9d0783e0ceb1a15f	2019-11-02 16:58:42 +0300	2019-11-02 16:54:56 +0300	2019-11-02 13:59:00 +0300	28ba1ac29c00408bba4631e86700e68c	100 11 Atila Balcı 		Atila Balcı Ön Arsa                  13/24				n	1504208/100	1504208/100	1970-01-01 02:00:00 +0200
C	cca72b72fb96419082c50062d8eeadcc	611d5f0534404cecb9a8bac62fbfa54b	2019-11-02 16:58:42 +0300	2019-11-02 16:54:56 +0300	2019-11-02 13:59:00 +0300	b6750e227eba41859133f63a94970a87	100 10 AP Kasa Ön		Atila Balcı Ön Arsa                  13/24				n	-1504208/100	-1504208/100	1970-01-01 02:00:00 +0200
===== END
===== START
B	a9ff4a4996f047b5a88a4171483c7b10	68539c13ac394fc484f212bb57460bb6	2019-11-02 16:58:53 +0300	2019-11-02 16:55:20 +0300	2019-11-02 13:59:00 +0300	df6b7ddb124f49cdba3287336b8dbd09	Açık-TRY		Hacı Murat Balcı Ön arsa        3/24				n	347125/100	347125/100	1970-01-01 02:00:00 +0200
B	a9ff4a4996f047b5a88a4171483c7b10	ae59c5ccc0214b9b80309d94315c0b7b	2019-11-02 16:58:53 +0300	2019-11-02 16:55:20 +0300	2019-11-02 13:59:00 +0300	b6750e227eba41859133f63a94970a87	100 10 AP Kasa Ön		Hacı Murat Balcı Ön arsa        3/24				n	-347125/100	-347125/100	1970-01-01 02:00:00 +0200
===== END
===== START
C	a9ff4a4996f047b5a88a4171483c7b10	68539c13ac394fc484f212bb57460bb6	2019-11-02 16:58:53 +0300	2019-11-02 16:55:20 +0300	2019-11-02 13:59:00 +0300	0cdf3bcc196d4f34ae13899e78876eb1	100 12 Hacı		Hacı Murat Balcı Ön arsa        3/24				n	347125/100	347125/100	1970-01-01 02:00:00 +0200
C	a9ff4a4996f047b5a88a4171483c7b10	ae59c5ccc0214b9b80309d94315c0b7b	2019-11-02 16:58:53 +0300	2019-11-02 16:55:20 +0300	2019-11-02 13:59:00 +0300	b6750e227eba41859133f63a94970a87	100 10 AP Kasa Ön		Hacı Murat Balcı Ön arsa        3/24				n	-347125/100	-347125/100	1970-01-01 02:00:00 +0200
===== END
===== START
B	7e385f99de9f44cca7d9e4976cdc8e97	7f0fb023230b4151859aeda9df31735a	2019-11-02 16:59:01 +0300	2019-11-02 16:55:41 +0300	2019-11-02 13:59:00 +0300	df6b7ddb124f49cdba3287336b8dbd09	Açık-TRY		Nazan Balcı Ön arsa                   8/24				n	925667/100	925667/100	1970-01-01 02:00:00 +0200
B	7e385f99de9f44cca7d9e4976cdc8e97	31dc082384c2487494602ebede9de38a	2019-11-02 16:59:01 +0300	2019-11-02 16:55:41 +0300	2019-11-02 13:59:00 +0300	b6750e227eba41859133f63a94970a87	100 10 AP Kasa Ön		Nazan Balcı Ön arsa                   8/24				n	-925667/100	-925667/100	1970-01-01 02:00:00 +0200
===== END
===== START
C	7e385f99de9f44cca7d9e4976cdc8e97	7f0fb023230b4151859aeda9df31735a	2019-11-02 16:59:01 +0300	2019-11-02 16:55:41 +0300	2019-11-02 13:59:00 +0300	f13c6826b7a644848cd16aa11591bc93	100 13 Nazan Balcı		Nazan Balcı Ön arsa                   8/24				n	925667/100	925667/100	1970-01-01 02:00:00 +0200
C	7e385f99de9f44cca7d9e4976cdc8e97	31dc082384c2487494602ebede9de38a	2019-11-02 16:59:01 +0300	2019-11-02 16:55:41 +0300	2019-11-02 13:59:00 +0300	b6750e227eba41859133f63a94970a87	100 10 AP Kasa Ön		Nazan Balcı Ön arsa                   8/24				n	-925667/100	-925667/100	1970-01-01 02:00:00 +0200
===== END
===== START
C	20191122cc63434a9dd0eb4ca0bea393	ed41437517f24da885a4ed85d65e7eec	2019-11-02 16:59:45 +0300	2019-11-02 16:59:45 +0300	2019-11-02 13:59:00 +0300	6ef9271190a1420d94b037172833682d	100 20 AP Kasa Arka		Atila Balcı arka arsa         13/40				n	0/100	0/100	1970-01-01 02:00:00 +0200
===== END
===== START
===== END
===== START
C	0bd89d24b06940d2969ab18f5bc5d048	6ec95b9137d149d2a267ba5f0d7ea1c4	2019-11-02 17:00:09 +0300	2019-11-02 17:00:09 +0300	2019-11-02 13:59:00 +0300	6ef9271190a1420d94b037172833682d	100 20 AP Kasa Arka		Hacı Murat Balcı arka arsa    3/40				n	0/100	0/100	1970-01-01 02:00:00 +0200
===== END
===== START
===== END
===== START
C	c04f3a59548948d38ec0751ba88192ed	f0c2721e2059428bb56ace50ac3c89ae	2019-11-02 17:00:26 +0300	2019-11-02 17:00:26 +0300	2019-11-02 13:59:00 +0300	6ef9271190a1420d94b037172833682d	100 20 AP Kasa Arka		Nazan Balcı                                 24/40				n	0/100	0/100	1970-01-01 02:00:00 +0200
===== END
===== START
===== END
===== START
B	20191122cc63434a9dd0eb4ca0bea393	ed41437517f24da885a4ed85d65e7eec	2019-11-02 17:00:31 +0300	2019-11-02 16:59:45 +0300	2019-11-02 13:59:00 +0300	6ef9271190a1420d94b037172833682d	100 20 AP Kasa Arka		Atila Balcı arka arsa         13/40				n	0/100	0/100	1970-01-01 02:00:00 +0200
===== END
===== START
C	20191122cc63434a9dd0eb4ca0bea393	ed41437517f24da885a4ed85d65e7eec	2019-11-02 17:00:31 +0300	2019-11-02 16:59:45 +0300	2019-11-02 13:59:00 +0300	6ef9271190a1420d94b037172833682d	100 20 AP Kasa Arka		Atila Balcı arka arsa                13/40				n	0/100	0/100	1970-01-01 02:00:00 +0200
===== END
===== START
B	20191122cc63434a9dd0eb4ca0bea393	ed41437517f24da885a4ed85d65e7eec	2019-11-02 17:00:40 +0300	2019-11-02 16:59:45 +0300	2019-11-02 13:59:00 +0300	6ef9271190a1420d94b037172833682d	100 20 AP Kasa Arka		Atila Balcı arka arsa                13/40				n	0/100	0/100	1970-01-01 02:00:00 +0200
===== END
===== START
C	20191122cc63434a9dd0eb4ca0bea393	ed41437517f24da885a4ed85d65e7eec	2019-11-02 17:00:40 +0300	2019-11-02 16:59:45 +0300	2019-11-02 13:59:00 +0300	6ef9271190a1420d94b037172833682d	100 20 AP Kasa Arka		Atila Balcı arka arsa                13/40				n	0/100	0/100	1970-01-01 02:00:00 +0200
C	20191122cc63434a9dd0eb4ca0bea393	c14911f7f5c24917bf8e0d45a39582c4	2019-11-02 17:00:40 +0300	2019-11-02 16:59:45 +0300	2019-11-02 13:59:00 +0300	12533f47da204e46afb4b5b733aa06c3	100 21 Atila Balcı		Atila Balcı arka arsa                13/40				n	0/100	0/100	1970-01-01 02:00:00 +0200
===== END
===== START
B	0bd89d24b06940d2969ab18f5bc5d048	6ec95b9137d149d2a267ba5f0d7ea1c4	2019-11-02 17:00:44 +0300	2019-11-02 17:00:09 +0300	2019-11-02 13:59:00 +0300	6ef9271190a1420d94b037172833682d	100 20 AP Kasa Arka		Hacı Murat Balcı arka arsa    3/40				n	0/100	0/100	1970-01-01 02:00:00 +0200
===== END
===== START
C	0bd89d24b06940d2969ab18f5bc5d048	6ec95b9137d149d2a267ba5f0d7ea1c4	2019-11-02 17:00:44 +0300	2019-11-02 17:00:09 +0300	2019-11-02 13:59:00 +0300	6ef9271190a1420d94b037172833682d	100 20 AP Kasa Arka		Hacı Murat Balcı arka arsa    3/40				n	0/100	0/100	1970-01-01 02:00:00 +0200
C	0bd89d24b06940d2969ab18f5bc5d048	72011528e55949f9b1c2516f3aac28bb	2019-11-02 17:00:44 +0300	2019-11-02 17:00:09 +0300	2019-11-02 13:59:00 +0300	55fdd463d3a9475da5643f8b2622edd0	100 22 Hacı Murat Balcı		Hacı Murat Balcı arka arsa    3/40				n	0/100	0/100	1970-01-01 02:00:00 +0200
===== END
===== START
B	c04f3a59548948d38ec0751ba88192ed	f0c2721e2059428bb56ace50ac3c89ae	2019-11-02 17:00:50 +0300	2019-11-02 17:00:26 +0300	2019-11-02 13:59:00 +0300	6ef9271190a1420d94b037172833682d	100 20 AP Kasa Arka		Nazan Balcı                                 24/40				n	0/100	0/100	1970-01-01 02:00:00 +0200
===== END
===== START
C	c04f3a59548948d38ec0751ba88192ed	f0c2721e2059428bb56ace50ac3c89ae	2019-11-02 17:00:50 +0300	2019-11-02 17:00:26 +0300	2019-11-02 13:59:00 +0300	6ef9271190a1420d94b037172833682d	100 20 AP Kasa Arka		Nazan Balcı                                 24/40				n	0/100	0/100	1970-01-01 02:00:00 +0200
C	c04f3a59548948d38ec0751ba88192ed	e2c944d2e2704f3e8073e0a2f44fd588	2019-11-02 17:00:50 +0300	2019-11-02 17:00:26 +0300	2019-11-02 13:59:00 +0300	7fc233379a304719be9d35fc03157805	100 23 Nazan Balcı		Nazan Balcı                                 24/40				n	0/100	0/100	1970-01-01 02:00:00 +0200
===== END
===== START
B	20191122cc63434a9dd0eb4ca0bea393	ed41437517f24da885a4ed85d65e7eec	2019-11-02 17:01:00 +0300	2019-11-02 16:59:45 +0300	2019-11-02 13:59:00 +0300	6ef9271190a1420d94b037172833682d	100 20 AP Kasa Arka		Atila Balcı arka arsa                13/40				n	0/100	0/100	1970-01-01 02:00:00 +0200
B	20191122cc63434a9dd0eb4ca0bea393	c14911f7f5c24917bf8e0d45a39582c4	2019-11-02 17:01:00 +0300	2019-11-02 16:59:45 +0300	2019-11-02 13:59:00 +0300	12533f47da204e46afb4b5b733aa06c3	100 21 Atila Balcı		Atila Balcı arka arsa                13/40				n	0/100	0/100	1970-01-01 02:00:00 +0200
===== END
===== START
C	20191122cc63434a9dd0eb4ca0bea393	ed41437517f24da885a4ed85d65e7eec	2019-11-02 17:01:00 +0300	2019-11-02 16:59:45 +0300	2019-11-02 13:59:00 +0300	6ef9271190a1420d94b037172833682d	100 20 AP Kasa Arka		Atila Balcı arka arsa                13/40				n	-398125/100	-398125/100	1970-01-01 02:00:00 +0200
C	20191122cc63434a9dd0eb4ca0bea393	c14911f7f5c24917bf8e0d45a39582c4	2019-11-02 17:01:00 +0300	2019-11-02 16:59:45 +0300	2019-11-02 13:59:00 +0300	12533f47da204e46afb4b5b733aa06c3	100 21 Atila Balcı		Atila Balcı arka arsa                13/40				n	398125/100	398125/100	1970-01-01 02:00:00 +0200
===== END
===== START
B	0bd89d24b06940d2969ab18f5bc5d048	6ec95b9137d149d2a267ba5f0d7ea1c4	2019-11-02 17:01:13 +0300	2019-11-02 17:00:09 +0300	2019-11-02 13:59:00 +0300	6ef9271190a1420d94b037172833682d	100 20 AP Kasa Arka		Hacı Murat Balcı arka arsa    3/40				n	0/100	0/100	1970-01-01 02:00:00 +0200
B	0bd89d24b06940d2969ab18f5bc5d048	72011528e55949f9b1c2516f3aac28bb	2019-11-02 17:01:13 +0300	2019-11-02 17:00:09 +0300	2019-11-02 13:59:00 +0300	55fdd463d3a9475da5643f8b2622edd0	100 22 Hacı Murat Balcı		Hacı Murat Balcı arka arsa    3/40				n	0/100	0/100	1970-01-01 02:00:00 +0200
===== END
===== START
C	0bd89d24b06940d2969ab18f5bc5d048	6ec95b9137d149d2a267ba5f0d7ea1c4	2019-11-02 17:01:13 +0300	2019-11-02 17:00:09 +0300	2019-11-02 13:59:00 +0300	6ef9271190a1420d94b037172833682d	100 20 AP Kasa Arka		Hacı Murat Balcı arka arsa    3/40				n	-91875/100	-91875/100	1970-01-01 02:00:00 +0200
C	0bd89d24b06940d2969ab18f5bc5d048	72011528e55949f9b1c2516f3aac28bb	2019-11-02 17:01:13 +0300	2019-11-02 17:00:09 +0300	2019-11-02 13:59:00 +0300	55fdd463d3a9475da5643f8b2622edd0	100 22 Hacı Murat Balcı		Hacı Murat Balcı arka arsa    3/40				n	91875/100	91875/100	1970-01-01 02:00:00 +0200
===== END
===== START
B	c04f3a59548948d38ec0751ba88192ed	f0c2721e2059428bb56ace50ac3c89ae	2019-11-02 17:01:25 +0300	2019-11-02 17:00:26 +0300	2019-11-02 13:59:00 +0300	6ef9271190a1420d94b037172833682d	100 20 AP Kasa Arka		Nazan Balcı                                 24/40				n	0/100	0/100	1970-01-01 02:00:00 +0200
B	c04f3a59548948d38ec0751ba88192ed	e2c944d2e2704f3e8073e0a2f44fd588	2019-11-02 17:01:25 +0300	2019-11-02 17:00:26 +0300	2019-11-02 13:59:00 +0300	7fc233379a304719be9d35fc03157805	100 23 Nazan Balcı		Nazan Balcı                                 24/40				n	0/100	0/100	1970-01-01 02:00:00 +0200
===== END
===== START
C	c04f3a59548948d38ec0751ba88192ed	f0c2721e2059428bb56ace50ac3c89ae	2019-11-02 17:01:25 +0300	2019-11-02 17:00:26 +0300	2019-11-02 13:59:00 +0300	6ef9271190a1420d94b037172833682d	100 20 AP Kasa Arka		Nazan Balcı                                 24/40				n	-735000/100	-735000/100	1970-01-01 02:00:00 +0200
C	c04f3a59548948d38ec0751ba88192ed	e2c944d2e2704f3e8073e0a2f44fd588	2019-11-02 17:01:25 +0300	2019-11-02 17:00:26 +0300	2019-11-02 13:59:00 +0300	7fc233379a304719be9d35fc03157805	100 23 Nazan Balcı		Nazan Balcı                                 24/40				n	735000/100	735000/100	1970-01-01 02:00:00 +0200
===== END
===== START
===== END
