mod	trans_guid	split_guid	time_now	date_entered	date_posted	acc_guid	acc_name	num	description	notes	memo	action	reconciled	amount	value	date_reconciled
-----------------
===== START
C	01e36d85afc64b038a45209e8e40ca4b	22b5195a989246a9bb01bc26b7e0d038	2019-11-02 17:03:48 +0300	2019-11-02 17:03:48 +0300	2019-11-02 13:59:00 +0300	28ba1ac29c00408bba4631e86700e68c	100 11 Atila Balcı 						n	-1504208/100	-1504208/100	1970-01-01 02:00:00 +0200
C	01e36d85afc64b038a45209e8e40ca4b	d7c3b67c85a74c97abe9a6030ebe43b6	2019-11-02 17:03:48 +0300	2019-11-02 17:03:48 +0300	2019-11-02 13:59:00 +0300	1e874b1c12a049dabe5b43e0a4e4dd86	100 01 Atila Balcı						n	1504208/100	1504208/100	1970-01-01 02:00:00 +0200
===== END
===== START
===== END
===== START
D	9c2e1617a0e0431ea39c1f8550f9a0c3	345e0e8c0276460abdf16f5e737338fb	2019-11-02 17:03:51 +0300	2019-11-02 17:03:51 +0300	2019-11-02 13:59:00 +0300								n	0/1	0/100	1970-01-01 02:00:00 +0200
===== END
===== START
D	6ab78c9494e84acc8ee2e3d5aa6f66fa	bcba39b81cc440008e06c7761bc2e64f	2019-11-02 17:03:54 +0300	2019-11-02 17:03:54 +0300	2019-11-02 13:59:00 +0300								n	0/1	0/100	1970-01-01 02:00:00 +0200
===== END
===== START
D	de7c9b549b114983a79c4c3e94513820	bbcd0e52d5c843c185eea7d8240568c9	2019-11-02 17:03:55 +0300	2019-11-02 17:03:55 +0300	2019-11-02 13:59:00 +0300								n	0/1	0/100	1970-01-01 02:00:00 +0200
===== END
===== START
===== END
===== START
C	a0b3005041784856aabc340c2b324b02	89345315e88143c49ed698b75787947a	2019-11-02 17:04:11 +0300	2019-11-02 17:04:11 +0300	2019-11-02 13:59:00 +0300	12533f47da204e46afb4b5b733aa06c3	100 21 Atila Balcı						n	-398125/100	-398125/100	1970-01-01 02:00:00 +0200
C	a0b3005041784856aabc340c2b324b02	179c2dadebb345db92f223e0e009507d	2019-11-02 17:04:11 +0300	2019-11-02 17:04:11 +0300	2019-11-02 13:59:00 +0300	1e874b1c12a049dabe5b43e0a4e4dd86	100 01 Atila Balcı						n	398125/100	398125/100	1970-01-01 02:00:00 +0200
===== END
===== START
===== END
===== START
===== END
===== START
C	24f142ab1e464ba0af78738503aa26cb	1f693c292e3942f5af6387b767e2c624	2019-11-02 17:04:56 +0300	2019-11-02 17:04:56 +0300	2019-11-02 13:59:00 +0300	0cdf3bcc196d4f34ae13899e78876eb1	100 12 Hacı Murat Balcı						n	-347125/100	-347125/100	1970-01-01 02:00:00 +0200
C	24f142ab1e464ba0af78738503aa26cb	a8dada1742ad4f5688956e42270ef90a	2019-11-02 17:04:56 +0300	2019-11-02 17:04:56 +0300	2019-11-02 13:59:00 +0300	1779f9c52a2c42908ae638739759d7c0	100 02 Hacı Murat Balcı						n	347125/100	347125/100	1970-01-01 02:00:00 +0200
===== END
===== START
===== END
===== START
D	ec7384675eb24ba289818e0b6bdb8495	63f651d235b6424f8744df29cc11b54e	2019-11-02 17:04:57 +0300	2019-11-02 17:04:57 +0300	2019-11-02 13:59:00 +0300								n	0/1	0/100	1970-01-01 02:00:00 +0200
===== END
===== START
D	46225f8deecc494a8a35ee61320211d6	3f93824973cb45538ecdb1894eb377c7	2019-11-02 17:04:58 +0300	2019-11-02 17:04:58 +0300	2019-11-02 13:59:00 +0300								n	0/1	0/100	1970-01-01 02:00:00 +0200
===== END
===== START
===== END
===== START
C	04fd2472c8934fdb8677dad236ade591	f4699f104759476b971f78d9625abfcd	2019-11-02 17:05:12 +0300	2019-11-02 17:05:12 +0300	2019-11-02 13:59:00 +0300	55fdd463d3a9475da5643f8b2622edd0	100 22 Hacı Murat Balcı						n	-91875/100	-91875/100	1970-01-01 02:00:00 +0200
C	04fd2472c8934fdb8677dad236ade591	87743d3a79844b689336d451438614ab	2019-11-02 17:05:12 +0300	2019-11-02 17:05:12 +0300	2019-11-02 13:59:00 +0300	1779f9c52a2c42908ae638739759d7c0	100 02 Hacı Murat Balcı						n	91875/100	91875/100	1970-01-01 02:00:00 +0200
===== END
===== START
===== END
===== START
D	539fc4e6a0e544e788705081ed5c2c72	7008c4cd4d5c425f9925f62d42863162	2019-11-02 17:05:14 +0300	2019-11-02 17:05:14 +0300	2019-11-02 13:59:00 +0300								n	0/1	0/100	1970-01-01 02:00:00 +0200
===== END
===== START
===== END
===== START
C	5425b72154e84c31835674beefcd3d42	48a4951d739943a4bc7ab9343dadeee5	2019-11-02 17:05:28 +0300	2019-11-02 17:05:28 +0300	2019-11-02 13:59:00 +0300	7fc233379a304719be9d35fc03157805	100 23 Nazan Balcı						n	-735000/100	-735000/100	1970-01-01 02:00:00 +0200
C	5425b72154e84c31835674beefcd3d42	ff9f1142ca4b4951b12a53f784589236	2019-11-02 17:05:28 +0300	2019-11-02 17:05:28 +0300	2019-11-02 13:59:00 +0300	972b2174d97c4c339117c4b2953ce84d	100 03 Nazan Balcı						n	735000/100	735000/100	1970-01-01 02:00:00 +0200
===== END
===== START
===== END
===== START
D	8c03974afdc14ca781e2eaef853e3b40	744906883e9e49248f9ca031b485e0a2	2019-11-02 17:05:30 +0300	2019-11-02 17:05:30 +0300	2019-11-02 13:59:00 +0300								n	0/1	0/100	1970-01-01 02:00:00 +0200
===== END
===== START
===== END
===== START
C	a9cc53e64a9543e8ab5aad9c452647a6	f69c318b80f048e180ea9280e89dd786	2019-11-02 17:05:41 +0300	2019-11-02 17:05:41 +0300	2019-11-02 13:59:00 +0300	f13c6826b7a644848cd16aa11591bc93	100 13 Nazan Balcı						n	-925667/100	-925667/100	1970-01-01 02:00:00 +0200
C	a9cc53e64a9543e8ab5aad9c452647a6	34347a99d22349b185585fc6c0d07628	2019-11-02 17:05:41 +0300	2019-11-02 17:05:41 +0300	2019-11-02 13:59:00 +0300	df6b7ddb124f49cdba3287336b8dbd09	Açık-TRY						n	925667/100	925667/100	1970-01-01 02:00:00 +0200
===== END
===== START
===== END
===== START
D	1a52e2de1bf04e9cb4d87dc2e85ffae2	75c3a47ac32144768a37aa4104bb89ae	2019-11-02 17:05:43 +0300	2019-11-02 17:05:43 +0300	2019-11-02 13:59:00 +0300								n	0/1	0/100	1970-01-01 02:00:00 +0200
===== END
===== START
===== END
===== START
B	a9cc53e64a9543e8ab5aad9c452647a6	34347a99d22349b185585fc6c0d07628	2019-11-02 17:06:44 +0300	2019-11-02 17:05:41 +0300	2019-11-02 13:59:00 +0300	df6b7ddb124f49cdba3287336b8dbd09	Açık-TRY						n	925667/100	925667/100	1970-01-01 02:00:00 +0200
B	a9cc53e64a9543e8ab5aad9c452647a6	f69c318b80f048e180ea9280e89dd786	2019-11-02 17:06:44 +0300	2019-11-02 17:05:41 +0300	2019-11-02 13:59:00 +0300	f13c6826b7a644848cd16aa11591bc93	100 13 Nazan Balcı						n	-925667/100	-925667/100	1970-01-01 02:00:00 +0200
===== END
===== START
C	a9cc53e64a9543e8ab5aad9c452647a6	34347a99d22349b185585fc6c0d07628	2019-11-02 17:06:44 +0300	2019-11-02 17:05:41 +0300	2019-11-02 13:59:00 +0300	df6b7ddb124f49cdba3287336b8dbd09	Açık-TRY						n	925667/100	925667/100	1970-01-01 02:00:00 +0200
C	a9cc53e64a9543e8ab5aad9c452647a6	f69c318b80f048e180ea9280e89dd786	2019-11-02 17:06:44 +0300	2019-11-02 17:05:41 +0300	2019-11-02 13:59:00 +0300	f13c6826b7a644848cd16aa11591bc93	100 13 Nazan Balcı						n	-925667/100	-925667/100	1970-01-01 02:00:00 +0200
===== END
===== START
D	ef0f57ade5754ec4b73b19ff88f89325	ec1e1d0e88b64eba9982e5b26d76911c	2019-11-02 17:07:00 +0300	2019-11-02 17:07:00 +0300	2019-11-02 13:59:00 +0300	df6b7ddb124f49cdba3287336b8dbd09	Açık-TRY						n	0/1	0/100	1970-01-01 02:00:00 +0200
===== END
===== START
===== END
===== START
===== END
===== START
B	7e385f99de9f44cca7d9e4976cdc8e97	7f0fb023230b4151859aeda9df31735a	2019-11-02 17:07:28 +0300	2019-11-02 16:55:41 +0300	2019-11-02 13:59:00 +0300	f13c6826b7a644848cd16aa11591bc93	100 13 Nazan Balcı		Nazan Balcı Ön arsa                   8/24				n	925667/100	925667/100	1970-01-01 02:00:00 +0200
B	7e385f99de9f44cca7d9e4976cdc8e97	31dc082384c2487494602ebede9de38a	2019-11-02 17:07:28 +0300	2019-11-02 16:55:41 +0300	2019-11-02 13:59:00 +0300	b6750e227eba41859133f63a94970a87	100 10 AP Kasa Ön		Nazan Balcı Ön arsa                   8/24				n	-925667/100	-925667/100	1970-01-01 02:00:00 +0200
===== END
===== START
D	7e385f99de9f44cca7d9e4976cdc8e97	7f0fb023230b4151859aeda9df31735a	2019-11-02 17:07:28 +0300	2019-11-02 16:55:41 +0300	2019-11-02 13:59:00 +0300	f13c6826b7a644848cd16aa11591bc93	100 13 Nazan Balcı		Nazan Balcı Ön arsa                   8/24				n	925667/100	925667/100	1970-01-01 02:00:00 +0200
D	7e385f99de9f44cca7d9e4976cdc8e97	31dc082384c2487494602ebede9de38a	2019-11-02 17:07:28 +0300	2019-11-02 16:55:41 +0300	2019-11-02 13:59:00 +0300	b6750e227eba41859133f63a94970a87	100 10 AP Kasa Ön		Nazan Balcı Ön arsa                   8/24				n	-925667/100	-925667/100	1970-01-01 02:00:00 +0200
===== END
===== START
B	a9cc53e64a9543e8ab5aad9c452647a6	34347a99d22349b185585fc6c0d07628	2019-11-02 17:07:28 +0300	2019-11-02 17:05:41 +0300	2019-11-02 13:59:00 +0300	df6b7ddb124f49cdba3287336b8dbd09	Açık-TRY						n	925667/100	925667/100	1970-01-01 02:00:00 +0200
B	a9cc53e64a9543e8ab5aad9c452647a6	f69c318b80f048e180ea9280e89dd786	2019-11-02 17:07:28 +0300	2019-11-02 17:05:41 +0300	2019-11-02 13:59:00 +0300	f13c6826b7a644848cd16aa11591bc93	100 13 Nazan Balcı						n	-925667/100	-925667/100	1970-01-01 02:00:00 +0200
===== END
===== START
D	a9cc53e64a9543e8ab5aad9c452647a6	34347a99d22349b185585fc6c0d07628	2019-11-02 17:07:28 +0300	2019-11-02 17:05:41 +0300	2019-11-02 13:59:00 +0300	df6b7ddb124f49cdba3287336b8dbd09	Açık-TRY						n	925667/100	925667/100	1970-01-01 02:00:00 +0200
D	a9cc53e64a9543e8ab5aad9c452647a6	f69c318b80f048e180ea9280e89dd786	2019-11-02 17:07:28 +0300	2019-11-02 17:05:41 +0300	2019-11-02 13:59:00 +0300	f13c6826b7a644848cd16aa11591bc93	100 13 Nazan Balcı						n	-925667/100	-925667/100	1970-01-01 02:00:00 +0200
===== END
===== START
D	19b3463008364c13835882e81ccd7773	669476f09cdd42e79f3c143779fffaa4	2019-11-02 17:07:32 +0300	2019-11-02 17:07:32 +0300	2019-11-02 13:59:00 +0300								n	0/1	0/100	1970-01-01 02:00:00 +0200
===== END
===== START
D	00fedffb090140edb3ca8e7cc5e9ca8a	396881bb088f4251bfb9fe0a2b84c658	2019-11-02 17:07:33 +0300	2019-11-02 17:07:33 +0300	2019-11-02 13:59:00 +0300								n	0/1	0/100	1970-01-01 02:00:00 +0200
===== END
===== START
===== END
===== START
D	f610cdcbb41343eead9ae56fbf828b4f	d62b8820da4846599b9246ea378e53d3	2019-11-02 17:07:53 +0300	2019-11-02 17:07:53 +0300	2019-11-02 13:59:00 +0300								n	0/1	0/100	1970-01-01 02:00:00 +0200
===== END
===== START
===== END
===== START
D	076d5b7961e14ce6b9d73db2833d6ad3	91b07fa24b0f472ea48952cf88f9dfd2	2019-11-02 17:08:04 +0300	2019-11-02 17:08:04 +0300	2019-11-02 13:59:00 +0300								n	0/1	0/100	1970-01-01 02:00:00 +0200
===== END
===== START
===== END
===== START
D	bface80749c0421a83a1236bb9e3f375	b6579624c76a41eaa30c45eba775599e	2019-11-02 17:08:31 +0300	2019-11-02 17:08:31 +0300	2019-11-02 13:59:00 +0300								n	0/1	0/100	1970-01-01 02:00:00 +0200
===== END
===== START
===== END
===== START
D	509236f90704405eacf445507fda806f	17fe02e7f499499db8b87e0f52bd39ad	2019-11-02 17:08:37 +0300	2019-11-02 17:08:37 +0300	2019-11-02 13:59:00 +0300								n	0/1	0/100	1970-01-01 02:00:00 +0200
===== END
===== START
===== END
===== START
D	c3a121ec503a4d91a8b3bdd52d5b4be1	97fb96ad675d44438ec3faeeb4e36163	2019-11-02 17:08:40 +0300	2019-11-02 17:08:40 +0300	2019-11-02 13:59:00 +0300								n	0/1	0/100	1970-01-01 02:00:00 +0200
===== END
===== START
===== END
===== START
B	be9d3dda35c947a19ff1581dbcf0f6cd	8a3f423138944616b67a9b614f90787a	2019-11-02 17:09:22 +0300	2019-11-02 16:55:52 +0300	2019-11-02 13:59:00 +0300	b6750e227eba41859133f63a94970a87	100 10 AP Kasa Ön						n	0/100	0/100	1970-01-01 02:00:00 +0200
===== END
===== START
C	be9d3dda35c947a19ff1581dbcf0f6cd	8a3f423138944616b67a9b614f90787a	2019-11-02 17:09:22 +0300	2019-11-02 16:55:52 +0300	2019-11-02 13:59:00 +0300	b6750e227eba41859133f63a94970a87	100 10 AP Kasa Ön		Nazan Balcı                                     8/24				n	-925667/100	-925667/100	1970-01-01 02:00:00 +0200
C	be9d3dda35c947a19ff1581dbcf0f6cd	a7ee4717861d42739ae2bc2dc687f143	2019-11-02 17:09:22 +0300	2019-11-02 16:55:52 +0300	2019-11-02 13:59:00 +0300	f13c6826b7a644848cd16aa11591bc93	100 13 Nazan Balcı		Nazan Balcı                                     8/24				n	925667/100	925667/100	1970-01-01 02:00:00 +0200
===== END
===== START
===== END
===== START
C	78e2a95c38d345888d3dc5239c0177ba	2b1553aa5a5b4314bb165dbb37aac555	2019-11-02 17:09:49 +0300	2019-11-02 17:09:49 +0300	2019-11-02 13:59:00 +0300	f13c6826b7a644848cd16aa11591bc93	100 13 Nazan Balcı						n	0/100	0/100	1970-01-01 02:00:00 +0200
===== END
===== START
===== END
===== START
===== END
===== START
C	328c9802aafe4e7c8bebe35f2c41afa3	fe4cadcb15f141acb09d9ef081bd729b	2019-11-02 17:12:59 +0300	2019-11-02 17:12:59 +0300	2019-11-02 13:59:00 +0300	f13c6826b7a644848cd16aa11591bc93	100 13 Nazan Balcı						n	-925667/100	-925667/100	1970-01-01 02:00:00 +0200
C	328c9802aafe4e7c8bebe35f2c41afa3	a88e1da0f520431cbbc3e95bd8c511d1	2019-11-02 17:12:59 +0300	2019-11-02 17:12:59 +0300	2019-11-02 13:59:00 +0300	972b2174d97c4c339117c4b2953ce84d	100 03 Nazan Balcı						n	925667/100	925667/100	1970-01-01 02:00:00 +0200
===== END
===== START
===== END
===== START
===== END
===== START
D	6b0ccfa6eb084d44811f9d28effcc83c	2f5baedf3cca4a8cbec2246900bc654c	2019-11-02 17:15:32 +0300	2019-11-02 17:15:32 +0300	2019-11-02 13:59:00 +0300								n	0/1	0/100	1970-01-01 02:00:00 +0200
===== END
===== START
D	14874b1fc172496d80b772893d2cc735	e213c886385346068f02057d196d1019	2019-11-02 17:15:38 +0300	2019-11-02 17:15:38 +0300	2019-11-02 13:59:00 +0300								n	0/1	0/100	1970-01-01 02:00:00 +0200
===== END
===== START
D	b327d3f539e64d36b3cdee9e2967d3a9	1fc0f5f0d37146b58d2f72373b04f203	2019-11-02 17:15:40 +0300	2019-11-02 17:15:40 +0300	2019-11-02 13:59:00 +0300								n	0/1	0/100	1970-01-01 02:00:00 +0200
===== END
===== START
D	a0f5f37c15ef4b91a1f0429544a1dc9a	690d5685838f456d92c994cea4ea6742	2019-11-02 17:15:52 +0300	2019-11-02 17:15:52 +0300	2019-11-02 13:59:00 +0300								n	0/1	0/100	1970-01-01 02:00:00 +0200
===== END
===== START
===== END
===== START
===== END
===== START
===== END
