mod	trans_guid	split_guid	time_now	date_entered	date_posted	acc_guid	acc_name	num	description	notes	memo	action	reconciled	amount	value	date_reconciled
-----------------
===== START
===== END
===== START
D	695a43bc4d4449e99e8749326c95d303	84cf4e050e934cf598c28281a915bb2e	2019-11-15 09:18:12 +0300	2019-11-15 09:18:12 +0300	2019-11-15 13:59:00 +0300								n	0/1	0/100	1970-01-01 02:00:00 +0200
===== END
===== START
===== END
===== START
D	2d36a7e5f8a84f1f9c61ee31deaf723d	c7f700dcd259409d85539b856defd348	2019-11-15 10:40:21 +0300	2019-11-15 10:40:21 +0300	2019-11-15 13:59:00 +0300								n	0/1	0/100	1970-01-01 02:00:00 +0200
===== END
===== START
===== END
===== START
B	6991802d0c2846b49312b8818751fe5f	54909515aa0749c38623c741ef6a6618	2019-11-15 10:45:29 +0300	2019-11-02 16:53:24 +0300	2019-11-02 13:59:00 +0300	6ef9271190a1420d94b037172833682d	01 Ali Paşa Arka Kasa						n	1320000/100	1320000/100	1970-01-01 02:00:00 +0200
B	6991802d0c2846b49312b8818751fe5f	56bada9d4c9f44019b801719d61bee10	2019-11-15 10:45:29 +0300	2019-11-02 16:53:24 +0300	2019-11-02 13:59:00 +0300	e6db76ce4a5e41658984bd1f654da1bd	127 3-4 Adem Kesici Yıkama						n	-1320000/100	-1320000/100	1970-01-01 02:00:00 +0200
===== END
===== START
C	6991802d0c2846b49312b8818751fe5f	54909515aa0749c38623c741ef6a6618	2019-11-15 10:45:29 +0300	2019-11-02 16:53:24 +0300	2019-11-02 13:59:00 +0300	6ef9271190a1420d94b037172833682d	01 Ali Paşa Arka Kasa		2019 Ali Paşa Arka Kira Bedeli				n	1320000/100	1320000/100	1970-01-01 02:00:00 +0200
C	6991802d0c2846b49312b8818751fe5f	56bada9d4c9f44019b801719d61bee10	2019-11-15 10:45:29 +0300	2019-11-02 16:53:24 +0300	2019-11-02 13:59:00 +0300	e6db76ce4a5e41658984bd1f654da1bd	127 3-4 Adem Kesici Yıkama		2019 Ali Paşa Arka Kira Bedeli				n	-1320000/100	-1320000/100	1970-01-01 02:00:00 +0200
===== END
===== START
===== END
===== START
B	4cfab9f81eba49e794f7aaedbca601de	5d82be30c2644adf8555a3325a047e25	2019-11-15 10:45:49 +0300	2019-11-02 16:53:13 +0300	2019-11-02 13:59:00 +0300	b6750e227eba41859133f63a94970a87	02 Ali Paşa Ön Kasa						n	1320000/100	1320000/100	1970-01-01 02:00:00 +0200
B	4cfab9f81eba49e794f7aaedbca601de	4ac2efadbb4143c48cff8531cdb9374d	2019-11-15 10:45:49 +0300	2019-11-02 16:53:13 +0300	2019-11-02 13:59:00 +0300	e6db76ce4a5e41658984bd1f654da1bd	127 3-4 Adem Kesici Yıkama						n	-1320000/100	-1320000/100	1970-01-01 02:00:00 +0200
===== END
===== START
C	4cfab9f81eba49e794f7aaedbca601de	5d82be30c2644adf8555a3325a047e25	2019-11-15 10:45:49 +0300	2019-11-02 16:53:13 +0300	2019-11-02 13:59:00 +0300	b6750e227eba41859133f63a94970a87	02 Ali Paşa Ön Kasa		2019 Ali Paşa Yıkama Ön Kira Bedeli				n	1320000/100	1320000/100	1970-01-01 02:00:00 +0200
C	4cfab9f81eba49e794f7aaedbca601de	4ac2efadbb4143c48cff8531cdb9374d	2019-11-15 10:45:49 +0300	2019-11-02 16:53:13 +0300	2019-11-02 13:59:00 +0300	e6db76ce4a5e41658984bd1f654da1bd	127 3-4 Adem Kesici Yıkama		2019 Ali Paşa Yıkama Ön Kira Bedeli				n	-1320000/100	-1320000/100	1970-01-01 02:00:00 +0200
===== END
===== START
B	03687fc239e34dfbbb46985eeb150fcc	eee2dfa5f41d4368b8cad69815c6a9f1	2019-11-15 10:46:09 +0300	2019-11-02 16:53:52 +0300	2019-11-02 13:59:00 +0300	b6750e227eba41859133f63a94970a87	02 Ali Paşa Ön Kasa						n	700000/100	700000/100	1970-01-01 02:00:00 +0200
B	03687fc239e34dfbbb46985eeb150fcc	62e2159952e244f292562a96e6471269	2019-11-15 10:46:09 +0300	2019-11-02 16:53:52 +0300	2019-11-02 13:59:00 +0300	8db7671b8b2d47a0823b663e01ce6edc	127 1 Asena Dursun Aygaz						n	-700000/100	-700000/100	1970-01-01 02:00:00 +0200
===== END
===== START
C	03687fc239e34dfbbb46985eeb150fcc	eee2dfa5f41d4368b8cad69815c6a9f1	2019-11-15 10:46:09 +0300	2019-11-02 16:53:52 +0300	2019-11-02 13:59:00 +0300	b6750e227eba41859133f63a94970a87	02 Ali Paşa Ön Kasa		2019 Ali Paşa Aygaz Kira Bedeli				n	700000/100	700000/100	1970-01-01 02:00:00 +0200
C	03687fc239e34dfbbb46985eeb150fcc	62e2159952e244f292562a96e6471269	2019-11-15 10:46:09 +0300	2019-11-02 16:53:52 +0300	2019-11-02 13:59:00 +0300	8db7671b8b2d47a0823b663e01ce6edc	127 1 Asena Dursun Aygaz		2019 Ali Paşa Aygaz Kira Bedeli				n	-700000/100	-700000/100	1970-01-01 02:00:00 +0200
===== END
===== START
B	b0c95843d5e64ebda52b2497368aa9a4	a9c759d99b504059b6ea294936f0a2db	2019-11-15 10:46:26 +0300	2019-11-02 16:54:12 +0300	2019-11-02 13:59:00 +0300	b6750e227eba41859133f63a94970a87	02 Ali Paşa Ön Kasa						n	852000/100	852000/100	1970-01-01 02:00:00 +0200
B	b0c95843d5e64ebda52b2497368aa9a4	288b190064cb40c6b6660d9f1b7d6996	2019-11-15 10:46:26 +0300	2019-11-02 16:54:12 +0300	2019-11-02 13:59:00 +0300	11034438816f4d4e94d26fd848962ad3	127 2 Özge Kahraman Milangaz						n	-852000/100	-852000/100	1970-01-01 02:00:00 +0200
===== END
===== START
C	b0c95843d5e64ebda52b2497368aa9a4	a9c759d99b504059b6ea294936f0a2db	2019-11-15 10:46:26 +0300	2019-11-02 16:54:12 +0300	2019-11-02 13:59:00 +0300	b6750e227eba41859133f63a94970a87	02 Ali Paşa Ön Kasa		2019 Ali Paşa Milangaz Kira Bedeli				n	852000/100	852000/100	1970-01-01 02:00:00 +0200
C	b0c95843d5e64ebda52b2497368aa9a4	288b190064cb40c6b6660d9f1b7d6996	2019-11-15 10:46:26 +0300	2019-11-02 16:54:12 +0300	2019-11-02 13:59:00 +0300	11034438816f4d4e94d26fd848962ad3	127 2 Özge Kahraman Milangaz		2019 Ali Paşa Milangaz Kira Bedeli				n	-852000/100	-852000/100	1970-01-01 02:00:00 +0200
===== END
