mod	trans_guid	split_guid	time_now	date_entered	date_posted	acc_guid	acc_name	num	description	notes	memo	action	reconciled	amount	value	date_reconciled
-----------------
===== START
B	b8edee89a36a4a1f97f733a0eddd99c1	2479ecd5e96a4ca5a1a8e3f84a7f9f4d	2019-12-03 14:35:53 +0300	2019-12-03 14:03:48 +0300	2019-09-24 13:59:00 +0300	f3cb2c4904bb41ccaf1bac36b5b03a68	63 01 Su		17761 ev 2019 8				n	0/100	0/100	1970-01-01 02:00:00 +0200
===== END
===== START
C	b8edee89a36a4a1f97f733a0eddd99c1	2479ecd5e96a4ca5a1a8e3f84a7f9f4d	2019-12-03 14:35:53 +0300	2019-12-03 14:03:48 +0300	2019-09-24 13:59:00 +0300	f3cb2c4904bb41ccaf1bac36b5b03a68	63 01 Su		17761 ev 2019 8				n	0/100	0/100	1970-01-01 02:00:00 +0200
C	b8edee89a36a4a1f97f733a0eddd99c1	e8d53e45629c46479001bce3e5fbf40e	2019-12-03 14:35:53 +0300	2019-12-03 14:03:48 +0300	2019-09-24 13:59:00 +0300	deabaef30fc841ac9337e26a874ae856	100 KASA		17761 ev 2019 8				n	0/100	0/100	1970-01-01 02:00:00 +0200
===== END
===== START
B	b8edee89a36a4a1f97f733a0eddd99c1	2479ecd5e96a4ca5a1a8e3f84a7f9f4d	2019-12-03 14:36:03 +0300	2019-12-03 14:03:48 +0300	2019-09-24 13:59:00 +0300	f3cb2c4904bb41ccaf1bac36b5b03a68	63 01 Su		17761 ev 2019 8				n	0/100	0/100	1970-01-01 02:00:00 +0200
B	b8edee89a36a4a1f97f733a0eddd99c1	e8d53e45629c46479001bce3e5fbf40e	2019-12-03 14:36:03 +0300	2019-12-03 14:03:48 +0300	2019-09-24 13:59:00 +0300	deabaef30fc841ac9337e26a874ae856	100 KASA		17761 ev 2019 8				n	0/100	0/100	1970-01-01 02:00:00 +0200
===== END
===== START
C	b8edee89a36a4a1f97f733a0eddd99c1	2479ecd5e96a4ca5a1a8e3f84a7f9f4d	2019-12-03 14:36:03 +0300	2019-12-03 14:03:48 +0300	2019-09-24 13:59:00 +0300	f3cb2c4904bb41ccaf1bac36b5b03a68	63 01 Su		17761 ev 2019 8				n	606/100	606/100	1970-01-01 02:00:00 +0200
C	b8edee89a36a4a1f97f733a0eddd99c1	e8d53e45629c46479001bce3e5fbf40e	2019-12-03 14:36:03 +0300	2019-12-03 14:03:48 +0300	2019-09-24 13:59:00 +0300	deabaef30fc841ac9337e26a874ae856	100 KASA		17761 ev 2019 8				n	-606/100	-606/100	1970-01-01 02:00:00 +0200
===== END
===== START
D	9a959e24d34346a9888aaa859a11c6c5	aa2cd7c33cbf42138758c3a438c3452d	2019-12-03 14:36:26 +0300	2019-12-03 14:36:26 +0300	2019-09-24 13:59:00 +0300								n	0/1	0/100	1970-01-01 02:00:00 +0200
===== END
===== START
D	661af168f9834ef888d79cdcaa07a350	45c51e0e9d7a42bfb5ff9055b5188ba5	2019-12-03 14:36:28 +0300	2019-12-03 14:36:28 +0300	2018-06-20 13:59:00 +0300								n	0/1	0/100	1970-01-01 02:00:00 +0200
===== END
===== START
===== END
===== START
C	5501a1f1d5064d8892de5d350bf15b4d	910cc1f6224f4c4f8ab82a917adf5142	2019-12-03 14:39:22 +0300	2019-12-03 14:39:22 +0300	2017-10-12 13:59:00 +0300	5fff72f5bae34b4f85db12c5e7b9677f	63 02 Bahçe Elektrik						n	0/100	0/100	1970-01-01 02:00:00 +0200
===== END
===== START
===== END
===== START
B	5501a1f1d5064d8892de5d350bf15b4d	910cc1f6224f4c4f8ab82a917adf5142	2019-12-03 14:39:49 +0300	2019-12-03 14:39:22 +0300	2017-10-12 13:59:00 +0300	5fff72f5bae34b4f85db12c5e7b9677f	63 02 Bahçe Elektrik						n	0/100	0/100	1970-01-01 02:00:00 +0200
===== END
===== START
C	5501a1f1d5064d8892de5d350bf15b4d	910cc1f6224f4c4f8ab82a917adf5142	2019-12-03 14:39:49 +0300	2019-12-03 14:39:22 +0300	2017-10-12 13:59:00 +0300	5fff72f5bae34b4f85db12c5e7b9677f	63 02 Bahçe Elektrik						n	8161/100	8161/100	1970-01-01 02:00:00 +0200
C	5501a1f1d5064d8892de5d350bf15b4d	8ad02f33f3084ba580c0c801a552b9f3	2019-12-03 14:39:49 +0300	2019-12-03 14:39:22 +0300	2017-10-12 13:59:00 +0300	deabaef30fc841ac9337e26a874ae856	100 KASA						n	-8161/100	-8161/100	1970-01-01 02:00:00 +0200
===== END
===== START
C	b96d1e3b5cb3497aaf3f378f48592e2b	0383e57b965b4872abe93b4b0248ee69	2019-12-03 14:40:33 +0300	2019-12-03 14:40:33 +0300	2019-07-24 13:59:00 +0300	5fff72f5bae34b4f85db12c5e7b9677f	63 02 Bahçe Elektrik						n	0/100	0/100	1970-01-01 02:00:00 +0200
===== END
===== START
===== END
===== START
B	b96d1e3b5cb3497aaf3f378f48592e2b	0383e57b965b4872abe93b4b0248ee69	2019-12-03 14:40:36 +0300	2019-12-03 14:40:33 +0300	2019-07-24 13:59:00 +0300	5fff72f5bae34b4f85db12c5e7b9677f	63 02 Bahçe Elektrik						n	0/100	0/100	1970-01-01 02:00:00 +0200
===== END
===== START
C	b96d1e3b5cb3497aaf3f378f48592e2b	0383e57b965b4872abe93b4b0248ee69	2019-12-03 14:40:36 +0300	2019-12-03 14:40:33 +0300	2019-07-24 13:59:00 +0300	5fff72f5bae34b4f85db12c5e7b9677f	63 02 Bahçe Elektrik						n	0/100	0/100	1970-01-01 02:00:00 +0200
C	b96d1e3b5cb3497aaf3f378f48592e2b	d900928138104725b1fe6be6a425d091	2019-12-03 14:40:36 +0300	2019-12-03 14:40:33 +0300	2019-07-24 13:59:00 +0300	deabaef30fc841ac9337e26a874ae856	100 KASA						n	0/100	0/100	1970-01-01 02:00:00 +0200
===== END
===== START
B	b96d1e3b5cb3497aaf3f378f48592e2b	0383e57b965b4872abe93b4b0248ee69	2019-12-03 14:41:48 +0300	2019-12-03 14:40:33 +0300	2019-07-24 13:59:00 +0300	5fff72f5bae34b4f85db12c5e7b9677f	63 02 Bahçe Elektrik						n	0/100	0/100	1970-01-01 02:00:00 +0200
B	b96d1e3b5cb3497aaf3f378f48592e2b	d900928138104725b1fe6be6a425d091	2019-12-03 14:41:48 +0300	2019-12-03 14:40:33 +0300	2019-07-24 13:59:00 +0300	deabaef30fc841ac9337e26a874ae856	100 KASA						n	0/100	0/100	1970-01-01 02:00:00 +0200
===== END
===== START
C	b96d1e3b5cb3497aaf3f378f48592e2b	0383e57b965b4872abe93b4b0248ee69	2019-12-03 14:41:48 +0300	2019-12-03 14:40:33 +0300	2019-07-24 13:59:00 +0300	5fff72f5bae34b4f85db12c5e7b9677f	63 02 Bahçe Elektrik		2019-7				n	0/100	0/100	1970-01-01 02:00:00 +0200
C	b96d1e3b5cb3497aaf3f378f48592e2b	d900928138104725b1fe6be6a425d091	2019-12-03 14:41:48 +0300	2019-12-03 14:40:33 +0300	2019-07-24 13:59:00 +0300	deabaef30fc841ac9337e26a874ae856	100 KASA		2019-7				n	0/100	0/100	1970-01-01 02:00:00 +0200
===== END
===== START
B	b96d1e3b5cb3497aaf3f378f48592e2b	0383e57b965b4872abe93b4b0248ee69	2019-12-03 14:41:56 +0300	2019-12-03 14:40:33 +0300	2019-07-24 13:59:00 +0300	5fff72f5bae34b4f85db12c5e7b9677f	63 02 Bahçe Elektrik		2019-7				n	0/100	0/100	1970-01-01 02:00:00 +0200
B	b96d1e3b5cb3497aaf3f378f48592e2b	d900928138104725b1fe6be6a425d091	2019-12-03 14:41:56 +0300	2019-12-03 14:40:33 +0300	2019-07-24 13:59:00 +0300	deabaef30fc841ac9337e26a874ae856	100 KASA		2019-7				n	0/100	0/100	1970-01-01 02:00:00 +0200
===== END
===== START
C	b96d1e3b5cb3497aaf3f378f48592e2b	0383e57b965b4872abe93b4b0248ee69	2019-12-03 14:41:56 +0300	2019-12-03 14:40:33 +0300	2019-07-24 13:59:00 +0300	5fff72f5bae34b4f85db12c5e7b9677f	63 02 Bahçe Elektrik		2019-7				n	5402/100	5402/100	1970-01-01 02:00:00 +0200
C	b96d1e3b5cb3497aaf3f378f48592e2b	d900928138104725b1fe6be6a425d091	2019-12-03 14:41:56 +0300	2019-12-03 14:40:33 +0300	2019-07-24 13:59:00 +0300	deabaef30fc841ac9337e26a874ae856	100 KASA		2019-7				n	-5402/100	-5402/100	1970-01-01 02:00:00 +0200
===== END
===== START
C	4d7318eb2c304e03a87a8befedc23594	ec46e7d1366546f69ef11bd2ca5cdd57	2019-12-03 14:42:21 +0300	2019-12-03 14:42:21 +0300	2019-07-24 13:59:00 +0300	5fff72f5bae34b4f85db12c5e7b9677f	63 02 Bahçe Elektrik		2019-4				n	0/100	0/100	1970-01-01 02:00:00 +0200
===== END
===== START
===== END
===== START
B	4d7318eb2c304e03a87a8befedc23594	ec46e7d1366546f69ef11bd2ca5cdd57	2019-12-03 14:42:23 +0300	2019-12-03 14:42:21 +0300	2019-07-24 13:59:00 +0300	5fff72f5bae34b4f85db12c5e7b9677f	63 02 Bahçe Elektrik		2019-4				n	0/100	0/100	1970-01-01 02:00:00 +0200
===== END
===== START
C	4d7318eb2c304e03a87a8befedc23594	ec46e7d1366546f69ef11bd2ca5cdd57	2019-12-03 14:42:23 +0300	2019-12-03 14:42:21 +0300	2019-07-24 13:59:00 +0300	5fff72f5bae34b4f85db12c5e7b9677f	63 02 Bahçe Elektrik		2019-4				n	0/100	0/100	1970-01-01 02:00:00 +0200
C	4d7318eb2c304e03a87a8befedc23594	8080ea4fc62e4849a051fe8ab78bae20	2019-12-03 14:42:23 +0300	2019-12-03 14:42:21 +0300	2019-07-24 13:59:00 +0300	deabaef30fc841ac9337e26a874ae856	100 KASA		2019-4				n	0/100	0/100	1970-01-01 02:00:00 +0200
===== END
===== START
B	4d7318eb2c304e03a87a8befedc23594	ec46e7d1366546f69ef11bd2ca5cdd57	2019-12-03 14:42:32 +0300	2019-12-03 14:42:21 +0300	2019-07-24 13:59:00 +0300	5fff72f5bae34b4f85db12c5e7b9677f	63 02 Bahçe Elektrik		2019-4				n	0/100	0/100	1970-01-01 02:00:00 +0200
B	4d7318eb2c304e03a87a8befedc23594	8080ea4fc62e4849a051fe8ab78bae20	2019-12-03 14:42:32 +0300	2019-12-03 14:42:21 +0300	2019-07-24 13:59:00 +0300	deabaef30fc841ac9337e26a874ae856	100 KASA		2019-4				n	0/100	0/100	1970-01-01 02:00:00 +0200
===== END
===== START
C	4d7318eb2c304e03a87a8befedc23594	ec46e7d1366546f69ef11bd2ca5cdd57	2019-12-03 14:42:32 +0300	2019-12-03 14:42:21 +0300	2019-07-24 13:59:00 +0300	5fff72f5bae34b4f85db12c5e7b9677f	63 02 Bahçe Elektrik		2019-4				n	3738/100	3738/100	1970-01-01 02:00:00 +0200
C	4d7318eb2c304e03a87a8befedc23594	8080ea4fc62e4849a051fe8ab78bae20	2019-12-03 14:42:32 +0300	2019-12-03 14:42:21 +0300	2019-07-24 13:59:00 +0300	deabaef30fc841ac9337e26a874ae856	100 KASA		2019-4				n	-3738/100	-3738/100	1970-01-01 02:00:00 +0200
===== END
===== START
B	5501a1f1d5064d8892de5d350bf15b4d	910cc1f6224f4c4f8ab82a917adf5142	2019-12-03 14:42:46 +0300	2019-12-03 14:39:22 +0300	2017-10-12 13:59:00 +0300	5fff72f5bae34b4f85db12c5e7b9677f	63 02 Bahçe Elektrik						n	8161/100	8161/100	1970-01-01 02:00:00 +0200
B	5501a1f1d5064d8892de5d350bf15b4d	8ad02f33f3084ba580c0c801a552b9f3	2019-12-03 14:42:46 +0300	2019-12-03 14:39:22 +0300	2017-10-12 13:59:00 +0300	deabaef30fc841ac9337e26a874ae856	100 KASA						n	-8161/100	-8161/100	1970-01-01 02:00:00 +0200
===== END
===== START
C	5501a1f1d5064d8892de5d350bf15b4d	910cc1f6224f4c4f8ab82a917adf5142	2019-12-03 14:42:46 +0300	2019-12-03 14:39:22 +0300	2017-10-12 13:59:00 +0300	5fff72f5bae34b4f85db12c5e7b9677f	63 02 Bahçe Elektrik						n	2511/100	2511/100	1970-01-01 02:00:00 +0200
C	5501a1f1d5064d8892de5d350bf15b4d	8ad02f33f3084ba580c0c801a552b9f3	2019-12-03 14:42:46 +0300	2019-12-03 14:39:22 +0300	2017-10-12 13:59:00 +0300	deabaef30fc841ac9337e26a874ae856	100 KASA						n	-2511/100	-2511/100	1970-01-01 02:00:00 +0200
===== END
===== START
C	c21f0c0db75f48a6b462b4f95aaa0ccc	dbfa2615cf86427dbdc5af6f442a9a7d	2019-12-03 14:43:02 +0300	2019-12-03 14:43:02 +0300	2019-07-24 13:59:00 +0300	5fff72f5bae34b4f85db12c5e7b9677f	63 02 Bahçe Elektrik		2019-10				n	0/100	0/100	1970-01-01 02:00:00 +0200
===== END
===== START
===== END
===== START
B	c21f0c0db75f48a6b462b4f95aaa0ccc	dbfa2615cf86427dbdc5af6f442a9a7d	2019-12-03 14:43:05 +0300	2019-12-03 14:43:02 +0300	2019-07-24 13:59:00 +0300	5fff72f5bae34b4f85db12c5e7b9677f	63 02 Bahçe Elektrik		2019-10				n	0/100	0/100	1970-01-01 02:00:00 +0200
===== END
===== START
C	c21f0c0db75f48a6b462b4f95aaa0ccc	dbfa2615cf86427dbdc5af6f442a9a7d	2019-12-03 14:43:05 +0300	2019-12-03 14:43:02 +0300	2019-07-24 13:59:00 +0300	5fff72f5bae34b4f85db12c5e7b9677f	63 02 Bahçe Elektrik		2019-10				n	0/100	0/100	1970-01-01 02:00:00 +0200
C	c21f0c0db75f48a6b462b4f95aaa0ccc	8a29bed66d1d47228fb38ed094a1028d	2019-12-03 14:43:05 +0300	2019-12-03 14:43:02 +0300	2019-07-24 13:59:00 +0300	deabaef30fc841ac9337e26a874ae856	100 KASA		2019-10				n	0/100	0/100	1970-01-01 02:00:00 +0200
===== END
===== START
B	c21f0c0db75f48a6b462b4f95aaa0ccc	dbfa2615cf86427dbdc5af6f442a9a7d	2019-12-03 14:43:49 +0300	2019-12-03 14:43:02 +0300	2019-07-24 13:59:00 +0300	5fff72f5bae34b4f85db12c5e7b9677f	63 02 Bahçe Elektrik		2019-10				n	0/100	0/100	1970-01-01 02:00:00 +0200
B	c21f0c0db75f48a6b462b4f95aaa0ccc	8a29bed66d1d47228fb38ed094a1028d	2019-12-03 14:43:49 +0300	2019-12-03 14:43:02 +0300	2019-07-24 13:59:00 +0300	deabaef30fc841ac9337e26a874ae856	100 KASA		2019-10				n	0/100	0/100	1970-01-01 02:00:00 +0200
===== END
===== START
C	c21f0c0db75f48a6b462b4f95aaa0ccc	dbfa2615cf86427dbdc5af6f442a9a7d	2019-12-03 14:43:49 +0300	2019-12-03 14:43:02 +0300	2019-07-24 13:59:00 +0300	5fff72f5bae34b4f85db12c5e7b9677f	63 02 Bahçe Elektrik		2019-10				n	5940/100	5940/100	1970-01-01 02:00:00 +0200
C	c21f0c0db75f48a6b462b4f95aaa0ccc	8a29bed66d1d47228fb38ed094a1028d	2019-12-03 14:43:49 +0300	2019-12-03 14:43:02 +0300	2019-07-24 13:59:00 +0300	deabaef30fc841ac9337e26a874ae856	100 KASA		2019-10				n	-5940/100	-5940/100	1970-01-01 02:00:00 +0200
===== END
===== START
C	369f5d8b12cb4296902836c633fed67c	daebce92339b46e58e3aa0118456b951	2019-12-03 14:43:53 +0300	2019-12-03 14:43:53 +0300	2019-07-24 13:59:00 +0300	5fff72f5bae34b4f85db12c5e7b9677f	63 02 Bahçe Elektrik						n	3563/100	3563/100	1970-01-01 02:00:00 +0200
C	369f5d8b12cb4296902836c633fed67c	0de638119642440b90b2b889346a3ef2	2019-12-03 14:43:53 +0300	2019-12-03 14:43:53 +0300	2019-07-24 13:59:00 +0300	3a63f12134c244fa86b69fbbccbba3e0	Açık-TRY						n	-3563/100	-3563/100	1970-01-01 02:00:00 +0200
===== END
===== START
===== END
===== START
B	369f5d8b12cb4296902836c633fed67c	daebce92339b46e58e3aa0118456b951	2019-12-03 14:44:01 +0300	2019-12-03 14:43:53 +0300	2019-07-24 13:59:00 +0300	5fff72f5bae34b4f85db12c5e7b9677f	63 02 Bahçe Elektrik						n	3563/100	3563/100	1970-01-01 02:00:00 +0200
B	369f5d8b12cb4296902836c633fed67c	0de638119642440b90b2b889346a3ef2	2019-12-03 14:44:01 +0300	2019-12-03 14:43:53 +0300	2019-07-24 13:59:00 +0300	3a63f12134c244fa86b69fbbccbba3e0	Açık-TRY						n	-3563/100	-3563/100	1970-01-01 02:00:00 +0200
===== END
===== START
C	369f5d8b12cb4296902836c633fed67c	daebce92339b46e58e3aa0118456b951	2019-12-03 14:44:01 +0300	2019-12-03 14:43:53 +0300	2019-07-24 13:59:00 +0300	5fff72f5bae34b4f85db12c5e7b9677f	63 02 Bahçe Elektrik						n	3563/100	3563/100	1970-01-01 02:00:00 +0200
C	369f5d8b12cb4296902836c633fed67c	0de638119642440b90b2b889346a3ef2	2019-12-03 14:44:01 +0300	2019-12-03 14:43:53 +0300	2019-07-24 13:59:00 +0300	deabaef30fc841ac9337e26a874ae856	100 KASA						n	-3563/100	-3563/100	1970-01-01 02:00:00 +0200
===== END
===== START
B	369f5d8b12cb4296902836c633fed67c	daebce92339b46e58e3aa0118456b951	2019-12-03 14:44:08 +0300	2019-12-03 14:43:53 +0300	2019-07-24 13:59:00 +0300	5fff72f5bae34b4f85db12c5e7b9677f	63 02 Bahçe Elektrik						n	3563/100	3563/100	1970-01-01 02:00:00 +0200
B	369f5d8b12cb4296902836c633fed67c	0de638119642440b90b2b889346a3ef2	2019-12-03 14:44:08 +0300	2019-12-03 14:43:53 +0300	2019-07-24 13:59:00 +0300	deabaef30fc841ac9337e26a874ae856	100 KASA						n	-3563/100	-3563/100	1970-01-01 02:00:00 +0200
===== END
===== START
C	369f5d8b12cb4296902836c633fed67c	daebce92339b46e58e3aa0118456b951	2019-12-03 14:44:08 +0300	2019-12-03 14:43:53 +0300	2019-10-08 13:59:00 +0300	5fff72f5bae34b4f85db12c5e7b9677f	63 02 Bahçe Elektrik						n	3563/100	3563/100	1970-01-01 02:00:00 +0200
C	369f5d8b12cb4296902836c633fed67c	0de638119642440b90b2b889346a3ef2	2019-12-03 14:44:08 +0300	2019-12-03 14:43:53 +0300	2019-10-08 13:59:00 +0300	deabaef30fc841ac9337e26a874ae856	100 KASA						n	-3563/100	-3563/100	1970-01-01 02:00:00 +0200
===== END
===== START
B	c21f0c0db75f48a6b462b4f95aaa0ccc	dbfa2615cf86427dbdc5af6f442a9a7d	2019-12-03 14:44:22 +0300	2019-12-03 14:43:02 +0300	2019-07-24 13:59:00 +0300	5fff72f5bae34b4f85db12c5e7b9677f	63 02 Bahçe Elektrik		2019-10				n	5940/100	5940/100	1970-01-01 02:00:00 +0200
B	c21f0c0db75f48a6b462b4f95aaa0ccc	8a29bed66d1d47228fb38ed094a1028d	2019-12-03 14:44:22 +0300	2019-12-03 14:43:02 +0300	2019-07-24 13:59:00 +0300	deabaef30fc841ac9337e26a874ae856	100 KASA		2019-10				n	-5940/100	-5940/100	1970-01-01 02:00:00 +0200
===== END
===== START
C	c21f0c0db75f48a6b462b4f95aaa0ccc	dbfa2615cf86427dbdc5af6f442a9a7d	2019-12-03 14:44:22 +0300	2019-12-03 14:43:02 +0300	2019-10-08 13:59:00 +0300	5fff72f5bae34b4f85db12c5e7b9677f	63 02 Bahçe Elektrik		2019-10				n	5940/100	5940/100	1970-01-01 02:00:00 +0200
C	c21f0c0db75f48a6b462b4f95aaa0ccc	8a29bed66d1d47228fb38ed094a1028d	2019-12-03 14:44:22 +0300	2019-12-03 14:43:02 +0300	2019-10-08 13:59:00 +0300	deabaef30fc841ac9337e26a874ae856	100 KASA		2019-10				n	-5940/100	-5940/100	1970-01-01 02:00:00 +0200
===== END
===== START
B	5501a1f1d5064d8892de5d350bf15b4d	910cc1f6224f4c4f8ab82a917adf5142	2019-12-03 14:44:36 +0300	2019-12-03 14:39:22 +0300	2017-10-12 13:59:00 +0300	5fff72f5bae34b4f85db12c5e7b9677f	63 02 Bahçe Elektrik						n	2511/100	2511/100	1970-01-01 02:00:00 +0200
B	5501a1f1d5064d8892de5d350bf15b4d	8ad02f33f3084ba580c0c801a552b9f3	2019-12-03 14:44:36 +0300	2019-12-03 14:39:22 +0300	2017-10-12 13:59:00 +0300	deabaef30fc841ac9337e26a874ae856	100 KASA						n	-2511/100	-2511/100	1970-01-01 02:00:00 +0200
===== END
===== START
C	5501a1f1d5064d8892de5d350bf15b4d	910cc1f6224f4c4f8ab82a917adf5142	2019-12-03 14:44:36 +0300	2019-12-03 14:39:22 +0300	2019-07-24 13:59:00 +0300	5fff72f5bae34b4f85db12c5e7b9677f	63 02 Bahçe Elektrik						n	2511/100	2511/100	1970-01-01 02:00:00 +0200
C	5501a1f1d5064d8892de5d350bf15b4d	8ad02f33f3084ba580c0c801a552b9f3	2019-12-03 14:44:36 +0300	2019-12-03 14:39:22 +0300	2019-07-24 13:59:00 +0300	deabaef30fc841ac9337e26a874ae856	100 KASA						n	-2511/100	-2511/100	1970-01-01 02:00:00 +0200
===== END
===== START
B	b96d1e3b5cb3497aaf3f378f48592e2b	0383e57b965b4872abe93b4b0248ee69	2019-12-03 14:44:48 +0300	2019-12-03 14:40:33 +0300	2019-07-24 13:59:00 +0300	5fff72f5bae34b4f85db12c5e7b9677f	63 02 Bahçe Elektrik		2019-7				n	5402/100	5402/100	1970-01-01 02:00:00 +0200
B	b96d1e3b5cb3497aaf3f378f48592e2b	d900928138104725b1fe6be6a425d091	2019-12-03 14:44:48 +0300	2019-12-03 14:40:33 +0300	2019-07-24 13:59:00 +0300	deabaef30fc841ac9337e26a874ae856	100 KASA		2019-7				n	-5402/100	-5402/100	1970-01-01 02:00:00 +0200
===== END
===== START
C	b96d1e3b5cb3497aaf3f378f48592e2b	0383e57b965b4872abe93b4b0248ee69	2019-12-03 14:44:48 +0300	2019-12-03 14:40:33 +0300	2019-07-25 13:59:00 +0300	5fff72f5bae34b4f85db12c5e7b9677f	63 02 Bahçe Elektrik		2019-7				n	5402/100	5402/100	1970-01-01 02:00:00 +0200
C	b96d1e3b5cb3497aaf3f378f48592e2b	d900928138104725b1fe6be6a425d091	2019-12-03 14:44:48 +0300	2019-12-03 14:40:33 +0300	2019-07-25 13:59:00 +0300	deabaef30fc841ac9337e26a874ae856	100 KASA		2019-7				n	-5402/100	-5402/100	1970-01-01 02:00:00 +0200
===== END
===== START
C	884aedf10ce1443e9425ca6d22324df7	f4608337b3d24e8bb10079bcfb3ed925	2019-12-03 14:46:03 +0300	2019-12-03 14:46:03 +0300	2017-04-13 13:59:00 +0300	5fff72f5bae34b4f85db12c5e7b9677f	63 02 Bahçe Elektrik						n	0/100	0/100	1970-01-01 02:00:00 +0200
===== END
===== START
===== END
===== START
B	884aedf10ce1443e9425ca6d22324df7	f4608337b3d24e8bb10079bcfb3ed925	2019-12-03 14:46:26 +0300	2019-12-03 14:46:03 +0300	2017-04-13 13:59:00 +0300	5fff72f5bae34b4f85db12c5e7b9677f	63 02 Bahçe Elektrik						n	0/100	0/100	1970-01-01 02:00:00 +0200
===== END
===== START
C	884aedf10ce1443e9425ca6d22324df7	f4608337b3d24e8bb10079bcfb3ed925	2019-12-03 14:46:26 +0300	2019-12-03 14:46:03 +0300	2017-04-13 13:59:00 +0300	5fff72f5bae34b4f85db12c5e7b9677f	63 02 Bahçe Elektrik		2018-11				n	0/100	0/100	1970-01-01 02:00:00 +0200
===== END
===== START
C	5d5bd6f8d5824dd5a3a26042d2afa278	d68fb5f8a7f74b3db27c1a3dc8ec5b7e	2019-12-03 14:47:13 +0300	2019-12-03 14:47:13 +0300	2018-03-12 13:59:00 +0300	5fff72f5bae34b4f85db12c5e7b9677f	63 02 Bahçe Elektrik						n	0/100	0/100	1970-01-01 02:00:00 +0200
===== END
===== START
===== END
===== START
B	5d5bd6f8d5824dd5a3a26042d2afa278	d68fb5f8a7f74b3db27c1a3dc8ec5b7e	2019-12-03 14:47:23 +0300	2019-12-03 14:47:13 +0300	2018-03-12 13:59:00 +0300	5fff72f5bae34b4f85db12c5e7b9677f	63 02 Bahçe Elektrik						n	0/100	0/100	1970-01-01 02:00:00 +0200
===== END
===== START
C	5d5bd6f8d5824dd5a3a26042d2afa278	d68fb5f8a7f74b3db27c1a3dc8ec5b7e	2019-12-03 14:47:23 +0300	2019-12-03 14:47:13 +0300	2018-03-12 13:59:00 +0300	5fff72f5bae34b4f85db12c5e7b9677f	63 02 Bahçe Elektrik		2018-3				n	0/100	0/100	1970-01-01 02:00:00 +0200
===== END
===== START
B	884aedf10ce1443e9425ca6d22324df7	f4608337b3d24e8bb10079bcfb3ed925	2019-12-03 14:47:42 +0300	2019-12-03 14:46:03 +0300	2017-04-13 13:59:00 +0300	5fff72f5bae34b4f85db12c5e7b9677f	63 02 Bahçe Elektrik		2018-11				n	0/100	0/100	1970-01-01 02:00:00 +0200
===== END
===== START
C	884aedf10ce1443e9425ca6d22324df7	f4608337b3d24e8bb10079bcfb3ed925	2019-12-03 14:47:42 +0300	2019-12-03 14:46:03 +0300	2018-11-12 13:59:00 +0300	5fff72f5bae34b4f85db12c5e7b9677f	63 02 Bahçe Elektrik		2018-11				n	0/100	0/100	1970-01-01 02:00:00 +0200
===== END
===== START
B	5d5bd6f8d5824dd5a3a26042d2afa278	d68fb5f8a7f74b3db27c1a3dc8ec5b7e	2019-12-03 14:47:55 +0300	2019-12-03 14:47:13 +0300	2018-03-12 13:59:00 +0300	5fff72f5bae34b4f85db12c5e7b9677f	63 02 Bahçe Elektrik		2018-3				n	0/100	0/100	1970-01-01 02:00:00 +0200
===== END
===== START
C	5d5bd6f8d5824dd5a3a26042d2afa278	d68fb5f8a7f74b3db27c1a3dc8ec5b7e	2019-12-03 14:47:55 +0300	2019-12-03 14:47:13 +0300	2018-03-12 13:59:00 +0300	5fff72f5bae34b4f85db12c5e7b9677f	63 02 Bahçe Elektrik		2018-3				n	0/100	0/100	1970-01-01 02:00:00 +0200
C	5d5bd6f8d5824dd5a3a26042d2afa278	ed045944c3e542c68c10574392c0d602	2019-12-03 14:47:55 +0300	2019-12-03 14:47:13 +0300	2018-03-12 13:59:00 +0300	deabaef30fc841ac9337e26a874ae856	100 KASA		2018-3				n	0/100	0/100	1970-01-01 02:00:00 +0200
===== END
===== START
B	884aedf10ce1443e9425ca6d22324df7	f4608337b3d24e8bb10079bcfb3ed925	2019-12-03 14:47:56 +0300	2019-12-03 14:46:03 +0300	2018-11-12 13:59:00 +0300	5fff72f5bae34b4f85db12c5e7b9677f	63 02 Bahçe Elektrik		2018-11				n	0/100	0/100	1970-01-01 02:00:00 +0200
===== END
===== START
C	884aedf10ce1443e9425ca6d22324df7	f4608337b3d24e8bb10079bcfb3ed925	2019-12-03 14:47:56 +0300	2019-12-03 14:46:03 +0300	2018-11-12 13:59:00 +0300	5fff72f5bae34b4f85db12c5e7b9677f	63 02 Bahçe Elektrik		2018-11				n	0/100	0/100	1970-01-01 02:00:00 +0200
C	884aedf10ce1443e9425ca6d22324df7	de70670fc7b54d8fb64ce47e7022b943	2019-12-03 14:47:56 +0300	2019-12-03 14:46:03 +0300	2018-11-12 13:59:00 +0300	deabaef30fc841ac9337e26a874ae856	100 KASA		2018-11				n	0/100	0/100	1970-01-01 02:00:00 +0200
===== END
===== START
B	884aedf10ce1443e9425ca6d22324df7	f4608337b3d24e8bb10079bcfb3ed925	2019-12-03 14:48:18 +0300	2019-12-03 14:46:03 +0300	2018-11-12 13:59:00 +0300	5fff72f5bae34b4f85db12c5e7b9677f	63 02 Bahçe Elektrik		2018-11				n	0/100	0/100	1970-01-01 02:00:00 +0200
B	884aedf10ce1443e9425ca6d22324df7	de70670fc7b54d8fb64ce47e7022b943	2019-12-03 14:48:18 +0300	2019-12-03 14:46:03 +0300	2018-11-12 13:59:00 +0300	deabaef30fc841ac9337e26a874ae856	100 KASA		2018-11				n	0/100	0/100	1970-01-01 02:00:00 +0200
===== END
===== START
C	884aedf10ce1443e9425ca6d22324df7	f4608337b3d24e8bb10079bcfb3ed925	2019-12-03 14:48:18 +0300	2019-12-03 14:46:03 +0300	2018-11-12 13:59:00 +0300	5fff72f5bae34b4f85db12c5e7b9677f	63 02 Bahçe Elektrik		2018-11				n	4320/100	4320/100	1970-01-01 02:00:00 +0200
C	884aedf10ce1443e9425ca6d22324df7	de70670fc7b54d8fb64ce47e7022b943	2019-12-03 14:48:18 +0300	2019-12-03 14:46:03 +0300	2018-11-12 13:59:00 +0300	deabaef30fc841ac9337e26a874ae856	100 KASA		2018-11				n	-4320/100	-4320/100	1970-01-01 02:00:00 +0200
===== END
===== START
B	5d5bd6f8d5824dd5a3a26042d2afa278	d68fb5f8a7f74b3db27c1a3dc8ec5b7e	2019-12-03 14:48:30 +0300	2019-12-03 14:47:13 +0300	2018-03-12 13:59:00 +0300	5fff72f5bae34b4f85db12c5e7b9677f	63 02 Bahçe Elektrik		2018-3				n	0/100	0/100	1970-01-01 02:00:00 +0200
B	5d5bd6f8d5824dd5a3a26042d2afa278	ed045944c3e542c68c10574392c0d602	2019-12-03 14:48:30 +0300	2019-12-03 14:47:13 +0300	2018-03-12 13:59:00 +0300	deabaef30fc841ac9337e26a874ae856	100 KASA		2018-3				n	0/100	0/100	1970-01-01 02:00:00 +0200
===== END
===== START
C	5d5bd6f8d5824dd5a3a26042d2afa278	d68fb5f8a7f74b3db27c1a3dc8ec5b7e	2019-12-03 14:48:30 +0300	2019-12-03 14:47:13 +0300	2018-03-12 13:59:00 +0300	5fff72f5bae34b4f85db12c5e7b9677f	63 02 Bahçe Elektrik		2018-3				n	11240/100	11240/100	1970-01-01 02:00:00 +0200
C	5d5bd6f8d5824dd5a3a26042d2afa278	ed045944c3e542c68c10574392c0d602	2019-12-03 14:48:30 +0300	2019-12-03 14:47:13 +0300	2018-03-12 13:59:00 +0300	deabaef30fc841ac9337e26a874ae856	100 KASA		2018-3				n	-11240/100	-11240/100	1970-01-01 02:00:00 +0200
===== END
===== START
C	6c7de4b89f4d4387be389e621b9ec0b9	b2a5e1c720f54633a4ccf2db8e0a8e3e	2019-12-03 14:48:35 +0300	2019-12-03 14:48:35 +0300	2018-03-12 13:59:00 +0300	5fff72f5bae34b4f85db12c5e7b9677f	63 02 Bahçe Elektrik						n	8161/100	8161/100	1970-01-01 02:00:00 +0200
C	6c7de4b89f4d4387be389e621b9ec0b9	2dfd1d5f820942cebb6d728383b9fb60	2019-12-03 14:48:35 +0300	2019-12-03 14:48:35 +0300	2018-03-12 13:59:00 +0300	3a63f12134c244fa86b69fbbccbba3e0	Açık-TRY						n	-8161/100	-8161/100	1970-01-01 02:00:00 +0200
===== END
===== START
===== END
===== START
B	6c7de4b89f4d4387be389e621b9ec0b9	b2a5e1c720f54633a4ccf2db8e0a8e3e	2019-12-03 14:48:41 +0300	2019-12-03 14:48:35 +0300	2018-03-12 13:59:00 +0300	5fff72f5bae34b4f85db12c5e7b9677f	63 02 Bahçe Elektrik						n	8161/100	8161/100	1970-01-01 02:00:00 +0200
B	6c7de4b89f4d4387be389e621b9ec0b9	2dfd1d5f820942cebb6d728383b9fb60	2019-12-03 14:48:41 +0300	2019-12-03 14:48:35 +0300	2018-03-12 13:59:00 +0300	3a63f12134c244fa86b69fbbccbba3e0	Açık-TRY						n	-8161/100	-8161/100	1970-01-01 02:00:00 +0200
===== END
===== START
C	6c7de4b89f4d4387be389e621b9ec0b9	b2a5e1c720f54633a4ccf2db8e0a8e3e	2019-12-03 14:48:41 +0300	2019-12-03 14:48:35 +0300	2018-03-12 13:59:00 +0300	5fff72f5bae34b4f85db12c5e7b9677f	63 02 Bahçe Elektrik						n	8161/100	8161/100	1970-01-01 02:00:00 +0200
C	6c7de4b89f4d4387be389e621b9ec0b9	2dfd1d5f820942cebb6d728383b9fb60	2019-12-03 14:48:41 +0300	2019-12-03 14:48:35 +0300	2018-03-12 13:59:00 +0300	deabaef30fc841ac9337e26a874ae856	100 KASA						n	-8161/100	-8161/100	1970-01-01 02:00:00 +0200
===== END
===== START
B	6c7de4b89f4d4387be389e621b9ec0b9	b2a5e1c720f54633a4ccf2db8e0a8e3e	2019-12-03 14:49:04 +0300	2019-12-03 14:48:35 +0300	2018-03-12 13:59:00 +0300	5fff72f5bae34b4f85db12c5e7b9677f	63 02 Bahçe Elektrik						n	8161/100	8161/100	1970-01-01 02:00:00 +0200
B	6c7de4b89f4d4387be389e621b9ec0b9	2dfd1d5f820942cebb6d728383b9fb60	2019-12-03 14:49:04 +0300	2019-12-03 14:48:35 +0300	2018-03-12 13:59:00 +0300	deabaef30fc841ac9337e26a874ae856	100 KASA						n	-8161/100	-8161/100	1970-01-01 02:00:00 +0200
===== END
===== START
C	6c7de4b89f4d4387be389e621b9ec0b9	b2a5e1c720f54633a4ccf2db8e0a8e3e	2019-12-03 14:49:04 +0300	2019-12-03 14:48:35 +0300	2017-12-04 13:59:00 +0300	5fff72f5bae34b4f85db12c5e7b9677f	63 02 Bahçe Elektrik						n	8161/100	8161/100	1970-01-01 02:00:00 +0200
C	6c7de4b89f4d4387be389e621b9ec0b9	2dfd1d5f820942cebb6d728383b9fb60	2019-12-03 14:49:04 +0300	2019-12-03 14:48:35 +0300	2017-12-04 13:59:00 +0300	deabaef30fc841ac9337e26a874ae856	100 KASA						n	-8161/100	-8161/100	1970-01-01 02:00:00 +0200
===== END
===== START
B	6c7de4b89f4d4387be389e621b9ec0b9	b2a5e1c720f54633a4ccf2db8e0a8e3e	2019-12-03 14:49:09 +0300	2019-12-03 14:48:35 +0300	2017-12-04 13:59:00 +0300	5fff72f5bae34b4f85db12c5e7b9677f	63 02 Bahçe Elektrik						n	8161/100	8161/100	1970-01-01 02:00:00 +0200
B	6c7de4b89f4d4387be389e621b9ec0b9	2dfd1d5f820942cebb6d728383b9fb60	2019-12-03 14:49:09 +0300	2019-12-03 14:48:35 +0300	2017-12-04 13:59:00 +0300	deabaef30fc841ac9337e26a874ae856	100 KASA						n	-8161/100	-8161/100	1970-01-01 02:00:00 +0200
===== END
===== START
C	6c7de4b89f4d4387be389e621b9ec0b9	b2a5e1c720f54633a4ccf2db8e0a8e3e	2019-12-03 14:49:09 +0300	2019-12-03 14:48:35 +0300	2017-12-04 13:59:00 +0300	5fff72f5bae34b4f85db12c5e7b9677f	63 02 Bahçe Elektrik		217-12				n	8161/100	8161/100	1970-01-01 02:00:00 +0200
C	6c7de4b89f4d4387be389e621b9ec0b9	2dfd1d5f820942cebb6d728383b9fb60	2019-12-03 14:49:09 +0300	2019-12-03 14:48:35 +0300	2017-12-04 13:59:00 +0300	deabaef30fc841ac9337e26a874ae856	100 KASA		217-12				n	-8161/100	-8161/100	1970-01-01 02:00:00 +0200
===== END
===== START
B	6c7de4b89f4d4387be389e621b9ec0b9	b2a5e1c720f54633a4ccf2db8e0a8e3e	2019-12-03 14:49:38 +0300	2019-12-03 14:48:35 +0300	2017-12-04 13:59:00 +0300	5fff72f5bae34b4f85db12c5e7b9677f	63 02 Bahçe Elektrik		217-12				n	8161/100	8161/100	1970-01-01 02:00:00 +0200
B	6c7de4b89f4d4387be389e621b9ec0b9	2dfd1d5f820942cebb6d728383b9fb60	2019-12-03 14:49:38 +0300	2019-12-03 14:48:35 +0300	2017-12-04 13:59:00 +0300	deabaef30fc841ac9337e26a874ae856	100 KASA		217-12				n	-8161/100	-8161/100	1970-01-01 02:00:00 +0200
===== END
===== START
C	6c7de4b89f4d4387be389e621b9ec0b9	b2a5e1c720f54633a4ccf2db8e0a8e3e	2019-12-03 14:49:38 +0300	2019-12-03 14:48:35 +0300	2017-12-04 13:59:00 +0300	5fff72f5bae34b4f85db12c5e7b9677f	63 02 Bahçe Elektrik		217-12 tedaş bahçe 875848300				n	8161/100	8161/100	1970-01-01 02:00:00 +0200
C	6c7de4b89f4d4387be389e621b9ec0b9	2dfd1d5f820942cebb6d728383b9fb60	2019-12-03 14:49:38 +0300	2019-12-03 14:48:35 +0300	2017-12-04 13:59:00 +0300	deabaef30fc841ac9337e26a874ae856	100 KASA		217-12 tedaş bahçe 875848300				n	-8161/100	-8161/100	1970-01-01 02:00:00 +0200
===== END
===== START
B	6c7de4b89f4d4387be389e621b9ec0b9	b2a5e1c720f54633a4ccf2db8e0a8e3e	2019-12-03 14:49:55 +0300	2019-12-03 14:48:35 +0300	2017-12-04 13:59:00 +0300	5fff72f5bae34b4f85db12c5e7b9677f	63 02 Bahçe Elektrik		217-12 tedaş bahçe 875848300				n	8161/100	8161/100	1970-01-01 02:00:00 +0200
B	6c7de4b89f4d4387be389e621b9ec0b9	2dfd1d5f820942cebb6d728383b9fb60	2019-12-03 14:49:55 +0300	2019-12-03 14:48:35 +0300	2017-12-04 13:59:00 +0300	deabaef30fc841ac9337e26a874ae856	100 KASA		217-12 tedaş bahçe 875848300				n	-8161/100	-8161/100	1970-01-01 02:00:00 +0200
===== END
===== START
C	6c7de4b89f4d4387be389e621b9ec0b9	b2a5e1c720f54633a4ccf2db8e0a8e3e	2019-12-03 14:49:55 +0300	2019-12-03 14:48:35 +0300	2017-12-04 13:59:00 +0300	5fff72f5bae34b4f85db12c5e7b9677f	63 02 Bahçe Elektrik		217-12 Tedaş Kömeç Bahçe 875848300				n	8161/100	8161/100	1970-01-01 02:00:00 +0200
C	6c7de4b89f4d4387be389e621b9ec0b9	2dfd1d5f820942cebb6d728383b9fb60	2019-12-03 14:49:55 +0300	2019-12-03 14:48:35 +0300	2017-12-04 13:59:00 +0300	deabaef30fc841ac9337e26a874ae856	100 KASA		217-12 Tedaş Kömeç Bahçe 875848300				n	-8161/100	-8161/100	1970-01-01 02:00:00 +0200
===== END
===== START
B	5d5bd6f8d5824dd5a3a26042d2afa278	d68fb5f8a7f74b3db27c1a3dc8ec5b7e	2019-12-03 14:49:57 +0300	2019-12-03 14:47:13 +0300	2018-03-12 13:59:00 +0300	5fff72f5bae34b4f85db12c5e7b9677f	63 02 Bahçe Elektrik		2018-3				n	11240/100	11240/100	1970-01-01 02:00:00 +0200
B	5d5bd6f8d5824dd5a3a26042d2afa278	ed045944c3e542c68c10574392c0d602	2019-12-03 14:49:57 +0300	2019-12-03 14:47:13 +0300	2018-03-12 13:59:00 +0300	deabaef30fc841ac9337e26a874ae856	100 KASA		2018-3				n	-11240/100	-11240/100	1970-01-01 02:00:00 +0200
===== END
===== START
C	5d5bd6f8d5824dd5a3a26042d2afa278	d68fb5f8a7f74b3db27c1a3dc8ec5b7e	2019-12-03 14:49:57 +0300	2019-12-03 14:47:13 +0300	2018-03-12 13:59:00 +0300	5fff72f5bae34b4f85db12c5e7b9677f	63 02 Bahçe Elektrik		2018-3 Tedaş Kömeç Bahçe 875848300				n	11240/100	11240/100	1970-01-01 02:00:00 +0200
C	5d5bd6f8d5824dd5a3a26042d2afa278	ed045944c3e542c68c10574392c0d602	2019-12-03 14:49:57 +0300	2019-12-03 14:47:13 +0300	2018-03-12 13:59:00 +0300	deabaef30fc841ac9337e26a874ae856	100 KASA		2018-3 Tedaş Kömeç Bahçe 875848300				n	-11240/100	-11240/100	1970-01-01 02:00:00 +0200
===== END
===== START
B	884aedf10ce1443e9425ca6d22324df7	f4608337b3d24e8bb10079bcfb3ed925	2019-12-03 14:50:00 +0300	2019-12-03 14:46:03 +0300	2018-11-12 13:59:00 +0300	5fff72f5bae34b4f85db12c5e7b9677f	63 02 Bahçe Elektrik		2018-11				n	4320/100	4320/100	1970-01-01 02:00:00 +0200
B	884aedf10ce1443e9425ca6d22324df7	de70670fc7b54d8fb64ce47e7022b943	2019-12-03 14:50:00 +0300	2019-12-03 14:46:03 +0300	2018-11-12 13:59:00 +0300	deabaef30fc841ac9337e26a874ae856	100 KASA		2018-11				n	-4320/100	-4320/100	1970-01-01 02:00:00 +0200
===== END
===== START
C	884aedf10ce1443e9425ca6d22324df7	f4608337b3d24e8bb10079bcfb3ed925	2019-12-03 14:50:00 +0300	2019-12-03 14:46:03 +0300	2018-11-12 13:59:00 +0300	5fff72f5bae34b4f85db12c5e7b9677f	63 02 Bahçe Elektrik		2018-11 Tedaş Kömeç Bahçe 875848300				n	4320/100	4320/100	1970-01-01 02:00:00 +0200
C	884aedf10ce1443e9425ca6d22324df7	de70670fc7b54d8fb64ce47e7022b943	2019-12-03 14:50:00 +0300	2019-12-03 14:46:03 +0300	2018-11-12 13:59:00 +0300	deabaef30fc841ac9337e26a874ae856	100 KASA		2018-11 Tedaş Kömeç Bahçe 875848300				n	-4320/100	-4320/100	1970-01-01 02:00:00 +0200
===== END
===== START
B	5501a1f1d5064d8892de5d350bf15b4d	910cc1f6224f4c4f8ab82a917adf5142	2019-12-03 14:50:01 +0300	2019-12-03 14:39:22 +0300	2019-07-24 13:59:00 +0300	5fff72f5bae34b4f85db12c5e7b9677f	63 02 Bahçe Elektrik						n	2511/100	2511/100	1970-01-01 02:00:00 +0200
B	5501a1f1d5064d8892de5d350bf15b4d	8ad02f33f3084ba580c0c801a552b9f3	2019-12-03 14:50:01 +0300	2019-12-03 14:39:22 +0300	2019-07-24 13:59:00 +0300	deabaef30fc841ac9337e26a874ae856	100 KASA						n	-2511/100	-2511/100	1970-01-01 02:00:00 +0200
===== END
===== START
C	5501a1f1d5064d8892de5d350bf15b4d	910cc1f6224f4c4f8ab82a917adf5142	2019-12-03 14:50:01 +0300	2019-12-03 14:39:22 +0300	2019-07-24 13:59:00 +0300	5fff72f5bae34b4f85db12c5e7b9677f	63 02 Bahçe Elektrik		Tedaş Kömeç Bahçe 875848300				n	2511/100	2511/100	1970-01-01 02:00:00 +0200
C	5501a1f1d5064d8892de5d350bf15b4d	8ad02f33f3084ba580c0c801a552b9f3	2019-12-03 14:50:01 +0300	2019-12-03 14:39:22 +0300	2019-07-24 13:59:00 +0300	deabaef30fc841ac9337e26a874ae856	100 KASA		Tedaş Kömeç Bahçe 875848300				n	-2511/100	-2511/100	1970-01-01 02:00:00 +0200
===== END
===== START
B	4d7318eb2c304e03a87a8befedc23594	ec46e7d1366546f69ef11bd2ca5cdd57	2019-12-03 14:50:04 +0300	2019-12-03 14:42:21 +0300	2019-07-24 13:59:00 +0300	5fff72f5bae34b4f85db12c5e7b9677f	63 02 Bahçe Elektrik		2019-4				n	3738/100	3738/100	1970-01-01 02:00:00 +0200
B	4d7318eb2c304e03a87a8befedc23594	8080ea4fc62e4849a051fe8ab78bae20	2019-12-03 14:50:04 +0300	2019-12-03 14:42:21 +0300	2019-07-24 13:59:00 +0300	deabaef30fc841ac9337e26a874ae856	100 KASA		2019-4				n	-3738/100	-3738/100	1970-01-01 02:00:00 +0200
===== END
===== START
C	4d7318eb2c304e03a87a8befedc23594	ec46e7d1366546f69ef11bd2ca5cdd57	2019-12-03 14:50:04 +0300	2019-12-03 14:42:21 +0300	2019-07-24 13:59:00 +0300	5fff72f5bae34b4f85db12c5e7b9677f	63 02 Bahçe Elektrik		2019-4 Tedaş Kömeç Bahçe 875848300				n	3738/100	3738/100	1970-01-01 02:00:00 +0200
C	4d7318eb2c304e03a87a8befedc23594	8080ea4fc62e4849a051fe8ab78bae20	2019-12-03 14:50:04 +0300	2019-12-03 14:42:21 +0300	2019-07-24 13:59:00 +0300	deabaef30fc841ac9337e26a874ae856	100 KASA		2019-4 Tedaş Kömeç Bahçe 875848300				n	-3738/100	-3738/100	1970-01-01 02:00:00 +0200
===== END
===== START
B	b96d1e3b5cb3497aaf3f378f48592e2b	0383e57b965b4872abe93b4b0248ee69	2019-12-03 14:50:05 +0300	2019-12-03 14:40:33 +0300	2019-07-25 13:59:00 +0300	5fff72f5bae34b4f85db12c5e7b9677f	63 02 Bahçe Elektrik		2019-7				n	5402/100	5402/100	1970-01-01 02:00:00 +0200
B	b96d1e3b5cb3497aaf3f378f48592e2b	d900928138104725b1fe6be6a425d091	2019-12-03 14:50:05 +0300	2019-12-03 14:40:33 +0300	2019-07-25 13:59:00 +0300	deabaef30fc841ac9337e26a874ae856	100 KASA		2019-7				n	-5402/100	-5402/100	1970-01-01 02:00:00 +0200
===== END
===== START
C	b96d1e3b5cb3497aaf3f378f48592e2b	0383e57b965b4872abe93b4b0248ee69	2019-12-03 14:50:05 +0300	2019-12-03 14:40:33 +0300	2019-07-25 13:59:00 +0300	5fff72f5bae34b4f85db12c5e7b9677f	63 02 Bahçe Elektrik		2019-7 				n	5402/100	5402/100	1970-01-01 02:00:00 +0200
C	b96d1e3b5cb3497aaf3f378f48592e2b	d900928138104725b1fe6be6a425d091	2019-12-03 14:50:05 +0300	2019-12-03 14:40:33 +0300	2019-07-25 13:59:00 +0300	deabaef30fc841ac9337e26a874ae856	100 KASA		2019-7 				n	-5402/100	-5402/100	1970-01-01 02:00:00 +0200
===== END
===== START
B	b96d1e3b5cb3497aaf3f378f48592e2b	0383e57b965b4872abe93b4b0248ee69	2019-12-03 14:50:07 +0300	2019-12-03 14:40:33 +0300	2019-07-25 13:59:00 +0300	5fff72f5bae34b4f85db12c5e7b9677f	63 02 Bahçe Elektrik		2019-7 				n	5402/100	5402/100	1970-01-01 02:00:00 +0200
B	b96d1e3b5cb3497aaf3f378f48592e2b	d900928138104725b1fe6be6a425d091	2019-12-03 14:50:07 +0300	2019-12-03 14:40:33 +0300	2019-07-25 13:59:00 +0300	deabaef30fc841ac9337e26a874ae856	100 KASA		2019-7 				n	-5402/100	-5402/100	1970-01-01 02:00:00 +0200
===== END
===== START
C	b96d1e3b5cb3497aaf3f378f48592e2b	0383e57b965b4872abe93b4b0248ee69	2019-12-03 14:50:07 +0300	2019-12-03 14:40:33 +0300	2019-07-25 13:59:00 +0300	5fff72f5bae34b4f85db12c5e7b9677f	63 02 Bahçe Elektrik		2019-7 Tedaş Kömeç Bahçe 875848300				n	5402/100	5402/100	1970-01-01 02:00:00 +0200
C	b96d1e3b5cb3497aaf3f378f48592e2b	d900928138104725b1fe6be6a425d091	2019-12-03 14:50:07 +0300	2019-12-03 14:40:33 +0300	2019-07-25 13:59:00 +0300	deabaef30fc841ac9337e26a874ae856	100 KASA		2019-7 Tedaş Kömeç Bahçe 875848300				n	-5402/100	-5402/100	1970-01-01 02:00:00 +0200
===== END
===== START
B	c21f0c0db75f48a6b462b4f95aaa0ccc	dbfa2615cf86427dbdc5af6f442a9a7d	2019-12-03 14:50:10 +0300	2019-12-03 14:43:02 +0300	2019-10-08 13:59:00 +0300	5fff72f5bae34b4f85db12c5e7b9677f	63 02 Bahçe Elektrik		2019-10				n	5940/100	5940/100	1970-01-01 02:00:00 +0200
B	c21f0c0db75f48a6b462b4f95aaa0ccc	8a29bed66d1d47228fb38ed094a1028d	2019-12-03 14:50:10 +0300	2019-12-03 14:43:02 +0300	2019-10-08 13:59:00 +0300	deabaef30fc841ac9337e26a874ae856	100 KASA		2019-10				n	-5940/100	-5940/100	1970-01-01 02:00:00 +0200
===== END
===== START
C	c21f0c0db75f48a6b462b4f95aaa0ccc	dbfa2615cf86427dbdc5af6f442a9a7d	2019-12-03 14:50:10 +0300	2019-12-03 14:43:02 +0300	2019-10-08 13:59:00 +0300	5fff72f5bae34b4f85db12c5e7b9677f	63 02 Bahçe Elektrik		2019-10 Tedaş Kömeç Bahçe 875848300				n	5940/100	5940/100	1970-01-01 02:00:00 +0200
C	c21f0c0db75f48a6b462b4f95aaa0ccc	8a29bed66d1d47228fb38ed094a1028d	2019-12-03 14:50:10 +0300	2019-12-03 14:43:02 +0300	2019-10-08 13:59:00 +0300	deabaef30fc841ac9337e26a874ae856	100 KASA		2019-10 Tedaş Kömeç Bahçe 875848300				n	-5940/100	-5940/100	1970-01-01 02:00:00 +0200
===== END
===== START
B	369f5d8b12cb4296902836c633fed67c	daebce92339b46e58e3aa0118456b951	2019-12-03 14:50:15 +0300	2019-12-03 14:43:53 +0300	2019-10-08 13:59:00 +0300	5fff72f5bae34b4f85db12c5e7b9677f	63 02 Bahçe Elektrik						n	3563/100	3563/100	1970-01-01 02:00:00 +0200
B	369f5d8b12cb4296902836c633fed67c	0de638119642440b90b2b889346a3ef2	2019-12-03 14:50:15 +0300	2019-12-03 14:43:53 +0300	2019-10-08 13:59:00 +0300	deabaef30fc841ac9337e26a874ae856	100 KASA						n	-3563/100	-3563/100	1970-01-01 02:00:00 +0200
===== END
===== START
C	369f5d8b12cb4296902836c633fed67c	daebce92339b46e58e3aa0118456b951	2019-12-03 14:50:15 +0300	2019-12-03 14:43:53 +0300	2019-10-08 13:59:00 +0300	5fff72f5bae34b4f85db12c5e7b9677f	63 02 Bahçe Elektrik		Tedaş Kömeç Bahçe 875848300				n	3563/100	3563/100	1970-01-01 02:00:00 +0200
C	369f5d8b12cb4296902836c633fed67c	0de638119642440b90b2b889346a3ef2	2019-12-03 14:50:15 +0300	2019-12-03 14:43:53 +0300	2019-10-08 13:59:00 +0300	deabaef30fc841ac9337e26a874ae856	100 KASA		Tedaş Kömeç Bahçe 875848300				n	-3563/100	-3563/100	1970-01-01 02:00:00 +0200
===== END
===== START
B	5501a1f1d5064d8892de5d350bf15b4d	910cc1f6224f4c4f8ab82a917adf5142	2019-12-03 14:50:21 +0300	2019-12-03 14:39:22 +0300	2019-07-24 13:59:00 +0300	5fff72f5bae34b4f85db12c5e7b9677f	63 02 Bahçe Elektrik		Tedaş Kömeç Bahçe 875848300				n	2511/100	2511/100	1970-01-01 02:00:00 +0200
B	5501a1f1d5064d8892de5d350bf15b4d	8ad02f33f3084ba580c0c801a552b9f3	2019-12-03 14:50:21 +0300	2019-12-03 14:39:22 +0300	2019-07-24 13:59:00 +0300	deabaef30fc841ac9337e26a874ae856	100 KASA		Tedaş Kömeç Bahçe 875848300				n	-2511/100	-2511/100	1970-01-01 02:00:00 +0200
===== END
===== START
C	5501a1f1d5064d8892de5d350bf15b4d	910cc1f6224f4c4f8ab82a917adf5142	2019-12-03 14:50:21 +0300	2019-12-03 14:39:22 +0300	2019-07-24 13:59:00 +0300	5fff72f5bae34b4f85db12c5e7b9677f	63 02 Bahçe Elektrik		2019-2 Tedaş Kömeç Bahçe 875848300				n	2511/100	2511/100	1970-01-01 02:00:00 +0200
C	5501a1f1d5064d8892de5d350bf15b4d	8ad02f33f3084ba580c0c801a552b9f3	2019-12-03 14:50:21 +0300	2019-12-03 14:39:22 +0300	2019-07-24 13:59:00 +0300	deabaef30fc841ac9337e26a874ae856	100 KASA		2019-2 Tedaş Kömeç Bahçe 875848300				n	-2511/100	-2511/100	1970-01-01 02:00:00 +0200
===== END
===== START
B	369f5d8b12cb4296902836c633fed67c	daebce92339b46e58e3aa0118456b951	2019-12-03 14:50:35 +0300	2019-12-03 14:43:53 +0300	2019-10-08 13:59:00 +0300	5fff72f5bae34b4f85db12c5e7b9677f	63 02 Bahçe Elektrik		Tedaş Kömeç Bahçe 875848300				n	3563/100	3563/100	1970-01-01 02:00:00 +0200
B	369f5d8b12cb4296902836c633fed67c	0de638119642440b90b2b889346a3ef2	2019-12-03 14:50:35 +0300	2019-12-03 14:43:53 +0300	2019-10-08 13:59:00 +0300	deabaef30fc841ac9337e26a874ae856	100 KASA		Tedaş Kömeç Bahçe 875848300				n	-3563/100	-3563/100	1970-01-01 02:00:00 +0200
===== END
===== START
C	369f5d8b12cb4296902836c633fed67c	daebce92339b46e58e3aa0118456b951	2019-12-03 14:50:35 +0300	2019-12-03 14:43:53 +0300	2019-10-08 13:59:00 +0300	5fff72f5bae34b4f85db12c5e7b9677f	63 02 Bahçe Elektrik		2019-9 Tedaş Kömeç Bahçe 875848300				n	3563/100	3563/100	1970-01-01 02:00:00 +0200
C	369f5d8b12cb4296902836c633fed67c	0de638119642440b90b2b889346a3ef2	2019-12-03 14:50:35 +0300	2019-12-03 14:43:53 +0300	2019-10-08 13:59:00 +0300	deabaef30fc841ac9337e26a874ae856	100 KASA		2019-9 Tedaş Kömeç Bahçe 875848300				n	-3563/100	-3563/100	1970-01-01 02:00:00 +0200
===== END
