mod	trans_guid	split_guid	time_now	date_entered	date_posted	acc_guid	acc_name	num	description	notes	memo	action	reconciled	amount	value	date_reconciled
-----------------
===== START
B	55945acd68e14cceb54b0d83775db805	01280e963fd34a1eaa5d709abb638273	2019-11-20 09:09:35 +0300	2019-11-19 09:12:30 +0300	2019-11-19 13:59:00 +0300	e056db857c6149d6a9b263777e02e621	68d58bff0d8c41e7b77ad6e0a24e2b72		2019-Nisan-Aralık Kira Bedeli 				n	0/1	0/100	1970-01-01 02:00:00 +0200
B	55945acd68e14cceb54b0d83775db805	e094a65da427421e8fe7b90ae5d719f6	2019-11-20 09:09:35 +0300	2019-11-19 09:12:30 +0300	2019-11-19 13:59:00 +0300	e056db857c6149d6a9b263777e02e621	68d58bff0d8c41e7b77ad6e0a24e2b72		2019-Nisan-Aralık Kira Bedeli 				n	0/1	0/100	1970-01-01 02:00:00 +0200
===== END
===== START
C	55945acd68e14cceb54b0d83775db805	01280e963fd34a1eaa5d709abb638273	2019-11-20 09:09:35 +0300	2019-11-19 09:12:30 +0300	2019-11-19 13:59:00 +0300	e056db857c6149d6a9b263777e02e621	68d58bff0d8c41e7b77ad6e0a24e2b72		2019-Nisan-Aralık Kira Bedeli 				n	0/1	0/100	1970-01-01 02:00:00 +0200
C	55945acd68e14cceb54b0d83775db805	e094a65da427421e8fe7b90ae5d719f6	2019-11-20 09:09:35 +0300	2019-11-19 09:12:30 +0300	2019-11-19 13:59:00 +0300	e056db857c6149d6a9b263777e02e621	68d58bff0d8c41e7b77ad6e0a24e2b72		2019-Nisan-Aralık Kira Bedeli 				n	0/1	0/100	1970-01-01 02:00:00 +0200
===== END
===== START
B	55945acd68e14cceb54b0d83775db805	01280e963fd34a1eaa5d709abb638273	2019-11-20 09:09:35 +0300	2019-11-19 09:12:30 +0300	2019-11-19 13:59:00 +0300	e056db857c6149d6a9b263777e02e621	68d58bff0d8c41e7b77ad6e0a24e2b72		2019-Nisan-Aralık Kira Bedeli 				n	0/1	0/100	1970-01-01 02:00:00 +0200
B	55945acd68e14cceb54b0d83775db805	e094a65da427421e8fe7b90ae5d719f6	2019-11-20 09:09:35 +0300	2019-11-19 09:12:30 +0300	2019-11-19 13:59:00 +0300	e056db857c6149d6a9b263777e02e621	68d58bff0d8c41e7b77ad6e0a24e2b72		2019-Nisan-Aralık Kira Bedeli 				n	0/1	0/100	1970-01-01 02:00:00 +0200
===== END
===== START
C	55945acd68e14cceb54b0d83775db805	01280e963fd34a1eaa5d709abb638273	2019-11-20 09:09:35 +0300	2019-11-19 09:12:30 +0300	2019-11-19 13:59:00 +0300	e056db857c6149d6a9b263777e02e621	68d58bff0d8c41e7b77ad6e0a24e2b72		2019-Nisan-Aralık Kira Bedeli 				n	0/1	0/100	1970-01-01 02:00:00 +0200
C	55945acd68e14cceb54b0d83775db805	e094a65da427421e8fe7b90ae5d719f6	2019-11-20 09:09:35 +0300	2019-11-19 09:12:30 +0300	2019-11-19 13:59:00 +0300	e056db857c6149d6a9b263777e02e621	68d58bff0d8c41e7b77ad6e0a24e2b72		2019-Nisan-Aralık Kira Bedeli 				n	0/1	0/100	1970-01-01 02:00:00 +0200
===== END
===== START
B	4fe50a24b7284a64b92acadaf208bfcc	2a8531ce7e564594831c98b3cec9a7ab	2019-11-20 09:09:35 +0300	2019-11-19 09:14:11 +0300	2019-11-19 13:59:00 +0300	69e29c3a6b84421a9c6e3c86c7ed0308	cc9260dc9cbc4d6797abdd1ea901b208						n	0/1	0/100	1970-01-01 02:00:00 +0200
B	4fe50a24b7284a64b92acadaf208bfcc	f4b160096e6e43a7be80bee2aab22437	2019-11-20 09:09:35 +0300	2019-11-19 09:14:11 +0300	2019-11-19 13:59:00 +0300	69e29c3a6b84421a9c6e3c86c7ed0308	cc9260dc9cbc4d6797abdd1ea901b208						n	0/1	0/100	1970-01-01 02:00:00 +0200
===== END
===== START
C	4fe50a24b7284a64b92acadaf208bfcc	2a8531ce7e564594831c98b3cec9a7ab	2019-11-20 09:09:35 +0300	2019-11-19 09:14:11 +0300	2019-11-19 13:59:00 +0300	69e29c3a6b84421a9c6e3c86c7ed0308	cc9260dc9cbc4d6797abdd1ea901b208						n	0/1	0/100	1970-01-01 02:00:00 +0200
C	4fe50a24b7284a64b92acadaf208bfcc	f4b160096e6e43a7be80bee2aab22437	2019-11-20 09:09:35 +0300	2019-11-19 09:14:11 +0300	2019-11-19 13:59:00 +0300	69e29c3a6b84421a9c6e3c86c7ed0308	cc9260dc9cbc4d6797abdd1ea901b208						n	0/1	0/100	1970-01-01 02:00:00 +0200
===== END
===== START
B	4fe50a24b7284a64b92acadaf208bfcc	2a8531ce7e564594831c98b3cec9a7ab	2019-11-20 09:09:35 +0300	2019-11-19 09:14:11 +0300	2019-11-19 13:59:00 +0300	69e29c3a6b84421a9c6e3c86c7ed0308	cc9260dc9cbc4d6797abdd1ea901b208						n	0/1	0/100	1970-01-01 02:00:00 +0200
B	4fe50a24b7284a64b92acadaf208bfcc	f4b160096e6e43a7be80bee2aab22437	2019-11-20 09:09:35 +0300	2019-11-19 09:14:11 +0300	2019-11-19 13:59:00 +0300	69e29c3a6b84421a9c6e3c86c7ed0308	cc9260dc9cbc4d6797abdd1ea901b208						n	0/1	0/100	1970-01-01 02:00:00 +0200
===== END
===== START
C	4fe50a24b7284a64b92acadaf208bfcc	2a8531ce7e564594831c98b3cec9a7ab	2019-11-20 09:09:35 +0300	2019-11-19 09:14:11 +0300	2019-11-19 13:59:00 +0300	69e29c3a6b84421a9c6e3c86c7ed0308	cc9260dc9cbc4d6797abdd1ea901b208						n	0/1	0/100	1970-01-01 02:00:00 +0200
C	4fe50a24b7284a64b92acadaf208bfcc	f4b160096e6e43a7be80bee2aab22437	2019-11-20 09:09:35 +0300	2019-11-19 09:14:11 +0300	2019-11-19 13:59:00 +0300	69e29c3a6b84421a9c6e3c86c7ed0308	cc9260dc9cbc4d6797abdd1ea901b208						n	0/1	0/100	1970-01-01 02:00:00 +0200
===== END
===== START
B	b5f129cc8d9146a0805b288f0037ff40	da2ca65a4449480381cdbd41525e85ad	2019-11-20 09:09:35 +0300	2019-11-19 09:16:07 +0300	2019-11-19 13:59:00 +0300	e981558e538048088db4bd8f7ca9ca78	f579dd0808cb4c4280a5790581a511c8						n	0/1	0/100	1970-01-01 02:00:00 +0200
B	b5f129cc8d9146a0805b288f0037ff40	7aedbf9e9be143b1b61c5bf5afde584a	2019-11-20 09:09:35 +0300	2019-11-19 09:16:07 +0300	2019-11-19 13:59:00 +0300	e981558e538048088db4bd8f7ca9ca78	f579dd0808cb4c4280a5790581a511c8						n	0/1	0/100	1970-01-01 02:00:00 +0200
===== END
===== START
C	b5f129cc8d9146a0805b288f0037ff40	da2ca65a4449480381cdbd41525e85ad	2019-11-20 09:09:35 +0300	2019-11-19 09:16:07 +0300	2019-11-19 13:59:00 +0300	e981558e538048088db4bd8f7ca9ca78	f579dd0808cb4c4280a5790581a511c8						n	0/1	0/100	1970-01-01 02:00:00 +0200
C	b5f129cc8d9146a0805b288f0037ff40	7aedbf9e9be143b1b61c5bf5afde584a	2019-11-20 09:09:35 +0300	2019-11-19 09:16:07 +0300	2019-11-19 13:59:00 +0300	e981558e538048088db4bd8f7ca9ca78	f579dd0808cb4c4280a5790581a511c8						n	0/1	0/100	1970-01-01 02:00:00 +0200
===== END
===== START
B	b5f129cc8d9146a0805b288f0037ff40	da2ca65a4449480381cdbd41525e85ad	2019-11-20 09:09:35 +0300	2019-11-19 09:16:07 +0300	2019-11-19 13:59:00 +0300	e981558e538048088db4bd8f7ca9ca78	f579dd0808cb4c4280a5790581a511c8						n	0/1	0/100	1970-01-01 02:00:00 +0200
B	b5f129cc8d9146a0805b288f0037ff40	7aedbf9e9be143b1b61c5bf5afde584a	2019-11-20 09:09:35 +0300	2019-11-19 09:16:07 +0300	2019-11-19 13:59:00 +0300	e981558e538048088db4bd8f7ca9ca78	f579dd0808cb4c4280a5790581a511c8						n	0/1	0/100	1970-01-01 02:00:00 +0200
===== END
===== START
C	b5f129cc8d9146a0805b288f0037ff40	da2ca65a4449480381cdbd41525e85ad	2019-11-20 09:09:35 +0300	2019-11-19 09:16:07 +0300	2019-11-19 13:59:00 +0300	e981558e538048088db4bd8f7ca9ca78	f579dd0808cb4c4280a5790581a511c8						n	0/1	0/100	1970-01-01 02:00:00 +0200
C	b5f129cc8d9146a0805b288f0037ff40	7aedbf9e9be143b1b61c5bf5afde584a	2019-11-20 09:09:35 +0300	2019-11-19 09:16:07 +0300	2019-11-19 13:59:00 +0300	e981558e538048088db4bd8f7ca9ca78	f579dd0808cb4c4280a5790581a511c8						n	0/1	0/100	1970-01-01 02:00:00 +0200
===== END
===== START
===== END
===== START
D	c6c9a6d8e77e43f2a02cb43569f2c43d	451194fa378747c98a4671f1578e8309	2019-11-20 09:11:05 +0300	2019-11-20 09:11:05 +0300	2019-11-20 13:59:00 +0300								n	0/1	0/100	1970-01-01 02:00:00 +0200
===== END
===== START
===== END
===== START
B	d08a8629e8cc4488bc1392072b64c8a6	9074fe8fc1ea4490b65807ac67422451	2019-11-20 09:11:36 +0300	2019-11-19 09:14:43 +0300	2019-01-21 13:59:00 +0300	102dac93d1a74a7fb0fe1aecb73c15e3	100 Kasa		Tuzgümrüğü Kira Ödemesi - Salih Kaymak				n	62500/100	62500/100	1970-01-01 02:00:00 +0200
B	d08a8629e8cc4488bc1392072b64c8a6	3014287c72204925be3100784fdcedce	2019-11-20 09:11:36 +0300	2019-11-19 09:14:43 +0300	2019-01-21 13:59:00 +0300	8db7671b8b2d47a0823b663e01ce6edc	127 400 Salih Kaymak 		Tuzgümrüğü Kira Ödemesi - Salih Kaymak				n	-62500/100	-62500/100	1970-01-01 02:00:00 +0200
===== END
===== START
C	d08a8629e8cc4488bc1392072b64c8a6	9074fe8fc1ea4490b65807ac67422451	2019-11-20 09:11:36 +0300	2019-11-19 09:14:43 +0300	2019-01-21 13:59:00 +0300	288e0797adfd4730b0f41e4a47a7b84f	100 400 Kasa Tuzgümrüğü		Tuzgümrüğü Kira Ödemesi - Salih Kaymak				n	62500/100	62500/100	1970-01-01 02:00:00 +0200
C	d08a8629e8cc4488bc1392072b64c8a6	3014287c72204925be3100784fdcedce	2019-11-20 09:11:36 +0300	2019-11-19 09:14:43 +0300	2019-01-21 13:59:00 +0300	8db7671b8b2d47a0823b663e01ce6edc	127 400 Salih Kaymak 		Tuzgümrüğü Kira Ödemesi - Salih Kaymak				n	-62500/100	-62500/100	1970-01-01 02:00:00 +0200
===== END
===== START
B	2aae300b864b4f3fad1ee825a413e951	b978de9f0f514e1ebf7b2d4ed59fecfb	2019-11-20 09:11:46 +0300	2019-11-19 09:14:11 +0300	2019-03-21 13:59:00 +0300	102dac93d1a74a7fb0fe1aecb73c15e3	100 Kasa		Tuzgümrüğü Kira Ödemesi - Salih Kaymak				n	62500/100	62500/100	1970-01-01 02:00:00 +0200
B	2aae300b864b4f3fad1ee825a413e951	e9395802a331419aa79fd2500d419ed3	2019-11-20 09:11:46 +0300	2019-11-19 09:14:11 +0300	2019-03-21 13:59:00 +0300	8db7671b8b2d47a0823b663e01ce6edc	127 400 Salih Kaymak 		Tuzgümrüğü Kira Ödemesi - Salih Kaymak				n	-62500/100	-62500/100	1970-01-01 02:00:00 +0200
===== END
===== START
C	2aae300b864b4f3fad1ee825a413e951	b978de9f0f514e1ebf7b2d4ed59fecfb	2019-11-20 09:11:46 +0300	2019-11-19 09:14:11 +0300	2019-03-21 13:59:00 +0300	288e0797adfd4730b0f41e4a47a7b84f	100 400 Kasa Tuzgümrüğü		Tuzgümrüğü Kira Ödemesi - Salih Kaymak				n	62500/100	62500/100	1970-01-01 02:00:00 +0200
C	2aae300b864b4f3fad1ee825a413e951	e9395802a331419aa79fd2500d419ed3	2019-11-20 09:11:46 +0300	2019-11-19 09:14:11 +0300	2019-03-21 13:59:00 +0300	8db7671b8b2d47a0823b663e01ce6edc	127 400 Salih Kaymak 		Tuzgümrüğü Kira Ödemesi - Salih Kaymak				n	-62500/100	-62500/100	1970-01-01 02:00:00 +0200
===== END
===== START
B	9c55d3bff5d6426c881f4095a6e3ff99	3536724ffaf44b479f43e3786709e57a	2019-11-20 09:11:50 +0300	2019-11-19 09:14:11 +0300	2019-02-21 13:59:00 +0300	102dac93d1a74a7fb0fe1aecb73c15e3	100 Kasa		Tuzgümrüğü Kira Ödemesi - Salih Kaymak				n	62500/100	62500/100	1970-01-01 02:00:00 +0200
B	9c55d3bff5d6426c881f4095a6e3ff99	9c35b6fedfae460da9661b1541fc09e4	2019-11-20 09:11:50 +0300	2019-11-19 09:14:11 +0300	2019-02-21 13:59:00 +0300	8db7671b8b2d47a0823b663e01ce6edc	127 400 Salih Kaymak 		Tuzgümrüğü Kira Ödemesi - Salih Kaymak				n	-62500/100	-62500/100	1970-01-01 02:00:00 +0200
===== END
===== START
C	9c55d3bff5d6426c881f4095a6e3ff99	3536724ffaf44b479f43e3786709e57a	2019-11-20 09:11:50 +0300	2019-11-19 09:14:11 +0300	2019-02-21 13:59:00 +0300	288e0797adfd4730b0f41e4a47a7b84f	100 400 Kasa Tuzgümrüğü		Tuzgümrüğü Kira Ödemesi - Salih Kaymak				n	62500/100	62500/100	1970-01-01 02:00:00 +0200
C	9c55d3bff5d6426c881f4095a6e3ff99	9c35b6fedfae460da9661b1541fc09e4	2019-11-20 09:11:50 +0300	2019-11-19 09:14:11 +0300	2019-02-21 13:59:00 +0300	8db7671b8b2d47a0823b663e01ce6edc	127 400 Salih Kaymak 		Tuzgümrüğü Kira Ödemesi - Salih Kaymak				n	-62500/100	-62500/100	1970-01-01 02:00:00 +0200
===== END
===== START
B	f55345a12d304a03b333d15e979bdad0	4dbe91238cf34591bd2b19548076f677	2019-11-20 09:11:58 +0300	2019-11-19 09:13:25 +0300	2019-04-21 13:59:00 +0300	102dac93d1a74a7fb0fe1aecb73c15e3	100 Kasa		Tuzgümrüğü Kira Ödemesi - Salih Kaymak				n	80000/100	80000/100	1970-01-01 02:00:00 +0200
B	f55345a12d304a03b333d15e979bdad0	9792941ae0b3463fa2ffc0d9f7b7018f	2019-11-20 09:11:58 +0300	2019-11-19 09:13:25 +0300	2019-04-21 13:59:00 +0300	8db7671b8b2d47a0823b663e01ce6edc	127 400 Salih Kaymak 		Tuzgümrüğü Kira Ödemesi - Salih Kaymak				n	-80000/100	-80000/100	1970-01-01 02:00:00 +0200
===== END
===== START
C	f55345a12d304a03b333d15e979bdad0	4dbe91238cf34591bd2b19548076f677	2019-11-20 09:11:58 +0300	2019-11-19 09:13:25 +0300	2019-04-21 13:59:00 +0300	288e0797adfd4730b0f41e4a47a7b84f	100 400 Kasa Tuzgümrüğü		Tuzgümrüğü Kira Ödemesi - Salih Kaymak				n	80000/100	80000/100	1970-01-01 02:00:00 +0200
C	f55345a12d304a03b333d15e979bdad0	9792941ae0b3463fa2ffc0d9f7b7018f	2019-11-20 09:11:58 +0300	2019-11-19 09:13:25 +0300	2019-04-21 13:59:00 +0300	8db7671b8b2d47a0823b663e01ce6edc	127 400 Salih Kaymak 		Tuzgümrüğü Kira Ödemesi - Salih Kaymak				n	-80000/100	-80000/100	1970-01-01 02:00:00 +0200
===== END
===== START
B	7bb596268c414037b5adc7d30bd3386b	07fdf51dd7ee49ec8dff577e7cf8a01c	2019-11-20 09:12:00 +0300	2019-11-19 09:16:07 +0300	2019-05-21 13:59:00 +0300	102dac93d1a74a7fb0fe1aecb73c15e3	100 Kasa		Tuzgümrüğü Kira Ödemesi - Salih Kaymak				n	80000/100	80000/100	1970-01-01 02:00:00 +0200
B	7bb596268c414037b5adc7d30bd3386b	8b6b7fea72de403da14e9b32b5f4ba5f	2019-11-20 09:12:00 +0300	2019-11-19 09:16:07 +0300	2019-05-21 13:59:00 +0300	8db7671b8b2d47a0823b663e01ce6edc	127 400 Salih Kaymak 		Tuzgümrüğü Kira Ödemesi - Salih Kaymak				n	-80000/100	-80000/100	1970-01-01 02:00:00 +0200
===== END
===== START
C	7bb596268c414037b5adc7d30bd3386b	07fdf51dd7ee49ec8dff577e7cf8a01c	2019-11-20 09:12:00 +0300	2019-11-19 09:16:07 +0300	2019-05-21 13:59:00 +0300	288e0797adfd4730b0f41e4a47a7b84f	100 400 Kasa Tuzgümrüğü		Tuzgümrüğü Kira Ödemesi - Salih Kaymak				n	80000/100	80000/100	1970-01-01 02:00:00 +0200
C	7bb596268c414037b5adc7d30bd3386b	8b6b7fea72de403da14e9b32b5f4ba5f	2019-11-20 09:12:00 +0300	2019-11-19 09:16:07 +0300	2019-05-21 13:59:00 +0300	8db7671b8b2d47a0823b663e01ce6edc	127 400 Salih Kaymak 		Tuzgümrüğü Kira Ödemesi - Salih Kaymak				n	-80000/100	-80000/100	1970-01-01 02:00:00 +0200
===== END
===== START
B	619e782d9c4043a1af364ed964264b65	d5f790cd1c4e4b0eb88375ed0fcda5f4	2019-11-20 09:12:06 +0300	2019-11-19 09:16:07 +0300	2019-06-21 13:59:00 +0300	102dac93d1a74a7fb0fe1aecb73c15e3	100 Kasa		Tuzgümrüğü Kira Ödemesi - Salih Kaymak				n	80000/100	80000/100	1970-01-01 02:00:00 +0200
B	619e782d9c4043a1af364ed964264b65	8e43c741d4a64214b98ee84bee01e43d	2019-11-20 09:12:06 +0300	2019-11-19 09:16:07 +0300	2019-06-21 13:59:00 +0300	8db7671b8b2d47a0823b663e01ce6edc	127 400 Salih Kaymak 		Tuzgümrüğü Kira Ödemesi - Salih Kaymak				n	-80000/100	-80000/100	1970-01-01 02:00:00 +0200
===== END
===== START
C	619e782d9c4043a1af364ed964264b65	d5f790cd1c4e4b0eb88375ed0fcda5f4	2019-11-20 09:12:06 +0300	2019-11-19 09:16:07 +0300	2019-06-21 13:59:00 +0300	288e0797adfd4730b0f41e4a47a7b84f	100 400 Kasa Tuzgümrüğü		Tuzgümrüğü Kira Ödemesi - Salih Kaymak				n	80000/100	80000/100	1970-01-01 02:00:00 +0200
C	619e782d9c4043a1af364ed964264b65	8e43c741d4a64214b98ee84bee01e43d	2019-11-20 09:12:06 +0300	2019-11-19 09:16:07 +0300	2019-06-21 13:59:00 +0300	8db7671b8b2d47a0823b663e01ce6edc	127 400 Salih Kaymak 		Tuzgümrüğü Kira Ödemesi - Salih Kaymak				n	-80000/100	-80000/100	1970-01-01 02:00:00 +0200
===== END
===== START
B	4330fe215289497187b31d5669fe1e37	0f7a9b2e06ee450f852006b28fc439ae	2019-11-20 09:12:10 +0300	2019-11-19 09:16:07 +0300	2019-08-21 13:59:00 +0300	102dac93d1a74a7fb0fe1aecb73c15e3	100 Kasa		Tuzgümrüğü Kira Ödemesi - Salih Kaymak				n	80000/100	80000/100	1970-01-01 02:00:00 +0200
B	4330fe215289497187b31d5669fe1e37	a08ecdb96b8c408084bf484159cf700f	2019-11-20 09:12:10 +0300	2019-11-19 09:16:07 +0300	2019-08-21 13:59:00 +0300	8db7671b8b2d47a0823b663e01ce6edc	127 400 Salih Kaymak 		Tuzgümrüğü Kira Ödemesi - Salih Kaymak				n	-80000/100	-80000/100	1970-01-01 02:00:00 +0200
===== END
===== START
C	4330fe215289497187b31d5669fe1e37	0f7a9b2e06ee450f852006b28fc439ae	2019-11-20 09:12:10 +0300	2019-11-19 09:16:07 +0300	2019-08-21 13:59:00 +0300	288e0797adfd4730b0f41e4a47a7b84f	100 400 Kasa Tuzgümrüğü		Tuzgümrüğü Kira Ödemesi - Salih Kaymak				n	80000/100	80000/100	1970-01-01 02:00:00 +0200
C	4330fe215289497187b31d5669fe1e37	a08ecdb96b8c408084bf484159cf700f	2019-11-20 09:12:10 +0300	2019-11-19 09:16:07 +0300	2019-08-21 13:59:00 +0300	8db7671b8b2d47a0823b663e01ce6edc	127 400 Salih Kaymak 		Tuzgümrüğü Kira Ödemesi - Salih Kaymak				n	-80000/100	-80000/100	1970-01-01 02:00:00 +0200
===== END
===== START
B	76c6c14ff5774c01b53dc359dc45506f	9a5c7038f9d94268b1c5af8386aa0406	2019-11-20 09:12:16 +0300	2019-11-19 09:16:07 +0300	2019-07-21 13:59:00 +0300	102dac93d1a74a7fb0fe1aecb73c15e3	100 Kasa		Tuzgümrüğü Kira Ödemesi - Salih Kaymak				n	80000/100	80000/100	1970-01-01 02:00:00 +0200
B	76c6c14ff5774c01b53dc359dc45506f	3d5c33f2bbf4472ab0711471fc0f64f8	2019-11-20 09:12:16 +0300	2019-11-19 09:16:07 +0300	2019-07-21 13:59:00 +0300	8db7671b8b2d47a0823b663e01ce6edc	127 400 Salih Kaymak 		Tuzgümrüğü Kira Ödemesi - Salih Kaymak				n	-80000/100	-80000/100	1970-01-01 02:00:00 +0200
===== END
===== START
C	76c6c14ff5774c01b53dc359dc45506f	9a5c7038f9d94268b1c5af8386aa0406	2019-11-20 09:12:16 +0300	2019-11-19 09:16:07 +0300	2019-07-21 13:59:00 +0300	288e0797adfd4730b0f41e4a47a7b84f	100 400 Kasa Tuzgümrüğü		Tuzgümrüğü Kira Ödemesi - Salih Kaymak				n	80000/100	80000/100	1970-01-01 02:00:00 +0200
C	76c6c14ff5774c01b53dc359dc45506f	3d5c33f2bbf4472ab0711471fc0f64f8	2019-11-20 09:12:16 +0300	2019-11-19 09:16:07 +0300	2019-07-21 13:59:00 +0300	8db7671b8b2d47a0823b663e01ce6edc	127 400 Salih Kaymak 		Tuzgümrüğü Kira Ödemesi - Salih Kaymak				n	-80000/100	-80000/100	1970-01-01 02:00:00 +0200
===== END
===== START
B	4d7f0328a7b242a9b86d69c55e97d00c	7fb8a41559f0499889cad34a99c7bc4e	2019-11-20 09:12:20 +0300	2019-11-19 09:16:07 +0300	2019-09-21 13:59:00 +0300	102dac93d1a74a7fb0fe1aecb73c15e3	100 Kasa		Tuzgümrüğü Kira Ödemesi - Salih Kaymak				n	80000/100	80000/100	1970-01-01 02:00:00 +0200
B	4d7f0328a7b242a9b86d69c55e97d00c	46881991923848d68a410787c783fa06	2019-11-20 09:12:20 +0300	2019-11-19 09:16:07 +0300	2019-09-21 13:59:00 +0300	8db7671b8b2d47a0823b663e01ce6edc	127 400 Salih Kaymak 		Tuzgümrüğü Kira Ödemesi - Salih Kaymak				n	-80000/100	-80000/100	1970-01-01 02:00:00 +0200
===== END
===== START
C	4d7f0328a7b242a9b86d69c55e97d00c	7fb8a41559f0499889cad34a99c7bc4e	2019-11-20 09:12:20 +0300	2019-11-19 09:16:07 +0300	2019-09-21 13:59:00 +0300	288e0797adfd4730b0f41e4a47a7b84f	100 400 Kasa Tuzgümrüğü		Tuzgümrüğü Kira Ödemesi - Salih Kaymak				n	80000/100	80000/100	1970-01-01 02:00:00 +0200
C	4d7f0328a7b242a9b86d69c55e97d00c	46881991923848d68a410787c783fa06	2019-11-20 09:12:20 +0300	2019-11-19 09:16:07 +0300	2019-09-21 13:59:00 +0300	8db7671b8b2d47a0823b663e01ce6edc	127 400 Salih Kaymak 		Tuzgümrüğü Kira Ödemesi - Salih Kaymak				n	-80000/100	-80000/100	1970-01-01 02:00:00 +0200
===== END
===== START
B	494914d68ae24513a85dcc46970aa6eb	f7a2a047b25f41deb43a5f7c384a1c5f	2019-11-20 09:12:26 +0300	2019-11-19 09:16:07 +0300	2019-10-21 13:59:00 +0300	102dac93d1a74a7fb0fe1aecb73c15e3	100 Kasa		Tuzgümrüğü Kira Ödemesi - Salih Kaymak				n	80000/100	80000/100	1970-01-01 02:00:00 +0200
B	494914d68ae24513a85dcc46970aa6eb	295f3a4e3c61422bbcd7da0de68c3a3a	2019-11-20 09:12:26 +0300	2019-11-19 09:16:07 +0300	2019-10-21 13:59:00 +0300	8db7671b8b2d47a0823b663e01ce6edc	127 400 Salih Kaymak 		Tuzgümrüğü Kira Ödemesi - Salih Kaymak				n	-80000/100	-80000/100	1970-01-01 02:00:00 +0200
===== END
===== START
C	494914d68ae24513a85dcc46970aa6eb	f7a2a047b25f41deb43a5f7c384a1c5f	2019-11-20 09:12:26 +0300	2019-11-19 09:16:07 +0300	2019-10-21 13:59:00 +0300	288e0797adfd4730b0f41e4a47a7b84f	100 400 Kasa Tuzgümrüğü		Tuzgümrüğü Kira Ödemesi - Salih Kaymak				n	80000/100	80000/100	1970-01-01 02:00:00 +0200
C	494914d68ae24513a85dcc46970aa6eb	295f3a4e3c61422bbcd7da0de68c3a3a	2019-11-20 09:12:26 +0300	2019-11-19 09:16:07 +0300	2019-10-21 13:59:00 +0300	8db7671b8b2d47a0823b663e01ce6edc	127 400 Salih Kaymak 		Tuzgümrüğü Kira Ödemesi - Salih Kaymak				n	-80000/100	-80000/100	1970-01-01 02:00:00 +0200
===== END
===== START
===== END
===== START
D	2a719d7b7892460c82c41f84e12c0f49	a66e736b8b0c48dd803bc9ddf77d7bc5	2019-11-20 09:13:01 +0300	2019-11-20 09:13:01 +0300	2019-11-20 13:59:00 +0300								n	0/1	0/100	1970-01-01 02:00:00 +0200
===== END
===== START
D	ae0a12bd031d4e26a4cab9a6787488cb	18efcb802dfb4024a58560308256d58d	2019-11-20 09:13:02 +0300	2019-11-20 09:13:02 +0300	2019-11-20 13:59:00 +0300								n	0/1	0/100	1970-01-01 02:00:00 +0200
===== END
===== START
===== END
===== START
D	f164fe4c21b244a4953805b6b2c04ba5	9bdc71fee73945ca86e863f213d11b8b	2019-11-20 09:13:10 +0300	2019-11-20 09:13:10 +0300	2019-11-20 13:59:00 +0300								n	0/1	0/100	1970-01-01 02:00:00 +0200
===== END
===== START
===== END
===== START
D	86981979472d4605918a2e2b6dd1318f	f899654916424fd288e0f3580f7dbfa2	2019-11-20 09:14:17 +0300	2019-11-20 09:14:17 +0300	2019-11-20 13:59:00 +0300								n	0/1	0/100	1970-01-01 02:00:00 +0200
===== END
===== START
===== END
===== START
===== END
===== START
===== END
===== START
C	f8a37b2fc9d44078a4e148dd592c0283	ee43117d7c4d41a88f4b2699a332c852	2019-11-20 09:16:39 +0300	2019-11-20 09:16:39 +0300	2019-11-20 13:59:00 +0300	2989cab05ba94d6b9b654d0567780299	320 1 Ayşe Balcı						n	-975000/100	-975000/100	1970-01-01 02:00:00 +0200
C	f8a37b2fc9d44078a4e148dd592c0283	6d0f8f6ee56345999b4919b208a75eda	2019-11-20 09:16:39 +0300	2019-11-20 09:16:39 +0300	2019-11-20 13:59:00 +0300	95839397af674a06897deec940317c85	64 1 100 Lise Arkası						n	975000/100	975000/100	1970-01-01 02:00:00 +0200
===== END
===== START
===== END
===== START
===== END
===== START
D	88a30cbd1c9f4ae0b14b391c23a94889	13bbe72725494c40959241c06a3270ba	2019-11-20 09:17:13 +0300	2019-11-20 09:17:13 +0300	2019-11-20 13:59:00 +0300								n	0/1	0/100	1970-01-01 02:00:00 +0200
===== END
===== START
D	21d3674e70db4d728c1bf5089de1d2fc	3acc89f391d44df083421d603850dcd3	2019-11-20 09:17:16 +0300	2019-11-20 09:17:16 +0300	2019-11-20 13:59:00 +0300								n	0/1	0/100	1970-01-01 02:00:00 +0200
===== END
===== START
===== END
===== START
C	97f5c3fc8702434b9b33f49ed89ddcb8	bd387cb4d7e94a98a114aa76223cab5b	2019-11-20 09:17:58 +0300	2019-11-20 09:17:58 +0300	2019-11-20 13:59:00 +0300	d0e0c6ad9e5e4635a956e3b966797d0c	100 100 Kasa Lise Arkası						n	-975000/100	-975000/100	1970-01-01 02:00:00 +0200
C	97f5c3fc8702434b9b33f49ed89ddcb8	4b7efb8bf5d749fabed6edb88bd8ff4b	2019-11-20 09:17:58 +0300	2019-11-20 09:17:58 +0300	2019-11-20 13:59:00 +0300	2989cab05ba94d6b9b654d0567780299	320 1 Ayşe Balcı						n	975000/100	975000/100	1970-01-01 02:00:00 +0200
===== END
===== START
===== END
===== START
B	f8a37b2fc9d44078a4e148dd592c0283	6d0f8f6ee56345999b4919b208a75eda	2019-11-20 09:19:13 +0300	2019-11-20 09:16:39 +0300	2019-11-20 13:59:00 +0300	95839397af674a06897deec940317c85	64 1 100 Lise Arkası						n	975000/100	975000/100	1970-01-01 02:00:00 +0200
B	f8a37b2fc9d44078a4e148dd592c0283	ee43117d7c4d41a88f4b2699a332c852	2019-11-20 09:19:13 +0300	2019-11-20 09:16:39 +0300	2019-11-20 13:59:00 +0300	2989cab05ba94d6b9b654d0567780299	320 1 Ayşe Balcı						n	-975000/100	-975000/100	1970-01-01 02:00:00 +0200
===== END
===== START
C	f8a37b2fc9d44078a4e148dd592c0283	6d0f8f6ee56345999b4919b208a75eda	2019-11-20 09:19:13 +0300	2019-11-20 09:16:39 +0300	2019-11-20 13:59:00 +0300	95839397af674a06897deec940317c85	64 1 100 Lise Arkası		2019-20 Lise Arkası Kira Bedeli				n	975000/100	975000/100	1970-01-01 02:00:00 +0200
C	f8a37b2fc9d44078a4e148dd592c0283	ee43117d7c4d41a88f4b2699a332c852	2019-11-20 09:19:13 +0300	2019-11-20 09:16:39 +0300	2019-11-20 13:59:00 +0300	2989cab05ba94d6b9b654d0567780299	320 1 Ayşe Balcı		2019-20 Lise Arkası Kira Bedeli				n	-975000/100	-975000/100	1970-01-01 02:00:00 +0200
===== END
===== START
B	f8a37b2fc9d44078a4e148dd592c0283	6d0f8f6ee56345999b4919b208a75eda	2019-11-20 09:19:23 +0300	2019-11-20 09:16:39 +0300	2019-11-20 13:59:00 +0300	95839397af674a06897deec940317c85	64 1 100 Lise Arkası		2019-20 Lise Arkası Kira Bedeli				n	975000/100	975000/100	1970-01-01 02:00:00 +0200
B	f8a37b2fc9d44078a4e148dd592c0283	ee43117d7c4d41a88f4b2699a332c852	2019-11-20 09:19:23 +0300	2019-11-20 09:16:39 +0300	2019-11-20 13:59:00 +0300	2989cab05ba94d6b9b654d0567780299	320 1 Ayşe Balcı		2019-20 Lise Arkası Kira Bedeli				n	-975000/100	-975000/100	1970-01-01 02:00:00 +0200
===== END
===== START
C	f8a37b2fc9d44078a4e148dd592c0283	6d0f8f6ee56345999b4919b208a75eda	2019-11-20 09:19:23 +0300	2019-11-20 09:16:39 +0300	2019-11-20 13:59:00 +0300	95839397af674a06897deec940317c85	64 1 100 Lise Arkası		2019-20 Lise Arkası Kira Bedeli 1/4				n	975000/100	975000/100	1970-01-01 02:00:00 +0200
C	f8a37b2fc9d44078a4e148dd592c0283	ee43117d7c4d41a88f4b2699a332c852	2019-11-20 09:19:23 +0300	2019-11-20 09:16:39 +0300	2019-11-20 13:59:00 +0300	2989cab05ba94d6b9b654d0567780299	320 1 Ayşe Balcı		2019-20 Lise Arkası Kira Bedeli 1/4				n	-975000/100	-975000/100	1970-01-01 02:00:00 +0200
===== END
===== START
B	97f5c3fc8702434b9b33f49ed89ddcb8	4b7efb8bf5d749fabed6edb88bd8ff4b	2019-11-20 09:19:40 +0300	2019-11-20 09:17:58 +0300	2019-11-20 13:59:00 +0300	2989cab05ba94d6b9b654d0567780299	320 1 Ayşe Balcı						n	975000/100	975000/100	1970-01-01 02:00:00 +0200
B	97f5c3fc8702434b9b33f49ed89ddcb8	bd387cb4d7e94a98a114aa76223cab5b	2019-11-20 09:19:40 +0300	2019-11-20 09:17:58 +0300	2019-11-20 13:59:00 +0300	d0e0c6ad9e5e4635a956e3b966797d0c	100 100 Kasa Lise Arkası						n	-975000/100	-975000/100	1970-01-01 02:00:00 +0200
===== END
===== START
C	97f5c3fc8702434b9b33f49ed89ddcb8	4b7efb8bf5d749fabed6edb88bd8ff4b	2019-11-20 09:19:40 +0300	2019-11-20 09:17:58 +0300	2019-11-20 13:59:00 +0300	2989cab05ba94d6b9b654d0567780299	320 1 Ayşe Balcı						n	975000/100	975000/100	1970-01-01 02:00:00 +0200
C	97f5c3fc8702434b9b33f49ed89ddcb8	bd387cb4d7e94a98a114aa76223cab5b	2019-11-20 09:19:40 +0300	2019-11-20 09:17:58 +0300	2019-11-20 13:59:00 +0300	d0e0c6ad9e5e4635a956e3b966797d0c	100 100 Kasa Lise Arkası						n	-975000/100	-975000/100	1970-01-01 02:00:00 +0200
===== END
===== START
B	97f5c3fc8702434b9b33f49ed89ddcb8	4b7efb8bf5d749fabed6edb88bd8ff4b	2019-11-20 09:20:08 +0300	2019-11-20 09:17:58 +0300	2019-11-20 13:59:00 +0300	2989cab05ba94d6b9b654d0567780299	320 1 Ayşe Balcı						n	975000/100	975000/100	1970-01-01 02:00:00 +0200
B	97f5c3fc8702434b9b33f49ed89ddcb8	bd387cb4d7e94a98a114aa76223cab5b	2019-11-20 09:20:08 +0300	2019-11-20 09:17:58 +0300	2019-11-20 13:59:00 +0300	d0e0c6ad9e5e4635a956e3b966797d0c	100 100 Kasa Lise Arkası						n	-975000/100	-975000/100	1970-01-01 02:00:00 +0200
===== END
===== START
C	97f5c3fc8702434b9b33f49ed89ddcb8	4b7efb8bf5d749fabed6edb88bd8ff4b	2019-11-20 09:20:08 +0300	2019-11-20 09:17:58 +0300	2019-11-20 13:59:00 +0300	2989cab05ba94d6b9b654d0567780299	320 1 Ayşe Balcı		2019-20 LA Ayşe Balcı Kira Ödemesi 1/4				n	975000/100	975000/100	1970-01-01 02:00:00 +0200
C	97f5c3fc8702434b9b33f49ed89ddcb8	bd387cb4d7e94a98a114aa76223cab5b	2019-11-20 09:20:08 +0300	2019-11-20 09:17:58 +0300	2019-11-20 13:59:00 +0300	d0e0c6ad9e5e4635a956e3b966797d0c	100 100 Kasa Lise Arkası		2019-20 LA Ayşe Balcı Kira Ödemesi 1/4				n	-975000/100	-975000/100	1970-01-01 02:00:00 +0200
===== END
===== START
===== END
===== START
D	f765cbde4d754820ada26f719b053a43	7c2f1df2a88d422cba50e71cbc19ba77	2019-11-20 09:21:39 +0300	2019-11-20 09:21:39 +0300	2019-11-20 13:59:00 +0300								n	0/1	0/100	1970-01-01 02:00:00 +0200
===== END
===== START
D	20162fe91c0c491ca854bed3c1f76e89	110971920c934ed88460527a8e7ca508	2019-11-20 09:25:57 +0300	2019-11-20 09:25:57 +0300	2019-11-20 13:59:00 +0300								n	0/1	0/100	1970-01-01 02:00:00 +0200
===== END
===== START
D	98dae4171668454ba71562282c310d8c	46c90fef4d5f493593e2e38e42e97718	2019-11-20 09:26:05 +0300	2019-11-20 09:26:05 +0300	2019-11-20 13:59:00 +0300								n	0/1	0/100	1970-01-01 02:00:00 +0200
===== END
===== START
D	93145b31e28a4f3ba3e980791c45d745	99d87fee8c7a4f7ab5943448c4de1028	2019-11-20 09:26:08 +0300	2019-11-20 09:26:08 +0300	2019-11-20 13:59:00 +0300								n	0/1	0/100	1970-01-01 02:00:00 +0200
===== END
===== START
===== END
===== START
===== END
===== START
C	b8a4b7b9082046d7ab44b80a4d94a1e5	d99baf61c76746de9f31522161af1905	2019-11-20 09:26:38 +0300	2019-11-20 09:26:38 +0300	2019-11-20 13:59:00 +0300	908c3f6feebf4484990b780afddb8c6d	320 2 Ali Balcı		2019-20 Lise Arkası Kira Bedeli 1/4				n	-975000/100	-975000/100	1970-01-01 02:00:00 +0200
C	b8a4b7b9082046d7ab44b80a4d94a1e5	9ce0dab8308e4c1f95f3acf50820c75e	2019-11-20 09:26:38 +0300	2019-11-20 09:26:38 +0300	2019-11-20 13:59:00 +0300	3a63f12134c244fa86b69fbbccbba3e0	Açık-TRY		2019-20 Lise Arkası Kira Bedeli 1/4				n	975000/100	975000/100	1970-01-01 02:00:00 +0200
===== END
===== START
===== END
===== START
B	b8a4b7b9082046d7ab44b80a4d94a1e5	9ce0dab8308e4c1f95f3acf50820c75e	2019-11-20 09:26:50 +0300	2019-11-20 09:26:38 +0300	2019-11-20 13:59:00 +0300	3a63f12134c244fa86b69fbbccbba3e0	Açık-TRY		2019-20 Lise Arkası Kira Bedeli 1/4				n	975000/100	975000/100	1970-01-01 02:00:00 +0200
B	b8a4b7b9082046d7ab44b80a4d94a1e5	d99baf61c76746de9f31522161af1905	2019-11-20 09:26:50 +0300	2019-11-20 09:26:38 +0300	2019-11-20 13:59:00 +0300	908c3f6feebf4484990b780afddb8c6d	320 2 Ali Balcı		2019-20 Lise Arkası Kira Bedeli 1/4				n	-975000/100	-975000/100	1970-01-01 02:00:00 +0200
===== END
===== START
C	b8a4b7b9082046d7ab44b80a4d94a1e5	9ce0dab8308e4c1f95f3acf50820c75e	2019-11-20 09:26:50 +0300	2019-11-20 09:26:38 +0300	2019-11-20 13:59:00 +0300	95839397af674a06897deec940317c85	64 1 100 Lise Arkası		2019-20 Lise Arkası Kira Bedeli 1/4				n	975000/100	975000/100	1970-01-01 02:00:00 +0200
C	b8a4b7b9082046d7ab44b80a4d94a1e5	d99baf61c76746de9f31522161af1905	2019-11-20 09:26:50 +0300	2019-11-20 09:26:38 +0300	2019-11-20 13:59:00 +0300	908c3f6feebf4484990b780afddb8c6d	320 2 Ali Balcı		2019-20 Lise Arkası Kira Bedeli 1/4				n	-975000/100	-975000/100	1970-01-01 02:00:00 +0200
===== END
===== START
C	012ce57826534fd6af797e197faf1246	c5a875cc90854ae7942c974507ce1c30	2019-11-20 09:26:57 +0300	2019-11-20 09:26:57 +0300	2019-11-20 13:59:00 +0300	908c3f6feebf4484990b780afddb8c6d	320 2 Ali Balcı						n	0/100	0/100	1970-01-01 02:00:00 +0200
===== END
===== START
===== END
===== START
===== END
===== START
C	ccbdaebf73d0494d97fac18ed320e5c9	e8c4d1201cb34ceb9e7f3ca8b9cbe819	2019-11-20 09:27:11 +0300	2019-11-20 09:27:11 +0300	2019-11-20 13:59:00 +0300	8b4e8a0fec9d46faac18955bcf4ac888	320 3 Atila Balcı		2019-20 Lise Arkası Kira Bedeli 1/4				n	-975000/100	-975000/100	1970-01-01 02:00:00 +0200
C	ccbdaebf73d0494d97fac18ed320e5c9	0ae4a790e9414855b9237308791e07f0	2019-11-20 09:27:11 +0300	2019-11-20 09:27:11 +0300	2019-11-20 13:59:00 +0300	3a63f12134c244fa86b69fbbccbba3e0	Açık-TRY		2019-20 Lise Arkası Kira Bedeli 1/4				n	975000/100	975000/100	1970-01-01 02:00:00 +0200
===== END
===== START
===== END
===== START
===== END
===== START
C	b445355ac01548019c057b213736b5b7	65d433b3828b4d8aba9c93c338f716c9	2019-11-20 09:31:00 +0300	2019-11-20 09:31:00 +0300	2019-11-20 13:59:00 +0300	3aa1ec8129524dc2bd8d898c2c0ecfcf	320 5 Selanik Mermer						n	-9949068/100	-9949068/100	1970-01-01 02:00:00 +0200
C	b445355ac01548019c057b213736b5b7	ed49e386bc62425fae59522787765789	2019-11-20 09:31:00 +0300	2019-11-20 09:31:00 +0300	2019-11-20 13:59:00 +0300	bae27842f65d46608b26e39c13c76c09	63 GİDER						n	9949068/100	9949068/100	1970-01-01 02:00:00 +0200
===== END
===== START
===== END
===== START
B	b445355ac01548019c057b213736b5b7	ed49e386bc62425fae59522787765789	2019-11-20 09:31:55 +0300	2019-11-20 09:31:00 +0300	2019-11-20 13:59:00 +0300	bae27842f65d46608b26e39c13c76c09	63 GİDER						n	9949068/100	9949068/100	1970-01-01 02:00:00 +0200
B	b445355ac01548019c057b213736b5b7	65d433b3828b4d8aba9c93c338f716c9	2019-11-20 09:31:55 +0300	2019-11-20 09:31:00 +0300	2019-11-20 13:59:00 +0300	3aa1ec8129524dc2bd8d898c2c0ecfcf	320 5 Selanik Mermer						n	-9949068/100	-9949068/100	1970-01-01 02:00:00 +0200
===== END
===== START
C	b445355ac01548019c057b213736b5b7	ed49e386bc62425fae59522787765789	2019-11-20 09:31:55 +0300	2019-11-20 09:31:00 +0300	2019-11-20 13:59:00 +0300	a64746f3da964aefb0247bc7a0da7688	64 1 00 Kira Gelirleri						n	9949068/100	9949068/100	1970-01-01 02:00:00 +0200
C	b445355ac01548019c057b213736b5b7	65d433b3828b4d8aba9c93c338f716c9	2019-11-20 09:31:55 +0300	2019-11-20 09:31:00 +0300	2019-11-20 13:59:00 +0300	3aa1ec8129524dc2bd8d898c2c0ecfcf	320 5 Selanik Mermer						n	-9949068/100	-9949068/100	1970-01-01 02:00:00 +0200
===== END
===== START
B	b445355ac01548019c057b213736b5b7	ed49e386bc62425fae59522787765789	2019-11-20 09:33:02 +0300	2019-11-20 09:31:00 +0300	2019-11-20 13:59:00 +0300	a64746f3da964aefb0247bc7a0da7688	64 1 00 Kira Gelirleri						n	9949068/100	9949068/100	1970-01-01 02:00:00 +0200
B	b445355ac01548019c057b213736b5b7	65d433b3828b4d8aba9c93c338f716c9	2019-11-20 09:33:02 +0300	2019-11-20 09:31:00 +0300	2019-11-20 13:59:00 +0300	3aa1ec8129524dc2bd8d898c2c0ecfcf	320 5 Selanik Mermer						n	-9949068/100	-9949068/100	1970-01-01 02:00:00 +0200
===== END
===== START
C	b445355ac01548019c057b213736b5b7	ed49e386bc62425fae59522787765789	2019-11-20 09:33:02 +0300	2019-11-20 09:31:00 +0300	2019-11-20 13:59:00 +0300	45cb59e5aa69457189e1f516d0413c47	63 0 Genel GDR						n	9949068/100	9949068/100	1970-01-01 02:00:00 +0200
C	b445355ac01548019c057b213736b5b7	65d433b3828b4d8aba9c93c338f716c9	2019-11-20 09:33:02 +0300	2019-11-20 09:31:00 +0300	2019-11-20 13:59:00 +0300	3aa1ec8129524dc2bd8d898c2c0ecfcf	320 5 Selanik Mermer						n	-9949068/100	-9949068/100	1970-01-01 02:00:00 +0200
===== END
===== START
B	b445355ac01548019c057b213736b5b7	ed49e386bc62425fae59522787765789	2019-11-20 09:33:23 +0300	2019-11-20 09:31:00 +0300	2019-11-20 13:59:00 +0300	45cb59e5aa69457189e1f516d0413c47	63 0 Genel GDR						n	9949068/100	9949068/100	1970-01-01 02:00:00 +0200
B	b445355ac01548019c057b213736b5b7	65d433b3828b4d8aba9c93c338f716c9	2019-11-20 09:33:23 +0300	2019-11-20 09:31:00 +0300	2019-11-20 13:59:00 +0300	3aa1ec8129524dc2bd8d898c2c0ecfcf	320 5 Selanik Mermer						n	-9949068/100	-9949068/100	1970-01-01 02:00:00 +0200
===== END
===== START
D	b445355ac01548019c057b213736b5b7	ed49e386bc62425fae59522787765789	2019-11-20 09:33:23 +0300	2019-11-20 09:31:00 +0300	2019-11-20 13:59:00 +0300	45cb59e5aa69457189e1f516d0413c47	63 0 Genel GDR						n	9949068/100	9949068/100	1970-01-01 02:00:00 +0200
D	b445355ac01548019c057b213736b5b7	65d433b3828b4d8aba9c93c338f716c9	2019-11-20 09:33:23 +0300	2019-11-20 09:31:00 +0300	2019-11-20 13:59:00 +0300	3aa1ec8129524dc2bd8d898c2c0ecfcf	320 5 Selanik Mermer						n	-9949068/100	-9949068/100	1970-01-01 02:00:00 +0200
===== END
===== START
===== END
===== START
C	ecfccbfb444f4f388baf008ba59fdb39	df00b4102e664faab590cb00792a8385	2019-11-20 09:34:20 +0300	2019-11-20 09:34:20 +0300	2019-11-20 13:59:00 +0300	880418107c944eba947ef884800fa505	501 Geçmiş Dönem Borçları						n	9900000/100	9900000/100	1970-01-01 02:00:00 +0200
C	ecfccbfb444f4f388baf008ba59fdb39	ac9e99b27c1947eab1fd84e0b4bcae12	2019-11-20 09:34:20 +0300	2019-11-20 09:34:20 +0300	2019-11-20 13:59:00 +0300	3aa1ec8129524dc2bd8d898c2c0ecfcf	320 5 Selanik Mermer						n	-9900000/100	-9900000/100	1970-01-01 02:00:00 +0200
===== END
===== START
===== END
===== START
D	aaeb4c0532304462bbe81e5084ad4a7b	71f79d7b367b4e6ba969f9bcdf09622e	2019-11-20 09:34:26 +0300	2019-11-20 09:34:26 +0300	2019-11-20 13:59:00 +0300								n	0/1	0/100	1970-01-01 02:00:00 +0200
===== END
===== START
D	15954bc0a1c14746aa4247cf4f173685	e4ed04df3049424d8ccefb45b0ee2bdb	2019-11-20 09:34:27 +0300	2019-11-20 09:34:27 +0300	2019-11-20 13:59:00 +0300								n	0/1	0/100	1970-01-01 02:00:00 +0200
===== END
===== START
D	69f6c541fd584e42bce2f5877ef53f11	582754af72e74c05ab28053cfae57e79	2019-11-20 09:34:29 +0300	2019-11-20 09:34:29 +0300	2019-11-20 13:59:00 +0300								n	0/1	0/100	1970-01-01 02:00:00 +0200
===== END
===== START
C	19ff2bd86a0f48bda8eb6205fb9e05f8	2bbb23b421774baab67c46b3567f5029	2019-11-20 09:35:02 +0300	2019-11-20 09:35:02 +0300	2019-11-20 13:59:00 +0300	3aa1ec8129524dc2bd8d898c2c0ecfcf	320 5 Selanik Mermer						n	2000000/100	2000000/100	1970-01-01 02:00:00 +0200
C	19ff2bd86a0f48bda8eb6205fb9e05f8	289ac24aa5da4a10acc0f91391cdbe48	2019-11-20 09:35:02 +0300	2019-11-20 09:35:02 +0300	2019-11-20 13:59:00 +0300	d0e0c6ad9e5e4635a956e3b966797d0c	100 100 Kasa Lise Arkası						n	-2000000/100	-2000000/100	1970-01-01 02:00:00 +0200
===== END
===== START
===== END
