mod	trans_guid	split_guid	time_now	date_entered	date_posted	acc_guid	acc_name	num	description	notes	memo	action	reconciled	amount	value	date_reconciled
-----------------
===== START
B	0ef6fc45dacc4fbfa140a633ff43eeea	78c4aca809a04a919c3e0b5941972362	2019-12-03 10:33:59 +0300	2019-12-03 09:34:34 +0300	2019-12-03 13:59:00 +0300	62cf67902c2f48c28059ec3005e4290f	64 1 540 240m2		2018 1 Emlak Vergisi				n	0/100	0/100	1970-01-01 02:00:00 +0200
===== END
===== START
C	0ef6fc45dacc4fbfa140a633ff43eeea	78c4aca809a04a919c3e0b5941972362	2019-12-03 10:33:59 +0300	2019-12-03 09:34:34 +0300	2019-12-03 13:59:00 +0300	62cf67902c2f48c28059ec3005e4290f	64 1 540 240m2		2018 1 Emlak Vergisi				n	25725/100	25725/100	1970-01-01 02:00:00 +0200
C	0ef6fc45dacc4fbfa140a633ff43eeea	d81b116e67454e259e6cd669eb74b43f	2019-12-03 10:33:59 +0300	2019-12-03 09:34:34 +0300	2019-12-03 13:59:00 +0300	deabaef30fc841ac9337e26a874ae856	100 KASA		2018 1 Emlak Vergisi				n	-25725/100	-25725/100	1970-01-01 02:00:00 +0200
===== END
===== START
===== END
===== START
B	0ef6fc45dacc4fbfa140a633ff43eeea	78c4aca809a04a919c3e0b5941972362	2019-12-03 10:34:45 +0300	2019-12-03 09:34:34 +0300	2019-12-03 13:59:00 +0300	62cf67902c2f48c28059ec3005e4290f	64 1 540 240m2		2018 1 Emlak Vergisi				n	25725/100	25725/100	1970-01-01 02:00:00 +0200
B	0ef6fc45dacc4fbfa140a633ff43eeea	d81b116e67454e259e6cd669eb74b43f	2019-12-03 10:34:45 +0300	2019-12-03 09:34:34 +0300	2019-12-03 13:59:00 +0300	deabaef30fc841ac9337e26a874ae856	100 KASA		2018 1 Emlak Vergisi				n	-25725/100	-25725/100	1970-01-01 02:00:00 +0200
===== END
===== START
C	0ef6fc45dacc4fbfa140a633ff43eeea	78c4aca809a04a919c3e0b5941972362	2019-12-03 10:34:45 +0300	2019-12-03 09:34:34 +0300	2019-12-03 13:59:00 +0300	62cf67902c2f48c28059ec3005e4290f	64 1 540 240m2		2018 1 Emlak Vergisi				n	25725/100	25725/100	1970-01-01 02:00:00 +0200
C	0ef6fc45dacc4fbfa140a633ff43eeea	d81b116e67454e259e6cd669eb74b43f	2019-12-03 10:34:45 +0300	2019-12-03 09:34:34 +0300	2019-12-03 13:59:00 +0300	b552133f27ab4c9cad6ba2bbca63b69f	100 540 Kasa Sanayi 240m2		2018 1 Emlak Vergisi				n	-25725/100	-25725/100	1970-01-01 02:00:00 +0200
===== END
===== START
D	781b58aed84b40339f1eb09a7c158ad5	4e5b2f9604494f21bf50426ea7581bc0	2019-12-03 10:34:58 +0300	2019-12-03 10:34:58 +0300	2019-12-03 13:59:00 +0300								n	0/1	0/100	1970-01-01 02:00:00 +0200
===== END
===== START
===== END
===== START
B	0ef6fc45dacc4fbfa140a633ff43eeea	78c4aca809a04a919c3e0b5941972362	2019-12-03 10:35:32 +0300	2019-12-03 09:34:34 +0300	2019-12-03 13:59:00 +0300	62cf67902c2f48c28059ec3005e4290f	64 1 540 240m2		2018 1 Emlak Vergisi				n	25725/100	25725/100	1970-01-01 02:00:00 +0200
B	0ef6fc45dacc4fbfa140a633ff43eeea	d81b116e67454e259e6cd669eb74b43f	2019-12-03 10:35:32 +0300	2019-12-03 09:34:34 +0300	2019-12-03 13:59:00 +0300	b552133f27ab4c9cad6ba2bbca63b69f	100 540 Kasa Sanayi 240m2		2018 1 Emlak Vergisi				n	-25725/100	-25725/100	1970-01-01 02:00:00 +0200
===== END
===== START
C	0ef6fc45dacc4fbfa140a633ff43eeea	78c4aca809a04a919c3e0b5941972362	2019-12-03 10:35:32 +0300	2019-12-03 09:34:34 +0300	2018-07-26 13:59:00 +0300	62cf67902c2f48c28059ec3005e4290f	64 1 540 240m2		2018 1 Emlak Vergisi				n	25725/100	25725/100	1970-01-01 02:00:00 +0200
C	0ef6fc45dacc4fbfa140a633ff43eeea	d81b116e67454e259e6cd669eb74b43f	2019-12-03 10:35:32 +0300	2019-12-03 09:34:34 +0300	2018-07-26 13:59:00 +0300	b552133f27ab4c9cad6ba2bbca63b69f	100 540 Kasa Sanayi 240m2		2018 1 Emlak Vergisi				n	-25725/100	-25725/100	1970-01-01 02:00:00 +0200
===== END
===== START
C	a6b2de36fa224f68a60c1c01de6f79b9	9bdb2fb7933c452bb00a569e398ba289	2019-12-03 10:37:38 +0300	2019-12-03 10:37:38 +0300	2019-04-01 13:59:00 +0300	b552133f27ab4c9cad6ba2bbca63b69f	100 540 Kasa Sanayi 240m2						n	0/100	0/100	1970-01-01 02:00:00 +0200
===== END
===== START
===== END
===== START
B	a6b2de36fa224f68a60c1c01de6f79b9	9bdb2fb7933c452bb00a569e398ba289	2019-12-03 10:39:05 +0300	2019-12-03 10:37:38 +0300	2019-04-01 13:59:00 +0300	b552133f27ab4c9cad6ba2bbca63b69f	100 540 Kasa Sanayi 240m2						n	0/100	0/100	1970-01-01 02:00:00 +0200
===== END
===== START
C	a6b2de36fa224f68a60c1c01de6f79b9	9bdb2fb7933c452bb00a569e398ba289	2019-12-03 10:39:05 +0300	2019-12-03 10:37:38 +0300	2019-04-01 13:59:00 +0300	b552133f27ab4c9cad6ba2bbca63b69f	100 540 Kasa Sanayi 240m2		Emlak vergisi yapılandırma 3-4-5-6/6				n	-14213/100	-14213/100	1970-01-01 02:00:00 +0200
C	a6b2de36fa224f68a60c1c01de6f79b9	c9d1df71326540d9b4011ae3037ce399	2019-12-03 10:39:05 +0300	2019-12-03 10:37:38 +0300	2019-04-01 13:59:00 +0300	b552133f27ab4c9cad6ba2bbca63b69f	100 540 Kasa Sanayi 240m2		Emlak vergisi yapılandırma 3-4-5-6/6				n	14213/100	14213/100	1970-01-01 02:00:00 +0200
===== END
===== START
B	a6b2de36fa224f68a60c1c01de6f79b9	c9d1df71326540d9b4011ae3037ce399	2019-12-03 10:39:32 +0300	2019-12-03 10:37:38 +0300	2019-04-01 13:59:00 +0300	b552133f27ab4c9cad6ba2bbca63b69f	100 540 Kasa Sanayi 240m2		Emlak vergisi yapılandırma 3-4-5-6/6				n	14213/100	14213/100	1970-01-01 02:00:00 +0200
B	a6b2de36fa224f68a60c1c01de6f79b9	9bdb2fb7933c452bb00a569e398ba289	2019-12-03 10:39:32 +0300	2019-12-03 10:37:38 +0300	2019-04-01 13:59:00 +0300	b552133f27ab4c9cad6ba2bbca63b69f	100 540 Kasa Sanayi 240m2		Emlak vergisi yapılandırma 3-4-5-6/6				n	-14213/100	-14213/100	1970-01-01 02:00:00 +0200
===== END
===== START
C	a6b2de36fa224f68a60c1c01de6f79b9	c9d1df71326540d9b4011ae3037ce399	2019-12-03 10:39:32 +0300	2019-12-03 10:37:38 +0300	2019-04-01 13:59:00 +0300	b552133f27ab4c9cad6ba2bbca63b69f	100 540 Kasa Sanayi 240m2		Emlak vergisi yapılandırma 6/6				n	14213/100	14213/100	1970-01-01 02:00:00 +0200
C	a6b2de36fa224f68a60c1c01de6f79b9	9bdb2fb7933c452bb00a569e398ba289	2019-12-03 10:39:32 +0300	2019-12-03 10:37:38 +0300	2019-04-01 13:59:00 +0300	b552133f27ab4c9cad6ba2bbca63b69f	100 540 Kasa Sanayi 240m2		Emlak vergisi yapılandırma 6/6				n	-14213/100	-14213/100	1970-01-01 02:00:00 +0200
===== END
===== START
B	a6b2de36fa224f68a60c1c01de6f79b9	c9d1df71326540d9b4011ae3037ce399	2019-12-03 10:39:45 +0300	2019-12-03 10:37:38 +0300	2019-04-01 13:59:00 +0300	b552133f27ab4c9cad6ba2bbca63b69f	100 540 Kasa Sanayi 240m2		Emlak vergisi yapılandırma 6/6				n	14213/100	14213/100	1970-01-01 02:00:00 +0200
B	a6b2de36fa224f68a60c1c01de6f79b9	9bdb2fb7933c452bb00a569e398ba289	2019-12-03 10:39:45 +0300	2019-12-03 10:37:38 +0300	2019-04-01 13:59:00 +0300	b552133f27ab4c9cad6ba2bbca63b69f	100 540 Kasa Sanayi 240m2		Emlak vergisi yapılandırma 6/6				n	-14213/100	-14213/100	1970-01-01 02:00:00 +0200
===== END
===== START
D	a6b2de36fa224f68a60c1c01de6f79b9	c9d1df71326540d9b4011ae3037ce399	2019-12-03 10:39:45 +0300	2019-12-03 10:37:38 +0300	2019-04-01 13:59:00 +0300	b552133f27ab4c9cad6ba2bbca63b69f	100 540 Kasa Sanayi 240m2		Emlak vergisi yapılandırma 6/6				n	14213/100	14213/100	1970-01-01 02:00:00 +0200
D	a6b2de36fa224f68a60c1c01de6f79b9	9bdb2fb7933c452bb00a569e398ba289	2019-12-03 10:39:45 +0300	2019-12-03 10:37:38 +0300	2019-04-01 13:59:00 +0300	b552133f27ab4c9cad6ba2bbca63b69f	100 540 Kasa Sanayi 240m2		Emlak vergisi yapılandırma 6/6				n	-14213/100	-14213/100	1970-01-01 02:00:00 +0200
===== END
===== START
C	8c30d188486d441b8cee4a5c2e87f9a5	225b9f19baf14cd0a31eed3a1af37e84	2019-12-03 10:40:33 +0300	2019-12-03 10:40:33 +0300	2019-04-01 13:59:00 +0300	62cf67902c2f48c28059ec3005e4290f	64 1 540 240m2						n	0/100	0/100	1970-01-01 02:00:00 +0200
===== END
===== START
===== END
===== START
B	8c30d188486d441b8cee4a5c2e87f9a5	225b9f19baf14cd0a31eed3a1af37e84	2019-12-03 10:41:06 +0300	2019-12-03 10:40:33 +0300	2019-04-01 13:59:00 +0300	62cf67902c2f48c28059ec3005e4290f	64 1 540 240m2						n	0/100	0/100	1970-01-01 02:00:00 +0200
===== END
===== START
C	8c30d188486d441b8cee4a5c2e87f9a5	225b9f19baf14cd0a31eed3a1af37e84	2019-12-03 10:41:06 +0300	2019-12-03 10:40:33 +0300	2019-04-01 13:59:00 +0300	62cf67902c2f48c28059ec3005e4290f	64 1 540 240m2		Emlak Yapılandırma 6/6				n	14213/100	14213/100	1970-01-01 02:00:00 +0200
C	8c30d188486d441b8cee4a5c2e87f9a5	c28ecaac54ee47169ea2f315ac8019d4	2019-12-03 10:41:06 +0300	2019-12-03 10:40:33 +0300	2019-04-01 13:59:00 +0300	b5c86390d3244c54a84665ddd07f7f17	127 540 Dursun Durmuş		Emlak Yapılandırma 6/6				n	-14213/100	-14213/100	1970-01-01 02:00:00 +0200
===== END
===== START
B	8c30d188486d441b8cee4a5c2e87f9a5	225b9f19baf14cd0a31eed3a1af37e84	2019-12-03 10:41:21 +0300	2019-12-03 10:40:33 +0300	2019-04-01 13:59:00 +0300	62cf67902c2f48c28059ec3005e4290f	64 1 540 240m2		Emlak Yapılandırma 6/6				n	14213/100	14213/100	1970-01-01 02:00:00 +0200
B	8c30d188486d441b8cee4a5c2e87f9a5	c28ecaac54ee47169ea2f315ac8019d4	2019-12-03 10:41:21 +0300	2019-12-03 10:40:33 +0300	2019-04-01 13:59:00 +0300	b5c86390d3244c54a84665ddd07f7f17	127 540 Dursun Durmuş		Emlak Yapılandırma 6/6				n	-14213/100	-14213/100	1970-01-01 02:00:00 +0200
===== END
===== START
C	8c30d188486d441b8cee4a5c2e87f9a5	225b9f19baf14cd0a31eed3a1af37e84	2019-12-03 10:41:21 +0300	2019-12-03 10:40:33 +0300	2019-04-01 13:59:00 +0300	62cf67902c2f48c28059ec3005e4290f	64 1 540 240m2		Emlak Yapılandırma 6/6				n	14213/100	14213/100	1970-01-01 02:00:00 +0200
C	8c30d188486d441b8cee4a5c2e87f9a5	c28ecaac54ee47169ea2f315ac8019d4	2019-12-03 10:41:21 +0300	2019-12-03 10:40:33 +0300	2019-04-01 13:59:00 +0300	b552133f27ab4c9cad6ba2bbca63b69f	100 540 Kasa Sanayi 240m2		Emlak Yapılandırma 6/6				n	-14213/100	-14213/100	1970-01-01 02:00:00 +0200
===== END
===== START
C	49386701e20c471b85481c41a467b0d9	263c46489c50447dbbb5dad89b0bc2d5	2019-12-03 10:41:45 +0300	2019-12-03 10:41:45 +0300	2019-04-01 13:59:00 +0300	62cf67902c2f48c28059ec3005e4290f	64 1 540 240m2		Emlak Yapılandırma 3-4-5/6				n	0/100	0/100	1970-01-01 02:00:00 +0200
===== END
===== START
===== END
===== START
B	49386701e20c471b85481c41a467b0d9	263c46489c50447dbbb5dad89b0bc2d5	2019-12-03 10:41:54 +0300	2019-12-03 10:41:45 +0300	2019-04-01 13:59:00 +0300	62cf67902c2f48c28059ec3005e4290f	64 1 540 240m2		Emlak Yapılandırma 3-4-5/6				n	0/100	0/100	1970-01-01 02:00:00 +0200
===== END
===== START
C	49386701e20c471b85481c41a467b0d9	263c46489c50447dbbb5dad89b0bc2d5	2019-12-03 10:41:54 +0300	2019-12-03 10:41:45 +0300	2019-04-01 13:59:00 +0300	62cf67902c2f48c28059ec3005e4290f	64 1 540 240m2		Emlak Yapılandırma 3-4-5/6				n	42954/100	42954/100	1970-01-01 02:00:00 +0200
C	49386701e20c471b85481c41a467b0d9	6874de91a18a43cba5d9f0bc6c2f4fe9	2019-12-03 10:41:54 +0300	2019-12-03 10:41:45 +0300	2019-04-01 13:59:00 +0300	3a63f12134c244fa86b69fbbccbba3e0	Açık-TRY		Emlak Yapılandırma 3-4-5/6				n	-42954/100	-42954/100	1970-01-01 02:00:00 +0200
===== END
===== START
B	49386701e20c471b85481c41a467b0d9	263c46489c50447dbbb5dad89b0bc2d5	2019-12-03 10:42:04 +0300	2019-12-03 10:41:45 +0300	2019-04-01 13:59:00 +0300	62cf67902c2f48c28059ec3005e4290f	64 1 540 240m2		Emlak Yapılandırma 3-4-5/6				n	42954/100	42954/100	1970-01-01 02:00:00 +0200
B	49386701e20c471b85481c41a467b0d9	6874de91a18a43cba5d9f0bc6c2f4fe9	2019-12-03 10:42:04 +0300	2019-12-03 10:41:45 +0300	2019-04-01 13:59:00 +0300	3a63f12134c244fa86b69fbbccbba3e0	Açık-TRY		Emlak Yapılandırma 3-4-5/6				n	-42954/100	-42954/100	1970-01-01 02:00:00 +0200
===== END
===== START
C	49386701e20c471b85481c41a467b0d9	263c46489c50447dbbb5dad89b0bc2d5	2019-12-03 10:42:04 +0300	2019-12-03 10:41:45 +0300	2019-04-01 13:59:00 +0300	62cf67902c2f48c28059ec3005e4290f	64 1 540 240m2		Emlak Yapılandırma 3-4-5/6				n	42954/100	42954/100	1970-01-01 02:00:00 +0200
C	49386701e20c471b85481c41a467b0d9	6874de91a18a43cba5d9f0bc6c2f4fe9	2019-12-03 10:42:04 +0300	2019-12-03 10:41:45 +0300	2019-04-01 13:59:00 +0300	b552133f27ab4c9cad6ba2bbca63b69f	100 540 Kasa Sanayi 240m2		Emlak Yapılandırma 3-4-5/6				n	-42954/100	-42954/100	1970-01-01 02:00:00 +0200
===== END
===== START
C	cf2387fe76444331be26046aafd3060d	5c1ec9fc5d464c3cbdad1974428f3f80	2019-12-03 10:42:19 +0300	2019-12-03 10:42:19 +0300	2019-04-01 13:59:00 +0300	62cf67902c2f48c28059ec3005e4290f	64 1 540 240m2		Emlak Yapılandırma 2/6				n	0/100	0/100	1970-01-01 02:00:00 +0200
===== END
===== START
===== END
===== START
B	cf2387fe76444331be26046aafd3060d	5c1ec9fc5d464c3cbdad1974428f3f80	2019-12-03 10:42:43 +0300	2019-12-03 10:42:19 +0300	2019-04-01 13:59:00 +0300	62cf67902c2f48c28059ec3005e4290f	64 1 540 240m2		Emlak Yapılandırma 2/6				n	0/100	0/100	1970-01-01 02:00:00 +0200
===== END
===== START
C	cf2387fe76444331be26046aafd3060d	5c1ec9fc5d464c3cbdad1974428f3f80	2019-12-03 10:42:43 +0300	2019-12-03 10:42:19 +0300	2018-11-30 13:59:00 +0300	62cf67902c2f48c28059ec3005e4290f	64 1 540 240m2		Emlak Yapılandırma 2/6				n	0/100	0/100	1970-01-01 02:00:00 +0200
===== END
===== START
B	cf2387fe76444331be26046aafd3060d	5c1ec9fc5d464c3cbdad1974428f3f80	2019-12-03 10:43:00 +0300	2019-12-03 10:42:19 +0300	2018-11-30 13:59:00 +0300	62cf67902c2f48c28059ec3005e4290f	64 1 540 240m2		Emlak Yapılandırma 2/6				n	0/100	0/100	1970-01-01 02:00:00 +0200
===== END
===== START
C	cf2387fe76444331be26046aafd3060d	5c1ec9fc5d464c3cbdad1974428f3f80	2019-12-03 10:43:00 +0300	2019-12-03 10:42:19 +0300	2018-11-30 13:59:00 +0300	62cf67902c2f48c28059ec3005e4290f	64 1 540 240m2		Emlak Yapılandırma 2/6				c	14218/100	14218/100	1970-01-01 02:00:00 +0200
C	cf2387fe76444331be26046aafd3060d	ba83bdfe38c64347821119ed3e3cbdcd	2019-12-03 10:43:00 +0300	2019-12-03 10:42:19 +0300	2018-11-30 13:59:00 +0300	b552133f27ab4c9cad6ba2bbca63b69f	100 540 Kasa Sanayi 240m2		Emlak Yapılandırma 2/6				n	-14218/100	-14218/100	1970-01-01 02:00:00 +0200
===== END
===== START
C	9435d8ef013f4478a60e59443c376950	aa2527f284584a7aa3a16834b0607f77	2019-12-03 10:43:18 +0300	2019-12-03 10:43:18 +0300	2018-09-28 13:59:00 +0300	62cf67902c2f48c28059ec3005e4290f	64 1 540 240m2						n	0/100	0/100	1970-01-01 02:00:00 +0200
===== END
===== START
===== END
===== START
B	9435d8ef013f4478a60e59443c376950	aa2527f284584a7aa3a16834b0607f77	2019-12-03 10:43:25 +0300	2019-12-03 10:43:18 +0300	2018-09-28 13:59:00 +0300	62cf67902c2f48c28059ec3005e4290f	64 1 540 240m2						n	0/100	0/100	1970-01-01 02:00:00 +0200
===== END
===== START
C	9435d8ef013f4478a60e59443c376950	aa2527f284584a7aa3a16834b0607f77	2019-12-03 10:43:25 +0300	2019-12-03 10:43:18 +0300	2018-09-28 13:59:00 +0300	62cf67902c2f48c28059ec3005e4290f	64 1 540 240m2		Emlak Yapılandırma 1/6				n	0/100	0/100	1970-01-01 02:00:00 +0200
===== END
===== START
B	9435d8ef013f4478a60e59443c376950	aa2527f284584a7aa3a16834b0607f77	2019-12-03 10:43:41 +0300	2019-12-03 10:43:18 +0300	2018-09-28 13:59:00 +0300	62cf67902c2f48c28059ec3005e4290f	64 1 540 240m2		Emlak Yapılandırma 1/6				n	0/100	0/100	1970-01-01 02:00:00 +0200
===== END
===== START
C	9435d8ef013f4478a60e59443c376950	aa2527f284584a7aa3a16834b0607f77	2019-12-03 10:43:41 +0300	2019-12-03 10:43:18 +0300	2018-09-28 13:59:00 +0300	62cf67902c2f48c28059ec3005e4290f	64 1 540 240m2		Emlak Yapılandırma 1/6				n	14218/100	14218/100	1970-01-01 02:00:00 +0200
C	9435d8ef013f4478a60e59443c376950	1361349efcd844c284c7465b85009d0d	2019-12-03 10:43:41 +0300	2019-12-03 10:43:18 +0300	2018-09-28 13:59:00 +0300	b552133f27ab4c9cad6ba2bbca63b69f	100 540 Kasa Sanayi 240m2		Emlak Yapılandırma 1/6				n	-14218/100	-14218/100	1970-01-01 02:00:00 +0200
===== END
===== START
C	c08674d7e94d44508f1a48b919e10ad7	10c6f22fc6e44914a4af3137d9b56e32	2019-12-03 10:44:29 +0300	2019-12-03 10:44:29 +0300	2018-11-30 13:59:00 +0300	62cf67902c2f48c28059ec3005e4290f	64 1 540 240m2		2018 2 Emlak Vergisi				n	0/100	0/100	1970-01-01 02:00:00 +0200
===== END
===== START
===== END
===== START
B	c08674d7e94d44508f1a48b919e10ad7	10c6f22fc6e44914a4af3137d9b56e32	2019-12-03 10:44:47 +0300	2019-12-03 10:44:29 +0300	2018-11-30 13:59:00 +0300	62cf67902c2f48c28059ec3005e4290f	64 1 540 240m2		2018 2 Emlak Vergisi				n	0/100	0/100	1970-01-01 02:00:00 +0200
===== END
===== START
C	c08674d7e94d44508f1a48b919e10ad7	10c6f22fc6e44914a4af3137d9b56e32	2019-12-03 10:44:47 +0300	2019-12-03 10:44:29 +0300	2018-11-30 13:59:00 +0300	62cf67902c2f48c28059ec3005e4290f	64 1 540 240m2		2018 2 Emlak Vergisi				n	25080/100	25080/100	1970-01-01 02:00:00 +0200
C	c08674d7e94d44508f1a48b919e10ad7	7fd103f6c78645b5a9c406c409f37fe2	2019-12-03 10:44:47 +0300	2019-12-03 10:44:29 +0300	2018-11-30 13:59:00 +0300	b552133f27ab4c9cad6ba2bbca63b69f	100 540 Kasa Sanayi 240m2		2018 2 Emlak Vergisi				n	-25080/100	-25080/100	1970-01-01 02:00:00 +0200
===== END
===== START
C	a50add8d8eb7423e9a2128550d6e7ff3	93e40d297fae41b2b9c575f28e260411	2019-12-03 10:45:16 +0300	2019-12-03 10:45:16 +0300	2019-11-29 13:59:00 +0300	62cf67902c2f48c28059ec3005e4290f	64 1 540 240m2						n	0/100	0/100	1970-01-01 02:00:00 +0200
===== END
===== START
===== END
===== START
B	a50add8d8eb7423e9a2128550d6e7ff3	93e40d297fae41b2b9c575f28e260411	2019-12-03 10:45:43 +0300	2019-12-03 10:45:16 +0300	2019-11-29 13:59:00 +0300	62cf67902c2f48c28059ec3005e4290f	64 1 540 240m2						n	0/100	0/100	1970-01-01 02:00:00 +0200
===== END
===== START
C	a50add8d8eb7423e9a2128550d6e7ff3	93e40d297fae41b2b9c575f28e260411	2019-12-03 10:45:43 +0300	2019-12-03 10:45:16 +0300	2019-11-29 13:59:00 +0300	62cf67902c2f48c28059ec3005e4290f	64 1 540 240m2		2010 1-2 Emlak Vergisi				n	59875/100	59875/100	1970-01-01 02:00:00 +0200
C	a50add8d8eb7423e9a2128550d6e7ff3	b53511192fb5442eab3613a05579610f	2019-12-03 10:45:43 +0300	2019-12-03 10:45:16 +0300	2019-11-29 13:59:00 +0300	b552133f27ab4c9cad6ba2bbca63b69f	100 540 Kasa Sanayi 240m2		2010 1-2 Emlak Vergisi				n	-59875/100	-59875/100	1970-01-01 02:00:00 +0200
===== END
===== START
D	690a0daf627d4578a1fb9b7895a87f1a	6a71b7146e2245aa88e3ea88cf6f5677	2019-12-03 10:48:31 +0300	2019-12-03 10:48:31 +0300	2019-11-29 13:59:00 +0300								n	0/1	0/100	1970-01-01 02:00:00 +0200
===== END
===== START
D	c7b5f34fee444e73a4a6b82a94e250af	8c581c8095c64bf7abb5d0302da7027c	2019-12-03 10:48:33 +0300	2019-12-03 10:48:33 +0300	2019-12-03 13:59:00 +0300								n	0/1	0/100	1970-01-01 02:00:00 +0200
===== END
