mod	trans_guid	split_guid	time_now	date_entered	date_posted	acc_guid	acc_name	num	description	notes	memo	action	reconciled	amount	value	date_reconciled
-----------------
===== START
C	9b147028cc5a41b3ba64efcf760f6b86	30fc01dd5af0488daf9387b1bd3ef4b4	2019-11-21 08:37:21 +0300	2019-11-21 08:37:21 +0300	2011-04-01 13:59:00 +0300	2989cab05ba94d6b9b654d0567780299	320 1 Ayşe Balcı						n	0/100	0/100	1970-01-01 02:00:00 +0200
===== END
===== START
===== END
===== START
B	9b147028cc5a41b3ba64efcf760f6b86	30fc01dd5af0488daf9387b1bd3ef4b4	2019-11-21 08:37:40 +0300	2019-11-21 08:37:21 +0300	2011-04-01 13:59:00 +0300	2989cab05ba94d6b9b654d0567780299	320 1 Ayşe Balcı						n	0/100	0/100	1970-01-01 02:00:00 +0200
===== END
===== START
C	9b147028cc5a41b3ba64efcf760f6b86	30fc01dd5af0488daf9387b1bd3ef4b4	2019-11-21 08:37:40 +0300	2019-11-21 08:37:21 +0300	2011-04-01 13:59:00 +0300	2989cab05ba94d6b9b654d0567780299	320 1 Ayşe Balcı						n	-475000/100	-475000/100	1970-01-01 02:00:00 +0200
C	9b147028cc5a41b3ba64efcf760f6b86	df91bfa755d344ffb67eb49e1cd7ee7d	2019-11-21 08:37:40 +0300	2019-11-21 08:37:21 +0300	2011-04-01 13:59:00 +0300	d6f86156a93242cc994b54e04382956e	108 Eski Hesaplar Kasası						n	475000/100	475000/100	1970-01-01 02:00:00 +0200
===== END
===== START
B	9b147028cc5a41b3ba64efcf760f6b86	df91bfa755d344ffb67eb49e1cd7ee7d	2019-11-21 08:38:58 +0300	2019-11-21 08:37:21 +0300	2011-04-01 13:59:00 +0300	d6f86156a93242cc994b54e04382956e	108 Eski Hesaplar Kasası						n	475000/100	475000/100	1970-01-01 02:00:00 +0200
B	9b147028cc5a41b3ba64efcf760f6b86	30fc01dd5af0488daf9387b1bd3ef4b4	2019-11-21 08:38:58 +0300	2019-11-21 08:37:21 +0300	2011-04-01 13:59:00 +0300	2989cab05ba94d6b9b654d0567780299	320 1 Ayşe Balcı						n	-475000/100	-475000/100	1970-01-01 02:00:00 +0200
===== END
===== START
C	9b147028cc5a41b3ba64efcf760f6b86	df91bfa755d344ffb67eb49e1cd7ee7d	2019-11-21 08:38:58 +0300	2019-11-21 08:37:21 +0300	2011-04-01 13:59:00 +0300	d6f86156a93242cc994b54e04382956e	108 Eski Hesaplar Kasası						n	475000/100	475000/100	1970-01-01 02:00:00 +0200
C	9b147028cc5a41b3ba64efcf760f6b86	30fc01dd5af0488daf9387b1bd3ef4b4	2019-11-21 08:38:58 +0300	2019-11-21 08:37:21 +0300	2011-04-01 13:59:00 +0300	2989cab05ba94d6b9b654d0567780299	320 1 Ayşe Balcı						n	-475000/100	-475000/100	1970-01-01 02:00:00 +0200
===== END
===== START
B	9b147028cc5a41b3ba64efcf760f6b86	df91bfa755d344ffb67eb49e1cd7ee7d	2019-11-21 08:39:09 +0300	2019-11-21 08:37:21 +0300	2011-04-01 13:59:00 +0300	d6f86156a93242cc994b54e04382956e	108 Eski Hesaplar Kasası						n	475000/100	475000/100	1970-01-01 02:00:00 +0200
B	9b147028cc5a41b3ba64efcf760f6b86	30fc01dd5af0488daf9387b1bd3ef4b4	2019-11-21 08:39:09 +0300	2019-11-21 08:37:21 +0300	2011-04-01 13:59:00 +0300	2989cab05ba94d6b9b654d0567780299	320 1 Ayşe Balcı						n	-475000/100	-475000/100	1970-01-01 02:00:00 +0200
===== END
===== START
C	9b147028cc5a41b3ba64efcf760f6b86	df91bfa755d344ffb67eb49e1cd7ee7d	2019-11-21 08:39:09 +0300	2019-11-21 08:37:21 +0300	2011-04-01 13:59:00 +0300	d6f86156a93242cc994b54e04382956e	108 Eski Hesaplar Kasası						n	437500/100	437500/100	1970-01-01 02:00:00 +0200
C	9b147028cc5a41b3ba64efcf760f6b86	30fc01dd5af0488daf9387b1bd3ef4b4	2019-11-21 08:39:09 +0300	2019-11-21 08:37:21 +0300	2011-04-01 13:59:00 +0300	2989cab05ba94d6b9b654d0567780299	320 1 Ayşe Balcı						n	-437500/100	-437500/100	1970-01-01 02:00:00 +0200
===== END
===== START
===== END
===== START
C	25b1190d1d574320ba124df9acb3d471	2245aa830eb74772942aeca4fe428732	2019-11-21 08:42:43 +0300	2019-11-21 08:42:43 +0300	2019-11-21 13:59:00 +0300	29315354102545bab903fa1e3355d561	010 Mustafa Balcı		Mustafa Balcı Banka Hesabı				n	0/100	0/100	1970-01-01 02:00:00 +0200
C	25b1190d1d574320ba124df9acb3d471	a1d9526643a74f5baa01017e8b20a78f	2019-11-21 08:42:43 +0300	2019-11-21 08:42:43 +0300	2019-11-21 13:59:00 +0300	d6f86156a93242cc994b54e04382956e	108 Eski Hesaplar Kasası		Mustafa Balcı Banka Hesabı				n	0/100	0/100	1970-01-01 02:00:00 +0200
===== END
===== START
===== END
===== START
B	25b1190d1d574320ba124df9acb3d471	2245aa830eb74772942aeca4fe428732	2019-11-21 08:42:58 +0300	2019-11-21 08:42:43 +0300	2019-11-21 13:59:00 +0300	29315354102545bab903fa1e3355d561	010 Mustafa Balcı		Mustafa Balcı Banka Hesabı				n	0/100	0/100	1970-01-01 02:00:00 +0200
B	25b1190d1d574320ba124df9acb3d471	a1d9526643a74f5baa01017e8b20a78f	2019-11-21 08:42:58 +0300	2019-11-21 08:42:43 +0300	2019-11-21 13:59:00 +0300	d6f86156a93242cc994b54e04382956e	108 Eski Hesaplar Kasası		Mustafa Balcı Banka Hesabı				n	0/100	0/100	1970-01-01 02:00:00 +0200
===== END
===== START
C	25b1190d1d574320ba124df9acb3d471	2245aa830eb74772942aeca4fe428732	2019-11-21 08:42:58 +0300	2019-11-21 08:42:43 +0300	2019-11-21 13:59:00 +0300	29315354102545bab903fa1e3355d561	010 Mustafa Balcı		Mustafa Balcı Banka Hesabı				n	1750000/100	1750000/100	1970-01-01 02:00:00 +0200
C	25b1190d1d574320ba124df9acb3d471	a1d9526643a74f5baa01017e8b20a78f	2019-11-21 08:42:58 +0300	2019-11-21 08:42:43 +0300	2019-11-21 13:59:00 +0300	d6f86156a93242cc994b54e04382956e	108 Eski Hesaplar Kasası		Mustafa Balcı Banka Hesabı				n	-1750000/100	-1750000/100	1970-01-01 02:00:00 +0200
===== END
===== START
===== END
===== START
B	25b1190d1d574320ba124df9acb3d471	2245aa830eb74772942aeca4fe428732	2019-11-21 08:43:39 +0300	2019-11-21 08:42:43 +0300	2019-11-21 13:59:00 +0300	29315354102545bab903fa1e3355d561	010 Mustafa Balcı		Mustafa Balcı Banka Hesabı				n	1750000/100	1750000/100	1970-01-01 02:00:00 +0200
B	25b1190d1d574320ba124df9acb3d471	a1d9526643a74f5baa01017e8b20a78f	2019-11-21 08:43:39 +0300	2019-11-21 08:42:43 +0300	2019-11-21 13:59:00 +0300	d6f86156a93242cc994b54e04382956e	108 Eski Hesaplar Kasası		Mustafa Balcı Banka Hesabı				n	-1750000/100	-1750000/100	1970-01-01 02:00:00 +0200
===== END
===== START
C	25b1190d1d574320ba124df9acb3d471	2245aa830eb74772942aeca4fe428732	2019-11-21 08:43:39 +0300	2019-11-21 08:42:43 +0300	2011-04-01 13:59:00 +0300	29315354102545bab903fa1e3355d561	010 Mustafa Balcı		Mustafa Balcı Banka Hesabı				n	1750000/100	1750000/100	1970-01-01 02:00:00 +0200
C	25b1190d1d574320ba124df9acb3d471	a1d9526643a74f5baa01017e8b20a78f	2019-11-21 08:43:39 +0300	2019-11-21 08:42:43 +0300	2011-04-01 13:59:00 +0300	d6f86156a93242cc994b54e04382956e	108 Eski Hesaplar Kasası		Mustafa Balcı Banka Hesabı				n	-1750000/100	-1750000/100	1970-01-01 02:00:00 +0200
===== END
===== START
B	25b1190d1d574320ba124df9acb3d471	2245aa830eb74772942aeca4fe428732	2019-11-21 08:43:49 +0300	2019-11-21 08:42:43 +0300	2011-04-01 13:59:00 +0300	29315354102545bab903fa1e3355d561	010 Mustafa Balcı		Mustafa Balcı Banka Hesabı				n	1750000/100	1750000/100	1970-01-01 02:00:00 +0200
B	25b1190d1d574320ba124df9acb3d471	a1d9526643a74f5baa01017e8b20a78f	2019-11-21 08:43:49 +0300	2019-11-21 08:42:43 +0300	2011-04-01 13:59:00 +0300	d6f86156a93242cc994b54e04382956e	108 Eski Hesaplar Kasası		Mustafa Balcı Banka Hesabı				n	-1750000/100	-1750000/100	1970-01-01 02:00:00 +0200
===== END
===== START
C	25b1190d1d574320ba124df9acb3d471	2245aa830eb74772942aeca4fe428732	2019-11-21 08:43:49 +0300	2019-11-21 08:42:43 +0300	2011-04-02 13:59:00 +0300	29315354102545bab903fa1e3355d561	010 Mustafa Balcı		Mustafa Balcı Banka Hesabı				n	1750000/100	1750000/100	1970-01-01 02:00:00 +0200
C	25b1190d1d574320ba124df9acb3d471	a1d9526643a74f5baa01017e8b20a78f	2019-11-21 08:43:49 +0300	2019-11-21 08:42:43 +0300	2011-04-02 13:59:00 +0300	d6f86156a93242cc994b54e04382956e	108 Eski Hesaplar Kasası		Mustafa Balcı Banka Hesabı				n	-1750000/100	-1750000/100	1970-01-01 02:00:00 +0200
===== END
===== START
B	9b147028cc5a41b3ba64efcf760f6b86	df91bfa755d344ffb67eb49e1cd7ee7d	2019-11-21 08:44:18 +0300	2019-11-21 08:37:21 +0300	2011-04-01 13:59:00 +0300	d6f86156a93242cc994b54e04382956e	108 Eski Hesaplar Kasası						n	437500/100	437500/100	1970-01-01 02:00:00 +0200
B	9b147028cc5a41b3ba64efcf760f6b86	30fc01dd5af0488daf9387b1bd3ef4b4	2019-11-21 08:44:18 +0300	2019-11-21 08:37:21 +0300	2011-04-01 13:59:00 +0300	2989cab05ba94d6b9b654d0567780299	320 1 Ayşe Balcı						n	-437500/100	-437500/100	1970-01-01 02:00:00 +0200
===== END
===== START
C	9b147028cc5a41b3ba64efcf760f6b86	df91bfa755d344ffb67eb49e1cd7ee7d	2019-11-21 08:44:18 +0300	2019-11-21 08:37:21 +0300	2011-04-03 13:59:00 +0300	d6f86156a93242cc994b54e04382956e	108 Eski Hesaplar Kasası						n	437500/100	437500/100	1970-01-01 02:00:00 +0200
C	9b147028cc5a41b3ba64efcf760f6b86	30fc01dd5af0488daf9387b1bd3ef4b4	2019-11-21 08:44:18 +0300	2019-11-21 08:37:21 +0300	2011-04-03 13:59:00 +0300	2989cab05ba94d6b9b654d0567780299	320 1 Ayşe Balcı						n	-437500/100	-437500/100	1970-01-01 02:00:00 +0200
===== END
===== START
B	25b1190d1d574320ba124df9acb3d471	2245aa830eb74772942aeca4fe428732	2019-11-21 08:45:30 +0300	2019-11-21 08:42:43 +0300	2011-04-02 13:59:00 +0300	29315354102545bab903fa1e3355d561	010 Mustafa Balcı		Mustafa Balcı Banka Hesabı				n	1750000/100	1750000/100	1970-01-01 02:00:00 +0200
B	25b1190d1d574320ba124df9acb3d471	a1d9526643a74f5baa01017e8b20a78f	2019-11-21 08:45:30 +0300	2019-11-21 08:42:43 +0300	2011-04-02 13:59:00 +0300	d6f86156a93242cc994b54e04382956e	108 Eski Hesaplar Kasası		Mustafa Balcı Banka Hesabı				n	-1750000/100	-1750000/100	1970-01-01 02:00:00 +0200
===== END
===== START
C	25b1190d1d574320ba124df9acb3d471	2245aa830eb74772942aeca4fe428732	2019-11-21 08:45:30 +0300	2019-11-21 08:42:43 +0300	2011-04-02 13:59:00 +0300	29315354102545bab903fa1e3355d561	010 Mustafa Balcı		Mustafa Balcı Banka Hesabı				n	-1750000/100	-1750000/100	1970-01-01 02:00:00 +0200
C	25b1190d1d574320ba124df9acb3d471	a1d9526643a74f5baa01017e8b20a78f	2019-11-21 08:45:30 +0300	2019-11-21 08:42:43 +0300	2011-04-02 13:59:00 +0300	d6f86156a93242cc994b54e04382956e	108 Eski Hesaplar Kasası		Mustafa Balcı Banka Hesabı				n	1750000/100	1750000/100	1970-01-01 02:00:00 +0200
===== END
===== START
B	25b1190d1d574320ba124df9acb3d471	a1d9526643a74f5baa01017e8b20a78f	2019-11-21 08:47:14 +0300	2019-11-21 08:42:43 +0300	2011-04-02 13:59:00 +0300	d6f86156a93242cc994b54e04382956e	108 Eski Hesaplar Kasası		Mustafa Balcı Banka Hesabı				n	1750000/100	1750000/100	1970-01-01 02:00:00 +0200
B	25b1190d1d574320ba124df9acb3d471	2245aa830eb74772942aeca4fe428732	2019-11-21 08:47:14 +0300	2019-11-21 08:42:43 +0300	2011-04-02 13:59:00 +0300	29315354102545bab903fa1e3355d561	010 Mustafa Balcı		Mustafa Balcı Banka Hesabı				n	-1750000/100	-1750000/100	1970-01-01 02:00:00 +0200
===== END
===== START
C	25b1190d1d574320ba124df9acb3d471	a1d9526643a74f5baa01017e8b20a78f	2019-11-21 08:47:15 +0300	2019-11-21 08:42:43 +0300	2011-04-02 13:59:00 +0300	2989cab05ba94d6b9b654d0567780299	320 1 Ayşe Balcı		Mustafa Balcı Banka Hesabı				n	1750000/100	1750000/100	1970-01-01 02:00:00 +0200
C	25b1190d1d574320ba124df9acb3d471	2245aa830eb74772942aeca4fe428732	2019-11-21 08:47:15 +0300	2019-11-21 08:42:43 +0300	2011-04-02 13:59:00 +0300	29315354102545bab903fa1e3355d561	010 Mustafa Balcı		Mustafa Balcı Banka Hesabı				n	-1750000/100	-1750000/100	1970-01-01 02:00:00 +0200
===== END
===== START
B	25b1190d1d574320ba124df9acb3d471	a1d9526643a74f5baa01017e8b20a78f	2019-11-21 08:48:03 +0300	2019-11-21 08:42:43 +0300	2011-04-02 13:59:00 +0300	2989cab05ba94d6b9b654d0567780299	320 1 Ayşe Balcı		Mustafa Balcı Banka Hesabı				n	1750000/100	1750000/100	1970-01-01 02:00:00 +0200
B	25b1190d1d574320ba124df9acb3d471	2245aa830eb74772942aeca4fe428732	2019-11-21 08:48:03 +0300	2019-11-21 08:42:43 +0300	2011-04-02 13:59:00 +0300	29315354102545bab903fa1e3355d561	010 Mustafa Balcı		Mustafa Balcı Banka Hesabı				n	-1750000/100	-1750000/100	1970-01-01 02:00:00 +0200
===== END
===== START
C	25b1190d1d574320ba124df9acb3d471	a1d9526643a74f5baa01017e8b20a78f	2019-11-21 08:48:03 +0300	2019-11-21 08:42:43 +0300	2011-04-02 13:59:00 +0300	2989cab05ba94d6b9b654d0567780299	320 1 Ayşe Balcı		Mustafa Balcı Banka Hesabı				n	437500/100	437500/100	1970-01-01 02:00:00 +0200
C	25b1190d1d574320ba124df9acb3d471	2245aa830eb74772942aeca4fe428732	2019-11-21 08:48:03 +0300	2019-11-21 08:42:43 +0300	2011-04-02 13:59:00 +0300	29315354102545bab903fa1e3355d561	010 Mustafa Balcı		Mustafa Balcı Banka Hesabı				n	-437500/100	-437500/100	1970-01-01 02:00:00 +0200
===== END
===== START
D	8ab1025e85e6446ca12e7632f61f7d9c	375e5bf80fdb45bbb144079fd6bc6153	2019-11-21 08:48:36 +0300	2019-11-21 08:48:36 +0300	2019-11-21 13:59:00 +0300								n	0/1	0/100	1970-01-01 02:00:00 +0200
===== END
===== START
D	299f52808fb84aec988086b3c69e3868	85b3448363144729969a12976002cd2b	2019-11-21 08:48:38 +0300	2019-11-21 08:48:38 +0300	2019-11-21 13:59:00 +0300								n	0/1	0/100	1970-01-01 02:00:00 +0200
===== END
===== START
B	25b1190d1d574320ba124df9acb3d471	a1d9526643a74f5baa01017e8b20a78f	2019-11-21 08:49:41 +0300	2019-11-21 08:42:43 +0300	2011-04-02 13:59:00 +0300	2989cab05ba94d6b9b654d0567780299	320 1 Ayşe Balcı		Mustafa Balcı Banka Hesabı				n	437500/100	437500/100	1970-01-01 02:00:00 +0200
B	25b1190d1d574320ba124df9acb3d471	2245aa830eb74772942aeca4fe428732	2019-11-21 08:49:41 +0300	2019-11-21 08:42:43 +0300	2011-04-02 13:59:00 +0300	29315354102545bab903fa1e3355d561	010 Mustafa Balcı		Mustafa Balcı Banka Hesabı				n	-437500/100	-437500/100	1970-01-01 02:00:00 +0200
===== END
===== START
C	25b1190d1d574320ba124df9acb3d471	a1d9526643a74f5baa01017e8b20a78f	2019-11-21 08:49:41 +0300	2019-11-21 08:42:43 +0300	2011-04-02 13:59:00 +0300	2989cab05ba94d6b9b654d0567780299	320 1 Ayşe Balcı		Mustafa Balcı Banka Hesabı				n	-437500/100	-437500/100	1970-01-01 02:00:00 +0200
C	25b1190d1d574320ba124df9acb3d471	2245aa830eb74772942aeca4fe428732	2019-11-21 08:49:41 +0300	2019-11-21 08:42:43 +0300	2011-04-02 13:59:00 +0300	29315354102545bab903fa1e3355d561	010 Mustafa Balcı		Mustafa Balcı Banka Hesabı				n	437500/100	437500/100	1970-01-01 02:00:00 +0200
===== END
===== START
B	25b1190d1d574320ba124df9acb3d471	2245aa830eb74772942aeca4fe428732	2019-11-21 08:52:05 +0300	2019-11-21 08:42:43 +0300	2011-04-02 13:59:00 +0300	29315354102545bab903fa1e3355d561	010 Mustafa Balcı		Mustafa Balcı Banka Hesabı				n	437500/100	437500/100	1970-01-01 02:00:00 +0200
B	25b1190d1d574320ba124df9acb3d471	a1d9526643a74f5baa01017e8b20a78f	2019-11-21 08:52:05 +0300	2019-11-21 08:42:43 +0300	2011-04-02 13:59:00 +0300	2989cab05ba94d6b9b654d0567780299	320 1 Ayşe Balcı		Mustafa Balcı Banka Hesabı				n	-437500/100	-437500/100	1970-01-01 02:00:00 +0200
===== END
===== START
C	25b1190d1d574320ba124df9acb3d471	2245aa830eb74772942aeca4fe428732	2019-11-21 08:52:05 +0300	2019-11-21 08:42:43 +0300	2011-04-02 13:59:00 +0300	29315354102545bab903fa1e3355d561	010 Mustafa Balcı		Mustafa Balcı Banka Hesabı				n	-437500/100	-437500/100	1970-01-01 02:00:00 +0200
C	25b1190d1d574320ba124df9acb3d471	a1d9526643a74f5baa01017e8b20a78f	2019-11-21 08:52:05 +0300	2019-11-21 08:42:43 +0300	2011-04-02 13:59:00 +0300	2989cab05ba94d6b9b654d0567780299	320 1 Ayşe Balcı		Mustafa Balcı Banka Hesabı				n	437500/100	437500/100	1970-01-01 02:00:00 +0200
===== END
