mod	trans_guid	split_guid	time_now	date_entered	date_posted	acc_guid	acc_name	num	description	notes	memo	action	reconciled	amount	value	date_reconciled
-----------------
===== START
B	28f27e2f98794b8e99b098ff77ce8bf1	548479ba40fb4ccf90f38b63c1a17aff	2019-12-05 14:47:01 +0300	2019-12-04 17:32:24 +0300	2018-12-31 13:59:00 +0300	bc14361189b241bf835961a52fa5ccf3	64 1 221 Yıkama Ön		2011-18 AP Ykm Arka Kira Bedeli 2/3 -> %33,3				c	0/100	0/100	1970-01-01 02:00:00 +0200
B	28f27e2f98794b8e99b098ff77ce8bf1	1241409204db463e9134a6cee7d803a9	2019-12-05 14:47:01 +0300	2019-12-04 17:32:24 +0300	2018-12-31 13:59:00 +0300	e3b7ca3d8f734ca08af17be602c6ef7b	127 220 AP Ön		2011-18 AP Ykm Arka Kira Bedeli 2/3 -> %33,3				n	0/100	0/100	1970-01-01 02:00:00 +0200
===== END
===== START
C	28f27e2f98794b8e99b098ff77ce8bf1	548479ba40fb4ccf90f38b63c1a17aff	2019-12-05 14:47:01 +0300	2019-12-04 17:32:24 +0300	2018-12-31 13:59:00 +0300	bc14361189b241bf835961a52fa5ccf3	64 1 221 Yıkama Ön		2011-18 AP Ykm Arka Kira Bedeli 2/3 -> %33,3				c	2428680/100	2428680/100	1970-01-01 02:00:00 +0200
C	28f27e2f98794b8e99b098ff77ce8bf1	1241409204db463e9134a6cee7d803a9	2019-12-05 14:47:01 +0300	2019-12-04 17:32:24 +0300	2018-12-31 13:59:00 +0300	e3b7ca3d8f734ca08af17be602c6ef7b	127 220 AP Ön		2011-18 AP Ykm Arka Kira Bedeli 2/3 -> %33,3				n	-2428680/100	-2428680/100	1970-01-01 02:00:00 +0200
===== END
===== START
B	a7d71acb3c144115ac62a12984900342	e008da7f67f946b9803128eae98b4f12	2019-12-05 14:47:10 +0300	2019-12-04 17:32:12 +0300	2018-12-31 13:59:00 +0300	bc14361189b241bf835961a52fa5ccf3	64 1 221 Yıkama Ön		2011-18 AP Ykm Arka Kira Bedeli 2/3 -> %54,2				n	7293333/100	7293333/100	1970-01-01 02:00:00 +0200
B	a7d71acb3c144115ac62a12984900342	f2e468403a6c486685321e67c3ff2c09	2019-12-05 14:47:10 +0300	2019-12-04 17:32:12 +0300	2018-12-31 13:59:00 +0300	e3b7ca3d8f734ca08af17be602c6ef7b	127 220 AP Ön		2011-18 AP Ykm Arka Kira Bedeli 2/3 -> %54,2				n	-7293333/100	-7293333/100	1970-01-01 02:00:00 +0200
===== END
===== START
C	a7d71acb3c144115ac62a12984900342	e008da7f67f946b9803128eae98b4f12	2019-12-05 14:47:10 +0300	2019-12-04 17:32:12 +0300	2018-12-31 13:59:00 +0300	bc14361189b241bf835961a52fa5ccf3	64 1 221 Yıkama Ön		2011-18 AP Ykm Arka Kira Bedeli 2/3 -> %54,2				n	3952986/100	3952986/100	1970-01-01 02:00:00 +0200
C	a7d71acb3c144115ac62a12984900342	f2e468403a6c486685321e67c3ff2c09	2019-12-05 14:47:10 +0300	2019-12-04 17:32:12 +0300	2018-12-31 13:59:00 +0300	e3b7ca3d8f734ca08af17be602c6ef7b	127 220 AP Ön		2011-18 AP Ykm Arka Kira Bedeli 2/3 -> %54,2				n	-3952986/100	-3952986/100	1970-01-01 02:00:00 +0200
===== END
===== START
D	f737807ef89e461db93cccd337c69d00	15fa60dd06474b588ccd5c4fafea7b08	2019-12-05 14:48:12 +0300	2019-12-05 14:48:12 +0300	2019-12-05 13:59:00 +0300								n	0/1	0/100	1970-01-01 02:00:00 +0200
===== END
===== START
B	70f5e766268a41b7868bd9a04056b4ef	43825c1772b44bc5a59dbcd7f6519b2f	2019-12-05 14:48:22 +0300	2019-12-04 17:04:43 +0300	2018-12-31 13:59:00 +0300	2d05ecc9b4e64f789485990ce01a8dcd	64 1 211 Yıkama Arka		2019-20 AP Ykm Arka Kira Bedeli 1/3 -> % 60				n	2716000/100	2716000/100	1970-01-01 02:00:00 +0200
B	70f5e766268a41b7868bd9a04056b4ef	a30ea52810774e8f80bd89b33205f240	2019-12-05 14:48:22 +0300	2019-12-04 17:04:43 +0300	2018-12-31 13:59:00 +0300	19d2a9a581d547b0b202c28f97c62188	320 Ortk 4 Nazan Balcı		2019-20 AP Ykm Arka Kira Bedeli 1/3 -> % 60				n	-2716000/100	-2716000/100	1970-01-01 02:00:00 +0200
===== END
===== START
C	70f5e766268a41b7868bd9a04056b4ef	43825c1772b44bc5a59dbcd7f6519b2f	2019-12-05 14:48:22 +0300	2019-12-04 17:04:43 +0300	2018-12-31 13:59:00 +0300	2d05ecc9b4e64f789485990ce01a8dcd	64 1 211 Yıkama Arka		2019-20 AP Ykm Arka Kira Bedeli 1/3 -> % 60				n	0/100	0/100	1970-01-01 02:00:00 +0200
C	70f5e766268a41b7868bd9a04056b4ef	a30ea52810774e8f80bd89b33205f240	2019-12-05 14:48:22 +0300	2019-12-04 17:04:43 +0300	2018-12-31 13:59:00 +0300	19d2a9a581d547b0b202c28f97c62188	320 Ortk 4 Nazan Balcı		2019-20 AP Ykm Arka Kira Bedeli 1/3 -> % 60				n	0/100	0/100	1970-01-01 02:00:00 +0200
===== END
===== START
B	d6c7c3c9edbd4f28b700f4fc50a78e11	3b450d9a268f4810ad363fde2fede1c4	2019-12-05 14:48:33 +0300	2019-12-04 17:04:22 +0300	2018-12-31 13:59:00 +0300	8b4e8a0fec9d46faac18955bcf4ac888	320 Ortk 3 Atila Balcı		2019-20 AP Ykm Arka Kira Bedeli 1/3 -> %32,5				n	0/100	0/100	1970-01-01 02:00:00 +0200
B	d6c7c3c9edbd4f28b700f4fc50a78e11	5822b0b97e724f10a741c002aa4b58d2	2019-12-05 14:48:33 +0300	2019-12-04 17:04:22 +0300	2018-12-31 13:59:00 +0300	2d05ecc9b4e64f789485990ce01a8dcd	64 1 211 Yıkama Arka		2019-20 AP Ykm Arka Kira Bedeli 1/3 -> %32,5				n	0/100	0/100	1970-01-01 02:00:00 +0200
===== END
===== START
C	d6c7c3c9edbd4f28b700f4fc50a78e11	3b450d9a268f4810ad363fde2fede1c4	2019-12-05 14:48:33 +0300	2019-12-04 17:04:22 +0300	2018-12-31 13:59:00 +0300	8b4e8a0fec9d46faac18955bcf4ac888	320 Ortk 3 Atila Balcı		2019-20 AP Ykm Arka Kira Bedeli 1/3 -> %32,5				n	-1185167/100	-1185167/100	1970-01-01 02:00:00 +0200
C	d6c7c3c9edbd4f28b700f4fc50a78e11	5822b0b97e724f10a741c002aa4b58d2	2019-12-05 14:48:33 +0300	2019-12-04 17:04:22 +0300	2018-12-31 13:59:00 +0300	2d05ecc9b4e64f789485990ce01a8dcd	64 1 211 Yıkama Arka		2019-20 AP Ykm Arka Kira Bedeli 1/3 -> %32,5				n	1185167/100	1185167/100	1970-01-01 02:00:00 +0200
===== END
===== START
B	70f5e766268a41b7868bd9a04056b4ef	43825c1772b44bc5a59dbcd7f6519b2f	2019-12-05 14:48:40 +0300	2019-12-04 17:04:43 +0300	2018-12-31 13:59:00 +0300	2d05ecc9b4e64f789485990ce01a8dcd	64 1 211 Yıkama Arka		2019-20 AP Ykm Arka Kira Bedeli 1/3 -> % 60				n	0/100	0/100	1970-01-01 02:00:00 +0200
B	70f5e766268a41b7868bd9a04056b4ef	a30ea52810774e8f80bd89b33205f240	2019-12-05 14:48:40 +0300	2019-12-04 17:04:43 +0300	2018-12-31 13:59:00 +0300	19d2a9a581d547b0b202c28f97c62188	320 Ortk 4 Nazan Balcı		2019-20 AP Ykm Arka Kira Bedeli 1/3 -> % 60				n	0/100	0/100	1970-01-01 02:00:00 +0200
===== END
===== START
C	70f5e766268a41b7868bd9a04056b4ef	43825c1772b44bc5a59dbcd7f6519b2f	2019-12-05 14:48:40 +0300	2019-12-04 17:04:43 +0300	2018-12-31 13:59:00 +0300	2d05ecc9b4e64f789485990ce01a8dcd	64 1 211 Yıkama Arka		2019-20 AP Ykm Arka Kira Bedeli 1/3 -> % 60				n	2188000/100	2188000/100	1970-01-01 02:00:00 +0200
C	70f5e766268a41b7868bd9a04056b4ef	a30ea52810774e8f80bd89b33205f240	2019-12-05 14:48:40 +0300	2019-12-04 17:04:43 +0300	2018-12-31 13:59:00 +0300	19d2a9a581d547b0b202c28f97c62188	320 Ortk 4 Nazan Balcı		2019-20 AP Ykm Arka Kira Bedeli 1/3 -> % 60				n	-2188000/100	-2188000/100	1970-01-01 02:00:00 +0200
===== END
===== START
D	46da9b1494ce415ca5d119ec763712fb	48a64f760f2044b88786c5ed8e7f6ce1	2019-12-05 14:49:16 +0300	2019-12-05 14:49:16 +0300	2019-12-05 13:59:00 +0300								n	0/1	0/100	1970-01-01 02:00:00 +0200
===== END
===== START
===== END
===== START
D	dc24674e8789452eba4ebde8d8a66436	d1e4a2a3310d4708b453bf1e614150b4	2019-12-05 14:49:26 +0300	2019-12-05 14:49:26 +0300	2019-12-05 13:59:00 +0300								n	0/1	0/100	1970-01-01 02:00:00 +0200
===== END
===== START
===== END
===== START
===== END
===== START
===== END
===== START
===== END
===== START
D	a3ad7504a9b94f1790bbde007e9d395b	d72d01abb7884295bef386d1a475e848	2019-12-05 14:55:20 +0300	2019-12-05 14:55:20 +0300	2019-12-05 13:59:00 +0300								n	0/1	0/100	1970-01-01 02:00:00 +0200
===== END
===== START
D	46779f8f441e47359eed4f30ae5cfaa0	d97fb9bf83e64f74a83f9d3a8154be40	2019-12-05 14:55:21 +0300	2019-12-05 14:55:21 +0300	2019-12-05 13:59:00 +0300								n	0/1	0/100	1970-01-01 02:00:00 +0200
===== END
===== START
D	1571f6cbdd0d402a9e52d83ab2bc0823	d28173e624224f4c9dc6d08afd053163	2019-12-05 14:55:22 +0300	2019-12-05 14:55:22 +0300	2019-12-05 13:59:00 +0300								n	0/1	0/100	1970-01-01 02:00:00 +0200
===== END
===== START
D	fb916b96121745fdbe85bb8a383a4571	22f83e0ca6f047bf900a9fa82c26b5ed	2019-12-05 14:55:23 +0300	2019-12-05 14:55:23 +0300	2019-12-05 13:59:00 +0300								n	0/1	0/100	1970-01-01 02:00:00 +0200
===== END
===== START
===== END
===== START
B	74fa1a0943bd43f48229410fc55beddc	35e86665dbae4e2c96fe04733798a287	2019-12-05 14:57:02 +0300	2019-12-04 17:08:17 +0300	2018-12-31 13:59:00 +0300	deabaef30fc841ac9337e26a874ae856	100 KASA		2011-18 AP Ykm Arka Kira Bedeli 1/3 				n	4526667/100	4526667/100	1970-01-01 02:00:00 +0200
B	74fa1a0943bd43f48229410fc55beddc	8aeee0b6985f4c04a84ba74dfafefd43	2019-12-05 14:57:02 +0300	2019-12-04 17:08:17 +0300	2018-12-31 13:59:00 +0300	ce8f6dcd7f2041f9b5644506b44b5ce1	127 211 Adem Kesici		2011-18 AP Ykm Arka Kira Bedeli 1/3 				n	-4526667/100	-4526667/100	1970-01-01 02:00:00 +0200
===== END
===== START
C	74fa1a0943bd43f48229410fc55beddc	35e86665dbae4e2c96fe04733798a287	2019-12-05 14:57:02 +0300	2019-12-04 17:08:17 +0300	2018-12-31 13:59:00 +0300	deabaef30fc841ac9337e26a874ae856	100 KASA		2011-18 AP Ykm Arka Kira Bedeli 1/3 				n	3646667/100	3646667/100	1970-01-01 02:00:00 +0200
C	74fa1a0943bd43f48229410fc55beddc	8aeee0b6985f4c04a84ba74dfafefd43	2019-12-05 14:57:02 +0300	2019-12-04 17:08:17 +0300	2018-12-31 13:59:00 +0300	ce8f6dcd7f2041f9b5644506b44b5ce1	127 211 Adem Kesici		2011-18 AP Ykm Arka Kira Bedeli 1/3 				n	-3646667/100	-3646667/100	1970-01-01 02:00:00 +0200
===== END
===== START
D	ea6b90df01cf40eeba69682702943b12	a2791bd780894132966f54c8f380e44f	2019-12-05 14:57:05 +0300	2019-12-05 14:57:05 +0300	2019-12-05 13:59:00 +0300								n	0/1	0/100	1970-01-01 02:00:00 +0200
===== END
===== START
===== END
===== START
D	2a9c760493224943b5b931688b2ba11b	24fbe2b56e61468eb6417d722dcaab2b	2019-12-05 14:57:16 +0300	2019-12-05 14:57:16 +0300	2019-12-05 13:59:00 +0300								n	0/1	0/100	1970-01-01 02:00:00 +0200
===== END
===== START
===== END
===== START
D	294f43b7483f477bba944fd9a9c9333f	d45cbc2ca9a049098711b371502013ac	2019-12-05 14:57:23 +0300	2019-12-05 14:57:23 +0300	2019-12-05 13:59:00 +0300								n	0/1	0/100	1970-01-01 02:00:00 +0200
===== END
===== START
===== END
===== START
===== END
===== START
B	3e9878ec33fb4cf593c49dbbb817090f	0ae39f7ae8154faab24b59b4c93942d3	2019-12-05 14:58:26 +0300	2019-12-05 14:31:32 +0300	2018-12-31 13:59:00 +0300	d9300bf4343b439cac4b8fb37d4b4e5d	64 1 223 Aygaz		2011-17 Aygaz Kira Bedeli				n	644980/100	644980/100	1970-01-01 02:00:00 +0200
B	3e9878ec33fb4cf593c49dbbb817090f	f2a4f19951a24cceadd6fd234db2bc5c	2019-12-05 14:58:26 +0300	2019-12-05 14:31:32 +0300	2018-12-31 13:59:00 +0300	d70435c7affd46fba6a7ad37d6bc801e	127 223 Asena Dursun		2011-17 Aygaz Kira Bedeli				n	-644980/100	-644980/100	1970-01-01 02:00:00 +0200
===== END
===== START
C	3e9878ec33fb4cf593c49dbbb817090f	0ae39f7ae8154faab24b59b4c93942d3	2019-12-05 14:58:26 +0300	2019-12-05 14:31:32 +0300	2018-12-31 13:59:00 +0300	d9300bf4343b439cac4b8fb37d4b4e5d	64 1 223 Aygaz		2011-17 Aygaz Kira Bedeli				n	644980/100	644980/100	1970-01-01 02:00:00 +0200
C	3e9878ec33fb4cf593c49dbbb817090f	f2a4f19951a24cceadd6fd234db2bc5c	2019-12-05 14:58:26 +0300	2019-12-05 14:31:32 +0300	2018-12-31 13:59:00 +0300	8b4e8a0fec9d46faac18955bcf4ac888	320 Ortk 3 Atila Balcı		2011-17 Aygaz Kira Bedeli				n	-644980/100	-644980/100	1970-01-01 02:00:00 +0200
===== END
===== START
B	12e797572e2a4db4b9ea196ff2bdd451	49787f17fa494065b5c12bbe72f7095b	2019-12-05 14:59:38 +0300	2019-12-05 14:31:37 +0300	2018-12-31 13:59:00 +0300	d9300bf4343b439cac4b8fb37d4b4e5d	64 1 223 Aygaz		2011-17 Aygaz Kira Bedeli				n	396270/100	396270/100	1970-01-01 02:00:00 +0200
B	12e797572e2a4db4b9ea196ff2bdd451	b7a433b813474885adbf025fb8c0ae38	2019-12-05 14:59:38 +0300	2019-12-05 14:31:37 +0300	2018-12-31 13:59:00 +0300	d70435c7affd46fba6a7ad37d6bc801e	127 223 Asena Dursun		2011-17 Aygaz Kira Bedeli				n	-396270/100	-396270/100	1970-01-01 02:00:00 +0200
===== END
===== START
D	12e797572e2a4db4b9ea196ff2bdd451	49787f17fa494065b5c12bbe72f7095b	2019-12-05 14:59:38 +0300	2019-12-05 14:31:37 +0300	2018-12-31 13:59:00 +0300	d9300bf4343b439cac4b8fb37d4b4e5d	64 1 223 Aygaz		2011-17 Aygaz Kira Bedeli				n	396270/100	396270/100	1970-01-01 02:00:00 +0200
D	12e797572e2a4db4b9ea196ff2bdd451	b7a433b813474885adbf025fb8c0ae38	2019-12-05 14:59:38 +0300	2019-12-05 14:31:37 +0300	2018-12-31 13:59:00 +0300	d70435c7affd46fba6a7ad37d6bc801e	127 223 Asena Dursun		2011-17 Aygaz Kira Bedeli				n	-396270/100	-396270/100	1970-01-01 02:00:00 +0200
===== END
===== START
===== END
===== START
C	b04bb8dd24844a9db579d31a0fe084ad	0c245625b2eb4fd2b3f66306617705fb	2019-12-05 14:59:54 +0300	2019-12-05 14:59:54 +0300	2019-12-31 13:59:00 +0300	d9300bf4343b439cac4b8fb37d4b4e5d	64 1 223 Aygaz		2011-17 Aygaz Kira Bedeli				n	644980/100	644980/100	1970-01-01 02:00:00 +0200
C	b04bb8dd24844a9db579d31a0fe084ad	1940971b94494f94bca34e5d2a04ce5a	2019-12-05 14:59:54 +0300	2019-12-05 14:59:54 +0300	2019-12-31 13:59:00 +0300	8b4e8a0fec9d46faac18955bcf4ac888	320 Ortk 3 Atila Balcı		2011-17 Aygaz Kira Bedeli				n	-644980/100	-644980/100	1970-01-01 02:00:00 +0200
===== END
===== START
B	b04bb8dd24844a9db579d31a0fe084ad	0c245625b2eb4fd2b3f66306617705fb	2019-12-05 15:00:06 +0300	2019-12-05 14:59:54 +0300	2019-12-31 13:59:00 +0300	d9300bf4343b439cac4b8fb37d4b4e5d	64 1 223 Aygaz		2011-17 Aygaz Kira Bedeli				n	644980/100	644980/100	1970-01-01 02:00:00 +0200
B	b04bb8dd24844a9db579d31a0fe084ad	1940971b94494f94bca34e5d2a04ce5a	2019-12-05 15:00:06 +0300	2019-12-05 14:59:54 +0300	2019-12-31 13:59:00 +0300	8b4e8a0fec9d46faac18955bcf4ac888	320 Ortk 3 Atila Balcı		2011-17 Aygaz Kira Bedeli				n	-644980/100	-644980/100	1970-01-01 02:00:00 +0200
===== END
===== START
C	b04bb8dd24844a9db579d31a0fe084ad	0c245625b2eb4fd2b3f66306617705fb	2019-12-05 15:00:06 +0300	2019-12-05 14:59:54 +0300	2018-12-31 13:59:00 +0300	d9300bf4343b439cac4b8fb37d4b4e5d	64 1 223 Aygaz		2011-17 Aygaz Kira Bedeli				n	644980/100	644980/100	1970-01-01 02:00:00 +0200
C	b04bb8dd24844a9db579d31a0fe084ad	1940971b94494f94bca34e5d2a04ce5a	2019-12-05 15:00:06 +0300	2019-12-05 14:59:54 +0300	2018-12-31 13:59:00 +0300	8b4e8a0fec9d46faac18955bcf4ac888	320 Ortk 3 Atila Balcı		2011-17 Aygaz Kira Bedeli				n	-644980/100	-644980/100	1970-01-01 02:00:00 +0200
===== END
===== START
B	b04bb8dd24844a9db579d31a0fe084ad	0c245625b2eb4fd2b3f66306617705fb	2019-12-05 15:00:27 +0300	2019-12-05 14:59:54 +0300	2018-12-31 13:59:00 +0300	d9300bf4343b439cac4b8fb37d4b4e5d	64 1 223 Aygaz		2011-17 Aygaz Kira Bedeli				n	644980/100	644980/100	1970-01-01 02:00:00 +0200
B	b04bb8dd24844a9db579d31a0fe084ad	1940971b94494f94bca34e5d2a04ce5a	2019-12-05 15:00:27 +0300	2019-12-05 14:59:54 +0300	2018-12-31 13:59:00 +0300	8b4e8a0fec9d46faac18955bcf4ac888	320 Ortk 3 Atila Balcı		2011-17 Aygaz Kira Bedeli				n	-644980/100	-644980/100	1970-01-01 02:00:00 +0200
===== END
===== START
C	b04bb8dd24844a9db579d31a0fe084ad	0c245625b2eb4fd2b3f66306617705fb	2019-12-05 15:00:27 +0300	2019-12-05 14:59:54 +0300	2018-12-31 13:59:00 +0300	d9300bf4343b439cac4b8fb37d4b4e5d	64 1 223 Aygaz		2011-17 Aygaz Kira Bedeli				n	396270/100	396270/100	1970-01-01 02:00:00 +0200
C	b04bb8dd24844a9db579d31a0fe084ad	1940971b94494f94bca34e5d2a04ce5a	2019-12-05 15:00:27 +0300	2019-12-05 14:59:54 +0300	2018-12-31 13:59:00 +0300	19d2a9a581d547b0b202c28f97c62188	320 Ortk 4 Nazan Balcı		2011-17 Aygaz Kira Bedeli				n	-396270/100	-396270/100	1970-01-01 02:00:00 +0200
===== END
===== START
===== END
===== START
B	3e9878ec33fb4cf593c49dbbb817090f	0ae39f7ae8154faab24b59b4c93942d3	2019-12-05 15:01:27 +0300	2019-12-05 14:31:32 +0300	2018-12-31 13:59:00 +0300	d9300bf4343b439cac4b8fb37d4b4e5d	64 1 223 Aygaz		2011-17 Aygaz Kira Bedeli				n	644980/100	644980/100	1970-01-01 02:00:00 +0200
B	3e9878ec33fb4cf593c49dbbb817090f	f2a4f19951a24cceadd6fd234db2bc5c	2019-12-05 15:01:27 +0300	2019-12-05 14:31:32 +0300	2018-12-31 13:59:00 +0300	8b4e8a0fec9d46faac18955bcf4ac888	320 Ortk 3 Atila Balcı		2011-17 Aygaz Kira Bedeli				n	-644980/100	-644980/100	1970-01-01 02:00:00 +0200
===== END
===== START
C	3e9878ec33fb4cf593c49dbbb817090f	0ae39f7ae8154faab24b59b4c93942d3	2019-12-05 15:01:27 +0300	2019-12-05 14:31:32 +0300	2018-12-31 13:59:00 +0300	d9300bf4343b439cac4b8fb37d4b4e5d	64 1 223 Aygaz		2011-17 Aygaz Kira Bedeli -> %54,2				n	644980/100	644980/100	1970-01-01 02:00:00 +0200
C	3e9878ec33fb4cf593c49dbbb817090f	f2a4f19951a24cceadd6fd234db2bc5c	2019-12-05 15:01:27 +0300	2019-12-05 14:31:32 +0300	2018-12-31 13:59:00 +0300	8b4e8a0fec9d46faac18955bcf4ac888	320 Ortk 3 Atila Balcı		2011-17 Aygaz Kira Bedeli -> %54,2				n	-644980/100	-644980/100	1970-01-01 02:00:00 +0200
===== END
===== START
B	b04bb8dd24844a9db579d31a0fe084ad	0c245625b2eb4fd2b3f66306617705fb	2019-12-05 15:01:36 +0300	2019-12-05 14:59:54 +0300	2018-12-31 13:59:00 +0300	d9300bf4343b439cac4b8fb37d4b4e5d	64 1 223 Aygaz		2011-17 Aygaz Kira Bedeli				n	396270/100	396270/100	1970-01-01 02:00:00 +0200
B	b04bb8dd24844a9db579d31a0fe084ad	1940971b94494f94bca34e5d2a04ce5a	2019-12-05 15:01:36 +0300	2019-12-05 14:59:54 +0300	2018-12-31 13:59:00 +0300	19d2a9a581d547b0b202c28f97c62188	320 Ortk 4 Nazan Balcı		2011-17 Aygaz Kira Bedeli				n	-396270/100	-396270/100	1970-01-01 02:00:00 +0200
===== END
===== START
C	b04bb8dd24844a9db579d31a0fe084ad	0c245625b2eb4fd2b3f66306617705fb	2019-12-05 15:01:36 +0300	2019-12-05 14:59:54 +0300	2018-12-31 13:59:00 +0300	d9300bf4343b439cac4b8fb37d4b4e5d	64 1 223 Aygaz		2011-17 Aygaz Kira Bedeli -> %33,3				n	396270/100	396270/100	1970-01-01 02:00:00 +0200
C	b04bb8dd24844a9db579d31a0fe084ad	1940971b94494f94bca34e5d2a04ce5a	2019-12-05 15:01:36 +0300	2019-12-05 14:59:54 +0300	2018-12-31 13:59:00 +0300	19d2a9a581d547b0b202c28f97c62188	320 Ortk 4 Nazan Balcı		2011-17 Aygaz Kira Bedeli -> %33,3				n	-396270/100	-396270/100	1970-01-01 02:00:00 +0200
===== END
