mod	trans_guid	split_guid	time_now	date_entered	date_posted	acc_guid	acc_name	num	description	notes	memo	action	reconciled	amount	value	date_reconciled
-----------------
===== START
===== END
===== START
C	12abb5c4418448b887d4b581236e1c3f	3f18921474ab4f3195c0c2dab23f14ac	2019-12-03 12:39:21 +0300	2019-12-03 12:39:21 +0300	2019-12-03 13:59:00 +0300	b552133f27ab4c9cad6ba2bbca63b69f	100 540 Kasa Sanayi 240m2						n	-1691/100	-1691/100	1970-01-01 02:00:00 +0200
C	12abb5c4418448b887d4b581236e1c3f	3d3d53970b0647a59f9209c1f5e253ad	2019-12-03 12:39:21 +0300	2019-12-03 12:39:21 +0300	2019-12-03 13:59:00 +0300	3a63f12134c244fa86b69fbbccbba3e0	Açık-TRY						n	1691/100	1691/100	1970-01-01 02:00:00 +0200
===== END
===== START
===== END
===== START
B	12abb5c4418448b887d4b581236e1c3f	3d3d53970b0647a59f9209c1f5e253ad	2019-12-03 12:40:05 +0300	2019-12-03 12:39:21 +0300	2019-12-03 13:59:00 +0300	3a63f12134c244fa86b69fbbccbba3e0	Açık-TRY						n	1691/100	1691/100	1970-01-01 02:00:00 +0200
B	12abb5c4418448b887d4b581236e1c3f	3f18921474ab4f3195c0c2dab23f14ac	2019-12-03 12:40:05 +0300	2019-12-03 12:39:21 +0300	2019-12-03 13:59:00 +0300	b552133f27ab4c9cad6ba2bbca63b69f	100 540 Kasa Sanayi 240m2						n	-1691/100	-1691/100	1970-01-01 02:00:00 +0200
===== END
===== START
C	12abb5c4418448b887d4b581236e1c3f	3d3d53970b0647a59f9209c1f5e253ad	2019-12-03 12:40:05 +0300	2019-12-03 12:39:21 +0300	2019-12-03 13:59:00 +0300	b552133f27ab4c9cad6ba2bbca63b69f	100 540 Kasa Sanayi 240m2		2014 Bina Kültür vergisi				n	1691/100	1691/100	1970-01-01 02:00:00 +0200
C	12abb5c4418448b887d4b581236e1c3f	3f18921474ab4f3195c0c2dab23f14ac	2019-12-03 12:40:05 +0300	2019-12-03 12:39:21 +0300	2019-12-03 13:59:00 +0300	b552133f27ab4c9cad6ba2bbca63b69f	100 540 Kasa Sanayi 240m2		2014 Bina Kültür vergisi				n	-1691/100	-1691/100	1970-01-01 02:00:00 +0200
===== END
===== START
B	12abb5c4418448b887d4b581236e1c3f	3d3d53970b0647a59f9209c1f5e253ad	2019-12-03 12:40:31 +0300	2019-12-03 12:39:21 +0300	2019-12-03 13:59:00 +0300	b552133f27ab4c9cad6ba2bbca63b69f	100 540 Kasa Sanayi 240m2		2014 Bina Kültür vergisi				n	1691/100	1691/100	1970-01-01 02:00:00 +0200
B	12abb5c4418448b887d4b581236e1c3f	3f18921474ab4f3195c0c2dab23f14ac	2019-12-03 12:40:31 +0300	2019-12-03 12:39:21 +0300	2019-12-03 13:59:00 +0300	b552133f27ab4c9cad6ba2bbca63b69f	100 540 Kasa Sanayi 240m2		2014 Bina Kültür vergisi				n	-1691/100	-1691/100	1970-01-01 02:00:00 +0200
===== END
===== START
D	12abb5c4418448b887d4b581236e1c3f	3d3d53970b0647a59f9209c1f5e253ad	2019-12-03 12:40:31 +0300	2019-12-03 12:39:21 +0300	2019-12-03 13:59:00 +0300	b552133f27ab4c9cad6ba2bbca63b69f	100 540 Kasa Sanayi 240m2		2014 Bina Kültür vergisi				n	1691/100	1691/100	1970-01-01 02:00:00 +0200
D	12abb5c4418448b887d4b581236e1c3f	3f18921474ab4f3195c0c2dab23f14ac	2019-12-03 12:40:31 +0300	2019-12-03 12:39:21 +0300	2019-12-03 13:59:00 +0300	b552133f27ab4c9cad6ba2bbca63b69f	100 540 Kasa Sanayi 240m2		2014 Bina Kültür vergisi				n	-1691/100	-1691/100	1970-01-01 02:00:00 +0200
===== END
===== START
D	42ff9e52f9e249c088b648a15359a7ad	e7f7ffeeffbe45988e4c9c7b09cf1c9c	2019-12-03 12:40:36 +0300	2019-12-03 12:40:36 +0300	2019-12-03 13:59:00 +0300								n	0/1	0/100	1970-01-01 02:00:00 +0200
===== END
===== START
D	a29300d031984b8e865f4e44871f5483	7e501e44e70b4aaab6fbcc3d90198627	2019-12-03 12:40:37 +0300	2019-12-03 12:40:37 +0300	2019-12-03 13:59:00 +0300								n	0/1	0/100	1970-01-01 02:00:00 +0200
===== END
===== START
D	080ec26d86ea4f9f9bb30e30c11b14b7	01fd655a32ac45cf8176a1b29f575e41	2019-12-03 12:40:39 +0300	2019-12-03 12:40:39 +0300	2019-12-03 13:59:00 +0300								n	0/1	0/100	1970-01-01 02:00:00 +0200
===== END
===== START
===== END
===== START
C	e088198940ff4332800de7d80b6d627a	73f646dd657244e98f562c954fd68e06	2019-12-03 12:41:00 +0300	2019-12-03 12:41:00 +0300	2015-01-30 12:59:00 +0200	62cf67902c2f48c28059ec3005e4290f	64 1 540 240m2						n	0/100	0/100	1970-01-01 02:00:00 +0200
===== END
===== START
===== END
===== START
B	e088198940ff4332800de7d80b6d627a	73f646dd657244e98f562c954fd68e06	2019-12-03 12:41:08 +0300	2019-12-03 12:41:00 +0300	2015-01-30 12:59:00 +0200	62cf67902c2f48c28059ec3005e4290f	64 1 540 240m2						n	0/100	0/100	1970-01-01 02:00:00 +0200
===== END
===== START
C	e088198940ff4332800de7d80b6d627a	73f646dd657244e98f562c954fd68e06	2019-12-03 12:41:08 +0300	2019-12-03 12:41:00 +0300	2015-01-30 12:59:00 +0200	62cf67902c2f48c28059ec3005e4290f	64 1 540 240m2		Bina vergisi				n	0/100	0/100	1970-01-01 02:00:00 +0200
===== END
===== START
B	e088198940ff4332800de7d80b6d627a	73f646dd657244e98f562c954fd68e06	2019-12-03 12:41:18 +0300	2019-12-03 12:41:00 +0300	2015-01-30 12:59:00 +0200	62cf67902c2f48c28059ec3005e4290f	64 1 540 240m2		Bina vergisi				n	0/100	0/100	1970-01-01 02:00:00 +0200
===== END
===== START
C	e088198940ff4332800de7d80b6d627a	73f646dd657244e98f562c954fd68e06	2019-12-03 12:41:18 +0300	2019-12-03 12:41:00 +0300	2015-01-30 12:59:00 +0200	62cf67902c2f48c28059ec3005e4290f	64 1 540 240m2		Bina vergisi				n	1691/100	1691/100	1970-01-01 02:00:00 +0200
C	e088198940ff4332800de7d80b6d627a	07440eaa1dba49b094175f9e7b95adbe	2019-12-03 12:41:18 +0300	2019-12-03 12:41:00 +0300	2015-01-30 12:59:00 +0200	b552133f27ab4c9cad6ba2bbca63b69f	100 540 Kasa Sanayi 240m2		Bina vergisi				n	-1691/100	-1691/100	1970-01-01 02:00:00 +0200
===== END
===== START
C	0a0d95c79f21498090ca9edcea025248	81626a92ee6e46f69250bb56e6f20394	2019-12-03 12:42:34 +0300	2019-12-03 12:42:34 +0300	2015-01-30 12:59:00 +0200	62cf67902c2f48c28059ec3005e4290f	64 1 540 240m2						n	331/100	331/100	1970-01-01 02:00:00 +0200
C	0a0d95c79f21498090ca9edcea025248	f79dd94cd34048009d891f39827d7b8d	2019-12-03 12:42:34 +0300	2019-12-03 12:42:34 +0300	2015-01-30 12:59:00 +0200	3a63f12134c244fa86b69fbbccbba3e0	Açık-TRY						n	-331/100	-331/100	1970-01-01 02:00:00 +0200
===== END
===== START
===== END
===== START
B	0a0d95c79f21498090ca9edcea025248	81626a92ee6e46f69250bb56e6f20394	2019-12-03 12:42:59 +0300	2019-12-03 12:42:34 +0300	2015-01-30 12:59:00 +0200	62cf67902c2f48c28059ec3005e4290f	64 1 540 240m2						n	331/100	331/100	1970-01-01 02:00:00 +0200
B	0a0d95c79f21498090ca9edcea025248	f79dd94cd34048009d891f39827d7b8d	2019-12-03 12:42:59 +0300	2019-12-03 12:42:34 +0300	2015-01-30 12:59:00 +0200	3a63f12134c244fa86b69fbbccbba3e0	Açık-TRY						n	-331/100	-331/100	1970-01-01 02:00:00 +0200
===== END
===== START
C	0a0d95c79f21498090ca9edcea025248	81626a92ee6e46f69250bb56e6f20394	2019-12-03 12:42:59 +0300	2019-12-03 12:42:34 +0300	2015-01-30 12:59:00 +0200	62cf67902c2f48c28059ec3005e4290f	64 1 540 240m2						n	331/100	331/100	1970-01-01 02:00:00 +0200
C	0a0d95c79f21498090ca9edcea025248	f79dd94cd34048009d891f39827d7b8d	2019-12-03 12:42:59 +0300	2019-12-03 12:42:34 +0300	2015-01-30 12:59:00 +0200	b552133f27ab4c9cad6ba2bbca63b69f	100 540 Kasa Sanayi 240m2						n	-331/100	-331/100	1970-01-01 02:00:00 +0200
===== END
===== START
B	e088198940ff4332800de7d80b6d627a	73f646dd657244e98f562c954fd68e06	2019-12-03 12:43:03 +0300	2019-12-03 12:41:00 +0300	2015-01-30 12:59:00 +0200	62cf67902c2f48c28059ec3005e4290f	64 1 540 240m2		Bina vergisi				n	1691/100	1691/100	1970-01-01 02:00:00 +0200
B	e088198940ff4332800de7d80b6d627a	07440eaa1dba49b094175f9e7b95adbe	2019-12-03 12:43:03 +0300	2019-12-03 12:41:00 +0300	2015-01-30 12:59:00 +0200	b552133f27ab4c9cad6ba2bbca63b69f	100 540 Kasa Sanayi 240m2		Bina vergisi				n	-1691/100	-1691/100	1970-01-01 02:00:00 +0200
===== END
===== START
C	e088198940ff4332800de7d80b6d627a	73f646dd657244e98f562c954fd68e06	2019-12-03 12:43:03 +0300	2019-12-03 12:41:00 +0300	2015-01-30 12:59:00 +0200	62cf67902c2f48c28059ec3005e4290f	64 1 540 240m2		Bina vergisi 2014-1				n	1691/100	1691/100	1970-01-01 02:00:00 +0200
C	e088198940ff4332800de7d80b6d627a	07440eaa1dba49b094175f9e7b95adbe	2019-12-03 12:43:03 +0300	2019-12-03 12:41:00 +0300	2015-01-30 12:59:00 +0200	b552133f27ab4c9cad6ba2bbca63b69f	100 540 Kasa Sanayi 240m2		Bina vergisi 2014-1				n	-1691/100	-1691/100	1970-01-01 02:00:00 +0200
===== END
===== START
B	0a0d95c79f21498090ca9edcea025248	81626a92ee6e46f69250bb56e6f20394	2019-12-03 12:43:13 +0300	2019-12-03 12:42:34 +0300	2015-01-30 12:59:00 +0200	62cf67902c2f48c28059ec3005e4290f	64 1 540 240m2						n	331/100	331/100	1970-01-01 02:00:00 +0200
B	0a0d95c79f21498090ca9edcea025248	f79dd94cd34048009d891f39827d7b8d	2019-12-03 12:43:13 +0300	2019-12-03 12:42:34 +0300	2015-01-30 12:59:00 +0200	b552133f27ab4c9cad6ba2bbca63b69f	100 540 Kasa Sanayi 240m2						n	-331/100	-331/100	1970-01-01 02:00:00 +0200
===== END
===== START
C	0a0d95c79f21498090ca9edcea025248	81626a92ee6e46f69250bb56e6f20394	2019-12-03 12:43:13 +0300	2019-12-03 12:42:34 +0300	2015-01-30 12:59:00 +0200	62cf67902c2f48c28059ec3005e4290f	64 1 540 240m2		Bina vergisi 2014-2				n	331/100	331/100	1970-01-01 02:00:00 +0200
C	0a0d95c79f21498090ca9edcea025248	f79dd94cd34048009d891f39827d7b8d	2019-12-03 12:43:13 +0300	2019-12-03 12:42:34 +0300	2015-01-30 12:59:00 +0200	b552133f27ab4c9cad6ba2bbca63b69f	100 540 Kasa Sanayi 240m2		Bina vergisi 2014-2				n	-331/100	-331/100	1970-01-01 02:00:00 +0200
===== END
===== START
B	a50add8d8eb7423e9a2128550d6e7ff3	93e40d297fae41b2b9c575f28e260411	2019-12-03 12:48:40 +0300	2019-12-03 10:45:16 +0300	2019-11-29 13:59:00 +0300	62cf67902c2f48c28059ec3005e4290f	64 1 540 240m2		2010 1-2 Emlak Vergisi				n	59875/100	59875/100	1970-01-01 02:00:00 +0200
B	a50add8d8eb7423e9a2128550d6e7ff3	b53511192fb5442eab3613a05579610f	2019-12-03 12:48:40 +0300	2019-12-03 10:45:16 +0300	2019-11-29 13:59:00 +0300	b552133f27ab4c9cad6ba2bbca63b69f	100 540 Kasa Sanayi 240m2		2010 1-2 Emlak Vergisi				n	-59875/100	-59875/100	1970-01-01 02:00:00 +0200
===== END
===== START
C	a50add8d8eb7423e9a2128550d6e7ff3	93e40d297fae41b2b9c575f28e260411	2019-12-03 12:48:40 +0300	2019-12-03 10:45:16 +0300	2019-11-29 13:59:00 +0300	62cf67902c2f48c28059ec3005e4290f	64 1 540 240m2		2019 1-2 Emlak Vergisi				n	59875/100	59875/100	1970-01-01 02:00:00 +0200
C	a50add8d8eb7423e9a2128550d6e7ff3	b53511192fb5442eab3613a05579610f	2019-12-03 12:48:40 +0300	2019-12-03 10:45:16 +0300	2019-11-29 13:59:00 +0300	b552133f27ab4c9cad6ba2bbca63b69f	100 540 Kasa Sanayi 240m2		2019 1-2 Emlak Vergisi				n	-59875/100	-59875/100	1970-01-01 02:00:00 +0200
===== END
