mod	trans_guid	split_guid	time_now	date_entered	date_posted	acc_guid	acc_name	num	description	notes	memo	action	reconciled	amount	value	date_reconciled
-----------------
===== START
B	55945acd68e14cceb54b0d83775db805	01280e963fd34a1eaa5d709abb638273	2019-12-03 08:49:22 +0300	2019-11-19 09:12:30 +0300	2019-11-19 13:59:00 +0300	e056db857c6149d6a9b263777e02e621	68d58bff0d8c41e7b77ad6e0a24e2b72		2019-Nisan-Aralık Kira Bedeli 				n	0/1	0/100	1970-01-01 02:00:00 +0200
B	55945acd68e14cceb54b0d83775db805	e094a65da427421e8fe7b90ae5d719f6	2019-12-03 08:49:22 +0300	2019-11-19 09:12:30 +0300	2019-11-19 13:59:00 +0300	e056db857c6149d6a9b263777e02e621	68d58bff0d8c41e7b77ad6e0a24e2b72		2019-Nisan-Aralık Kira Bedeli 				n	0/1	0/100	1970-01-01 02:00:00 +0200
===== END
===== START
R	55945acd68e14cceb54b0d83775db805	01280e963fd34a1eaa5d709abb638273	2019-12-03 08:49:22 +0300	2019-11-19 09:12:30 +0300	2019-11-19 13:59:00 +0300	e056db857c6149d6a9b263777e02e621	68d58bff0d8c41e7b77ad6e0a24e2b72		2019-Nisan-Aralık Kira Bedeli 				n	0/1	0/100	1970-01-01 02:00:00 +0200
R	55945acd68e14cceb54b0d83775db805	e094a65da427421e8fe7b90ae5d719f6	2019-12-03 08:49:22 +0300	2019-11-19 09:12:30 +0300	2019-11-19 13:59:00 +0300	e056db857c6149d6a9b263777e02e621	68d58bff0d8c41e7b77ad6e0a24e2b72		2019-Nisan-Aralık Kira Bedeli 				n	0/1	0/100	1970-01-01 02:00:00 +0200
===== END
===== START
B	55945acd68e14cceb54b0d83775db805	01280e963fd34a1eaa5d709abb638273	2019-12-03 08:49:22 +0300	2019-11-19 09:12:30 +0300	2019-11-19 13:59:00 +0300	e056db857c6149d6a9b263777e02e621	68d58bff0d8c41e7b77ad6e0a24e2b72		2019-Nisan-Aralık Kira Bedeli 				n	0/1	0/100	1970-01-01 02:00:00 +0200
B	55945acd68e14cceb54b0d83775db805	e094a65da427421e8fe7b90ae5d719f6	2019-12-03 08:49:22 +0300	2019-11-19 09:12:30 +0300	2019-11-19 13:59:00 +0300	e056db857c6149d6a9b263777e02e621	68d58bff0d8c41e7b77ad6e0a24e2b72		2019-Nisan-Aralık Kira Bedeli 				n	0/1	0/100	1970-01-01 02:00:00 +0200
===== END
===== START
R	55945acd68e14cceb54b0d83775db805	01280e963fd34a1eaa5d709abb638273	2019-12-03 08:49:22 +0300	2019-11-19 09:12:30 +0300	2019-11-19 13:59:00 +0300	e056db857c6149d6a9b263777e02e621	68d58bff0d8c41e7b77ad6e0a24e2b72		2019-Nisan-Aralık Kira Bedeli 				n	0/1	0/100	1970-01-01 02:00:00 +0200
R	55945acd68e14cceb54b0d83775db805	e094a65da427421e8fe7b90ae5d719f6	2019-12-03 08:49:22 +0300	2019-11-19 09:12:30 +0300	2019-11-19 13:59:00 +0300	e056db857c6149d6a9b263777e02e621	68d58bff0d8c41e7b77ad6e0a24e2b72		2019-Nisan-Aralık Kira Bedeli 				n	0/1	0/100	1970-01-01 02:00:00 +0200
===== END
===== START
B	4fe50a24b7284a64b92acadaf208bfcc	2a8531ce7e564594831c98b3cec9a7ab	2019-12-03 08:49:22 +0300	2019-11-19 09:14:11 +0300	2019-11-19 13:59:00 +0300	69e29c3a6b84421a9c6e3c86c7ed0308	cc9260dc9cbc4d6797abdd1ea901b208						n	0/1	0/100	1970-01-01 02:00:00 +0200
B	4fe50a24b7284a64b92acadaf208bfcc	f4b160096e6e43a7be80bee2aab22437	2019-12-03 08:49:22 +0300	2019-11-19 09:14:11 +0300	2019-11-19 13:59:00 +0300	69e29c3a6b84421a9c6e3c86c7ed0308	cc9260dc9cbc4d6797abdd1ea901b208						n	0/1	0/100	1970-01-01 02:00:00 +0200
===== END
===== START
R	4fe50a24b7284a64b92acadaf208bfcc	2a8531ce7e564594831c98b3cec9a7ab	2019-12-03 08:49:22 +0300	2019-11-19 09:14:11 +0300	2019-11-19 13:59:00 +0300	69e29c3a6b84421a9c6e3c86c7ed0308	cc9260dc9cbc4d6797abdd1ea901b208						n	0/1	0/100	1970-01-01 02:00:00 +0200
R	4fe50a24b7284a64b92acadaf208bfcc	f4b160096e6e43a7be80bee2aab22437	2019-12-03 08:49:22 +0300	2019-11-19 09:14:11 +0300	2019-11-19 13:59:00 +0300	69e29c3a6b84421a9c6e3c86c7ed0308	cc9260dc9cbc4d6797abdd1ea901b208						n	0/1	0/100	1970-01-01 02:00:00 +0200
===== END
===== START
B	4fe50a24b7284a64b92acadaf208bfcc	2a8531ce7e564594831c98b3cec9a7ab	2019-12-03 08:49:22 +0300	2019-11-19 09:14:11 +0300	2019-11-19 13:59:00 +0300	69e29c3a6b84421a9c6e3c86c7ed0308	cc9260dc9cbc4d6797abdd1ea901b208						n	0/1	0/100	1970-01-01 02:00:00 +0200
B	4fe50a24b7284a64b92acadaf208bfcc	f4b160096e6e43a7be80bee2aab22437	2019-12-03 08:49:22 +0300	2019-11-19 09:14:11 +0300	2019-11-19 13:59:00 +0300	69e29c3a6b84421a9c6e3c86c7ed0308	cc9260dc9cbc4d6797abdd1ea901b208						n	0/1	0/100	1970-01-01 02:00:00 +0200
===== END
===== START
R	4fe50a24b7284a64b92acadaf208bfcc	2a8531ce7e564594831c98b3cec9a7ab	2019-12-03 08:49:22 +0300	2019-11-19 09:14:11 +0300	2019-11-19 13:59:00 +0300	69e29c3a6b84421a9c6e3c86c7ed0308	cc9260dc9cbc4d6797abdd1ea901b208						n	0/1	0/100	1970-01-01 02:00:00 +0200
R	4fe50a24b7284a64b92acadaf208bfcc	f4b160096e6e43a7be80bee2aab22437	2019-12-03 08:49:22 +0300	2019-11-19 09:14:11 +0300	2019-11-19 13:59:00 +0300	69e29c3a6b84421a9c6e3c86c7ed0308	cc9260dc9cbc4d6797abdd1ea901b208						n	0/1	0/100	1970-01-01 02:00:00 +0200
===== END
===== START
B	b5f129cc8d9146a0805b288f0037ff40	da2ca65a4449480381cdbd41525e85ad	2019-12-03 08:49:22 +0300	2019-11-19 09:16:07 +0300	2019-11-19 13:59:00 +0300	e981558e538048088db4bd8f7ca9ca78	f579dd0808cb4c4280a5790581a511c8						n	0/1	0/100	1970-01-01 02:00:00 +0200
B	b5f129cc8d9146a0805b288f0037ff40	7aedbf9e9be143b1b61c5bf5afde584a	2019-12-03 08:49:22 +0300	2019-11-19 09:16:07 +0300	2019-11-19 13:59:00 +0300	e981558e538048088db4bd8f7ca9ca78	f579dd0808cb4c4280a5790581a511c8						n	0/1	0/100	1970-01-01 02:00:00 +0200
===== END
===== START
R	b5f129cc8d9146a0805b288f0037ff40	da2ca65a4449480381cdbd41525e85ad	2019-12-03 08:49:22 +0300	2019-11-19 09:16:07 +0300	2019-11-19 13:59:00 +0300	e981558e538048088db4bd8f7ca9ca78	f579dd0808cb4c4280a5790581a511c8						n	0/1	0/100	1970-01-01 02:00:00 +0200
R	b5f129cc8d9146a0805b288f0037ff40	7aedbf9e9be143b1b61c5bf5afde584a	2019-12-03 08:49:22 +0300	2019-11-19 09:16:07 +0300	2019-11-19 13:59:00 +0300	e981558e538048088db4bd8f7ca9ca78	f579dd0808cb4c4280a5790581a511c8						n	0/1	0/100	1970-01-01 02:00:00 +0200
===== END
===== START
B	b5f129cc8d9146a0805b288f0037ff40	da2ca65a4449480381cdbd41525e85ad	2019-12-03 08:49:22 +0300	2019-11-19 09:16:07 +0300	2019-11-19 13:59:00 +0300	e981558e538048088db4bd8f7ca9ca78	f579dd0808cb4c4280a5790581a511c8						n	0/1	0/100	1970-01-01 02:00:00 +0200
B	b5f129cc8d9146a0805b288f0037ff40	7aedbf9e9be143b1b61c5bf5afde584a	2019-12-03 08:49:22 +0300	2019-11-19 09:16:07 +0300	2019-11-19 13:59:00 +0300	e981558e538048088db4bd8f7ca9ca78	f579dd0808cb4c4280a5790581a511c8						n	0/1	0/100	1970-01-01 02:00:00 +0200
===== END
===== START
R	b5f129cc8d9146a0805b288f0037ff40	da2ca65a4449480381cdbd41525e85ad	2019-12-03 08:49:22 +0300	2019-11-19 09:16:07 +0300	2019-11-19 13:59:00 +0300	e981558e538048088db4bd8f7ca9ca78	f579dd0808cb4c4280a5790581a511c8						n	0/1	0/100	1970-01-01 02:00:00 +0200
R	b5f129cc8d9146a0805b288f0037ff40	7aedbf9e9be143b1b61c5bf5afde584a	2019-12-03 08:49:22 +0300	2019-11-19 09:16:07 +0300	2019-11-19 13:59:00 +0300	e981558e538048088db4bd8f7ca9ca78	f579dd0808cb4c4280a5790581a511c8						n	0/1	0/100	1970-01-01 02:00:00 +0200
===== END
===== START
===== END
===== START
===== END
===== START
C	2b61ff12410f4cd682d8f3113beb2ae4	8097ecdb9663404ebf127bcc6057dc0e	2019-12-03 08:52:41 +0300	2019-12-03 08:52:41 +0300	2019-12-03 13:59:00 +0300	3aa1ec8129524dc2bd8d898c2c0ecfcf	320 5 Selanik Mermer						n	-2000000/100	-2000000/100	1970-01-01 02:00:00 +0200
C	2b61ff12410f4cd682d8f3113beb2ae4	5f2d8df2e20d4bb5bedc146ac081c1ab	2019-12-03 08:52:41 +0300	2019-12-03 08:52:41 +0300	2019-12-03 13:59:00 +0300	3a63f12134c244fa86b69fbbccbba3e0	Açık-TRY						n	2000000/100	2000000/100	1970-01-01 02:00:00 +0200
===== END
===== START
===== END
===== START
B	2b61ff12410f4cd682d8f3113beb2ae4	5f2d8df2e20d4bb5bedc146ac081c1ab	2019-12-03 08:53:08 +0300	2019-12-03 08:52:41 +0300	2019-12-03 13:59:00 +0300	3a63f12134c244fa86b69fbbccbba3e0	Açık-TRY						n	2000000/100	2000000/100	1970-01-01 02:00:00 +0200
B	2b61ff12410f4cd682d8f3113beb2ae4	8097ecdb9663404ebf127bcc6057dc0e	2019-12-03 08:53:08 +0300	2019-12-03 08:52:41 +0300	2019-12-03 13:59:00 +0300	3aa1ec8129524dc2bd8d898c2c0ecfcf	320 5 Selanik Mermer						n	-2000000/100	-2000000/100	1970-01-01 02:00:00 +0200
===== END
===== START
C	2b61ff12410f4cd682d8f3113beb2ae4	5f2d8df2e20d4bb5bedc146ac081c1ab	2019-12-03 08:53:08 +0300	2019-12-03 08:52:41 +0300	2019-12-03 13:59:00 +0300	b552133f27ab4c9cad6ba2bbca63b69f	100 540 Kasa Sanayi 240m2						n	2000000/100	2000000/100	1970-01-01 02:00:00 +0200
C	2b61ff12410f4cd682d8f3113beb2ae4	8097ecdb9663404ebf127bcc6057dc0e	2019-12-03 08:53:08 +0300	2019-12-03 08:52:41 +0300	2019-12-03 13:59:00 +0300	3aa1ec8129524dc2bd8d898c2c0ecfcf	320 5 Selanik Mermer						n	-2000000/100	-2000000/100	1970-01-01 02:00:00 +0200
===== END
===== START
B	2b61ff12410f4cd682d8f3113beb2ae4	5f2d8df2e20d4bb5bedc146ac081c1ab	2019-12-03 08:53:17 +0300	2019-12-03 08:52:41 +0300	2019-12-03 13:59:00 +0300	b552133f27ab4c9cad6ba2bbca63b69f	100 540 Kasa Sanayi 240m2						n	2000000/100	2000000/100	1970-01-01 02:00:00 +0200
B	2b61ff12410f4cd682d8f3113beb2ae4	8097ecdb9663404ebf127bcc6057dc0e	2019-12-03 08:53:17 +0300	2019-12-03 08:52:41 +0300	2019-12-03 13:59:00 +0300	3aa1ec8129524dc2bd8d898c2c0ecfcf	320 5 Selanik Mermer						n	-2000000/100	-2000000/100	1970-01-01 02:00:00 +0200
===== END
===== START
C	2b61ff12410f4cd682d8f3113beb2ae4	5f2d8df2e20d4bb5bedc146ac081c1ab	2019-12-03 08:53:17 +0300	2019-12-03 08:52:41 +0300	2019-12-03 13:59:00 +0300	b552133f27ab4c9cad6ba2bbca63b69f	100 540 Kasa Sanayi 240m2		taban betonu				n	2000000/100	2000000/100	1970-01-01 02:00:00 +0200
C	2b61ff12410f4cd682d8f3113beb2ae4	8097ecdb9663404ebf127bcc6057dc0e	2019-12-03 08:53:17 +0300	2019-12-03 08:52:41 +0300	2019-12-03 13:59:00 +0300	3aa1ec8129524dc2bd8d898c2c0ecfcf	320 5 Selanik Mermer		taban betonu				n	-2000000/100	-2000000/100	1970-01-01 02:00:00 +0200
===== END
===== START
B	2b61ff12410f4cd682d8f3113beb2ae4	5f2d8df2e20d4bb5bedc146ac081c1ab	2019-12-03 08:53:51 +0300	2019-12-03 08:52:41 +0300	2019-12-03 13:59:00 +0300	b552133f27ab4c9cad6ba2bbca63b69f	100 540 Kasa Sanayi 240m2		taban betonu				n	2000000/100	2000000/100	1970-01-01 02:00:00 +0200
B	2b61ff12410f4cd682d8f3113beb2ae4	8097ecdb9663404ebf127bcc6057dc0e	2019-12-03 08:53:51 +0300	2019-12-03 08:52:41 +0300	2019-12-03 13:59:00 +0300	3aa1ec8129524dc2bd8d898c2c0ecfcf	320 5 Selanik Mermer		taban betonu				n	-2000000/100	-2000000/100	1970-01-01 02:00:00 +0200
===== END
===== START
C	2b61ff12410f4cd682d8f3113beb2ae4	5f2d8df2e20d4bb5bedc146ac081c1ab	2019-12-03 08:53:51 +0300	2019-12-03 08:52:41 +0300	2019-12-03 13:59:00 +0300	deabaef30fc841ac9337e26a874ae856	100 KASA		taban betonu				n	2000000/100	2000000/100	1970-01-01 02:00:00 +0200
C	2b61ff12410f4cd682d8f3113beb2ae4	8097ecdb9663404ebf127bcc6057dc0e	2019-12-03 08:53:51 +0300	2019-12-03 08:52:41 +0300	2019-12-03 13:59:00 +0300	3aa1ec8129524dc2bd8d898c2c0ecfcf	320 5 Selanik Mermer		taban betonu				n	-2000000/100	-2000000/100	1970-01-01 02:00:00 +0200
===== END
===== START
===== END
===== START
B	2b61ff12410f4cd682d8f3113beb2ae4	5f2d8df2e20d4bb5bedc146ac081c1ab	2019-12-03 08:55:53 +0300	2019-12-03 08:52:41 +0300	2019-12-03 13:59:00 +0300	deabaef30fc841ac9337e26a874ae856	100 KASA		taban betonu				n	2000000/100	2000000/100	1970-01-01 02:00:00 +0200
B	2b61ff12410f4cd682d8f3113beb2ae4	8097ecdb9663404ebf127bcc6057dc0e	2019-12-03 08:55:53 +0300	2019-12-03 08:52:41 +0300	2019-12-03 13:59:00 +0300	3aa1ec8129524dc2bd8d898c2c0ecfcf	320 5 Selanik Mermer		taban betonu				n	-2000000/100	-2000000/100	1970-01-01 02:00:00 +0200
===== END
===== START
C	2b61ff12410f4cd682d8f3113beb2ae4	5f2d8df2e20d4bb5bedc146ac081c1ab	2019-12-03 08:55:53 +0300	2019-12-03 08:52:41 +0300	2019-12-03 13:59:00 +0300	b552133f27ab4c9cad6ba2bbca63b69f	100 540 Kasa Sanayi 240m2		taban betonu				n	2000000/100	2000000/100	1970-01-01 02:00:00 +0200
C	2b61ff12410f4cd682d8f3113beb2ae4	8097ecdb9663404ebf127bcc6057dc0e	2019-12-03 08:55:53 +0300	2019-12-03 08:52:41 +0300	2019-12-03 13:59:00 +0300	3aa1ec8129524dc2bd8d898c2c0ecfcf	320 5 Selanik Mermer		taban betonu				n	-2000000/100	-2000000/100	1970-01-01 02:00:00 +0200
===== END
===== START
B	2b61ff12410f4cd682d8f3113beb2ae4	5f2d8df2e20d4bb5bedc146ac081c1ab	2019-12-03 08:56:39 +0300	2019-12-03 08:52:41 +0300	2019-12-03 13:59:00 +0300	b552133f27ab4c9cad6ba2bbca63b69f	100 540 Kasa Sanayi 240m2		taban betonu				n	2000000/100	2000000/100	1970-01-01 02:00:00 +0200
B	2b61ff12410f4cd682d8f3113beb2ae4	8097ecdb9663404ebf127bcc6057dc0e	2019-12-03 08:56:39 +0300	2019-12-03 08:52:41 +0300	2019-12-03 13:59:00 +0300	3aa1ec8129524dc2bd8d898c2c0ecfcf	320 5 Selanik Mermer		taban betonu				n	-2000000/100	-2000000/100	1970-01-01 02:00:00 +0200
===== END
===== START
D	2b61ff12410f4cd682d8f3113beb2ae4	5f2d8df2e20d4bb5bedc146ac081c1ab	2019-12-03 08:56:39 +0300	2019-12-03 08:52:41 +0300	2019-12-03 13:59:00 +0300	b552133f27ab4c9cad6ba2bbca63b69f	100 540 Kasa Sanayi 240m2		taban betonu				n	2000000/100	2000000/100	1970-01-01 02:00:00 +0200
D	2b61ff12410f4cd682d8f3113beb2ae4	8097ecdb9663404ebf127bcc6057dc0e	2019-12-03 08:56:39 +0300	2019-12-03 08:52:41 +0300	2019-12-03 13:59:00 +0300	3aa1ec8129524dc2bd8d898c2c0ecfcf	320 5 Selanik Mermer		taban betonu				n	-2000000/100	-2000000/100	1970-01-01 02:00:00 +0200
===== END
===== START
C	ceb1932eba804b0885a765ae4b2d0987	1506c7d1939d4d82890f47f6324c2170	2019-12-03 08:57:06 +0300	2019-12-03 08:57:05 +0300	2019-12-03 13:59:00 +0300	b552133f27ab4c9cad6ba2bbca63b69f	100 540 Kasa Sanayi 240m2						n	-2000000/100	-2000000/100	1970-01-01 02:00:00 +0200
C	ceb1932eba804b0885a765ae4b2d0987	ca6ba80fc71b491ea467f8c5058ad889	2019-12-03 08:57:06 +0300	2019-12-03 08:57:05 +0300	2019-12-03 13:59:00 +0300	3a63f12134c244fa86b69fbbccbba3e0	Açık-TRY						n	2000000/100	2000000/100	1970-01-01 02:00:00 +0200
===== END
===== START
===== END
===== START
B	ceb1932eba804b0885a765ae4b2d0987	ca6ba80fc71b491ea467f8c5058ad889	2019-12-03 08:57:51 +0300	2019-12-03 08:57:05 +0300	2019-12-03 13:59:00 +0300	3a63f12134c244fa86b69fbbccbba3e0	Açık-TRY						n	2000000/100	2000000/100	1970-01-01 02:00:00 +0200
B	ceb1932eba804b0885a765ae4b2d0987	1506c7d1939d4d82890f47f6324c2170	2019-12-03 08:57:51 +0300	2019-12-03 08:57:05 +0300	2019-12-03 13:59:00 +0300	b552133f27ab4c9cad6ba2bbca63b69f	100 540 Kasa Sanayi 240m2						n	-2000000/100	-2000000/100	1970-01-01 02:00:00 +0200
===== END
===== START
C	ceb1932eba804b0885a765ae4b2d0987	ca6ba80fc71b491ea467f8c5058ad889	2019-12-03 08:57:51 +0300	2019-12-03 08:57:05 +0300	2019-12-03 13:59:00 +0300	deabaef30fc841ac9337e26a874ae856	100 KASA		taban betonu 				n	3500000/100	3500000/100	1970-01-01 02:00:00 +0200
C	ceb1932eba804b0885a765ae4b2d0987	1506c7d1939d4d82890f47f6324c2170	2019-12-03 08:57:51 +0300	2019-12-03 08:57:05 +0300	2019-12-03 13:59:00 +0300	b552133f27ab4c9cad6ba2bbca63b69f	100 540 Kasa Sanayi 240m2		taban betonu 				n	-3500000/100	-3500000/100	1970-01-01 02:00:00 +0200
===== END
===== START
C	b949fd347bbc404bbc0c42899c88dda4	10b937570ba4483fbc6251916585ebb7	2019-12-03 08:58:42 +0300	2019-12-03 08:58:42 +0300	2019-12-03 13:59:00 +0300	3aa1ec8129524dc2bd8d898c2c0ecfcf	320 5 Selanik Mermer		taban betonu				n	-2000000/100	-2000000/100	1970-01-01 02:00:00 +0200
C	b949fd347bbc404bbc0c42899c88dda4	48c56e07ab5b4ef89e299df6e3b7d7d8	2019-12-03 08:58:42 +0300	2019-12-03 08:58:42 +0300	2019-12-03 13:59:00 +0300	62cf67902c2f48c28059ec3005e4290f	64 1 540 240m2		taban betonu				n	2000000/100	2000000/100	1970-01-01 02:00:00 +0200
===== END
===== START
===== END
===== START
B	b949fd347bbc404bbc0c42899c88dda4	48c56e07ab5b4ef89e299df6e3b7d7d8	2019-12-03 08:59:08 +0300	2019-12-03 08:58:42 +0300	2019-12-03 13:59:00 +0300	62cf67902c2f48c28059ec3005e4290f	64 1 540 240m2		taban betonu				n	2000000/100	2000000/100	1970-01-01 02:00:00 +0200
B	b949fd347bbc404bbc0c42899c88dda4	10b937570ba4483fbc6251916585ebb7	2019-12-03 08:59:08 +0300	2019-12-03 08:58:42 +0300	2019-12-03 13:59:00 +0300	3aa1ec8129524dc2bd8d898c2c0ecfcf	320 5 Selanik Mermer		taban betonu				n	-2000000/100	-2000000/100	1970-01-01 02:00:00 +0200
===== END
===== START
C	b949fd347bbc404bbc0c42899c88dda4	48c56e07ab5b4ef89e299df6e3b7d7d8	2019-12-03 08:59:08 +0300	2019-12-03 08:58:42 +0300	2019-12-03 13:59:00 +0300	62cf67902c2f48c28059ec3005e4290f	64 1 540 240m2		taban betonu işçilik				n	2000000/100	2000000/100	1970-01-01 02:00:00 +0200
C	b949fd347bbc404bbc0c42899c88dda4	10b937570ba4483fbc6251916585ebb7	2019-12-03 08:59:08 +0300	2019-12-03 08:58:42 +0300	2019-12-03 13:59:00 +0300	3aa1ec8129524dc2bd8d898c2c0ecfcf	320 5 Selanik Mermer		taban betonu işçilik				n	-2000000/100	-2000000/100	1970-01-01 02:00:00 +0200
===== END
===== START
===== END
===== START
C	dcc979c270184f88b6d3979f06f994c0	2d92d771d8ca45f5be69dd8e22f7891a	2019-12-03 09:00:43 +0300	2019-12-03 09:00:43 +0300	2019-12-03 13:59:00 +0300	62cf67902c2f48c28059ec3005e4290f	64 1 540 240m2						n	1500000/100	1500000/100	1970-01-01 02:00:00 +0200
C	dcc979c270184f88b6d3979f06f994c0	4394b1e8905548e49c45b715709206ef	2019-12-03 09:00:43 +0300	2019-12-03 09:00:43 +0300	2019-12-03 13:59:00 +0300	3a63f12134c244fa86b69fbbccbba3e0	Açık-TRY						n	-1500000/100	-1500000/100	1970-01-01 02:00:00 +0200
===== END
===== START
===== END
===== START
B	dcc979c270184f88b6d3979f06f994c0	2d92d771d8ca45f5be69dd8e22f7891a	2019-12-03 09:00:48 +0300	2019-12-03 09:00:43 +0300	2019-12-03 13:59:00 +0300	62cf67902c2f48c28059ec3005e4290f	64 1 540 240m2						n	1500000/100	1500000/100	1970-01-01 02:00:00 +0200
B	dcc979c270184f88b6d3979f06f994c0	4394b1e8905548e49c45b715709206ef	2019-12-03 09:00:48 +0300	2019-12-03 09:00:43 +0300	2019-12-03 13:59:00 +0300	3a63f12134c244fa86b69fbbccbba3e0	Açık-TRY						n	-1500000/100	-1500000/100	1970-01-01 02:00:00 +0200
===== END
===== START
C	dcc979c270184f88b6d3979f06f994c0	2d92d771d8ca45f5be69dd8e22f7891a	2019-12-03 09:00:48 +0300	2019-12-03 09:00:43 +0300	2019-12-03 13:59:00 +0300	62cf67902c2f48c28059ec3005e4290f	64 1 540 240m2		taban betonu işçilik				n	1500000/100	1500000/100	1970-01-01 02:00:00 +0200
C	dcc979c270184f88b6d3979f06f994c0	4394b1e8905548e49c45b715709206ef	2019-12-03 09:00:48 +0300	2019-12-03 09:00:43 +0300	2019-12-03 13:59:00 +0300	3a63f12134c244fa86b69fbbccbba3e0	Açık-TRY		taban betonu işçilik				n	-1500000/100	-1500000/100	1970-01-01 02:00:00 +0200
===== END
===== START
B	dcc979c270184f88b6d3979f06f994c0	2d92d771d8ca45f5be69dd8e22f7891a	2019-12-03 09:01:02 +0300	2019-12-03 09:00:43 +0300	2019-12-03 13:59:00 +0300	62cf67902c2f48c28059ec3005e4290f	64 1 540 240m2		taban betonu işçilik				n	1500000/100	1500000/100	1970-01-01 02:00:00 +0200
B	dcc979c270184f88b6d3979f06f994c0	4394b1e8905548e49c45b715709206ef	2019-12-03 09:01:02 +0300	2019-12-03 09:00:43 +0300	2019-12-03 13:59:00 +0300	3a63f12134c244fa86b69fbbccbba3e0	Açık-TRY		taban betonu işçilik				n	-1500000/100	-1500000/100	1970-01-01 02:00:00 +0200
===== END
===== START
D	dcc979c270184f88b6d3979f06f994c0	2d92d771d8ca45f5be69dd8e22f7891a	2019-12-03 09:01:02 +0300	2019-12-03 09:00:43 +0300	2019-12-03 13:59:00 +0300	62cf67902c2f48c28059ec3005e4290f	64 1 540 240m2		taban betonu işçilik				n	1500000/100	1500000/100	1970-01-01 02:00:00 +0200
D	dcc979c270184f88b6d3979f06f994c0	4394b1e8905548e49c45b715709206ef	2019-12-03 09:01:02 +0300	2019-12-03 09:00:43 +0300	2019-12-03 13:59:00 +0300	3a63f12134c244fa86b69fbbccbba3e0	Açık-TRY		taban betonu işçilik				n	-1500000/100	-1500000/100	1970-01-01 02:00:00 +0200
===== END
===== START
===== END
===== START
D	0c2501fdf80b4f14b944f2c6318ed000	3fd7c28dd2624a9bafb370641ed81bb4	2019-12-03 09:01:31 +0300	2019-12-03 09:01:31 +0300	2019-12-03 13:59:00 +0300								n	0/1	0/100	1970-01-01 02:00:00 +0200
===== END
===== START
B	b949fd347bbc404bbc0c42899c88dda4	48c56e07ab5b4ef89e299df6e3b7d7d8	2019-12-03 09:01:46 +0300	2019-12-03 08:58:42 +0300	2019-12-03 13:59:00 +0300	62cf67902c2f48c28059ec3005e4290f	64 1 540 240m2		taban betonu işçilik				n	2000000/100	2000000/100	1970-01-01 02:00:00 +0200
B	b949fd347bbc404bbc0c42899c88dda4	10b937570ba4483fbc6251916585ebb7	2019-12-03 09:01:46 +0300	2019-12-03 08:58:42 +0300	2019-12-03 13:59:00 +0300	3aa1ec8129524dc2bd8d898c2c0ecfcf	320 5 Selanik Mermer		taban betonu işçilik				n	-2000000/100	-2000000/100	1970-01-01 02:00:00 +0200
===== END
===== START
D	b949fd347bbc404bbc0c42899c88dda4	48c56e07ab5b4ef89e299df6e3b7d7d8	2019-12-03 09:01:46 +0300	2019-12-03 08:58:42 +0300	2019-12-03 13:59:00 +0300	62cf67902c2f48c28059ec3005e4290f	64 1 540 240m2		taban betonu işçilik				n	2000000/100	2000000/100	1970-01-01 02:00:00 +0200
D	b949fd347bbc404bbc0c42899c88dda4	10b937570ba4483fbc6251916585ebb7	2019-12-03 09:01:46 +0300	2019-12-03 08:58:42 +0300	2019-12-03 13:59:00 +0300	3aa1ec8129524dc2bd8d898c2c0ecfcf	320 5 Selanik Mermer		taban betonu işçilik				n	-2000000/100	-2000000/100	1970-01-01 02:00:00 +0200
===== END
===== START
B	8c216e7c025245d1b442de365d15599c	307857859f4945b3bf273cfba519e37f	2019-12-03 09:01:47 +0300	2019-12-02 12:27:58 +0300	2020-01-01 13:59:00 +0300	b5c86390d3244c54a84665ddd07f7f17	127 540 Dursun Durmuş		2020 Ocak Sanayi 240m2 Kira Bedeli				n	997100/100	997100/100	1970-01-01 02:00:00 +0200
B	8c216e7c025245d1b442de365d15599c	04efecc7be524046bd9ae997dfef7bf2	2019-12-03 09:01:47 +0300	2019-12-02 12:27:58 +0300	2020-01-01 13:59:00 +0300	62cf67902c2f48c28059ec3005e4290f	64 1 540 240m2		2020 Ocak Sanayi 240m2 Kira Bedeli				n	-997100/100	-997100/100	1970-01-01 02:00:00 +0200
===== END
===== START
D	8c216e7c025245d1b442de365d15599c	307857859f4945b3bf273cfba519e37f	2019-12-03 09:01:47 +0300	2019-12-02 12:27:58 +0300	2020-01-01 13:59:00 +0300	b5c86390d3244c54a84665ddd07f7f17	127 540 Dursun Durmuş		2020 Ocak Sanayi 240m2 Kira Bedeli				n	997100/100	997100/100	1970-01-01 02:00:00 +0200
D	8c216e7c025245d1b442de365d15599c	04efecc7be524046bd9ae997dfef7bf2	2019-12-03 09:01:47 +0300	2019-12-02 12:27:58 +0300	2020-01-01 13:59:00 +0300	62cf67902c2f48c28059ec3005e4290f	64 1 540 240m2		2020 Ocak Sanayi 240m2 Kira Bedeli				n	-997100/100	-997100/100	1970-01-01 02:00:00 +0200
===== END
===== START
C	b6c0114241e046a9bd03b88372873362	a62d3064577c493daa701b3e275d30a4	2019-12-03 09:02:09 +0300	2019-12-03 09:02:09 +0300	2019-12-03 13:59:00 +0300	3aa1ec8129524dc2bd8d898c2c0ecfcf	320 5 Selanik Mermer						n	-2000000/100	-2000000/100	1970-01-01 02:00:00 +0200
C	b6c0114241e046a9bd03b88372873362	64e485006f68476893affbad6de6fc38	2019-12-03 09:02:09 +0300	2019-12-03 09:02:09 +0300	2019-12-03 13:59:00 +0300	c2b13be78e8048f7aae3ea7a912f6ef0	63 1 540 Sanayi 240 m2						n	2000000/100	2000000/100	1970-01-01 02:00:00 +0200
===== END
===== START
===== END
===== START
B	b6c0114241e046a9bd03b88372873362	64e485006f68476893affbad6de6fc38	2019-12-03 09:02:17 +0300	2019-12-03 09:02:09 +0300	2019-12-03 13:59:00 +0300	c2b13be78e8048f7aae3ea7a912f6ef0	63 1 540 Sanayi 240 m2						n	2000000/100	2000000/100	1970-01-01 02:00:00 +0200
B	b6c0114241e046a9bd03b88372873362	a62d3064577c493daa701b3e275d30a4	2019-12-03 09:02:17 +0300	2019-12-03 09:02:09 +0300	2019-12-03 13:59:00 +0300	3aa1ec8129524dc2bd8d898c2c0ecfcf	320 5 Selanik Mermer						n	-2000000/100	-2000000/100	1970-01-01 02:00:00 +0200
===== END
===== START
C	b6c0114241e046a9bd03b88372873362	64e485006f68476893affbad6de6fc38	2019-12-03 09:02:17 +0300	2019-12-03 09:02:09 +0300	2019-12-03 13:59:00 +0300	c2b13be78e8048f7aae3ea7a912f6ef0	63 1 540 Sanayi 240 m2		taban betonu				n	2000000/100	2000000/100	1970-01-01 02:00:00 +0200
C	b6c0114241e046a9bd03b88372873362	a62d3064577c493daa701b3e275d30a4	2019-12-03 09:02:17 +0300	2019-12-03 09:02:09 +0300	2019-12-03 13:59:00 +0300	3aa1ec8129524dc2bd8d898c2c0ecfcf	320 5 Selanik Mermer		taban betonu				n	-2000000/100	-2000000/100	1970-01-01 02:00:00 +0200
===== END
===== START
D	2a8c44b794c74d809aa16cde07dc153e	1bb0c43d94c24c8ca4709109d6cb7237	2019-12-03 09:02:57 +0300	2019-12-03 09:02:57 +0300	2019-12-03 13:59:00 +0300								n	0/1	0/100	1970-01-01 02:00:00 +0200
===== END
===== START
D	e5f946a2711d4039a4412e2c76bb634b	f329037ecdd643158e4c0884ae956bbe	2019-12-03 09:02:57 +0300	2019-12-03 09:02:57 +0300	2019-12-03 13:59:00 +0300								n	0/1	0/100	1970-01-01 02:00:00 +0200
===== END
===== START
D	047f443f94584747999f55f2c8a65ccb	093c893583a545dfb3f8b99d5c775138	2019-12-03 09:02:57 +0300	2019-12-03 09:02:57 +0300	2019-12-03 13:59:00 +0300								n	0/1	0/100	1970-01-01 02:00:00 +0200
===== END
===== START
D	6e802b791e2a4b47ade01f2460d60263	823f461f16c14224b0bb3449458013d3	2019-12-03 09:02:57 +0300	2019-12-03 09:02:57 +0300	2019-12-03 13:59:00 +0300								n	0/1	0/100	1970-01-01 02:00:00 +0200
===== END
