mod	trans_guid	split_guid	time_now	date_entered	date_posted	acc_guid	acc_name	num	description	notes	memo	action	reconciled	amount	value	date_reconciled
-----------------
===== START
D	17bb1eaf2c8546ab87d2f94dd0249673	4d2c367680874a368eb6e778f29b08a2	2019-12-03 13:41:37 +0300	2019-12-03 13:41:37 +0300	2019-12-03 13:59:00 +0300								n	0/1	0/100	1970-01-01 02:00:00 +0200
===== END
===== START
===== END
===== START
C	71e502ef6ad041bc8a21393ec126433b	a994f346a0fb45df9f3b4328048e6cb6	2019-12-03 13:45:32 +0300	2019-12-03 13:45:32 +0300	2019-12-03 13:59:00 +0300	b552133f27ab4c9cad6ba2bbca63b69f	100 540 Kasa Sanayi 240m2		2-2018 elektrik				n	-84614/100	-84614/100	1970-01-01 02:00:00 +0200
C	71e502ef6ad041bc8a21393ec126433b	b818a0996e9244cdaf4efd218a604cec	2019-12-03 13:45:32 +0300	2019-12-03 13:45:32 +0300	2019-12-03 13:59:00 +0300	c2b13be78e8048f7aae3ea7a912f6ef0	63 1 540 Sanayi 240 m2		2-2018 elektrik				n	84614/100	84614/100	1970-01-01 02:00:00 +0200
===== END
===== START
===== END
===== START
B	71e502ef6ad041bc8a21393ec126433b	b818a0996e9244cdaf4efd218a604cec	2019-12-03 13:45:51 +0300	2019-12-03 13:45:32 +0300	2019-12-03 13:59:00 +0300	c2b13be78e8048f7aae3ea7a912f6ef0	63 1 540 Sanayi 240 m2		2-2018 elektrik				n	84614/100	84614/100	1970-01-01 02:00:00 +0200
B	71e502ef6ad041bc8a21393ec126433b	a994f346a0fb45df9f3b4328048e6cb6	2019-12-03 13:45:51 +0300	2019-12-03 13:45:32 +0300	2019-12-03 13:59:00 +0300	b552133f27ab4c9cad6ba2bbca63b69f	100 540 Kasa Sanayi 240m2		2-2018 elektrik				n	-84614/100	-84614/100	1970-01-01 02:00:00 +0200
===== END
===== START
C	71e502ef6ad041bc8a21393ec126433b	b818a0996e9244cdaf4efd218a604cec	2019-12-03 13:45:51 +0300	2019-12-03 13:45:32 +0300	2019-12-03 13:59:00 +0300	c2b13be78e8048f7aae3ea7a912f6ef0	63 1 540 Sanayi 240 m2		2018-2019 10 elektrik				n	84614/100	84614/100	1970-01-01 02:00:00 +0200
C	71e502ef6ad041bc8a21393ec126433b	a994f346a0fb45df9f3b4328048e6cb6	2019-12-03 13:45:51 +0300	2019-12-03 13:45:32 +0300	2019-12-03 13:59:00 +0300	b552133f27ab4c9cad6ba2bbca63b69f	100 540 Kasa Sanayi 240m2		2018-2019 10 elektrik				n	-84614/100	-84614/100	1970-01-01 02:00:00 +0200
===== END
===== START
D	0023aac58dc545fca24a33e782be1728	fc0205d63d4744529c740588de39a718	2019-12-03 13:46:01 +0300	2019-12-03 13:46:01 +0300	2019-12-03 13:59:00 +0300								n	0/1	0/100	1970-01-01 02:00:00 +0200
===== END
===== START
===== END
===== START
B	71e502ef6ad041bc8a21393ec126433b	b818a0996e9244cdaf4efd218a604cec	2019-12-03 13:47:08 +0300	2019-12-03 13:45:32 +0300	2019-12-03 13:59:00 +0300	c2b13be78e8048f7aae3ea7a912f6ef0	63 1 540 Sanayi 240 m2		2018-2019 10 elektrik				n	84614/100	84614/100	1970-01-01 02:00:00 +0200
B	71e502ef6ad041bc8a21393ec126433b	a994f346a0fb45df9f3b4328048e6cb6	2019-12-03 13:47:08 +0300	2019-12-03 13:45:32 +0300	2019-12-03 13:59:00 +0300	b552133f27ab4c9cad6ba2bbca63b69f	100 540 Kasa Sanayi 240m2		2018-2019 10 elektrik				n	-84614/100	-84614/100	1970-01-01 02:00:00 +0200
===== END
===== START
C	71e502ef6ad041bc8a21393ec126433b	b818a0996e9244cdaf4efd218a604cec	2019-12-03 13:47:08 +0300	2019-12-03 13:45:32 +0300	2019-12-03 13:59:00 +0300	c2b13be78e8048f7aae3ea7a912f6ef0	63 1 540 Sanayi 240 m2		2018-2019 10 elektrik				n	96564/100	96564/100	1970-01-01 02:00:00 +0200
C	71e502ef6ad041bc8a21393ec126433b	a994f346a0fb45df9f3b4328048e6cb6	2019-12-03 13:47:08 +0300	2019-12-03 13:45:32 +0300	2019-12-03 13:59:00 +0300	b552133f27ab4c9cad6ba2bbca63b69f	100 540 Kasa Sanayi 240m2		2018-2019 10 elektrik				n	-96564/100	-96564/100	1970-01-01 02:00:00 +0200
===== END
===== START
C	d5b9a5e42ad64bb4a1db2031c6cc2a9d	4be84f8840e94180a48a85554f4b5af7	2019-12-03 13:49:12 +0300	2019-12-03 13:49:12 +0300	2019-12-03 13:59:00 +0300	b552133f27ab4c9cad6ba2bbca63b69f	100 540 Kasa Sanayi 240m2		2017-2018 su				n	-19761/100	-19761/100	1970-01-01 02:00:00 +0200
C	d5b9a5e42ad64bb4a1db2031c6cc2a9d	54ba57a40f714743a02ff069fdd8422f	2019-12-03 13:49:12 +0300	2019-12-03 13:49:12 +0300	2019-12-03 13:59:00 +0300	c2b13be78e8048f7aae3ea7a912f6ef0	63 1 540 Sanayi 240 m2		2017-2018 su				n	19761/100	19761/100	1970-01-01 02:00:00 +0200
===== END
===== START
===== END
===== START
B	d5b9a5e42ad64bb4a1db2031c6cc2a9d	54ba57a40f714743a02ff069fdd8422f	2019-12-03 13:49:19 +0300	2019-12-03 13:49:12 +0300	2019-12-03 13:59:00 +0300	c2b13be78e8048f7aae3ea7a912f6ef0	63 1 540 Sanayi 240 m2		2017-2018 su				n	19761/100	19761/100	1970-01-01 02:00:00 +0200
B	d5b9a5e42ad64bb4a1db2031c6cc2a9d	4be84f8840e94180a48a85554f4b5af7	2019-12-03 13:49:19 +0300	2019-12-03 13:49:12 +0300	2019-12-03 13:59:00 +0300	b552133f27ab4c9cad6ba2bbca63b69f	100 540 Kasa Sanayi 240m2		2017-2018 su				n	-19761/100	-19761/100	1970-01-01 02:00:00 +0200
===== END
===== START
C	d5b9a5e42ad64bb4a1db2031c6cc2a9d	54ba57a40f714743a02ff069fdd8422f	2019-12-03 13:49:19 +0300	2019-12-03 13:49:12 +0300	2018-12-31 13:59:00 +0300	c2b13be78e8048f7aae3ea7a912f6ef0	63 1 540 Sanayi 240 m2		2017-2018 su				n	19761/100	19761/100	1970-01-01 02:00:00 +0200
C	d5b9a5e42ad64bb4a1db2031c6cc2a9d	4be84f8840e94180a48a85554f4b5af7	2019-12-03 13:49:19 +0300	2019-12-03 13:49:12 +0300	2018-12-31 13:59:00 +0300	b552133f27ab4c9cad6ba2bbca63b69f	100 540 Kasa Sanayi 240m2		2017-2018 su				n	-19761/100	-19761/100	1970-01-01 02:00:00 +0200
===== END
===== START
B	71e502ef6ad041bc8a21393ec126433b	b818a0996e9244cdaf4efd218a604cec	2019-12-03 13:49:35 +0300	2019-12-03 13:45:32 +0300	2019-12-03 13:59:00 +0300	c2b13be78e8048f7aae3ea7a912f6ef0	63 1 540 Sanayi 240 m2		2018-2019 10 elektrik				n	96564/100	96564/100	1970-01-01 02:00:00 +0200
B	71e502ef6ad041bc8a21393ec126433b	a994f346a0fb45df9f3b4328048e6cb6	2019-12-03 13:49:35 +0300	2019-12-03 13:45:32 +0300	2019-12-03 13:59:00 +0300	b552133f27ab4c9cad6ba2bbca63b69f	100 540 Kasa Sanayi 240m2		2018-2019 10 elektrik				n	-96564/100	-96564/100	1970-01-01 02:00:00 +0200
===== END
===== START
C	71e502ef6ad041bc8a21393ec126433b	b818a0996e9244cdaf4efd218a604cec	2019-12-03 13:49:35 +0300	2019-12-03 13:45:32 +0300	2019-10-31 13:59:00 +0300	c2b13be78e8048f7aae3ea7a912f6ef0	63 1 540 Sanayi 240 m2		2018-2019 10 elektrik				n	96564/100	96564/100	1970-01-01 02:00:00 +0200
C	71e502ef6ad041bc8a21393ec126433b	a994f346a0fb45df9f3b4328048e6cb6	2019-12-03 13:49:35 +0300	2019-12-03 13:45:32 +0300	2019-10-31 13:59:00 +0300	b552133f27ab4c9cad6ba2bbca63b69f	100 540 Kasa Sanayi 240m2		2018-2019 10 elektrik				n	-96564/100	-96564/100	1970-01-01 02:00:00 +0200
===== END
===== START
D	082a120740eb437d8a829816a7205b9e	ccfcd6ed06be4fb48e1cfce8e693d004	2019-12-03 13:52:43 +0300	2019-12-03 13:52:43 +0300	2019-12-03 13:59:00 +0300								n	0/1	0/100	1970-01-01 02:00:00 +0200
===== END
===== START
===== END
===== START
B	06237c04b04444898ba23bb4eaecc192	5f03f90b92a64b2981eb31469597d2ac	2019-12-03 13:53:03 +0300	2019-12-03 10:58:15 +0300	2019-12-03 13:59:00 +0300	c0ea84ee2fd44713bec1e698c0db141f	101 Alınan Çek-Senet		Oğuzhan Türkmen Teminat Senedi 				n	2220000/100	2220000/100	1970-01-01 02:00:00 +0200
B	06237c04b04444898ba23bb4eaecc192	0da170d5403a48c68fa910eeb0ab708b	2019-12-03 13:53:03 +0300	2019-12-03 10:58:15 +0300	2019-12-03 13:59:00 +0300	0e8d0d8561924dc198758fed58d1aa12	326 Alınan Depozito ve Teminatlar		Oğuzhan Türkmen Teminat Senedi 				n	-2220000/100	-2220000/100	1970-01-01 02:00:00 +0200
===== END
===== START
C	06237c04b04444898ba23bb4eaecc192	5f03f90b92a64b2981eb31469597d2ac	2019-12-03 13:53:03 +0300	2019-12-03 10:58:15 +0300	2019-03-01 13:59:00 +0300	c0ea84ee2fd44713bec1e698c0db141f	101 Alınan Çek-Senet		Oğuzhan Türkmen Teminat Senedi 				n	2220000/100	2220000/100	1970-01-01 02:00:00 +0200
C	06237c04b04444898ba23bb4eaecc192	0da170d5403a48c68fa910eeb0ab708b	2019-12-03 13:53:03 +0300	2019-12-03 10:58:15 +0300	2019-03-01 13:59:00 +0300	0e8d0d8561924dc198758fed58d1aa12	326 Alınan Depozito ve Teminatlar		Oğuzhan Türkmen Teminat Senedi 				n	-2220000/100	-2220000/100	1970-01-01 02:00:00 +0200
===== END
===== START
C	97f4ac4114194b5ea650f01f3eb1ed43	f8b9fc0714ea4ca4b3abfcfa53996a78	2019-12-03 13:54:09 +0300	2019-12-03 13:54:09 +0300	2018-06-20 13:59:00 +0300	c0ea84ee2fd44713bec1e698c0db141f	101 Alınan Çek-Senet						n	0/100	0/100	1970-01-01 02:00:00 +0200
===== END
===== START
===== END
===== START
B	97f4ac4114194b5ea650f01f3eb1ed43	f8b9fc0714ea4ca4b3abfcfa53996a78	2019-12-03 13:54:52 +0300	2019-12-03 13:54:09 +0300	2018-06-20 13:59:00 +0300	c0ea84ee2fd44713bec1e698c0db141f	101 Alınan Çek-Senet						n	0/100	0/100	1970-01-01 02:00:00 +0200
===== END
===== START
C	97f4ac4114194b5ea650f01f3eb1ed43	f8b9fc0714ea4ca4b3abfcfa53996a78	2019-12-03 13:54:52 +0300	2019-12-03 13:54:09 +0300	2018-06-20 13:59:00 +0300	c0ea84ee2fd44713bec1e698c0db141f	101 Alınan Çek-Senet		Özge Kahraman teminat senedi				n	863000/100	863000/100	1970-01-01 02:00:00 +0200
C	97f4ac4114194b5ea650f01f3eb1ed43	64b908ab949843caaeaabbd3f194a731	2019-12-03 13:54:52 +0300	2019-12-03 13:54:09 +0300	2018-06-20 13:59:00 +0300	0e8d0d8561924dc198758fed58d1aa12	326 Alınan Depozito ve Teminatlar		Özge Kahraman teminat senedi				n	-863000/100	-863000/100	1970-01-01 02:00:00 +0200
===== END
===== START
===== END
