mod	trans_guid	split_guid	time_now	date_entered	date_posted	acc_guid	acc_name	num	description	notes	memo	action	reconciled	amount	value	date_reconciled
-----------------
===== START
B	17ee9d62cbb542beadc3d740a5651f65	64d844fd3bd140adb789229553526b28	2019-11-21 13:39:11 +0300	2019-11-21 13:33:17 +0300	2019-11-21 13:59:00 +0300	d6f86156a93242cc994b54e04382956e	108 Eski Hesaplar Kasası						n	9595720/100	9595720/100	1970-01-01 02:00:00 +0200
B	17ee9d62cbb542beadc3d740a5651f65	d3cd9e10eb6c4677837e6a6d91f0a399	2019-11-21 13:39:11 +0300	2019-11-21 13:33:17 +0300	2019-11-21 13:59:00 +0300	3aa1ec8129524dc2bd8d898c2c0ecfcf	320 5 Selanik Mermer						n	-9595720/100	-9595720/100	1970-01-01 02:00:00 +0200
===== END
===== START
C	17ee9d62cbb542beadc3d740a5651f65	64d844fd3bd140adb789229553526b28	2019-11-21 13:39:11 +0300	2019-11-21 13:33:17 +0300	2018-12-31 13:59:00 +0300	d6f86156a93242cc994b54e04382956e	108 Eski Hesaplar Kasası						n	9595720/100	9595720/100	1970-01-01 02:00:00 +0200
C	17ee9d62cbb542beadc3d740a5651f65	d3cd9e10eb6c4677837e6a6d91f0a399	2019-11-21 13:39:11 +0300	2019-11-21 13:33:17 +0300	2018-12-31 13:59:00 +0300	3aa1ec8129524dc2bd8d898c2c0ecfcf	320 5 Selanik Mermer						n	-9595720/100	-9595720/100	1970-01-01 02:00:00 +0200
===== END
===== START
B	9038f09e2db2491fbadcdf9ba2fe9920	e22fd7be1b2c455dba683b82b2b25f4e	2019-11-21 13:39:19 +0300	2019-11-21 13:33:42 +0300	2019-11-21 13:59:00 +0300	d6f86156a93242cc994b54e04382956e	108 Eski Hesaplar Kasası						n	18417854/100	18417854/100	1970-01-01 02:00:00 +0200
B	9038f09e2db2491fbadcdf9ba2fe9920	13d5c1ec671f4d32a6e7de16e2ad8535	2019-11-21 13:39:19 +0300	2019-11-21 13:33:42 +0300	2019-11-21 13:59:00 +0300	3aa1ec8129524dc2bd8d898c2c0ecfcf	320 5 Selanik Mermer						n	-18417854/100	-18417854/100	1970-01-01 02:00:00 +0200
===== END
===== START
C	9038f09e2db2491fbadcdf9ba2fe9920	e22fd7be1b2c455dba683b82b2b25f4e	2019-11-21 13:39:19 +0300	2019-11-21 13:33:42 +0300	2018-12-31 13:59:00 +0300	d6f86156a93242cc994b54e04382956e	108 Eski Hesaplar Kasası						n	18417854/100	18417854/100	1970-01-01 02:00:00 +0200
C	9038f09e2db2491fbadcdf9ba2fe9920	13d5c1ec671f4d32a6e7de16e2ad8535	2019-11-21 13:39:19 +0300	2019-11-21 13:33:42 +0300	2018-12-31 13:59:00 +0300	3aa1ec8129524dc2bd8d898c2c0ecfcf	320 5 Selanik Mermer						n	-18417854/100	-18417854/100	1970-01-01 02:00:00 +0200
===== END
===== START
B	e4faa0fe480e4a778e658a8aefb88067	e49eed42ef19487bab2c40317b48b41c	2019-11-21 13:39:37 +0300	2019-11-21 13:35:11 +0300	2011-04-03 13:59:00 +0300	3aa1ec8129524dc2bd8d898c2c0ecfcf	320 5 Selanik Mermer						n	22014506/100	22014506/100	1970-01-01 02:00:00 +0200
B	e4faa0fe480e4a778e658a8aefb88067	500fd4caacd7432abb9a0be8fc638a97	2019-11-21 13:39:37 +0300	2019-11-21 13:35:11 +0300	2011-04-03 13:59:00 +0300	d6f86156a93242cc994b54e04382956e	108 Eski Hesaplar Kasası						n	-22014506/100	-22014506/100	1970-01-01 02:00:00 +0200
===== END
===== START
C	e4faa0fe480e4a778e658a8aefb88067	e49eed42ef19487bab2c40317b48b41c	2019-11-21 13:39:37 +0300	2019-11-21 13:35:11 +0300	2019-10-10 13:59:00 +0300	3aa1ec8129524dc2bd8d898c2c0ecfcf	320 5 Selanik Mermer						n	22014506/100	22014506/100	1970-01-01 02:00:00 +0200
C	e4faa0fe480e4a778e658a8aefb88067	500fd4caacd7432abb9a0be8fc638a97	2019-11-21 13:39:37 +0300	2019-11-21 13:35:11 +0300	2019-10-10 13:59:00 +0300	d6f86156a93242cc994b54e04382956e	108 Eski Hesaplar Kasası						n	-22014506/100	-22014506/100	1970-01-01 02:00:00 +0200
===== END
