mod	trans_guid	split_guid	time_now	date_entered	date_posted	acc_guid	acc_name	num	description	notes	memo	action	reconciled	amount	value	date_reconciled
-----------------
===== START
B	71e5e57d3097456a886283dcb87aa4ee	2508c3fa292544e8a52ab8834ae7795a	2019-12-31 09:18:39 +0300	2019-12-25 14:47:33 +0300	2019-12-25 13:59:00 +0300	f9df8197d3194edfb63f3ba2eb17ebf6	73bac7009a4c42788ff6c52b08151fe5		Tzg Kira Ödemesi Ocak 2020 - Salih Kaymak				n	0/1	0/100	1970-01-01 02:00:00 +0200
B	71e5e57d3097456a886283dcb87aa4ee	310b6dc8048c426d9af57db756b4eee4	2019-12-31 09:18:39 +0300	2019-12-25 14:47:33 +0300	2019-12-25 13:59:00 +0300	f9df8197d3194edfb63f3ba2eb17ebf6	73bac7009a4c42788ff6c52b08151fe5		Tzg Kira Ödemesi Ocak 2020 - Salih Kaymak				n	0/1	0/100	1970-01-01 02:00:00 +0200
===== END
===== START
R	71e5e57d3097456a886283dcb87aa4ee	2508c3fa292544e8a52ab8834ae7795a	2019-12-31 09:18:39 +0300	2019-12-25 14:47:33 +0300	2019-12-25 13:59:00 +0300	f9df8197d3194edfb63f3ba2eb17ebf6	73bac7009a4c42788ff6c52b08151fe5		Tzg Kira Ödemesi Ocak 2020 - Salih Kaymak				n	0/1	0/100	1970-01-01 02:00:00 +0200
R	71e5e57d3097456a886283dcb87aa4ee	310b6dc8048c426d9af57db756b4eee4	2019-12-31 09:18:39 +0300	2019-12-25 14:47:33 +0300	2019-12-25 13:59:00 +0300	f9df8197d3194edfb63f3ba2eb17ebf6	73bac7009a4c42788ff6c52b08151fe5		Tzg Kira Ödemesi Ocak 2020 - Salih Kaymak				n	0/1	0/100	1970-01-01 02:00:00 +0200
===== END
===== START
B	71e5e57d3097456a886283dcb87aa4ee	2508c3fa292544e8a52ab8834ae7795a	2019-12-31 09:18:39 +0300	2019-12-25 14:47:33 +0300	2019-12-25 13:59:00 +0300	f9df8197d3194edfb63f3ba2eb17ebf6	73bac7009a4c42788ff6c52b08151fe5		Tzg Kira Ödemesi Ocak 2020 - Salih Kaymak				n	0/1	0/100	1970-01-01 02:00:00 +0200
B	71e5e57d3097456a886283dcb87aa4ee	310b6dc8048c426d9af57db756b4eee4	2019-12-31 09:18:39 +0300	2019-12-25 14:47:33 +0300	2019-12-25 13:59:00 +0300	f9df8197d3194edfb63f3ba2eb17ebf6	73bac7009a4c42788ff6c52b08151fe5		Tzg Kira Ödemesi Ocak 2020 - Salih Kaymak				n	0/1	0/100	1970-01-01 02:00:00 +0200
===== END
===== START
R	71e5e57d3097456a886283dcb87aa4ee	2508c3fa292544e8a52ab8834ae7795a	2019-12-31 09:18:39 +0300	2019-12-25 14:47:33 +0300	2019-12-25 13:59:00 +0300	f9df8197d3194edfb63f3ba2eb17ebf6	73bac7009a4c42788ff6c52b08151fe5		Tzg Kira Ödemesi Ocak 2020 - Salih Kaymak				n	0/1	0/100	1970-01-01 02:00:00 +0200
R	71e5e57d3097456a886283dcb87aa4ee	310b6dc8048c426d9af57db756b4eee4	2019-12-31 09:18:39 +0300	2019-12-25 14:47:33 +0300	2019-12-25 13:59:00 +0300	f9df8197d3194edfb63f3ba2eb17ebf6	73bac7009a4c42788ff6c52b08151fe5		Tzg Kira Ödemesi Ocak 2020 - Salih Kaymak				n	0/1	0/100	1970-01-01 02:00:00 +0200
===== END
===== START
B	2bed39c3908745dc93b80b5cc0525f1c	68a35ea83e054a499b48485c2c784390	2019-12-31 09:18:39 +0300	2019-12-25 15:43:45 +0300	2019-12-25 13:59:00 +0300	dc915ca945be4e72ab274fdae19390c0	ba301b88a00f4cd6b3b7431e4a004386		2020 1/8 Sny55 Kira Bedeli				n	0/1	0/100	1970-01-01 02:00:00 +0200
B	2bed39c3908745dc93b80b5cc0525f1c	01b1322b286341f18f55ba4d2a213255	2019-12-31 09:18:39 +0300	2019-12-25 15:43:45 +0300	2019-12-25 13:59:00 +0300	dc915ca945be4e72ab274fdae19390c0	ba301b88a00f4cd6b3b7431e4a004386		2020 1/8 Sny55 Kira Bedeli				n	0/1	0/100	1970-01-01 02:00:00 +0200
===== END
===== START
R	2bed39c3908745dc93b80b5cc0525f1c	68a35ea83e054a499b48485c2c784390	2019-12-31 09:18:39 +0300	2019-12-25 15:43:45 +0300	2019-12-25 13:59:00 +0300	dc915ca945be4e72ab274fdae19390c0	ba301b88a00f4cd6b3b7431e4a004386		2020 1/8 Sny55 Kira Bedeli				n	0/1	0/100	1970-01-01 02:00:00 +0200
R	2bed39c3908745dc93b80b5cc0525f1c	01b1322b286341f18f55ba4d2a213255	2019-12-31 09:18:39 +0300	2019-12-25 15:43:45 +0300	2019-12-25 13:59:00 +0300	dc915ca945be4e72ab274fdae19390c0	ba301b88a00f4cd6b3b7431e4a004386		2020 1/8 Sny55 Kira Bedeli				n	0/1	0/100	1970-01-01 02:00:00 +0200
===== END
===== START
B	2bed39c3908745dc93b80b5cc0525f1c	68a35ea83e054a499b48485c2c784390	2019-12-31 09:18:39 +0300	2019-12-25 15:43:45 +0300	2019-12-25 13:59:00 +0300	dc915ca945be4e72ab274fdae19390c0	ba301b88a00f4cd6b3b7431e4a004386		2020 1/8 Sny55 Kira Bedeli				n	0/1	0/100	1970-01-01 02:00:00 +0200
B	2bed39c3908745dc93b80b5cc0525f1c	01b1322b286341f18f55ba4d2a213255	2019-12-31 09:18:39 +0300	2019-12-25 15:43:45 +0300	2019-12-25 13:59:00 +0300	dc915ca945be4e72ab274fdae19390c0	ba301b88a00f4cd6b3b7431e4a004386		2020 1/8 Sny55 Kira Bedeli				n	0/1	0/100	1970-01-01 02:00:00 +0200
===== END
===== START
R	2bed39c3908745dc93b80b5cc0525f1c	68a35ea83e054a499b48485c2c784390	2019-12-31 09:18:39 +0300	2019-12-25 15:43:45 +0300	2019-12-25 13:59:00 +0300	dc915ca945be4e72ab274fdae19390c0	ba301b88a00f4cd6b3b7431e4a004386		2020 1/8 Sny55 Kira Bedeli				n	0/1	0/100	1970-01-01 02:00:00 +0200
R	2bed39c3908745dc93b80b5cc0525f1c	01b1322b286341f18f55ba4d2a213255	2019-12-31 09:18:39 +0300	2019-12-25 15:43:45 +0300	2019-12-25 13:59:00 +0300	dc915ca945be4e72ab274fdae19390c0	ba301b88a00f4cd6b3b7431e4a004386		2020 1/8 Sny55 Kira Bedeli				n	0/1	0/100	1970-01-01 02:00:00 +0200
===== END
===== START
===== END
===== START
===== END
===== START
===== END
===== START
D	c234599a2dd646a38ff834324e2120f7	5d8b043a1d5141358fa4c4121aa022fd	2019-12-31 09:19:53 +0300	2019-12-31 09:19:53 +0300	2019-12-31 13:59:00 +0300								n	0/1	0/100	1970-01-01 02:00:00 +0200
===== END
===== START
D	d8b1166397d945afbd0b253a1d197e46	57f654ff7bfd4c1cbd98ef08b967444b	2019-12-31 09:20:02 +0300	2019-12-31 09:20:02 +0300	2019-12-31 13:59:00 +0300								n	0/1	0/100	1970-01-01 02:00:00 +0200
===== END
===== START
D	da12d7a2f3814d20b5998f2a771a704f	1804534c98ff493092d3915d6ca651b7	2019-12-31 09:20:03 +0300	2019-12-31 09:20:03 +0300	2019-12-31 13:59:00 +0300								n	0/1	0/100	1970-01-01 02:00:00 +0200
===== END
===== START
===== END
===== START
===== END
===== START
D	4359dbe5d8184dcc8586f1b801ba101e	c99f6db6f2844e7ca956490ed8cd453d	2019-12-31 09:28:45 +0300	2019-12-31 09:28:45 +0300	2019-12-31 13:59:00 +0300								n	0/1	0/100	1970-01-01 02:00:00 +0200
===== END
===== START
D	4604d0c230724a5c84ab4086d51c0f9f	4554695d01334d9abaccfea3b4a59512	2019-12-31 09:28:50 +0300	2019-12-31 09:28:50 +0300	2019-12-31 13:59:00 +0300								n	0/1	0/100	1970-01-01 02:00:00 +0200
===== END
===== START
===== END
===== START
D	0312351b7698495f9f347bf5e88bdada	5937fa25a1684f6496b2ec22677830d2	2019-12-31 09:35:06 +0300	2019-12-31 09:35:06 +0300	2019-12-31 13:59:00 +0300								n	0/1	0/100	1970-01-01 02:00:00 +0200
===== END
===== START
===== END
===== START
D	42d2bdba0b554e49932a580e91abd92e	ff40ad489c554b658ff8f06a8d2b358d	2019-12-31 13:44:33 +0300	2019-12-31 13:44:33 +0300	2019-12-31 13:59:00 +0300								n	0/1	0/100	1970-01-01 02:00:00 +0200
===== END
