mod	trans_guid	split_guid	time_now	date_entered	date_posted	acc_guid	acc_name	num	description	notes	memo	action	reconciled	amount	value	date_reconciled
-----------------
===== START
D	f4087d63fe7a4267995d6e34598f16c6	0f8d94079eac45ed87763f1a81e7c706	2019-12-03 13:25:41 +0300	2019-12-03 13:25:41 +0300	2019-12-03 13:59:00 +0300								n	0/1	0/100	1970-01-01 02:00:00 +0200
===== END
===== START
===== END
===== START
B	d0aa309713094bd78c67ff39fc8cce36	f8686bdcd55d4afaa8aecc79d176c358	2019-12-03 13:25:59 +0300	2019-12-03 13:24:59 +0300	2019-12-03 13:59:00 +0300	ae855cfae82747b1af13d5b8e68cbeb2	63 3 100 LS GM		2019-1 Gecikme Cezası Lise 278-265 				n	395/100	395/100	1970-01-01 02:00:00 +0200
B	d0aa309713094bd78c67ff39fc8cce36	408dbc7f149b465296665be1fcfbc1e9	2019-12-03 13:25:59 +0300	2019-12-03 13:24:59 +0300	2019-12-03 13:59:00 +0300	deabaef30fc841ac9337e26a874ae856	100 KASA		2019-1 Gecikme Cezası Lise 278-265 				n	-395/100	-395/100	1970-01-01 02:00:00 +0200
===== END
===== START
C	d0aa309713094bd78c67ff39fc8cce36	f8686bdcd55d4afaa8aecc79d176c358	2019-12-03 13:25:59 +0300	2019-12-03 13:24:59 +0300	2019-11-29 13:59:00 +0300	ae855cfae82747b1af13d5b8e68cbeb2	63 3 100 LS GM		2019-1 Gecikme Cezası Lise 278-265 				n	395/100	395/100	1970-01-01 02:00:00 +0200
C	d0aa309713094bd78c67ff39fc8cce36	408dbc7f149b465296665be1fcfbc1e9	2019-12-03 13:25:59 +0300	2019-12-03 13:24:59 +0300	2019-11-29 13:59:00 +0300	deabaef30fc841ac9337e26a874ae856	100 KASA		2019-1 Gecikme Cezası Lise 278-265 				n	-395/100	-395/100	1970-01-01 02:00:00 +0200
===== END
===== START
D	98beab1776a245f09446e562ca5979fc	65e67fe73952413f91a51f9ce24ac92d	2019-12-03 13:26:25 +0300	2019-12-03 13:26:25 +0300	2019-12-03 13:59:00 +0300								n	0/1	0/100	1970-01-01 02:00:00 +0200
===== END
===== START
===== END
===== START
D	6210aa33912b48528f47148f0757945f	d7b5e61a314c42a3bb08d95d2bfd2a16	2019-12-03 13:26:42 +0300	2019-12-03 13:26:42 +0300	2019-12-03 13:59:00 +0300								n	0/1	0/100	1970-01-01 02:00:00 +0200
===== END
===== START
C	524dfaa5c1cf4c34a3165ef914f8ff44	43f7e28f543d49c989f9c2627317e0bc	2019-12-03 13:26:55 +0300	2019-12-03 13:26:55 +0300	2019-12-03 13:59:00 +0300	934bf05ffa2d4c799d997056e2b65221	63 3 650 Arsa GM		2019-2 Arsa ve Kültür Vergisi KMBT Arsa 564-97				n	0/100	0/100	1970-01-01 02:00:00 +0200
===== END
===== START
===== END
===== START
B	524dfaa5c1cf4c34a3165ef914f8ff44	43f7e28f543d49c989f9c2627317e0bc	2019-12-03 13:27:02 +0300	2019-12-03 13:26:55 +0300	2019-12-03 13:59:00 +0300	934bf05ffa2d4c799d997056e2b65221	63 3 650 Arsa GM		2019-2 Arsa ve Kültür Vergisi KMBT Arsa 564-97				n	0/100	0/100	1970-01-01 02:00:00 +0200
===== END
===== START
C	524dfaa5c1cf4c34a3165ef914f8ff44	43f7e28f543d49c989f9c2627317e0bc	2019-12-03 13:27:02 +0300	2019-12-03 13:26:55 +0300	2019-11-02 13:59:00 +0300	934bf05ffa2d4c799d997056e2b65221	63 3 650 Arsa GM		2019-2 Arsa ve Kültür Vergisi KMBT Arsa 564-97				n	0/100	0/100	1970-01-01 02:00:00 +0200
===== END
===== START
B	524dfaa5c1cf4c34a3165ef914f8ff44	43f7e28f543d49c989f9c2627317e0bc	2019-12-03 13:27:53 +0300	2019-12-03 13:26:55 +0300	2019-11-02 13:59:00 +0300	934bf05ffa2d4c799d997056e2b65221	63 3 650 Arsa GM		2019-2 Arsa ve Kültür Vergisi KMBT Arsa 564-97				n	0/100	0/100	1970-01-01 02:00:00 +0200
===== END
===== START
C	524dfaa5c1cf4c34a3165ef914f8ff44	43f7e28f543d49c989f9c2627317e0bc	2019-12-03 13:27:53 +0300	2019-12-03 13:26:55 +0300	2019-11-02 13:59:00 +0300	934bf05ffa2d4c799d997056e2b65221	63 3 650 Arsa GM		2019-2 Arsa ve Kültür Vergisi KMBT Arsa 564-97				n	0/100	0/100	1970-01-01 02:00:00 +0200
C	524dfaa5c1cf4c34a3165ef914f8ff44	e7291e35a4594571b587dc8979c416e2	2019-12-03 13:27:53 +0300	2019-12-03 13:26:55 +0300	2019-11-02 13:59:00 +0300	deabaef30fc841ac9337e26a874ae856	100 KASA		2019-2 Arsa ve Kültür Vergisi KMBT Arsa 564-97				n	0/100	0/100	1970-01-01 02:00:00 +0200
===== END
===== START
C	4b7710c64e5748e08f44cd0bb7eaa4bc	cc2dc1b5ddea4537b3352070c42b9a9c	2019-12-03 13:27:57 +0300	2019-12-03 13:27:57 +0300	2019-12-03 13:59:00 +0300	934bf05ffa2d4c799d997056e2b65221	63 3 650 Arsa GM						n	25/100	25/100	1970-01-01 02:00:00 +0200
C	4b7710c64e5748e08f44cd0bb7eaa4bc	d9e1aea2304d4555ad7bd0b1072ab2c8	2019-12-03 13:27:57 +0300	2019-12-03 13:27:57 +0300	2019-12-03 13:59:00 +0300	3a63f12134c244fa86b69fbbccbba3e0	Açık-TRY						n	-25/100	-25/100	1970-01-01 02:00:00 +0200
===== END
===== START
===== END
===== START
B	524dfaa5c1cf4c34a3165ef914f8ff44	43f7e28f543d49c989f9c2627317e0bc	2019-12-03 13:28:03 +0300	2019-12-03 13:26:55 +0300	2019-11-02 13:59:00 +0300	934bf05ffa2d4c799d997056e2b65221	63 3 650 Arsa GM		2019-2 Arsa ve Kültür Vergisi KMBT Arsa 564-97				n	0/100	0/100	1970-01-01 02:00:00 +0200
B	524dfaa5c1cf4c34a3165ef914f8ff44	e7291e35a4594571b587dc8979c416e2	2019-12-03 13:28:03 +0300	2019-12-03 13:26:55 +0300	2019-11-02 13:59:00 +0300	deabaef30fc841ac9337e26a874ae856	100 KASA		2019-2 Arsa ve Kültür Vergisi KMBT Arsa 564-97				n	0/100	0/100	1970-01-01 02:00:00 +0200
===== END
===== START
C	524dfaa5c1cf4c34a3165ef914f8ff44	43f7e28f543d49c989f9c2627317e0bc	2019-12-03 13:28:03 +0300	2019-12-03 13:26:55 +0300	2019-11-02 13:59:00 +0300	934bf05ffa2d4c799d997056e2b65221	63 3 650 Arsa GM		2019-2 Arsa ve Kültür Vergisi KMBT Arsa 564-97				n	170/100	170/100	1970-01-01 02:00:00 +0200
C	524dfaa5c1cf4c34a3165ef914f8ff44	e7291e35a4594571b587dc8979c416e2	2019-12-03 13:28:03 +0300	2019-12-03 13:26:55 +0300	2019-11-02 13:59:00 +0300	deabaef30fc841ac9337e26a874ae856	100 KASA		2019-2 Arsa ve Kültür Vergisi KMBT Arsa 564-97				n	-170/100	-170/100	1970-01-01 02:00:00 +0200
===== END
===== START
B	4b7710c64e5748e08f44cd0bb7eaa4bc	cc2dc1b5ddea4537b3352070c42b9a9c	2019-12-03 13:28:06 +0300	2019-12-03 13:27:57 +0300	2019-12-03 13:59:00 +0300	934bf05ffa2d4c799d997056e2b65221	63 3 650 Arsa GM						n	25/100	25/100	1970-01-01 02:00:00 +0200
B	4b7710c64e5748e08f44cd0bb7eaa4bc	d9e1aea2304d4555ad7bd0b1072ab2c8	2019-12-03 13:28:06 +0300	2019-12-03 13:27:57 +0300	2019-12-03 13:59:00 +0300	3a63f12134c244fa86b69fbbccbba3e0	Açık-TRY						n	-25/100	-25/100	1970-01-01 02:00:00 +0200
===== END
===== START
C	4b7710c64e5748e08f44cd0bb7eaa4bc	cc2dc1b5ddea4537b3352070c42b9a9c	2019-12-03 13:28:06 +0300	2019-12-03 13:27:57 +0300	2019-12-03 13:59:00 +0300	934bf05ffa2d4c799d997056e2b65221	63 3 650 Arsa GM						n	25/100	25/100	1970-01-01 02:00:00 +0200
C	4b7710c64e5748e08f44cd0bb7eaa4bc	d9e1aea2304d4555ad7bd0b1072ab2c8	2019-12-03 13:28:06 +0300	2019-12-03 13:27:57 +0300	2019-12-03 13:59:00 +0300	deabaef30fc841ac9337e26a874ae856	100 KASA						n	-25/100	-25/100	1970-01-01 02:00:00 +0200
===== END
===== START
B	4b7710c64e5748e08f44cd0bb7eaa4bc	cc2dc1b5ddea4537b3352070c42b9a9c	2019-12-03 13:28:21 +0300	2019-12-03 13:27:57 +0300	2019-12-03 13:59:00 +0300	934bf05ffa2d4c799d997056e2b65221	63 3 650 Arsa GM						n	25/100	25/100	1970-01-01 02:00:00 +0200
B	4b7710c64e5748e08f44cd0bb7eaa4bc	d9e1aea2304d4555ad7bd0b1072ab2c8	2019-12-03 13:28:21 +0300	2019-12-03 13:27:57 +0300	2019-12-03 13:59:00 +0300	deabaef30fc841ac9337e26a874ae856	100 KASA						n	-25/100	-25/100	1970-01-01 02:00:00 +0200
===== END
===== START
C	4b7710c64e5748e08f44cd0bb7eaa4bc	cc2dc1b5ddea4537b3352070c42b9a9c	2019-12-03 13:28:21 +0300	2019-12-03 13:27:57 +0300	2019-12-03 13:59:00 +0300	934bf05ffa2d4c799d997056e2b65221	63 3 650 Arsa GM		2019-1 Gecikme KMBT Arsa 564-97				n	25/100	25/100	1970-01-01 02:00:00 +0200
C	4b7710c64e5748e08f44cd0bb7eaa4bc	d9e1aea2304d4555ad7bd0b1072ab2c8	2019-12-03 13:28:21 +0300	2019-12-03 13:27:57 +0300	2019-12-03 13:59:00 +0300	deabaef30fc841ac9337e26a874ae856	100 KASA		2019-1 Gecikme KMBT Arsa 564-97				n	-25/100	-25/100	1970-01-01 02:00:00 +0200
===== END
===== START
D	5e125e58f80e42ba8e4601551140e5b2	02100b62f42d441399287ff90fa7354f	2019-12-03 13:28:28 +0300	2019-12-03 13:28:28 +0300	2019-12-03 13:59:00 +0300								n	0/1	0/100	1970-01-01 02:00:00 +0200
===== END
===== START
C	128680914113446ab36a6577fc7b3653	d5e6ba298885457c8898bf189ebe6998	2019-12-03 13:28:50 +0300	2019-12-03 13:28:50 +0300	2019-12-03 13:59:00 +0300	ec2c6efa2fdb48b5afd945c7477b42d9	63 3 610 Daire1 GM						n	0/100	0/100	1970-01-01 02:00:00 +0200
===== END
===== START
===== END
===== START
B	128680914113446ab36a6577fc7b3653	d5e6ba298885457c8898bf189ebe6998	2019-12-03 13:28:54 +0300	2019-12-03 13:28:50 +0300	2019-12-03 13:59:00 +0300	ec2c6efa2fdb48b5afd945c7477b42d9	63 3 610 Daire1 GM						n	0/100	0/100	1970-01-01 02:00:00 +0200
===== END
===== START
C	128680914113446ab36a6577fc7b3653	d5e6ba298885457c8898bf189ebe6998	2019-12-03 13:28:54 +0300	2019-12-03 13:28:50 +0300	2019-11-29 13:59:00 +0300	ec2c6efa2fdb48b5afd945c7477b42d9	63 3 610 Daire1 GM						n	0/100	0/100	1970-01-01 02:00:00 +0200
===== END
===== START
C	304ec6302b69464890506f097c90c15b	445e4ff63d954bf4a824c9e77d041276	2019-12-03 13:28:58 +0300	2019-12-03 13:28:58 +0300	2019-11-29 13:59:00 +0300	ec2c6efa2fdb48b5afd945c7477b42d9	63 3 610 Daire1 GM						n	0/100	0/100	1970-01-01 02:00:00 +0200
===== END
===== START
===== END
===== START
B	304ec6302b69464890506f097c90c15b	445e4ff63d954bf4a824c9e77d041276	2019-12-03 13:29:02 +0300	2019-12-03 13:28:58 +0300	2019-11-29 13:59:00 +0300	ec2c6efa2fdb48b5afd945c7477b42d9	63 3 610 Daire1 GM						n	0/100	0/100	1970-01-01 02:00:00 +0200
===== END
===== START
C	304ec6302b69464890506f097c90c15b	445e4ff63d954bf4a824c9e77d041276	2019-12-03 13:29:02 +0300	2019-12-03 13:28:58 +0300	2019-11-29 13:59:00 +0300	ec2c6efa2fdb48b5afd945c7477b42d9	63 3 610 Daire1 GM						n	330/100	330/100	1970-01-01 02:00:00 +0200
C	304ec6302b69464890506f097c90c15b	7fb3bff9ebb8430d975fb888822d265c	2019-12-03 13:29:02 +0300	2019-12-03 13:28:58 +0300	2019-11-29 13:59:00 +0300	3a63f12134c244fa86b69fbbccbba3e0	Açık-TRY						n	-330/100	-330/100	1970-01-01 02:00:00 +0200
===== END
===== START
B	128680914113446ab36a6577fc7b3653	d5e6ba298885457c8898bf189ebe6998	2019-12-03 13:29:08 +0300	2019-12-03 13:28:50 +0300	2019-11-29 13:59:00 +0300	ec2c6efa2fdb48b5afd945c7477b42d9	63 3 610 Daire1 GM						n	0/100	0/100	1970-01-01 02:00:00 +0200
===== END
===== START
C	128680914113446ab36a6577fc7b3653	d5e6ba298885457c8898bf189ebe6998	2019-12-03 13:29:08 +0300	2019-12-03 13:28:50 +0300	2019-11-29 13:59:00 +0300	ec2c6efa2fdb48b5afd945c7477b42d9	63 3 610 Daire1 GM						n	2420/100	2420/100	1970-01-01 02:00:00 +0200
C	128680914113446ab36a6577fc7b3653	9507cfb099de4c90b858f521e7af1c85	2019-12-03 13:29:08 +0300	2019-12-03 13:28:50 +0300	2019-11-29 13:59:00 +0300	deabaef30fc841ac9337e26a874ae856	100 KASA						n	-2420/100	-2420/100	1970-01-01 02:00:00 +0200
===== END
===== START
B	304ec6302b69464890506f097c90c15b	445e4ff63d954bf4a824c9e77d041276	2019-12-03 13:29:13 +0300	2019-12-03 13:28:58 +0300	2019-11-29 13:59:00 +0300	ec2c6efa2fdb48b5afd945c7477b42d9	63 3 610 Daire1 GM						n	330/100	330/100	1970-01-01 02:00:00 +0200
B	304ec6302b69464890506f097c90c15b	7fb3bff9ebb8430d975fb888822d265c	2019-12-03 13:29:13 +0300	2019-12-03 13:28:58 +0300	2019-11-29 13:59:00 +0300	3a63f12134c244fa86b69fbbccbba3e0	Açık-TRY						n	-330/100	-330/100	1970-01-01 02:00:00 +0200
===== END
===== START
C	304ec6302b69464890506f097c90c15b	445e4ff63d954bf4a824c9e77d041276	2019-12-03 13:29:13 +0300	2019-12-03 13:28:58 +0300	2019-11-29 13:59:00 +0300	ec2c6efa2fdb48b5afd945c7477b42d9	63 3 610 Daire1 GM						n	330/100	330/100	1970-01-01 02:00:00 +0200
C	304ec6302b69464890506f097c90c15b	7fb3bff9ebb8430d975fb888822d265c	2019-12-03 13:29:13 +0300	2019-12-03 13:28:58 +0300	2019-11-29 13:59:00 +0300	deabaef30fc841ac9337e26a874ae856	100 KASA						n	-330/100	-330/100	1970-01-01 02:00:00 +0200
===== END
===== START
B	128680914113446ab36a6577fc7b3653	d5e6ba298885457c8898bf189ebe6998	2019-12-03 13:29:17 +0300	2019-12-03 13:28:50 +0300	2019-11-29 13:59:00 +0300	ec2c6efa2fdb48b5afd945c7477b42d9	63 3 610 Daire1 GM						n	2420/100	2420/100	1970-01-01 02:00:00 +0200
B	128680914113446ab36a6577fc7b3653	9507cfb099de4c90b858f521e7af1c85	2019-12-03 13:29:17 +0300	2019-12-03 13:28:50 +0300	2019-11-29 13:59:00 +0300	deabaef30fc841ac9337e26a874ae856	100 KASA						n	-2420/100	-2420/100	1970-01-01 02:00:00 +0200
===== END
===== START
C	128680914113446ab36a6577fc7b3653	d5e6ba298885457c8898bf189ebe6998	2019-12-03 13:29:17 +0300	2019-12-03 13:28:50 +0300	2019-11-29 13:59:00 +0300	ec2c6efa2fdb48b5afd945c7477b42d9	63 3 610 Daire1 GM		2019-1 Arsa ve Kültür Vergisi KMBT D1 564-35 				n	2420/100	2420/100	1970-01-01 02:00:00 +0200
C	128680914113446ab36a6577fc7b3653	9507cfb099de4c90b858f521e7af1c85	2019-12-03 13:29:17 +0300	2019-12-03 13:28:50 +0300	2019-11-29 13:59:00 +0300	deabaef30fc841ac9337e26a874ae856	100 KASA		2019-1 Arsa ve Kültür Vergisi KMBT D1 564-35 				n	-2420/100	-2420/100	1970-01-01 02:00:00 +0200
===== END
===== START
B	304ec6302b69464890506f097c90c15b	445e4ff63d954bf4a824c9e77d041276	2019-12-03 13:29:17 +0300	2019-12-03 13:28:58 +0300	2019-11-29 13:59:00 +0300	ec2c6efa2fdb48b5afd945c7477b42d9	63 3 610 Daire1 GM						n	330/100	330/100	1970-01-01 02:00:00 +0200
B	304ec6302b69464890506f097c90c15b	7fb3bff9ebb8430d975fb888822d265c	2019-12-03 13:29:17 +0300	2019-12-03 13:28:58 +0300	2019-11-29 13:59:00 +0300	deabaef30fc841ac9337e26a874ae856	100 KASA						n	-330/100	-330/100	1970-01-01 02:00:00 +0200
===== END
===== START
C	304ec6302b69464890506f097c90c15b	445e4ff63d954bf4a824c9e77d041276	2019-12-03 13:29:17 +0300	2019-12-03 13:28:58 +0300	2019-11-29 13:59:00 +0300	ec2c6efa2fdb48b5afd945c7477b42d9	63 3 610 Daire1 GM		2019-1 Arsa ve Kültür Vergisi KMBT D1 564-35 				n	330/100	330/100	1970-01-01 02:00:00 +0200
C	304ec6302b69464890506f097c90c15b	7fb3bff9ebb8430d975fb888822d265c	2019-12-03 13:29:17 +0300	2019-12-03 13:28:58 +0300	2019-11-29 13:59:00 +0300	deabaef30fc841ac9337e26a874ae856	100 KASA		2019-1 Arsa ve Kültür Vergisi KMBT D1 564-35 				n	-330/100	-330/100	1970-01-01 02:00:00 +0200
===== END
===== START
B	304ec6302b69464890506f097c90c15b	445e4ff63d954bf4a824c9e77d041276	2019-12-03 13:29:28 +0300	2019-12-03 13:28:58 +0300	2019-11-29 13:59:00 +0300	ec2c6efa2fdb48b5afd945c7477b42d9	63 3 610 Daire1 GM		2019-1 Arsa ve Kültür Vergisi KMBT D1 564-35 				n	330/100	330/100	1970-01-01 02:00:00 +0200
B	304ec6302b69464890506f097c90c15b	7fb3bff9ebb8430d975fb888822d265c	2019-12-03 13:29:28 +0300	2019-12-03 13:28:58 +0300	2019-11-29 13:59:00 +0300	deabaef30fc841ac9337e26a874ae856	100 KASA		2019-1 Arsa ve Kültür Vergisi KMBT D1 564-35 				n	-330/100	-330/100	1970-01-01 02:00:00 +0200
===== END
===== START
C	304ec6302b69464890506f097c90c15b	445e4ff63d954bf4a824c9e77d041276	2019-12-03 13:29:28 +0300	2019-12-03 13:28:58 +0300	2019-11-29 13:59:00 +0300	ec2c6efa2fdb48b5afd945c7477b42d9	63 3 610 Daire1 GM		2019-1 Gecikme KMBT D1 564-35 				n	330/100	330/100	1970-01-01 02:00:00 +0200
C	304ec6302b69464890506f097c90c15b	7fb3bff9ebb8430d975fb888822d265c	2019-12-03 13:29:28 +0300	2019-12-03 13:28:58 +0300	2019-11-29 13:59:00 +0300	deabaef30fc841ac9337e26a874ae856	100 KASA		2019-1 Gecikme KMBT D1 564-35 				n	-330/100	-330/100	1970-01-01 02:00:00 +0200
===== END
===== START
B	128680914113446ab36a6577fc7b3653	d5e6ba298885457c8898bf189ebe6998	2019-12-03 13:29:34 +0300	2019-12-03 13:28:50 +0300	2019-11-29 13:59:00 +0300	ec2c6efa2fdb48b5afd945c7477b42d9	63 3 610 Daire1 GM		2019-1 Arsa ve Kültür Vergisi KMBT D1 564-35 				n	2420/100	2420/100	1970-01-01 02:00:00 +0200
B	128680914113446ab36a6577fc7b3653	9507cfb099de4c90b858f521e7af1c85	2019-12-03 13:29:34 +0300	2019-12-03 13:28:50 +0300	2019-11-29 13:59:00 +0300	deabaef30fc841ac9337e26a874ae856	100 KASA		2019-1 Arsa ve Kültür Vergisi KMBT D1 564-35 				n	-2420/100	-2420/100	1970-01-01 02:00:00 +0200
===== END
===== START
C	128680914113446ab36a6577fc7b3653	d5e6ba298885457c8898bf189ebe6998	2019-12-03 13:29:34 +0300	2019-12-03 13:28:50 +0300	2019-11-29 13:59:00 +0300	ec2c6efa2fdb48b5afd945c7477b42d9	63 3 610 Daire1 GM		2019-2 Arsa ve Kültür Vergisi KMBT D1 564-35 				n	2420/100	2420/100	1970-01-01 02:00:00 +0200
C	128680914113446ab36a6577fc7b3653	9507cfb099de4c90b858f521e7af1c85	2019-12-03 13:29:34 +0300	2019-12-03 13:28:50 +0300	2019-11-29 13:59:00 +0300	deabaef30fc841ac9337e26a874ae856	100 KASA		2019-2 Arsa ve Kültür Vergisi KMBT D1 564-35 				n	-2420/100	-2420/100	1970-01-01 02:00:00 +0200
===== END
===== START
D	989ff1f0f24a4f23b9de1c8231744b68	8ac8dd3909c34d239c93e2e53f2cb89d	2019-12-03 13:29:47 +0300	2019-12-03 13:29:47 +0300	2019-11-29 13:59:00 +0300								n	0/1	0/100	1970-01-01 02:00:00 +0200
===== END
===== START
C	02701fef3aea478ebc9b0d4812321b51	6a47a8bd3c9a4b059addce9ba90fbb91	2019-12-03 13:29:58 +0300	2019-12-03 13:29:58 +0300	2019-12-03 13:59:00 +0300	8e45d2c5668b48c08fcb0efacd13c1ec	63 3 300 DGS GM		2019-1 Arsa ve Kültür Vergisi Hızarhane 390-89				n	0/100	0/100	1970-01-01 02:00:00 +0200
===== END
===== START
===== END
===== START
C	79b6383d164f4dad944a2d048c9dcdbc	8ee8a8baf5a44b78aeea41a347540904	2019-12-03 13:30:04 +0300	2019-12-03 13:30:03 +0300	2019-12-03 13:59:00 +0300	8e45d2c5668b48c08fcb0efacd13c1ec	63 3 300 DGS GM		2019-1 Arsa ve Kültür Vergisi Hızarhane 390-89				n	0/100	0/100	1970-01-01 02:00:00 +0200
===== END
===== START
===== END
===== START
B	02701fef3aea478ebc9b0d4812321b51	6a47a8bd3c9a4b059addce9ba90fbb91	2019-12-03 13:30:08 +0300	2019-12-03 13:29:58 +0300	2019-12-03 13:59:00 +0300	8e45d2c5668b48c08fcb0efacd13c1ec	63 3 300 DGS GM		2019-1 Arsa ve Kültür Vergisi Hızarhane 390-89				n	0/100	0/100	1970-01-01 02:00:00 +0200
===== END
===== START
C	02701fef3aea478ebc9b0d4812321b51	6a47a8bd3c9a4b059addce9ba90fbb91	2019-12-03 13:30:08 +0300	2019-12-03 13:29:58 +0300	2019-12-03 13:59:00 +0300	8e45d2c5668b48c08fcb0efacd13c1ec	63 3 300 DGS GM		2019-1 Arsa ve Kültür Vergisi Hızarhane 390-89				n	7480/100	7480/100	1970-01-01 02:00:00 +0200
C	02701fef3aea478ebc9b0d4812321b51	0787665af1ab4b17bde0d5fbe8d31ef4	2019-12-03 13:30:08 +0300	2019-12-03 13:29:58 +0300	2019-12-03 13:59:00 +0300	3a63f12134c244fa86b69fbbccbba3e0	Açık-TRY		2019-1 Arsa ve Kültür Vergisi Hızarhane 390-89				n	-7480/100	-7480/100	1970-01-01 02:00:00 +0200
===== END
===== START
B	02701fef3aea478ebc9b0d4812321b51	6a47a8bd3c9a4b059addce9ba90fbb91	2019-12-03 13:30:14 +0300	2019-12-03 13:29:58 +0300	2019-12-03 13:59:00 +0300	8e45d2c5668b48c08fcb0efacd13c1ec	63 3 300 DGS GM		2019-1 Arsa ve Kültür Vergisi Hızarhane 390-89				n	7480/100	7480/100	1970-01-01 02:00:00 +0200
B	02701fef3aea478ebc9b0d4812321b51	0787665af1ab4b17bde0d5fbe8d31ef4	2019-12-03 13:30:14 +0300	2019-12-03 13:29:58 +0300	2019-12-03 13:59:00 +0300	3a63f12134c244fa86b69fbbccbba3e0	Açık-TRY		2019-1 Arsa ve Kültür Vergisi Hızarhane 390-89				n	-7480/100	-7480/100	1970-01-01 02:00:00 +0200
===== END
===== START
C	02701fef3aea478ebc9b0d4812321b51	6a47a8bd3c9a4b059addce9ba90fbb91	2019-12-03 13:30:14 +0300	2019-12-03 13:29:58 +0300	2019-12-03 13:59:00 +0300	8e45d2c5668b48c08fcb0efacd13c1ec	63 3 300 DGS GM		2019-1 Arsa ve Kültür Vergisi Hızarhane 390-89				n	7480/100	7480/100	1970-01-01 02:00:00 +0200
C	02701fef3aea478ebc9b0d4812321b51	0787665af1ab4b17bde0d5fbe8d31ef4	2019-12-03 13:30:14 +0300	2019-12-03 13:29:58 +0300	2019-12-03 13:59:00 +0300	deabaef30fc841ac9337e26a874ae856	100 KASA		2019-1 Arsa ve Kültür Vergisi Hızarhane 390-89				n	-7480/100	-7480/100	1970-01-01 02:00:00 +0200
===== END
===== START
B	79b6383d164f4dad944a2d048c9dcdbc	8ee8a8baf5a44b78aeea41a347540904	2019-12-03 13:30:15 +0300	2019-12-03 13:30:03 +0300	2019-12-03 13:59:00 +0300	8e45d2c5668b48c08fcb0efacd13c1ec	63 3 300 DGS GM		2019-1 Arsa ve Kültür Vergisi Hızarhane 390-89				n	0/100	0/100	1970-01-01 02:00:00 +0200
===== END
===== START
C	79b6383d164f4dad944a2d048c9dcdbc	8ee8a8baf5a44b78aeea41a347540904	2019-12-03 13:30:15 +0300	2019-12-03 13:30:03 +0300	2019-12-03 13:59:00 +0300	8e45d2c5668b48c08fcb0efacd13c1ec	63 3 300 DGS GM		2019-1 Arsa ve Kültür Vergisi Hızarhane 390-89				n	0/100	0/100	1970-01-01 02:00:00 +0200
C	79b6383d164f4dad944a2d048c9dcdbc	ae39b4b8284b47cc88ec751a2691068d	2019-12-03 13:30:15 +0300	2019-12-03 13:30:03 +0300	2019-12-03 13:59:00 +0300	deabaef30fc841ac9337e26a874ae856	100 KASA		2019-1 Arsa ve Kültür Vergisi Hızarhane 390-89				n	0/100	0/100	1970-01-01 02:00:00 +0200
===== END
===== START
B	79b6383d164f4dad944a2d048c9dcdbc	8ee8a8baf5a44b78aeea41a347540904	2019-12-03 13:30:36 +0300	2019-12-03 13:30:03 +0300	2019-12-03 13:59:00 +0300	8e45d2c5668b48c08fcb0efacd13c1ec	63 3 300 DGS GM		2019-1 Arsa ve Kültür Vergisi Hızarhane 390-89				n	0/100	0/100	1970-01-01 02:00:00 +0200
B	79b6383d164f4dad944a2d048c9dcdbc	ae39b4b8284b47cc88ec751a2691068d	2019-12-03 13:30:36 +0300	2019-12-03 13:30:03 +0300	2019-12-03 13:59:00 +0300	deabaef30fc841ac9337e26a874ae856	100 KASA		2019-1 Arsa ve Kültür Vergisi Hızarhane 390-89				n	0/100	0/100	1970-01-01 02:00:00 +0200
===== END
===== START
C	79b6383d164f4dad944a2d048c9dcdbc	8ee8a8baf5a44b78aeea41a347540904	2019-12-03 13:30:36 +0300	2019-12-03 13:30:03 +0300	2019-12-03 13:59:00 +0300	8e45d2c5668b48c08fcb0efacd13c1ec	63 3 300 DGS GM		2019-1 Arsa ve Kültür Vergisi Hızarhane 390-89				n	440/100	440/100	1970-01-01 02:00:00 +0200
C	79b6383d164f4dad944a2d048c9dcdbc	ae39b4b8284b47cc88ec751a2691068d	2019-12-03 13:30:36 +0300	2019-12-03 13:30:03 +0300	2019-12-03 13:59:00 +0300	deabaef30fc841ac9337e26a874ae856	100 KASA		2019-1 Arsa ve Kültür Vergisi Hızarhane 390-89				n	-440/100	-440/100	1970-01-01 02:00:00 +0200
===== END
===== START
B	02701fef3aea478ebc9b0d4812321b51	6a47a8bd3c9a4b059addce9ba90fbb91	2019-12-03 13:30:43 +0300	2019-12-03 13:29:58 +0300	2019-12-03 13:59:00 +0300	8e45d2c5668b48c08fcb0efacd13c1ec	63 3 300 DGS GM		2019-1 Arsa ve Kültür Vergisi Hızarhane 390-89				n	7480/100	7480/100	1970-01-01 02:00:00 +0200
B	02701fef3aea478ebc9b0d4812321b51	0787665af1ab4b17bde0d5fbe8d31ef4	2019-12-03 13:30:43 +0300	2019-12-03 13:29:58 +0300	2019-12-03 13:59:00 +0300	deabaef30fc841ac9337e26a874ae856	100 KASA		2019-1 Arsa ve Kültür Vergisi Hızarhane 390-89				n	-7480/100	-7480/100	1970-01-01 02:00:00 +0200
===== END
===== START
C	02701fef3aea478ebc9b0d4812321b51	6a47a8bd3c9a4b059addce9ba90fbb91	2019-12-03 13:30:43 +0300	2019-12-03 13:29:58 +0300	2019-12-03 13:59:00 +0300	8e45d2c5668b48c08fcb0efacd13c1ec	63 3 300 DGS GM		2019-2 Arsa ve Kültür Vergisi Hızarhane 390-89				n	7480/100	7480/100	1970-01-01 02:00:00 +0200
C	02701fef3aea478ebc9b0d4812321b51	0787665af1ab4b17bde0d5fbe8d31ef4	2019-12-03 13:30:43 +0300	2019-12-03 13:29:58 +0300	2019-12-03 13:59:00 +0300	deabaef30fc841ac9337e26a874ae856	100 KASA		2019-2 Arsa ve Kültür Vergisi Hızarhane 390-89				n	-7480/100	-7480/100	1970-01-01 02:00:00 +0200
===== END
===== START
B	79b6383d164f4dad944a2d048c9dcdbc	8ee8a8baf5a44b78aeea41a347540904	2019-12-03 13:30:55 +0300	2019-12-03 13:30:03 +0300	2019-12-03 13:59:00 +0300	8e45d2c5668b48c08fcb0efacd13c1ec	63 3 300 DGS GM		2019-1 Arsa ve Kültür Vergisi Hızarhane 390-89				n	440/100	440/100	1970-01-01 02:00:00 +0200
B	79b6383d164f4dad944a2d048c9dcdbc	ae39b4b8284b47cc88ec751a2691068d	2019-12-03 13:30:55 +0300	2019-12-03 13:30:03 +0300	2019-12-03 13:59:00 +0300	deabaef30fc841ac9337e26a874ae856	100 KASA		2019-1 Arsa ve Kültür Vergisi Hızarhane 390-89				n	-440/100	-440/100	1970-01-01 02:00:00 +0200
===== END
===== START
C	79b6383d164f4dad944a2d048c9dcdbc	8ee8a8baf5a44b78aeea41a347540904	2019-12-03 13:30:55 +0300	2019-12-03 13:30:03 +0300	2019-12-03 13:59:00 +0300	8e45d2c5668b48c08fcb0efacd13c1ec	63 3 300 DGS GM		2019-1 Gecikme Hızarhane 390-89				n	440/100	440/100	1970-01-01 02:00:00 +0200
C	79b6383d164f4dad944a2d048c9dcdbc	ae39b4b8284b47cc88ec751a2691068d	2019-12-03 13:30:55 +0300	2019-12-03 13:30:03 +0300	2019-12-03 13:59:00 +0300	deabaef30fc841ac9337e26a874ae856	100 KASA		2019-1 Gecikme Hızarhane 390-89				n	-440/100	-440/100	1970-01-01 02:00:00 +0200
===== END
===== START
D	14327e34400b475d92d847bddad86a47	3b16102cdff84a85b1ad38942c280c1c	2019-12-03 13:30:58 +0300	2019-12-03 13:30:58 +0300	2019-12-03 13:59:00 +0300								n	0/1	0/100	1970-01-01 02:00:00 +0200
===== END
===== START
C	66f25adbbd2f4b5caa00e99a1e8fc0ae	bfea7d6873bf42a199d0df16e2924a0f	2019-12-03 13:31:16 +0300	2019-12-03 13:31:16 +0300	2019-12-03 13:59:00 +0300	21624753fb894589bc61a8c0dcefb690	63 3 620 Daire3 GM						n	0/100	0/100	1970-01-01 02:00:00 +0200
C	66f25adbbd2f4b5caa00e99a1e8fc0ae	e419a6354b744d319abb23a3adc355ec	2019-12-03 13:31:16 +0300	2019-12-03 13:31:16 +0300	2019-12-03 13:59:00 +0300	deabaef30fc841ac9337e26a874ae856	100 KASA						n	0/100	0/100	1970-01-01 02:00:00 +0200
===== END
===== START
===== END
===== START
C	f6f06bda02b84f8ea7a0280d516d717b	6d53e30e84af434eae6757d9c481c9e1	2019-12-03 13:31:20 +0300	2019-12-03 13:31:20 +0300	2019-12-03 13:59:00 +0300	21624753fb894589bc61a8c0dcefb690	63 3 620 Daire3 GM						n	0/100	0/100	1970-01-01 02:00:00 +0200
C	f6f06bda02b84f8ea7a0280d516d717b	e379c4d189c6473993b208835e6717ca	2019-12-03 13:31:20 +0300	2019-12-03 13:31:20 +0300	2019-12-03 13:59:00 +0300	deabaef30fc841ac9337e26a874ae856	100 KASA						n	0/100	0/100	1970-01-01 02:00:00 +0200
===== END
===== START
===== END
===== START
B	f6f06bda02b84f8ea7a0280d516d717b	6d53e30e84af434eae6757d9c481c9e1	2019-12-03 13:31:24 +0300	2019-12-03 13:31:20 +0300	2019-12-03 13:59:00 +0300	21624753fb894589bc61a8c0dcefb690	63 3 620 Daire3 GM						n	0/100	0/100	1970-01-01 02:00:00 +0200
B	f6f06bda02b84f8ea7a0280d516d717b	e379c4d189c6473993b208835e6717ca	2019-12-03 13:31:24 +0300	2019-12-03 13:31:20 +0300	2019-12-03 13:59:00 +0300	deabaef30fc841ac9337e26a874ae856	100 KASA						n	0/100	0/100	1970-01-01 02:00:00 +0200
===== END
===== START
C	f6f06bda02b84f8ea7a0280d516d717b	6d53e30e84af434eae6757d9c481c9e1	2019-12-03 13:31:24 +0300	2019-12-03 13:31:20 +0300	2019-12-03 13:59:00 +0300	21624753fb894589bc61a8c0dcefb690	63 3 620 Daire3 GM						n	330/100	330/100	1970-01-01 02:00:00 +0200
C	f6f06bda02b84f8ea7a0280d516d717b	e379c4d189c6473993b208835e6717ca	2019-12-03 13:31:24 +0300	2019-12-03 13:31:20 +0300	2019-12-03 13:59:00 +0300	deabaef30fc841ac9337e26a874ae856	100 KASA						n	-330/100	-330/100	1970-01-01 02:00:00 +0200
===== END
===== START
B	66f25adbbd2f4b5caa00e99a1e8fc0ae	bfea7d6873bf42a199d0df16e2924a0f	2019-12-03 13:31:26 +0300	2019-12-03 13:31:16 +0300	2019-12-03 13:59:00 +0300	21624753fb894589bc61a8c0dcefb690	63 3 620 Daire3 GM						n	0/100	0/100	1970-01-01 02:00:00 +0200
B	66f25adbbd2f4b5caa00e99a1e8fc0ae	e419a6354b744d319abb23a3adc355ec	2019-12-03 13:31:26 +0300	2019-12-03 13:31:16 +0300	2019-12-03 13:59:00 +0300	deabaef30fc841ac9337e26a874ae856	100 KASA						n	0/100	0/100	1970-01-01 02:00:00 +0200
===== END
===== START
C	66f25adbbd2f4b5caa00e99a1e8fc0ae	bfea7d6873bf42a199d0df16e2924a0f	2019-12-03 13:31:26 +0300	2019-12-03 13:31:16 +0300	2019-12-03 13:59:00 +0300	21624753fb894589bc61a8c0dcefb690	63 3 620 Daire3 GM						n	2420/100	2420/100	1970-01-01 02:00:00 +0200
C	66f25adbbd2f4b5caa00e99a1e8fc0ae	e419a6354b744d319abb23a3adc355ec	2019-12-03 13:31:26 +0300	2019-12-03 13:31:16 +0300	2019-12-03 13:59:00 +0300	deabaef30fc841ac9337e26a874ae856	100 KASA						n	-2420/100	-2420/100	1970-01-01 02:00:00 +0200
===== END
===== START
B	66f25adbbd2f4b5caa00e99a1e8fc0ae	bfea7d6873bf42a199d0df16e2924a0f	2019-12-03 13:31:32 +0300	2019-12-03 13:31:16 +0300	2019-12-03 13:59:00 +0300	21624753fb894589bc61a8c0dcefb690	63 3 620 Daire3 GM						n	2420/100	2420/100	1970-01-01 02:00:00 +0200
B	66f25adbbd2f4b5caa00e99a1e8fc0ae	e419a6354b744d319abb23a3adc355ec	2019-12-03 13:31:32 +0300	2019-12-03 13:31:16 +0300	2019-12-03 13:59:00 +0300	deabaef30fc841ac9337e26a874ae856	100 KASA						n	-2420/100	-2420/100	1970-01-01 02:00:00 +0200
===== END
===== START
C	66f25adbbd2f4b5caa00e99a1e8fc0ae	bfea7d6873bf42a199d0df16e2924a0f	2019-12-03 13:31:32 +0300	2019-12-03 13:31:16 +0300	2019-12-03 13:59:00 +0300	21624753fb894589bc61a8c0dcefb690	63 3 620 Daire3 GM		2019-1 Arsa ve Kültür Vergisi KMBT D1 564-35 				n	2420/100	2420/100	1970-01-01 02:00:00 +0200
C	66f25adbbd2f4b5caa00e99a1e8fc0ae	e419a6354b744d319abb23a3adc355ec	2019-12-03 13:31:32 +0300	2019-12-03 13:31:16 +0300	2019-12-03 13:59:00 +0300	deabaef30fc841ac9337e26a874ae856	100 KASA		2019-1 Arsa ve Kültür Vergisi KMBT D1 564-35 				n	-2420/100	-2420/100	1970-01-01 02:00:00 +0200
===== END
===== START
B	f6f06bda02b84f8ea7a0280d516d717b	6d53e30e84af434eae6757d9c481c9e1	2019-12-03 13:31:40 +0300	2019-12-03 13:31:20 +0300	2019-12-03 13:59:00 +0300	21624753fb894589bc61a8c0dcefb690	63 3 620 Daire3 GM						n	330/100	330/100	1970-01-01 02:00:00 +0200
B	f6f06bda02b84f8ea7a0280d516d717b	e379c4d189c6473993b208835e6717ca	2019-12-03 13:31:40 +0300	2019-12-03 13:31:20 +0300	2019-12-03 13:59:00 +0300	deabaef30fc841ac9337e26a874ae856	100 KASA						n	-330/100	-330/100	1970-01-01 02:00:00 +0200
===== END
===== START
C	f6f06bda02b84f8ea7a0280d516d717b	6d53e30e84af434eae6757d9c481c9e1	2019-12-03 13:31:40 +0300	2019-12-03 13:31:20 +0300	2019-12-03 13:59:00 +0300	21624753fb894589bc61a8c0dcefb690	63 3 620 Daire3 GM		2019-1 Gecikme KMBT D1 564-35 				n	330/100	330/100	1970-01-01 02:00:00 +0200
C	f6f06bda02b84f8ea7a0280d516d717b	e379c4d189c6473993b208835e6717ca	2019-12-03 13:31:40 +0300	2019-12-03 13:31:20 +0300	2019-12-03 13:59:00 +0300	deabaef30fc841ac9337e26a874ae856	100 KASA		2019-1 Gecikme KMBT D1 564-35 				n	-330/100	-330/100	1970-01-01 02:00:00 +0200
===== END
===== START
B	66f25adbbd2f4b5caa00e99a1e8fc0ae	bfea7d6873bf42a199d0df16e2924a0f	2019-12-03 13:31:44 +0300	2019-12-03 13:31:16 +0300	2019-12-03 13:59:00 +0300	21624753fb894589bc61a8c0dcefb690	63 3 620 Daire3 GM		2019-1 Arsa ve Kültür Vergisi KMBT D1 564-35 				n	2420/100	2420/100	1970-01-01 02:00:00 +0200
B	66f25adbbd2f4b5caa00e99a1e8fc0ae	e419a6354b744d319abb23a3adc355ec	2019-12-03 13:31:44 +0300	2019-12-03 13:31:16 +0300	2019-12-03 13:59:00 +0300	deabaef30fc841ac9337e26a874ae856	100 KASA		2019-1 Arsa ve Kültür Vergisi KMBT D1 564-35 				n	-2420/100	-2420/100	1970-01-01 02:00:00 +0200
===== END
===== START
C	66f25adbbd2f4b5caa00e99a1e8fc0ae	bfea7d6873bf42a199d0df16e2924a0f	2019-12-03 13:31:44 +0300	2019-12-03 13:31:16 +0300	2019-12-03 13:59:00 +0300	21624753fb894589bc61a8c0dcefb690	63 3 620 Daire3 GM		2019-2 Arsa ve Kültür Vergisi KMBT D1 564-35 				n	2420/100	2420/100	1970-01-01 02:00:00 +0200
C	66f25adbbd2f4b5caa00e99a1e8fc0ae	e419a6354b744d319abb23a3adc355ec	2019-12-03 13:31:44 +0300	2019-12-03 13:31:16 +0300	2019-12-03 13:59:00 +0300	deabaef30fc841ac9337e26a874ae856	100 KASA		2019-2 Arsa ve Kültür Vergisi KMBT D1 564-35 				n	-2420/100	-2420/100	1970-01-01 02:00:00 +0200
===== END
===== START
B	58c6286396e3434bae8f5502f3abd1dd	bb277079c51245f4b20b82e9e9faf327	2019-12-03 13:32:04 +0300	2019-12-03 13:18:46 +0300	2019-12-03 13:59:00 +0300	21624753fb894589bc61a8c0dcefb690	63 3 620 Daire3 GM		2019-1 Arsa ve Kültür Vergisi KMBT D1 564-35 				n	2420/100	2420/100	1970-01-01 02:00:00 +0200
B	58c6286396e3434bae8f5502f3abd1dd	d975173c572a4068b3f8938560dd88db	2019-12-03 13:32:04 +0300	2019-12-03 13:18:46 +0300	2019-12-03 13:59:00 +0300	deabaef30fc841ac9337e26a874ae856	100 KASA		2019-1 Arsa ve Kültür Vergisi KMBT D1 564-35 				n	-2420/100	-2420/100	1970-01-01 02:00:00 +0200
===== END
===== START
C	58c6286396e3434bae8f5502f3abd1dd	bb277079c51245f4b20b82e9e9faf327	2019-12-03 13:32:04 +0300	2019-12-03 13:18:46 +0300	2019-12-03 13:59:00 +0300	21624753fb894589bc61a8c0dcefb690	63 3 620 Daire3 GM		2019-1 Bina ve Kültür Vergisi KMBT D1 564-35 				n	2420/100	2420/100	1970-01-01 02:00:00 +0200
C	58c6286396e3434bae8f5502f3abd1dd	d975173c572a4068b3f8938560dd88db	2019-12-03 13:32:04 +0300	2019-12-03 13:18:46 +0300	2019-12-03 13:59:00 +0300	deabaef30fc841ac9337e26a874ae856	100 KASA		2019-1 Bina ve Kültür Vergisi KMBT D1 564-35 				n	-2420/100	-2420/100	1970-01-01 02:00:00 +0200
===== END
===== START
B	66f25adbbd2f4b5caa00e99a1e8fc0ae	bfea7d6873bf42a199d0df16e2924a0f	2019-12-03 13:32:16 +0300	2019-12-03 13:31:16 +0300	2019-12-03 13:59:00 +0300	21624753fb894589bc61a8c0dcefb690	63 3 620 Daire3 GM		2019-2 Arsa ve Kültür Vergisi KMBT D1 564-35 				n	2420/100	2420/100	1970-01-01 02:00:00 +0200
B	66f25adbbd2f4b5caa00e99a1e8fc0ae	e419a6354b744d319abb23a3adc355ec	2019-12-03 13:32:16 +0300	2019-12-03 13:31:16 +0300	2019-12-03 13:59:00 +0300	deabaef30fc841ac9337e26a874ae856	100 KASA		2019-2 Arsa ve Kültür Vergisi KMBT D1 564-35 				n	-2420/100	-2420/100	1970-01-01 02:00:00 +0200
===== END
===== START
C	66f25adbbd2f4b5caa00e99a1e8fc0ae	bfea7d6873bf42a199d0df16e2924a0f	2019-12-03 13:32:16 +0300	2019-12-03 13:31:16 +0300	2019-12-03 13:59:00 +0300	21624753fb894589bc61a8c0dcefb690	63 3 620 Daire3 GM		2019-2 Bina ve Kültür Vergisi KMBT D1 564-35 				n	2420/100	2420/100	1970-01-01 02:00:00 +0200
C	66f25adbbd2f4b5caa00e99a1e8fc0ae	e419a6354b744d319abb23a3adc355ec	2019-12-03 13:32:16 +0300	2019-12-03 13:31:16 +0300	2019-12-03 13:59:00 +0300	deabaef30fc841ac9337e26a874ae856	100 KASA		2019-2 Bina ve Kültür Vergisi KMBT D1 564-35 				n	-2420/100	-2420/100	1970-01-01 02:00:00 +0200
===== END
===== START
===== END
===== START
B	7877269f3f3e43c6a5203d86d506aca8	b9f9b74da07442a9b56ba4e2da30f799	2019-12-03 13:32:33 +0300	2019-12-03 13:15:37 +0300	2019-11-29 13:59:00 +0300	ec2c6efa2fdb48b5afd945c7477b42d9	63 3 610 Daire1 GM		2019-1 Arsa ve Kültür Vergisi KMBT D1 564-35 				n	2420/100	2420/100	1970-01-01 02:00:00 +0200
B	7877269f3f3e43c6a5203d86d506aca8	47fc4446fa724023a768c1d2f79940e3	2019-12-03 13:32:33 +0300	2019-12-03 13:15:37 +0300	2019-11-29 13:59:00 +0300	deabaef30fc841ac9337e26a874ae856	100 KASA		2019-1 Arsa ve Kültür Vergisi KMBT D1 564-35 				n	-2420/100	-2420/100	1970-01-01 02:00:00 +0200
===== END
===== START
C	7877269f3f3e43c6a5203d86d506aca8	b9f9b74da07442a9b56ba4e2da30f799	2019-12-03 13:32:33 +0300	2019-12-03 13:15:37 +0300	2019-11-29 13:59:00 +0300	ec2c6efa2fdb48b5afd945c7477b42d9	63 3 610 Daire1 GM		2019-1 Bina ve Kültür Vergisi KMBT D1 564-35 				n	2420/100	2420/100	1970-01-01 02:00:00 +0200
C	7877269f3f3e43c6a5203d86d506aca8	47fc4446fa724023a768c1d2f79940e3	2019-12-03 13:32:33 +0300	2019-12-03 13:15:37 +0300	2019-11-29 13:59:00 +0300	deabaef30fc841ac9337e26a874ae856	100 KASA		2019-1 Bina ve Kültür Vergisi KMBT D1 564-35 				n	-2420/100	-2420/100	1970-01-01 02:00:00 +0200
===== END
===== START
B	128680914113446ab36a6577fc7b3653	d5e6ba298885457c8898bf189ebe6998	2019-12-03 13:32:37 +0300	2019-12-03 13:28:50 +0300	2019-11-29 13:59:00 +0300	ec2c6efa2fdb48b5afd945c7477b42d9	63 3 610 Daire1 GM		2019-2 Arsa ve Kültür Vergisi KMBT D1 564-35 				n	2420/100	2420/100	1970-01-01 02:00:00 +0200
B	128680914113446ab36a6577fc7b3653	9507cfb099de4c90b858f521e7af1c85	2019-12-03 13:32:37 +0300	2019-12-03 13:28:50 +0300	2019-11-29 13:59:00 +0300	deabaef30fc841ac9337e26a874ae856	100 KASA		2019-2 Arsa ve Kültür Vergisi KMBT D1 564-35 				n	-2420/100	-2420/100	1970-01-01 02:00:00 +0200
===== END
===== START
C	128680914113446ab36a6577fc7b3653	d5e6ba298885457c8898bf189ebe6998	2019-12-03 13:32:37 +0300	2019-12-03 13:28:50 +0300	2019-11-29 13:59:00 +0300	ec2c6efa2fdb48b5afd945c7477b42d9	63 3 610 Daire1 GM		2019-2 Bina ve Kültür Vergisi KMBT D1 564-35 				n	2420/100	2420/100	1970-01-01 02:00:00 +0200
C	128680914113446ab36a6577fc7b3653	9507cfb099de4c90b858f521e7af1c85	2019-12-03 13:32:37 +0300	2019-12-03 13:28:50 +0300	2019-11-29 13:59:00 +0300	deabaef30fc841ac9337e26a874ae856	100 KASA		2019-2 Bina ve Kültür Vergisi KMBT D1 564-35 				n	-2420/100	-2420/100	1970-01-01 02:00:00 +0200
===== END
===== START
D	e02bc361751647c593098f78f1e441a7	a5ad4cf4cb7346dbb9a3bac45b80d2a4	2019-12-03 13:32:39 +0300	2019-12-03 13:32:39 +0300	2019-12-03 13:59:00 +0300								n	0/1	0/100	1970-01-01 02:00:00 +0200
===== END
===== START
D	d96767b75aab478ba640471e9a35a426	d9780773d3834652984870e7c6393013	2019-12-03 13:32:42 +0300	2019-12-03 13:32:42 +0300	2019-12-03 13:59:00 +0300								n	0/1	0/100	1970-01-01 02:00:00 +0200
===== END
===== START
C	78963e7f9e804498b35ee41f1274d5c0	b2918b73f36042b899b2c331e0071b17	2019-12-03 13:32:54 +0300	2019-12-03 13:32:54 +0300	2019-12-03 13:59:00 +0300	7438e25d27664316add73a2c0ab7fb32	63 3 210 AP arka GM						n	660/100	660/100	1970-01-01 02:00:00 +0200
C	78963e7f9e804498b35ee41f1274d5c0	1606cf6978004d5796563825889fe5e7	2019-12-03 13:32:54 +0300	2019-12-03 13:32:54 +0300	2019-12-03 13:59:00 +0300	deabaef30fc841ac9337e26a874ae856	100 KASA						n	-660/100	-660/100	1970-01-01 02:00:00 +0200
===== END
===== START
===== END
===== START
C	97fcf080e3334374b8bd1de4dbd785c4	2d4d6ad6c50d4e7eb17cb286f063cb58	2019-12-03 13:32:57 +0300	2019-12-03 13:32:57 +0300	2019-12-03 13:59:00 +0300	7438e25d27664316add73a2c0ab7fb32	63 3 210 AP arka GM						n	0/100	0/100	1970-01-01 02:00:00 +0200
C	97fcf080e3334374b8bd1de4dbd785c4	5398cda64ad54e27ad0c945c05bd6cd0	2019-12-03 13:32:57 +0300	2019-12-03 13:32:57 +0300	2019-12-03 13:59:00 +0300	deabaef30fc841ac9337e26a874ae856	100 KASA						n	0/100	0/100	1970-01-01 02:00:00 +0200
===== END
===== START
===== END
===== START
B	97fcf080e3334374b8bd1de4dbd785c4	2d4d6ad6c50d4e7eb17cb286f063cb58	2019-12-03 13:33:21 +0300	2019-12-03 13:32:57 +0300	2019-12-03 13:59:00 +0300	7438e25d27664316add73a2c0ab7fb32	63 3 210 AP arka GM						n	0/100	0/100	1970-01-01 02:00:00 +0200
B	97fcf080e3334374b8bd1de4dbd785c4	5398cda64ad54e27ad0c945c05bd6cd0	2019-12-03 13:33:21 +0300	2019-12-03 13:32:57 +0300	2019-12-03 13:59:00 +0300	deabaef30fc841ac9337e26a874ae856	100 KASA						n	0/100	0/100	1970-01-01 02:00:00 +0200
===== END
===== START
C	97fcf080e3334374b8bd1de4dbd785c4	2d4d6ad6c50d4e7eb17cb286f063cb58	2019-12-03 13:33:21 +0300	2019-12-03 13:32:57 +0300	2019-12-03 13:59:00 +0300	7438e25d27664316add73a2c0ab7fb32	63 3 210 AP arka GM						n	95/100	95/100	1970-01-01 02:00:00 +0200
C	97fcf080e3334374b8bd1de4dbd785c4	5398cda64ad54e27ad0c945c05bd6cd0	2019-12-03 13:33:21 +0300	2019-12-03 13:32:57 +0300	2019-12-03 13:59:00 +0300	deabaef30fc841ac9337e26a874ae856	100 KASA						n	-95/100	-95/100	1970-01-01 02:00:00 +0200
===== END
===== START
B	78963e7f9e804498b35ee41f1274d5c0	b2918b73f36042b899b2c331e0071b17	2019-12-03 13:33:24 +0300	2019-12-03 13:32:54 +0300	2019-12-03 13:59:00 +0300	7438e25d27664316add73a2c0ab7fb32	63 3 210 AP arka GM						n	660/100	660/100	1970-01-01 02:00:00 +0200
B	78963e7f9e804498b35ee41f1274d5c0	1606cf6978004d5796563825889fe5e7	2019-12-03 13:33:24 +0300	2019-12-03 13:32:54 +0300	2019-12-03 13:59:00 +0300	deabaef30fc841ac9337e26a874ae856	100 KASA						n	-660/100	-660/100	1970-01-01 02:00:00 +0200
===== END
===== START
C	78963e7f9e804498b35ee41f1274d5c0	b2918b73f36042b899b2c331e0071b17	2019-12-03 13:33:24 +0300	2019-12-03 13:32:54 +0300	2019-12-03 13:59:00 +0300	7438e25d27664316add73a2c0ab7fb32	63 3 210 AP arka GM		2019-1 Arsa ve Kültür Vergisi AP Arka Arsa 386-22 				n	660/100	660/100	1970-01-01 02:00:00 +0200
C	78963e7f9e804498b35ee41f1274d5c0	1606cf6978004d5796563825889fe5e7	2019-12-03 13:33:24 +0300	2019-12-03 13:32:54 +0300	2019-12-03 13:59:00 +0300	deabaef30fc841ac9337e26a874ae856	100 KASA		2019-1 Arsa ve Kültür Vergisi AP Arka Arsa 386-22 				n	-660/100	-660/100	1970-01-01 02:00:00 +0200
===== END
===== START
B	97fcf080e3334374b8bd1de4dbd785c4	2d4d6ad6c50d4e7eb17cb286f063cb58	2019-12-03 13:33:33 +0300	2019-12-03 13:32:57 +0300	2019-12-03 13:59:00 +0300	7438e25d27664316add73a2c0ab7fb32	63 3 210 AP arka GM						n	95/100	95/100	1970-01-01 02:00:00 +0200
B	97fcf080e3334374b8bd1de4dbd785c4	5398cda64ad54e27ad0c945c05bd6cd0	2019-12-03 13:33:33 +0300	2019-12-03 13:32:57 +0300	2019-12-03 13:59:00 +0300	deabaef30fc841ac9337e26a874ae856	100 KASA						n	-95/100	-95/100	1970-01-01 02:00:00 +0200
===== END
===== START
C	97fcf080e3334374b8bd1de4dbd785c4	2d4d6ad6c50d4e7eb17cb286f063cb58	2019-12-03 13:33:33 +0300	2019-12-03 13:32:57 +0300	2019-12-03 13:59:00 +0300	7438e25d27664316add73a2c0ab7fb32	63 3 210 AP arka GM		2019-1 Gecikme AP Arka Arsa 386-22 				n	95/100	95/100	1970-01-01 02:00:00 +0200
C	97fcf080e3334374b8bd1de4dbd785c4	5398cda64ad54e27ad0c945c05bd6cd0	2019-12-03 13:33:33 +0300	2019-12-03 13:32:57 +0300	2019-12-03 13:59:00 +0300	deabaef30fc841ac9337e26a874ae856	100 KASA		2019-1 Gecikme AP Arka Arsa 386-22 				n	-95/100	-95/100	1970-01-01 02:00:00 +0200
===== END
===== START
B	78963e7f9e804498b35ee41f1274d5c0	b2918b73f36042b899b2c331e0071b17	2019-12-03 13:33:37 +0300	2019-12-03 13:32:54 +0300	2019-12-03 13:59:00 +0300	7438e25d27664316add73a2c0ab7fb32	63 3 210 AP arka GM		2019-1 Arsa ve Kültür Vergisi AP Arka Arsa 386-22 				n	660/100	660/100	1970-01-01 02:00:00 +0200
B	78963e7f9e804498b35ee41f1274d5c0	1606cf6978004d5796563825889fe5e7	2019-12-03 13:33:37 +0300	2019-12-03 13:32:54 +0300	2019-12-03 13:59:00 +0300	deabaef30fc841ac9337e26a874ae856	100 KASA		2019-1 Arsa ve Kültür Vergisi AP Arka Arsa 386-22 				n	-660/100	-660/100	1970-01-01 02:00:00 +0200
===== END
===== START
C	78963e7f9e804498b35ee41f1274d5c0	b2918b73f36042b899b2c331e0071b17	2019-12-03 13:33:37 +0300	2019-12-03 13:32:54 +0300	2019-12-03 13:59:00 +0300	7438e25d27664316add73a2c0ab7fb32	63 3 210 AP arka GM		2019-2 Arsa ve Kültür Vergisi AP Arka Arsa 386-22 				n	660/100	660/100	1970-01-01 02:00:00 +0200
C	78963e7f9e804498b35ee41f1274d5c0	1606cf6978004d5796563825889fe5e7	2019-12-03 13:33:37 +0300	2019-12-03 13:32:54 +0300	2019-12-03 13:59:00 +0300	deabaef30fc841ac9337e26a874ae856	100 KASA		2019-2 Arsa ve Kültür Vergisi AP Arka Arsa 386-22 				n	-660/100	-660/100	1970-01-01 02:00:00 +0200
===== END
===== START
D	6d9a622ef08f4d6286a082e4f175c602	6b61be18453b4e808e1398d482bde180	2019-12-03 13:34:07 +0300	2019-12-03 13:34:07 +0300	2019-12-03 13:59:00 +0300								n	0/1	0/100	1970-01-01 02:00:00 +0200
===== END
===== START
C	a7605c178a2a4597bca5622aa72622c0	252fb910e2974a2ab6fbf6a684bce096	2019-12-03 13:34:13 +0300	2019-12-03 13:34:13 +0300	2019-12-03 13:59:00 +0300	104a7a63b68249ccb946717fe28d31a9	63 3 220 AP ön GM						n	0/100	0/100	1970-01-01 02:00:00 +0200
C	a7605c178a2a4597bca5622aa72622c0	db65724f931a4b46af18e8cece3c16b3	2019-12-03 13:34:13 +0300	2019-12-03 13:34:13 +0300	2019-12-03 13:59:00 +0300	deabaef30fc841ac9337e26a874ae856	100 KASA						n	0/100	0/100	1970-01-01 02:00:00 +0200
===== END
===== START
===== END
===== START
C	7db66009cfce483e85df9e43da319331	a021a67d9d884f53bf94fad0ee239941	2019-12-03 13:34:23 +0300	2019-12-03 13:34:21 +0300	2019-12-03 13:59:00 +0300	104a7a63b68249ccb946717fe28d31a9	63 3 220 AP ön GM						n	0/100	0/100	1970-01-01 02:00:00 +0200
C	7db66009cfce483e85df9e43da319331	49bc3ecfad4c47bda5f8d17346c9e758	2019-12-03 13:34:23 +0300	2019-12-03 13:34:21 +0300	2019-12-03 13:59:00 +0300	3a63f12134c244fa86b69fbbccbba3e0	Açık-TRY						n	0/100	0/100	1970-01-01 02:00:00 +0200
===== END
===== START
===== END
===== START
B	7db66009cfce483e85df9e43da319331	a021a67d9d884f53bf94fad0ee239941	2019-12-03 13:34:30 +0300	2019-12-03 13:34:21 +0300	2019-12-03 13:59:00 +0300	104a7a63b68249ccb946717fe28d31a9	63 3 220 AP ön GM						n	0/100	0/100	1970-01-01 02:00:00 +0200
B	7db66009cfce483e85df9e43da319331	49bc3ecfad4c47bda5f8d17346c9e758	2019-12-03 13:34:30 +0300	2019-12-03 13:34:21 +0300	2019-12-03 13:59:00 +0300	3a63f12134c244fa86b69fbbccbba3e0	Açık-TRY						n	0/100	0/100	1970-01-01 02:00:00 +0200
===== END
===== START
C	7db66009cfce483e85df9e43da319331	a021a67d9d884f53bf94fad0ee239941	2019-12-03 13:34:30 +0300	2019-12-03 13:34:21 +0300	2019-12-03 13:59:00 +0300	104a7a63b68249ccb946717fe28d31a9	63 3 220 AP ön GM						n	0/100	0/100	1970-01-01 02:00:00 +0200
C	7db66009cfce483e85df9e43da319331	49bc3ecfad4c47bda5f8d17346c9e758	2019-12-03 13:34:30 +0300	2019-12-03 13:34:21 +0300	2019-12-03 13:59:00 +0300	deabaef30fc841ac9337e26a874ae856	100 KASA						n	0/100	0/100	1970-01-01 02:00:00 +0200
===== END
===== START
B	a7605c178a2a4597bca5622aa72622c0	252fb910e2974a2ab6fbf6a684bce096	2019-12-03 13:34:34 +0300	2019-12-03 13:34:13 +0300	2019-12-03 13:59:00 +0300	104a7a63b68249ccb946717fe28d31a9	63 3 220 AP ön GM						n	0/100	0/100	1970-01-01 02:00:00 +0200
B	a7605c178a2a4597bca5622aa72622c0	db65724f931a4b46af18e8cece3c16b3	2019-12-03 13:34:34 +0300	2019-12-03 13:34:13 +0300	2019-12-03 13:59:00 +0300	deabaef30fc841ac9337e26a874ae856	100 KASA						n	0/100	0/100	1970-01-01 02:00:00 +0200
===== END
===== START
C	a7605c178a2a4597bca5622aa72622c0	252fb910e2974a2ab6fbf6a684bce096	2019-12-03 13:34:34 +0300	2019-12-03 13:34:13 +0300	2019-12-03 13:59:00 +0300	104a7a63b68249ccb946717fe28d31a9	63 3 220 AP ön GM						n	990/100	990/100	1970-01-01 02:00:00 +0200
C	a7605c178a2a4597bca5622aa72622c0	db65724f931a4b46af18e8cece3c16b3	2019-12-03 13:34:34 +0300	2019-12-03 13:34:13 +0300	2019-12-03 13:59:00 +0300	deabaef30fc841ac9337e26a874ae856	100 KASA						n	-990/100	-990/100	1970-01-01 02:00:00 +0200
===== END
===== START
B	7db66009cfce483e85df9e43da319331	a021a67d9d884f53bf94fad0ee239941	2019-12-03 13:35:35 +0300	2019-12-03 13:34:21 +0300	2019-12-03 13:59:00 +0300	104a7a63b68249ccb946717fe28d31a9	63 3 220 AP ön GM						n	0/100	0/100	1970-01-01 02:00:00 +0200
B	7db66009cfce483e85df9e43da319331	49bc3ecfad4c47bda5f8d17346c9e758	2019-12-03 13:35:35 +0300	2019-12-03 13:34:21 +0300	2019-12-03 13:59:00 +0300	deabaef30fc841ac9337e26a874ae856	100 KASA						n	0/100	0/100	1970-01-01 02:00:00 +0200
===== END
===== START
C	7db66009cfce483e85df9e43da319331	a021a67d9d884f53bf94fad0ee239941	2019-12-03 13:35:35 +0300	2019-12-03 13:34:21 +0300	2019-12-03 13:59:00 +0300	104a7a63b68249ccb946717fe28d31a9	63 3 220 AP ön GM						n	140/100	140/100	1970-01-01 02:00:00 +0200
C	7db66009cfce483e85df9e43da319331	49bc3ecfad4c47bda5f8d17346c9e758	2019-12-03 13:35:35 +0300	2019-12-03 13:34:21 +0300	2019-12-03 13:59:00 +0300	deabaef30fc841ac9337e26a874ae856	100 KASA						n	-140/100	-140/100	1970-01-01 02:00:00 +0200
===== END
===== START
D	3544653db12a4f48a39728b2ebbdc838	dd6185e2a2c04ed9a923e7c4fb6825d2	2019-12-03 13:35:37 +0300	2019-12-03 13:35:37 +0300	2019-12-03 13:59:00 +0300								n	0/1	0/100	1970-01-01 02:00:00 +0200
===== END
===== START
===== END
===== START
D	1d05690604374960b4aede7e0aa66e8d	4e166485fed746f3ab1abbd1567d5a38	2019-12-03 13:38:43 +0300	2019-12-03 13:38:43 +0300	2019-12-03 13:59:00 +0300								n	0/1	0/100	1970-01-01 02:00:00 +0200
===== END
===== START
===== END
===== START
C	f24e15e83956415aaa7714d0e2da8db4	10ba344b2751454489e003585717a0db	2019-12-03 13:39:49 +0300	2019-12-03 13:39:49 +0300	2019-12-03 13:59:00 +0300	076d05eea0284542b2596b9bc0ba4e16	63 2 100 Lise		2019 sözleşme damga vergisi				n	14820/100	14820/100	1970-01-01 02:00:00 +0200
C	f24e15e83956415aaa7714d0e2da8db4	867a453870514f27b31f9cc1bb01d6d5	2019-12-03 13:39:49 +0300	2019-12-03 13:39:49 +0300	2019-12-03 13:59:00 +0300	deabaef30fc841ac9337e26a874ae856	100 KASA		2019 sözleşme damga vergisi				n	-14820/100	-14820/100	1970-01-01 02:00:00 +0200
===== END
===== START
===== END
===== START
D	507347951e354187bc7daa573238b262	0b6e493e4b78495c9e69e5ce5437f4f3	2019-12-03 13:39:53 +0300	2019-12-03 13:39:53 +0300	2019-12-03 13:59:00 +0300								n	0/1	0/100	1970-01-01 02:00:00 +0200
===== END
===== START
===== END
===== START
B	f24e15e83956415aaa7714d0e2da8db4	10ba344b2751454489e003585717a0db	2019-12-03 13:40:24 +0300	2019-12-03 13:39:49 +0300	2019-12-03 13:59:00 +0300	076d05eea0284542b2596b9bc0ba4e16	63 2 100 Lise		2019 sözleşme damga vergisi				n	14820/100	14820/100	1970-01-01 02:00:00 +0200
B	f24e15e83956415aaa7714d0e2da8db4	867a453870514f27b31f9cc1bb01d6d5	2019-12-03 13:40:24 +0300	2019-12-03 13:39:49 +0300	2019-12-03 13:59:00 +0300	deabaef30fc841ac9337e26a874ae856	100 KASA		2019 sözleşme damga vergisi				n	-14820/100	-14820/100	1970-01-01 02:00:00 +0200
===== END
===== START
C	f24e15e83956415aaa7714d0e2da8db4	10ba344b2751454489e003585717a0db	2019-12-03 13:40:24 +0300	2019-12-03 13:39:49 +0300	2019-10-18 13:59:00 +0300	076d05eea0284542b2596b9bc0ba4e16	63 2 100 Lise		2019 sözleşme damga vergisi				n	14820/100	14820/100	1970-01-01 02:00:00 +0200
C	f24e15e83956415aaa7714d0e2da8db4	867a453870514f27b31f9cc1bb01d6d5	2019-12-03 13:40:24 +0300	2019-12-03 13:39:49 +0300	2019-10-18 13:59:00 +0300	deabaef30fc841ac9337e26a874ae856	100 KASA		2019 sözleşme damga vergisi				n	-14820/100	-14820/100	1970-01-01 02:00:00 +0200
===== END
