mod	trans_guid	split_guid	time_now	date_entered	date_posted	acc_guid	acc_name	num	description	notes	memo	action	reconciled	amount	value	date_reconciled
-----------------
===== START
B	248e0135678043f7aeb68516f760ac9f	5c364ae022044734979e7e347ea79842	2019-12-05 15:02:03 +0300	2019-12-02 09:32:20 +0300	2019-12-02 13:59:00 +0300	d9300bf4343b439cac4b8fb37d4b4e5d	64 1 223 Aygaz		2018-20 AP Aygaz Kira Bedeli -> %54,2 * 7000				n	379400/100	379400/100	1970-01-01 02:00:00 +0200
B	248e0135678043f7aeb68516f760ac9f	0952243a44b34d28b5de690b917b1a21	2019-12-05 15:02:03 +0300	2019-12-02 09:32:20 +0300	2019-12-02 13:59:00 +0300	8b4e8a0fec9d46faac18955bcf4ac888	320 Ortk 3 Atila Balcı		2018-20 AP Aygaz Kira Bedeli -> %54,2 * 7000				n	-379400/100	-379400/100	1970-01-01 02:00:00 +0200
===== END
===== START
C	248e0135678043f7aeb68516f760ac9f	5c364ae022044734979e7e347ea79842	2019-12-05 15:02:03 +0300	2019-12-02 09:32:20 +0300	2019-12-02 13:59:00 +0300	d9300bf4343b439cac4b8fb37d4b4e5d	64 1 223 Aygaz		2018-20 AP Aygaz Kira Bedeli -> %54,2 * 7000				n	390240/100	390240/100	1970-01-01 02:00:00 +0200
C	248e0135678043f7aeb68516f760ac9f	0952243a44b34d28b5de690b917b1a21	2019-12-05 15:02:03 +0300	2019-12-02 09:32:20 +0300	2019-12-02 13:59:00 +0300	8b4e8a0fec9d46faac18955bcf4ac888	320 Ortk 3 Atila Balcı		2018-20 AP Aygaz Kira Bedeli -> %54,2 * 7000				n	-390240/100	-390240/100	1970-01-01 02:00:00 +0200
===== END
===== START
B	9e5b525e0f204fc7b191efd10d9e45ae	e85e18fede894120a73a390b8cf4dee7	2019-12-05 15:02:12 +0300	2019-12-02 09:32:29 +0300	2019-12-02 13:59:00 +0300	d9300bf4343b439cac4b8fb37d4b4e5d	64 1 223 Aygaz		2018-20 AP Aygaz Kira Bedeli -> %33,3 * 7000				n	233100/100	233100/100	1970-01-01 02:00:00 +0200
B	9e5b525e0f204fc7b191efd10d9e45ae	e02ce3170be14fed8309fb63851e0607	2019-12-05 15:02:12 +0300	2019-12-02 09:32:29 +0300	2019-12-02 13:59:00 +0300	19d2a9a581d547b0b202c28f97c62188	320 Ortk 4 Nazan Balcı		2018-20 AP Aygaz Kira Bedeli -> %33,3 * 7000				n	-233100/100	-233100/100	1970-01-01 02:00:00 +0200
===== END
===== START
C	9e5b525e0f204fc7b191efd10d9e45ae	e85e18fede894120a73a390b8cf4dee7	2019-12-05 15:02:12 +0300	2019-12-02 09:32:29 +0300	2019-12-02 13:59:00 +0300	d9300bf4343b439cac4b8fb37d4b4e5d	64 1 223 Aygaz		2018-20 AP Aygaz Kira Bedeli -> %33,3 * 7000				n	239760/100	239760/100	1970-01-01 02:00:00 +0200
C	9e5b525e0f204fc7b191efd10d9e45ae	e02ce3170be14fed8309fb63851e0607	2019-12-05 15:02:12 +0300	2019-12-02 09:32:29 +0300	2019-12-02 13:59:00 +0300	19d2a9a581d547b0b202c28f97c62188	320 Ortk 4 Nazan Balcı		2018-20 AP Aygaz Kira Bedeli -> %33,3 * 7000				n	-239760/100	-239760/100	1970-01-01 02:00:00 +0200
===== END
===== START
B	3e9878ec33fb4cf593c49dbbb817090f	0ae39f7ae8154faab24b59b4c93942d3	2019-12-05 15:02:30 +0300	2019-12-05 14:31:32 +0300	2018-12-31 13:59:00 +0300	d9300bf4343b439cac4b8fb37d4b4e5d	64 1 223 Aygaz		2011-17 Aygaz Kira Bedeli -> %54,2				n	644980/100	644980/100	1970-01-01 02:00:00 +0200
B	3e9878ec33fb4cf593c49dbbb817090f	f2a4f19951a24cceadd6fd234db2bc5c	2019-12-05 15:02:30 +0300	2019-12-05 14:31:32 +0300	2018-12-31 13:59:00 +0300	8b4e8a0fec9d46faac18955bcf4ac888	320 Ortk 3 Atila Balcı		2011-17 Aygaz Kira Bedeli -> %54,2				n	-644980/100	-644980/100	1970-01-01 02:00:00 +0200
===== END
===== START
C	3e9878ec33fb4cf593c49dbbb817090f	0ae39f7ae8154faab24b59b4c93942d3	2019-12-05 15:02:30 +0300	2019-12-05 14:31:32 +0300	2018-12-31 13:59:00 +0300	d9300bf4343b439cac4b8fb37d4b4e5d	64 1 223 Aygaz		2011-17 Aygaz Kira Bedeli -> %54,2				c	644980/100	644980/100	1970-01-01 02:00:00 +0200
C	3e9878ec33fb4cf593c49dbbb817090f	f2a4f19951a24cceadd6fd234db2bc5c	2019-12-05 15:02:30 +0300	2019-12-05 14:31:32 +0300	2018-12-31 13:59:00 +0300	8b4e8a0fec9d46faac18955bcf4ac888	320 Ortk 3 Atila Balcı		2011-17 Aygaz Kira Bedeli -> %54,2				n	-644980/100	-644980/100	1970-01-01 02:00:00 +0200
===== END
===== START
B	b04bb8dd24844a9db579d31a0fe084ad	0c245625b2eb4fd2b3f66306617705fb	2019-12-05 15:02:39 +0300	2019-12-05 14:59:54 +0300	2018-12-31 13:59:00 +0300	d9300bf4343b439cac4b8fb37d4b4e5d	64 1 223 Aygaz		2011-17 Aygaz Kira Bedeli -> %33,3				n	396270/100	396270/100	1970-01-01 02:00:00 +0200
B	b04bb8dd24844a9db579d31a0fe084ad	1940971b94494f94bca34e5d2a04ce5a	2019-12-05 15:02:39 +0300	2019-12-05 14:59:54 +0300	2018-12-31 13:59:00 +0300	19d2a9a581d547b0b202c28f97c62188	320 Ortk 4 Nazan Balcı		2011-17 Aygaz Kira Bedeli -> %33,3				n	-396270/100	-396270/100	1970-01-01 02:00:00 +0200
===== END
===== START
C	b04bb8dd24844a9db579d31a0fe084ad	0c245625b2eb4fd2b3f66306617705fb	2019-12-05 15:02:39 +0300	2019-12-05 14:59:54 +0300	2018-12-31 13:59:00 +0300	d9300bf4343b439cac4b8fb37d4b4e5d	64 1 223 Aygaz		2011-17 Aygaz Kira Bedeli -> %33,3				n	396270/100	396270/100	1970-01-01 02:00:00 +0200
C	b04bb8dd24844a9db579d31a0fe084ad	1940971b94494f94bca34e5d2a04ce5a	2019-12-05 15:02:39 +0300	2019-12-05 14:59:54 +0300	2018-12-31 13:59:00 +0300	19d2a9a581d547b0b202c28f97c62188	320 Ortk 4 Nazan Balcı		2011-17 Aygaz Kira Bedeli -> %33,3				n	-396270/100	-396270/100	1970-01-01 02:00:00 +0200
===== END
===== START
D	5f16fd39ca9d471aacace0a8ba402a45	89ec524c584e4b5681111403d2026922	2019-12-05 15:03:05 +0300	2019-12-05 15:03:05 +0300	2019-12-05 13:59:00 +0300								n	0/1	0/100	1970-01-01 02:00:00 +0200
===== END
===== START
D	eb3e02482c144394a2e485b344392152	b0a0a1847ecf401fa87d53a8b2580984	2019-12-05 15:03:07 +0300	2019-12-05 15:03:07 +0300	2019-12-05 13:59:00 +0300								n	0/1	0/100	1970-01-01 02:00:00 +0200
===== END
===== START
D	bfb2c496f96f41d9a7017ad1bcedfb2d	4a28dea844ec48629d207ba878d26621	2019-12-05 15:03:08 +0300	2019-12-05 15:03:08 +0300	2019-12-05 13:59:00 +0300								n	0/1	0/100	1970-01-01 02:00:00 +0200
===== END
===== START
===== END
===== START
D	a292292f01e248c1b13b81fa249488e4	b2301bfac68344d09fa9aa0082ac5f7c	2019-12-05 15:03:21 +0300	2019-12-05 15:03:21 +0300	2019-12-05 13:59:00 +0300								n	0/1	0/100	1970-01-01 02:00:00 +0200
===== END
===== START
===== END
===== START
===== END
===== START
D	1fdb2056abb34f38b388998b6a2934af	3bc4909d206d46cb9644c9317e53dc1c	2019-12-05 15:08:03 +0300	2019-12-05 15:08:03 +0300	2019-12-05 13:59:00 +0300								n	0/1	0/100	1970-01-01 02:00:00 +0200
===== END
===== START
===== END
===== START
B	5003fb7139904872b9d16fededac80d9	bfb917b6ad0c485d88c933248574c352	2019-12-05 15:12:12 +0300	2019-12-04 16:48:08 +0300	2018-12-31 13:59:00 +0300	deabaef30fc841ac9337e26a874ae856	100 KASA						n	18162880/100	18162880/100	1970-01-01 02:00:00 +0200
B	5003fb7139904872b9d16fededac80d9	6f5278af19f04ec996cc4d08a73d53d2	2019-12-05 15:12:12 +0300	2019-12-04 16:48:08 +0300	2018-12-31 13:59:00 +0300	e6db76ce4a5e41658984bd1f654da1bd	127 100 Ahmet Çalışkan						n	-18162880/100	-18162880/100	1970-01-01 02:00:00 +0200
===== END
===== START
C	5003fb7139904872b9d16fededac80d9	bfb917b6ad0c485d88c933248574c352	2019-12-05 15:12:12 +0300	2019-12-04 16:48:08 +0300	2018-12-31 13:59:00 +0300	deabaef30fc841ac9337e26a874ae856	100 KASA						n	14262880/100	14262880/100	1970-01-01 02:00:00 +0200
C	5003fb7139904872b9d16fededac80d9	6f5278af19f04ec996cc4d08a73d53d2	2019-12-05 15:12:12 +0300	2019-12-04 16:48:08 +0300	2018-12-31 13:59:00 +0300	e6db76ce4a5e41658984bd1f654da1bd	127 100 Ahmet Çalışkan						n	-14262880/100	-14262880/100	1970-01-01 02:00:00 +0200
===== END
===== START
D	2f4a13158a9845ec97ebdffc44325cd3	70999b2650004428876d23ddade5498a	2019-12-05 15:12:15 +0300	2019-12-05 15:12:15 +0300	2019-12-05 13:59:00 +0300								n	0/1	0/100	1970-01-01 02:00:00 +0200
===== END
===== START
===== END
