mod	trans_guid	split_guid	time_now	date_entered	date_posted	acc_guid	acc_name	num	description	notes	memo	action	reconciled	amount	value	date_reconciled
-----------------
===== START
B	054b873ba325493caf49ed543fa51ee5	ec006aa224bd432e82bf16757e8c86b4	2019-11-21 13:23:42 +0300	2019-11-21 08:33:13 +0300	2018-11-21 13:59:00 +0300	d6f86156a93242cc994b54e04382956e	108 Eski Hesaplar Kasası		Ayşe Balcı 2011-18 Kira Gelirleri				n	3565720/100	3565720/100	1970-01-01 02:00:00 +0200
B	054b873ba325493caf49ed543fa51ee5	5825c35e795b4d86ab577097ff6cc6ab	2019-11-21 13:23:42 +0300	2019-11-21 08:33:13 +0300	2018-11-21 13:59:00 +0300	2989cab05ba94d6b9b654d0567780299	320 1 Ayşe Balcı		Ayşe Balcı 2011-18 Kira Gelirleri				n	-3565720/100	-3565720/100	1970-01-01 02:00:00 +0200
===== END
===== START
C	054b873ba325493caf49ed543fa51ee5	ec006aa224bd432e82bf16757e8c86b4	2019-11-21 13:23:42 +0300	2019-11-21 08:33:13 +0300	2011-04-03 13:59:00 +0300	d6f86156a93242cc994b54e04382956e	108 Eski Hesaplar Kasası		Ayşe Balcı 2011-18 Kira Gelirleri				n	3565720/100	3565720/100	1970-01-01 02:00:00 +0200
C	054b873ba325493caf49ed543fa51ee5	5825c35e795b4d86ab577097ff6cc6ab	2019-11-21 13:23:42 +0300	2019-11-21 08:33:13 +0300	2011-04-03 13:59:00 +0300	2989cab05ba94d6b9b654d0567780299	320 1 Ayşe Balcı		Ayşe Balcı 2011-18 Kira Gelirleri				n	-3565720/100	-3565720/100	1970-01-01 02:00:00 +0200
===== END
===== START
B	ecfccbfb444f4f388baf008ba59fdb39	df00b4102e664faab590cb00792a8385	2019-11-21 13:23:43 +0300	2019-11-20 09:34:20 +0300	2019-11-20 13:59:00 +0300	d6f86156a93242cc994b54e04382956e	108 Eski Hesaplar Kasası		Selanik (Ali) 2011-18 kira gelirleri				n	9595720/100	9595720/100	1970-01-01 02:00:00 +0200
B	ecfccbfb444f4f388baf008ba59fdb39	ac9e99b27c1947eab1fd84e0b4bcae12	2019-11-21 13:23:43 +0300	2019-11-20 09:34:20 +0300	2019-11-20 13:59:00 +0300	3aa1ec8129524dc2bd8d898c2c0ecfcf	320 5 Selanik Mermer		Selanik (Ali) 2011-18 kira gelirleri				n	-9595720/100	-9595720/100	1970-01-01 02:00:00 +0200
===== END
===== START
C	ecfccbfb444f4f388baf008ba59fdb39	df00b4102e664faab590cb00792a8385	2019-11-21 13:23:43 +0300	2019-11-20 09:34:20 +0300	2011-04-03 13:59:00 +0300	d6f86156a93242cc994b54e04382956e	108 Eski Hesaplar Kasası		Selanik (Ali) 2011-18 kira gelirleri				n	9595720/100	9595720/100	1970-01-01 02:00:00 +0200
C	ecfccbfb444f4f388baf008ba59fdb39	ac9e99b27c1947eab1fd84e0b4bcae12	2019-11-21 13:23:43 +0300	2019-11-20 09:34:20 +0300	2011-04-03 13:59:00 +0300	3aa1ec8129524dc2bd8d898c2c0ecfcf	320 5 Selanik Mermer		Selanik (Ali) 2011-18 kira gelirleri				n	-9595720/100	-9595720/100	1970-01-01 02:00:00 +0200
===== END
===== START
B	ed0ad5fee7a7462ab86793cc5afde5db	8c09325aa4514e7e98634c311bea3859	2019-11-21 13:23:44 +0300	2019-11-21 13:17:57 +0300	2019-11-21 13:59:00 +0300	deabaef30fc841ac9337e26a874ae856	100 KASA		2019 Selanik-Doğuş hesabı (Doğuş Alacaklı)				n	20064506/100	20064506/100	1970-01-01 02:00:00 +0200
B	ed0ad5fee7a7462ab86793cc5afde5db	19386d6a7d6a4a59bf51633c604946ce	2019-11-21 13:23:44 +0300	2019-11-21 13:17:57 +0300	2019-11-21 13:59:00 +0300	d6f86156a93242cc994b54e04382956e	108 Eski Hesaplar Kasası		2019 Selanik-Doğuş hesabı (Doğuş Alacaklı)				n	-20064506/100	-20064506/100	1970-01-01 02:00:00 +0200
===== END
===== START
C	ed0ad5fee7a7462ab86793cc5afde5db	8c09325aa4514e7e98634c311bea3859	2019-11-21 13:23:44 +0300	2019-11-21 13:17:57 +0300	2011-04-03 13:59:00 +0300	deabaef30fc841ac9337e26a874ae856	100 KASA		2019 Selanik-Doğuş hesabı (Doğuş Alacaklı)				n	20064506/100	20064506/100	1970-01-01 02:00:00 +0200
C	ed0ad5fee7a7462ab86793cc5afde5db	19386d6a7d6a4a59bf51633c604946ce	2019-11-21 13:23:44 +0300	2019-11-21 13:17:57 +0300	2011-04-03 13:59:00 +0300	d6f86156a93242cc994b54e04382956e	108 Eski Hesaplar Kasası		2019 Selanik-Doğuş hesabı (Doğuş Alacaklı)				n	-20064506/100	-20064506/100	1970-01-01 02:00:00 +0200
===== END
===== START
B	5f2d389a7087467fb481cd995cd6ff4c	2fa35fb27a5846ada223068e5f8b10a4	2019-11-21 13:23:45 +0300	2019-11-21 13:20:48 +0300	2019-11-21 13:59:00 +0300	d6f86156a93242cc994b54e04382956e	108 Eski Hesaplar Kasası		Selanik (Atila) 2011-18 kira gelirleri				n	18417854/100	18417854/100	1970-01-01 02:00:00 +0200
B	5f2d389a7087467fb481cd995cd6ff4c	60217f03cd004de9af87b757cb385167	2019-11-21 13:23:45 +0300	2019-11-21 13:20:48 +0300	2019-11-21 13:59:00 +0300	3aa1ec8129524dc2bd8d898c2c0ecfcf	320 5 Selanik Mermer		Selanik (Atila) 2011-18 kira gelirleri				n	-18417854/100	-18417854/100	1970-01-01 02:00:00 +0200
===== END
===== START
C	5f2d389a7087467fb481cd995cd6ff4c	2fa35fb27a5846ada223068e5f8b10a4	2019-11-21 13:23:45 +0300	2019-11-21 13:20:48 +0300	2011-04-03 13:59:00 +0300	d6f86156a93242cc994b54e04382956e	108 Eski Hesaplar Kasası		Selanik (Atila) 2011-18 kira gelirleri				n	18417854/100	18417854/100	1970-01-01 02:00:00 +0200
C	5f2d389a7087467fb481cd995cd6ff4c	60217f03cd004de9af87b757cb385167	2019-11-21 13:23:45 +0300	2019-11-21 13:20:48 +0300	2011-04-03 13:59:00 +0300	3aa1ec8129524dc2bd8d898c2c0ecfcf	320 5 Selanik Mermer		Selanik (Atila) 2011-18 kira gelirleri				n	-18417854/100	-18417854/100	1970-01-01 02:00:00 +0200
===== END
===== START
C	2230f04a52a448188643d49554185a63	e9b87b4d3ff542759d3df483bc63713a	2019-11-21 13:23:46 +0300	2019-11-21 13:23:46 +0300	2011-04-03 13:59:00 +0300	d6f86156a93242cc994b54e04382956e	108 Eski Hesaplar Kasası						n	0/100	0/100	1970-01-01 02:00:00 +0200
===== END
===== START
===== END
===== START
B	9b147028cc5a41b3ba64efcf760f6b86	df91bfa755d344ffb67eb49e1cd7ee7d	2019-11-21 13:23:59 +0300	2019-11-21 08:37:21 +0300	2011-04-03 13:59:00 +0300	d6f86156a93242cc994b54e04382956e	108 Eski Hesaplar Kasası		Mustafa Balcı Banka Hesabından				n	437500/100	437500/100	1970-01-01 02:00:00 +0200
B	9b147028cc5a41b3ba64efcf760f6b86	30fc01dd5af0488daf9387b1bd3ef4b4	2019-11-21 13:23:59 +0300	2019-11-21 08:37:21 +0300	2011-04-03 13:59:00 +0300	2989cab05ba94d6b9b654d0567780299	320 1 Ayşe Balcı		Mustafa Balcı Banka Hesabından				n	-437500/100	-437500/100	1970-01-01 02:00:00 +0200
===== END
===== START
C	9b147028cc5a41b3ba64efcf760f6b86	df91bfa755d344ffb67eb49e1cd7ee7d	2019-11-21 13:23:59 +0300	2019-11-21 08:37:21 +0300	2011-04-02 13:59:00 +0300	d6f86156a93242cc994b54e04382956e	108 Eski Hesaplar Kasası		Mustafa Balcı Banka Hesabından				n	437500/100	437500/100	1970-01-01 02:00:00 +0200
C	9b147028cc5a41b3ba64efcf760f6b86	30fc01dd5af0488daf9387b1bd3ef4b4	2019-11-21 13:23:59 +0300	2019-11-21 08:37:21 +0300	2011-04-02 13:59:00 +0300	2989cab05ba94d6b9b654d0567780299	320 1 Ayşe Balcı		Mustafa Balcı Banka Hesabından				n	-437500/100	-437500/100	1970-01-01 02:00:00 +0200
===== END
===== START
B	6e263513f14a42c6b0471a0a4a51eff9	4510586c9f4c4d4b9717d48b834cb8dd	2019-11-21 13:24:05 +0300	2019-11-21 11:00:31 +0300	2011-04-03 13:59:00 +0300	d6f86156a93242cc994b54e04382956e	108 Eski Hesaplar Kasası		Mustafa Balcı Banka Hesabından				n	437500/100	437500/100	1970-01-01 02:00:00 +0200
B	6e263513f14a42c6b0471a0a4a51eff9	0ada6f66d53a4b9b99947d41a48d1ad1	2019-11-21 13:24:05 +0300	2019-11-21 11:00:31 +0300	2011-04-03 13:59:00 +0300	8b4e8a0fec9d46faac18955bcf4ac888	320 3 Atila Balcı		Mustafa Balcı Banka Hesabından				n	-437500/100	-437500/100	1970-01-01 02:00:00 +0200
===== END
===== START
C	6e263513f14a42c6b0471a0a4a51eff9	4510586c9f4c4d4b9717d48b834cb8dd	2019-11-21 13:24:05 +0300	2019-11-21 11:00:31 +0300	2011-04-02 13:59:00 +0300	d6f86156a93242cc994b54e04382956e	108 Eski Hesaplar Kasası		Mustafa Balcı Banka Hesabından				n	437500/100	437500/100	1970-01-01 02:00:00 +0200
C	6e263513f14a42c6b0471a0a4a51eff9	0ada6f66d53a4b9b99947d41a48d1ad1	2019-11-21 13:24:05 +0300	2019-11-21 11:00:31 +0300	2011-04-02 13:59:00 +0300	8b4e8a0fec9d46faac18955bcf4ac888	320 3 Atila Balcı		Mustafa Balcı Banka Hesabından				n	-437500/100	-437500/100	1970-01-01 02:00:00 +0200
===== END
===== START
B	3baf0360392649399691fbc441346981	e5c145d283e6472caa4f7e20f4c937c1	2019-11-21 13:24:07 +0300	2019-11-21 11:00:54 +0300	2011-04-03 13:59:00 +0300	d6f86156a93242cc994b54e04382956e	108 Eski Hesaplar Kasası		Mustafa Balcı Banka Hesabından				n	437500/100	437500/100	1970-01-01 02:00:00 +0200
B	3baf0360392649399691fbc441346981	fe5c33d5da3443b0bab33d76ba379e25	2019-11-21 13:24:07 +0300	2019-11-21 11:00:54 +0300	2011-04-03 13:59:00 +0300	908c3f6feebf4484990b780afddb8c6d	320 2 Ali Balcı		Mustafa Balcı Banka Hesabından				n	-437500/100	-437500/100	1970-01-01 02:00:00 +0200
===== END
===== START
C	3baf0360392649399691fbc441346981	e5c145d283e6472caa4f7e20f4c937c1	2019-11-21 13:24:07 +0300	2019-11-21 11:00:54 +0300	2011-04-02 13:59:00 +0300	d6f86156a93242cc994b54e04382956e	108 Eski Hesaplar Kasası		Mustafa Balcı Banka Hesabından				n	437500/100	437500/100	1970-01-01 02:00:00 +0200
C	3baf0360392649399691fbc441346981	fe5c33d5da3443b0bab33d76ba379e25	2019-11-21 13:24:07 +0300	2019-11-21 11:00:54 +0300	2011-04-02 13:59:00 +0300	908c3f6feebf4484990b780afddb8c6d	320 2 Ali Balcı		Mustafa Balcı Banka Hesabından				n	-437500/100	-437500/100	1970-01-01 02:00:00 +0200
===== END
===== START
B	ecfccbfb444f4f388baf008ba59fdb39	df00b4102e664faab590cb00792a8385	2019-11-21 13:24:19 +0300	2019-11-20 09:34:20 +0300	2011-04-03 13:59:00 +0300	d6f86156a93242cc994b54e04382956e	108 Eski Hesaplar Kasası		Selanik (Ali) 2011-18 kira gelirleri				n	9595720/100	9595720/100	1970-01-01 02:00:00 +0200
B	ecfccbfb444f4f388baf008ba59fdb39	ac9e99b27c1947eab1fd84e0b4bcae12	2019-11-21 13:24:19 +0300	2019-11-20 09:34:20 +0300	2011-04-03 13:59:00 +0300	3aa1ec8129524dc2bd8d898c2c0ecfcf	320 5 Selanik Mermer		Selanik (Ali) 2011-18 kira gelirleri				n	-9595720/100	-9595720/100	1970-01-01 02:00:00 +0200
===== END
===== START
C	ecfccbfb444f4f388baf008ba59fdb39	df00b4102e664faab590cb00792a8385	2019-11-21 13:24:19 +0300	2019-11-20 09:34:20 +0300	2011-04-04 13:59:00 +0300	d6f86156a93242cc994b54e04382956e	108 Eski Hesaplar Kasası		Selanik (Ali) 2011-18 kira gelirleri				n	9595720/100	9595720/100	1970-01-01 02:00:00 +0200
C	ecfccbfb444f4f388baf008ba59fdb39	ac9e99b27c1947eab1fd84e0b4bcae12	2019-11-21 13:24:19 +0300	2019-11-20 09:34:20 +0300	2011-04-04 13:59:00 +0300	3aa1ec8129524dc2bd8d898c2c0ecfcf	320 5 Selanik Mermer		Selanik (Ali) 2011-18 kira gelirleri				n	-9595720/100	-9595720/100	1970-01-01 02:00:00 +0200
===== END
===== START
B	5f2d389a7087467fb481cd995cd6ff4c	2fa35fb27a5846ada223068e5f8b10a4	2019-11-21 13:24:33 +0300	2019-11-21 13:20:48 +0300	2011-04-03 13:59:00 +0300	d6f86156a93242cc994b54e04382956e	108 Eski Hesaplar Kasası		Selanik (Atila) 2011-18 kira gelirleri				n	18417854/100	18417854/100	1970-01-01 02:00:00 +0200
B	5f2d389a7087467fb481cd995cd6ff4c	60217f03cd004de9af87b757cb385167	2019-11-21 13:24:33 +0300	2019-11-21 13:20:48 +0300	2011-04-03 13:59:00 +0300	3aa1ec8129524dc2bd8d898c2c0ecfcf	320 5 Selanik Mermer		Selanik (Atila) 2011-18 kira gelirleri				n	-18417854/100	-18417854/100	1970-01-01 02:00:00 +0200
===== END
===== START
C	5f2d389a7087467fb481cd995cd6ff4c	2fa35fb27a5846ada223068e5f8b10a4	2019-11-21 13:24:33 +0300	2019-11-21 13:20:48 +0300	2011-04-03 13:59:00 +0300	d6f86156a93242cc994b54e04382956e	108 Eski Hesaplar Kasası		Selanik (Atila) 2011-18 kira gelirleri				n	18417854/100	18417854/100	1970-01-01 02:00:00 +0200
C	5f2d389a7087467fb481cd995cd6ff4c	60217f03cd004de9af87b757cb385167	2019-11-21 13:24:33 +0300	2019-11-21 13:20:48 +0300	2011-04-03 13:59:00 +0300	3aa1ec8129524dc2bd8d898c2c0ecfcf	320 5 Selanik Mermer		Selanik (Atila) 2011-18 kira gelirleri				n	-18417854/100	-18417854/100	1970-01-01 02:00:00 +0200
===== END
===== START
B	5f2d389a7087467fb481cd995cd6ff4c	2fa35fb27a5846ada223068e5f8b10a4	2019-11-21 13:24:39 +0300	2019-11-21 13:20:48 +0300	2011-04-03 13:59:00 +0300	d6f86156a93242cc994b54e04382956e	108 Eski Hesaplar Kasası		Selanik (Atila) 2011-18 kira gelirleri				n	18417854/100	18417854/100	1970-01-01 02:00:00 +0200
B	5f2d389a7087467fb481cd995cd6ff4c	60217f03cd004de9af87b757cb385167	2019-11-21 13:24:39 +0300	2019-11-21 13:20:48 +0300	2011-04-03 13:59:00 +0300	3aa1ec8129524dc2bd8d898c2c0ecfcf	320 5 Selanik Mermer		Selanik (Atila) 2011-18 kira gelirleri				n	-18417854/100	-18417854/100	1970-01-01 02:00:00 +0200
===== END
===== START
C	5f2d389a7087467fb481cd995cd6ff4c	2fa35fb27a5846ada223068e5f8b10a4	2019-11-21 13:24:39 +0300	2019-11-21 13:20:48 +0300	2011-04-04 13:59:00 +0300	d6f86156a93242cc994b54e04382956e	108 Eski Hesaplar Kasası		Selanik (Atila) 2011-18 kira gelirleri				n	18417854/100	18417854/100	1970-01-01 02:00:00 +0200
C	5f2d389a7087467fb481cd995cd6ff4c	60217f03cd004de9af87b757cb385167	2019-11-21 13:24:39 +0300	2019-11-21 13:20:48 +0300	2011-04-04 13:59:00 +0300	3aa1ec8129524dc2bd8d898c2c0ecfcf	320 5 Selanik Mermer		Selanik (Atila) 2011-18 kira gelirleri				n	-18417854/100	-18417854/100	1970-01-01 02:00:00 +0200
===== END
===== START
B	ed0ad5fee7a7462ab86793cc5afde5db	8c09325aa4514e7e98634c311bea3859	2019-11-21 13:24:58 +0300	2019-11-21 13:17:57 +0300	2011-04-03 13:59:00 +0300	deabaef30fc841ac9337e26a874ae856	100 KASA		2019 Selanik-Doğuş hesabı (Doğuş Alacaklı)				n	20064506/100	20064506/100	1970-01-01 02:00:00 +0200
B	ed0ad5fee7a7462ab86793cc5afde5db	19386d6a7d6a4a59bf51633c604946ce	2019-11-21 13:24:58 +0300	2019-11-21 13:17:57 +0300	2011-04-03 13:59:00 +0300	d6f86156a93242cc994b54e04382956e	108 Eski Hesaplar Kasası		2019 Selanik-Doğuş hesabı (Doğuş Alacaklı)				n	-20064506/100	-20064506/100	1970-01-01 02:00:00 +0200
===== END
===== START
C	ed0ad5fee7a7462ab86793cc5afde5db	8c09325aa4514e7e98634c311bea3859	2019-11-21 13:24:58 +0300	2019-11-21 13:17:57 +0300	2019-10-10 13:59:00 +0300	deabaef30fc841ac9337e26a874ae856	100 KASA		2019 Selanik-Doğuş hesabı (Doğuş Alacaklı)				n	20064506/100	20064506/100	1970-01-01 02:00:00 +0200
C	ed0ad5fee7a7462ab86793cc5afde5db	19386d6a7d6a4a59bf51633c604946ce	2019-11-21 13:24:58 +0300	2019-11-21 13:17:57 +0300	2019-10-10 13:59:00 +0300	d6f86156a93242cc994b54e04382956e	108 Eski Hesaplar Kasası		2019 Selanik-Doğuş hesabı (Doğuş Alacaklı)				n	-20064506/100	-20064506/100	1970-01-01 02:00:00 +0200
===== END
===== START
B	ecfccbfb444f4f388baf008ba59fdb39	df00b4102e664faab590cb00792a8385	2019-11-21 13:25:20 +0300	2019-11-20 09:34:20 +0300	2011-04-04 13:59:00 +0300	d6f86156a93242cc994b54e04382956e	108 Eski Hesaplar Kasası		Selanik (Ali) 2011-18 kira gelirleri				n	9595720/100	9595720/100	1970-01-01 02:00:00 +0200
B	ecfccbfb444f4f388baf008ba59fdb39	ac9e99b27c1947eab1fd84e0b4bcae12	2019-11-21 13:25:20 +0300	2019-11-20 09:34:20 +0300	2011-04-04 13:59:00 +0300	3aa1ec8129524dc2bd8d898c2c0ecfcf	320 5 Selanik Mermer		Selanik (Ali) 2011-18 kira gelirleri				n	-9595720/100	-9595720/100	1970-01-01 02:00:00 +0200
===== END
===== START
C	ecfccbfb444f4f388baf008ba59fdb39	df00b4102e664faab590cb00792a8385	2019-11-21 13:25:25 +0300	2019-11-20 09:34:20 +0300	2019-12-31 13:59:00 +0300	d6f86156a93242cc994b54e04382956e	108 Eski Hesaplar Kasası		Selanik (Ali) 2011-18 kira gelirleri				n	9595720/100	9595720/100	1970-01-01 02:00:00 +0200
C	ecfccbfb444f4f388baf008ba59fdb39	ac9e99b27c1947eab1fd84e0b4bcae12	2019-11-21 13:25:25 +0300	2019-11-20 09:34:20 +0300	2019-12-31 13:59:00 +0300	3aa1ec8129524dc2bd8d898c2c0ecfcf	320 5 Selanik Mermer		Selanik (Ali) 2011-18 kira gelirleri				n	-9595720/100	-9595720/100	1970-01-01 02:00:00 +0200
===== END
===== START
B	ecfccbfb444f4f388baf008ba59fdb39	df00b4102e664faab590cb00792a8385	2019-11-21 13:25:39 +0300	2019-11-20 09:34:20 +0300	2019-12-31 13:59:00 +0300	d6f86156a93242cc994b54e04382956e	108 Eski Hesaplar Kasası		Selanik (Ali) 2011-18 kira gelirleri				n	9595720/100	9595720/100	1970-01-01 02:00:00 +0200
B	ecfccbfb444f4f388baf008ba59fdb39	ac9e99b27c1947eab1fd84e0b4bcae12	2019-11-21 13:25:39 +0300	2019-11-20 09:34:20 +0300	2019-12-31 13:59:00 +0300	3aa1ec8129524dc2bd8d898c2c0ecfcf	320 5 Selanik Mermer		Selanik (Ali) 2011-18 kira gelirleri				n	-9595720/100	-9595720/100	1970-01-01 02:00:00 +0200
===== END
===== START
C	ecfccbfb444f4f388baf008ba59fdb39	df00b4102e664faab590cb00792a8385	2019-11-21 13:25:39 +0300	2019-11-20 09:34:20 +0300	2018-12-31 13:59:00 +0300	d6f86156a93242cc994b54e04382956e	108 Eski Hesaplar Kasası		Selanik (Ali) 2011-18 kira gelirleri				n	9595720/100	9595720/100	1970-01-01 02:00:00 +0200
C	ecfccbfb444f4f388baf008ba59fdb39	ac9e99b27c1947eab1fd84e0b4bcae12	2019-11-21 13:25:39 +0300	2019-11-20 09:34:20 +0300	2018-12-31 13:59:00 +0300	3aa1ec8129524dc2bd8d898c2c0ecfcf	320 5 Selanik Mermer		Selanik (Ali) 2011-18 kira gelirleri				n	-9595720/100	-9595720/100	1970-01-01 02:00:00 +0200
===== END
===== START
B	5f2d389a7087467fb481cd995cd6ff4c	2fa35fb27a5846ada223068e5f8b10a4	2019-11-21 13:25:50 +0300	2019-11-21 13:20:48 +0300	2011-04-04 13:59:00 +0300	d6f86156a93242cc994b54e04382956e	108 Eski Hesaplar Kasası		Selanik (Atila) 2011-18 kira gelirleri				n	18417854/100	18417854/100	1970-01-01 02:00:00 +0200
B	5f2d389a7087467fb481cd995cd6ff4c	60217f03cd004de9af87b757cb385167	2019-11-21 13:25:50 +0300	2019-11-21 13:20:48 +0300	2011-04-04 13:59:00 +0300	3aa1ec8129524dc2bd8d898c2c0ecfcf	320 5 Selanik Mermer		Selanik (Atila) 2011-18 kira gelirleri				n	-18417854/100	-18417854/100	1970-01-01 02:00:00 +0200
===== END
===== START
C	5f2d389a7087467fb481cd995cd6ff4c	2fa35fb27a5846ada223068e5f8b10a4	2019-11-21 13:25:50 +0300	2019-11-21 13:20:48 +0300	2001-12-31 12:59:00 +0200	d6f86156a93242cc994b54e04382956e	108 Eski Hesaplar Kasası		Selanik (Atila) 2011-18 kira gelirleri				n	18417854/100	18417854/100	1970-01-01 02:00:00 +0200
C	5f2d389a7087467fb481cd995cd6ff4c	60217f03cd004de9af87b757cb385167	2019-11-21 13:25:50 +0300	2019-11-21 13:20:48 +0300	2001-12-31 12:59:00 +0200	3aa1ec8129524dc2bd8d898c2c0ecfcf	320 5 Selanik Mermer		Selanik (Atila) 2011-18 kira gelirleri				n	-18417854/100	-18417854/100	1970-01-01 02:00:00 +0200
===== END
===== START
B	5f2d389a7087467fb481cd995cd6ff4c	2fa35fb27a5846ada223068e5f8b10a4	2019-11-21 13:25:57 +0300	2019-11-21 13:20:48 +0300	2001-12-31 12:59:00 +0200	d6f86156a93242cc994b54e04382956e	108 Eski Hesaplar Kasası		Selanik (Atila) 2011-18 kira gelirleri				n	18417854/100	18417854/100	1970-01-01 02:00:00 +0200
B	5f2d389a7087467fb481cd995cd6ff4c	60217f03cd004de9af87b757cb385167	2019-11-21 13:25:57 +0300	2019-11-21 13:20:48 +0300	2001-12-31 12:59:00 +0200	3aa1ec8129524dc2bd8d898c2c0ecfcf	320 5 Selanik Mermer		Selanik (Atila) 2011-18 kira gelirleri				n	-18417854/100	-18417854/100	1970-01-01 02:00:00 +0200
===== END
===== START
C	5f2d389a7087467fb481cd995cd6ff4c	2fa35fb27a5846ada223068e5f8b10a4	2019-11-21 13:25:57 +0300	2019-11-21 13:20:48 +0300	2018-12-31 13:59:00 +0300	d6f86156a93242cc994b54e04382956e	108 Eski Hesaplar Kasası		Selanik (Atila) 2011-18 kira gelirleri				n	18417854/100	18417854/100	1970-01-01 02:00:00 +0200
C	5f2d389a7087467fb481cd995cd6ff4c	60217f03cd004de9af87b757cb385167	2019-11-21 13:25:57 +0300	2019-11-21 13:20:48 +0300	2018-12-31 13:59:00 +0300	3aa1ec8129524dc2bd8d898c2c0ecfcf	320 5 Selanik Mermer		Selanik (Atila) 2011-18 kira gelirleri				n	-18417854/100	-18417854/100	1970-01-01 02:00:00 +0200
===== END
===== START
B	ecfccbfb444f4f388baf008ba59fdb39	df00b4102e664faab590cb00792a8385	2019-11-21 13:27:13 +0300	2019-11-20 09:34:20 +0300	2018-12-31 13:59:00 +0300	d6f86156a93242cc994b54e04382956e	108 Eski Hesaplar Kasası		Selanik (Ali) 2011-18 kira gelirleri				n	9595720/100	9595720/100	1970-01-01 02:00:00 +0200
B	ecfccbfb444f4f388baf008ba59fdb39	ac9e99b27c1947eab1fd84e0b4bcae12	2019-11-21 13:27:13 +0300	2019-11-20 09:34:20 +0300	2018-12-31 13:59:00 +0300	3aa1ec8129524dc2bd8d898c2c0ecfcf	320 5 Selanik Mermer		Selanik (Ali) 2011-18 kira gelirleri				n	-9595720/100	-9595720/100	1970-01-01 02:00:00 +0200
===== END
===== START
D	ecfccbfb444f4f388baf008ba59fdb39	df00b4102e664faab590cb00792a8385	2019-11-21 13:27:13 +0300	2019-11-20 09:34:20 +0300	2018-12-31 13:59:00 +0300	d6f86156a93242cc994b54e04382956e	108 Eski Hesaplar Kasası		Selanik (Ali) 2011-18 kira gelirleri				n	9595720/100	9595720/100	1970-01-01 02:00:00 +0200
D	ecfccbfb444f4f388baf008ba59fdb39	ac9e99b27c1947eab1fd84e0b4bcae12	2019-11-21 13:27:13 +0300	2019-11-20 09:34:20 +0300	2018-12-31 13:59:00 +0300	3aa1ec8129524dc2bd8d898c2c0ecfcf	320 5 Selanik Mermer		Selanik (Ali) 2011-18 kira gelirleri				n	-9595720/100	-9595720/100	1970-01-01 02:00:00 +0200
===== END
===== START
B	5f2d389a7087467fb481cd995cd6ff4c	2fa35fb27a5846ada223068e5f8b10a4	2019-11-21 13:27:14 +0300	2019-11-21 13:20:48 +0300	2018-12-31 13:59:00 +0300	d6f86156a93242cc994b54e04382956e	108 Eski Hesaplar Kasası		Selanik (Atila) 2011-18 kira gelirleri				n	18417854/100	18417854/100	1970-01-01 02:00:00 +0200
B	5f2d389a7087467fb481cd995cd6ff4c	60217f03cd004de9af87b757cb385167	2019-11-21 13:27:14 +0300	2019-11-21 13:20:48 +0300	2018-12-31 13:59:00 +0300	3aa1ec8129524dc2bd8d898c2c0ecfcf	320 5 Selanik Mermer		Selanik (Atila) 2011-18 kira gelirleri				n	-18417854/100	-18417854/100	1970-01-01 02:00:00 +0200
===== END
===== START
D	5f2d389a7087467fb481cd995cd6ff4c	2fa35fb27a5846ada223068e5f8b10a4	2019-11-21 13:27:14 +0300	2019-11-21 13:20:48 +0300	2018-12-31 13:59:00 +0300	d6f86156a93242cc994b54e04382956e	108 Eski Hesaplar Kasası		Selanik (Atila) 2011-18 kira gelirleri				n	18417854/100	18417854/100	1970-01-01 02:00:00 +0200
D	5f2d389a7087467fb481cd995cd6ff4c	60217f03cd004de9af87b757cb385167	2019-11-21 13:27:14 +0300	2019-11-21 13:20:48 +0300	2018-12-31 13:59:00 +0300	3aa1ec8129524dc2bd8d898c2c0ecfcf	320 5 Selanik Mermer		Selanik (Atila) 2011-18 kira gelirleri				n	-18417854/100	-18417854/100	1970-01-01 02:00:00 +0200
===== END
===== START
B	ed0ad5fee7a7462ab86793cc5afde5db	8c09325aa4514e7e98634c311bea3859	2019-11-21 13:27:14 +0300	2019-11-21 13:17:57 +0300	2019-10-10 13:59:00 +0300	deabaef30fc841ac9337e26a874ae856	100 KASA		2019 Selanik-Doğuş hesabı (Doğuş Alacaklı)				n	20064506/100	20064506/100	1970-01-01 02:00:00 +0200
B	ed0ad5fee7a7462ab86793cc5afde5db	19386d6a7d6a4a59bf51633c604946ce	2019-11-21 13:27:14 +0300	2019-11-21 13:17:57 +0300	2019-10-10 13:59:00 +0300	d6f86156a93242cc994b54e04382956e	108 Eski Hesaplar Kasası		2019 Selanik-Doğuş hesabı (Doğuş Alacaklı)				n	-20064506/100	-20064506/100	1970-01-01 02:00:00 +0200
===== END
===== START
D	ed0ad5fee7a7462ab86793cc5afde5db	8c09325aa4514e7e98634c311bea3859	2019-11-21 13:27:14 +0300	2019-11-21 13:17:57 +0300	2019-10-10 13:59:00 +0300	deabaef30fc841ac9337e26a874ae856	100 KASA		2019 Selanik-Doğuş hesabı (Doğuş Alacaklı)				n	20064506/100	20064506/100	1970-01-01 02:00:00 +0200
D	ed0ad5fee7a7462ab86793cc5afde5db	19386d6a7d6a4a59bf51633c604946ce	2019-11-21 13:27:14 +0300	2019-11-21 13:17:57 +0300	2019-10-10 13:59:00 +0300	d6f86156a93242cc994b54e04382956e	108 Eski Hesaplar Kasası		2019 Selanik-Doğuş hesabı (Doğuş Alacaklı)				n	-20064506/100	-20064506/100	1970-01-01 02:00:00 +0200
===== END
===== START
D	7cd3a7d45cf84c749369eca2309c1c82	440af912d14540a886969f0daf02a402	2019-11-21 13:28:56 +0300	2019-11-21 13:28:56 +0300	2019-11-21 13:59:00 +0300								n	0/1	0/100	1970-01-01 02:00:00 +0200
===== END
===== START
D	cd56e74b2c6748c4800352478e5b26c7	df54811a572a46c89ea4418e126f0733	2019-11-21 13:28:59 +0300	2019-11-21 13:28:59 +0300	2019-11-21 13:59:00 +0300								n	0/1	0/100	1970-01-01 02:00:00 +0200
===== END
===== START
===== END
===== START
B	8f2f23b1fa9649378c48b49989d26219	07c34282bbf5437e965fd2da93d59830	2019-11-21 13:29:53 +0300	2019-11-21 13:09:15 +0300	2019-09-02 13:59:00 +0300	95839397af674a06897deec940317c85	64 1 100 Lise Arkası		2019 Ağustos 2020 Lise Arkası 1/4 hisse				n	975000/100	975000/100	1970-01-01 02:00:00 +0200
B	8f2f23b1fa9649378c48b49989d26219	ba8eb9d376564251a7c6e835745a79f0	2019-11-21 13:29:53 +0300	2019-11-21 13:09:15 +0300	2019-09-02 13:59:00 +0300	908c3f6feebf4484990b780afddb8c6d	320 2 Ali Balcı		2019 Ağustos 2020 Lise Arkası 1/4 hisse				n	-975000/100	-975000/100	1970-01-01 02:00:00 +0200
===== END
===== START
C	8f2f23b1fa9649378c48b49989d26219	07c34282bbf5437e965fd2da93d59830	2019-11-21 13:29:53 +0300	2019-11-21 13:09:15 +0300	2019-09-02 13:59:00 +0300	95839397af674a06897deec940317c85	64 1 100 Lise Arkası		2019 Ağustos 2020 Lise Arkası 1/4 hisse				n	975000/100	975000/100	1970-01-01 02:00:00 +0200
C	8f2f23b1fa9649378c48b49989d26219	ba8eb9d376564251a7c6e835745a79f0	2019-11-21 13:29:53 +0300	2019-11-21 13:09:15 +0300	2019-09-02 13:59:00 +0300	3aa1ec8129524dc2bd8d898c2c0ecfcf	320 5 Selanik Mermer		2019 Ağustos 2020 Lise Arkası 1/4 hisse				n	-975000/100	-975000/100	1970-01-01 02:00:00 +0200
===== END
===== START
B	193a87ff139c47be8bfe8ce56f89d946	e6a1e28c1d8e4452a95754e47af62dfa	2019-11-21 13:29:59 +0300	2019-11-21 13:09:17 +0300	2019-09-02 13:59:00 +0300	95839397af674a06897deec940317c85	64 1 100 Lise Arkası		2019 Ağustos 2020 Lise Arkası 1/4 hisse				n	975000/100	975000/100	1970-01-01 02:00:00 +0200
B	193a87ff139c47be8bfe8ce56f89d946	800f07a5f7bc4365b84c5894af4a27b6	2019-11-21 13:29:59 +0300	2019-11-21 13:09:17 +0300	2019-09-02 13:59:00 +0300	8b4e8a0fec9d46faac18955bcf4ac888	320 3 Atila Balcı		2019 Ağustos 2020 Lise Arkası 1/4 hisse				n	-975000/100	-975000/100	1970-01-01 02:00:00 +0200
===== END
===== START
C	193a87ff139c47be8bfe8ce56f89d946	e6a1e28c1d8e4452a95754e47af62dfa	2019-11-21 13:29:59 +0300	2019-11-21 13:09:17 +0300	2019-09-02 13:59:00 +0300	95839397af674a06897deec940317c85	64 1 100 Lise Arkası		2019 Ağustos 2020 Lise Arkası 1/4 hisse				n	975000/100	975000/100	1970-01-01 02:00:00 +0200
C	193a87ff139c47be8bfe8ce56f89d946	800f07a5f7bc4365b84c5894af4a27b6	2019-11-21 13:29:59 +0300	2019-11-21 13:09:17 +0300	2019-09-02 13:59:00 +0300	3aa1ec8129524dc2bd8d898c2c0ecfcf	320 5 Selanik Mermer		2019 Ağustos 2020 Lise Arkası 1/4 hisse				n	-975000/100	-975000/100	1970-01-01 02:00:00 +0200
===== END
===== START
===== END
===== START
D	291ec4ca087249bfb4f9e2664941bafb	ddef42b84eb547d2a8d48a47d9215829	2019-11-21 13:32:22 +0300	2019-11-21 13:32:22 +0300	2019-11-21 13:59:00 +0300								n	0/1	0/100	1970-01-01 02:00:00 +0200
===== END
===== START
D	c5d584b84ae445eb9e4615532be4b398	986ef10865184e5cb1977e7f7c443ac2	2019-11-21 13:32:26 +0300	2019-11-21 13:32:26 +0300	2019-11-21 13:59:00 +0300								n	0/1	0/100	1970-01-01 02:00:00 +0200
===== END
===== START
C	17ee9d62cbb542beadc3d740a5651f65	d3cd9e10eb6c4677837e6a6d91f0a399	2019-11-21 13:33:17 +0300	2019-11-21 13:33:17 +0300	2019-11-21 13:59:00 +0300	3aa1ec8129524dc2bd8d898c2c0ecfcf	320 5 Selanik Mermer						n	9595720/100	9595720/100	1970-01-01 02:00:00 +0200
C	17ee9d62cbb542beadc3d740a5651f65	64d844fd3bd140adb789229553526b28	2019-11-21 13:33:17 +0300	2019-11-21 13:33:17 +0300	2019-11-21 13:59:00 +0300	d6f86156a93242cc994b54e04382956e	108 Eski Hesaplar Kasası						n	-9595720/100	-9595720/100	1970-01-01 02:00:00 +0200
===== END
===== START
===== END
===== START
C	9038f09e2db2491fbadcdf9ba2fe9920	13d5c1ec671f4d32a6e7de16e2ad8535	2019-11-21 13:33:42 +0300	2019-11-21 13:33:42 +0300	2019-11-21 13:59:00 +0300	3aa1ec8129524dc2bd8d898c2c0ecfcf	320 5 Selanik Mermer						n	18417854/100	18417854/100	1970-01-01 02:00:00 +0200
C	9038f09e2db2491fbadcdf9ba2fe9920	e22fd7be1b2c455dba683b82b2b25f4e	2019-11-21 13:33:42 +0300	2019-11-21 13:33:42 +0300	2019-11-21 13:59:00 +0300	d6f86156a93242cc994b54e04382956e	108 Eski Hesaplar Kasası						n	-18417854/100	-18417854/100	1970-01-01 02:00:00 +0200
===== END
===== START
===== END
===== START
B	17ee9d62cbb542beadc3d740a5651f65	d3cd9e10eb6c4677837e6a6d91f0a399	2019-11-21 13:34:06 +0300	2019-11-21 13:33:17 +0300	2019-11-21 13:59:00 +0300	3aa1ec8129524dc2bd8d898c2c0ecfcf	320 5 Selanik Mermer						n	9595720/100	9595720/100	1970-01-01 02:00:00 +0200
B	17ee9d62cbb542beadc3d740a5651f65	64d844fd3bd140adb789229553526b28	2019-11-21 13:34:06 +0300	2019-11-21 13:33:17 +0300	2019-11-21 13:59:00 +0300	d6f86156a93242cc994b54e04382956e	108 Eski Hesaplar Kasası						n	-9595720/100	-9595720/100	1970-01-01 02:00:00 +0200
===== END
===== START
C	17ee9d62cbb542beadc3d740a5651f65	d3cd9e10eb6c4677837e6a6d91f0a399	2019-11-21 13:34:06 +0300	2019-11-21 13:33:17 +0300	2019-11-21 13:59:00 +0300	3aa1ec8129524dc2bd8d898c2c0ecfcf	320 5 Selanik Mermer						n	-9595720/100	-9595720/100	1970-01-01 02:00:00 +0200
C	17ee9d62cbb542beadc3d740a5651f65	64d844fd3bd140adb789229553526b28	2019-11-21 13:34:06 +0300	2019-11-21 13:33:17 +0300	2019-11-21 13:59:00 +0300	d6f86156a93242cc994b54e04382956e	108 Eski Hesaplar Kasası						n	9595720/100	9595720/100	1970-01-01 02:00:00 +0200
===== END
===== START
B	9038f09e2db2491fbadcdf9ba2fe9920	13d5c1ec671f4d32a6e7de16e2ad8535	2019-11-21 13:34:14 +0300	2019-11-21 13:33:42 +0300	2019-11-21 13:59:00 +0300	3aa1ec8129524dc2bd8d898c2c0ecfcf	320 5 Selanik Mermer						n	18417854/100	18417854/100	1970-01-01 02:00:00 +0200
B	9038f09e2db2491fbadcdf9ba2fe9920	e22fd7be1b2c455dba683b82b2b25f4e	2019-11-21 13:34:14 +0300	2019-11-21 13:33:42 +0300	2019-11-21 13:59:00 +0300	d6f86156a93242cc994b54e04382956e	108 Eski Hesaplar Kasası						n	-18417854/100	-18417854/100	1970-01-01 02:00:00 +0200
===== END
===== START
C	9038f09e2db2491fbadcdf9ba2fe9920	13d5c1ec671f4d32a6e7de16e2ad8535	2019-11-21 13:34:14 +0300	2019-11-21 13:33:42 +0300	2019-11-21 13:59:00 +0300	3aa1ec8129524dc2bd8d898c2c0ecfcf	320 5 Selanik Mermer						n	-18417854/100	-18417854/100	1970-01-01 02:00:00 +0200
C	9038f09e2db2491fbadcdf9ba2fe9920	e22fd7be1b2c455dba683b82b2b25f4e	2019-11-21 13:34:14 +0300	2019-11-21 13:33:42 +0300	2019-11-21 13:59:00 +0300	d6f86156a93242cc994b54e04382956e	108 Eski Hesaplar Kasası						n	18417854/100	18417854/100	1970-01-01 02:00:00 +0200
===== END
===== START
C	e4faa0fe480e4a778e658a8aefb88067	500fd4caacd7432abb9a0be8fc638a97	2019-11-21 13:35:11 +0300	2019-11-21 13:35:11 +0300	2011-04-03 13:59:00 +0300	d6f86156a93242cc994b54e04382956e	108 Eski Hesaplar Kasası						n	-22014506/100	-22014506/100	1970-01-01 02:00:00 +0200
C	e4faa0fe480e4a778e658a8aefb88067	e49eed42ef19487bab2c40317b48b41c	2019-11-21 13:35:11 +0300	2019-11-21 13:35:11 +0300	2011-04-03 13:59:00 +0300	3a63f12134c244fa86b69fbbccbba3e0	Açık-TRY						n	22014506/100	22014506/100	1970-01-01 02:00:00 +0200
===== END
===== START
===== END
===== START
B	e4faa0fe480e4a778e658a8aefb88067	e49eed42ef19487bab2c40317b48b41c	2019-11-21 13:38:29 +0300	2019-11-21 13:35:11 +0300	2011-04-03 13:59:00 +0300	3a63f12134c244fa86b69fbbccbba3e0	Açık-TRY						n	22014506/100	22014506/100	1970-01-01 02:00:00 +0200
B	e4faa0fe480e4a778e658a8aefb88067	500fd4caacd7432abb9a0be8fc638a97	2019-11-21 13:38:29 +0300	2019-11-21 13:35:11 +0300	2011-04-03 13:59:00 +0300	d6f86156a93242cc994b54e04382956e	108 Eski Hesaplar Kasası						n	-22014506/100	-22014506/100	1970-01-01 02:00:00 +0200
===== END
===== START
C	e4faa0fe480e4a778e658a8aefb88067	e49eed42ef19487bab2c40317b48b41c	2019-11-21 13:38:29 +0300	2019-11-21 13:35:11 +0300	2011-04-03 13:59:00 +0300	3aa1ec8129524dc2bd8d898c2c0ecfcf	320 5 Selanik Mermer						n	22014506/100	22014506/100	1970-01-01 02:00:00 +0200
C	e4faa0fe480e4a778e658a8aefb88067	500fd4caacd7432abb9a0be8fc638a97	2019-11-21 13:38:29 +0300	2019-11-21 13:35:11 +0300	2011-04-03 13:59:00 +0300	d6f86156a93242cc994b54e04382956e	108 Eski Hesaplar Kasası						n	-22014506/100	-22014506/100	1970-01-01 02:00:00 +0200
===== END
