mod	trans_guid	split_guid	time_now	date_entered	date_posted	acc_guid	acc_name	num	description	notes	memo	action	reconciled	amount	value	date_reconciled
-----------------
===== START
===== END
===== START
C	c4af460e69e649fa94a7d3824542c009	33ca43fbde954136a25457d533c48ad9	2019-12-03 09:19:49 +0300	2019-12-03 09:19:49 +0300	2019-12-03 13:59:00 +0300	62cf67902c2f48c28059ec3005e4290f	64 1 540 240m2						n	2000000/100	2000000/100	1970-01-01 02:00:00 +0200
C	c4af460e69e649fa94a7d3824542c009	21db8382413144b797b8a057e80487fc	2019-12-03 09:19:49 +0300	2019-12-03 09:19:49 +0300	2019-12-03 13:59:00 +0300	3a63f12134c244fa86b69fbbccbba3e0	Açık-TRY						n	-2000000/100	-2000000/100	1970-01-01 02:00:00 +0200
===== END
===== START
===== END
===== START
C	1a3fe9ee6b0b486ca705b9fe44f0086c	4a811b3770ff4661916ab1fe75d8378a	2019-12-03 09:19:54 +0300	2019-12-03 09:19:54 +0300	2019-12-03 13:59:00 +0300	62cf67902c2f48c28059ec3005e4290f	64 1 540 240m2						n	1500000/100	1500000/100	1970-01-01 02:00:00 +0200
C	1a3fe9ee6b0b486ca705b9fe44f0086c	46e5c67952884e448dba9ca8da2415ed	2019-12-03 09:19:54 +0300	2019-12-03 09:19:54 +0300	2019-12-03 13:59:00 +0300	3a63f12134c244fa86b69fbbccbba3e0	Açık-TRY						n	-1500000/100	-1500000/100	1970-01-01 02:00:00 +0200
===== END
===== START
===== END
===== START
===== END
===== START
B	c0f475b39dba4179994aa57076af49ec	e635556cf68a4d6e8bdd1f160a247c14	2019-12-03 09:20:22 +0300	2019-12-03 09:09:57 +0300	2019-12-03 13:59:00 +0300	c2b13be78e8048f7aae3ea7a912f6ef0	63 1 540 Sanayi 240 m2		taban betonu işçiliği				n	2000000/100	2000000/100	1970-01-01 02:00:00 +0200
B	c0f475b39dba4179994aa57076af49ec	78c243fffd464df184106aae4ad769d3	2019-12-03 09:20:22 +0300	2019-12-03 09:09:57 +0300	2019-12-03 13:59:00 +0300	3aa1ec8129524dc2bd8d898c2c0ecfcf	320 5 Selanik Mermer		taban betonu işçiliği				n	-2000000/100	-2000000/100	1970-01-01 02:00:00 +0200
===== END
===== START
C	c0f475b39dba4179994aa57076af49ec	e635556cf68a4d6e8bdd1f160a247c14	2019-12-03 09:20:22 +0300	2019-12-03 09:09:57 +0300	2019-12-03 13:59:00 +0300	62cf67902c2f48c28059ec3005e4290f	64 1 540 240m2		taban betonu işçiliği				n	2000000/100	2000000/100	1970-01-01 02:00:00 +0200
C	c0f475b39dba4179994aa57076af49ec	78c243fffd464df184106aae4ad769d3	2019-12-03 09:20:22 +0300	2019-12-03 09:09:57 +0300	2019-12-03 13:59:00 +0300	3aa1ec8129524dc2bd8d898c2c0ecfcf	320 5 Selanik Mermer		taban betonu işçiliği				n	-2000000/100	-2000000/100	1970-01-01 02:00:00 +0200
===== END
===== START
B	c4af460e69e649fa94a7d3824542c009	33ca43fbde954136a25457d533c48ad9	2019-12-03 09:20:30 +0300	2019-12-03 09:19:49 +0300	2019-12-03 13:59:00 +0300	62cf67902c2f48c28059ec3005e4290f	64 1 540 240m2						n	2000000/100	2000000/100	1970-01-01 02:00:00 +0200
B	c4af460e69e649fa94a7d3824542c009	21db8382413144b797b8a057e80487fc	2019-12-03 09:20:30 +0300	2019-12-03 09:19:49 +0300	2019-12-03 13:59:00 +0300	3a63f12134c244fa86b69fbbccbba3e0	Açık-TRY						n	-2000000/100	-2000000/100	1970-01-01 02:00:00 +0200
===== END
===== START
D	c4af460e69e649fa94a7d3824542c009	33ca43fbde954136a25457d533c48ad9	2019-12-03 09:20:30 +0300	2019-12-03 09:19:49 +0300	2019-12-03 13:59:00 +0300	62cf67902c2f48c28059ec3005e4290f	64 1 540 240m2						n	2000000/100	2000000/100	1970-01-01 02:00:00 +0200
D	c4af460e69e649fa94a7d3824542c009	21db8382413144b797b8a057e80487fc	2019-12-03 09:20:30 +0300	2019-12-03 09:19:49 +0300	2019-12-03 13:59:00 +0300	3a63f12134c244fa86b69fbbccbba3e0	Açık-TRY						n	-2000000/100	-2000000/100	1970-01-01 02:00:00 +0200
===== END
===== START
B	1a3fe9ee6b0b486ca705b9fe44f0086c	4a811b3770ff4661916ab1fe75d8378a	2019-12-03 09:20:33 +0300	2019-12-03 09:19:54 +0300	2019-12-03 13:59:00 +0300	62cf67902c2f48c28059ec3005e4290f	64 1 540 240m2						n	1500000/100	1500000/100	1970-01-01 02:00:00 +0200
B	1a3fe9ee6b0b486ca705b9fe44f0086c	46e5c67952884e448dba9ca8da2415ed	2019-12-03 09:20:33 +0300	2019-12-03 09:19:54 +0300	2019-12-03 13:59:00 +0300	3a63f12134c244fa86b69fbbccbba3e0	Açık-TRY						n	-1500000/100	-1500000/100	1970-01-01 02:00:00 +0200
===== END
===== START
D	1a3fe9ee6b0b486ca705b9fe44f0086c	4a811b3770ff4661916ab1fe75d8378a	2019-12-03 09:20:33 +0300	2019-12-03 09:19:54 +0300	2019-12-03 13:59:00 +0300	62cf67902c2f48c28059ec3005e4290f	64 1 540 240m2						n	1500000/100	1500000/100	1970-01-01 02:00:00 +0200
D	1a3fe9ee6b0b486ca705b9fe44f0086c	46e5c67952884e448dba9ca8da2415ed	2019-12-03 09:20:33 +0300	2019-12-03 09:19:54 +0300	2019-12-03 13:59:00 +0300	3a63f12134c244fa86b69fbbccbba3e0	Açık-TRY						n	-1500000/100	-1500000/100	1970-01-01 02:00:00 +0200
===== END
===== START
===== END
===== START
B	4ffd8cae97f044cfaef58b38bcefee50	e1924209259d4a0ea70ec003be907507	2019-12-03 09:21:05 +0300	2019-12-03 09:12:28 +0300	2019-12-03 13:59:00 +0300	c2b13be78e8048f7aae3ea7a912f6ef0	63 1 540 Sanayi 240 m2						n	1500000/100	1500000/100	1970-01-01 02:00:00 +0200
B	4ffd8cae97f044cfaef58b38bcefee50	de1289a5db5c4376be5c9150b816b357	2019-12-03 09:21:05 +0300	2019-12-03 09:12:28 +0300	2019-12-03 13:59:00 +0300	ade53e1bccf94f51bb083bf7ca4f2dea	64 0 İşçilik Gelirleri						n	-1500000/100	-1500000/100	1970-01-01 02:00:00 +0200
===== END
===== START
C	4ffd8cae97f044cfaef58b38bcefee50	e1924209259d4a0ea70ec003be907507	2019-12-03 09:21:05 +0300	2019-12-03 09:12:28 +0300	2019-12-03 13:59:00 +0300	62cf67902c2f48c28059ec3005e4290f	64 1 540 240m2						n	1500000/100	1500000/100	1970-01-01 02:00:00 +0200
C	4ffd8cae97f044cfaef58b38bcefee50	de1289a5db5c4376be5c9150b816b357	2019-12-03 09:21:05 +0300	2019-12-03 09:12:28 +0300	2019-12-03 13:59:00 +0300	ade53e1bccf94f51bb083bf7ca4f2dea	64 0 İşçilik Gelirleri						n	-1500000/100	-1500000/100	1970-01-01 02:00:00 +0200
===== END
===== START
B	4ffd8cae97f044cfaef58b38bcefee50	e1924209259d4a0ea70ec003be907507	2019-12-03 09:21:17 +0300	2019-12-03 09:12:28 +0300	2019-12-03 13:59:00 +0300	62cf67902c2f48c28059ec3005e4290f	64 1 540 240m2						n	1500000/100	1500000/100	1970-01-01 02:00:00 +0200
B	4ffd8cae97f044cfaef58b38bcefee50	de1289a5db5c4376be5c9150b816b357	2019-12-03 09:21:17 +0300	2019-12-03 09:12:28 +0300	2019-12-03 13:59:00 +0300	ade53e1bccf94f51bb083bf7ca4f2dea	64 0 İşçilik Gelirleri						n	-1500000/100	-1500000/100	1970-01-01 02:00:00 +0200
===== END
===== START
C	4ffd8cae97f044cfaef58b38bcefee50	e1924209259d4a0ea70ec003be907507	2019-12-03 09:21:17 +0300	2019-12-03 09:12:28 +0300	2019-12-03 13:59:00 +0300	62cf67902c2f48c28059ec3005e4290f	64 1 540 240m2		taban betonu işçiliği				n	1500000/100	1500000/100	1970-01-01 02:00:00 +0200
C	4ffd8cae97f044cfaef58b38bcefee50	de1289a5db5c4376be5c9150b816b357	2019-12-03 09:21:17 +0300	2019-12-03 09:12:28 +0300	2019-12-03 13:59:00 +0300	ade53e1bccf94f51bb083bf7ca4f2dea	64 0 İşçilik Gelirleri		taban betonu işçiliği				n	-1500000/100	-1500000/100	1970-01-01 02:00:00 +0200
===== END
===== START
D	52e876b091c24f95b11a270abc797819	f00077f985284d4f82133186d8a18711	2019-12-03 09:21:40 +0300	2019-12-03 09:21:40 +0300	2019-12-03 13:59:00 +0300								n	0/1	0/100	1970-01-01 02:00:00 +0200
===== END
===== START
D	2bdcdbe35d4d473c9a899a8b24a3f1f0	94d69ef716a9400eb9a0fd36a32a50eb	2019-12-03 09:21:45 +0300	2019-12-03 09:21:45 +0300	2019-12-03 13:59:00 +0300								n	0/1	0/100	1970-01-01 02:00:00 +0200
===== END
===== START
D	a31a89db1ec74a3b82a163ef775c2c68	a7024c3184e9460c808e7f4b541c8e13	2019-12-03 09:21:54 +0300	2019-12-03 09:21:54 +0300	2019-12-03 13:59:00 +0300								n	0/1	0/100	1970-01-01 02:00:00 +0200
===== END
===== START
D	3d6310e314d247a39d6a28a67a5922c4	ecfaab10ca374bcf900f80fda251d2d0	2019-12-03 09:22:11 +0300	2019-12-03 09:22:11 +0300	2019-12-03 13:59:00 +0300								n	0/1	0/100	1970-01-01 02:00:00 +0200
===== END
===== START
===== END
===== START
===== END
===== START
C	035118045bf94e9ea105937a51f97dad	1e8e1fc96eec4904a3b44f98967b2d65	2019-12-03 09:23:31 +0300	2019-12-03 09:23:31 +0300	2019-12-03 13:59:00 +0300	62cf67902c2f48c28059ec3005e4290f	64 1 540 240m2						n	249275/100	249275/100	1970-01-01 02:00:00 +0200
C	035118045bf94e9ea105937a51f97dad	8d35f7ed6f674782b8632d8a395b8096	2019-12-03 09:23:31 +0300	2019-12-03 09:23:31 +0300	2019-12-03 13:59:00 +0300	19d2a9a581d547b0b202c28f97c62188	320 4 Nazan Balcı						n	-249275/100	-249275/100	1970-01-01 02:00:00 +0200
===== END
===== START
===== END
===== START
C	d68e2f13a871402db86177c71f6b114f	0912f019e70241ab88caabfed3695977	2019-12-03 09:24:10 +0300	2019-12-03 09:24:10 +0300	2019-12-03 13:59:00 +0300	62cf67902c2f48c28059ec3005e4290f	64 1 540 240m2		2019 sn				n	402225/100	402225/100	1970-01-01 02:00:00 +0200
C	d68e2f13a871402db86177c71f6b114f	9295d2ee61f94f54898d9bf22036f8c8	2019-12-03 09:24:10 +0300	2019-12-03 09:24:10 +0300	2019-12-03 13:59:00 +0300	deabaef30fc841ac9337e26a874ae856	100 KASA		2019 sn				n	-402225/100	-402225/100	1970-01-01 02:00:00 +0200
===== END
===== START
===== END
===== START
B	d68e2f13a871402db86177c71f6b114f	0912f019e70241ab88caabfed3695977	2019-12-03 09:24:29 +0300	2019-12-03 09:24:10 +0300	2019-12-03 13:59:00 +0300	62cf67902c2f48c28059ec3005e4290f	64 1 540 240m2		2019 sn				n	402225/100	402225/100	1970-01-01 02:00:00 +0200
B	d68e2f13a871402db86177c71f6b114f	9295d2ee61f94f54898d9bf22036f8c8	2019-12-03 09:24:29 +0300	2019-12-03 09:24:10 +0300	2019-12-03 13:59:00 +0300	deabaef30fc841ac9337e26a874ae856	100 KASA		2019 sn				n	-402225/100	-402225/100	1970-01-01 02:00:00 +0200
===== END
===== START
C	d68e2f13a871402db86177c71f6b114f	0912f019e70241ab88caabfed3695977	2019-12-03 09:24:29 +0300	2019-12-03 09:24:10 +0300	2019-12-03 13:59:00 +0300	62cf67902c2f48c28059ec3005e4290f	64 1 540 240m2		2019 Sanayi 240m2 Kira Geliri				n	402225/100	402225/100	1970-01-01 02:00:00 +0200
C	d68e2f13a871402db86177c71f6b114f	9295d2ee61f94f54898d9bf22036f8c8	2019-12-03 09:24:29 +0300	2019-12-03 09:24:10 +0300	2019-12-03 13:59:00 +0300	deabaef30fc841ac9337e26a874ae856	100 KASA		2019 Sanayi 240m2 Kira Geliri				n	-402225/100	-402225/100	1970-01-01 02:00:00 +0200
===== END
===== START
B	d68e2f13a871402db86177c71f6b114f	0912f019e70241ab88caabfed3695977	2019-12-03 09:25:10 +0300	2019-12-03 09:24:10 +0300	2019-12-03 13:59:00 +0300	62cf67902c2f48c28059ec3005e4290f	64 1 540 240m2		2019 Sanayi 240m2 Kira Geliri				n	402225/100	402225/100	1970-01-01 02:00:00 +0200
B	d68e2f13a871402db86177c71f6b114f	9295d2ee61f94f54898d9bf22036f8c8	2019-12-03 09:25:10 +0300	2019-12-03 09:24:10 +0300	2019-12-03 13:59:00 +0300	deabaef30fc841ac9337e26a874ae856	100 KASA		2019 Sanayi 240m2 Kira Geliri				n	-402225/100	-402225/100	1970-01-01 02:00:00 +0200
===== END
===== START
D	d68e2f13a871402db86177c71f6b114f	0912f019e70241ab88caabfed3695977	2019-12-03 09:25:10 +0300	2019-12-03 09:24:10 +0300	2019-12-03 13:59:00 +0300	62cf67902c2f48c28059ec3005e4290f	64 1 540 240m2		2019 Sanayi 240m2 Kira Geliri				n	402225/100	402225/100	1970-01-01 02:00:00 +0200
D	d68e2f13a871402db86177c71f6b114f	9295d2ee61f94f54898d9bf22036f8c8	2019-12-03 09:25:10 +0300	2019-12-03 09:24:10 +0300	2019-12-03 13:59:00 +0300	deabaef30fc841ac9337e26a874ae856	100 KASA		2019 Sanayi 240m2 Kira Geliri				n	-402225/100	-402225/100	1970-01-01 02:00:00 +0200
===== END
===== START
===== END
===== START
===== END
===== START
D	4172403033f149d7b9a7022c570bd50f	4d963c62ce1c41f5aafeba25f2e38fa6	2019-12-03 09:27:09 +0300	2019-12-03 09:27:09 +0300	2019-12-03 13:59:00 +0300								n	0/1	0/100	1970-01-01 02:00:00 +0200
===== END
===== START
D	38032d94d2db47529713aeabcabaf7f4	b16f62308e3f4288b404e13000d65fca	2019-12-03 09:27:11 +0300	2019-12-03 09:27:11 +0300	2019-12-03 13:59:00 +0300								n	0/1	0/100	1970-01-01 02:00:00 +0200
===== END
===== START
D	7b01865fef084382aa3552ce9994ee70	f3e1e876258b40f082dad554bda2412f	2019-12-03 09:27:13 +0300	2019-12-03 09:27:13 +0300	2019-12-03 13:59:00 +0300								n	0/1	0/100	1970-01-01 02:00:00 +0200
===== END
===== START
D	ae734a1c8c1b48faa1da63d02d7d4d75	3cb549c1254a484e9ccf1f2b441d9d5c	2019-12-03 09:27:15 +0300	2019-12-03 09:27:15 +0300	2019-12-03 13:59:00 +0300								n	0/1	0/100	1970-01-01 02:00:00 +0200
===== END
===== START
===== END
===== START
D	4b3bc46f270d43bfb302a1482e68dff4	84e13a1ae40f4a95bade2842f3622d98	2019-12-03 09:33:06 +0300	2019-12-03 09:33:06 +0300	2019-12-03 13:59:00 +0300								n	0/1	0/100	1970-01-01 02:00:00 +0200
===== END
===== START
===== END
===== START
===== END
===== START
D	4f36cca535a64634b3c33c2745de2d56	87ae54499f2e474882956f72b9f89b6c	2019-12-03 09:33:48 +0300	2019-12-03 09:33:48 +0300	2019-12-03 13:59:00 +0300								n	0/1	0/100	1970-01-01 02:00:00 +0200
===== END
===== START
===== END
===== START
B	035118045bf94e9ea105937a51f97dad	1e8e1fc96eec4904a3b44f98967b2d65	2019-12-03 09:34:11 +0300	2019-12-03 09:23:31 +0300	2019-12-03 13:59:00 +0300	62cf67902c2f48c28059ec3005e4290f	64 1 540 240m2						n	249275/100	249275/100	1970-01-01 02:00:00 +0200
B	035118045bf94e9ea105937a51f97dad	8d35f7ed6f674782b8632d8a395b8096	2019-12-03 09:34:11 +0300	2019-12-03 09:23:31 +0300	2019-12-03 13:59:00 +0300	19d2a9a581d547b0b202c28f97c62188	320 4 Nazan Balcı						n	-249275/100	-249275/100	1970-01-01 02:00:00 +0200
===== END
===== START
C	035118045bf94e9ea105937a51f97dad	1e8e1fc96eec4904a3b44f98967b2d65	2019-12-03 09:34:11 +0300	2019-12-03 09:23:31 +0300	2019-12-03 13:59:00 +0300	62cf67902c2f48c28059ec3005e4290f	64 1 540 240m2						n	0/100	0/100	1970-01-01 02:00:00 +0200
C	035118045bf94e9ea105937a51f97dad	8d35f7ed6f674782b8632d8a395b8096	2019-12-03 09:34:11 +0300	2019-12-03 09:23:31 +0300	2019-12-03 13:59:00 +0300	19d2a9a581d547b0b202c28f97c62188	320 4 Nazan Balcı						n	0/100	0/100	1970-01-01 02:00:00 +0200
===== END
===== START
C	0ef6fc45dacc4fbfa140a633ff43eeea	78c4aca809a04a919c3e0b5941972362	2019-12-03 09:34:34 +0300	2019-12-03 09:34:34 +0300	2019-12-03 13:59:00 +0300	62cf67902c2f48c28059ec3005e4290f	64 1 540 240m2		2018 1 Emlak Vergisi				n	0/100	0/100	1970-01-01 02:00:00 +0200
===== END
===== START
===== END
