mod	trans_guid	split_guid	time_now	date_entered	date_posted	acc_guid	acc_name	num	description	notes	memo	action	reconciled	amount	value	date_reconciled
-----------------
===== START
===== END
===== START
===== END
===== START
D	64c201c0faab426f865192a31724b4a0	ab116a842a8f4f7f9fe090d7c9154a2c	2019-12-03 15:03:14 +0300	2019-12-03 15:03:14 +0300	2019-12-03 13:59:00 +0300								n	0/1	0/100	1970-01-01 02:00:00 +0200
===== END
===== START
D	1cecf8a9e7d449cb90802eec60ee1d7b	ce5e72da24824671a7768a57a439f7a2	2019-12-03 15:03:15 +0300	2019-12-03 15:03:15 +0300	2019-12-03 13:59:00 +0300								n	0/1	0/100	1970-01-01 02:00:00 +0200
===== END
===== START
===== END
===== START
D	971cb5ffba8b40b8aec54c080463c986	b34aea4df81f46e08e5caf10ca4746c6	2019-12-03 15:04:44 +0300	2019-12-03 15:04:44 +0300	2019-12-03 13:59:00 +0300								n	0/1	0/100	1970-01-01 02:00:00 +0200
===== END
===== START
===== END
===== START
D	b4d0feaaa3624c1a8e7ac3211db7310d	0f5c40ce96c2465bbc503c0416b90b62	2019-12-03 15:04:56 +0300	2019-12-03 15:04:56 +0300	2019-12-03 13:59:00 +0300								n	0/1	0/100	1970-01-01 02:00:00 +0200
===== END
===== START
D	d553cf0699fa4851a55f7bdcfd468ad5	4dfbf32f4a2f48108d175b7bedd8e5bd	2019-12-03 15:41:02 +0300	2019-12-03 15:41:02 +0300	2018-03-12 13:59:00 +0300								n	0/1	0/100	1970-01-01 02:00:00 +0200
===== END
