mod	trans_guid	split_guid	time_now	date_entered	date_posted	acc_guid	acc_name	num	description	notes	memo	action	reconciled	amount	value	date_reconciled
-----------------
===== START
D	979f49233eab4d36b1a055258d5d2dc2	24f965ffc2254ec8aad00e0f33a3e266	2019-12-05 15:25:15 +0300	2019-12-05 15:25:15 +0300	2019-12-05 13:59:00 +0300								n	0/1	0/100	1970-01-01 02:00:00 +0200
===== END
===== START
===== END
===== START
D	bd452474a28447e8aa2b1e9d698a2f80	fedecf68d381491d94bc9fcd5ec3da5c	2019-12-05 15:26:19 +0300	2019-12-05 15:26:19 +0300	2019-12-05 13:59:00 +0300								n	0/1	0/100	1970-01-01 02:00:00 +0200
===== END
===== START
===== END
===== START
===== END
===== START
B	5003fb7139904872b9d16fededac80d9	bfb917b6ad0c485d88c933248574c352	2019-12-05 15:27:03 +0300	2019-12-04 16:48:08 +0300	2018-12-31 13:59:00 +0300	deabaef30fc841ac9337e26a874ae856	100 KASA						n	14262880/100	14262880/100	1970-01-01 02:00:00 +0200
B	5003fb7139904872b9d16fededac80d9	6f5278af19f04ec996cc4d08a73d53d2	2019-12-05 15:27:03 +0300	2019-12-04 16:48:08 +0300	2018-12-31 13:59:00 +0300	e6db76ce4a5e41658984bd1f654da1bd	127 100 Ahmet Çalışkan						n	-14262880/100	-14262880/100	1970-01-01 02:00:00 +0200
===== END
===== START
C	5003fb7139904872b9d16fededac80d9	bfb917b6ad0c485d88c933248574c352	2019-12-05 15:27:03 +0300	2019-12-04 16:48:08 +0300	2018-12-31 13:59:00 +0300	d0e0c6ad9e5e4635a956e3b966797d0c	100 100 Kasa Lise Arkası						n	14262880/100	14262880/100	1970-01-01 02:00:00 +0200
C	5003fb7139904872b9d16fededac80d9	6f5278af19f04ec996cc4d08a73d53d2	2019-12-05 15:27:03 +0300	2019-12-04 16:48:08 +0300	2018-12-31 13:59:00 +0300	e6db76ce4a5e41658984bd1f654da1bd	127 100 Ahmet Çalışkan						n	-14262880/100	-14262880/100	1970-01-01 02:00:00 +0200
===== END
===== START
B	5003fb7139904872b9d16fededac80d9	bfb917b6ad0c485d88c933248574c352	2019-12-05 15:27:52 +0300	2019-12-04 16:48:08 +0300	2018-12-31 13:59:00 +0300	d0e0c6ad9e5e4635a956e3b966797d0c	100 100 Kasa Lise Arkası						n	14262880/100	14262880/100	1970-01-01 02:00:00 +0200
B	5003fb7139904872b9d16fededac80d9	6f5278af19f04ec996cc4d08a73d53d2	2019-12-05 15:27:52 +0300	2019-12-04 16:48:08 +0300	2018-12-31 13:59:00 +0300	e6db76ce4a5e41658984bd1f654da1bd	127 100 Ahmet Çalışkan						n	-14262880/100	-14262880/100	1970-01-01 02:00:00 +0200
===== END
===== START
C	5003fb7139904872b9d16fededac80d9	bfb917b6ad0c485d88c933248574c352	2019-12-05 15:27:52 +0300	2019-12-04 16:48:08 +0300	2018-12-31 13:59:00 +0300	d0e0c6ad9e5e4635a956e3b966797d0c	100 100 Kasa Lise Arkası		2011-2018 LA Kira Ödemesi 				n	14262880/100	14262880/100	1970-01-01 02:00:00 +0200
C	5003fb7139904872b9d16fededac80d9	6f5278af19f04ec996cc4d08a73d53d2	2019-12-05 15:27:52 +0300	2019-12-04 16:48:08 +0300	2018-12-31 13:59:00 +0300	e6db76ce4a5e41658984bd1f654da1bd	127 100 Ahmet Çalışkan		2011-2018 LA Kira Ödemesi 				n	-14262880/100	-14262880/100	1970-01-01 02:00:00 +0200
===== END
===== START
B	61631552ef6f4abf93e70c03d4d17a2b	fac0e195eed5479e94889797b21263bd	2019-12-05 15:28:09 +0300	2019-11-19 07:26:22 +0300	2019-09-12 13:59:00 +0300	d0e0c6ad9e5e4635a956e3b966797d0c	100 100 Kasa Lise Arkası		Lise Arkası Kira Ödemesi - Ahmet Çalışkan				n	3900000/100	3900000/100	1970-01-01 02:00:00 +0200
B	61631552ef6f4abf93e70c03d4d17a2b	3034bca795dc45228d5db892962f7346	2019-12-05 15:28:09 +0300	2019-11-19 07:26:22 +0300	2019-09-12 13:59:00 +0300	e6db76ce4a5e41658984bd1f654da1bd	127 100 Ahmet Çalışkan		Lise Arkası Kira Ödemesi - Ahmet Çalışkan				n	-3900000/100	-3900000/100	1970-01-01 02:00:00 +0200
===== END
===== START
C	61631552ef6f4abf93e70c03d4d17a2b	fac0e195eed5479e94889797b21263bd	2019-12-05 15:28:09 +0300	2019-11-19 07:26:22 +0300	2019-09-12 13:59:00 +0300	d0e0c6ad9e5e4635a956e3b966797d0c	100 100 Kasa Lise Arkası		2019 LA Kira Ödemesi - Ahmet Çalışkan				n	3900000/100	3900000/100	1970-01-01 02:00:00 +0200
C	61631552ef6f4abf93e70c03d4d17a2b	3034bca795dc45228d5db892962f7346	2019-12-05 15:28:09 +0300	2019-11-19 07:26:22 +0300	2019-09-12 13:59:00 +0300	e6db76ce4a5e41658984bd1f654da1bd	127 100 Ahmet Çalışkan		2019 LA Kira Ödemesi - Ahmet Çalışkan				n	-3900000/100	-3900000/100	1970-01-01 02:00:00 +0200
===== END
===== START
D	8b6ee13b63944e91b22343397f0d67f4	9cf0a4e0a325412eaf0335e659cc33fa	2019-12-05 15:28:11 +0300	2019-12-05 15:28:11 +0300	2019-12-05 13:59:00 +0300								n	0/1	0/100	1970-01-01 02:00:00 +0200
===== END
===== START
C	98accbe4b4da402485eea47be47d87c1	8ba2ad6cfded4657b339155eda882b13	2019-12-05 15:28:24 +0300	2019-12-05 15:28:24 +0300	2018-12-31 13:59:00 +0300	d0e0c6ad9e5e4635a956e3b966797d0c	100 100 Kasa Lise Arkası						n	0/100	0/100	1970-01-01 02:00:00 +0200
===== END
===== START
===== END
===== START
B	98accbe4b4da402485eea47be47d87c1	8ba2ad6cfded4657b339155eda882b13	2019-12-05 15:28:39 +0300	2019-12-05 15:28:24 +0300	2018-12-31 13:59:00 +0300	d0e0c6ad9e5e4635a956e3b966797d0c	100 100 Kasa Lise Arkası						n	0/100	0/100	1970-01-01 02:00:00 +0200
===== END
===== START
C	98accbe4b4da402485eea47be47d87c1	8ba2ad6cfded4657b339155eda882b13	2019-12-05 15:28:39 +0300	2019-12-05 15:28:24 +0300	2018-12-31 13:59:00 +0300	d0e0c6ad9e5e4635a956e3b966797d0c	100 100 Kasa Lise Arkası		2011-2018 LA Kira Ödemesi 				n	0/100	0/100	1970-01-01 02:00:00 +0200
===== END
===== START
B	98accbe4b4da402485eea47be47d87c1	8ba2ad6cfded4657b339155eda882b13	2019-12-05 15:29:10 +0300	2019-12-05 15:28:24 +0300	2018-12-31 13:59:00 +0300	d0e0c6ad9e5e4635a956e3b966797d0c	100 100 Kasa Lise Arkası		2011-2018 LA Kira Ödemesi 				n	0/100	0/100	1970-01-01 02:00:00 +0200
===== END
===== START
C	98accbe4b4da402485eea47be47d87c1	8ba2ad6cfded4657b339155eda882b13	2019-12-05 15:29:10 +0300	2019-12-05 15:28:24 +0300	2018-12-31 13:59:00 +0300	d0e0c6ad9e5e4635a956e3b966797d0c	100 100 Kasa Lise Arkası		2011-2018 LA Kira Ödemesi 				n	0/100	0/100	1970-01-01 02:00:00 +0200
C	98accbe4b4da402485eea47be47d87c1	2d10f2dee67d44bc88ec049a8af9bb3c	2019-12-05 15:29:10 +0300	2019-12-05 15:28:24 +0300	2018-12-31 13:59:00 +0300	29315354102545bab903fa1e3355d561	010 Mustafa Balcı		2011-2018 LA Kira Ödemesi 				n	0/100	0/100	1970-01-01 02:00:00 +0200
===== END
===== START
B	98accbe4b4da402485eea47be47d87c1	8ba2ad6cfded4657b339155eda882b13	2019-12-05 15:29:27 +0300	2019-12-05 15:28:24 +0300	2018-12-31 13:59:00 +0300	d0e0c6ad9e5e4635a956e3b966797d0c	100 100 Kasa Lise Arkası		2011-2018 LA Kira Ödemesi 				n	0/100	0/100	1970-01-01 02:00:00 +0200
B	98accbe4b4da402485eea47be47d87c1	2d10f2dee67d44bc88ec049a8af9bb3c	2019-12-05 15:29:27 +0300	2019-12-05 15:28:24 +0300	2018-12-31 13:59:00 +0300	29315354102545bab903fa1e3355d561	010 Mustafa Balcı		2011-2018 LA Kira Ödemesi 				n	0/100	0/100	1970-01-01 02:00:00 +0200
===== END
===== START
C	98accbe4b4da402485eea47be47d87c1	8ba2ad6cfded4657b339155eda882b13	2019-12-05 15:29:27 +0300	2019-12-05 15:28:24 +0300	2018-12-31 13:59:00 +0300	d0e0c6ad9e5e4635a956e3b966797d0c	100 100 Kasa Lise Arkası		2011-2018 LA Kira Ödemesi 				n	-14262880/100	-14262880/100	1970-01-01 02:00:00 +0200
C	98accbe4b4da402485eea47be47d87c1	2d10f2dee67d44bc88ec049a8af9bb3c	2019-12-05 15:29:27 +0300	2019-12-05 15:28:24 +0300	2018-12-31 13:59:00 +0300	102dac93d1a74a7fb0fe1aecb73c15e3	100 KASA KİRA		2011-2018 LA Kira Ödemesi 				n	14262880/100	14262880/100	1970-01-01 02:00:00 +0200
===== END
===== START
B	98accbe4b4da402485eea47be47d87c1	2d10f2dee67d44bc88ec049a8af9bb3c	2019-12-05 15:30:04 +0300	2019-12-05 15:28:24 +0300	2018-12-31 13:59:00 +0300	102dac93d1a74a7fb0fe1aecb73c15e3	100 KASA KİRA		2011-2018 LA Kira Ödemesi 				n	14262880/100	14262880/100	1970-01-01 02:00:00 +0200
B	98accbe4b4da402485eea47be47d87c1	8ba2ad6cfded4657b339155eda882b13	2019-12-05 15:30:04 +0300	2019-12-05 15:28:24 +0300	2018-12-31 13:59:00 +0300	d0e0c6ad9e5e4635a956e3b966797d0c	100 100 Kasa Lise Arkası		2011-2018 LA Kira Ödemesi 				n	-14262880/100	-14262880/100	1970-01-01 02:00:00 +0200
===== END
===== START
C	98accbe4b4da402485eea47be47d87c1	2d10f2dee67d44bc88ec049a8af9bb3c	2019-12-05 15:30:04 +0300	2019-12-05 15:28:24 +0300	2018-12-31 13:59:00 +0300	deabaef30fc841ac9337e26a874ae856	100 KASA		2011-2018 LA Kira Ödemesi 				n	14262880/100	14262880/100	1970-01-01 02:00:00 +0200
C	98accbe4b4da402485eea47be47d87c1	8ba2ad6cfded4657b339155eda882b13	2019-12-05 15:30:04 +0300	2019-12-05 15:28:24 +0300	2018-12-31 13:59:00 +0300	d0e0c6ad9e5e4635a956e3b966797d0c	100 100 Kasa Lise Arkası		2011-2018 LA Kira Ödemesi 				n	-14262880/100	-14262880/100	1970-01-01 02:00:00 +0200
===== END
===== START
===== END
===== START
B	31bcd9ca33774800bd4e7da35aa7a955	c03e14cb512f4e25bc0e1caed9f58427	2019-12-05 15:31:06 +0300	2019-12-04 14:26:57 +0300	2018-12-31 13:59:00 +0300	29315354102545bab903fa1e3355d561	010 Mustafa Balcı		2011-18 Atila Balcı Balcı kira gelirleri				n	19453784/100	19453784/100	1970-01-01 02:00:00 +0200
B	31bcd9ca33774800bd4e7da35aa7a955	58c14c6c2deb4627837d5b79cae016f0	2019-12-05 15:31:06 +0300	2019-12-04 14:26:57 +0300	2018-12-31 13:59:00 +0300	3aa1ec8129524dc2bd8d898c2c0ecfcf	320 Ortk 5 Selanik Mermer		2011-18 Atila Balcı Balcı kira gelirleri				n	-19453784/100	-19453784/100	1970-01-01 02:00:00 +0200
===== END
===== START
D	31bcd9ca33774800bd4e7da35aa7a955	c03e14cb512f4e25bc0e1caed9f58427	2019-12-05 15:31:06 +0300	2019-12-04 14:26:57 +0300	2018-12-31 13:59:00 +0300	29315354102545bab903fa1e3355d561	010 Mustafa Balcı		2011-18 Atila Balcı Balcı kira gelirleri				n	19453784/100	19453784/100	1970-01-01 02:00:00 +0200
D	31bcd9ca33774800bd4e7da35aa7a955	58c14c6c2deb4627837d5b79cae016f0	2019-12-05 15:31:06 +0300	2019-12-04 14:26:57 +0300	2018-12-31 13:59:00 +0300	3aa1ec8129524dc2bd8d898c2c0ecfcf	320 Ortk 5 Selanik Mermer		2011-18 Atila Balcı Balcı kira gelirleri				n	-19453784/100	-19453784/100	1970-01-01 02:00:00 +0200
===== END
===== START
B	9ac1248ac90f44f79535c928e57d16ae	a153267b9b554912bc0ea9473894076e	2019-12-05 15:31:11 +0300	2019-12-04 14:26:35 +0300	2018-12-31 13:59:00 +0300	29315354102545bab903fa1e3355d561	010 Mustafa Balcı		2011-18 Ali Balcı kira gelirleri				n	9158220/100	9158220/100	1970-01-01 02:00:00 +0200
B	9ac1248ac90f44f79535c928e57d16ae	4bfce8af7e91453687e1577a08682260	2019-12-05 15:31:11 +0300	2019-12-04 14:26:35 +0300	2018-12-31 13:59:00 +0300	3aa1ec8129524dc2bd8d898c2c0ecfcf	320 Ortk 5 Selanik Mermer		2011-18 Ali Balcı kira gelirleri				n	-9158220/100	-9158220/100	1970-01-01 02:00:00 +0200
===== END
===== START
D	9ac1248ac90f44f79535c928e57d16ae	a153267b9b554912bc0ea9473894076e	2019-12-05 15:31:11 +0300	2019-12-04 14:26:35 +0300	2018-12-31 13:59:00 +0300	29315354102545bab903fa1e3355d561	010 Mustafa Balcı		2011-18 Ali Balcı kira gelirleri				n	9158220/100	9158220/100	1970-01-01 02:00:00 +0200
D	9ac1248ac90f44f79535c928e57d16ae	4bfce8af7e91453687e1577a08682260	2019-12-05 15:31:11 +0300	2019-12-04 14:26:35 +0300	2018-12-31 13:59:00 +0300	3aa1ec8129524dc2bd8d898c2c0ecfcf	320 Ortk 5 Selanik Mermer		2011-18 Ali Balcı kira gelirleri				n	-9158220/100	-9158220/100	1970-01-01 02:00:00 +0200
===== END
===== START
B	db3e49383e474a8e884fcaf36c50fb35	9eca6bdcd82345558870a4708337feaf	2019-12-05 15:31:25 +0300	2019-12-04 14:20:59 +0300	2018-12-31 13:59:00 +0300	29315354102545bab903fa1e3355d561	010 Mustafa Balcı		2011-18 Ayşe Balcı Kira Gelirleri				n	3565720/100	3565720/100	1970-01-01 02:00:00 +0200
B	db3e49383e474a8e884fcaf36c50fb35	d03638b0b56546f9a4b5a740feda724f	2019-12-05 15:31:25 +0300	2019-12-04 14:20:59 +0300	2018-12-31 13:59:00 +0300	2989cab05ba94d6b9b654d0567780299	320 Ortk 1 Ayşe Balcı		2011-18 Ayşe Balcı Kira Gelirleri				n	-3565720/100	-3565720/100	1970-01-01 02:00:00 +0200
===== END
===== START
D	db3e49383e474a8e884fcaf36c50fb35	9eca6bdcd82345558870a4708337feaf	2019-12-05 15:31:25 +0300	2019-12-04 14:20:59 +0300	2018-12-31 13:59:00 +0300	29315354102545bab903fa1e3355d561	010 Mustafa Balcı		2011-18 Ayşe Balcı Kira Gelirleri				n	3565720/100	3565720/100	1970-01-01 02:00:00 +0200
D	db3e49383e474a8e884fcaf36c50fb35	d03638b0b56546f9a4b5a740feda724f	2019-12-05 15:31:25 +0300	2019-12-04 14:20:59 +0300	2018-12-31 13:59:00 +0300	2989cab05ba94d6b9b654d0567780299	320 Ortk 1 Ayşe Balcı		2011-18 Ayşe Balcı Kira Gelirleri				n	-3565720/100	-3565720/100	1970-01-01 02:00:00 +0200
===== END
===== START
B	c49d8bbaea8b47a98c079e98e2554348	33ab3f335f814d07ab1095d790cf3712	2019-12-05 15:32:11 +0300	2019-12-04 14:18:01 +0300	2011-03-31 13:59:00 +0300	29315354102545bab903fa1e3355d561	010 Mustafa Balcı		Mustafa Balcı Banka Hesabından				n	437500/100	437500/100	1970-01-01 02:00:00 +0200
B	c49d8bbaea8b47a98c079e98e2554348	cbeb5b4dfd734964a71c4cdacf5cc127	2019-12-05 15:32:11 +0300	2019-12-04 14:18:01 +0300	2011-03-31 13:59:00 +0300	deabaef30fc841ac9337e26a874ae856	100 KASA		Mustafa Balcı Banka Hesabından				n	-437500/100	-437500/100	1970-01-01 02:00:00 +0200
===== END
===== START
C	c49d8bbaea8b47a98c079e98e2554348	33ab3f335f814d07ab1095d790cf3712	2019-12-05 15:32:11 +0300	2019-12-04 14:18:01 +0300	2011-03-31 13:59:00 +0300	29315354102545bab903fa1e3355d561	010 Mustafa Balcı		Mustafa Balcı Banka Hesabından				n	-437500/100	-437500/100	1970-01-01 02:00:00 +0200
C	c49d8bbaea8b47a98c079e98e2554348	cbeb5b4dfd734964a71c4cdacf5cc127	2019-12-05 15:32:11 +0300	2019-12-04 14:18:01 +0300	2011-03-31 13:59:00 +0300	deabaef30fc841ac9337e26a874ae856	100 KASA		Mustafa Balcı Banka Hesabından				n	437500/100	437500/100	1970-01-01 02:00:00 +0200
===== END
===== START
===== END
===== START
===== END
===== START
D	95db0f74560f45eda34d91260056f9a3	f578f4f5e265476cb950b1494c737802	2019-12-05 15:34:30 +0300	2019-12-05 15:34:30 +0300	2019-12-05 13:59:00 +0300								n	0/1	0/100	1970-01-01 02:00:00 +0200
===== END
===== START
===== END
===== START
D	83fef1b652504f0992d04a922eb34336	9dfb103ec92340a1871ec51acf312e0d	2019-12-05 15:35:11 +0300	2019-12-05 15:35:11 +0300	2019-12-05 13:59:00 +0300								n	0/1	0/100	1970-01-01 02:00:00 +0200
===== END
===== START
D	03b36956968347c785e474503d0c6988	56248bd0088946d5ba2a7ac0b16289d1	2019-12-05 15:35:16 +0300	2019-12-05 15:35:16 +0300	2018-12-31 13:59:00 +0300								n	0/1	0/100	1970-01-01 02:00:00 +0200
===== END
===== START
D	da81daa10d1e4884a6b5ffadb424bef4	388bf68e28a74760b61833d2f39d6c2b	2019-12-05 15:35:19 +0300	2019-12-05 15:35:19 +0300	2019-12-05 13:59:00 +0300								n	0/1	0/100	1970-01-01 02:00:00 +0200
===== END
===== START
===== END
===== START
B	012ce57826534fd6af797e197faf1246	c5a875cc90854ae7942c974507ce1c30	2019-12-05 15:36:19 +0300	2019-11-20 09:26:57 +0300	2019-11-20 13:59:00 +0300	908c3f6feebf4484990b780afddb8c6d	320 Ortk 2 Ali Balcı						n	0/100	0/100	1970-01-01 02:00:00 +0200
===== END
===== START
C	012ce57826534fd6af797e197faf1246	c5a875cc90854ae7942c974507ce1c30	2019-12-05 15:36:19 +0300	2019-11-20 09:26:57 +0300	2019-11-20 13:59:00 +0300	908c3f6feebf4484990b780afddb8c6d	320 Ortk 2 Ali Balcı						n	-4540720/100	-4540720/100	1970-01-01 02:00:00 +0200
C	012ce57826534fd6af797e197faf1246	8828f01d67f94be781e9f0fec5541f64	2019-12-05 15:36:19 +0300	2019-11-20 09:26:57 +0300	2019-11-20 13:59:00 +0300	3aa1ec8129524dc2bd8d898c2c0ecfcf	320 Ortk 5 Selanik Mermer						n	4540720/100	4540720/100	1970-01-01 02:00:00 +0200
===== END
===== START
B	012ce57826534fd6af797e197faf1246	8828f01d67f94be781e9f0fec5541f64	2019-12-05 15:36:26 +0300	2019-11-20 09:26:57 +0300	2019-11-20 13:59:00 +0300	3aa1ec8129524dc2bd8d898c2c0ecfcf	320 Ortk 5 Selanik Mermer						n	4540720/100	4540720/100	1970-01-01 02:00:00 +0200
B	012ce57826534fd6af797e197faf1246	c5a875cc90854ae7942c974507ce1c30	2019-12-05 15:36:26 +0300	2019-11-20 09:26:57 +0300	2019-11-20 13:59:00 +0300	908c3f6feebf4484990b780afddb8c6d	320 Ortk 2 Ali Balcı						n	-4540720/100	-4540720/100	1970-01-01 02:00:00 +0200
===== END
===== START
C	012ce57826534fd6af797e197faf1246	8828f01d67f94be781e9f0fec5541f64	2019-12-05 15:36:26 +0300	2019-11-20 09:26:57 +0300	2019-11-20 13:59:00 +0300	3aa1ec8129524dc2bd8d898c2c0ecfcf	320 Ortk 5 Selanik Mermer						n	-4540720/100	-4540720/100	1970-01-01 02:00:00 +0200
C	012ce57826534fd6af797e197faf1246	c5a875cc90854ae7942c974507ce1c30	2019-12-05 15:36:26 +0300	2019-11-20 09:26:57 +0300	2019-11-20 13:59:00 +0300	908c3f6feebf4484990b780afddb8c6d	320 Ortk 2 Ali Balcı						n	4540720/100	4540720/100	1970-01-01 02:00:00 +0200
===== END
===== START
===== END
===== START
C	f0d2e1087a414a52a39d43936bf6c078	77a25150c8084d7ab942632cc805126e	2019-12-05 15:37:20 +0300	2019-12-05 15:37:20 +0300	2019-12-05 13:59:00 +0300	8b4e8a0fec9d46faac18955bcf4ac888	320 Ortk 3 Atila Balcı						n	0/100	0/100	1970-01-01 02:00:00 +0200
C	f0d2e1087a414a52a39d43936bf6c078	167172a36b344cae85237cbc234808a1	2019-12-05 15:37:20 +0300	2019-12-05 15:37:20 +0300	2019-12-05 13:59:00 +0300	3aa1ec8129524dc2bd8d898c2c0ecfcf	320 Ortk 5 Selanik Mermer						n	0/100	0/100	1970-01-01 02:00:00 +0200
===== END
===== START
===== END
===== START
B	d6c7c3c9edbd4f28b700f4fc50a78e11	5822b0b97e724f10a741c002aa4b58d2	2019-12-05 15:37:25 +0300	2019-12-04 17:04:22 +0300	2018-12-31 13:59:00 +0300	2d05ecc9b4e64f789485990ce01a8dcd	64 1 211 Yıkama Arka		2019-20 AP Ykm Arka Kira Bedeli 1/3 -> %32,5				n	1185167/100	1185167/100	1970-01-01 02:00:00 +0200
B	d6c7c3c9edbd4f28b700f4fc50a78e11	3b450d9a268f4810ad363fde2fede1c4	2019-12-05 15:37:25 +0300	2019-12-04 17:04:22 +0300	2018-12-31 13:59:00 +0300	8b4e8a0fec9d46faac18955bcf4ac888	320 Ortk 3 Atila Balcı		2019-20 AP Ykm Arka Kira Bedeli 1/3 -> %32,5				n	-1185167/100	-1185167/100	1970-01-01 02:00:00 +0200
===== END
===== START
C	d6c7c3c9edbd4f28b700f4fc50a78e11	5822b0b97e724f10a741c002aa4b58d2	2019-12-05 15:37:25 +0300	2019-12-04 17:04:22 +0300	2019-12-31 13:59:00 +0300	2d05ecc9b4e64f789485990ce01a8dcd	64 1 211 Yıkama Arka		2019-20 AP Ykm Arka Kira Bedeli 1/3 -> %32,5				n	1185167/100	1185167/100	1970-01-01 02:00:00 +0200
C	d6c7c3c9edbd4f28b700f4fc50a78e11	3b450d9a268f4810ad363fde2fede1c4	2019-12-05 15:37:25 +0300	2019-12-04 17:04:22 +0300	2019-12-31 13:59:00 +0300	8b4e8a0fec9d46faac18955bcf4ac888	320 Ortk 3 Atila Balcı		2019-20 AP Ykm Arka Kira Bedeli 1/3 -> %32,5				n	-1185167/100	-1185167/100	1970-01-01 02:00:00 +0200
===== END
===== START
===== END
===== START
D	e2fb1face5144d7ebea4f2eea6378e22	fd047e21478542c087abc7a0407160ca	2019-12-05 15:38:17 +0300	2019-12-05 15:38:17 +0300	2019-12-05 13:59:00 +0300								n	0/1	0/100	1970-01-01 02:00:00 +0200
===== END
===== START
===== END
===== START
B	d6c7c3c9edbd4f28b700f4fc50a78e11	5822b0b97e724f10a741c002aa4b58d2	2019-12-05 15:38:44 +0300	2019-12-04 17:04:22 +0300	2019-12-31 13:59:00 +0300	2d05ecc9b4e64f789485990ce01a8dcd	64 1 211 Yıkama Arka		2019-20 AP Ykm Arka Kira Bedeli 1/3 -> %32,5				n	1185167/100	1185167/100	1970-01-01 02:00:00 +0200
B	d6c7c3c9edbd4f28b700f4fc50a78e11	3b450d9a268f4810ad363fde2fede1c4	2019-12-05 15:38:44 +0300	2019-12-04 17:04:22 +0300	2019-12-31 13:59:00 +0300	8b4e8a0fec9d46faac18955bcf4ac888	320 Ortk 3 Atila Balcı		2019-20 AP Ykm Arka Kira Bedeli 1/3 -> %32,5				n	-1185167/100	-1185167/100	1970-01-01 02:00:00 +0200
===== END
===== START
C	d6c7c3c9edbd4f28b700f4fc50a78e11	5822b0b97e724f10a741c002aa4b58d2	2019-12-05 15:38:44 +0300	2019-12-04 17:04:22 +0300	2018-12-31 13:59:00 +0300	2d05ecc9b4e64f789485990ce01a8dcd	64 1 211 Yıkama Arka		2019-20 AP Ykm Arka Kira Bedeli 1/3 -> %32,5				n	1185167/100	1185167/100	1970-01-01 02:00:00 +0200
C	d6c7c3c9edbd4f28b700f4fc50a78e11	3b450d9a268f4810ad363fde2fede1c4	2019-12-05 15:38:44 +0300	2019-12-04 17:04:22 +0300	2018-12-31 13:59:00 +0300	8b4e8a0fec9d46faac18955bcf4ac888	320 Ortk 3 Atila Balcı		2019-20 AP Ykm Arka Kira Bedeli 1/3 -> %32,5				n	-1185167/100	-1185167/100	1970-01-01 02:00:00 +0200
===== END
===== START
B	94ee1ecd12394390bf3d88a7afaf89ae	e9d678e070934aa6b63b91cce0471787	2019-12-05 15:38:56 +0300	2019-12-02 09:23:05 +0300	2019-12-02 13:59:00 +0300	2d05ecc9b4e64f789485990ce01a8dcd	64 1 211 Yıkama Arka		2019-20 AP Ykm Arka Kira Bedeli 1/3 -> %32,5				n	286000/100	286000/100	1970-01-01 02:00:00 +0200
B	94ee1ecd12394390bf3d88a7afaf89ae	76c4e8dc85994c2faa6adea02036ee09	2019-12-05 15:38:56 +0300	2019-12-02 09:23:05 +0300	2019-12-02 13:59:00 +0300	8b4e8a0fec9d46faac18955bcf4ac888	320 Ortk 3 Atila Balcı		2019-20 AP Ykm Arka Kira Bedeli 1/3 -> %32,5				n	-286000/100	-286000/100	1970-01-01 02:00:00 +0200
===== END
===== START
C	94ee1ecd12394390bf3d88a7afaf89ae	e9d678e070934aa6b63b91cce0471787	2019-12-05 15:38:56 +0300	2019-12-02 09:23:05 +0300	2019-07-01 13:59:00 +0300	2d05ecc9b4e64f789485990ce01a8dcd	64 1 211 Yıkama Arka		2019-20 AP Ykm Arka Kira Bedeli 1/3 -> %32,5				n	286000/100	286000/100	1970-01-01 02:00:00 +0200
C	94ee1ecd12394390bf3d88a7afaf89ae	76c4e8dc85994c2faa6adea02036ee09	2019-12-05 15:38:56 +0300	2019-12-02 09:23:05 +0300	2019-07-01 13:59:00 +0300	8b4e8a0fec9d46faac18955bcf4ac888	320 Ortk 3 Atila Balcı		2019-20 AP Ykm Arka Kira Bedeli 1/3 -> %32,5				n	-286000/100	-286000/100	1970-01-01 02:00:00 +0200
===== END
===== START
B	f3e016f2b7f54b57a5373f00ebaae630	b90837b0891d4dcdb004e59a25b6e287	2019-12-05 15:38:57 +0300	2019-12-02 09:25:49 +0300	2019-12-02 13:59:00 +0300	2d05ecc9b4e64f789485990ce01a8dcd	64 1 211 Yıkama Arka		2019-20 AP Ykm Arka Kira Bedeli 1/3 -> % 60				n	528000/100	528000/100	1970-01-01 02:00:00 +0200
B	f3e016f2b7f54b57a5373f00ebaae630	1af43d99b75040479f3097c50cdebedf	2019-12-05 15:38:57 +0300	2019-12-02 09:25:49 +0300	2019-12-02 13:59:00 +0300	19d2a9a581d547b0b202c28f97c62188	320 Ortk 4 Nazan Balcı		2019-20 AP Ykm Arka Kira Bedeli 1/3 -> % 60				n	-528000/100	-528000/100	1970-01-01 02:00:00 +0200
===== END
===== START
C	f3e016f2b7f54b57a5373f00ebaae630	b90837b0891d4dcdb004e59a25b6e287	2019-12-05 15:38:57 +0300	2019-12-02 09:25:49 +0300	2019-07-01 13:59:00 +0300	2d05ecc9b4e64f789485990ce01a8dcd	64 1 211 Yıkama Arka		2019-20 AP Ykm Arka Kira Bedeli 1/3 -> % 60				n	528000/100	528000/100	1970-01-01 02:00:00 +0200
C	f3e016f2b7f54b57a5373f00ebaae630	1af43d99b75040479f3097c50cdebedf	2019-12-05 15:38:57 +0300	2019-12-02 09:25:49 +0300	2019-07-01 13:59:00 +0300	19d2a9a581d547b0b202c28f97c62188	320 Ortk 4 Nazan Balcı		2019-20 AP Ykm Arka Kira Bedeli 1/3 -> % 60				n	-528000/100	-528000/100	1970-01-01 02:00:00 +0200
===== END
===== START
B	193a87ff139c47be8bfe8ce56f89d946	e6a1e28c1d8e4452a95754e47af62dfa	2019-12-05 15:39:47 +0300	2019-11-21 13:09:17 +0300	2019-09-02 13:59:00 +0300	95839397af674a06897deec940317c85	64 1 100 Lise Arkası		2019-20 LA Kira Geliri 1/4 				n	975000/100	975000/100	1970-01-01 02:00:00 +0200
B	193a87ff139c47be8bfe8ce56f89d946	800f07a5f7bc4365b84c5894af4a27b6	2019-12-05 15:39:47 +0300	2019-11-21 13:09:17 +0300	2019-09-02 13:59:00 +0300	8b4e8a0fec9d46faac18955bcf4ac888	320 Ortk 3 Atila Balcı		2019-20 LA Kira Geliri 1/4 				n	-975000/100	-975000/100	1970-01-01 02:00:00 +0200
===== END
===== START
C	193a87ff139c47be8bfe8ce56f89d946	e6a1e28c1d8e4452a95754e47af62dfa	2019-12-05 15:39:47 +0300	2019-11-21 13:09:17 +0300	2019-09-12 13:59:00 +0300	95839397af674a06897deec940317c85	64 1 100 Lise Arkası		2019-20 LA Kira Geliri 1/4 				n	975000/100	975000/100	1970-01-01 02:00:00 +0200
C	193a87ff139c47be8bfe8ce56f89d946	800f07a5f7bc4365b84c5894af4a27b6	2019-12-05 15:39:47 +0300	2019-11-21 13:09:17 +0300	2019-09-12 13:59:00 +0300	8b4e8a0fec9d46faac18955bcf4ac888	320 Ortk 3 Atila Balcı		2019-20 LA Kira Geliri 1/4 				n	-975000/100	-975000/100	1970-01-01 02:00:00 +0200
===== END
===== START
B	617f704e55b448a2abce0301464821ff	2ece5ee79af74ae795a6c5bb5ccdb5b6	2019-12-05 15:39:57 +0300	2019-12-02 09:28:15 +0300	2019-12-02 13:59:00 +0300	bc14361189b241bf835961a52fa5ccf3	64 1 221 Yıkama Ön		2019 AP Ykm Arka Kira Bedeli  2/3 -> %54,2				n	953920/100	953920/100	1970-01-01 02:00:00 +0200
B	617f704e55b448a2abce0301464821ff	027aab420d04472db6e1ddb466253018	2019-12-05 15:39:57 +0300	2019-12-02 09:28:15 +0300	2019-12-02 13:59:00 +0300	8b4e8a0fec9d46faac18955bcf4ac888	320 Ortk 3 Atila Balcı		2019 AP Ykm Arka Kira Bedeli  2/3 -> %54,2				n	-953920/100	-953920/100	1970-01-01 02:00:00 +0200
===== END
===== START
C	617f704e55b448a2abce0301464821ff	2ece5ee79af74ae795a6c5bb5ccdb5b6	2019-12-05 15:39:57 +0300	2019-12-02 09:28:15 +0300	2019-07-01 13:59:00 +0300	bc14361189b241bf835961a52fa5ccf3	64 1 221 Yıkama Ön		2019 AP Ykm Arka Kira Bedeli  2/3 -> %54,2				n	953920/100	953920/100	1970-01-01 02:00:00 +0200
C	617f704e55b448a2abce0301464821ff	027aab420d04472db6e1ddb466253018	2019-12-05 15:39:57 +0300	2019-12-02 09:28:15 +0300	2019-07-01 13:59:00 +0300	8b4e8a0fec9d46faac18955bcf4ac888	320 Ortk 3 Atila Balcı		2019 AP Ykm Arka Kira Bedeli  2/3 -> %54,2				n	-953920/100	-953920/100	1970-01-01 02:00:00 +0200
===== END
===== START
B	4404583dafc44f18ab9f274795faee52	1426fc7c3055488983e33b5f2ce4c790	2019-12-05 15:40:06 +0300	2019-12-02 09:30:51 +0300	2019-12-02 13:59:00 +0300	35170cd348b54e1da03eefcad189eb12	64 1 222 Milangaz		2019-20 AP  Milangaz Kira Bedeli -> %54,2				n	461242/100	461242/100	1970-01-01 02:00:00 +0200
B	4404583dafc44f18ab9f274795faee52	11098d1d369940509eb68b9be2434246	2019-12-05 15:40:06 +0300	2019-12-02 09:30:51 +0300	2019-12-02 13:59:00 +0300	8b4e8a0fec9d46faac18955bcf4ac888	320 Ortk 3 Atila Balcı		2019-20 AP  Milangaz Kira Bedeli -> %54,2				n	-461242/100	-461242/100	1970-01-01 02:00:00 +0200
===== END
===== START
C	4404583dafc44f18ab9f274795faee52	1426fc7c3055488983e33b5f2ce4c790	2019-12-05 15:40:06 +0300	2019-12-02 09:30:51 +0300	2019-07-01 13:59:00 +0300	35170cd348b54e1da03eefcad189eb12	64 1 222 Milangaz		2019-20 AP  Milangaz Kira Bedeli -> %54,2				n	461242/100	461242/100	1970-01-01 02:00:00 +0200
C	4404583dafc44f18ab9f274795faee52	11098d1d369940509eb68b9be2434246	2019-12-05 15:40:06 +0300	2019-12-02 09:30:51 +0300	2019-07-01 13:59:00 +0300	8b4e8a0fec9d46faac18955bcf4ac888	320 Ortk 3 Atila Balcı		2019-20 AP  Milangaz Kira Bedeli -> %54,2				n	-461242/100	-461242/100	1970-01-01 02:00:00 +0200
===== END
===== START
B	248e0135678043f7aeb68516f760ac9f	5c364ae022044734979e7e347ea79842	2019-12-05 15:40:22 +0300	2019-12-02 09:32:20 +0300	2019-12-02 13:59:00 +0300	d9300bf4343b439cac4b8fb37d4b4e5d	64 1 223 Aygaz		2018-20 AP Aygaz Kira Bedeli -> %54,2 * 7000				n	390240/100	390240/100	1970-01-01 02:00:00 +0200
B	248e0135678043f7aeb68516f760ac9f	0952243a44b34d28b5de690b917b1a21	2019-12-05 15:40:22 +0300	2019-12-02 09:32:20 +0300	2019-12-02 13:59:00 +0300	8b4e8a0fec9d46faac18955bcf4ac888	320 Ortk 3 Atila Balcı		2018-20 AP Aygaz Kira Bedeli -> %54,2 * 7000				n	-390240/100	-390240/100	1970-01-01 02:00:00 +0200
===== END
===== START
C	248e0135678043f7aeb68516f760ac9f	5c364ae022044734979e7e347ea79842	2019-12-05 15:40:22 +0300	2019-12-02 09:32:20 +0300	2019-07-01 13:59:00 +0300	d9300bf4343b439cac4b8fb37d4b4e5d	64 1 223 Aygaz		2018-20 AP Aygaz Kira Bedeli -> %54,2 * 7000				n	390240/100	390240/100	1970-01-01 02:00:00 +0200
C	248e0135678043f7aeb68516f760ac9f	0952243a44b34d28b5de690b917b1a21	2019-12-05 15:40:22 +0300	2019-12-02 09:32:20 +0300	2019-07-01 13:59:00 +0300	8b4e8a0fec9d46faac18955bcf4ac888	320 Ortk 3 Atila Balcı		2018-20 AP Aygaz Kira Bedeli -> %54,2 * 7000				n	-390240/100	-390240/100	1970-01-01 02:00:00 +0200
===== END
===== START
B	0f687dddb13444ae8a40162f3147d329	9a682a9aed834bd68bf66472e318bbe8	2019-12-05 15:40:38 +0300	2019-12-02 09:43:58 +0300	2019-12-02 13:59:00 +0300	8b4e8a0fec9d46faac18955bcf4ac888	320 Ortk 3 Atila Balcı		2019-20 Kira Bedeli 2/3 -> %54,2				n	905140/100	905140/100	1970-01-01 02:00:00 +0200
B	0f687dddb13444ae8a40162f3147d329	3911cbc2873b4526a3f2879c6056b30e	2019-12-05 15:40:38 +0300	2019-12-02 09:43:58 +0300	2019-12-02 13:59:00 +0300	52731edc632a4512b47c7aba885c1221	100 221 Yıkama Ön		2019-20 Kira Bedeli 2/3 -> %54,2				n	-905140/100	-905140/100	1970-01-01 02:00:00 +0200
===== END
===== START
C	0f687dddb13444ae8a40162f3147d329	9a682a9aed834bd68bf66472e318bbe8	2019-12-05 15:40:38 +0300	2019-12-02 09:43:58 +0300	2019-07-01 13:59:00 +0300	8b4e8a0fec9d46faac18955bcf4ac888	320 Ortk 3 Atila Balcı		2019-20 Kira Bedeli 2/3 -> %54,2				n	905140/100	905140/100	1970-01-01 02:00:00 +0200
C	0f687dddb13444ae8a40162f3147d329	3911cbc2873b4526a3f2879c6056b30e	2019-12-05 15:40:38 +0300	2019-12-02 09:43:58 +0300	2019-07-01 13:59:00 +0300	52731edc632a4512b47c7aba885c1221	100 221 Yıkama Ön		2019-20 Kira Bedeli 2/3 -> %54,2				n	-905140/100	-905140/100	1970-01-01 02:00:00 +0200
===== END
===== START
B	538a400b25144a4aa7a2583781238ded	e4881dfba9cd4db5965fed7a23ff5d98	2019-12-05 15:40:55 +0300	2019-12-02 09:41:17 +0300	2019-12-02 13:59:00 +0300	8b4e8a0fec9d46faac18955bcf4ac888	320 Ortk 3 Atila Balcı		2019-20 AP Ykm Arka Kira Bedeli 1/3 -> %54,2				n	476960/100	476960/100	1970-01-01 02:00:00 +0200
B	538a400b25144a4aa7a2583781238ded	9bbf82ba15814ed18a8d919a153de0fb	2019-12-05 15:40:55 +0300	2019-12-02 09:41:17 +0300	2019-12-02 13:59:00 +0300	fe2d697beede4cb8b65c474be289d80a	100 211 Yıkama Arka		2019-20 AP Ykm Arka Kira Bedeli 1/3 -> %54,2				n	-476960/100	-476960/100	1970-01-01 02:00:00 +0200
===== END
===== START
C	538a400b25144a4aa7a2583781238ded	e4881dfba9cd4db5965fed7a23ff5d98	2019-12-05 15:40:55 +0300	2019-12-02 09:41:17 +0300	2019-07-01 13:59:00 +0300	8b4e8a0fec9d46faac18955bcf4ac888	320 Ortk 3 Atila Balcı		2019-20 AP Ykm Arka Kira Bedeli 1/3 -> %54,2				n	476960/100	476960/100	1970-01-01 02:00:00 +0200
C	538a400b25144a4aa7a2583781238ded	9bbf82ba15814ed18a8d919a153de0fb	2019-12-05 15:40:55 +0300	2019-12-02 09:41:17 +0300	2019-07-01 13:59:00 +0300	fe2d697beede4cb8b65c474be289d80a	100 211 Yıkama Arka		2019-20 AP Ykm Arka Kira Bedeli 1/3 -> %54,2				n	-476960/100	-476960/100	1970-01-01 02:00:00 +0200
===== END
===== START
B	d42368da46c74d73b2232c8c6ce54600	c31f9e5f2d6241a8ad0de318e145069c	2019-12-05 15:40:57 +0300	2019-12-02 09:48:08 +0300	2019-12-02 13:59:00 +0300	8b4e8a0fec9d46faac18955bcf4ac888	320 Ortk 3 Atila Balcı		2019-20 Milangaz Kira Bedeli -> %54,2				n	461242/100	461242/100	1970-01-01 02:00:00 +0200
B	d42368da46c74d73b2232c8c6ce54600	19725e1a4fed49b7896d359fff60146f	2019-12-05 15:40:57 +0300	2019-12-02 09:48:08 +0300	2019-12-02 13:59:00 +0300	9563334a4f7b422cb1139223daa2b467	100 222 Milangaz		2019-20 Milangaz Kira Bedeli -> %54,2				n	-461242/100	-461242/100	1970-01-01 02:00:00 +0200
===== END
===== START
C	d42368da46c74d73b2232c8c6ce54600	c31f9e5f2d6241a8ad0de318e145069c	2019-12-05 15:40:57 +0300	2019-12-02 09:48:08 +0300	2019-07-01 13:59:00 +0300	8b4e8a0fec9d46faac18955bcf4ac888	320 Ortk 3 Atila Balcı		2019-20 Milangaz Kira Bedeli -> %54,2				n	461242/100	461242/100	1970-01-01 02:00:00 +0200
C	d42368da46c74d73b2232c8c6ce54600	19725e1a4fed49b7896d359fff60146f	2019-12-05 15:40:57 +0300	2019-12-02 09:48:08 +0300	2019-07-01 13:59:00 +0300	9563334a4f7b422cb1139223daa2b467	100 222 Milangaz		2019-20 Milangaz Kira Bedeli -> %54,2				n	-461242/100	-461242/100	1970-01-01 02:00:00 +0200
===== END
===== START
B	80a199bbb5cf4f7fb4e189f429ee6afa	5798240a78424a05b62bc673a623277f	2019-12-05 15:40:58 +0300	2019-12-02 09:50:15 +0300	2019-12-02 13:59:00 +0300	8b4e8a0fec9d46faac18955bcf4ac888	320 Ortk 3 Atila Balcı		2018-20 AP Aygaz Kira Bedeli -> %54,2 				n	379400/100	379400/100	1970-01-01 02:00:00 +0200
B	80a199bbb5cf4f7fb4e189f429ee6afa	30fa2d116a754ca5b88bb0bc89a6331c	2019-12-05 15:40:58 +0300	2019-12-02 09:50:15 +0300	2019-12-02 13:59:00 +0300	8698cda7214d42ecb191529968517da9	100 223 Aygaz		2018-20 AP Aygaz Kira Bedeli -> %54,2 				c	-379400/100	-379400/100	1970-01-01 02:00:00 +0200
===== END
===== START
C	80a199bbb5cf4f7fb4e189f429ee6afa	5798240a78424a05b62bc673a623277f	2019-12-05 15:40:58 +0300	2019-12-02 09:50:15 +0300	2019-07-01 13:59:00 +0300	8b4e8a0fec9d46faac18955bcf4ac888	320 Ortk 3 Atila Balcı		2018-20 AP Aygaz Kira Bedeli -> %54,2 				n	379400/100	379400/100	1970-01-01 02:00:00 +0200
C	80a199bbb5cf4f7fb4e189f429ee6afa	30fa2d116a754ca5b88bb0bc89a6331c	2019-12-05 15:40:58 +0300	2019-12-02 09:50:15 +0300	2019-07-01 13:59:00 +0300	8698cda7214d42ecb191529968517da9	100 223 Aygaz		2018-20 AP Aygaz Kira Bedeli -> %54,2 				c	-379400/100	-379400/100	1970-01-01 02:00:00 +0200
===== END
===== START
B	617f704e55b448a2abce0301464821ff	2ece5ee79af74ae795a6c5bb5ccdb5b6	2019-12-05 15:41:34 +0300	2019-12-02 09:28:15 +0300	2019-07-01 13:59:00 +0300	bc14361189b241bf835961a52fa5ccf3	64 1 221 Yıkama Ön		2019 AP Ykm Arka Kira Bedeli  2/3 -> %54,2				n	953920/100	953920/100	1970-01-01 02:00:00 +0200
B	617f704e55b448a2abce0301464821ff	027aab420d04472db6e1ddb466253018	2019-12-05 15:41:34 +0300	2019-12-02 09:28:15 +0300	2019-07-01 13:59:00 +0300	8b4e8a0fec9d46faac18955bcf4ac888	320 Ortk 3 Atila Balcı		2019 AP Ykm Arka Kira Bedeli  2/3 -> %54,2				n	-953920/100	-953920/100	1970-01-01 02:00:00 +0200
===== END
===== START
C	617f704e55b448a2abce0301464821ff	2ece5ee79af74ae795a6c5bb5ccdb5b6	2019-12-05 15:41:34 +0300	2019-12-02 09:28:15 +0300	2019-07-01 13:59:00 +0300	bc14361189b241bf835961a52fa5ccf3	64 1 221 Yıkama Ön		2019 AP Ykm Ön Kira Bedeli  2/3 -> %54,2				n	953920/100	953920/100	1970-01-01 02:00:00 +0200
C	617f704e55b448a2abce0301464821ff	027aab420d04472db6e1ddb466253018	2019-12-05 15:41:34 +0300	2019-12-02 09:28:15 +0300	2019-07-01 13:59:00 +0300	8b4e8a0fec9d46faac18955bcf4ac888	320 Ortk 3 Atila Balcı		2019 AP Ykm Ön Kira Bedeli  2/3 -> %54,2				n	-953920/100	-953920/100	1970-01-01 02:00:00 +0200
===== END
===== START
B	617f704e55b448a2abce0301464821ff	2ece5ee79af74ae795a6c5bb5ccdb5b6	2019-12-05 15:41:42 +0300	2019-12-02 09:28:15 +0300	2019-07-01 13:59:00 +0300	bc14361189b241bf835961a52fa5ccf3	64 1 221 Yıkama Ön		2019 AP Ykm Ön Kira Bedeli  2/3 -> %54,2				n	953920/100	953920/100	1970-01-01 02:00:00 +0200
B	617f704e55b448a2abce0301464821ff	027aab420d04472db6e1ddb466253018	2019-12-05 15:41:42 +0300	2019-12-02 09:28:15 +0300	2019-07-01 13:59:00 +0300	8b4e8a0fec9d46faac18955bcf4ac888	320 Ortk 3 Atila Balcı		2019 AP Ykm Ön Kira Bedeli  2/3 -> %54,2				n	-953920/100	-953920/100	1970-01-01 02:00:00 +0200
===== END
===== START
C	617f704e55b448a2abce0301464821ff	2ece5ee79af74ae795a6c5bb5ccdb5b6	2019-12-05 15:41:42 +0300	2019-12-02 09:28:15 +0300	2018-12-31 13:59:00 +0300	bc14361189b241bf835961a52fa5ccf3	64 1 221 Yıkama Ön		2019 AP Ykm Ön Kira Bedeli  2/3 -> %54,2				n	953920/100	953920/100	1970-01-01 02:00:00 +0200
C	617f704e55b448a2abce0301464821ff	027aab420d04472db6e1ddb466253018	2019-12-05 15:41:42 +0300	2019-12-02 09:28:15 +0300	2018-12-31 13:59:00 +0300	8b4e8a0fec9d46faac18955bcf4ac888	320 Ortk 3 Atila Balcı		2019 AP Ykm Ön Kira Bedeli  2/3 -> %54,2				n	-953920/100	-953920/100	1970-01-01 02:00:00 +0200
===== END
