mod	trans_guid	split_guid	time_now	date_entered	date_posted	acc_guid	acc_name	num	description	notes	memo	action	reconciled	amount	value	date_reconciled
-----------------
===== START
C	b4844ea0e121406e89bdabe9b5ca55fb	3bd032d6af0d4c44aa90303a24db8336	2019-12-03 14:00:49 +0300	2019-12-03 14:00:49 +0300	2019-03-25 13:59:00 +0300	f3cb2c4904bb41ccaf1bac36b5b03a68	63 01 Su		17761 ev su 				n	0/100	0/100	1970-01-01 02:00:00 +0200
===== END
===== START
===== END
===== START
B	b4844ea0e121406e89bdabe9b5ca55fb	3bd032d6af0d4c44aa90303a24db8336	2019-12-03 14:01:15 +0300	2019-12-03 14:00:49 +0300	2019-03-25 13:59:00 +0300	f3cb2c4904bb41ccaf1bac36b5b03a68	63 01 Su		17761 ev su 				n	0/100	0/100	1970-01-01 02:00:00 +0200
===== END
===== START
C	b4844ea0e121406e89bdabe9b5ca55fb	3bd032d6af0d4c44aa90303a24db8336	2019-12-03 14:01:15 +0300	2019-12-03 14:00:49 +0300	2019-03-25 13:59:00 +0300	f3cb2c4904bb41ccaf1bac36b5b03a68	63 01 Su		17761 ev su 2018-12 2019-2				n	0/100	0/100	1970-01-01 02:00:00 +0200
===== END
===== START
B	b4844ea0e121406e89bdabe9b5ca55fb	3bd032d6af0d4c44aa90303a24db8336	2019-12-03 14:01:28 +0300	2019-12-03 14:00:49 +0300	2019-03-25 13:59:00 +0300	f3cb2c4904bb41ccaf1bac36b5b03a68	63 01 Su		17761 ev su 2018-12 2019-2				n	0/100	0/100	1970-01-01 02:00:00 +0200
===== END
===== START
C	b4844ea0e121406e89bdabe9b5ca55fb	3bd032d6af0d4c44aa90303a24db8336	2019-12-03 14:01:28 +0300	2019-12-03 14:00:49 +0300	2019-03-25 13:59:00 +0300	f3cb2c4904bb41ccaf1bac36b5b03a68	63 01 Su		17761 ev su 2018-12 2019-2				n	6995/100	6995/100	1970-01-01 02:00:00 +0200
C	b4844ea0e121406e89bdabe9b5ca55fb	6fe5e8d54c5047a4b1320f8091fc2491	2019-12-03 14:01:28 +0300	2019-12-03 14:00:49 +0300	2019-03-25 13:59:00 +0300	deabaef30fc841ac9337e26a874ae856	100 KASA		17761 ev su 2018-12 2019-2				n	-6995/100	-6995/100	1970-01-01 02:00:00 +0200
===== END
===== START
C	30c3b9555f4d442aafbf9a29c190eff8	accadf9160724328bda115e96e4d3b0c	2019-12-03 14:01:43 +0300	2019-12-03 14:01:43 +0300	2019-03-24 13:59:00 +0300	f3cb2c4904bb41ccaf1bac36b5b03a68	63 01 Su						n	0/100	0/100	1970-01-01 02:00:00 +0200
===== END
===== START
===== END
===== START
B	30c3b9555f4d442aafbf9a29c190eff8	accadf9160724328bda115e96e4d3b0c	2019-12-03 14:02:19 +0300	2019-12-03 14:01:43 +0300	2019-03-24 13:59:00 +0300	f3cb2c4904bb41ccaf1bac36b5b03a68	63 01 Su						n	0/100	0/100	1970-01-01 02:00:00 +0200
===== END
===== START
C	30c3b9555f4d442aafbf9a29c190eff8	accadf9160724328bda115e96e4d3b0c	2019-12-03 14:02:19 +0300	2019-12-03 14:01:43 +0300	2019-03-24 13:59:00 +0300	f3cb2c4904bb41ccaf1bac36b5b03a68	63 01 Su		17761 ev su 2018-8-10-12 				n	0/100	0/100	1970-01-01 02:00:00 +0200
===== END
===== START
B	30c3b9555f4d442aafbf9a29c190eff8	accadf9160724328bda115e96e4d3b0c	2019-12-03 14:02:22 +0300	2019-12-03 14:01:43 +0300	2019-03-24 13:59:00 +0300	f3cb2c4904bb41ccaf1bac36b5b03a68	63 01 Su		17761 ev su 2018-8-10-12 				n	0/100	0/100	1970-01-01 02:00:00 +0200
===== END
===== START
C	30c3b9555f4d442aafbf9a29c190eff8	accadf9160724328bda115e96e4d3b0c	2019-12-03 14:02:22 +0300	2019-12-03 14:01:43 +0300	2019-03-24 13:59:00 +0300	f3cb2c4904bb41ccaf1bac36b5b03a68	63 01 Su		17761 ev su 2018-8-10-12 				n	0/100	0/100	1970-01-01 02:00:00 +0200
C	30c3b9555f4d442aafbf9a29c190eff8	c2fd3e9315ab4fc2ae195cf9078038f5	2019-12-03 14:02:22 +0300	2019-12-03 14:01:43 +0300	2019-03-24 13:59:00 +0300	deabaef30fc841ac9337e26a874ae856	100 KASA		17761 ev su 2018-8-10-12 				n	0/100	0/100	1970-01-01 02:00:00 +0200
===== END
===== START
B	30c3b9555f4d442aafbf9a29c190eff8	accadf9160724328bda115e96e4d3b0c	2019-12-03 14:02:29 +0300	2019-12-03 14:01:43 +0300	2019-03-24 13:59:00 +0300	f3cb2c4904bb41ccaf1bac36b5b03a68	63 01 Su		17761 ev su 2018-8-10-12 				n	0/100	0/100	1970-01-01 02:00:00 +0200
B	30c3b9555f4d442aafbf9a29c190eff8	c2fd3e9315ab4fc2ae195cf9078038f5	2019-12-03 14:02:29 +0300	2019-12-03 14:01:43 +0300	2019-03-24 13:59:00 +0300	deabaef30fc841ac9337e26a874ae856	100 KASA		17761 ev su 2018-8-10-12 				n	0/100	0/100	1970-01-01 02:00:00 +0200
===== END
===== START
C	30c3b9555f4d442aafbf9a29c190eff8	accadf9160724328bda115e96e4d3b0c	2019-12-03 14:02:29 +0300	2019-12-03 14:01:43 +0300	2019-03-24 13:59:00 +0300	f3cb2c4904bb41ccaf1bac36b5b03a68	63 01 Su		17761 ev su 2018-8-10-12 				n	21299/100	21299/100	1970-01-01 02:00:00 +0200
C	30c3b9555f4d442aafbf9a29c190eff8	c2fd3e9315ab4fc2ae195cf9078038f5	2019-12-03 14:02:29 +0300	2019-12-03 14:01:43 +0300	2019-03-24 13:59:00 +0300	deabaef30fc841ac9337e26a874ae856	100 KASA		17761 ev su 2018-8-10-12 				n	-21299/100	-21299/100	1970-01-01 02:00:00 +0200
===== END
===== START
C	ce12a69b8d41447b888da3aedb1b1261	d83e3817209f4414a8dbf3b24c1fdbe2	2019-12-03 14:02:51 +0300	2019-12-03 14:02:51 +0300	2019-09-24 13:59:00 +0300	f3cb2c4904bb41ccaf1bac36b5b03a68	63 01 Su						n	0/100	0/100	1970-01-01 02:00:00 +0200
===== END
===== START
===== END
===== START
B	ce12a69b8d41447b888da3aedb1b1261	d83e3817209f4414a8dbf3b24c1fdbe2	2019-12-03 14:03:07 +0300	2019-12-03 14:02:51 +0300	2019-09-24 13:59:00 +0300	f3cb2c4904bb41ccaf1bac36b5b03a68	63 01 Su						n	0/100	0/100	1970-01-01 02:00:00 +0200
===== END
===== START
C	ce12a69b8d41447b888da3aedb1b1261	d83e3817209f4414a8dbf3b24c1fdbe2	2019-12-03 14:03:07 +0300	2019-12-03 14:02:51 +0300	2019-09-24 13:59:00 +0300	f3cb2c4904bb41ccaf1bac36b5b03a68	63 01 Su		17761 ev 2019 4-6-8				n	0/100	0/100	1970-01-01 02:00:00 +0200
===== END
===== START
B	ce12a69b8d41447b888da3aedb1b1261	d83e3817209f4414a8dbf3b24c1fdbe2	2019-12-03 14:03:19 +0300	2019-12-03 14:02:51 +0300	2019-09-24 13:59:00 +0300	f3cb2c4904bb41ccaf1bac36b5b03a68	63 01 Su		17761 ev 2019 4-6-8				n	0/100	0/100	1970-01-01 02:00:00 +0200
===== END
===== START
C	ce12a69b8d41447b888da3aedb1b1261	d83e3817209f4414a8dbf3b24c1fdbe2	2019-12-03 14:03:19 +0300	2019-12-03 14:02:51 +0300	2019-09-24 13:59:00 +0300	f3cb2c4904bb41ccaf1bac36b5b03a68	63 01 Su		17761 ev 2019 4-6-8				n	18336/100	18336/100	1970-01-01 02:00:00 +0200
C	ce12a69b8d41447b888da3aedb1b1261	c319bbdb2dbf4f91ad6ba49a5b2ff668	2019-12-03 14:03:19 +0300	2019-12-03 14:02:51 +0300	2019-09-24 13:59:00 +0300	deabaef30fc841ac9337e26a874ae856	100 KASA		17761 ev 2019 4-6-8				n	-18336/100	-18336/100	1970-01-01 02:00:00 +0200
===== END
===== START
C	b8edee89a36a4a1f97f733a0eddd99c1	2479ecd5e96a4ca5a1a8e3f84a7f9f4d	2019-12-03 14:03:48 +0300	2019-12-03 14:03:48 +0300	2019-09-24 13:59:00 +0300	f3cb2c4904bb41ccaf1bac36b5b03a68	63 01 Su		17761 ev 2019 8				n	0/100	0/100	1970-01-01 02:00:00 +0200
===== END
===== START
===== END
