mod	trans_guid	split_guid	time_now	date_entered	date_posted	acc_guid	acc_name	num	description	notes	memo	action	reconciled	amount	value	date_reconciled
-----------------
===== START
===== END
===== START
C	e6b13961bf844d108f89f353c6e8e24f	93fea58543d743b3a4799efdb12d3c95	2019-12-05 14:25:26 +0300	2019-12-05 14:25:26 +0300	2019-12-05 13:59:00 +0300	39e2cd7ef3804fa2b4d086b129cfd660	127 222 Özge Kahraman						n	-2120000/100	-2120000/100	1970-01-01 02:00:00 +0200
C	e6b13961bf844d108f89f353c6e8e24f	a8084bf1efbb46ee8e9814cce8e26f75	2019-12-05 14:25:26 +0300	2019-12-05 14:25:26 +0300	2019-12-05 13:59:00 +0300	9563334a4f7b422cb1139223daa2b467	100 222 Milangaz						n	2120000/100	2120000/100	1970-01-01 02:00:00 +0200
===== END
===== START
===== END
===== START
B	e6b13961bf844d108f89f353c6e8e24f	a8084bf1efbb46ee8e9814cce8e26f75	2019-12-05 14:25:48 +0300	2019-12-05 14:25:26 +0300	2019-12-05 13:59:00 +0300	9563334a4f7b422cb1139223daa2b467	100 222 Milangaz						n	2120000/100	2120000/100	1970-01-01 02:00:00 +0200
B	e6b13961bf844d108f89f353c6e8e24f	93fea58543d743b3a4799efdb12d3c95	2019-12-05 14:25:48 +0300	2019-12-05 14:25:26 +0300	2019-12-05 13:59:00 +0300	39e2cd7ef3804fa2b4d086b129cfd660	127 222 Özge Kahraman						n	-2120000/100	-2120000/100	1970-01-01 02:00:00 +0200
===== END
===== START
C	e6b13961bf844d108f89f353c6e8e24f	a8084bf1efbb46ee8e9814cce8e26f75	2019-12-05 14:25:48 +0300	2019-12-05 14:25:26 +0300	2019-12-05 13:59:00 +0300	9563334a4f7b422cb1139223daa2b467	100 222 Milangaz		Özge Kahraman Kira Ödemesi				n	2120000/100	2120000/100	1970-01-01 02:00:00 +0200
C	e6b13961bf844d108f89f353c6e8e24f	93fea58543d743b3a4799efdb12d3c95	2019-12-05 14:25:48 +0300	2019-12-05 14:25:26 +0300	2019-12-05 13:59:00 +0300	39e2cd7ef3804fa2b4d086b129cfd660	127 222 Özge Kahraman		Özge Kahraman Kira Ödemesi				n	-2120000/100	-2120000/100	1970-01-01 02:00:00 +0200
===== END
===== START
B	e6b13961bf844d108f89f353c6e8e24f	a8084bf1efbb46ee8e9814cce8e26f75	2019-12-05 14:25:54 +0300	2019-12-05 14:25:26 +0300	2019-12-05 13:59:00 +0300	9563334a4f7b422cb1139223daa2b467	100 222 Milangaz		Özge Kahraman Kira Ödemesi				n	2120000/100	2120000/100	1970-01-01 02:00:00 +0200
B	e6b13961bf844d108f89f353c6e8e24f	93fea58543d743b3a4799efdb12d3c95	2019-12-05 14:25:54 +0300	2019-12-05 14:25:26 +0300	2019-12-05 13:59:00 +0300	39e2cd7ef3804fa2b4d086b129cfd660	127 222 Özge Kahraman		Özge Kahraman Kira Ödemesi				n	-2120000/100	-2120000/100	1970-01-01 02:00:00 +0200
===== END
===== START
C	e6b13961bf844d108f89f353c6e8e24f	a8084bf1efbb46ee8e9814cce8e26f75	2019-12-05 14:25:54 +0300	2019-12-05 14:25:26 +0300	2018-12-31 13:59:00 +0300	9563334a4f7b422cb1139223daa2b467	100 222 Milangaz		Özge Kahraman Kira Ödemesi				n	2120000/100	2120000/100	1970-01-01 02:00:00 +0200
C	e6b13961bf844d108f89f353c6e8e24f	93fea58543d743b3a4799efdb12d3c95	2019-12-05 14:25:54 +0300	2019-12-05 14:25:26 +0300	2018-12-31 13:59:00 +0300	39e2cd7ef3804fa2b4d086b129cfd660	127 222 Özge Kahraman		Özge Kahraman Kira Ödemesi				n	-2120000/100	-2120000/100	1970-01-01 02:00:00 +0200
===== END
===== START
D	d7a194cd514e481892b2d7cbca6a2e64	e3af721e3e7b4321a8bdb9c368adf006	2019-12-05 14:26:03 +0300	2019-12-05 14:26:03 +0300	2019-12-05 13:59:00 +0300								n	0/1	0/100	1970-01-01 02:00:00 +0200
===== END
===== START
D	d210022ba98b4e79a4ed7971b186237f	64109ff60fd44b6c94a43157c401ad4e	2019-12-05 14:26:04 +0300	2019-12-05 14:26:04 +0300	2019-12-05 13:59:00 +0300								n	0/1	0/100	1970-01-01 02:00:00 +0200
===== END
===== START
D	843d5d4a3e774af0862d2091e791a959	ccfcbf2c9aef4aed96935f367734a389	2019-12-05 14:26:06 +0300	2019-12-05 14:26:06 +0300	2019-12-05 13:59:00 +0300								n	0/1	0/100	1970-01-01 02:00:00 +0200
===== END
===== START
D	c1e072bcaaab4cb793c8773a493d2a00	1ac784d812ad462abd0fa25de4c2d01c	2019-12-05 14:26:08 +0300	2019-12-05 14:26:08 +0300	2019-12-05 13:59:00 +0300								n	0/1	0/100	1970-01-01 02:00:00 +0200
===== END
===== START
===== END
===== START
C	2bda7008700e421998d609df98b96bd4	b995965b68c04385bd66a9370c34a555	2019-12-05 14:26:43 +0300	2019-12-05 14:26:43 +0300	2018-12-31 13:59:00 +0300	d70435c7affd46fba6a7ad37d6bc801e	127 223 Asena Dursun						n	0/100	0/100	1970-01-01 02:00:00 +0200
===== END
===== START
===== END
===== START
B	2bda7008700e421998d609df98b96bd4	b995965b68c04385bd66a9370c34a555	2019-12-05 14:27:07 +0300	2019-12-05 14:26:43 +0300	2018-12-31 13:59:00 +0300	d70435c7affd46fba6a7ad37d6bc801e	127 223 Asena Dursun						n	0/100	0/100	1970-01-01 02:00:00 +0200
===== END
===== START
C	2bda7008700e421998d609df98b96bd4	b995965b68c04385bd66a9370c34a555	2019-12-05 14:27:07 +0300	2019-12-05 14:26:43 +0300	2018-12-31 13:59:00 +0300	d70435c7affd46fba6a7ad37d6bc801e	127 223 Asena Dursun		Kira Ödemesi				n	0/100	0/100	1970-01-01 02:00:00 +0200
===== END
===== START
C	c45c309a72764ca497a056c1b15fdd08	eb11969ab9e44234bba68102df982402	2019-12-05 14:27:18 +0300	2019-12-05 14:27:18 +0300	2018-12-31 13:59:00 +0300	d70435c7affd46fba6a7ad37d6bc801e	127 223 Asena Dursun		2018-20 AP Aygaz Kira Bedeli				n	0/100	0/100	1970-01-01 02:00:00 +0200
===== END
===== START
===== END
===== START
B	2bda7008700e421998d609df98b96bd4	b995965b68c04385bd66a9370c34a555	2019-12-05 14:27:55 +0300	2019-12-05 14:26:43 +0300	2018-12-31 13:59:00 +0300	d70435c7affd46fba6a7ad37d6bc801e	127 223 Asena Dursun		Kira Ödemesi				n	0/100	0/100	1970-01-01 02:00:00 +0200
===== END
===== START
C	2bda7008700e421998d609df98b96bd4	b995965b68c04385bd66a9370c34a555	2019-12-05 14:27:55 +0300	2019-12-05 14:26:43 +0300	2018-12-31 13:59:00 +0300	d70435c7affd46fba6a7ad37d6bc801e	127 223 Asena Dursun		2011-17 Aygaz Kira Bedeli				n	0/100	0/100	1970-01-01 02:00:00 +0200
===== END
===== START
B	2bda7008700e421998d609df98b96bd4	b995965b68c04385bd66a9370c34a555	2019-12-05 14:28:45 +0300	2019-12-05 14:26:43 +0300	2018-12-31 13:59:00 +0300	d70435c7affd46fba6a7ad37d6bc801e	127 223 Asena Dursun		2011-17 Aygaz Kira Bedeli				n	0/100	0/100	1970-01-01 02:00:00 +0200
===== END
===== START
C	2bda7008700e421998d609df98b96bd4	b995965b68c04385bd66a9370c34a555	2019-12-05 14:28:45 +0300	2019-12-05 14:26:43 +0300	2018-12-31 13:59:00 +0300	d70435c7affd46fba6a7ad37d6bc801e	127 223 Asena Dursun		2011-17 Aygaz Kira Bedeli				n	0/100	0/100	1970-01-01 02:00:00 +0200
C	2bda7008700e421998d609df98b96bd4	8b9e9299e23c4fffb30d808639d1b71d	2019-12-05 14:28:45 +0300	2019-12-05 14:26:43 +0300	2018-12-31 13:59:00 +0300	d9300bf4343b439cac4b8fb37d4b4e5d	64 1 223 Aygaz		2011-17 Aygaz Kira Bedeli				n	0/100	0/100	1970-01-01 02:00:00 +0200
===== END
===== START
B	c45c309a72764ca497a056c1b15fdd08	eb11969ab9e44234bba68102df982402	2019-12-05 14:28:53 +0300	2019-12-05 14:27:18 +0300	2018-12-31 13:59:00 +0300	d70435c7affd46fba6a7ad37d6bc801e	127 223 Asena Dursun		2018-20 AP Aygaz Kira Bedeli				n	0/100	0/100	1970-01-01 02:00:00 +0200
===== END
===== START
C	c45c309a72764ca497a056c1b15fdd08	eb11969ab9e44234bba68102df982402	2019-12-05 14:28:54 +0300	2019-12-05 14:27:18 +0300	2018-12-31 13:59:00 +0300	d70435c7affd46fba6a7ad37d6bc801e	127 223 Asena Dursun		2018-20 AP Aygaz Kira Bedeli				n	0/100	0/100	1970-01-01 02:00:00 +0200
C	c45c309a72764ca497a056c1b15fdd08	2a4b8d27f03b470e9a88b9bfd4128124	2019-12-05 14:28:54 +0300	2019-12-05 14:27:18 +0300	2018-12-31 13:59:00 +0300	8698cda7214d42ecb191529968517da9	100 223 Aygaz		2018-20 AP Aygaz Kira Bedeli				n	0/100	0/100	1970-01-01 02:00:00 +0200
===== END
===== START
B	2bda7008700e421998d609df98b96bd4	b995965b68c04385bd66a9370c34a555	2019-12-05 14:29:59 +0300	2019-12-05 14:26:43 +0300	2018-12-31 13:59:00 +0300	d70435c7affd46fba6a7ad37d6bc801e	127 223 Asena Dursun		2011-17 Aygaz Kira Bedeli				n	0/100	0/100	1970-01-01 02:00:00 +0200
B	2bda7008700e421998d609df98b96bd4	8b9e9299e23c4fffb30d808639d1b71d	2019-12-05 14:29:59 +0300	2019-12-05 14:26:43 +0300	2018-12-31 13:59:00 +0300	d9300bf4343b439cac4b8fb37d4b4e5d	64 1 223 Aygaz		2011-17 Aygaz Kira Bedeli				n	0/100	0/100	1970-01-01 02:00:00 +0200
===== END
===== START
C	2bda7008700e421998d609df98b96bd4	b995965b68c04385bd66a9370c34a555	2019-12-05 14:29:59 +0300	2019-12-05 14:26:43 +0300	2018-12-31 13:59:00 +0300	d70435c7affd46fba6a7ad37d6bc801e	127 223 Asena Dursun		2011-17 Aygaz Kira Bedeli				n	-1190000/100	-1190000/100	1970-01-01 02:00:00 +0200
C	2bda7008700e421998d609df98b96bd4	8b9e9299e23c4fffb30d808639d1b71d	2019-12-05 14:29:59 +0300	2019-12-05 14:26:43 +0300	2018-12-31 13:59:00 +0300	d9300bf4343b439cac4b8fb37d4b4e5d	64 1 223 Aygaz		2011-17 Aygaz Kira Bedeli				n	1190000/100	1190000/100	1970-01-01 02:00:00 +0200
===== END
===== START
B	c45c309a72764ca497a056c1b15fdd08	eb11969ab9e44234bba68102df982402	2019-12-05 14:30:09 +0300	2019-12-05 14:27:18 +0300	2018-12-31 13:59:00 +0300	d70435c7affd46fba6a7ad37d6bc801e	127 223 Asena Dursun		2018-20 AP Aygaz Kira Bedeli				n	0/100	0/100	1970-01-01 02:00:00 +0200
B	c45c309a72764ca497a056c1b15fdd08	2a4b8d27f03b470e9a88b9bfd4128124	2019-12-05 14:30:09 +0300	2019-12-05 14:27:18 +0300	2018-12-31 13:59:00 +0300	8698cda7214d42ecb191529968517da9	100 223 Aygaz		2018-20 AP Aygaz Kira Bedeli				n	0/100	0/100	1970-01-01 02:00:00 +0200
===== END
===== START
C	c45c309a72764ca497a056c1b15fdd08	eb11969ab9e44234bba68102df982402	2019-12-05 14:30:09 +0300	2019-12-05 14:27:18 +0300	2018-12-31 13:59:00 +0300	d70435c7affd46fba6a7ad37d6bc801e	127 223 Asena Dursun		2018-20 AP Aygaz Kira Bedeli				n	1190000/100	1190000/100	1970-01-01 02:00:00 +0200
C	c45c309a72764ca497a056c1b15fdd08	2a4b8d27f03b470e9a88b9bfd4128124	2019-12-05 14:30:09 +0300	2019-12-05 14:27:18 +0300	2018-12-31 13:59:00 +0300	8698cda7214d42ecb191529968517da9	100 223 Aygaz		2018-20 AP Aygaz Kira Bedeli				n	-1190000/100	-1190000/100	1970-01-01 02:00:00 +0200
===== END
===== START
===== END
===== START
C	1e77967e458c4a2197a7c2423416708e	11df01c289224e3fbb77287073887f5e	2019-12-05 14:30:11 +0300	2019-12-05 14:30:11 +0300	2018-12-31 13:59:00 +0300	d70435c7affd46fba6a7ad37d6bc801e	127 223 Asena Dursun		2018-20 AP Aygaz Kira Bedeli				n	1190000/100	1190000/100	1970-01-01 02:00:00 +0200
C	1e77967e458c4a2197a7c2423416708e	3152bc5ebc084886af76d9ad6d650d3e	2019-12-05 14:30:11 +0300	2019-12-05 14:30:11 +0300	2018-12-31 13:59:00 +0300	8698cda7214d42ecb191529968517da9	100 223 Aygaz		2018-20 AP Aygaz Kira Bedeli				n	-1190000/100	-1190000/100	1970-01-01 02:00:00 +0200
===== END
===== START
B	c45c309a72764ca497a056c1b15fdd08	eb11969ab9e44234bba68102df982402	2019-12-05 14:30:28 +0300	2019-12-05 14:27:18 +0300	2018-12-31 13:59:00 +0300	d70435c7affd46fba6a7ad37d6bc801e	127 223 Asena Dursun		2018-20 AP Aygaz Kira Bedeli				n	1190000/100	1190000/100	1970-01-01 02:00:00 +0200
B	c45c309a72764ca497a056c1b15fdd08	2a4b8d27f03b470e9a88b9bfd4128124	2019-12-05 14:30:28 +0300	2019-12-05 14:27:18 +0300	2018-12-31 13:59:00 +0300	8698cda7214d42ecb191529968517da9	100 223 Aygaz		2018-20 AP Aygaz Kira Bedeli				n	-1190000/100	-1190000/100	1970-01-01 02:00:00 +0200
===== END
===== START
C	c45c309a72764ca497a056c1b15fdd08	eb11969ab9e44234bba68102df982402	2019-12-05 14:30:28 +0300	2019-12-05 14:27:18 +0300	2018-12-31 13:59:00 +0300	d70435c7affd46fba6a7ad37d6bc801e	127 223 Asena Dursun		2018-20 AP Aygaz Kira Ödemesi				n	1190000/100	1190000/100	1970-01-01 02:00:00 +0200
C	c45c309a72764ca497a056c1b15fdd08	2a4b8d27f03b470e9a88b9bfd4128124	2019-12-05 14:30:28 +0300	2019-12-05 14:27:18 +0300	2018-12-31 13:59:00 +0300	8698cda7214d42ecb191529968517da9	100 223 Aygaz		2018-20 AP Aygaz Kira Ödemesi				n	-1190000/100	-1190000/100	1970-01-01 02:00:00 +0200
===== END
===== START
B	1e77967e458c4a2197a7c2423416708e	11df01c289224e3fbb77287073887f5e	2019-12-05 14:30:40 +0300	2019-12-05 14:30:11 +0300	2018-12-31 13:59:00 +0300	d70435c7affd46fba6a7ad37d6bc801e	127 223 Asena Dursun		2018-20 AP Aygaz Kira Bedeli				n	1190000/100	1190000/100	1970-01-01 02:00:00 +0200
B	1e77967e458c4a2197a7c2423416708e	3152bc5ebc084886af76d9ad6d650d3e	2019-12-05 14:30:40 +0300	2019-12-05 14:30:11 +0300	2018-12-31 13:59:00 +0300	8698cda7214d42ecb191529968517da9	100 223 Aygaz		2018-20 AP Aygaz Kira Bedeli				n	-1190000/100	-1190000/100	1970-01-01 02:00:00 +0200
===== END
===== START
C	1e77967e458c4a2197a7c2423416708e	11df01c289224e3fbb77287073887f5e	2019-12-05 14:30:40 +0300	2019-12-05 14:30:11 +0300	2018-12-31 13:59:00 +0300	d70435c7affd46fba6a7ad37d6bc801e	127 223 Asena Dursun		2018-20 AP Aygaz Kira Ödemesi				n	1190000/100	1190000/100	1970-01-01 02:00:00 +0200
C	1e77967e458c4a2197a7c2423416708e	3152bc5ebc084886af76d9ad6d650d3e	2019-12-05 14:30:40 +0300	2019-12-05 14:30:11 +0300	2018-12-31 13:59:00 +0300	8698cda7214d42ecb191529968517da9	100 223 Aygaz		2018-20 AP Aygaz Kira Ödemesi				n	-1190000/100	-1190000/100	1970-01-01 02:00:00 +0200
===== END
===== START
B	c45c309a72764ca497a056c1b15fdd08	eb11969ab9e44234bba68102df982402	2019-12-05 14:30:52 +0300	2019-12-05 14:27:18 +0300	2018-12-31 13:59:00 +0300	d70435c7affd46fba6a7ad37d6bc801e	127 223 Asena Dursun		2018-20 AP Aygaz Kira Ödemesi				n	1190000/100	1190000/100	1970-01-01 02:00:00 +0200
B	c45c309a72764ca497a056c1b15fdd08	2a4b8d27f03b470e9a88b9bfd4128124	2019-12-05 14:30:52 +0300	2019-12-05 14:27:18 +0300	2018-12-31 13:59:00 +0300	8698cda7214d42ecb191529968517da9	100 223 Aygaz		2018-20 AP Aygaz Kira Ödemesi				n	-1190000/100	-1190000/100	1970-01-01 02:00:00 +0200
===== END
===== START
C	c45c309a72764ca497a056c1b15fdd08	eb11969ab9e44234bba68102df982402	2019-12-05 14:30:52 +0300	2019-12-05 14:27:18 +0300	2018-12-31 13:59:00 +0300	d70435c7affd46fba6a7ad37d6bc801e	127 223 Asena Dursun		2018-20 AP Aygaz Kira Ödemesi				n	-1190000/100	-1190000/100	1970-01-01 02:00:00 +0200
C	c45c309a72764ca497a056c1b15fdd08	2a4b8d27f03b470e9a88b9bfd4128124	2019-12-05 14:30:52 +0300	2019-12-05 14:27:18 +0300	2018-12-31 13:59:00 +0300	8698cda7214d42ecb191529968517da9	100 223 Aygaz		2018-20 AP Aygaz Kira Ödemesi				n	1190000/100	1190000/100	1970-01-01 02:00:00 +0200
===== END
===== START
B	1e77967e458c4a2197a7c2423416708e	11df01c289224e3fbb77287073887f5e	2019-12-05 14:30:56 +0300	2019-12-05 14:30:11 +0300	2018-12-31 13:59:00 +0300	d70435c7affd46fba6a7ad37d6bc801e	127 223 Asena Dursun		2018-20 AP Aygaz Kira Ödemesi				n	1190000/100	1190000/100	1970-01-01 02:00:00 +0200
B	1e77967e458c4a2197a7c2423416708e	3152bc5ebc084886af76d9ad6d650d3e	2019-12-05 14:30:56 +0300	2019-12-05 14:30:11 +0300	2018-12-31 13:59:00 +0300	8698cda7214d42ecb191529968517da9	100 223 Aygaz		2018-20 AP Aygaz Kira Ödemesi				n	-1190000/100	-1190000/100	1970-01-01 02:00:00 +0200
===== END
===== START
C	1e77967e458c4a2197a7c2423416708e	11df01c289224e3fbb77287073887f5e	2019-12-05 14:30:56 +0300	2019-12-05 14:30:11 +0300	2018-12-31 13:59:00 +0300	d70435c7affd46fba6a7ad37d6bc801e	127 223 Asena Dursun		2018-20 AP Aygaz Kira Ödemesi				n	-1190000/100	-1190000/100	1970-01-01 02:00:00 +0200
C	1e77967e458c4a2197a7c2423416708e	3152bc5ebc084886af76d9ad6d650d3e	2019-12-05 14:30:56 +0300	2019-12-05 14:30:11 +0300	2018-12-31 13:59:00 +0300	8698cda7214d42ecb191529968517da9	100 223 Aygaz		2018-20 AP Aygaz Kira Ödemesi				n	1190000/100	1190000/100	1970-01-01 02:00:00 +0200
===== END
===== START
B	2bda7008700e421998d609df98b96bd4	8b9e9299e23c4fffb30d808639d1b71d	2019-12-05 14:31:09 +0300	2019-12-05 14:26:43 +0300	2018-12-31 13:59:00 +0300	d9300bf4343b439cac4b8fb37d4b4e5d	64 1 223 Aygaz		2011-17 Aygaz Kira Bedeli				n	1190000/100	1190000/100	1970-01-01 02:00:00 +0200
B	2bda7008700e421998d609df98b96bd4	b995965b68c04385bd66a9370c34a555	2019-12-05 14:31:09 +0300	2019-12-05 14:26:43 +0300	2018-12-31 13:59:00 +0300	d70435c7affd46fba6a7ad37d6bc801e	127 223 Asena Dursun		2011-17 Aygaz Kira Bedeli				n	-1190000/100	-1190000/100	1970-01-01 02:00:00 +0200
===== END
===== START
C	2bda7008700e421998d609df98b96bd4	8b9e9299e23c4fffb30d808639d1b71d	2019-12-05 14:31:09 +0300	2019-12-05 14:26:43 +0300	2018-12-31 13:59:00 +0300	d9300bf4343b439cac4b8fb37d4b4e5d	64 1 223 Aygaz		2011-17 Aygaz Kira Bedeli				n	-1190000/100	-1190000/100	1970-01-01 02:00:00 +0200
C	2bda7008700e421998d609df98b96bd4	b995965b68c04385bd66a9370c34a555	2019-12-05 14:31:09 +0300	2019-12-05 14:26:43 +0300	2018-12-31 13:59:00 +0300	d70435c7affd46fba6a7ad37d6bc801e	127 223 Asena Dursun		2011-17 Aygaz Kira Bedeli				n	1190000/100	1190000/100	1970-01-01 02:00:00 +0200
===== END
===== START
B	1e77967e458c4a2197a7c2423416708e	3152bc5ebc084886af76d9ad6d650d3e	2019-12-05 14:31:13 +0300	2019-12-05 14:30:11 +0300	2018-12-31 13:59:00 +0300	8698cda7214d42ecb191529968517da9	100 223 Aygaz		2018-20 AP Aygaz Kira Ödemesi				n	1190000/100	1190000/100	1970-01-01 02:00:00 +0200
B	1e77967e458c4a2197a7c2423416708e	11df01c289224e3fbb77287073887f5e	2019-12-05 14:31:13 +0300	2019-12-05 14:30:11 +0300	2018-12-31 13:59:00 +0300	d70435c7affd46fba6a7ad37d6bc801e	127 223 Asena Dursun		2018-20 AP Aygaz Kira Ödemesi				n	-1190000/100	-1190000/100	1970-01-01 02:00:00 +0200
===== END
===== START
D	1e77967e458c4a2197a7c2423416708e	3152bc5ebc084886af76d9ad6d650d3e	2019-12-05 14:31:13 +0300	2019-12-05 14:30:11 +0300	2018-12-31 13:59:00 +0300	8698cda7214d42ecb191529968517da9	100 223 Aygaz		2018-20 AP Aygaz Kira Ödemesi				n	1190000/100	1190000/100	1970-01-01 02:00:00 +0200
D	1e77967e458c4a2197a7c2423416708e	11df01c289224e3fbb77287073887f5e	2019-12-05 14:31:13 +0300	2019-12-05 14:30:11 +0300	2018-12-31 13:59:00 +0300	d70435c7affd46fba6a7ad37d6bc801e	127 223 Asena Dursun		2018-20 AP Aygaz Kira Ödemesi				n	-1190000/100	-1190000/100	1970-01-01 02:00:00 +0200
===== END
===== START
===== END
===== START
===== END
===== START
C	3e9878ec33fb4cf593c49dbbb817090f	f2a4f19951a24cceadd6fd234db2bc5c	2019-12-05 14:31:32 +0300	2019-12-05 14:31:32 +0300	2019-12-05 13:59:00 +0300	d70435c7affd46fba6a7ad37d6bc801e	127 223 Asena Dursun		2011-17 Aygaz Kira Bedeli				n	1190000/100	1190000/100	1970-01-01 02:00:00 +0200
C	3e9878ec33fb4cf593c49dbbb817090f	0ae39f7ae8154faab24b59b4c93942d3	2019-12-05 14:31:32 +0300	2019-12-05 14:31:32 +0300	2019-12-05 13:59:00 +0300	d9300bf4343b439cac4b8fb37d4b4e5d	64 1 223 Aygaz		2011-17 Aygaz Kira Bedeli				n	-1190000/100	-1190000/100	1970-01-01 02:00:00 +0200
===== END
===== START
===== END
===== START
C	12e797572e2a4db4b9ea196ff2bdd451	b7a433b813474885adbf025fb8c0ae38	2019-12-05 14:31:37 +0300	2019-12-05 14:31:37 +0300	2019-12-05 13:59:00 +0300	d70435c7affd46fba6a7ad37d6bc801e	127 223 Asena Dursun		2011-17 Aygaz Kira Bedeli				n	1190000/100	1190000/100	1970-01-01 02:00:00 +0200
C	12e797572e2a4db4b9ea196ff2bdd451	49787f17fa494065b5c12bbe72f7095b	2019-12-05 14:31:37 +0300	2019-12-05 14:31:37 +0300	2019-12-05 13:59:00 +0300	d9300bf4343b439cac4b8fb37d4b4e5d	64 1 223 Aygaz		2011-17 Aygaz Kira Bedeli				n	-1190000/100	-1190000/100	1970-01-01 02:00:00 +0200
===== END
===== START
B	12e797572e2a4db4b9ea196ff2bdd451	b7a433b813474885adbf025fb8c0ae38	2019-12-05 14:31:52 +0300	2019-12-05 14:31:37 +0300	2019-12-05 13:59:00 +0300	d70435c7affd46fba6a7ad37d6bc801e	127 223 Asena Dursun		2011-17 Aygaz Kira Bedeli				n	1190000/100	1190000/100	1970-01-01 02:00:00 +0200
B	12e797572e2a4db4b9ea196ff2bdd451	49787f17fa494065b5c12bbe72f7095b	2019-12-05 14:31:52 +0300	2019-12-05 14:31:37 +0300	2019-12-05 13:59:00 +0300	d9300bf4343b439cac4b8fb37d4b4e5d	64 1 223 Aygaz		2011-17 Aygaz Kira Bedeli				n	-1190000/100	-1190000/100	1970-01-01 02:00:00 +0200
===== END
===== START
C	12e797572e2a4db4b9ea196ff2bdd451	b7a433b813474885adbf025fb8c0ae38	2019-12-05 14:31:52 +0300	2019-12-05 14:31:37 +0300	2018-12-31 13:59:00 +0300	d70435c7affd46fba6a7ad37d6bc801e	127 223 Asena Dursun		2011-17 Aygaz Kira Bedeli				n	1190000/100	1190000/100	1970-01-01 02:00:00 +0200
C	12e797572e2a4db4b9ea196ff2bdd451	49787f17fa494065b5c12bbe72f7095b	2019-12-05 14:31:52 +0300	2019-12-05 14:31:37 +0300	2018-12-31 13:59:00 +0300	d9300bf4343b439cac4b8fb37d4b4e5d	64 1 223 Aygaz		2011-17 Aygaz Kira Bedeli				n	-1190000/100	-1190000/100	1970-01-01 02:00:00 +0200
===== END
===== START
B	3e9878ec33fb4cf593c49dbbb817090f	f2a4f19951a24cceadd6fd234db2bc5c	2019-12-05 14:31:57 +0300	2019-12-05 14:31:32 +0300	2019-12-05 13:59:00 +0300	d70435c7affd46fba6a7ad37d6bc801e	127 223 Asena Dursun		2011-17 Aygaz Kira Bedeli				n	1190000/100	1190000/100	1970-01-01 02:00:00 +0200
B	3e9878ec33fb4cf593c49dbbb817090f	0ae39f7ae8154faab24b59b4c93942d3	2019-12-05 14:31:57 +0300	2019-12-05 14:31:32 +0300	2019-12-05 13:59:00 +0300	d9300bf4343b439cac4b8fb37d4b4e5d	64 1 223 Aygaz		2011-17 Aygaz Kira Bedeli				n	-1190000/100	-1190000/100	1970-01-01 02:00:00 +0200
===== END
===== START
C	3e9878ec33fb4cf593c49dbbb817090f	f2a4f19951a24cceadd6fd234db2bc5c	2019-12-05 14:31:57 +0300	2019-12-05 14:31:32 +0300	2018-12-31 13:59:00 +0300	d70435c7affd46fba6a7ad37d6bc801e	127 223 Asena Dursun		2011-17 Aygaz Kira Bedeli				n	1190000/100	1190000/100	1970-01-01 02:00:00 +0200
C	3e9878ec33fb4cf593c49dbbb817090f	0ae39f7ae8154faab24b59b4c93942d3	2019-12-05 14:31:57 +0300	2019-12-05 14:31:32 +0300	2018-12-31 13:59:00 +0300	d9300bf4343b439cac4b8fb37d4b4e5d	64 1 223 Aygaz		2011-17 Aygaz Kira Bedeli				n	-1190000/100	-1190000/100	1970-01-01 02:00:00 +0200
===== END
===== START
B	3e9878ec33fb4cf593c49dbbb817090f	f2a4f19951a24cceadd6fd234db2bc5c	2019-12-05 14:32:02 +0300	2019-12-05 14:31:32 +0300	2018-12-31 13:59:00 +0300	d70435c7affd46fba6a7ad37d6bc801e	127 223 Asena Dursun		2011-17 Aygaz Kira Bedeli				n	1190000/100	1190000/100	1970-01-01 02:00:00 +0200
B	3e9878ec33fb4cf593c49dbbb817090f	0ae39f7ae8154faab24b59b4c93942d3	2019-12-05 14:32:02 +0300	2019-12-05 14:31:32 +0300	2018-12-31 13:59:00 +0300	d9300bf4343b439cac4b8fb37d4b4e5d	64 1 223 Aygaz		2011-17 Aygaz Kira Bedeli				n	-1190000/100	-1190000/100	1970-01-01 02:00:00 +0200
===== END
===== START
C	3e9878ec33fb4cf593c49dbbb817090f	f2a4f19951a24cceadd6fd234db2bc5c	2019-12-05 14:32:02 +0300	2019-12-05 14:31:32 +0300	2018-12-31 13:59:00 +0300	d70435c7affd46fba6a7ad37d6bc801e	127 223 Asena Dursun		2011-17 Aygaz Kira Bedeli				n	0/100	0/100	1970-01-01 02:00:00 +0200
C	3e9878ec33fb4cf593c49dbbb817090f	0ae39f7ae8154faab24b59b4c93942d3	2019-12-05 14:32:02 +0300	2019-12-05 14:31:32 +0300	2018-12-31 13:59:00 +0300	d9300bf4343b439cac4b8fb37d4b4e5d	64 1 223 Aygaz		2011-17 Aygaz Kira Bedeli				n	0/100	0/100	1970-01-01 02:00:00 +0200
===== END
===== START
B	12e797572e2a4db4b9ea196ff2bdd451	b7a433b813474885adbf025fb8c0ae38	2019-12-05 14:32:04 +0300	2019-12-05 14:31:37 +0300	2018-12-31 13:59:00 +0300	d70435c7affd46fba6a7ad37d6bc801e	127 223 Asena Dursun		2011-17 Aygaz Kira Bedeli				n	1190000/100	1190000/100	1970-01-01 02:00:00 +0200
B	12e797572e2a4db4b9ea196ff2bdd451	49787f17fa494065b5c12bbe72f7095b	2019-12-05 14:32:04 +0300	2019-12-05 14:31:37 +0300	2018-12-31 13:59:00 +0300	d9300bf4343b439cac4b8fb37d4b4e5d	64 1 223 Aygaz		2011-17 Aygaz Kira Bedeli				n	-1190000/100	-1190000/100	1970-01-01 02:00:00 +0200
===== END
===== START
C	12e797572e2a4db4b9ea196ff2bdd451	b7a433b813474885adbf025fb8c0ae38	2019-12-05 14:32:04 +0300	2019-12-05 14:31:37 +0300	2018-12-31 13:59:00 +0300	d70435c7affd46fba6a7ad37d6bc801e	127 223 Asena Dursun		2011-17 Aygaz Kira Bedeli				n	0/100	0/100	1970-01-01 02:00:00 +0200
C	12e797572e2a4db4b9ea196ff2bdd451	49787f17fa494065b5c12bbe72f7095b	2019-12-05 14:32:04 +0300	2019-12-05 14:31:37 +0300	2018-12-31 13:59:00 +0300	d9300bf4343b439cac4b8fb37d4b4e5d	64 1 223 Aygaz		2011-17 Aygaz Kira Bedeli				n	0/100	0/100	1970-01-01 02:00:00 +0200
===== END
===== START
B	3e9878ec33fb4cf593c49dbbb817090f	f2a4f19951a24cceadd6fd234db2bc5c	2019-12-05 14:32:06 +0300	2019-12-05 14:31:32 +0300	2018-12-31 13:59:00 +0300	d70435c7affd46fba6a7ad37d6bc801e	127 223 Asena Dursun		2011-17 Aygaz Kira Bedeli				n	0/100	0/100	1970-01-01 02:00:00 +0200
B	3e9878ec33fb4cf593c49dbbb817090f	0ae39f7ae8154faab24b59b4c93942d3	2019-12-05 14:32:06 +0300	2019-12-05 14:31:32 +0300	2018-12-31 13:59:00 +0300	d9300bf4343b439cac4b8fb37d4b4e5d	64 1 223 Aygaz		2011-17 Aygaz Kira Bedeli				n	0/100	0/100	1970-01-01 02:00:00 +0200
===== END
===== START
C	3e9878ec33fb4cf593c49dbbb817090f	f2a4f19951a24cceadd6fd234db2bc5c	2019-12-05 14:32:06 +0300	2019-12-05 14:31:32 +0300	2018-12-31 13:59:00 +0300	d70435c7affd46fba6a7ad37d6bc801e	127 223 Asena Dursun		2011-17 Aygaz Kira Bedeli				n	-1190000/100	-1190000/100	1970-01-01 02:00:00 +0200
C	3e9878ec33fb4cf593c49dbbb817090f	0ae39f7ae8154faab24b59b4c93942d3	2019-12-05 14:32:06 +0300	2019-12-05 14:31:32 +0300	2018-12-31 13:59:00 +0300	d9300bf4343b439cac4b8fb37d4b4e5d	64 1 223 Aygaz		2011-17 Aygaz Kira Bedeli				n	1190000/100	1190000/100	1970-01-01 02:00:00 +0200
===== END
===== START
B	12e797572e2a4db4b9ea196ff2bdd451	b7a433b813474885adbf025fb8c0ae38	2019-12-05 14:32:07 +0300	2019-12-05 14:31:37 +0300	2018-12-31 13:59:00 +0300	d70435c7affd46fba6a7ad37d6bc801e	127 223 Asena Dursun		2011-17 Aygaz Kira Bedeli				n	0/100	0/100	1970-01-01 02:00:00 +0200
B	12e797572e2a4db4b9ea196ff2bdd451	49787f17fa494065b5c12bbe72f7095b	2019-12-05 14:32:07 +0300	2019-12-05 14:31:37 +0300	2018-12-31 13:59:00 +0300	d9300bf4343b439cac4b8fb37d4b4e5d	64 1 223 Aygaz		2011-17 Aygaz Kira Bedeli				n	0/100	0/100	1970-01-01 02:00:00 +0200
===== END
===== START
C	12e797572e2a4db4b9ea196ff2bdd451	b7a433b813474885adbf025fb8c0ae38	2019-12-05 14:32:07 +0300	2019-12-05 14:31:37 +0300	2018-12-31 13:59:00 +0300	d70435c7affd46fba6a7ad37d6bc801e	127 223 Asena Dursun		2011-17 Aygaz Kira Bedeli				n	-1190000/100	-1190000/100	1970-01-01 02:00:00 +0200
C	12e797572e2a4db4b9ea196ff2bdd451	49787f17fa494065b5c12bbe72f7095b	2019-12-05 14:32:07 +0300	2019-12-05 14:31:37 +0300	2018-12-31 13:59:00 +0300	d9300bf4343b439cac4b8fb37d4b4e5d	64 1 223 Aygaz		2011-17 Aygaz Kira Bedeli				n	1190000/100	1190000/100	1970-01-01 02:00:00 +0200
===== END
===== START
B	3e9878ec33fb4cf593c49dbbb817090f	0ae39f7ae8154faab24b59b4c93942d3	2019-12-05 14:32:17 +0300	2019-12-05 14:31:32 +0300	2018-12-31 13:59:00 +0300	d9300bf4343b439cac4b8fb37d4b4e5d	64 1 223 Aygaz		2011-17 Aygaz Kira Bedeli				n	1190000/100	1190000/100	1970-01-01 02:00:00 +0200
B	3e9878ec33fb4cf593c49dbbb817090f	f2a4f19951a24cceadd6fd234db2bc5c	2019-12-05 14:32:17 +0300	2019-12-05 14:31:32 +0300	2018-12-31 13:59:00 +0300	d70435c7affd46fba6a7ad37d6bc801e	127 223 Asena Dursun		2011-17 Aygaz Kira Bedeli				n	-1190000/100	-1190000/100	1970-01-01 02:00:00 +0200
===== END
===== START
C	3e9878ec33fb4cf593c49dbbb817090f	0ae39f7ae8154faab24b59b4c93942d3	2019-12-05 14:32:17 +0300	2019-12-05 14:31:32 +0300	2018-12-31 13:59:00 +0300	d9300bf4343b439cac4b8fb37d4b4e5d	64 1 223 Aygaz		2011-17 Aygaz Kira Bedeli				n	644980/100	644980/100	1970-01-01 02:00:00 +0200
C	3e9878ec33fb4cf593c49dbbb817090f	f2a4f19951a24cceadd6fd234db2bc5c	2019-12-05 14:32:17 +0300	2019-12-05 14:31:32 +0300	2018-12-31 13:59:00 +0300	d70435c7affd46fba6a7ad37d6bc801e	127 223 Asena Dursun		2011-17 Aygaz Kira Bedeli				n	-644980/100	-644980/100	1970-01-01 02:00:00 +0200
===== END
===== START
B	12e797572e2a4db4b9ea196ff2bdd451	49787f17fa494065b5c12bbe72f7095b	2019-12-05 14:32:28 +0300	2019-12-05 14:31:37 +0300	2018-12-31 13:59:00 +0300	d9300bf4343b439cac4b8fb37d4b4e5d	64 1 223 Aygaz		2011-17 Aygaz Kira Bedeli				n	1190000/100	1190000/100	1970-01-01 02:00:00 +0200
B	12e797572e2a4db4b9ea196ff2bdd451	b7a433b813474885adbf025fb8c0ae38	2019-12-05 14:32:28 +0300	2019-12-05 14:31:37 +0300	2018-12-31 13:59:00 +0300	d70435c7affd46fba6a7ad37d6bc801e	127 223 Asena Dursun		2011-17 Aygaz Kira Bedeli				n	-1190000/100	-1190000/100	1970-01-01 02:00:00 +0200
===== END
===== START
C	12e797572e2a4db4b9ea196ff2bdd451	49787f17fa494065b5c12bbe72f7095b	2019-12-05 14:32:28 +0300	2019-12-05 14:31:37 +0300	2018-12-31 13:59:00 +0300	d9300bf4343b439cac4b8fb37d4b4e5d	64 1 223 Aygaz		2011-17 Aygaz Kira Bedeli				n	396270/100	396270/100	1970-01-01 02:00:00 +0200
C	12e797572e2a4db4b9ea196ff2bdd451	b7a433b813474885adbf025fb8c0ae38	2019-12-05 14:32:28 +0300	2019-12-05 14:31:37 +0300	2018-12-31 13:59:00 +0300	d70435c7affd46fba6a7ad37d6bc801e	127 223 Asena Dursun		2011-17 Aygaz Kira Bedeli				n	-396270/100	-396270/100	1970-01-01 02:00:00 +0200
===== END
===== START
===== END
===== START
B	c393c64863ce490e95f4b426d2ccd33f	ee7611c2c10746b69e7eb803d5fce4a5	2019-12-05 14:33:52 +0300	2019-12-04 16:45:49 +0300	2018-12-31 13:59:00 +0300	e6db76ce4a5e41658984bd1f654da1bd	127 100 Ahmet Çalışkan		2011-2018 Lise Arkası Kira Gelirleri 				n	18162880/100	18162880/100	1970-01-01 02:00:00 +0200
B	c393c64863ce490e95f4b426d2ccd33f	33b52b2f62ba4e459c2febcd14c59511	2019-12-05 14:33:52 +0300	2019-12-04 16:45:49 +0300	2018-12-31 13:59:00 +0300	95839397af674a06897deec940317c85	64 1 100 Lise Arkası		2011-2018 Lise Arkası Kira Gelirleri 				n	-18162880/100	-18162880/100	1970-01-01 02:00:00 +0200
===== END
===== START
C	c393c64863ce490e95f4b426d2ccd33f	ee7611c2c10746b69e7eb803d5fce4a5	2019-12-05 14:33:52 +0300	2019-12-04 16:45:49 +0300	2018-12-31 13:59:00 +0300	e6db76ce4a5e41658984bd1f654da1bd	127 100 Ahmet Çalışkan		2011-2018 Lise Arkası Kira Gelirleri 				n	14262880/100	14262880/100	1970-01-01 02:00:00 +0200
C	c393c64863ce490e95f4b426d2ccd33f	33b52b2f62ba4e459c2febcd14c59511	2019-12-05 14:33:52 +0300	2019-12-04 16:45:49 +0300	2018-12-31 13:59:00 +0300	95839397af674a06897deec940317c85	64 1 100 Lise Arkası		2011-2018 Lise Arkası Kira Gelirleri 				n	-14262880/100	-14262880/100	1970-01-01 02:00:00 +0200
===== END
===== START
B	807f08f785ba439aba3f9e50a2c15cd8	484b3ff33d0c464e94dc57a2a82ca488	2019-12-05 14:34:02 +0300	2019-12-04 16:50:02 +0300	2018-12-31 13:59:00 +0300	95839397af674a06897deec940317c85	64 1 100 Lise Arkası		2011-2018 LA Kira Gelirleri 1/4				n	4540720/100	4540720/100	1970-01-01 02:00:00 +0200
B	807f08f785ba439aba3f9e50a2c15cd8	e85c7a980b0d42fdbe9a51f0cf258fa4	2019-12-05 14:34:02 +0300	2019-12-04 16:50:02 +0300	2018-12-31 13:59:00 +0300	2989cab05ba94d6b9b654d0567780299	320 Ortk 1 Ayşe Balcı		2011-2018 LA Kira Gelirleri 1/4				n	-4540720/100	-4540720/100	1970-01-01 02:00:00 +0200
===== END
===== START
C	807f08f785ba439aba3f9e50a2c15cd8	484b3ff33d0c464e94dc57a2a82ca488	2019-12-05 14:34:02 +0300	2019-12-04 16:50:02 +0300	2018-12-31 13:59:00 +0300	95839397af674a06897deec940317c85	64 1 100 Lise Arkası		2011-2018 LA Kira Gelirleri 1/4				n	3565720/100	3565720/100	1970-01-01 02:00:00 +0200
C	807f08f785ba439aba3f9e50a2c15cd8	e85c7a980b0d42fdbe9a51f0cf258fa4	2019-12-05 14:34:02 +0300	2019-12-04 16:50:02 +0300	2018-12-31 13:59:00 +0300	2989cab05ba94d6b9b654d0567780299	320 Ortk 1 Ayşe Balcı		2011-2018 LA Kira Gelirleri 1/4				n	-3565720/100	-3565720/100	1970-01-01 02:00:00 +0200
===== END
===== START
B	c339d2b737b94ccbaab4f98a046c41d8	9af99a48485e47ea9130dae9d0102153	2019-12-05 14:34:05 +0300	2019-12-04 16:50:39 +0300	2018-12-31 13:59:00 +0300	95839397af674a06897deec940317c85	64 1 100 Lise Arkası		2011-2018 LA Kira Gelirleri 1/4				n	4540720/100	4540720/100	1970-01-01 02:00:00 +0200
B	c339d2b737b94ccbaab4f98a046c41d8	ccff38a09a1547c58ef4612dbbce30df	2019-12-05 14:34:05 +0300	2019-12-04 16:50:39 +0300	2018-12-31 13:59:00 +0300	908c3f6feebf4484990b780afddb8c6d	320 Ortk 2 Ali Balcı		2011-2018 LA Kira Gelirleri 1/4				n	-4540720/100	-4540720/100	1970-01-01 02:00:00 +0200
===== END
===== START
C	c339d2b737b94ccbaab4f98a046c41d8	9af99a48485e47ea9130dae9d0102153	2019-12-05 14:34:05 +0300	2019-12-04 16:50:39 +0300	2018-12-31 13:59:00 +0300	95839397af674a06897deec940317c85	64 1 100 Lise Arkası		2011-2018 LA Kira Gelirleri 1/4				n	3565720/100	3565720/100	1970-01-01 02:00:00 +0200
C	c339d2b737b94ccbaab4f98a046c41d8	ccff38a09a1547c58ef4612dbbce30df	2019-12-05 14:34:05 +0300	2019-12-04 16:50:39 +0300	2018-12-31 13:59:00 +0300	908c3f6feebf4484990b780afddb8c6d	320 Ortk 2 Ali Balcı		2011-2018 LA Kira Gelirleri 1/4				n	-3565720/100	-3565720/100	1970-01-01 02:00:00 +0200
===== END
===== START
B	f6cda08128c7487498bb88a7ed70551c	87e83fa5168c40769d27d4c6fd380487	2019-12-05 14:34:07 +0300	2019-12-04 16:50:43 +0300	2018-12-31 13:59:00 +0300	95839397af674a06897deec940317c85	64 1 100 Lise Arkası		2011-2018 LA Kira Gelirleri 1/4				n	4540720/100	4540720/100	1970-01-01 02:00:00 +0200
B	f6cda08128c7487498bb88a7ed70551c	a2abe94f72bb42acb317601c9b98d757	2019-12-05 14:34:07 +0300	2019-12-04 16:50:43 +0300	2018-12-31 13:59:00 +0300	8b4e8a0fec9d46faac18955bcf4ac888	320 Ortk 3 Atila Balcı		2011-2018 LA Kira Gelirleri 1/4				n	-4540720/100	-4540720/100	1970-01-01 02:00:00 +0200
===== END
===== START
C	f6cda08128c7487498bb88a7ed70551c	87e83fa5168c40769d27d4c6fd380487	2019-12-05 14:34:07 +0300	2019-12-04 16:50:43 +0300	2018-12-31 13:59:00 +0300	95839397af674a06897deec940317c85	64 1 100 Lise Arkası		2011-2018 LA Kira Gelirleri 1/4				n	3565720/100	3565720/100	1970-01-01 02:00:00 +0200
C	f6cda08128c7487498bb88a7ed70551c	a2abe94f72bb42acb317601c9b98d757	2019-12-05 14:34:07 +0300	2019-12-04 16:50:43 +0300	2018-12-31 13:59:00 +0300	8b4e8a0fec9d46faac18955bcf4ac888	320 Ortk 3 Atila Balcı		2011-2018 LA Kira Gelirleri 1/4				n	-3565720/100	-3565720/100	1970-01-01 02:00:00 +0200
===== END
===== START
D	1537f2b062784ec7ab2bc35153b71441	1787b4488e974e6792e1ae4fb4614aee	2019-12-05 14:34:17 +0300	2019-12-05 14:34:17 +0300	2019-12-05 13:59:00 +0300								n	0/1	0/100	1970-01-01 02:00:00 +0200
===== END
===== START
D	00b782c8e9b643adb7c9c0960ee27024	7074f0c11dd64971ba10be895c726968	2019-12-05 14:34:20 +0300	2019-12-05 14:34:20 +0300	2019-12-05 13:59:00 +0300								n	0/1	0/100	1970-01-01 02:00:00 +0200
===== END
===== START
D	3ffc1622fe4e41419d74a5719781a9bb	40842468e6384337b32bbc7dc8e9569d	2019-12-05 14:34:21 +0300	2019-12-05 14:34:21 +0300	2018-12-31 13:59:00 +0300								n	0/1	0/100	1970-01-01 02:00:00 +0200
===== END
===== START
D	4685bf7fa3ab49f1bf65017fefe86a0d	d90dcd25da3c417780ce69779a9638cc	2019-12-05 14:34:24 +0300	2019-12-05 14:34:24 +0300	2019-12-05 13:59:00 +0300								n	0/1	0/100	1970-01-01 02:00:00 +0200
===== END
===== START
D	a5654e701d084824a9a5dfa98896f530	cad1af495e964c5abe02114732aefe66	2019-12-05 14:34:26 +0300	2019-12-05 14:34:26 +0300	2018-12-31 13:59:00 +0300								n	0/1	0/100	1970-01-01 02:00:00 +0200
===== END
===== START
===== END
===== START
B	d6c7c3c9edbd4f28b700f4fc50a78e11	5822b0b97e724f10a741c002aa4b58d2	2019-12-05 14:36:16 +0300	2019-12-04 17:04:22 +0300	2018-12-31 13:59:00 +0300	2d05ecc9b4e64f789485990ce01a8dcd	64 1 211 Yıkama Arka		2019-20 AP Ykm Arka Kira Bedeli 1/3 -> %32,5				n	1471167/100	1471167/100	1970-01-01 02:00:00 +0200
B	d6c7c3c9edbd4f28b700f4fc50a78e11	3b450d9a268f4810ad363fde2fede1c4	2019-12-05 14:36:16 +0300	2019-12-04 17:04:22 +0300	2018-12-31 13:59:00 +0300	8b4e8a0fec9d46faac18955bcf4ac888	320 Ortk 3 Atila Balcı		2019-20 AP Ykm Arka Kira Bedeli 1/3 -> %32,5				n	-1471167/100	-1471167/100	1970-01-01 02:00:00 +0200
===== END
===== START
C	d6c7c3c9edbd4f28b700f4fc50a78e11	5822b0b97e724f10a741c002aa4b58d2	2019-12-05 14:36:16 +0300	2019-12-04 17:04:22 +0300	2018-12-31 13:59:00 +0300	2d05ecc9b4e64f789485990ce01a8dcd	64 1 211 Yıkama Arka		2019-20 AP Ykm Arka Kira Bedeli 1/3 -> %32,5				n	-3055500/100	-3055500/100	1970-01-01 02:00:00 +0200
C	d6c7c3c9edbd4f28b700f4fc50a78e11	3b450d9a268f4810ad363fde2fede1c4	2019-12-05 14:36:16 +0300	2019-12-04 17:04:22 +0300	2018-12-31 13:59:00 +0300	8b4e8a0fec9d46faac18955bcf4ac888	320 Ortk 3 Atila Balcı		2019-20 AP Ykm Arka Kira Bedeli 1/3 -> %32,5				n	3055500/100	3055500/100	1970-01-01 02:00:00 +0200
===== END
===== START
B	d6c7c3c9edbd4f28b700f4fc50a78e11	3b450d9a268f4810ad363fde2fede1c4	2019-12-05 14:36:33 +0300	2019-12-04 17:04:22 +0300	2018-12-31 13:59:00 +0300	8b4e8a0fec9d46faac18955bcf4ac888	320 Ortk 3 Atila Balcı		2019-20 AP Ykm Arka Kira Bedeli 1/3 -> %32,5				n	3055500/100	3055500/100	1970-01-01 02:00:00 +0200
B	d6c7c3c9edbd4f28b700f4fc50a78e11	5822b0b97e724f10a741c002aa4b58d2	2019-12-05 14:36:33 +0300	2019-12-04 17:04:22 +0300	2018-12-31 13:59:00 +0300	2d05ecc9b4e64f789485990ce01a8dcd	64 1 211 Yıkama Arka		2019-20 AP Ykm Arka Kira Bedeli 1/3 -> %32,5				n	-3055500/100	-3055500/100	1970-01-01 02:00:00 +0200
===== END
===== START
C	d6c7c3c9edbd4f28b700f4fc50a78e11	3b450d9a268f4810ad363fde2fede1c4	2019-12-05 14:36:33 +0300	2019-12-04 17:04:22 +0300	2018-12-31 13:59:00 +0300	8b4e8a0fec9d46faac18955bcf4ac888	320 Ortk 3 Atila Balcı		2019-20 AP Ykm Arka Kira Bedeli 1/3 -> %32,5				n	0/100	0/100	1970-01-01 02:00:00 +0200
C	d6c7c3c9edbd4f28b700f4fc50a78e11	5822b0b97e724f10a741c002aa4b58d2	2019-12-05 14:36:33 +0300	2019-12-04 17:04:22 +0300	2018-12-31 13:59:00 +0300	2d05ecc9b4e64f789485990ce01a8dcd	64 1 211 Yıkama Arka		2019-20 AP Ykm Arka Kira Bedeli 1/3 -> %32,5				n	0/100	0/100	1970-01-01 02:00:00 +0200
===== END
===== START
B	7e3cd6a58ac2404e8a1444cf2689bc56	adc6900321f643c183258a01fefa03c2	2019-12-05 14:36:39 +0300	2019-12-04 17:01:52 +0300	2018-12-31 13:59:00 +0300	ce8f6dcd7f2041f9b5644506b44b5ce1	127 211 Adem Kesici		2011-18 AP Ykm Arka Kira Bedeli 1/3 				n	4526667/100	4526667/100	1970-01-01 02:00:00 +0200
B	7e3cd6a58ac2404e8a1444cf2689bc56	8ca52b2bd4fe41858aa645e7179b0ce7	2019-12-05 14:36:39 +0300	2019-12-04 17:01:52 +0300	2018-12-31 13:59:00 +0300	2d05ecc9b4e64f789485990ce01a8dcd	64 1 211 Yıkama Arka		2011-18 AP Ykm Arka Kira Bedeli 1/3 				n	-4526667/100	-4526667/100	1970-01-01 02:00:00 +0200
===== END
===== START
C	7e3cd6a58ac2404e8a1444cf2689bc56	adc6900321f643c183258a01fefa03c2	2019-12-05 14:36:39 +0300	2019-12-04 17:01:52 +0300	2018-12-31 13:59:00 +0300	ce8f6dcd7f2041f9b5644506b44b5ce1	127 211 Adem Kesici		2011-18 AP Ykm Arka Kira Bedeli 1/3 				n	3646667/100	3646667/100	1970-01-01 02:00:00 +0200
C	7e3cd6a58ac2404e8a1444cf2689bc56	8ca52b2bd4fe41858aa645e7179b0ce7	2019-12-05 14:36:39 +0300	2019-12-04 17:01:52 +0300	2018-12-31 13:59:00 +0300	2d05ecc9b4e64f789485990ce01a8dcd	64 1 211 Yıkama Arka		2011-18 AP Ykm Arka Kira Bedeli 1/3 				n	-3646667/100	-3646667/100	1970-01-01 02:00:00 +0200
===== END
===== START
===== END
===== START
B	3067f5bd53094a18ab5ab362dd7758a9	5786ba3b314f4baf96c838fd27026078	2019-12-05 14:37:05 +0300	2019-12-04 17:09:07 +0300	2018-12-31 13:59:00 +0300	e3b7ca3d8f734ca08af17be602c6ef7b	127 220 AP Ön		2011-18 AP Ykm Arka Kira Bedeli 2/3 				n	9053333/100	9053333/100	1970-01-01 02:00:00 +0200
B	3067f5bd53094a18ab5ab362dd7758a9	edc5b06c2f8043b6a0ddb1450eeccf0f	2019-12-05 14:37:05 +0300	2019-12-04 17:09:07 +0300	2018-12-31 13:59:00 +0300	bc14361189b241bf835961a52fa5ccf3	64 1 221 Yıkama Ön		2011-18 AP Ykm Arka Kira Bedeli 2/3 				n	-9053333/100	-9053333/100	1970-01-01 02:00:00 +0200
===== END
===== START
C	3067f5bd53094a18ab5ab362dd7758a9	5786ba3b314f4baf96c838fd27026078	2019-12-05 14:37:05 +0300	2019-12-04 17:09:07 +0300	2018-12-31 13:59:00 +0300	e3b7ca3d8f734ca08af17be602c6ef7b	127 220 AP Ön		2011-18 AP Ykm Arka Kira Bedeli 2/3 				n	7293333/100	7293333/100	1970-01-01 02:00:00 +0200
C	3067f5bd53094a18ab5ab362dd7758a9	edc5b06c2f8043b6a0ddb1450eeccf0f	2019-12-05 14:37:05 +0300	2019-12-04 17:09:07 +0300	2018-12-31 13:59:00 +0300	bc14361189b241bf835961a52fa5ccf3	64 1 221 Yıkama Ön		2011-18 AP Ykm Arka Kira Bedeli 2/3 				n	-7293333/100	-7293333/100	1970-01-01 02:00:00 +0200
===== END
===== START
B	a7d71acb3c144115ac62a12984900342	e008da7f67f946b9803128eae98b4f12	2019-12-05 14:37:11 +0300	2019-12-04 17:32:12 +0300	2018-12-31 13:59:00 +0300	bc14361189b241bf835961a52fa5ccf3	64 1 221 Yıkama Ön		2011-18 AP Ykm Arka Kira Bedeli 2/3 -> %54,2				n	4906906/100	4906906/100	1970-01-01 02:00:00 +0200
B	a7d71acb3c144115ac62a12984900342	f2e468403a6c486685321e67c3ff2c09	2019-12-05 14:37:11 +0300	2019-12-04 17:32:12 +0300	2018-12-31 13:59:00 +0300	e3b7ca3d8f734ca08af17be602c6ef7b	127 220 AP Ön		2011-18 AP Ykm Arka Kira Bedeli 2/3 -> %54,2				n	-4906906/100	-4906906/100	1970-01-01 02:00:00 +0200
===== END
===== START
C	a7d71acb3c144115ac62a12984900342	e008da7f67f946b9803128eae98b4f12	2019-12-05 14:37:11 +0300	2019-12-04 17:32:12 +0300	2018-12-31 13:59:00 +0300	bc14361189b241bf835961a52fa5ccf3	64 1 221 Yıkama Ön		2011-18 AP Ykm Arka Kira Bedeli 2/3 -> %54,2				n	0/100	0/100	1970-01-01 02:00:00 +0200
C	a7d71acb3c144115ac62a12984900342	f2e468403a6c486685321e67c3ff2c09	2019-12-05 14:37:11 +0300	2019-12-04 17:32:12 +0300	2018-12-31 13:59:00 +0300	e3b7ca3d8f734ca08af17be602c6ef7b	127 220 AP Ön		2011-18 AP Ykm Arka Kira Bedeli 2/3 -> %54,2				n	0/100	0/100	1970-01-01 02:00:00 +0200
===== END
===== START
B	28f27e2f98794b8e99b098ff77ce8bf1	548479ba40fb4ccf90f38b63c1a17aff	2019-12-05 14:37:15 +0300	2019-12-04 17:32:24 +0300	2018-12-31 13:59:00 +0300	bc14361189b241bf835961a52fa5ccf3	64 1 221 Yıkama Ön		2011-18 AP Ykm Arka Kira Bedeli 2/3 -> %33,3				n	3014760/100	3014760/100	1970-01-01 02:00:00 +0200
B	28f27e2f98794b8e99b098ff77ce8bf1	1241409204db463e9134a6cee7d803a9	2019-12-05 14:37:15 +0300	2019-12-04 17:32:24 +0300	2018-12-31 13:59:00 +0300	e3b7ca3d8f734ca08af17be602c6ef7b	127 220 AP Ön		2011-18 AP Ykm Arka Kira Bedeli 2/3 -> %33,3				n	-3014760/100	-3014760/100	1970-01-01 02:00:00 +0200
===== END
===== START
C	28f27e2f98794b8e99b098ff77ce8bf1	548479ba40fb4ccf90f38b63c1a17aff	2019-12-05 14:37:15 +0300	2019-12-04 17:32:24 +0300	2018-12-31 13:59:00 +0300	bc14361189b241bf835961a52fa5ccf3	64 1 221 Yıkama Ön		2011-18 AP Ykm Arka Kira Bedeli 2/3 -> %33,3				c	0/100	0/100	1970-01-01 02:00:00 +0200
C	28f27e2f98794b8e99b098ff77ce8bf1	1241409204db463e9134a6cee7d803a9	2019-12-05 14:37:15 +0300	2019-12-04 17:32:24 +0300	2018-12-31 13:59:00 +0300	e3b7ca3d8f734ca08af17be602c6ef7b	127 220 AP Ön		2011-18 AP Ykm Arka Kira Bedeli 2/3 -> %33,3				n	0/100	0/100	1970-01-01 02:00:00 +0200
===== END
===== START
B	a7d71acb3c144115ac62a12984900342	e008da7f67f946b9803128eae98b4f12	2019-12-05 14:37:19 +0300	2019-12-04 17:32:12 +0300	2018-12-31 13:59:00 +0300	bc14361189b241bf835961a52fa5ccf3	64 1 221 Yıkama Ön		2011-18 AP Ykm Arka Kira Bedeli 2/3 -> %54,2				n	0/100	0/100	1970-01-01 02:00:00 +0200
B	a7d71acb3c144115ac62a12984900342	f2e468403a6c486685321e67c3ff2c09	2019-12-05 14:37:19 +0300	2019-12-04 17:32:12 +0300	2018-12-31 13:59:00 +0300	e3b7ca3d8f734ca08af17be602c6ef7b	127 220 AP Ön		2011-18 AP Ykm Arka Kira Bedeli 2/3 -> %54,2				n	0/100	0/100	1970-01-01 02:00:00 +0200
===== END
===== START
C	a7d71acb3c144115ac62a12984900342	e008da7f67f946b9803128eae98b4f12	2019-12-05 14:37:19 +0300	2019-12-04 17:32:12 +0300	2018-12-31 13:59:00 +0300	bc14361189b241bf835961a52fa5ccf3	64 1 221 Yıkama Ön		2011-18 AP Ykm Arka Kira Bedeli 2/3 -> %54,2				n	7293333/100	7293333/100	1970-01-01 02:00:00 +0200
C	a7d71acb3c144115ac62a12984900342	f2e468403a6c486685321e67c3ff2c09	2019-12-05 14:37:19 +0300	2019-12-04 17:32:12 +0300	2018-12-31 13:59:00 +0300	e3b7ca3d8f734ca08af17be602c6ef7b	127 220 AP Ön		2011-18 AP Ykm Arka Kira Bedeli 2/3 -> %54,2				n	-7293333/100	-7293333/100	1970-01-01 02:00:00 +0200
===== END
