mod	trans_guid	split_guid	time_now	date_entered	date_posted	acc_guid	acc_name	num	description	notes	memo	action	reconciled	amount	value	date_reconciled
-----------------
===== START
===== END
===== START
D	a5ecaf9464e64e38bc23de4df939eb00	a00d3da5b7d14e25976f75452ab51caa	2019-12-16 12:32:26 +0300	2019-12-16 12:32:26 +0300	2019-12-16 13:59:00 +0300								n	0/1	0/100	1970-01-01 02:00:00 +0200
===== END
===== START
D	124a7b9c30ae41fcb3d980ff46d4940a	5bd67144f867434e9ef148fd03ac6953	2019-12-16 12:32:27 +0300	2019-12-16 12:32:27 +0300	2019-12-16 13:59:00 +0300								n	0/1	0/100	1970-01-01 02:00:00 +0200
===== END
===== START
===== END
===== START
===== END
===== START
D	a169d04b71084c3186377099cd806832	d7895988d0974ebb938748075c04966a	2019-12-16 14:25:56 +0300	2019-12-16 14:25:56 +0300	2019-12-16 13:59:00 +0300								n	0/1	0/100	1970-01-01 02:00:00 +0200
===== END
===== START
D	06eec016f6be40c69a02f5f0aaa22171	52622975187b4122b2e24e5bfb18194c	2019-12-16 14:25:57 +0300	2019-12-16 14:25:57 +0300	2019-12-16 13:59:00 +0300								n	0/1	0/100	1970-01-01 02:00:00 +0200
===== END
===== START
===== END
