mod	trans_guid	split_guid	time_now	date_entered	date_posted	acc_guid	acc_name	num	description	notes	memo	action	reconciled	amount	value	date_reconciled
-----------------
===== START
D	8e9bd0d9379744979513e16d231733af	f913c1e2a8da4c548fd36767232bbbb8	2019-12-16 15:05:12 +0300	2019-12-16 15:05:12 +0300	2019-12-16 13:59:00 +0300								n	0/1	0/100	1970-01-01 02:00:00 +0200
===== END
===== START
D	0d4a9f089f6545338d05804038f060cc	c89cdf656e5a43c2acf78ca6e2a399ce	2019-12-16 15:05:13 +0300	2019-12-16 15:05:13 +0300	2019-12-16 13:59:00 +0300								n	0/1	0/100	1970-01-01 02:00:00 +0200
===== END
===== START
===== END
===== START
===== END
===== START
D	ea6be8aa116741c39c5b530351264581	2bae2c33766243f58f52b1eb371c2993	2019-12-16 15:17:07 +0300	2019-12-16 15:17:07 +0300	2019-12-16 13:59:00 +0300								n	0/1	0/100	1970-01-01 02:00:00 +0200
===== END
===== START
D	7a5ff9447d4e4d6f884ae9acdee72c04	4f0d02b814304bcbbaaa62c5257c3b0e	2019-12-16 15:17:09 +0300	2019-12-16 15:17:09 +0300	2019-12-16 13:59:00 +0300								n	0/1	0/100	1970-01-01 02:00:00 +0200
===== END
===== START
===== END
===== START
B	4220d37d56fd44cb84a9fc328d996fe7	6c2aa49b717444e9aa9fc1b5af5a059e	2019-12-16 15:26:15 +0300	2019-12-07 16:58:09 +0300	2014-10-31 12:59:00 +0200	95839397af674a06897deec940317c85	4 GLR LA		Ali Balcı Tapu masrafı				n	500000/100	500000/100	1970-01-01 02:00:00 +0200
B	4220d37d56fd44cb84a9fc328d996fe7	a672290ef7de48ca840cd673e714c7ae	2019-12-16 15:26:15 +0300	2019-12-07 16:58:09 +0300	2014-10-31 12:59:00 +0200	f68f90c055f64d619b9e33995f4f67f8	Mustafa Balcı		Ali Balcı Tapu masrafı				n	-500000/100	-500000/100	1970-01-01 02:00:00 +0200
===== END
===== START
C	4220d37d56fd44cb84a9fc328d996fe7	6c2aa49b717444e9aa9fc1b5af5a059e	2019-12-16 15:26:15 +0300	2019-12-07 16:58:09 +0300	2014-10-31 12:59:00 +0200	95839397af674a06897deec940317c85	4 GLR LA		Ali Balcı Tapu masrafı	b			n	500000/100	500000/100	1970-01-01 02:00:00 +0200
C	4220d37d56fd44cb84a9fc328d996fe7	a672290ef7de48ca840cd673e714c7ae	2019-12-16 15:26:15 +0300	2019-12-07 16:58:09 +0300	2014-10-31 12:59:00 +0200	f68f90c055f64d619b9e33995f4f67f8	Mustafa Balcı		Ali Balcı Tapu masrafı	b			n	-500000/100	-500000/100	1970-01-01 02:00:00 +0200
===== END
