mod	trans_guid	split_guid	time_now	date_entered	date_posted	acc_guid	acc_name	num	description	notes	memo	action	reconciled	amount	value	date_reconciled
-----------------
===== START
B	ea5e221bc83d4638b41e2a699668ac67	deff0826752a4a2289bf06de30e658d4	2019-12-03 13:10:52 +0300	2019-12-03 13:08:35 +0300	2019-11-29 13:59:00 +0300	104a7a63b68249ccb946717fe28d31a9	63 3 220 AP ön GM		Arsa 2019-1				n	660/100	660/100	1970-01-01 02:00:00 +0200
B	ea5e221bc83d4638b41e2a699668ac67	18cf03bca92640b4beaf226b84fe7475	2019-12-03 13:10:52 +0300	2019-12-03 13:08:35 +0300	2019-11-29 13:59:00 +0300	deabaef30fc841ac9337e26a874ae856	100 KASA		Arsa 2019-1				n	-660/100	-660/100	1970-01-01 02:00:00 +0200
===== END
===== START
C	ea5e221bc83d4638b41e2a699668ac67	deff0826752a4a2289bf06de30e658d4	2019-12-03 13:10:52 +0300	2019-12-03 13:08:35 +0300	2019-11-29 13:59:00 +0300	104a7a63b68249ccb946717fe28d31a9	63 3 220 AP ön GM		Ali Paşa Ön Arsa 2019-1				n	660/100	660/100	1970-01-01 02:00:00 +0200
C	ea5e221bc83d4638b41e2a699668ac67	18cf03bca92640b4beaf226b84fe7475	2019-12-03 13:10:52 +0300	2019-12-03 13:08:35 +0300	2019-11-29 13:59:00 +0300	deabaef30fc841ac9337e26a874ae856	100 KASA		Ali Paşa Ön Arsa 2019-1				n	-660/100	-660/100	1970-01-01 02:00:00 +0200
===== END
===== START
===== END
===== START
C	5af10efce1e14404baf4a09aa5f48893	95c79b0068f14fb1805b976855e7f525	2019-12-03 13:11:39 +0300	2019-12-03 13:11:39 +0300	2019-12-03 13:59:00 +0300	7438e25d27664316add73a2c0ab7fb32	63 3 210 AP arka GM		2019-1 Ali Paşa Arka Arsa 386-22				n	0/100	0/100	1970-01-01 02:00:00 +0200
===== END
===== START
===== END
===== START
B	ea5e221bc83d4638b41e2a699668ac67	deff0826752a4a2289bf06de30e658d4	2019-12-03 13:12:12 +0300	2019-12-03 13:08:35 +0300	2019-11-29 13:59:00 +0300	104a7a63b68249ccb946717fe28d31a9	63 3 220 AP ön GM		Ali Paşa Ön Arsa 2019-1				n	660/100	660/100	1970-01-01 02:00:00 +0200
B	ea5e221bc83d4638b41e2a699668ac67	18cf03bca92640b4beaf226b84fe7475	2019-12-03 13:12:12 +0300	2019-12-03 13:08:35 +0300	2019-11-29 13:59:00 +0300	deabaef30fc841ac9337e26a874ae856	100 KASA		Ali Paşa Ön Arsa 2019-1				n	-660/100	-660/100	1970-01-01 02:00:00 +0200
===== END
===== START
C	ea5e221bc83d4638b41e2a699668ac67	deff0826752a4a2289bf06de30e658d4	2019-12-03 13:12:12 +0300	2019-12-03 13:08:35 +0300	2019-11-29 13:59:00 +0300	104a7a63b68249ccb946717fe28d31a9	63 3 220 AP ön GM		2019-1 Ali Paşa Ön Arsa 386-116				n	660/100	660/100	1970-01-01 02:00:00 +0200
C	ea5e221bc83d4638b41e2a699668ac67	18cf03bca92640b4beaf226b84fe7475	2019-12-03 13:12:12 +0300	2019-12-03 13:08:35 +0300	2019-11-29 13:59:00 +0300	deabaef30fc841ac9337e26a874ae856	100 KASA		2019-1 Ali Paşa Ön Arsa 386-116				n	-660/100	-660/100	1970-01-01 02:00:00 +0200
===== END
===== START
C	36e9a71149444c39b803a8d8ee94e922	0fdf1cb77f354a999e5b1d3f8a4ba9fa	2019-12-03 13:12:12 +0300	2019-12-03 13:12:12 +0300	2019-12-03 13:59:00 +0300	104a7a63b68249ccb946717fe28d31a9	63 3 220 AP ön GM						c	0/100	0/100	1970-01-01 02:00:00 +0200
===== END
===== START
===== END
===== START
B	ea5e221bc83d4638b41e2a699668ac67	deff0826752a4a2289bf06de30e658d4	2019-12-03 13:12:46 +0300	2019-12-03 13:08:35 +0300	2019-11-29 13:59:00 +0300	104a7a63b68249ccb946717fe28d31a9	63 3 220 AP ön GM		2019-1 Ali Paşa Ön Arsa 386-116				n	660/100	660/100	1970-01-01 02:00:00 +0200
B	ea5e221bc83d4638b41e2a699668ac67	18cf03bca92640b4beaf226b84fe7475	2019-12-03 13:12:46 +0300	2019-12-03 13:08:35 +0300	2019-11-29 13:59:00 +0300	deabaef30fc841ac9337e26a874ae856	100 KASA		2019-1 Ali Paşa Ön Arsa 386-116				n	-660/100	-660/100	1970-01-01 02:00:00 +0200
===== END
===== START
C	ea5e221bc83d4638b41e2a699668ac67	deff0826752a4a2289bf06de30e658d4	2019-12-03 13:12:46 +0300	2019-12-03 13:08:35 +0300	2019-11-29 13:59:00 +0300	104a7a63b68249ccb946717fe28d31a9	63 3 220 AP ön GM		2019-1 Arsa ve Kültür Vergisi AP Ön Arsa 386-116 				n	990/100	990/100	1970-01-01 02:00:00 +0200
C	ea5e221bc83d4638b41e2a699668ac67	18cf03bca92640b4beaf226b84fe7475	2019-12-03 13:12:46 +0300	2019-12-03 13:08:35 +0300	2019-11-29 13:59:00 +0300	deabaef30fc841ac9337e26a874ae856	100 KASA		2019-1 Arsa ve Kültür Vergisi AP Ön Arsa 386-116 				n	-990/100	-990/100	1970-01-01 02:00:00 +0200
===== END
===== START
B	36e9a71149444c39b803a8d8ee94e922	0fdf1cb77f354a999e5b1d3f8a4ba9fa	2019-12-03 13:12:49 +0300	2019-12-03 13:12:12 +0300	2019-12-03 13:59:00 +0300	104a7a63b68249ccb946717fe28d31a9	63 3 220 AP ön GM						c	0/100	0/100	1970-01-01 02:00:00 +0200
===== END
===== START
D	36e9a71149444c39b803a8d8ee94e922	0fdf1cb77f354a999e5b1d3f8a4ba9fa	2019-12-03 13:12:49 +0300	2019-12-03 13:12:12 +0300	2019-12-03 13:59:00 +0300	104a7a63b68249ccb946717fe28d31a9	63 3 220 AP ön GM						c	0/100	0/100	1970-01-01 02:00:00 +0200
===== END
===== START
B	5af10efce1e14404baf4a09aa5f48893	95c79b0068f14fb1805b976855e7f525	2019-12-03 13:13:07 +0300	2019-12-03 13:11:39 +0300	2019-12-03 13:59:00 +0300	7438e25d27664316add73a2c0ab7fb32	63 3 210 AP arka GM		2019-1 Ali Paşa Arka Arsa 386-22				n	0/100	0/100	1970-01-01 02:00:00 +0200
===== END
===== START
C	5af10efce1e14404baf4a09aa5f48893	95c79b0068f14fb1805b976855e7f525	2019-12-03 13:13:07 +0300	2019-12-03 13:11:39 +0300	2019-12-03 13:59:00 +0300	7438e25d27664316add73a2c0ab7fb32	63 3 210 AP arka GM		2019-1 Arsa ve Kültür Vergisi AP Arka Arsa 386-22 				n	660/100	660/100	1970-01-01 02:00:00 +0200
C	5af10efce1e14404baf4a09aa5f48893	4fdacebc29e04265920415a370584e59	2019-12-03 13:13:07 +0300	2019-12-03 13:11:39 +0300	2019-12-03 13:59:00 +0300	deabaef30fc841ac9337e26a874ae856	100 KASA		2019-1 Arsa ve Kültür Vergisi AP Arka Arsa 386-22 				n	-660/100	-660/100	1970-01-01 02:00:00 +0200
===== END
===== START
===== END
===== START
B	f4fed64ce9e54bd6acd4732dd43add56	4d108849889c4aa4ac4fa3596fe12bcf	2019-12-03 13:13:49 +0300	2019-12-03 13:00:28 +0300	2019-11-29 13:59:00 +0300	4c3e59c6175e4d26a314854ae62c0bb5	63 3 400 TZGMRK GM		Arsa				n	2400/100	2400/100	1970-01-01 02:00:00 +0200
B	f4fed64ce9e54bd6acd4732dd43add56	1224de846a424154aa0bf4f18bd42f73	2019-12-03 13:13:49 +0300	2019-12-03 13:00:28 +0300	2019-11-29 13:59:00 +0300	deabaef30fc841ac9337e26a874ae856	100 KASA		Arsa				n	-2400/100	-2400/100	1970-01-01 02:00:00 +0200
===== END
===== START
C	f4fed64ce9e54bd6acd4732dd43add56	4d108849889c4aa4ac4fa3596fe12bcf	2019-12-03 13:13:49 +0300	2019-12-03 13:00:28 +0300	2019-11-29 13:59:00 +0300	4c3e59c6175e4d26a314854ae62c0bb5	63 3 400 TZGMRK GM		2019-1 Arsa ve Kültür Vergisi Tuzgümrüğü 244-21 				n	2400/100	2400/100	1970-01-01 02:00:00 +0200
C	f4fed64ce9e54bd6acd4732dd43add56	1224de846a424154aa0bf4f18bd42f73	2019-12-03 13:13:49 +0300	2019-12-03 13:00:28 +0300	2019-11-29 13:59:00 +0300	deabaef30fc841ac9337e26a874ae856	100 KASA		2019-1 Arsa ve Kültür Vergisi Tuzgümrüğü 244-21 				n	-2400/100	-2400/100	1970-01-01 02:00:00 +0200
===== END
===== START
B	9afb0053f6174a01b75fce4768819e57	c07560b050914d4781688055f0aa5109	2019-12-03 13:13:53 +0300	2019-12-03 13:00:57 +0300	2019-11-29 13:59:00 +0300	4c3e59c6175e4d26a314854ae62c0bb5	63 3 400 TZGMRK GM		Kültür				n	240/100	240/100	1970-01-01 02:00:00 +0200
B	9afb0053f6174a01b75fce4768819e57	0276a2770b4b404583b84862a9abca84	2019-12-03 13:13:53 +0300	2019-12-03 13:00:57 +0300	2019-11-29 13:59:00 +0300	deabaef30fc841ac9337e26a874ae856	100 KASA		Kültür				n	-240/100	-240/100	1970-01-01 02:00:00 +0200
===== END
===== START
D	9afb0053f6174a01b75fce4768819e57	c07560b050914d4781688055f0aa5109	2019-12-03 13:13:53 +0300	2019-12-03 13:00:57 +0300	2019-11-29 13:59:00 +0300	4c3e59c6175e4d26a314854ae62c0bb5	63 3 400 TZGMRK GM		Kültür				n	240/100	240/100	1970-01-01 02:00:00 +0200
D	9afb0053f6174a01b75fce4768819e57	0276a2770b4b404583b84862a9abca84	2019-12-03 13:13:53 +0300	2019-12-03 13:00:57 +0300	2019-11-29 13:59:00 +0300	deabaef30fc841ac9337e26a874ae856	100 KASA		Kültür				n	-240/100	-240/100	1970-01-01 02:00:00 +0200
===== END
===== START
B	f4fed64ce9e54bd6acd4732dd43add56	4d108849889c4aa4ac4fa3596fe12bcf	2019-12-03 13:14:01 +0300	2019-12-03 13:00:28 +0300	2019-11-29 13:59:00 +0300	4c3e59c6175e4d26a314854ae62c0bb5	63 3 400 TZGMRK GM		2019-1 Arsa ve Kültür Vergisi Tuzgümrüğü 244-21 				n	2400/100	2400/100	1970-01-01 02:00:00 +0200
B	f4fed64ce9e54bd6acd4732dd43add56	1224de846a424154aa0bf4f18bd42f73	2019-12-03 13:14:01 +0300	2019-12-03 13:00:28 +0300	2019-11-29 13:59:00 +0300	deabaef30fc841ac9337e26a874ae856	100 KASA		2019-1 Arsa ve Kültür Vergisi Tuzgümrüğü 244-21 				n	-2400/100	-2400/100	1970-01-01 02:00:00 +0200
===== END
===== START
C	f4fed64ce9e54bd6acd4732dd43add56	4d108849889c4aa4ac4fa3596fe12bcf	2019-12-03 13:14:01 +0300	2019-12-03 13:00:28 +0300	2019-11-29 13:59:00 +0300	4c3e59c6175e4d26a314854ae62c0bb5	63 3 400 TZGMRK GM		2019-1 Arsa ve Kültür Vergisi Tuzgümrüğü 244-21 				n	2640/100	2640/100	1970-01-01 02:00:00 +0200
C	f4fed64ce9e54bd6acd4732dd43add56	1224de846a424154aa0bf4f18bd42f73	2019-12-03 13:14:01 +0300	2019-12-03 13:00:28 +0300	2019-11-29 13:59:00 +0300	deabaef30fc841ac9337e26a874ae856	100 KASA		2019-1 Arsa ve Kültür Vergisi Tuzgümrüğü 244-21 				n	-2640/100	-2640/100	1970-01-01 02:00:00 +0200
===== END
===== START
===== END
===== START
C	e1fba387c71940a38d9127ae99ed810c	965d669921b9419899fb4cbda47cfbc7	2019-12-03 13:14:42 +0300	2019-12-03 13:14:42 +0300	2019-12-03 13:59:00 +0300	8e45d2c5668b48c08fcb0efacd13c1ec	63 3 300 DGS GM		2019-1 Arsa ve Kültür Vergisi Hızarhane 390-89				n	0/100	0/100	1970-01-01 02:00:00 +0200
===== END
===== START
===== END
===== START
B	e1fba387c71940a38d9127ae99ed810c	965d669921b9419899fb4cbda47cfbc7	2019-12-03 13:15:01 +0300	2019-12-03 13:14:42 +0300	2019-12-03 13:59:00 +0300	8e45d2c5668b48c08fcb0efacd13c1ec	63 3 300 DGS GM		2019-1 Arsa ve Kültür Vergisi Hızarhane 390-89				n	0/100	0/100	1970-01-01 02:00:00 +0200
===== END
===== START
C	e1fba387c71940a38d9127ae99ed810c	965d669921b9419899fb4cbda47cfbc7	2019-12-03 13:15:01 +0300	2019-12-03 13:14:42 +0300	2019-12-03 13:59:00 +0300	8e45d2c5668b48c08fcb0efacd13c1ec	63 3 300 DGS GM		2019-1 Arsa ve Kültür Vergisi Hızarhane 390-89				n	7480/100	7480/100	1970-01-01 02:00:00 +0200
C	e1fba387c71940a38d9127ae99ed810c	758139eede1743d5919ae008a2e23289	2019-12-03 13:15:01 +0300	2019-12-03 13:14:42 +0300	2019-12-03 13:59:00 +0300	deabaef30fc841ac9337e26a874ae856	100 KASA		2019-1 Arsa ve Kültür Vergisi Hızarhane 390-89				n	-7480/100	-7480/100	1970-01-01 02:00:00 +0200
===== END
===== START
===== END
===== START
C	7877269f3f3e43c6a5203d86d506aca8	b9f9b74da07442a9b56ba4e2da30f799	2019-12-03 13:15:37 +0300	2019-12-03 13:15:37 +0300	2019-12-03 13:59:00 +0300	ec2c6efa2fdb48b5afd945c7477b42d9	63 3 610 Daire1 GM		2019-1 Arsa ve Kültür Vergisi AP Ön Arsa 386-116 				n	2420/100	2420/100	1970-01-01 02:00:00 +0200
C	7877269f3f3e43c6a5203d86d506aca8	47fc4446fa724023a768c1d2f79940e3	2019-12-03 13:15:37 +0300	2019-12-03 13:15:37 +0300	2019-12-03 13:59:00 +0300	3a63f12134c244fa86b69fbbccbba3e0	Açık-TRY		2019-1 Arsa ve Kültür Vergisi AP Ön Arsa 386-116 				n	-2420/100	-2420/100	1970-01-01 02:00:00 +0200
===== END
===== START
===== END
===== START
B	7877269f3f3e43c6a5203d86d506aca8	b9f9b74da07442a9b56ba4e2da30f799	2019-12-03 13:17:36 +0300	2019-12-03 13:15:37 +0300	2019-12-03 13:59:00 +0300	ec2c6efa2fdb48b5afd945c7477b42d9	63 3 610 Daire1 GM		2019-1 Arsa ve Kültür Vergisi AP Ön Arsa 386-116 				n	2420/100	2420/100	1970-01-01 02:00:00 +0200
B	7877269f3f3e43c6a5203d86d506aca8	47fc4446fa724023a768c1d2f79940e3	2019-12-03 13:17:36 +0300	2019-12-03 13:15:37 +0300	2019-12-03 13:59:00 +0300	3a63f12134c244fa86b69fbbccbba3e0	Açık-TRY		2019-1 Arsa ve Kültür Vergisi AP Ön Arsa 386-116 				n	-2420/100	-2420/100	1970-01-01 02:00:00 +0200
===== END
===== START
C	7877269f3f3e43c6a5203d86d506aca8	b9f9b74da07442a9b56ba4e2da30f799	2019-12-03 13:17:36 +0300	2019-12-03 13:15:37 +0300	2019-12-03 13:59:00 +0300	ec2c6efa2fdb48b5afd945c7477b42d9	63 3 610 Daire1 GM		2019-1 Arsa ve Kültür Vergisi KMBT D1 386-116 				n	2420/100	2420/100	1970-01-01 02:00:00 +0200
C	7877269f3f3e43c6a5203d86d506aca8	47fc4446fa724023a768c1d2f79940e3	2019-12-03 13:17:36 +0300	2019-12-03 13:15:37 +0300	2019-12-03 13:59:00 +0300	3a63f12134c244fa86b69fbbccbba3e0	Açık-TRY		2019-1 Arsa ve Kültür Vergisi KMBT D1 386-116 				n	-2420/100	-2420/100	1970-01-01 02:00:00 +0200
===== END
===== START
B	7877269f3f3e43c6a5203d86d506aca8	b9f9b74da07442a9b56ba4e2da30f799	2019-12-03 13:17:54 +0300	2019-12-03 13:15:37 +0300	2019-12-03 13:59:00 +0300	ec2c6efa2fdb48b5afd945c7477b42d9	63 3 610 Daire1 GM		2019-1 Arsa ve Kültür Vergisi KMBT D1 386-116 				n	2420/100	2420/100	1970-01-01 02:00:00 +0200
B	7877269f3f3e43c6a5203d86d506aca8	47fc4446fa724023a768c1d2f79940e3	2019-12-03 13:17:54 +0300	2019-12-03 13:15:37 +0300	2019-12-03 13:59:00 +0300	3a63f12134c244fa86b69fbbccbba3e0	Açık-TRY		2019-1 Arsa ve Kültür Vergisi KMBT D1 386-116 				n	-2420/100	-2420/100	1970-01-01 02:00:00 +0200
===== END
===== START
C	7877269f3f3e43c6a5203d86d506aca8	b9f9b74da07442a9b56ba4e2da30f799	2019-12-03 13:17:54 +0300	2019-12-03 13:15:37 +0300	2019-12-03 13:59:00 +0300	ec2c6efa2fdb48b5afd945c7477b42d9	63 3 610 Daire1 GM		2019-1 Arsa ve Kültür Vergisi KMBT D1 564-35 				n	2420/100	2420/100	1970-01-01 02:00:00 +0200
C	7877269f3f3e43c6a5203d86d506aca8	47fc4446fa724023a768c1d2f79940e3	2019-12-03 13:17:54 +0300	2019-12-03 13:15:37 +0300	2019-12-03 13:59:00 +0300	3a63f12134c244fa86b69fbbccbba3e0	Açık-TRY		2019-1 Arsa ve Kültür Vergisi KMBT D1 564-35 				n	-2420/100	-2420/100	1970-01-01 02:00:00 +0200
===== END
===== START
B	7877269f3f3e43c6a5203d86d506aca8	b9f9b74da07442a9b56ba4e2da30f799	2019-12-03 13:18:08 +0300	2019-12-03 13:15:37 +0300	2019-12-03 13:59:00 +0300	ec2c6efa2fdb48b5afd945c7477b42d9	63 3 610 Daire1 GM		2019-1 Arsa ve Kültür Vergisi KMBT D1 564-35 				n	2420/100	2420/100	1970-01-01 02:00:00 +0200
B	7877269f3f3e43c6a5203d86d506aca8	47fc4446fa724023a768c1d2f79940e3	2019-12-03 13:18:08 +0300	2019-12-03 13:15:37 +0300	2019-12-03 13:59:00 +0300	3a63f12134c244fa86b69fbbccbba3e0	Açık-TRY		2019-1 Arsa ve Kültür Vergisi KMBT D1 564-35 				n	-2420/100	-2420/100	1970-01-01 02:00:00 +0200
===== END
===== START
C	7877269f3f3e43c6a5203d86d506aca8	b9f9b74da07442a9b56ba4e2da30f799	2019-12-03 13:18:08 +0300	2019-12-03 13:15:37 +0300	2019-12-03 13:59:00 +0300	ec2c6efa2fdb48b5afd945c7477b42d9	63 3 610 Daire1 GM		2019-1 Arsa ve Kültür Vergisi KMBT D1 564-35 				n	2420/100	2420/100	1970-01-01 02:00:00 +0200
C	7877269f3f3e43c6a5203d86d506aca8	47fc4446fa724023a768c1d2f79940e3	2019-12-03 13:18:08 +0300	2019-12-03 13:15:37 +0300	2019-12-03 13:59:00 +0300	deabaef30fc841ac9337e26a874ae856	100 KASA		2019-1 Arsa ve Kültür Vergisi KMBT D1 564-35 				n	-2420/100	-2420/100	1970-01-01 02:00:00 +0200
===== END
===== START
B	7877269f3f3e43c6a5203d86d506aca8	b9f9b74da07442a9b56ba4e2da30f799	2019-12-03 13:18:23 +0300	2019-12-03 13:15:37 +0300	2019-12-03 13:59:00 +0300	ec2c6efa2fdb48b5afd945c7477b42d9	63 3 610 Daire1 GM		2019-1 Arsa ve Kültür Vergisi KMBT D1 564-35 				n	2420/100	2420/100	1970-01-01 02:00:00 +0200
B	7877269f3f3e43c6a5203d86d506aca8	47fc4446fa724023a768c1d2f79940e3	2019-12-03 13:18:23 +0300	2019-12-03 13:15:37 +0300	2019-12-03 13:59:00 +0300	deabaef30fc841ac9337e26a874ae856	100 KASA		2019-1 Arsa ve Kültür Vergisi KMBT D1 564-35 				n	-2420/100	-2420/100	1970-01-01 02:00:00 +0200
===== END
===== START
C	7877269f3f3e43c6a5203d86d506aca8	b9f9b74da07442a9b56ba4e2da30f799	2019-12-03 13:18:23 +0300	2019-12-03 13:15:37 +0300	2019-11-29 13:59:00 +0300	ec2c6efa2fdb48b5afd945c7477b42d9	63 3 610 Daire1 GM		2019-1 Arsa ve Kültür Vergisi KMBT D1 564-35 				n	2420/100	2420/100	1970-01-01 02:00:00 +0200
C	7877269f3f3e43c6a5203d86d506aca8	47fc4446fa724023a768c1d2f79940e3	2019-12-03 13:18:23 +0300	2019-12-03 13:15:37 +0300	2019-11-29 13:59:00 +0300	deabaef30fc841ac9337e26a874ae856	100 KASA		2019-1 Arsa ve Kültür Vergisi KMBT D1 564-35 				n	-2420/100	-2420/100	1970-01-01 02:00:00 +0200
===== END
===== START
===== END
===== START
C	58c6286396e3434bae8f5502f3abd1dd	bb277079c51245f4b20b82e9e9faf327	2019-12-03 13:18:46 +0300	2019-12-03 13:18:46 +0300	2019-12-03 13:59:00 +0300	21624753fb894589bc61a8c0dcefb690	63 3 620 Daire3 GM		2019-1 Arsa ve Kültür Vergisi KMBT D1 564-35 				n	2420/100	2420/100	1970-01-01 02:00:00 +0200
C	58c6286396e3434bae8f5502f3abd1dd	d975173c572a4068b3f8938560dd88db	2019-12-03 13:18:46 +0300	2019-12-03 13:18:46 +0300	2019-12-03 13:59:00 +0300	deabaef30fc841ac9337e26a874ae856	100 KASA		2019-1 Arsa ve Kültür Vergisi KMBT D1 564-35 				n	-2420/100	-2420/100	1970-01-01 02:00:00 +0200
===== END
===== START
===== END
===== START
===== END
===== START
C	a6b601e3cbf9420b8f63b8d1fa4ba510	2d3908e8e1924946a3fb71f3969f37bb	2019-12-03 13:19:15 +0300	2019-12-03 13:19:15 +0300	2019-12-03 13:59:00 +0300	934bf05ffa2d4c799d997056e2b65221	63 3 650 Arsa GM		2019-1 Arsa ve Kültür Vergisi KMBT D1 564-35 				n	170/100	170/100	1970-01-01 02:00:00 +0200
C	a6b601e3cbf9420b8f63b8d1fa4ba510	dc8df1a519c2408fac9b0c3aecb3344d	2019-12-03 13:19:15 +0300	2019-12-03 13:19:15 +0300	2019-12-03 13:59:00 +0300	deabaef30fc841ac9337e26a874ae856	100 KASA		2019-1 Arsa ve Kültür Vergisi KMBT D1 564-35 				n	-170/100	-170/100	1970-01-01 02:00:00 +0200
===== END
===== START
===== END
===== START
B	a6b601e3cbf9420b8f63b8d1fa4ba510	2d3908e8e1924946a3fb71f3969f37bb	2019-12-03 13:19:20 +0300	2019-12-03 13:19:15 +0300	2019-12-03 13:59:00 +0300	934bf05ffa2d4c799d997056e2b65221	63 3 650 Arsa GM		2019-1 Arsa ve Kültür Vergisi KMBT D1 564-35 				n	170/100	170/100	1970-01-01 02:00:00 +0200
B	a6b601e3cbf9420b8f63b8d1fa4ba510	dc8df1a519c2408fac9b0c3aecb3344d	2019-12-03 13:19:20 +0300	2019-12-03 13:19:15 +0300	2019-12-03 13:59:00 +0300	deabaef30fc841ac9337e26a874ae856	100 KASA		2019-1 Arsa ve Kültür Vergisi KMBT D1 564-35 				n	-170/100	-170/100	1970-01-01 02:00:00 +0200
===== END
===== START
C	a6b601e3cbf9420b8f63b8d1fa4ba510	2d3908e8e1924946a3fb71f3969f37bb	2019-12-03 13:19:20 +0300	2019-12-03 13:19:15 +0300	2019-11-29 13:59:00 +0300	934bf05ffa2d4c799d997056e2b65221	63 3 650 Arsa GM		2019-1 Arsa ve Kültür Vergisi KMBT D1 564-35 				n	170/100	170/100	1970-01-01 02:00:00 +0200
C	a6b601e3cbf9420b8f63b8d1fa4ba510	dc8df1a519c2408fac9b0c3aecb3344d	2019-12-03 13:19:20 +0300	2019-12-03 13:19:15 +0300	2019-11-29 13:59:00 +0300	deabaef30fc841ac9337e26a874ae856	100 KASA		2019-1 Arsa ve Kültür Vergisi KMBT D1 564-35 				n	-170/100	-170/100	1970-01-01 02:00:00 +0200
===== END
===== START
B	a6b601e3cbf9420b8f63b8d1fa4ba510	2d3908e8e1924946a3fb71f3969f37bb	2019-12-03 13:21:05 +0300	2019-12-03 13:19:15 +0300	2019-11-29 13:59:00 +0300	934bf05ffa2d4c799d997056e2b65221	63 3 650 Arsa GM		2019-1 Arsa ve Kültür Vergisi KMBT D1 564-35 				n	170/100	170/100	1970-01-01 02:00:00 +0200
B	a6b601e3cbf9420b8f63b8d1fa4ba510	dc8df1a519c2408fac9b0c3aecb3344d	2019-12-03 13:21:05 +0300	2019-12-03 13:19:15 +0300	2019-11-29 13:59:00 +0300	deabaef30fc841ac9337e26a874ae856	100 KASA		2019-1 Arsa ve Kültür Vergisi KMBT D1 564-35 				n	-170/100	-170/100	1970-01-01 02:00:00 +0200
===== END
===== START
C	a6b601e3cbf9420b8f63b8d1fa4ba510	2d3908e8e1924946a3fb71f3969f37bb	2019-12-03 13:21:05 +0300	2019-12-03 13:19:15 +0300	2019-11-29 13:59:00 +0300	934bf05ffa2d4c799d997056e2b65221	63 3 650 Arsa GM		2019-1 Arsa ve Kültür Vergisi KMBT Arsa 564-97				n	170/100	170/100	1970-01-01 02:00:00 +0200
C	a6b601e3cbf9420b8f63b8d1fa4ba510	dc8df1a519c2408fac9b0c3aecb3344d	2019-12-03 13:21:05 +0300	2019-12-03 13:19:15 +0300	2019-11-29 13:59:00 +0300	deabaef30fc841ac9337e26a874ae856	100 KASA		2019-1 Arsa ve Kültür Vergisi KMBT Arsa 564-97				n	-170/100	-170/100	1970-01-01 02:00:00 +0200
===== END
===== START
C	f0c3f34edae0456f9f41f3a993868189	7fbbb9815c4e40f49f7038b16fa9f66c	2019-12-03 13:21:53 +0300	2019-12-03 13:21:53 +0300	2019-12-03 13:59:00 +0300	4c3e59c6175e4d26a314854ae62c0bb5	63 3 400 TZGMRK GM		2019-2 Arsa ve Kültür Vergisi Tuzgümrüğü 244-21 				n	0/100	0/100	1970-01-01 02:00:00 +0200
===== END
===== START
===== END
===== START
B	f0c3f34edae0456f9f41f3a993868189	7fbbb9815c4e40f49f7038b16fa9f66c	2019-12-03 13:22:02 +0300	2019-12-03 13:21:53 +0300	2019-12-03 13:59:00 +0300	4c3e59c6175e4d26a314854ae62c0bb5	63 3 400 TZGMRK GM		2019-2 Arsa ve Kültür Vergisi Tuzgümrüğü 244-21 				n	0/100	0/100	1970-01-01 02:00:00 +0200
===== END
===== START
C	f0c3f34edae0456f9f41f3a993868189	7fbbb9815c4e40f49f7038b16fa9f66c	2019-12-03 13:22:02 +0300	2019-12-03 13:21:53 +0300	2019-12-03 13:59:00 +0300	4c3e59c6175e4d26a314854ae62c0bb5	63 3 400 TZGMRK GM		2019-2 Arsa ve Kültür Vergisi Tuzgümrüğü 244-21 				n	0/100	0/100	1970-01-01 02:00:00 +0200
C	f0c3f34edae0456f9f41f3a993868189	cf60737a56cd457fa70fec03e2dfc839	2019-12-03 13:22:02 +0300	2019-12-03 13:21:53 +0300	2019-12-03 13:59:00 +0300	deabaef30fc841ac9337e26a874ae856	100 KASA		2019-2 Arsa ve Kültür Vergisi Tuzgümrüğü 244-21 				n	0/100	0/100	1970-01-01 02:00:00 +0200
===== END
===== START
B	f0c3f34edae0456f9f41f3a993868189	7fbbb9815c4e40f49f7038b16fa9f66c	2019-12-03 13:22:20 +0300	2019-12-03 13:21:53 +0300	2019-12-03 13:59:00 +0300	4c3e59c6175e4d26a314854ae62c0bb5	63 3 400 TZGMRK GM		2019-2 Arsa ve Kültür Vergisi Tuzgümrüğü 244-21 				n	0/100	0/100	1970-01-01 02:00:00 +0200
B	f0c3f34edae0456f9f41f3a993868189	cf60737a56cd457fa70fec03e2dfc839	2019-12-03 13:22:20 +0300	2019-12-03 13:21:53 +0300	2019-12-03 13:59:00 +0300	deabaef30fc841ac9337e26a874ae856	100 KASA		2019-2 Arsa ve Kültür Vergisi Tuzgümrüğü 244-21 				n	0/100	0/100	1970-01-01 02:00:00 +0200
===== END
===== START
C	f0c3f34edae0456f9f41f3a993868189	7fbbb9815c4e40f49f7038b16fa9f66c	2019-12-03 13:22:20 +0300	2019-12-03 13:21:53 +0300	2019-12-03 13:59:00 +0300	4c3e59c6175e4d26a314854ae62c0bb5	63 3 400 TZGMRK GM		2019-2 Arsa ve Kültür Vergisi Tuzgümrüğü 244-21 				n	2640/100	2640/100	1970-01-01 02:00:00 +0200
C	f0c3f34edae0456f9f41f3a993868189	cf60737a56cd457fa70fec03e2dfc839	2019-12-03 13:22:20 +0300	2019-12-03 13:21:53 +0300	2019-12-03 13:59:00 +0300	deabaef30fc841ac9337e26a874ae856	100 KASA		2019-2 Arsa ve Kültür Vergisi Tuzgümrüğü 244-21 				n	-2640/100	-2640/100	1970-01-01 02:00:00 +0200
===== END
===== START
C	0c96c945147c47e5a0c467c63af85a93	5736b7b384a84068a8fa38d751bda204	2019-12-03 13:22:52 +0300	2019-12-03 13:22:52 +0300	2019-12-03 13:59:00 +0300	4c3e59c6175e4d26a314854ae62c0bb5	63 3 400 TZGMRK GM		2019 gecikme 				n	360/100	360/100	1970-01-01 02:00:00 +0200
C	0c96c945147c47e5a0c467c63af85a93	da136999bdac42acb2c6377eef669890	2019-12-03 13:22:52 +0300	2019-12-03 13:22:52 +0300	2019-12-03 13:59:00 +0300	deabaef30fc841ac9337e26a874ae856	100 KASA		2019 gecikme 				n	-360/100	-360/100	1970-01-01 02:00:00 +0200
===== END
===== START
===== END
===== START
D	19de4fd9f5314b2d9dce86619558539b	cb6dfde660fc4d2f84936c25bea8edb7	2019-12-03 13:22:58 +0300	2019-12-03 13:22:58 +0300	2019-12-03 13:59:00 +0300								n	0/1	0/100	1970-01-01 02:00:00 +0200
===== END
===== START
===== END
===== START
B	9cb34f7d1a1c40c4b74113a834ab2d7a	00cf245c9d914dbd9d27011e684c58f3	2019-12-03 13:23:41 +0300	2019-12-03 13:02:09 +0300	2019-11-29 13:59:00 +0300	ae855cfae82747b1af13d5b8e68cbeb2	63 3 100 LS GM		Kültür				n	270/100	270/100	1970-01-01 02:00:00 +0200
B	9cb34f7d1a1c40c4b74113a834ab2d7a	d0f4d5ec17a74c50960d794d825eca92	2019-12-03 13:23:41 +0300	2019-12-03 13:02:09 +0300	2019-11-29 13:59:00 +0300	3a63f12134c244fa86b69fbbccbba3e0	Açık-TRY		Kültür				n	-270/100	-270/100	1970-01-01 02:00:00 +0200
===== END
===== START
C	9cb34f7d1a1c40c4b74113a834ab2d7a	00cf245c9d914dbd9d27011e684c58f3	2019-12-03 13:23:41 +0300	2019-12-03 13:02:09 +0300	2019-11-29 13:59:00 +0300	ae855cfae82747b1af13d5b8e68cbeb2	63 3 100 LS GM		Kültür				n	395/100	395/100	1970-01-01 02:00:00 +0200
C	9cb34f7d1a1c40c4b74113a834ab2d7a	d0f4d5ec17a74c50960d794d825eca92	2019-12-03 13:23:41 +0300	2019-12-03 13:02:09 +0300	2019-11-29 13:59:00 +0300	3a63f12134c244fa86b69fbbccbba3e0	Açık-TRY		Kültür				n	-395/100	-395/100	1970-01-01 02:00:00 +0200
===== END
===== START
B	a87f6d6ae1a447d7a9e4ad3aabb0120e	99718a169780494f9f9b1c994530c391	2019-12-03 13:23:48 +0300	2019-12-03 13:02:04 +0300	2019-11-29 13:59:00 +0300	ae855cfae82747b1af13d5b8e68cbeb2	63 3 100 LS GM		Arsa				n	2700/100	2700/100	1970-01-01 02:00:00 +0200
B	a87f6d6ae1a447d7a9e4ad3aabb0120e	f7eca7fca60947fda6b0e6547e95cdbf	2019-12-03 13:23:48 +0300	2019-12-03 13:02:04 +0300	2019-11-29 13:59:00 +0300	3a63f12134c244fa86b69fbbccbba3e0	Açık-TRY		Arsa				n	-2700/100	-2700/100	1970-01-01 02:00:00 +0200
===== END
===== START
C	a87f6d6ae1a447d7a9e4ad3aabb0120e	99718a169780494f9f9b1c994530c391	2019-12-03 13:23:48 +0300	2019-12-03 13:02:04 +0300	2019-11-29 13:59:00 +0300	ae855cfae82747b1af13d5b8e68cbeb2	63 3 100 LS GM		Arsa				n	2970/100	2970/100	1970-01-01 02:00:00 +0200
C	a87f6d6ae1a447d7a9e4ad3aabb0120e	f7eca7fca60947fda6b0e6547e95cdbf	2019-12-03 13:23:48 +0300	2019-12-03 13:02:04 +0300	2019-11-29 13:59:00 +0300	3a63f12134c244fa86b69fbbccbba3e0	Açık-TRY		Arsa				n	-2970/100	-2970/100	1970-01-01 02:00:00 +0200
===== END
===== START
B	9cb34f7d1a1c40c4b74113a834ab2d7a	00cf245c9d914dbd9d27011e684c58f3	2019-12-03 13:23:54 +0300	2019-12-03 13:02:09 +0300	2019-11-29 13:59:00 +0300	ae855cfae82747b1af13d5b8e68cbeb2	63 3 100 LS GM		Kültür				n	395/100	395/100	1970-01-01 02:00:00 +0200
B	9cb34f7d1a1c40c4b74113a834ab2d7a	d0f4d5ec17a74c50960d794d825eca92	2019-12-03 13:23:54 +0300	2019-12-03 13:02:09 +0300	2019-11-29 13:59:00 +0300	3a63f12134c244fa86b69fbbccbba3e0	Açık-TRY		Kültür				n	-395/100	-395/100	1970-01-01 02:00:00 +0200
===== END
===== START
C	9cb34f7d1a1c40c4b74113a834ab2d7a	00cf245c9d914dbd9d27011e684c58f3	2019-12-03 13:23:54 +0300	2019-12-03 13:02:09 +0300	2019-11-29 13:59:00 +0300	ae855cfae82747b1af13d5b8e68cbeb2	63 3 100 LS GM		Kültür				n	395/100	395/100	1970-01-01 02:00:00 +0200
C	9cb34f7d1a1c40c4b74113a834ab2d7a	d0f4d5ec17a74c50960d794d825eca92	2019-12-03 13:23:54 +0300	2019-12-03 13:02:09 +0300	2019-11-29 13:59:00 +0300	deabaef30fc841ac9337e26a874ae856	100 KASA		Kültür				n	-395/100	-395/100	1970-01-01 02:00:00 +0200
===== END
===== START
B	a87f6d6ae1a447d7a9e4ad3aabb0120e	99718a169780494f9f9b1c994530c391	2019-12-03 13:23:59 +0300	2019-12-03 13:02:04 +0300	2019-11-29 13:59:00 +0300	ae855cfae82747b1af13d5b8e68cbeb2	63 3 100 LS GM		Arsa				n	2970/100	2970/100	1970-01-01 02:00:00 +0200
B	a87f6d6ae1a447d7a9e4ad3aabb0120e	f7eca7fca60947fda6b0e6547e95cdbf	2019-12-03 13:23:59 +0300	2019-12-03 13:02:04 +0300	2019-11-29 13:59:00 +0300	3a63f12134c244fa86b69fbbccbba3e0	Açık-TRY		Arsa				n	-2970/100	-2970/100	1970-01-01 02:00:00 +0200
===== END
===== START
C	a87f6d6ae1a447d7a9e4ad3aabb0120e	99718a169780494f9f9b1c994530c391	2019-12-03 13:23:59 +0300	2019-12-03 13:02:04 +0300	2019-11-29 13:59:00 +0300	ae855cfae82747b1af13d5b8e68cbeb2	63 3 100 LS GM		Arsa				n	2970/100	2970/100	1970-01-01 02:00:00 +0200
C	a87f6d6ae1a447d7a9e4ad3aabb0120e	f7eca7fca60947fda6b0e6547e95cdbf	2019-12-03 13:23:59 +0300	2019-12-03 13:02:04 +0300	2019-11-29 13:59:00 +0300	deabaef30fc841ac9337e26a874ae856	100 KASA		Arsa				n	-2970/100	-2970/100	1970-01-01 02:00:00 +0200
===== END
===== START
B	a87f6d6ae1a447d7a9e4ad3aabb0120e	99718a169780494f9f9b1c994530c391	2019-12-03 13:24:24 +0300	2019-12-03 13:02:04 +0300	2019-11-29 13:59:00 +0300	ae855cfae82747b1af13d5b8e68cbeb2	63 3 100 LS GM		Arsa				n	2970/100	2970/100	1970-01-01 02:00:00 +0200
B	a87f6d6ae1a447d7a9e4ad3aabb0120e	f7eca7fca60947fda6b0e6547e95cdbf	2019-12-03 13:24:24 +0300	2019-12-03 13:02:04 +0300	2019-11-29 13:59:00 +0300	deabaef30fc841ac9337e26a874ae856	100 KASA		Arsa				n	-2970/100	-2970/100	1970-01-01 02:00:00 +0200
===== END
===== START
C	a87f6d6ae1a447d7a9e4ad3aabb0120e	99718a169780494f9f9b1c994530c391	2019-12-03 13:24:24 +0300	2019-12-03 13:02:04 +0300	2019-11-29 13:59:00 +0300	ae855cfae82747b1af13d5b8e68cbeb2	63 3 100 LS GM		2019-1 Arsa ve Kültür Vergisi Lise 278-265 				n	2970/100	2970/100	1970-01-01 02:00:00 +0200
C	a87f6d6ae1a447d7a9e4ad3aabb0120e	f7eca7fca60947fda6b0e6547e95cdbf	2019-12-03 13:24:24 +0300	2019-12-03 13:02:04 +0300	2019-11-29 13:59:00 +0300	deabaef30fc841ac9337e26a874ae856	100 KASA		2019-1 Arsa ve Kültür Vergisi Lise 278-265 				n	-2970/100	-2970/100	1970-01-01 02:00:00 +0200
===== END
===== START
B	9cb34f7d1a1c40c4b74113a834ab2d7a	00cf245c9d914dbd9d27011e684c58f3	2019-12-03 13:24:39 +0300	2019-12-03 13:02:09 +0300	2019-11-29 13:59:00 +0300	ae855cfae82747b1af13d5b8e68cbeb2	63 3 100 LS GM		Kültür				n	395/100	395/100	1970-01-01 02:00:00 +0200
B	9cb34f7d1a1c40c4b74113a834ab2d7a	d0f4d5ec17a74c50960d794d825eca92	2019-12-03 13:24:39 +0300	2019-12-03 13:02:09 +0300	2019-11-29 13:59:00 +0300	deabaef30fc841ac9337e26a874ae856	100 KASA		Kültür				n	-395/100	-395/100	1970-01-01 02:00:00 +0200
===== END
===== START
C	9cb34f7d1a1c40c4b74113a834ab2d7a	00cf245c9d914dbd9d27011e684c58f3	2019-12-03 13:24:39 +0300	2019-12-03 13:02:09 +0300	2019-11-29 13:59:00 +0300	ae855cfae82747b1af13d5b8e68cbeb2	63 3 100 LS GM		2019-2 Arsa ve Kültür Vergisi Lise 278-265 				n	395/100	395/100	1970-01-01 02:00:00 +0200
C	9cb34f7d1a1c40c4b74113a834ab2d7a	d0f4d5ec17a74c50960d794d825eca92	2019-12-03 13:24:39 +0300	2019-12-03 13:02:09 +0300	2019-11-29 13:59:00 +0300	deabaef30fc841ac9337e26a874ae856	100 KASA		2019-2 Arsa ve Kültür Vergisi Lise 278-265 				n	-395/100	-395/100	1970-01-01 02:00:00 +0200
===== END
===== START
C	d0aa309713094bd78c67ff39fc8cce36	f8686bdcd55d4afaa8aecc79d176c358	2019-12-03 13:24:59 +0300	2019-12-03 13:24:59 +0300	2019-12-03 13:59:00 +0300	ae855cfae82747b1af13d5b8e68cbeb2	63 3 100 LS GM		2019-1 Gecikme Cezası Lise 278-265 				n	0/100	0/100	1970-01-01 02:00:00 +0200
===== END
===== START
===== END
===== START
B	d0aa309713094bd78c67ff39fc8cce36	f8686bdcd55d4afaa8aecc79d176c358	2019-12-03 13:25:11 +0300	2019-12-03 13:24:59 +0300	2019-12-03 13:59:00 +0300	ae855cfae82747b1af13d5b8e68cbeb2	63 3 100 LS GM		2019-1 Gecikme Cezası Lise 278-265 				n	0/100	0/100	1970-01-01 02:00:00 +0200
===== END
===== START
C	d0aa309713094bd78c67ff39fc8cce36	f8686bdcd55d4afaa8aecc79d176c358	2019-12-03 13:25:11 +0300	2019-12-03 13:24:59 +0300	2019-12-03 13:59:00 +0300	ae855cfae82747b1af13d5b8e68cbeb2	63 3 100 LS GM		2019-1 Gecikme Cezası Lise 278-265 				n	395/100	395/100	1970-01-01 02:00:00 +0200
C	d0aa309713094bd78c67ff39fc8cce36	408dbc7f149b465296665be1fcfbc1e9	2019-12-03 13:25:11 +0300	2019-12-03 13:24:59 +0300	2019-12-03 13:59:00 +0300	3a63f12134c244fa86b69fbbccbba3e0	Açık-TRY		2019-1 Gecikme Cezası Lise 278-265 				n	-395/100	-395/100	1970-01-01 02:00:00 +0200
===== END
===== START
B	9cb34f7d1a1c40c4b74113a834ab2d7a	00cf245c9d914dbd9d27011e684c58f3	2019-12-03 13:25:28 +0300	2019-12-03 13:02:09 +0300	2019-11-29 13:59:00 +0300	ae855cfae82747b1af13d5b8e68cbeb2	63 3 100 LS GM		2019-2 Arsa ve Kültür Vergisi Lise 278-265 				n	395/100	395/100	1970-01-01 02:00:00 +0200
B	9cb34f7d1a1c40c4b74113a834ab2d7a	d0f4d5ec17a74c50960d794d825eca92	2019-12-03 13:25:28 +0300	2019-12-03 13:02:09 +0300	2019-11-29 13:59:00 +0300	deabaef30fc841ac9337e26a874ae856	100 KASA		2019-2 Arsa ve Kültür Vergisi Lise 278-265 				n	-395/100	-395/100	1970-01-01 02:00:00 +0200
===== END
===== START
C	9cb34f7d1a1c40c4b74113a834ab2d7a	00cf245c9d914dbd9d27011e684c58f3	2019-12-03 13:25:28 +0300	2019-12-03 13:02:09 +0300	2019-11-29 13:59:00 +0300	ae855cfae82747b1af13d5b8e68cbeb2	63 3 100 LS GM		2019-2 Arsa ve Kültür Vergisi Lise 278-265 				n	2970/100	2970/100	1970-01-01 02:00:00 +0200
C	9cb34f7d1a1c40c4b74113a834ab2d7a	d0f4d5ec17a74c50960d794d825eca92	2019-12-03 13:25:28 +0300	2019-12-03 13:02:09 +0300	2019-11-29 13:59:00 +0300	deabaef30fc841ac9337e26a874ae856	100 KASA		2019-2 Arsa ve Kültür Vergisi Lise 278-265 				n	-2970/100	-2970/100	1970-01-01 02:00:00 +0200
===== END
===== START
B	d0aa309713094bd78c67ff39fc8cce36	f8686bdcd55d4afaa8aecc79d176c358	2019-12-03 13:25:34 +0300	2019-12-03 13:24:59 +0300	2019-12-03 13:59:00 +0300	ae855cfae82747b1af13d5b8e68cbeb2	63 3 100 LS GM		2019-1 Gecikme Cezası Lise 278-265 				n	395/100	395/100	1970-01-01 02:00:00 +0200
B	d0aa309713094bd78c67ff39fc8cce36	408dbc7f149b465296665be1fcfbc1e9	2019-12-03 13:25:34 +0300	2019-12-03 13:24:59 +0300	2019-12-03 13:59:00 +0300	3a63f12134c244fa86b69fbbccbba3e0	Açık-TRY		2019-1 Gecikme Cezası Lise 278-265 				n	-395/100	-395/100	1970-01-01 02:00:00 +0200
===== END
===== START
C	d0aa309713094bd78c67ff39fc8cce36	f8686bdcd55d4afaa8aecc79d176c358	2019-12-03 13:25:34 +0300	2019-12-03 13:24:59 +0300	2019-12-03 13:59:00 +0300	ae855cfae82747b1af13d5b8e68cbeb2	63 3 100 LS GM		2019-1 Gecikme Cezası Lise 278-265 				n	395/100	395/100	1970-01-01 02:00:00 +0200
C	d0aa309713094bd78c67ff39fc8cce36	408dbc7f149b465296665be1fcfbc1e9	2019-12-03 13:25:34 +0300	2019-12-03 13:24:59 +0300	2019-12-03 13:59:00 +0300	deabaef30fc841ac9337e26a874ae856	100 KASA		2019-1 Gecikme Cezası Lise 278-265 				n	-395/100	-395/100	1970-01-01 02:00:00 +0200
===== END
