mod	trans_guid	split_guid	time_now	date_entered	date_posted	acc_guid	acc_name	num	description	notes	memo	action	reconciled	amount	value	date_reconciled
-----------------
===== START
C	acc84b77a309431ba49be4d435cf68bc	34e551f805aa4fd4ab218c128efad2db	2019-11-21 13:07:59 +0300	2019-11-21 13:07:59 +0300	2019-11-21 13:59:00 +0300	95839397af674a06897deec940317c85	64 1 100 Lise Arkası						n	975000/100	975000/100	1970-01-01 02:00:00 +0200
C	acc84b77a309431ba49be4d435cf68bc	782fcf60d20245ee8e7d7bac94caca61	2019-11-21 13:07:59 +0300	2019-11-21 13:07:59 +0300	2019-11-21 13:59:00 +0300	3a63f12134c244fa86b69fbbccbba3e0	Açık-TRY						n	-975000/100	-975000/100	1970-01-01 02:00:00 +0200
===== END
===== START
===== END
===== START
B	acc84b77a309431ba49be4d435cf68bc	34e551f805aa4fd4ab218c128efad2db	2019-11-21 13:08:07 +0300	2019-11-21 13:07:59 +0300	2019-11-21 13:59:00 +0300	95839397af674a06897deec940317c85	64 1 100 Lise Arkası						n	975000/100	975000/100	1970-01-01 02:00:00 +0200
B	acc84b77a309431ba49be4d435cf68bc	782fcf60d20245ee8e7d7bac94caca61	2019-11-21 13:08:07 +0300	2019-11-21 13:07:59 +0300	2019-11-21 13:59:00 +0300	3a63f12134c244fa86b69fbbccbba3e0	Açık-TRY						n	-975000/100	-975000/100	1970-01-01 02:00:00 +0200
===== END
===== START
C	acc84b77a309431ba49be4d435cf68bc	34e551f805aa4fd4ab218c128efad2db	2019-11-21 13:08:07 +0300	2019-11-21 13:07:59 +0300	2019-11-21 13:59:00 +0300	95839397af674a06897deec940317c85	64 1 100 Lise Arkası						n	975000/100	975000/100	1970-01-01 02:00:00 +0200
C	acc84b77a309431ba49be4d435cf68bc	782fcf60d20245ee8e7d7bac94caca61	2019-11-21 13:08:07 +0300	2019-11-21 13:07:59 +0300	2019-11-21 13:59:00 +0300	2989cab05ba94d6b9b654d0567780299	320 1 Ayşe Balcı						n	-975000/100	-975000/100	1970-01-01 02:00:00 +0200
===== END
===== START
B	acc84b77a309431ba49be4d435cf68bc	34e551f805aa4fd4ab218c128efad2db	2019-11-21 13:08:15 +0300	2019-11-21 13:07:59 +0300	2019-11-21 13:59:00 +0300	95839397af674a06897deec940317c85	64 1 100 Lise Arkası						n	975000/100	975000/100	1970-01-01 02:00:00 +0200
B	acc84b77a309431ba49be4d435cf68bc	782fcf60d20245ee8e7d7bac94caca61	2019-11-21 13:08:15 +0300	2019-11-21 13:07:59 +0300	2019-11-21 13:59:00 +0300	2989cab05ba94d6b9b654d0567780299	320 1 Ayşe Balcı						n	-975000/100	-975000/100	1970-01-01 02:00:00 +0200
===== END
===== START
C	acc84b77a309431ba49be4d435cf68bc	34e551f805aa4fd4ab218c128efad2db	2019-11-21 13:08:15 +0300	2019-11-21 13:07:59 +0300	2019-11-21 13:59:00 +0300	95839397af674a06897deec940317c85	64 1 100 Lise Arkası		2019 Ağustos 2020 Lise Arkası 1/4 hisse				n	975000/100	975000/100	1970-01-01 02:00:00 +0200
C	acc84b77a309431ba49be4d435cf68bc	782fcf60d20245ee8e7d7bac94caca61	2019-11-21 13:08:15 +0300	2019-11-21 13:07:59 +0300	2019-11-21 13:59:00 +0300	2989cab05ba94d6b9b654d0567780299	320 1 Ayşe Balcı		2019 Ağustos 2020 Lise Arkası 1/4 hisse				n	-975000/100	-975000/100	1970-01-01 02:00:00 +0200
===== END
===== START
B	acc84b77a309431ba49be4d435cf68bc	34e551f805aa4fd4ab218c128efad2db	2019-11-21 13:08:25 +0300	2019-11-21 13:07:59 +0300	2019-11-21 13:59:00 +0300	95839397af674a06897deec940317c85	64 1 100 Lise Arkası		2019 Ağustos 2020 Lise Arkası 1/4 hisse				n	975000/100	975000/100	1970-01-01 02:00:00 +0200
B	acc84b77a309431ba49be4d435cf68bc	782fcf60d20245ee8e7d7bac94caca61	2019-11-21 13:08:25 +0300	2019-11-21 13:07:59 +0300	2019-11-21 13:59:00 +0300	2989cab05ba94d6b9b654d0567780299	320 1 Ayşe Balcı		2019 Ağustos 2020 Lise Arkası 1/4 hisse				n	-975000/100	-975000/100	1970-01-01 02:00:00 +0200
===== END
===== START
C	acc84b77a309431ba49be4d435cf68bc	34e551f805aa4fd4ab218c128efad2db	2019-11-21 13:08:25 +0300	2019-11-21 13:07:59 +0300	2019-11-01 13:59:00 +0300	95839397af674a06897deec940317c85	64 1 100 Lise Arkası		2019 Ağustos 2020 Lise Arkası 1/4 hisse				n	975000/100	975000/100	1970-01-01 02:00:00 +0200
C	acc84b77a309431ba49be4d435cf68bc	782fcf60d20245ee8e7d7bac94caca61	2019-11-21 13:08:25 +0300	2019-11-21 13:07:59 +0300	2019-11-01 13:59:00 +0300	2989cab05ba94d6b9b654d0567780299	320 1 Ayşe Balcı		2019 Ağustos 2020 Lise Arkası 1/4 hisse				n	-975000/100	-975000/100	1970-01-01 02:00:00 +0200
===== END
===== START
B	acc84b77a309431ba49be4d435cf68bc	34e551f805aa4fd4ab218c128efad2db	2019-11-21 13:08:39 +0300	2019-11-21 13:07:59 +0300	2019-11-01 13:59:00 +0300	95839397af674a06897deec940317c85	64 1 100 Lise Arkası		2019 Ağustos 2020 Lise Arkası 1/4 hisse				n	975000/100	975000/100	1970-01-01 02:00:00 +0200
B	acc84b77a309431ba49be4d435cf68bc	782fcf60d20245ee8e7d7bac94caca61	2019-11-21 13:08:39 +0300	2019-11-21 13:07:59 +0300	2019-11-01 13:59:00 +0300	2989cab05ba94d6b9b654d0567780299	320 1 Ayşe Balcı		2019 Ağustos 2020 Lise Arkası 1/4 hisse				n	-975000/100	-975000/100	1970-01-01 02:00:00 +0200
===== END
===== START
C	acc84b77a309431ba49be4d435cf68bc	34e551f805aa4fd4ab218c128efad2db	2019-11-21 13:08:39 +0300	2019-11-21 13:07:59 +0300	2019-09-01 13:59:00 +0300	95839397af674a06897deec940317c85	64 1 100 Lise Arkası		2019 Ağustos 2020 Lise Arkası 1/4 hisse				n	975000/100	975000/100	1970-01-01 02:00:00 +0200
C	acc84b77a309431ba49be4d435cf68bc	782fcf60d20245ee8e7d7bac94caca61	2019-11-21 13:08:39 +0300	2019-11-21 13:07:59 +0300	2019-09-01 13:59:00 +0300	2989cab05ba94d6b9b654d0567780299	320 1 Ayşe Balcı		2019 Ağustos 2020 Lise Arkası 1/4 hisse				n	-975000/100	-975000/100	1970-01-01 02:00:00 +0200
===== END
===== START
D	580e41f1d03140fcb831ce36bc248ab7	eca1d81869a04349983c35ffdcd5b44d	2019-11-21 13:09:04 +0300	2019-11-21 13:09:04 +0300	2019-11-21 13:59:00 +0300								n	0/1	0/100	1970-01-01 02:00:00 +0200
===== END
===== START
C	8f2f23b1fa9649378c48b49989d26219	07c34282bbf5437e965fd2da93d59830	2019-11-21 13:09:15 +0300	2019-11-21 13:09:15 +0300	2019-11-21 13:59:00 +0300	95839397af674a06897deec940317c85	64 1 100 Lise Arkası		2019 Ağustos 2020 Lise Arkası 1/4 hisse				n	0/100	0/100	1970-01-01 02:00:00 +0200
===== END
===== START
===== END
===== START
C	193a87ff139c47be8bfe8ce56f89d946	e6a1e28c1d8e4452a95754e47af62dfa	2019-11-21 13:09:17 +0300	2019-11-21 13:09:17 +0300	2019-11-21 13:59:00 +0300	95839397af674a06897deec940317c85	64 1 100 Lise Arkası		2019 Ağustos 2020 Lise Arkası 1/4 hisse				n	0/100	0/100	1970-01-01 02:00:00 +0200
===== END
===== START
===== END
===== START
B	8f2f23b1fa9649378c48b49989d26219	07c34282bbf5437e965fd2da93d59830	2019-11-21 13:09:23 +0300	2019-11-21 13:09:15 +0300	2019-11-21 13:59:00 +0300	95839397af674a06897deec940317c85	64 1 100 Lise Arkası		2019 Ağustos 2020 Lise Arkası 1/4 hisse				n	0/100	0/100	1970-01-01 02:00:00 +0200
===== END
===== START
C	8f2f23b1fa9649378c48b49989d26219	07c34282bbf5437e965fd2da93d59830	2019-11-21 13:09:23 +0300	2019-11-21 13:09:15 +0300	2019-11-21 13:59:00 +0300	95839397af674a06897deec940317c85	64 1 100 Lise Arkası		2019 Ağustos 2020 Lise Arkası 1/4 hisse				n	0/100	0/100	1970-01-01 02:00:00 +0200
C	8f2f23b1fa9649378c48b49989d26219	ba8eb9d376564251a7c6e835745a79f0	2019-11-21 13:09:23 +0300	2019-11-21 13:09:15 +0300	2019-11-21 13:59:00 +0300	908c3f6feebf4484990b780afddb8c6d	320 2 Ali Balcı		2019 Ağustos 2020 Lise Arkası 1/4 hisse				n	0/100	0/100	1970-01-01 02:00:00 +0200
===== END
===== START
B	193a87ff139c47be8bfe8ce56f89d946	e6a1e28c1d8e4452a95754e47af62dfa	2019-11-21 13:09:28 +0300	2019-11-21 13:09:17 +0300	2019-11-21 13:59:00 +0300	95839397af674a06897deec940317c85	64 1 100 Lise Arkası		2019 Ağustos 2020 Lise Arkası 1/4 hisse				n	0/100	0/100	1970-01-01 02:00:00 +0200
===== END
===== START
C	193a87ff139c47be8bfe8ce56f89d946	e6a1e28c1d8e4452a95754e47af62dfa	2019-11-21 13:09:28 +0300	2019-11-21 13:09:17 +0300	2019-11-21 13:59:00 +0300	95839397af674a06897deec940317c85	64 1 100 Lise Arkası		2019 Ağustos 2020 Lise Arkası 1/4 hisse				n	0/100	0/100	1970-01-01 02:00:00 +0200
C	193a87ff139c47be8bfe8ce56f89d946	800f07a5f7bc4365b84c5894af4a27b6	2019-11-21 13:09:28 +0300	2019-11-21 13:09:17 +0300	2019-11-21 13:59:00 +0300	8b4e8a0fec9d46faac18955bcf4ac888	320 3 Atila Balcı		2019 Ağustos 2020 Lise Arkası 1/4 hisse				n	0/100	0/100	1970-01-01 02:00:00 +0200
===== END
===== START
B	8f2f23b1fa9649378c48b49989d26219	07c34282bbf5437e965fd2da93d59830	2019-11-21 13:09:30 +0300	2019-11-21 13:09:15 +0300	2019-11-21 13:59:00 +0300	95839397af674a06897deec940317c85	64 1 100 Lise Arkası		2019 Ağustos 2020 Lise Arkası 1/4 hisse				n	0/100	0/100	1970-01-01 02:00:00 +0200
B	8f2f23b1fa9649378c48b49989d26219	ba8eb9d376564251a7c6e835745a79f0	2019-11-21 13:09:30 +0300	2019-11-21 13:09:15 +0300	2019-11-21 13:59:00 +0300	908c3f6feebf4484990b780afddb8c6d	320 2 Ali Balcı		2019 Ağustos 2020 Lise Arkası 1/4 hisse				n	0/100	0/100	1970-01-01 02:00:00 +0200
===== END
===== START
C	8f2f23b1fa9649378c48b49989d26219	07c34282bbf5437e965fd2da93d59830	2019-11-21 13:09:30 +0300	2019-11-21 13:09:15 +0300	2019-11-21 13:59:00 +0300	95839397af674a06897deec940317c85	64 1 100 Lise Arkası		2019 Ağustos 2020 Lise Arkası 1/4 hisse				n	975000/100	975000/100	1970-01-01 02:00:00 +0200
C	8f2f23b1fa9649378c48b49989d26219	ba8eb9d376564251a7c6e835745a79f0	2019-11-21 13:09:30 +0300	2019-11-21 13:09:15 +0300	2019-11-21 13:59:00 +0300	908c3f6feebf4484990b780afddb8c6d	320 2 Ali Balcı		2019 Ağustos 2020 Lise Arkası 1/4 hisse				n	-975000/100	-975000/100	1970-01-01 02:00:00 +0200
===== END
===== START
B	193a87ff139c47be8bfe8ce56f89d946	e6a1e28c1d8e4452a95754e47af62dfa	2019-11-21 13:09:33 +0300	2019-11-21 13:09:17 +0300	2019-11-21 13:59:00 +0300	95839397af674a06897deec940317c85	64 1 100 Lise Arkası		2019 Ağustos 2020 Lise Arkası 1/4 hisse				n	0/100	0/100	1970-01-01 02:00:00 +0200
B	193a87ff139c47be8bfe8ce56f89d946	800f07a5f7bc4365b84c5894af4a27b6	2019-11-21 13:09:33 +0300	2019-11-21 13:09:17 +0300	2019-11-21 13:59:00 +0300	8b4e8a0fec9d46faac18955bcf4ac888	320 3 Atila Balcı		2019 Ağustos 2020 Lise Arkası 1/4 hisse				n	0/100	0/100	1970-01-01 02:00:00 +0200
===== END
===== START
C	193a87ff139c47be8bfe8ce56f89d946	e6a1e28c1d8e4452a95754e47af62dfa	2019-11-21 13:09:33 +0300	2019-11-21 13:09:17 +0300	2019-11-21 13:59:00 +0300	95839397af674a06897deec940317c85	64 1 100 Lise Arkası		2019 Ağustos 2020 Lise Arkası 1/4 hisse				n	975000/100	975000/100	1970-01-01 02:00:00 +0200
C	193a87ff139c47be8bfe8ce56f89d946	800f07a5f7bc4365b84c5894af4a27b6	2019-11-21 13:09:33 +0300	2019-11-21 13:09:17 +0300	2019-11-21 13:59:00 +0300	8b4e8a0fec9d46faac18955bcf4ac888	320 3 Atila Balcı		2019 Ağustos 2020 Lise Arkası 1/4 hisse				n	-975000/100	-975000/100	1970-01-01 02:00:00 +0200
===== END
===== START
B	acc84b77a309431ba49be4d435cf68bc	34e551f805aa4fd4ab218c128efad2db	2019-11-21 13:09:51 +0300	2019-11-21 13:07:59 +0300	2019-09-01 13:59:00 +0300	95839397af674a06897deec940317c85	64 1 100 Lise Arkası		2019 Ağustos 2020 Lise Arkası 1/4 hisse				n	975000/100	975000/100	1970-01-01 02:00:00 +0200
B	acc84b77a309431ba49be4d435cf68bc	782fcf60d20245ee8e7d7bac94caca61	2019-11-21 13:09:51 +0300	2019-11-21 13:07:59 +0300	2019-09-01 13:59:00 +0300	2989cab05ba94d6b9b654d0567780299	320 1 Ayşe Balcı		2019 Ağustos 2020 Lise Arkası 1/4 hisse				n	-975000/100	-975000/100	1970-01-01 02:00:00 +0200
===== END
===== START
C	acc84b77a309431ba49be4d435cf68bc	34e551f805aa4fd4ab218c128efad2db	2019-11-21 13:09:51 +0300	2019-11-21 13:07:59 +0300	2019-09-02 13:59:00 +0300	95839397af674a06897deec940317c85	64 1 100 Lise Arkası		2019 Ağustos 2020 Lise Arkası 1/4 hisse				n	975000/100	975000/100	1970-01-01 02:00:00 +0200
C	acc84b77a309431ba49be4d435cf68bc	782fcf60d20245ee8e7d7bac94caca61	2019-11-21 13:09:51 +0300	2019-11-21 13:07:59 +0300	2019-09-02 13:59:00 +0300	2989cab05ba94d6b9b654d0567780299	320 1 Ayşe Balcı		2019 Ağustos 2020 Lise Arkası 1/4 hisse				n	-975000/100	-975000/100	1970-01-01 02:00:00 +0200
===== END
===== START
B	8f2f23b1fa9649378c48b49989d26219	07c34282bbf5437e965fd2da93d59830	2019-11-21 13:09:53 +0300	2019-11-21 13:09:15 +0300	2019-11-21 13:59:00 +0300	95839397af674a06897deec940317c85	64 1 100 Lise Arkası		2019 Ağustos 2020 Lise Arkası 1/4 hisse				n	975000/100	975000/100	1970-01-01 02:00:00 +0200
B	8f2f23b1fa9649378c48b49989d26219	ba8eb9d376564251a7c6e835745a79f0	2019-11-21 13:09:53 +0300	2019-11-21 13:09:15 +0300	2019-11-21 13:59:00 +0300	908c3f6feebf4484990b780afddb8c6d	320 2 Ali Balcı		2019 Ağustos 2020 Lise Arkası 1/4 hisse				n	-975000/100	-975000/100	1970-01-01 02:00:00 +0200
===== END
===== START
C	8f2f23b1fa9649378c48b49989d26219	07c34282bbf5437e965fd2da93d59830	2019-11-21 13:09:53 +0300	2019-11-21 13:09:15 +0300	2019-09-02 13:59:00 +0300	95839397af674a06897deec940317c85	64 1 100 Lise Arkası		2019 Ağustos 2020 Lise Arkası 1/4 hisse				n	975000/100	975000/100	1970-01-01 02:00:00 +0200
C	8f2f23b1fa9649378c48b49989d26219	ba8eb9d376564251a7c6e835745a79f0	2019-11-21 13:09:53 +0300	2019-11-21 13:09:15 +0300	2019-09-02 13:59:00 +0300	908c3f6feebf4484990b780afddb8c6d	320 2 Ali Balcı		2019 Ağustos 2020 Lise Arkası 1/4 hisse				n	-975000/100	-975000/100	1970-01-01 02:00:00 +0200
===== END
===== START
B	193a87ff139c47be8bfe8ce56f89d946	e6a1e28c1d8e4452a95754e47af62dfa	2019-11-21 13:09:56 +0300	2019-11-21 13:09:17 +0300	2019-11-21 13:59:00 +0300	95839397af674a06897deec940317c85	64 1 100 Lise Arkası		2019 Ağustos 2020 Lise Arkası 1/4 hisse				n	975000/100	975000/100	1970-01-01 02:00:00 +0200
B	193a87ff139c47be8bfe8ce56f89d946	800f07a5f7bc4365b84c5894af4a27b6	2019-11-21 13:09:56 +0300	2019-11-21 13:09:17 +0300	2019-11-21 13:59:00 +0300	8b4e8a0fec9d46faac18955bcf4ac888	320 3 Atila Balcı		2019 Ağustos 2020 Lise Arkası 1/4 hisse				n	-975000/100	-975000/100	1970-01-01 02:00:00 +0200
===== END
===== START
C	193a87ff139c47be8bfe8ce56f89d946	e6a1e28c1d8e4452a95754e47af62dfa	2019-11-21 13:09:56 +0300	2019-11-21 13:09:17 +0300	2019-09-02 13:59:00 +0300	95839397af674a06897deec940317c85	64 1 100 Lise Arkası		2019 Ağustos 2020 Lise Arkası 1/4 hisse				n	975000/100	975000/100	1970-01-01 02:00:00 +0200
C	193a87ff139c47be8bfe8ce56f89d946	800f07a5f7bc4365b84c5894af4a27b6	2019-11-21 13:09:56 +0300	2019-11-21 13:09:17 +0300	2019-09-02 13:59:00 +0300	8b4e8a0fec9d46faac18955bcf4ac888	320 3 Atila Balcı		2019 Ağustos 2020 Lise Arkası 1/4 hisse				n	-975000/100	-975000/100	1970-01-01 02:00:00 +0200
===== END
===== START
===== END
===== START
D	4c88f6f7cf7e434dabfeee8ea9e6ea15	2c5252a8d3fb41b89e874451d7b7492e	2019-11-21 13:11:00 +0300	2019-11-21 13:11:00 +0300	2019-11-21 13:59:00 +0300								n	0/1	0/100	1970-01-01 02:00:00 +0200
===== END
===== START
D	188a2847cbce414e807a130d6a606936	781ac20623ef4dd38c6354714f4d825f	2019-11-21 13:11:01 +0300	2019-11-21 13:11:01 +0300	2019-11-21 13:59:00 +0300								n	0/1	0/100	1970-01-01 02:00:00 +0200
===== END
===== START
D	ef75b8fb013147ba9c4f61ce59e5d60a	77952baf158844c6b199d2b9aaaf2074	2019-11-21 13:11:08 +0300	2019-11-21 13:11:08 +0300	2019-11-21 13:59:00 +0300								n	0/1	0/100	1970-01-01 02:00:00 +0200
===== END
===== START
D	7506cf2209134fe89f8ff701f9d012cd	4a9f1c7a44f54c38bf59151d4d6b78bd	2019-11-21 13:11:12 +0300	2019-11-21 13:11:12 +0300	2019-11-21 13:59:00 +0300								n	0/1	0/100	1970-01-01 02:00:00 +0200
===== END
===== START
===== END
===== START
===== END
===== START
===== END
===== START
===== END
===== START
B	15a5ae4a9b934d7a86be61d82dcca8a0	056a1e28b28441aea2fd7b137da648e2	2019-11-21 13:13:37 +0300	2019-11-21 12:55:25 +0300	2019-11-21 13:59:00 +0300	908c3f6feebf4484990b780afddb8c6d	320 2 Ali Balcı		2019-20 LA Ali Balcı Kira Ödemesi 1/4				n	975000/100	975000/100	1970-01-01 02:00:00 +0200
B	15a5ae4a9b934d7a86be61d82dcca8a0	1d580e07abba41dcae40d53ba8d18970	2019-11-21 13:13:37 +0300	2019-11-21 12:55:25 +0300	2019-11-21 13:59:00 +0300	d0e0c6ad9e5e4635a956e3b966797d0c	100 100 Kasa Lise Arkası		2019-20 LA Ali Balcı Kira Ödemesi 1/4				n	-975000/100	-975000/100	1970-01-01 02:00:00 +0200
===== END
===== START
C	15a5ae4a9b934d7a86be61d82dcca8a0	056a1e28b28441aea2fd7b137da648e2	2019-11-21 13:13:37 +0300	2019-11-21 12:55:25 +0300	2019-11-21 13:59:00 +0300	3aa1ec8129524dc2bd8d898c2c0ecfcf	320 5 Selanik Mermer		2019-20 LA Ali Balcı Kira Ödemesi 1/4				n	975000/100	975000/100	1970-01-01 02:00:00 +0200
C	15a5ae4a9b934d7a86be61d82dcca8a0	1d580e07abba41dcae40d53ba8d18970	2019-11-21 13:13:37 +0300	2019-11-21 12:55:25 +0300	2019-11-21 13:59:00 +0300	d0e0c6ad9e5e4635a956e3b966797d0c	100 100 Kasa Lise Arkası		2019-20 LA Ali Balcı Kira Ödemesi 1/4				n	-975000/100	-975000/100	1970-01-01 02:00:00 +0200
===== END
===== START
B	87b3ee526f944c75baec70cabbe4efeb	21ed221d687844f7b3608389290bad1a	2019-11-21 13:13:49 +0300	2019-11-21 12:55:30 +0300	2019-11-21 13:59:00 +0300	8b4e8a0fec9d46faac18955bcf4ac888	320 3 Atila Balcı		2019-20 LA Atila Balcı Kira Ödemesi 1/4				n	975000/100	975000/100	1970-01-01 02:00:00 +0200
B	87b3ee526f944c75baec70cabbe4efeb	aaf19a0c31af47ce8921dc53383b6295	2019-11-21 13:13:49 +0300	2019-11-21 12:55:30 +0300	2019-11-21 13:59:00 +0300	d0e0c6ad9e5e4635a956e3b966797d0c	100 100 Kasa Lise Arkası		2019-20 LA Atila Balcı Kira Ödemesi 1/4				n	-975000/100	-975000/100	1970-01-01 02:00:00 +0200
===== END
===== START
C	87b3ee526f944c75baec70cabbe4efeb	21ed221d687844f7b3608389290bad1a	2019-11-21 13:13:49 +0300	2019-11-21 12:55:30 +0300	2019-11-21 13:59:00 +0300	3aa1ec8129524dc2bd8d898c2c0ecfcf	320 5 Selanik Mermer		2019-20 LA Atila Balcı Kira Ödemesi 1/4				n	975000/100	975000/100	1970-01-01 02:00:00 +0200
C	87b3ee526f944c75baec70cabbe4efeb	aaf19a0c31af47ce8921dc53383b6295	2019-11-21 13:13:49 +0300	2019-11-21 12:55:30 +0300	2019-11-21 13:59:00 +0300	d0e0c6ad9e5e4635a956e3b966797d0c	100 100 Kasa Lise Arkası		2019-20 LA Atila Balcı Kira Ödemesi 1/4				n	-975000/100	-975000/100	1970-01-01 02:00:00 +0200
===== END
===== START
B	ecfccbfb444f4f388baf008ba59fdb39	df00b4102e664faab590cb00792a8385	2019-11-21 13:15:18 +0300	2019-11-20 09:34:20 +0300	2019-11-20 13:59:00 +0300	d6f86156a93242cc994b54e04382956e	108 Eski Hesaplar Kasası						n	8974068/100	8974068/100	1970-01-01 02:00:00 +0200
B	ecfccbfb444f4f388baf008ba59fdb39	ac9e99b27c1947eab1fd84e0b4bcae12	2019-11-21 13:15:18 +0300	2019-11-20 09:34:20 +0300	2019-11-20 13:59:00 +0300	3aa1ec8129524dc2bd8d898c2c0ecfcf	320 5 Selanik Mermer						n	-8974068/100	-8974068/100	1970-01-01 02:00:00 +0200
===== END
===== START
C	ecfccbfb444f4f388baf008ba59fdb39	df00b4102e664faab590cb00792a8385	2019-11-21 13:15:18 +0300	2019-11-20 09:34:20 +0300	2019-11-20 13:59:00 +0300	d6f86156a93242cc994b54e04382956e	108 Eski Hesaplar Kasası						n	22014506/100	22014506/100	1970-01-01 02:00:00 +0200
C	ecfccbfb444f4f388baf008ba59fdb39	ac9e99b27c1947eab1fd84e0b4bcae12	2019-11-21 13:15:18 +0300	2019-11-20 09:34:20 +0300	2019-11-20 13:59:00 +0300	3aa1ec8129524dc2bd8d898c2c0ecfcf	320 5 Selanik Mermer						n	-22014506/100	-22014506/100	1970-01-01 02:00:00 +0200
===== END
===== START
B	ecfccbfb444f4f388baf008ba59fdb39	df00b4102e664faab590cb00792a8385	2019-11-21 13:16:02 +0300	2019-11-20 09:34:20 +0300	2019-11-20 13:59:00 +0300	d6f86156a93242cc994b54e04382956e	108 Eski Hesaplar Kasası						n	22014506/100	22014506/100	1970-01-01 02:00:00 +0200
B	ecfccbfb444f4f388baf008ba59fdb39	ac9e99b27c1947eab1fd84e0b4bcae12	2019-11-21 13:16:02 +0300	2019-11-20 09:34:20 +0300	2019-11-20 13:59:00 +0300	3aa1ec8129524dc2bd8d898c2c0ecfcf	320 5 Selanik Mermer						n	-22014506/100	-22014506/100	1970-01-01 02:00:00 +0200
===== END
===== START
C	ecfccbfb444f4f388baf008ba59fdb39	df00b4102e664faab590cb00792a8385	2019-11-21 13:16:02 +0300	2019-11-20 09:34:20 +0300	2019-11-20 13:59:00 +0300	d6f86156a93242cc994b54e04382956e	108 Eski Hesaplar Kasası		Selanik (Ali-Atila) 2011-18 kişra gelirleri				n	22014506/100	22014506/100	1970-01-01 02:00:00 +0200
C	ecfccbfb444f4f388baf008ba59fdb39	ac9e99b27c1947eab1fd84e0b4bcae12	2019-11-21 13:16:02 +0300	2019-11-20 09:34:20 +0300	2019-11-20 13:59:00 +0300	3aa1ec8129524dc2bd8d898c2c0ecfcf	320 5 Selanik Mermer		Selanik (Ali-Atila) 2011-18 kişra gelirleri				n	-22014506/100	-22014506/100	1970-01-01 02:00:00 +0200
===== END
===== START
B	ecfccbfb444f4f388baf008ba59fdb39	df00b4102e664faab590cb00792a8385	2019-11-21 13:17:43 +0300	2019-11-20 09:34:20 +0300	2019-11-20 13:59:00 +0300	d6f86156a93242cc994b54e04382956e	108 Eski Hesaplar Kasası		Selanik (Ali-Atila) 2011-18 kişra gelirleri				n	22014506/100	22014506/100	1970-01-01 02:00:00 +0200
B	ecfccbfb444f4f388baf008ba59fdb39	ac9e99b27c1947eab1fd84e0b4bcae12	2019-11-21 13:17:43 +0300	2019-11-20 09:34:20 +0300	2019-11-20 13:59:00 +0300	3aa1ec8129524dc2bd8d898c2c0ecfcf	320 5 Selanik Mermer		Selanik (Ali-Atila) 2011-18 kişra gelirleri				n	-22014506/100	-22014506/100	1970-01-01 02:00:00 +0200
===== END
===== START
C	ecfccbfb444f4f388baf008ba59fdb39	df00b4102e664faab590cb00792a8385	2019-11-21 13:17:43 +0300	2019-11-20 09:34:20 +0300	2019-11-20 13:59:00 +0300	d6f86156a93242cc994b54e04382956e	108 Eski Hesaplar Kasası		Selanik (Ali-Atila) 2011-18 kişra gelirleri				n	20064506/100	20064506/100	1970-01-01 02:00:00 +0200
C	ecfccbfb444f4f388baf008ba59fdb39	ac9e99b27c1947eab1fd84e0b4bcae12	2019-11-21 13:17:43 +0300	2019-11-20 09:34:20 +0300	2019-11-20 13:59:00 +0300	3aa1ec8129524dc2bd8d898c2c0ecfcf	320 5 Selanik Mermer		Selanik (Ali-Atila) 2011-18 kişra gelirleri				n	-20064506/100	-20064506/100	1970-01-01 02:00:00 +0200
===== END
===== START
C	ed0ad5fee7a7462ab86793cc5afde5db	19386d6a7d6a4a59bf51633c604946ce	2019-11-21 13:17:57 +0300	2019-11-21 13:17:57 +0300	2019-11-21 13:59:00 +0300	d6f86156a93242cc994b54e04382956e	108 Eski Hesaplar Kasası		Selaniğe yapılan ödeme				n	-20064506/100	-20064506/100	1970-01-01 02:00:00 +0200
C	ed0ad5fee7a7462ab86793cc5afde5db	8c09325aa4514e7e98634c311bea3859	2019-11-21 13:17:57 +0300	2019-11-21 13:17:57 +0300	2019-11-21 13:59:00 +0300	3a63f12134c244fa86b69fbbccbba3e0	Açık-TRY		Selaniğe yapılan ödeme				n	20064506/100	20064506/100	1970-01-01 02:00:00 +0200
===== END
===== START
===== END
===== START
B	ed0ad5fee7a7462ab86793cc5afde5db	8c09325aa4514e7e98634c311bea3859	2019-11-21 13:19:29 +0300	2019-11-21 13:17:57 +0300	2019-11-21 13:59:00 +0300	3a63f12134c244fa86b69fbbccbba3e0	Açık-TRY		Selaniğe yapılan ödeme				n	20064506/100	20064506/100	1970-01-01 02:00:00 +0200
B	ed0ad5fee7a7462ab86793cc5afde5db	19386d6a7d6a4a59bf51633c604946ce	2019-11-21 13:19:29 +0300	2019-11-21 13:17:57 +0300	2019-11-21 13:59:00 +0300	d6f86156a93242cc994b54e04382956e	108 Eski Hesaplar Kasası		Selaniğe yapılan ödeme				n	-20064506/100	-20064506/100	1970-01-01 02:00:00 +0200
===== END
===== START
C	ed0ad5fee7a7462ab86793cc5afde5db	8c09325aa4514e7e98634c311bea3859	2019-11-21 13:19:29 +0300	2019-11-21 13:17:57 +0300	2019-11-21 13:59:00 +0300	3a63f12134c244fa86b69fbbccbba3e0	Açık-TRY		2019 Selanik-Doğuş hesabı (Doğuş Alacaklı)				n	20064506/100	20064506/100	1970-01-01 02:00:00 +0200
C	ed0ad5fee7a7462ab86793cc5afde5db	19386d6a7d6a4a59bf51633c604946ce	2019-11-21 13:19:29 +0300	2019-11-21 13:17:57 +0300	2019-11-21 13:59:00 +0300	d6f86156a93242cc994b54e04382956e	108 Eski Hesaplar Kasası		2019 Selanik-Doğuş hesabı (Doğuş Alacaklı)				n	-20064506/100	-20064506/100	1970-01-01 02:00:00 +0200
===== END
===== START
B	ecfccbfb444f4f388baf008ba59fdb39	df00b4102e664faab590cb00792a8385	2019-11-21 13:20:42 +0300	2019-11-20 09:34:20 +0300	2019-11-20 13:59:00 +0300	d6f86156a93242cc994b54e04382956e	108 Eski Hesaplar Kasası		Selanik (Ali-Atila) 2011-18 kişra gelirleri				n	20064506/100	20064506/100	1970-01-01 02:00:00 +0200
B	ecfccbfb444f4f388baf008ba59fdb39	ac9e99b27c1947eab1fd84e0b4bcae12	2019-11-21 13:20:42 +0300	2019-11-20 09:34:20 +0300	2019-11-20 13:59:00 +0300	3aa1ec8129524dc2bd8d898c2c0ecfcf	320 5 Selanik Mermer		Selanik (Ali-Atila) 2011-18 kişra gelirleri				n	-20064506/100	-20064506/100	1970-01-01 02:00:00 +0200
===== END
===== START
C	ecfccbfb444f4f388baf008ba59fdb39	df00b4102e664faab590cb00792a8385	2019-11-21 13:20:42 +0300	2019-11-20 09:34:20 +0300	2019-11-20 13:59:00 +0300	d6f86156a93242cc994b54e04382956e	108 Eski Hesaplar Kasası		Selanik (Ali) 2011-18 kira gelirleri				n	9595720/100	9595720/100	1970-01-01 02:00:00 +0200
C	ecfccbfb444f4f388baf008ba59fdb39	ac9e99b27c1947eab1fd84e0b4bcae12	2019-11-21 13:20:42 +0300	2019-11-20 09:34:20 +0300	2019-11-20 13:59:00 +0300	3aa1ec8129524dc2bd8d898c2c0ecfcf	320 5 Selanik Mermer		Selanik (Ali) 2011-18 kira gelirleri				n	-9595720/100	-9595720/100	1970-01-01 02:00:00 +0200
===== END
===== START
===== END
===== START
C	5f2d389a7087467fb481cd995cd6ff4c	2fa35fb27a5846ada223068e5f8b10a4	2019-11-21 13:20:48 +0300	2019-11-21 13:20:48 +0300	2019-11-21 13:59:00 +0300	d6f86156a93242cc994b54e04382956e	108 Eski Hesaplar Kasası		Selanik (Ali) 2011-18 kira gelirleri				n	9595720/100	9595720/100	1970-01-01 02:00:00 +0200
C	5f2d389a7087467fb481cd995cd6ff4c	60217f03cd004de9af87b757cb385167	2019-11-21 13:20:48 +0300	2019-11-21 13:20:48 +0300	2019-11-21 13:59:00 +0300	3aa1ec8129524dc2bd8d898c2c0ecfcf	320 5 Selanik Mermer		Selanik (Ali) 2011-18 kira gelirleri				n	-9595720/100	-9595720/100	1970-01-01 02:00:00 +0200
===== END
===== START
B	5f2d389a7087467fb481cd995cd6ff4c	2fa35fb27a5846ada223068e5f8b10a4	2019-11-21 13:21:59 +0300	2019-11-21 13:20:48 +0300	2019-11-21 13:59:00 +0300	d6f86156a93242cc994b54e04382956e	108 Eski Hesaplar Kasası		Selanik (Ali) 2011-18 kira gelirleri				n	9595720/100	9595720/100	1970-01-01 02:00:00 +0200
B	5f2d389a7087467fb481cd995cd6ff4c	60217f03cd004de9af87b757cb385167	2019-11-21 13:21:59 +0300	2019-11-21 13:20:48 +0300	2019-11-21 13:59:00 +0300	3aa1ec8129524dc2bd8d898c2c0ecfcf	320 5 Selanik Mermer		Selanik (Ali) 2011-18 kira gelirleri				n	-9595720/100	-9595720/100	1970-01-01 02:00:00 +0200
===== END
===== START
C	5f2d389a7087467fb481cd995cd6ff4c	2fa35fb27a5846ada223068e5f8b10a4	2019-11-21 13:21:59 +0300	2019-11-21 13:20:48 +0300	2019-11-21 13:59:00 +0300	d6f86156a93242cc994b54e04382956e	108 Eski Hesaplar Kasası		Selanik (Atila) 2011-18 kira gelirleri				n	18417854/100	18417854/100	1970-01-01 02:00:00 +0200
C	5f2d389a7087467fb481cd995cd6ff4c	60217f03cd004de9af87b757cb385167	2019-11-21 13:21:59 +0300	2019-11-21 13:20:48 +0300	2019-11-21 13:59:00 +0300	3aa1ec8129524dc2bd8d898c2c0ecfcf	320 5 Selanik Mermer		Selanik (Atila) 2011-18 kira gelirleri				n	-18417854/100	-18417854/100	1970-01-01 02:00:00 +0200
===== END
===== START
B	ed0ad5fee7a7462ab86793cc5afde5db	8c09325aa4514e7e98634c311bea3859	2019-11-21 13:22:42 +0300	2019-11-21 13:17:57 +0300	2019-11-21 13:59:00 +0300	3a63f12134c244fa86b69fbbccbba3e0	Açık-TRY		2019 Selanik-Doğuş hesabı (Doğuş Alacaklı)				n	20064506/100	20064506/100	1970-01-01 02:00:00 +0200
B	ed0ad5fee7a7462ab86793cc5afde5db	19386d6a7d6a4a59bf51633c604946ce	2019-11-21 13:22:42 +0300	2019-11-21 13:17:57 +0300	2019-11-21 13:59:00 +0300	d6f86156a93242cc994b54e04382956e	108 Eski Hesaplar Kasası		2019 Selanik-Doğuş hesabı (Doğuş Alacaklı)				n	-20064506/100	-20064506/100	1970-01-01 02:00:00 +0200
===== END
===== START
C	ed0ad5fee7a7462ab86793cc5afde5db	8c09325aa4514e7e98634c311bea3859	2019-11-21 13:22:42 +0300	2019-11-21 13:17:57 +0300	2019-11-21 13:59:00 +0300	deabaef30fc841ac9337e26a874ae856	100 KASA		2019 Selanik-Doğuş hesabı (Doğuş Alacaklı)				n	20064506/100	20064506/100	1970-01-01 02:00:00 +0200
C	ed0ad5fee7a7462ab86793cc5afde5db	19386d6a7d6a4a59bf51633c604946ce	2019-11-21 13:22:42 +0300	2019-11-21 13:17:57 +0300	2019-11-21 13:59:00 +0300	d6f86156a93242cc994b54e04382956e	108 Eski Hesaplar Kasası		2019 Selanik-Doğuş hesabı (Doğuş Alacaklı)				n	-20064506/100	-20064506/100	1970-01-01 02:00:00 +0200
===== END
