mod	trans_guid	split_guid	time_now	date_entered	date_posted	acc_guid	acc_name	num	description	notes	memo	action	reconciled	amount	value	date_reconciled
-----------------
===== START
===== END
===== START
D	9e3ecc8857344b628f5ebabfa57c0e75	910ccb35f2c94fdfb1f222806f248615	2019-12-03 12:55:43 +0300	2019-12-03 12:55:43 +0300	2019-12-03 13:59:00 +0300								n	0/1	0/100	1970-01-01 02:00:00 +0200
===== END
===== START
===== END
===== START
C	f4fed64ce9e54bd6acd4732dd43add56	4d108849889c4aa4ac4fa3596fe12bcf	2019-12-03 13:00:28 +0300	2019-12-03 13:00:28 +0300	2019-11-29 13:59:00 +0300	4c3e59c6175e4d26a314854ae62c0bb5	63 3 400 TZGMRK GM						n	0/100	0/100	1970-01-01 02:00:00 +0200
===== END
===== START
===== END
===== START
B	f4fed64ce9e54bd6acd4732dd43add56	4d108849889c4aa4ac4fa3596fe12bcf	2019-12-03 13:00:50 +0300	2019-12-03 13:00:28 +0300	2019-11-29 13:59:00 +0300	4c3e59c6175e4d26a314854ae62c0bb5	63 3 400 TZGMRK GM						n	0/100	0/100	1970-01-01 02:00:00 +0200
===== END
===== START
C	f4fed64ce9e54bd6acd4732dd43add56	4d108849889c4aa4ac4fa3596fe12bcf	2019-12-03 13:00:50 +0300	2019-12-03 13:00:28 +0300	2019-11-29 13:59:00 +0300	4c3e59c6175e4d26a314854ae62c0bb5	63 3 400 TZGMRK GM		Arsa				n	0/100	0/100	1970-01-01 02:00:00 +0200
===== END
===== START
C	9afb0053f6174a01b75fce4768819e57	c07560b050914d4781688055f0aa5109	2019-12-03 13:00:57 +0300	2019-12-03 13:00:57 +0300	2019-11-29 13:59:00 +0300	4c3e59c6175e4d26a314854ae62c0bb5	63 3 400 TZGMRK GM		Kültür				n	0/100	0/100	1970-01-01 02:00:00 +0200
===== END
===== START
===== END
===== START
B	f4fed64ce9e54bd6acd4732dd43add56	4d108849889c4aa4ac4fa3596fe12bcf	2019-12-03 13:01:12 +0300	2019-12-03 13:00:28 +0300	2019-11-29 13:59:00 +0300	4c3e59c6175e4d26a314854ae62c0bb5	63 3 400 TZGMRK GM		Arsa				n	0/100	0/100	1970-01-01 02:00:00 +0200
===== END
===== START
C	f4fed64ce9e54bd6acd4732dd43add56	4d108849889c4aa4ac4fa3596fe12bcf	2019-12-03 13:01:12 +0300	2019-12-03 13:00:28 +0300	2019-11-29 13:59:00 +0300	4c3e59c6175e4d26a314854ae62c0bb5	63 3 400 TZGMRK GM		Arsa				n	0/100	0/100	1970-01-01 02:00:00 +0200
C	f4fed64ce9e54bd6acd4732dd43add56	1224de846a424154aa0bf4f18bd42f73	2019-12-03 13:01:12 +0300	2019-12-03 13:00:28 +0300	2019-11-29 13:59:00 +0300	deabaef30fc841ac9337e26a874ae856	100 KASA		Arsa				n	0/100	0/100	1970-01-01 02:00:00 +0200
===== END
===== START
B	9afb0053f6174a01b75fce4768819e57	c07560b050914d4781688055f0aa5109	2019-12-03 13:01:16 +0300	2019-12-03 13:00:57 +0300	2019-11-29 13:59:00 +0300	4c3e59c6175e4d26a314854ae62c0bb5	63 3 400 TZGMRK GM		Kültür				n	0/100	0/100	1970-01-01 02:00:00 +0200
===== END
===== START
C	9afb0053f6174a01b75fce4768819e57	c07560b050914d4781688055f0aa5109	2019-12-03 13:01:16 +0300	2019-12-03 13:00:57 +0300	2019-11-29 13:59:00 +0300	4c3e59c6175e4d26a314854ae62c0bb5	63 3 400 TZGMRK GM		Kültür				n	0/100	0/100	1970-01-01 02:00:00 +0200
C	9afb0053f6174a01b75fce4768819e57	0276a2770b4b404583b84862a9abca84	2019-12-03 13:01:16 +0300	2019-12-03 13:00:57 +0300	2019-11-29 13:59:00 +0300	deabaef30fc841ac9337e26a874ae856	100 KASA		Kültür				n	0/100	0/100	1970-01-01 02:00:00 +0200
===== END
===== START
B	f4fed64ce9e54bd6acd4732dd43add56	4d108849889c4aa4ac4fa3596fe12bcf	2019-12-03 13:01:23 +0300	2019-12-03 13:00:28 +0300	2019-11-29 13:59:00 +0300	4c3e59c6175e4d26a314854ae62c0bb5	63 3 400 TZGMRK GM		Arsa				n	0/100	0/100	1970-01-01 02:00:00 +0200
B	f4fed64ce9e54bd6acd4732dd43add56	1224de846a424154aa0bf4f18bd42f73	2019-12-03 13:01:23 +0300	2019-12-03 13:00:28 +0300	2019-11-29 13:59:00 +0300	deabaef30fc841ac9337e26a874ae856	100 KASA		Arsa				n	0/100	0/100	1970-01-01 02:00:00 +0200
===== END
===== START
C	f4fed64ce9e54bd6acd4732dd43add56	4d108849889c4aa4ac4fa3596fe12bcf	2019-12-03 13:01:23 +0300	2019-12-03 13:00:28 +0300	2019-11-29 13:59:00 +0300	4c3e59c6175e4d26a314854ae62c0bb5	63 3 400 TZGMRK GM		Arsa				n	2400/100	2400/100	1970-01-01 02:00:00 +0200
C	f4fed64ce9e54bd6acd4732dd43add56	1224de846a424154aa0bf4f18bd42f73	2019-12-03 13:01:23 +0300	2019-12-03 13:00:28 +0300	2019-11-29 13:59:00 +0300	deabaef30fc841ac9337e26a874ae856	100 KASA		Arsa				n	-2400/100	-2400/100	1970-01-01 02:00:00 +0200
===== END
===== START
B	9afb0053f6174a01b75fce4768819e57	c07560b050914d4781688055f0aa5109	2019-12-03 13:01:26 +0300	2019-12-03 13:00:57 +0300	2019-11-29 13:59:00 +0300	4c3e59c6175e4d26a314854ae62c0bb5	63 3 400 TZGMRK GM		Kültür				n	0/100	0/100	1970-01-01 02:00:00 +0200
B	9afb0053f6174a01b75fce4768819e57	0276a2770b4b404583b84862a9abca84	2019-12-03 13:01:26 +0300	2019-12-03 13:00:57 +0300	2019-11-29 13:59:00 +0300	deabaef30fc841ac9337e26a874ae856	100 KASA		Kültür				n	0/100	0/100	1970-01-01 02:00:00 +0200
===== END
===== START
C	9afb0053f6174a01b75fce4768819e57	c07560b050914d4781688055f0aa5109	2019-12-03 13:01:26 +0300	2019-12-03 13:00:57 +0300	2019-11-29 13:59:00 +0300	4c3e59c6175e4d26a314854ae62c0bb5	63 3 400 TZGMRK GM		Kültür				n	240/100	240/100	1970-01-01 02:00:00 +0200
C	9afb0053f6174a01b75fce4768819e57	0276a2770b4b404583b84862a9abca84	2019-12-03 13:01:26 +0300	2019-12-03 13:00:57 +0300	2019-11-29 13:59:00 +0300	deabaef30fc841ac9337e26a874ae856	100 KASA		Kültür				n	-240/100	-240/100	1970-01-01 02:00:00 +0200
===== END
===== START
D	36503d1ae9e34f568008233374ce4e82	6ed7817b7f00462bb918c13a6644b9e7	2019-12-03 13:01:45 +0300	2019-12-03 13:01:45 +0300	2019-11-29 13:59:00 +0300								n	0/1	0/100	1970-01-01 02:00:00 +0200
===== END
===== START
D	b71de9337f8840f0a9936bea11ed04ac	78b1ea25353947dd9b9397d047d25561	2019-12-03 13:01:47 +0300	2019-12-03 13:01:47 +0300	2015-01-30 12:59:00 +0200								n	0/1	0/100	1970-01-01 02:00:00 +0200
===== END
===== START
===== END
===== START
C	a87f6d6ae1a447d7a9e4ad3aabb0120e	99718a169780494f9f9b1c994530c391	2019-12-03 13:02:04 +0300	2019-12-03 13:02:04 +0300	2019-12-03 13:59:00 +0300	ae855cfae82747b1af13d5b8e68cbeb2	63 3 100 LS GM						n	2700/100	2700/100	1970-01-01 02:00:00 +0200
C	a87f6d6ae1a447d7a9e4ad3aabb0120e	f7eca7fca60947fda6b0e6547e95cdbf	2019-12-03 13:02:04 +0300	2019-12-03 13:02:04 +0300	2019-12-03 13:59:00 +0300	3a63f12134c244fa86b69fbbccbba3e0	Açık-TRY						n	-2700/100	-2700/100	1970-01-01 02:00:00 +0200
===== END
===== START
===== END
===== START
C	9cb34f7d1a1c40c4b74113a834ab2d7a	00cf245c9d914dbd9d27011e684c58f3	2019-12-03 13:02:09 +0300	2019-12-03 13:02:09 +0300	2019-12-03 13:59:00 +0300	ae855cfae82747b1af13d5b8e68cbeb2	63 3 100 LS GM						n	270/100	270/100	1970-01-01 02:00:00 +0200
C	9cb34f7d1a1c40c4b74113a834ab2d7a	d0f4d5ec17a74c50960d794d825eca92	2019-12-03 13:02:09 +0300	2019-12-03 13:02:09 +0300	2019-12-03 13:59:00 +0300	3a63f12134c244fa86b69fbbccbba3e0	Açık-TRY						n	-270/100	-270/100	1970-01-01 02:00:00 +0200
===== END
===== START
===== END
===== START
B	a87f6d6ae1a447d7a9e4ad3aabb0120e	99718a169780494f9f9b1c994530c391	2019-12-03 13:02:15 +0300	2019-12-03 13:02:04 +0300	2019-12-03 13:59:00 +0300	ae855cfae82747b1af13d5b8e68cbeb2	63 3 100 LS GM						n	2700/100	2700/100	1970-01-01 02:00:00 +0200
B	a87f6d6ae1a447d7a9e4ad3aabb0120e	f7eca7fca60947fda6b0e6547e95cdbf	2019-12-03 13:02:15 +0300	2019-12-03 13:02:04 +0300	2019-12-03 13:59:00 +0300	3a63f12134c244fa86b69fbbccbba3e0	Açık-TRY						n	-2700/100	-2700/100	1970-01-01 02:00:00 +0200
===== END
===== START
C	a87f6d6ae1a447d7a9e4ad3aabb0120e	99718a169780494f9f9b1c994530c391	2019-12-03 13:02:15 +0300	2019-12-03 13:02:04 +0300	2019-11-29 13:59:00 +0300	ae855cfae82747b1af13d5b8e68cbeb2	63 3 100 LS GM						n	2700/100	2700/100	1970-01-01 02:00:00 +0200
C	a87f6d6ae1a447d7a9e4ad3aabb0120e	f7eca7fca60947fda6b0e6547e95cdbf	2019-12-03 13:02:15 +0300	2019-12-03 13:02:04 +0300	2019-11-29 13:59:00 +0300	3a63f12134c244fa86b69fbbccbba3e0	Açık-TRY						n	-2700/100	-2700/100	1970-01-01 02:00:00 +0200
===== END
===== START
B	9cb34f7d1a1c40c4b74113a834ab2d7a	00cf245c9d914dbd9d27011e684c58f3	2019-12-03 13:02:17 +0300	2019-12-03 13:02:09 +0300	2019-12-03 13:59:00 +0300	ae855cfae82747b1af13d5b8e68cbeb2	63 3 100 LS GM						n	270/100	270/100	1970-01-01 02:00:00 +0200
B	9cb34f7d1a1c40c4b74113a834ab2d7a	d0f4d5ec17a74c50960d794d825eca92	2019-12-03 13:02:17 +0300	2019-12-03 13:02:09 +0300	2019-12-03 13:59:00 +0300	3a63f12134c244fa86b69fbbccbba3e0	Açık-TRY						n	-270/100	-270/100	1970-01-01 02:00:00 +0200
===== END
===== START
C	9cb34f7d1a1c40c4b74113a834ab2d7a	00cf245c9d914dbd9d27011e684c58f3	2019-12-03 13:02:17 +0300	2019-12-03 13:02:09 +0300	2019-11-29 13:59:00 +0300	ae855cfae82747b1af13d5b8e68cbeb2	63 3 100 LS GM						n	270/100	270/100	1970-01-01 02:00:00 +0200
C	9cb34f7d1a1c40c4b74113a834ab2d7a	d0f4d5ec17a74c50960d794d825eca92	2019-12-03 13:02:17 +0300	2019-12-03 13:02:09 +0300	2019-11-29 13:59:00 +0300	3a63f12134c244fa86b69fbbccbba3e0	Açık-TRY						n	-270/100	-270/100	1970-01-01 02:00:00 +0200
===== END
===== START
B	a87f6d6ae1a447d7a9e4ad3aabb0120e	99718a169780494f9f9b1c994530c391	2019-12-03 13:02:31 +0300	2019-12-03 13:02:04 +0300	2019-11-29 13:59:00 +0300	ae855cfae82747b1af13d5b8e68cbeb2	63 3 100 LS GM						n	2700/100	2700/100	1970-01-01 02:00:00 +0200
B	a87f6d6ae1a447d7a9e4ad3aabb0120e	f7eca7fca60947fda6b0e6547e95cdbf	2019-12-03 13:02:31 +0300	2019-12-03 13:02:04 +0300	2019-11-29 13:59:00 +0300	3a63f12134c244fa86b69fbbccbba3e0	Açık-TRY						n	-2700/100	-2700/100	1970-01-01 02:00:00 +0200
===== END
===== START
C	a87f6d6ae1a447d7a9e4ad3aabb0120e	99718a169780494f9f9b1c994530c391	2019-12-03 13:02:31 +0300	2019-12-03 13:02:04 +0300	2019-11-29 13:59:00 +0300	ae855cfae82747b1af13d5b8e68cbeb2	63 3 100 LS GM		Arsa				n	2700/100	2700/100	1970-01-01 02:00:00 +0200
C	a87f6d6ae1a447d7a9e4ad3aabb0120e	f7eca7fca60947fda6b0e6547e95cdbf	2019-12-03 13:02:31 +0300	2019-12-03 13:02:04 +0300	2019-11-29 13:59:00 +0300	3a63f12134c244fa86b69fbbccbba3e0	Açık-TRY		Arsa				n	-2700/100	-2700/100	1970-01-01 02:00:00 +0200
===== END
===== START
B	9cb34f7d1a1c40c4b74113a834ab2d7a	00cf245c9d914dbd9d27011e684c58f3	2019-12-03 13:02:35 +0300	2019-12-03 13:02:09 +0300	2019-11-29 13:59:00 +0300	ae855cfae82747b1af13d5b8e68cbeb2	63 3 100 LS GM						n	270/100	270/100	1970-01-01 02:00:00 +0200
B	9cb34f7d1a1c40c4b74113a834ab2d7a	d0f4d5ec17a74c50960d794d825eca92	2019-12-03 13:02:35 +0300	2019-12-03 13:02:09 +0300	2019-11-29 13:59:00 +0300	3a63f12134c244fa86b69fbbccbba3e0	Açık-TRY						n	-270/100	-270/100	1970-01-01 02:00:00 +0200
===== END
===== START
C	9cb34f7d1a1c40c4b74113a834ab2d7a	00cf245c9d914dbd9d27011e684c58f3	2019-12-03 13:02:35 +0300	2019-12-03 13:02:09 +0300	2019-11-29 13:59:00 +0300	ae855cfae82747b1af13d5b8e68cbeb2	63 3 100 LS GM		Kültür				n	270/100	270/100	1970-01-01 02:00:00 +0200
C	9cb34f7d1a1c40c4b74113a834ab2d7a	d0f4d5ec17a74c50960d794d825eca92	2019-12-03 13:02:35 +0300	2019-12-03 13:02:09 +0300	2019-11-29 13:59:00 +0300	3a63f12134c244fa86b69fbbccbba3e0	Açık-TRY		Kültür				n	-270/100	-270/100	1970-01-01 02:00:00 +0200
===== END
===== START
D	5d59f8ffa4764ad59fc6510ff6c44df0	97093eaa49a54a68880d1e47b479b4fe	2019-12-03 13:02:39 +0300	2019-12-03 13:02:39 +0300	2019-12-03 13:59:00 +0300								n	0/1	0/100	1970-01-01 02:00:00 +0200
===== END
===== START
===== END
===== START
C	ea5e221bc83d4638b41e2a699668ac67	deff0826752a4a2289bf06de30e658d4	2019-12-03 13:08:35 +0300	2019-12-03 13:08:35 +0300	2019-12-03 13:59:00 +0300	104a7a63b68249ccb946717fe28d31a9	63 3 220 AP ön GM						n	600/100	600/100	1970-01-01 02:00:00 +0200
C	ea5e221bc83d4638b41e2a699668ac67	18cf03bca92640b4beaf226b84fe7475	2019-12-03 13:08:35 +0300	2019-12-03 13:08:35 +0300	2019-12-03 13:59:00 +0300	3a63f12134c244fa86b69fbbccbba3e0	Açık-TRY						n	-600/100	-600/100	1970-01-01 02:00:00 +0200
===== END
===== START
===== END
===== START
C	89a039b473974738836b81f9aeb6562d	dab7935320ac4ffaa729093c35c2318d	2019-12-03 13:08:45 +0300	2019-12-03 13:08:45 +0300	2019-12-03 13:59:00 +0300	104a7a63b68249ccb946717fe28d31a9	63 3 220 AP ön GM						n	60/100	60/100	1970-01-01 02:00:00 +0200
C	89a039b473974738836b81f9aeb6562d	c038f6e36ab644d4856c20dd59428223	2019-12-03 13:08:45 +0300	2019-12-03 13:08:45 +0300	2019-12-03 13:59:00 +0300	3a63f12134c244fa86b69fbbccbba3e0	Açık-TRY						n	-60/100	-60/100	1970-01-01 02:00:00 +0200
===== END
===== START
===== END
===== START
B	ea5e221bc83d4638b41e2a699668ac67	deff0826752a4a2289bf06de30e658d4	2019-12-03 13:08:48 +0300	2019-12-03 13:08:35 +0300	2019-12-03 13:59:00 +0300	104a7a63b68249ccb946717fe28d31a9	63 3 220 AP ön GM						n	600/100	600/100	1970-01-01 02:00:00 +0200
B	ea5e221bc83d4638b41e2a699668ac67	18cf03bca92640b4beaf226b84fe7475	2019-12-03 13:08:48 +0300	2019-12-03 13:08:35 +0300	2019-12-03 13:59:00 +0300	3a63f12134c244fa86b69fbbccbba3e0	Açık-TRY						n	-600/100	-600/100	1970-01-01 02:00:00 +0200
===== END
===== START
C	ea5e221bc83d4638b41e2a699668ac67	deff0826752a4a2289bf06de30e658d4	2019-12-03 13:08:48 +0300	2019-12-03 13:08:35 +0300	2019-11-29 13:59:00 +0300	104a7a63b68249ccb946717fe28d31a9	63 3 220 AP ön GM						n	600/100	600/100	1970-01-01 02:00:00 +0200
C	ea5e221bc83d4638b41e2a699668ac67	18cf03bca92640b4beaf226b84fe7475	2019-12-03 13:08:48 +0300	2019-12-03 13:08:35 +0300	2019-11-29 13:59:00 +0300	3a63f12134c244fa86b69fbbccbba3e0	Açık-TRY						n	-600/100	-600/100	1970-01-01 02:00:00 +0200
===== END
===== START
B	89a039b473974738836b81f9aeb6562d	dab7935320ac4ffaa729093c35c2318d	2019-12-03 13:08:53 +0300	2019-12-03 13:08:45 +0300	2019-12-03 13:59:00 +0300	104a7a63b68249ccb946717fe28d31a9	63 3 220 AP ön GM						n	60/100	60/100	1970-01-01 02:00:00 +0200
B	89a039b473974738836b81f9aeb6562d	c038f6e36ab644d4856c20dd59428223	2019-12-03 13:08:53 +0300	2019-12-03 13:08:45 +0300	2019-12-03 13:59:00 +0300	3a63f12134c244fa86b69fbbccbba3e0	Açık-TRY						n	-60/100	-60/100	1970-01-01 02:00:00 +0200
===== END
===== START
C	89a039b473974738836b81f9aeb6562d	dab7935320ac4ffaa729093c35c2318d	2019-12-03 13:08:53 +0300	2019-12-03 13:08:45 +0300	2019-11-29 13:59:00 +0300	104a7a63b68249ccb946717fe28d31a9	63 3 220 AP ön GM						n	60/100	60/100	1970-01-01 02:00:00 +0200
C	89a039b473974738836b81f9aeb6562d	c038f6e36ab644d4856c20dd59428223	2019-12-03 13:08:53 +0300	2019-12-03 13:08:45 +0300	2019-11-29 13:59:00 +0300	3a63f12134c244fa86b69fbbccbba3e0	Açık-TRY						n	-60/100	-60/100	1970-01-01 02:00:00 +0200
===== END
===== START
B	ea5e221bc83d4638b41e2a699668ac67	deff0826752a4a2289bf06de30e658d4	2019-12-03 13:09:06 +0300	2019-12-03 13:08:35 +0300	2019-11-29 13:59:00 +0300	104a7a63b68249ccb946717fe28d31a9	63 3 220 AP ön GM						n	600/100	600/100	1970-01-01 02:00:00 +0200
B	ea5e221bc83d4638b41e2a699668ac67	18cf03bca92640b4beaf226b84fe7475	2019-12-03 13:09:06 +0300	2019-12-03 13:08:35 +0300	2019-11-29 13:59:00 +0300	3a63f12134c244fa86b69fbbccbba3e0	Açık-TRY						n	-600/100	-600/100	1970-01-01 02:00:00 +0200
===== END
===== START
C	ea5e221bc83d4638b41e2a699668ac67	deff0826752a4a2289bf06de30e658d4	2019-12-03 13:09:06 +0300	2019-12-03 13:08:35 +0300	2019-11-29 13:59:00 +0300	104a7a63b68249ccb946717fe28d31a9	63 3 220 AP ön GM		Arsa 2019-1				n	600/100	600/100	1970-01-01 02:00:00 +0200
C	ea5e221bc83d4638b41e2a699668ac67	18cf03bca92640b4beaf226b84fe7475	2019-12-03 13:09:06 +0300	2019-12-03 13:08:35 +0300	2019-11-29 13:59:00 +0300	3a63f12134c244fa86b69fbbccbba3e0	Açık-TRY		Arsa 2019-1				n	-600/100	-600/100	1970-01-01 02:00:00 +0200
===== END
===== START
B	ea5e221bc83d4638b41e2a699668ac67	deff0826752a4a2289bf06de30e658d4	2019-12-03 13:09:17 +0300	2019-12-03 13:08:35 +0300	2019-11-29 13:59:00 +0300	104a7a63b68249ccb946717fe28d31a9	63 3 220 AP ön GM		Arsa 2019-1				n	600/100	600/100	1970-01-01 02:00:00 +0200
B	ea5e221bc83d4638b41e2a699668ac67	18cf03bca92640b4beaf226b84fe7475	2019-12-03 13:09:17 +0300	2019-12-03 13:08:35 +0300	2019-11-29 13:59:00 +0300	3a63f12134c244fa86b69fbbccbba3e0	Açık-TRY		Arsa 2019-1				n	-600/100	-600/100	1970-01-01 02:00:00 +0200
===== END
===== START
C	ea5e221bc83d4638b41e2a699668ac67	deff0826752a4a2289bf06de30e658d4	2019-12-03 13:09:17 +0300	2019-12-03 13:08:35 +0300	2019-11-29 13:59:00 +0300	104a7a63b68249ccb946717fe28d31a9	63 3 220 AP ön GM		Arsa 2019-1				n	660/100	660/100	1970-01-01 02:00:00 +0200
C	ea5e221bc83d4638b41e2a699668ac67	18cf03bca92640b4beaf226b84fe7475	2019-12-03 13:09:17 +0300	2019-12-03 13:08:35 +0300	2019-11-29 13:59:00 +0300	3a63f12134c244fa86b69fbbccbba3e0	Açık-TRY		Arsa 2019-1				n	-660/100	-660/100	1970-01-01 02:00:00 +0200
===== END
===== START
B	89a039b473974738836b81f9aeb6562d	dab7935320ac4ffaa729093c35c2318d	2019-12-03 13:09:20 +0300	2019-12-03 13:08:45 +0300	2019-11-29 13:59:00 +0300	104a7a63b68249ccb946717fe28d31a9	63 3 220 AP ön GM						n	60/100	60/100	1970-01-01 02:00:00 +0200
B	89a039b473974738836b81f9aeb6562d	c038f6e36ab644d4856c20dd59428223	2019-12-03 13:09:20 +0300	2019-12-03 13:08:45 +0300	2019-11-29 13:59:00 +0300	3a63f12134c244fa86b69fbbccbba3e0	Açık-TRY						n	-60/100	-60/100	1970-01-01 02:00:00 +0200
===== END
===== START
D	89a039b473974738836b81f9aeb6562d	dab7935320ac4ffaa729093c35c2318d	2019-12-03 13:09:20 +0300	2019-12-03 13:08:45 +0300	2019-11-29 13:59:00 +0300	104a7a63b68249ccb946717fe28d31a9	63 3 220 AP ön GM						n	60/100	60/100	1970-01-01 02:00:00 +0200
D	89a039b473974738836b81f9aeb6562d	c038f6e36ab644d4856c20dd59428223	2019-12-03 13:09:20 +0300	2019-12-03 13:08:45 +0300	2019-11-29 13:59:00 +0300	3a63f12134c244fa86b69fbbccbba3e0	Açık-TRY						n	-60/100	-60/100	1970-01-01 02:00:00 +0200
===== END
===== START
B	ea5e221bc83d4638b41e2a699668ac67	deff0826752a4a2289bf06de30e658d4	2019-12-03 13:09:27 +0300	2019-12-03 13:08:35 +0300	2019-11-29 13:59:00 +0300	104a7a63b68249ccb946717fe28d31a9	63 3 220 AP ön GM		Arsa 2019-1				n	660/100	660/100	1970-01-01 02:00:00 +0200
B	ea5e221bc83d4638b41e2a699668ac67	18cf03bca92640b4beaf226b84fe7475	2019-12-03 13:09:27 +0300	2019-12-03 13:08:35 +0300	2019-11-29 13:59:00 +0300	3a63f12134c244fa86b69fbbccbba3e0	Açık-TRY		Arsa 2019-1				n	-660/100	-660/100	1970-01-01 02:00:00 +0200
===== END
===== START
C	ea5e221bc83d4638b41e2a699668ac67	deff0826752a4a2289bf06de30e658d4	2019-12-03 13:09:27 +0300	2019-12-03 13:08:35 +0300	2019-11-29 13:59:00 +0300	104a7a63b68249ccb946717fe28d31a9	63 3 220 AP ön GM		Arsa 2019-1				n	660/100	660/100	1970-01-01 02:00:00 +0200
C	ea5e221bc83d4638b41e2a699668ac67	18cf03bca92640b4beaf226b84fe7475	2019-12-03 13:09:27 +0300	2019-12-03 13:08:35 +0300	2019-11-29 13:59:00 +0300	deabaef30fc841ac9337e26a874ae856	100 KASA		Arsa 2019-1				n	-660/100	-660/100	1970-01-01 02:00:00 +0200
===== END
