mod	trans_guid	split_guid	time_now	date_entered	date_posted	acc_guid	acc_name	num	description	notes	memo	action	reconciled	amount	value	date_reconciled
-----------------
===== START
B	55945acd68e14cceb54b0d83775db805	01280e963fd34a1eaa5d709abb638273	2019-12-05 08:47:50 +0300	2019-11-19 09:12:30 +0300	2019-11-19 13:59:00 +0300	e056db857c6149d6a9b263777e02e621	68d58bff0d8c41e7b77ad6e0a24e2b72		2019-Nisan-Aralık Kira Bedeli 				n	0/1	0/100	1970-01-01 02:00:00 +0200
B	55945acd68e14cceb54b0d83775db805	e094a65da427421e8fe7b90ae5d719f6	2019-12-05 08:47:50 +0300	2019-11-19 09:12:30 +0300	2019-11-19 13:59:00 +0300	e056db857c6149d6a9b263777e02e621	68d58bff0d8c41e7b77ad6e0a24e2b72		2019-Nisan-Aralık Kira Bedeli 				n	0/1	0/100	1970-01-01 02:00:00 +0200
===== END
===== START
R	55945acd68e14cceb54b0d83775db805	01280e963fd34a1eaa5d709abb638273	2019-12-05 08:47:50 +0300	2019-11-19 09:12:30 +0300	2019-11-19 13:59:00 +0300	e056db857c6149d6a9b263777e02e621	68d58bff0d8c41e7b77ad6e0a24e2b72		2019-Nisan-Aralık Kira Bedeli 				n	0/1	0/100	1970-01-01 02:00:00 +0200
R	55945acd68e14cceb54b0d83775db805	e094a65da427421e8fe7b90ae5d719f6	2019-12-05 08:47:50 +0300	2019-11-19 09:12:30 +0300	2019-11-19 13:59:00 +0300	e056db857c6149d6a9b263777e02e621	68d58bff0d8c41e7b77ad6e0a24e2b72		2019-Nisan-Aralık Kira Bedeli 				n	0/1	0/100	1970-01-01 02:00:00 +0200
===== END
===== START
B	55945acd68e14cceb54b0d83775db805	01280e963fd34a1eaa5d709abb638273	2019-12-05 08:47:50 +0300	2019-11-19 09:12:30 +0300	2019-11-19 13:59:00 +0300	e056db857c6149d6a9b263777e02e621	68d58bff0d8c41e7b77ad6e0a24e2b72		2019-Nisan-Aralık Kira Bedeli 				n	0/1	0/100	1970-01-01 02:00:00 +0200
B	55945acd68e14cceb54b0d83775db805	e094a65da427421e8fe7b90ae5d719f6	2019-12-05 08:47:50 +0300	2019-11-19 09:12:30 +0300	2019-11-19 13:59:00 +0300	e056db857c6149d6a9b263777e02e621	68d58bff0d8c41e7b77ad6e0a24e2b72		2019-Nisan-Aralık Kira Bedeli 				n	0/1	0/100	1970-01-01 02:00:00 +0200
===== END
===== START
R	55945acd68e14cceb54b0d83775db805	01280e963fd34a1eaa5d709abb638273	2019-12-05 08:47:50 +0300	2019-11-19 09:12:30 +0300	2019-11-19 13:59:00 +0300	e056db857c6149d6a9b263777e02e621	68d58bff0d8c41e7b77ad6e0a24e2b72		2019-Nisan-Aralık Kira Bedeli 				n	0/1	0/100	1970-01-01 02:00:00 +0200
R	55945acd68e14cceb54b0d83775db805	e094a65da427421e8fe7b90ae5d719f6	2019-12-05 08:47:50 +0300	2019-11-19 09:12:30 +0300	2019-11-19 13:59:00 +0300	e056db857c6149d6a9b263777e02e621	68d58bff0d8c41e7b77ad6e0a24e2b72		2019-Nisan-Aralık Kira Bedeli 				n	0/1	0/100	1970-01-01 02:00:00 +0200
===== END
===== START
B	4fe50a24b7284a64b92acadaf208bfcc	2a8531ce7e564594831c98b3cec9a7ab	2019-12-05 08:47:50 +0300	2019-11-19 09:14:11 +0300	2019-11-19 13:59:00 +0300	69e29c3a6b84421a9c6e3c86c7ed0308	cc9260dc9cbc4d6797abdd1ea901b208						n	0/1	0/100	1970-01-01 02:00:00 +0200
B	4fe50a24b7284a64b92acadaf208bfcc	f4b160096e6e43a7be80bee2aab22437	2019-12-05 08:47:50 +0300	2019-11-19 09:14:11 +0300	2019-11-19 13:59:00 +0300	69e29c3a6b84421a9c6e3c86c7ed0308	cc9260dc9cbc4d6797abdd1ea901b208						n	0/1	0/100	1970-01-01 02:00:00 +0200
===== END
===== START
R	4fe50a24b7284a64b92acadaf208bfcc	2a8531ce7e564594831c98b3cec9a7ab	2019-12-05 08:47:50 +0300	2019-11-19 09:14:11 +0300	2019-11-19 13:59:00 +0300	69e29c3a6b84421a9c6e3c86c7ed0308	cc9260dc9cbc4d6797abdd1ea901b208						n	0/1	0/100	1970-01-01 02:00:00 +0200
R	4fe50a24b7284a64b92acadaf208bfcc	f4b160096e6e43a7be80bee2aab22437	2019-12-05 08:47:50 +0300	2019-11-19 09:14:11 +0300	2019-11-19 13:59:00 +0300	69e29c3a6b84421a9c6e3c86c7ed0308	cc9260dc9cbc4d6797abdd1ea901b208						n	0/1	0/100	1970-01-01 02:00:00 +0200
===== END
===== START
B	4fe50a24b7284a64b92acadaf208bfcc	2a8531ce7e564594831c98b3cec9a7ab	2019-12-05 08:47:50 +0300	2019-11-19 09:14:11 +0300	2019-11-19 13:59:00 +0300	69e29c3a6b84421a9c6e3c86c7ed0308	cc9260dc9cbc4d6797abdd1ea901b208						n	0/1	0/100	1970-01-01 02:00:00 +0200
B	4fe50a24b7284a64b92acadaf208bfcc	f4b160096e6e43a7be80bee2aab22437	2019-12-05 08:47:50 +0300	2019-11-19 09:14:11 +0300	2019-11-19 13:59:00 +0300	69e29c3a6b84421a9c6e3c86c7ed0308	cc9260dc9cbc4d6797abdd1ea901b208						n	0/1	0/100	1970-01-01 02:00:00 +0200
===== END
===== START
R	4fe50a24b7284a64b92acadaf208bfcc	2a8531ce7e564594831c98b3cec9a7ab	2019-12-05 08:47:50 +0300	2019-11-19 09:14:11 +0300	2019-11-19 13:59:00 +0300	69e29c3a6b84421a9c6e3c86c7ed0308	cc9260dc9cbc4d6797abdd1ea901b208						n	0/1	0/100	1970-01-01 02:00:00 +0200
R	4fe50a24b7284a64b92acadaf208bfcc	f4b160096e6e43a7be80bee2aab22437	2019-12-05 08:47:50 +0300	2019-11-19 09:14:11 +0300	2019-11-19 13:59:00 +0300	69e29c3a6b84421a9c6e3c86c7ed0308	cc9260dc9cbc4d6797abdd1ea901b208						n	0/1	0/100	1970-01-01 02:00:00 +0200
===== END
===== START
B	b5f129cc8d9146a0805b288f0037ff40	da2ca65a4449480381cdbd41525e85ad	2019-12-05 08:47:50 +0300	2019-11-19 09:16:07 +0300	2019-11-19 13:59:00 +0300	e981558e538048088db4bd8f7ca9ca78	f579dd0808cb4c4280a5790581a511c8						n	0/1	0/100	1970-01-01 02:00:00 +0200
B	b5f129cc8d9146a0805b288f0037ff40	7aedbf9e9be143b1b61c5bf5afde584a	2019-12-05 08:47:50 +0300	2019-11-19 09:16:07 +0300	2019-11-19 13:59:00 +0300	e981558e538048088db4bd8f7ca9ca78	f579dd0808cb4c4280a5790581a511c8						n	0/1	0/100	1970-01-01 02:00:00 +0200
===== END
===== START
R	b5f129cc8d9146a0805b288f0037ff40	da2ca65a4449480381cdbd41525e85ad	2019-12-05 08:47:50 +0300	2019-11-19 09:16:07 +0300	2019-11-19 13:59:00 +0300	e981558e538048088db4bd8f7ca9ca78	f579dd0808cb4c4280a5790581a511c8						n	0/1	0/100	1970-01-01 02:00:00 +0200
R	b5f129cc8d9146a0805b288f0037ff40	7aedbf9e9be143b1b61c5bf5afde584a	2019-12-05 08:47:50 +0300	2019-11-19 09:16:07 +0300	2019-11-19 13:59:00 +0300	e981558e538048088db4bd8f7ca9ca78	f579dd0808cb4c4280a5790581a511c8						n	0/1	0/100	1970-01-01 02:00:00 +0200
===== END
===== START
B	b5f129cc8d9146a0805b288f0037ff40	da2ca65a4449480381cdbd41525e85ad	2019-12-05 08:47:50 +0300	2019-11-19 09:16:07 +0300	2019-11-19 13:59:00 +0300	e981558e538048088db4bd8f7ca9ca78	f579dd0808cb4c4280a5790581a511c8						n	0/1	0/100	1970-01-01 02:00:00 +0200
B	b5f129cc8d9146a0805b288f0037ff40	7aedbf9e9be143b1b61c5bf5afde584a	2019-12-05 08:47:50 +0300	2019-11-19 09:16:07 +0300	2019-11-19 13:59:00 +0300	e981558e538048088db4bd8f7ca9ca78	f579dd0808cb4c4280a5790581a511c8						n	0/1	0/100	1970-01-01 02:00:00 +0200
===== END
===== START
R	b5f129cc8d9146a0805b288f0037ff40	da2ca65a4449480381cdbd41525e85ad	2019-12-05 08:47:50 +0300	2019-11-19 09:16:07 +0300	2019-11-19 13:59:00 +0300	e981558e538048088db4bd8f7ca9ca78	f579dd0808cb4c4280a5790581a511c8						n	0/1	0/100	1970-01-01 02:00:00 +0200
R	b5f129cc8d9146a0805b288f0037ff40	7aedbf9e9be143b1b61c5bf5afde584a	2019-12-05 08:47:50 +0300	2019-11-19 09:16:07 +0300	2019-11-19 13:59:00 +0300	e981558e538048088db4bd8f7ca9ca78	f579dd0808cb4c4280a5790581a511c8						n	0/1	0/100	1970-01-01 02:00:00 +0200
===== END
===== START
===== END
===== START
===== END
===== START
===== END
===== START
===== END
===== START
===== END
===== START
C	f1ebdb1bd0e042f1becd54cf0cc48612	1e2510f5727a40d0898fd94e54497d4a	2019-12-05 08:52:33 +0300	2019-12-05 08:52:33 +0300	2018-12-31 13:59:00 +0300	35170cd348b54e1da03eefcad189eb12	64 1 222 Milangaz						n	0/100	0/100	1970-01-01 02:00:00 +0200
===== END
===== START
===== END
===== START
B	f1ebdb1bd0e042f1becd54cf0cc48612	1e2510f5727a40d0898fd94e54497d4a	2019-12-05 08:53:57 +0300	2019-12-05 08:52:33 +0300	2018-12-31 13:59:00 +0300	35170cd348b54e1da03eefcad189eb12	64 1 222 Milangaz						n	0/100	0/100	1970-01-01 02:00:00 +0200
===== END
===== START
C	f1ebdb1bd0e042f1becd54cf0cc48612	1e2510f5727a40d0898fd94e54497d4a	2019-12-05 08:53:57 +0300	2019-12-05 08:52:33 +0300	2018-12-31 13:59:00 +0300	35170cd348b54e1da03eefcad189eb12	64 1 222 Milangaz		2011-18 AP Milangaz Kira Bedeli 				n	0/100	0/100	1970-01-01 02:00:00 +0200
C	f1ebdb1bd0e042f1becd54cf0cc48612	42a0324edb88424b9e96075f4684d49a	2019-12-05 08:53:57 +0300	2019-12-05 08:52:33 +0300	2018-12-31 13:59:00 +0300	39e2cd7ef3804fa2b4d086b129cfd660	127 222 Özge Kahraman		2011-18 AP Milangaz Kira Bedeli 				n	0/100	0/100	1970-01-01 02:00:00 +0200
===== END
===== START
B	14617ee5ba724985b4780c4834560fb7	4ee082dfecd14ad589a8426864ff2eaf	2019-12-05 08:54:07 +0300	2019-11-19 17:48:14 +0300	2019-11-19 13:59:00 +0300	39e2cd7ef3804fa2b4d086b129cfd660	127 222 Özge Kahraman		2019-20 Milangaz Kira Bedeli				n	851000/100	851000/100	1970-01-01 02:00:00 +0200
B	14617ee5ba724985b4780c4834560fb7	7a3af1f3914d464c9b8ebb9341374868	2019-12-05 08:54:07 +0300	2019-11-19 17:48:14 +0300	2019-11-19 13:59:00 +0300	35170cd348b54e1da03eefcad189eb12	64 1 222 Milangaz		2019-20 Milangaz Kira Bedeli				n	-851000/100	-851000/100	1970-01-01 02:00:00 +0200
===== END
===== START
C	14617ee5ba724985b4780c4834560fb7	4ee082dfecd14ad589a8426864ff2eaf	2019-12-05 08:54:07 +0300	2019-11-19 17:48:14 +0300	2019-11-19 13:59:00 +0300	39e2cd7ef3804fa2b4d086b129cfd660	127 222 Özge Kahraman		2011-18 AP  Milangaz Kira Bedeli				n	851000/100	851000/100	1970-01-01 02:00:00 +0200
C	14617ee5ba724985b4780c4834560fb7	7a3af1f3914d464c9b8ebb9341374868	2019-12-05 08:54:07 +0300	2019-11-19 17:48:14 +0300	2019-11-19 13:59:00 +0300	35170cd348b54e1da03eefcad189eb12	64 1 222 Milangaz		2011-18 AP  Milangaz Kira Bedeli				n	-851000/100	-851000/100	1970-01-01 02:00:00 +0200
===== END
===== START
B	4404583dafc44f18ab9f274795faee52	1426fc7c3055488983e33b5f2ce4c790	2019-12-05 08:54:15 +0300	2019-12-02 09:30:51 +0300	2019-12-02 13:59:00 +0300	35170cd348b54e1da03eefcad189eb12	64 1 222 Milangaz		2019-20 Milangaz Kira Bedeli -> %54,2				n	461242/100	461242/100	1970-01-01 02:00:00 +0200
B	4404583dafc44f18ab9f274795faee52	11098d1d369940509eb68b9be2434246	2019-12-05 08:54:15 +0300	2019-12-02 09:30:51 +0300	2019-12-02 13:59:00 +0300	8b4e8a0fec9d46faac18955bcf4ac888	320 Ortk 3 Atila Balcı		2019-20 Milangaz Kira Bedeli -> %54,2				n	-461242/100	-461242/100	1970-01-01 02:00:00 +0200
===== END
===== START
C	4404583dafc44f18ab9f274795faee52	1426fc7c3055488983e33b5f2ce4c790	2019-12-05 08:54:15 +0300	2019-12-02 09:30:51 +0300	2019-12-02 13:59:00 +0300	35170cd348b54e1da03eefcad189eb12	64 1 222 Milangaz		2011-18 AP  Milangaz Kira Bedeli -> %54,2				n	461242/100	461242/100	1970-01-01 02:00:00 +0200
C	4404583dafc44f18ab9f274795faee52	11098d1d369940509eb68b9be2434246	2019-12-05 08:54:15 +0300	2019-12-02 09:30:51 +0300	2019-12-02 13:59:00 +0300	8b4e8a0fec9d46faac18955bcf4ac888	320 Ortk 3 Atila Balcı		2011-18 AP  Milangaz Kira Bedeli -> %54,2				n	-461242/100	-461242/100	1970-01-01 02:00:00 +0200
===== END
===== START
B	14617ee5ba724985b4780c4834560fb7	4ee082dfecd14ad589a8426864ff2eaf	2019-12-05 08:54:22 +0300	2019-11-19 17:48:14 +0300	2019-11-19 13:59:00 +0300	39e2cd7ef3804fa2b4d086b129cfd660	127 222 Özge Kahraman		2011-18 AP  Milangaz Kira Bedeli				n	851000/100	851000/100	1970-01-01 02:00:00 +0200
B	14617ee5ba724985b4780c4834560fb7	7a3af1f3914d464c9b8ebb9341374868	2019-12-05 08:54:22 +0300	2019-11-19 17:48:14 +0300	2019-11-19 13:59:00 +0300	35170cd348b54e1da03eefcad189eb12	64 1 222 Milangaz		2011-18 AP  Milangaz Kira Bedeli				n	-851000/100	-851000/100	1970-01-01 02:00:00 +0200
===== END
===== START
C	14617ee5ba724985b4780c4834560fb7	4ee082dfecd14ad589a8426864ff2eaf	2019-12-05 08:54:22 +0300	2019-11-19 17:48:14 +0300	2019-11-19 13:59:00 +0300	39e2cd7ef3804fa2b4d086b129cfd660	127 222 Özge Kahraman		2019 AP  Milangaz Kira Bedeli				n	851000/100	851000/100	1970-01-01 02:00:00 +0200
C	14617ee5ba724985b4780c4834560fb7	7a3af1f3914d464c9b8ebb9341374868	2019-12-05 08:54:22 +0300	2019-11-19 17:48:14 +0300	2019-11-19 13:59:00 +0300	35170cd348b54e1da03eefcad189eb12	64 1 222 Milangaz		2019 AP  Milangaz Kira Bedeli				n	-851000/100	-851000/100	1970-01-01 02:00:00 +0200
===== END
===== START
B	4404583dafc44f18ab9f274795faee52	1426fc7c3055488983e33b5f2ce4c790	2019-12-05 08:54:31 +0300	2019-12-02 09:30:51 +0300	2019-12-02 13:59:00 +0300	35170cd348b54e1da03eefcad189eb12	64 1 222 Milangaz		2011-18 AP  Milangaz Kira Bedeli -> %54,2				n	461242/100	461242/100	1970-01-01 02:00:00 +0200
B	4404583dafc44f18ab9f274795faee52	11098d1d369940509eb68b9be2434246	2019-12-05 08:54:31 +0300	2019-12-02 09:30:51 +0300	2019-12-02 13:59:00 +0300	8b4e8a0fec9d46faac18955bcf4ac888	320 Ortk 3 Atila Balcı		2011-18 AP  Milangaz Kira Bedeli -> %54,2				n	-461242/100	-461242/100	1970-01-01 02:00:00 +0200
===== END
===== START
C	4404583dafc44f18ab9f274795faee52	1426fc7c3055488983e33b5f2ce4c790	2019-12-05 08:54:31 +0300	2019-12-02 09:30:51 +0300	2019-12-02 13:59:00 +0300	35170cd348b54e1da03eefcad189eb12	64 1 222 Milangaz		2019-20 AP  Milangaz Kira Bedeli -> %54,2				n	461242/100	461242/100	1970-01-01 02:00:00 +0200
C	4404583dafc44f18ab9f274795faee52	11098d1d369940509eb68b9be2434246	2019-12-05 08:54:31 +0300	2019-12-02 09:30:51 +0300	2019-12-02 13:59:00 +0300	8b4e8a0fec9d46faac18955bcf4ac888	320 Ortk 3 Atila Balcı		2019-20 AP  Milangaz Kira Bedeli -> %54,2				n	-461242/100	-461242/100	1970-01-01 02:00:00 +0200
===== END
===== START
B	14617ee5ba724985b4780c4834560fb7	4ee082dfecd14ad589a8426864ff2eaf	2019-12-05 08:54:37 +0300	2019-11-19 17:48:14 +0300	2019-11-19 13:59:00 +0300	39e2cd7ef3804fa2b4d086b129cfd660	127 222 Özge Kahraman		2019 AP  Milangaz Kira Bedeli				n	851000/100	851000/100	1970-01-01 02:00:00 +0200
B	14617ee5ba724985b4780c4834560fb7	7a3af1f3914d464c9b8ebb9341374868	2019-12-05 08:54:37 +0300	2019-11-19 17:48:14 +0300	2019-11-19 13:59:00 +0300	35170cd348b54e1da03eefcad189eb12	64 1 222 Milangaz		2019 AP  Milangaz Kira Bedeli				n	-851000/100	-851000/100	1970-01-01 02:00:00 +0200
===== END
===== START
C	14617ee5ba724985b4780c4834560fb7	4ee082dfecd14ad589a8426864ff2eaf	2019-12-05 08:54:37 +0300	2019-11-19 17:48:14 +0300	2019-11-19 13:59:00 +0300	39e2cd7ef3804fa2b4d086b129cfd660	127 222 Özge Kahraman		2019-20 AP  Milangaz Kira Bedeli				n	851000/100	851000/100	1970-01-01 02:00:00 +0200
C	14617ee5ba724985b4780c4834560fb7	7a3af1f3914d464c9b8ebb9341374868	2019-12-05 08:54:37 +0300	2019-11-19 17:48:14 +0300	2019-11-19 13:59:00 +0300	35170cd348b54e1da03eefcad189eb12	64 1 222 Milangaz		2019-20 AP  Milangaz Kira Bedeli				n	-851000/100	-851000/100	1970-01-01 02:00:00 +0200
===== END
===== START
B	68d1eaa64d4547b0b1cb404dc65527cf	36b02e20c03445f29572f9a73a437d13	2019-12-05 08:54:42 +0300	2019-12-02 09:31:00 +0300	2019-12-02 13:59:00 +0300	35170cd348b54e1da03eefcad189eb12	64 1 222 Milangaz		2019-20 Milangaz Kira Bedeli -> %33,3				n	283383/100	283383/100	1970-01-01 02:00:00 +0200
B	68d1eaa64d4547b0b1cb404dc65527cf	ead0cb05cfac4f549e5d30494dbda4ea	2019-12-05 08:54:42 +0300	2019-12-02 09:31:00 +0300	2019-12-02 13:59:00 +0300	19d2a9a581d547b0b202c28f97c62188	320 Ortk 4 Nazan Balcı		2019-20 Milangaz Kira Bedeli -> %33,3				n	-283383/100	-283383/100	1970-01-01 02:00:00 +0200
===== END
===== START
C	68d1eaa64d4547b0b1cb404dc65527cf	36b02e20c03445f29572f9a73a437d13	2019-12-05 08:54:42 +0300	2019-12-02 09:31:00 +0300	2019-12-02 13:59:00 +0300	35170cd348b54e1da03eefcad189eb12	64 1 222 Milangaz		2019-20 AP Milangaz Kira Bedeli -> %33,3				n	283383/100	283383/100	1970-01-01 02:00:00 +0200
C	68d1eaa64d4547b0b1cb404dc65527cf	ead0cb05cfac4f549e5d30494dbda4ea	2019-12-05 08:54:42 +0300	2019-12-02 09:31:00 +0300	2019-12-02 13:59:00 +0300	19d2a9a581d547b0b202c28f97c62188	320 Ortk 4 Nazan Balcı		2019-20 AP Milangaz Kira Bedeli -> %33,3				n	-283383/100	-283383/100	1970-01-01 02:00:00 +0200
===== END
===== START
C	15b550bc913d4389af322da1d8b57ab2	73efd80cddeb44b09e58aa578afa9182	2019-12-05 08:54:55 +0300	2019-12-05 08:54:55 +0300	2018-12-31 13:59:00 +0300	35170cd348b54e1da03eefcad189eb12	64 1 222 Milangaz		2011-18 AP Milangaz Kira Bedeli 				n	0/100	0/100	1970-01-01 02:00:00 +0200
===== END
===== START
===== END
===== START
C	c6045383ebc74cd0bbd07934afc02fae	024549a50d934c8b95ea845b44ce151e	2019-12-05 08:55:00 +0300	2019-12-05 08:55:00 +0300	2018-12-31 13:59:00 +0300	35170cd348b54e1da03eefcad189eb12	64 1 222 Milangaz		2011-18 AP Milangaz Kira Bedeli 				n	0/100	0/100	1970-01-01 02:00:00 +0200
===== END
===== START
===== END
===== START
B	c6045383ebc74cd0bbd07934afc02fae	024549a50d934c8b95ea845b44ce151e	2019-12-05 08:55:09 +0300	2019-12-05 08:55:00 +0300	2018-12-31 13:59:00 +0300	35170cd348b54e1da03eefcad189eb12	64 1 222 Milangaz		2011-18 AP Milangaz Kira Bedeli 				n	0/100	0/100	1970-01-01 02:00:00 +0200
===== END
===== START
C	c6045383ebc74cd0bbd07934afc02fae	024549a50d934c8b95ea845b44ce151e	2019-12-05 08:55:09 +0300	2019-12-05 08:55:00 +0300	2018-12-31 13:59:00 +0300	35170cd348b54e1da03eefcad189eb12	64 1 222 Milangaz		2011-18 AP Milangaz Kira Bedeli -> %33,3				n	0/100	0/100	1970-01-01 02:00:00 +0200
===== END
===== START
B	15b550bc913d4389af322da1d8b57ab2	73efd80cddeb44b09e58aa578afa9182	2019-12-05 08:55:22 +0300	2019-12-05 08:54:55 +0300	2018-12-31 13:59:00 +0300	35170cd348b54e1da03eefcad189eb12	64 1 222 Milangaz		2011-18 AP Milangaz Kira Bedeli 				n	0/100	0/100	1970-01-01 02:00:00 +0200
===== END
===== START
C	15b550bc913d4389af322da1d8b57ab2	73efd80cddeb44b09e58aa578afa9182	2019-12-05 08:55:22 +0300	2019-12-05 08:54:55 +0300	2018-12-31 13:59:00 +0300	35170cd348b54e1da03eefcad189eb12	64 1 222 Milangaz		2011-18 AP Milangaz Kira Bedeli -> %54,2				n	0/100	0/100	1970-01-01 02:00:00 +0200
C	15b550bc913d4389af322da1d8b57ab2	f231bc07cc194b9a82b00764a71f28c1	2019-12-05 08:55:22 +0300	2019-12-05 08:54:55 +0300	2018-12-31 13:59:00 +0300	8b4e8a0fec9d46faac18955bcf4ac888	320 Ortk 3 Atila Balcı		2011-18 AP Milangaz Kira Bedeli -> %54,2				n	0/100	0/100	1970-01-01 02:00:00 +0200
===== END
===== START
B	c6045383ebc74cd0bbd07934afc02fae	024549a50d934c8b95ea845b44ce151e	2019-12-05 08:55:26 +0300	2019-12-05 08:55:00 +0300	2018-12-31 13:59:00 +0300	35170cd348b54e1da03eefcad189eb12	64 1 222 Milangaz		2011-18 AP Milangaz Kira Bedeli -> %33,3				n	0/100	0/100	1970-01-01 02:00:00 +0200
===== END
===== START
C	c6045383ebc74cd0bbd07934afc02fae	024549a50d934c8b95ea845b44ce151e	2019-12-05 08:55:26 +0300	2019-12-05 08:55:00 +0300	2018-12-31 13:59:00 +0300	35170cd348b54e1da03eefcad189eb12	64 1 222 Milangaz		2011-18 AP Milangaz Kira Bedeli -> %33,3				n	0/100	0/100	1970-01-01 02:00:00 +0200
C	c6045383ebc74cd0bbd07934afc02fae	03917a6dd3c04ceb85bd4db816948ebe	2019-12-05 08:55:26 +0300	2019-12-05 08:55:00 +0300	2018-12-31 13:59:00 +0300	19d2a9a581d547b0b202c28f97c62188	320 Ortk 4 Nazan Balcı		2011-18 AP Milangaz Kira Bedeli -> %33,3				n	0/100	0/100	1970-01-01 02:00:00 +0200
===== END
===== START
B	f1ebdb1bd0e042f1becd54cf0cc48612	1e2510f5727a40d0898fd94e54497d4a	2019-12-05 08:56:04 +0300	2019-12-05 08:52:33 +0300	2018-12-31 13:59:00 +0300	35170cd348b54e1da03eefcad189eb12	64 1 222 Milangaz		2011-18 AP Milangaz Kira Bedeli 				n	0/100	0/100	1970-01-01 02:00:00 +0200
B	f1ebdb1bd0e042f1becd54cf0cc48612	42a0324edb88424b9e96075f4684d49a	2019-12-05 08:56:04 +0300	2019-12-05 08:52:33 +0300	2018-12-31 13:59:00 +0300	39e2cd7ef3804fa2b4d086b129cfd660	127 222 Özge Kahraman		2011-18 AP Milangaz Kira Bedeli 				n	0/100	0/100	1970-01-01 02:00:00 +0200
===== END
===== START
C	f1ebdb1bd0e042f1becd54cf0cc48612	1e2510f5727a40d0898fd94e54497d4a	2019-12-05 08:56:04 +0300	2019-12-05 08:52:33 +0300	2018-12-31 13:59:00 +0300	35170cd348b54e1da03eefcad189eb12	64 1 222 Milangaz		2011-18 AP Milangaz Kira Bedeli 				n	-2972000/100	-2972000/100	1970-01-01 02:00:00 +0200
C	f1ebdb1bd0e042f1becd54cf0cc48612	42a0324edb88424b9e96075f4684d49a	2019-12-05 08:56:04 +0300	2019-12-05 08:52:33 +0300	2018-12-31 13:59:00 +0300	39e2cd7ef3804fa2b4d086b129cfd660	127 222 Özge Kahraman		2011-18 AP Milangaz Kira Bedeli 				n	2972000/100	2972000/100	1970-01-01 02:00:00 +0200
===== END
===== START
B	15b550bc913d4389af322da1d8b57ab2	73efd80cddeb44b09e58aa578afa9182	2019-12-05 08:56:10 +0300	2019-12-05 08:54:55 +0300	2018-12-31 13:59:00 +0300	35170cd348b54e1da03eefcad189eb12	64 1 222 Milangaz		2011-18 AP Milangaz Kira Bedeli -> %54,2				n	0/100	0/100	1970-01-01 02:00:00 +0200
B	15b550bc913d4389af322da1d8b57ab2	f231bc07cc194b9a82b00764a71f28c1	2019-12-05 08:56:10 +0300	2019-12-05 08:54:55 +0300	2018-12-31 13:59:00 +0300	8b4e8a0fec9d46faac18955bcf4ac888	320 Ortk 3 Atila Balcı		2011-18 AP Milangaz Kira Bedeli -> %54,2				n	0/100	0/100	1970-01-01 02:00:00 +0200
===== END
===== START
C	15b550bc913d4389af322da1d8b57ab2	73efd80cddeb44b09e58aa578afa9182	2019-12-05 08:56:10 +0300	2019-12-05 08:54:55 +0300	2018-12-31 13:59:00 +0300	35170cd348b54e1da03eefcad189eb12	64 1 222 Milangaz		2011-18 AP Milangaz Kira Bedeli -> %54,2				n	2972000/100	2972000/100	1970-01-01 02:00:00 +0200
C	15b550bc913d4389af322da1d8b57ab2	f231bc07cc194b9a82b00764a71f28c1	2019-12-05 08:56:10 +0300	2019-12-05 08:54:55 +0300	2018-12-31 13:59:00 +0300	8b4e8a0fec9d46faac18955bcf4ac888	320 Ortk 3 Atila Balcı		2011-18 AP Milangaz Kira Bedeli -> %54,2				n	-2972000/100	-2972000/100	1970-01-01 02:00:00 +0200
===== END
===== START
B	c6045383ebc74cd0bbd07934afc02fae	024549a50d934c8b95ea845b44ce151e	2019-12-05 08:56:11 +0300	2019-12-05 08:55:00 +0300	2018-12-31 13:59:00 +0300	35170cd348b54e1da03eefcad189eb12	64 1 222 Milangaz		2011-18 AP Milangaz Kira Bedeli -> %33,3				n	0/100	0/100	1970-01-01 02:00:00 +0200
B	c6045383ebc74cd0bbd07934afc02fae	03917a6dd3c04ceb85bd4db816948ebe	2019-12-05 08:56:11 +0300	2019-12-05 08:55:00 +0300	2018-12-31 13:59:00 +0300	19d2a9a581d547b0b202c28f97c62188	320 Ortk 4 Nazan Balcı		2011-18 AP Milangaz Kira Bedeli -> %33,3				n	0/100	0/100	1970-01-01 02:00:00 +0200
===== END
===== START
C	c6045383ebc74cd0bbd07934afc02fae	024549a50d934c8b95ea845b44ce151e	2019-12-05 08:56:11 +0300	2019-12-05 08:55:00 +0300	2018-12-31 13:59:00 +0300	35170cd348b54e1da03eefcad189eb12	64 1 222 Milangaz		2011-18 AP Milangaz Kira Bedeli -> %33,3				n	2972000/100	2972000/100	1970-01-01 02:00:00 +0200
C	c6045383ebc74cd0bbd07934afc02fae	03917a6dd3c04ceb85bd4db816948ebe	2019-12-05 08:56:11 +0300	2019-12-05 08:55:00 +0300	2018-12-31 13:59:00 +0300	19d2a9a581d547b0b202c28f97c62188	320 Ortk 4 Nazan Balcı		2011-18 AP Milangaz Kira Bedeli -> %33,3				n	-2972000/100	-2972000/100	1970-01-01 02:00:00 +0200
===== END
===== START
B	15b550bc913d4389af322da1d8b57ab2	73efd80cddeb44b09e58aa578afa9182	2019-12-05 08:56:19 +0300	2019-12-05 08:54:55 +0300	2018-12-31 13:59:00 +0300	35170cd348b54e1da03eefcad189eb12	64 1 222 Milangaz		2011-18 AP Milangaz Kira Bedeli -> %54,2				n	2972000/100	2972000/100	1970-01-01 02:00:00 +0200
B	15b550bc913d4389af322da1d8b57ab2	f231bc07cc194b9a82b00764a71f28c1	2019-12-05 08:56:19 +0300	2019-12-05 08:54:55 +0300	2018-12-31 13:59:00 +0300	8b4e8a0fec9d46faac18955bcf4ac888	320 Ortk 3 Atila Balcı		2011-18 AP Milangaz Kira Bedeli -> %54,2				n	-2972000/100	-2972000/100	1970-01-01 02:00:00 +0200
===== END
===== START
C	15b550bc913d4389af322da1d8b57ab2	73efd80cddeb44b09e58aa578afa9182	2019-12-05 08:56:19 +0300	2019-12-05 08:54:55 +0300	2018-12-31 13:59:00 +0300	35170cd348b54e1da03eefcad189eb12	64 1 222 Milangaz		2011-18 AP Milangaz Kira Bedeli -> %54,2				n	1610824/100	1610824/100	1970-01-01 02:00:00 +0200
C	15b550bc913d4389af322da1d8b57ab2	f231bc07cc194b9a82b00764a71f28c1	2019-12-05 08:56:19 +0300	2019-12-05 08:54:55 +0300	2018-12-31 13:59:00 +0300	8b4e8a0fec9d46faac18955bcf4ac888	320 Ortk 3 Atila Balcı		2011-18 AP Milangaz Kira Bedeli -> %54,2				n	-1610824/100	-1610824/100	1970-01-01 02:00:00 +0200
===== END
===== START
B	c6045383ebc74cd0bbd07934afc02fae	024549a50d934c8b95ea845b44ce151e	2019-12-05 08:56:35 +0300	2019-12-05 08:55:00 +0300	2018-12-31 13:59:00 +0300	35170cd348b54e1da03eefcad189eb12	64 1 222 Milangaz		2011-18 AP Milangaz Kira Bedeli -> %33,3				n	2972000/100	2972000/100	1970-01-01 02:00:00 +0200
B	c6045383ebc74cd0bbd07934afc02fae	03917a6dd3c04ceb85bd4db816948ebe	2019-12-05 08:56:35 +0300	2019-12-05 08:55:00 +0300	2018-12-31 13:59:00 +0300	19d2a9a581d547b0b202c28f97c62188	320 Ortk 4 Nazan Balcı		2011-18 AP Milangaz Kira Bedeli -> %33,3				n	-2972000/100	-2972000/100	1970-01-01 02:00:00 +0200
===== END
===== START
C	c6045383ebc74cd0bbd07934afc02fae	024549a50d934c8b95ea845b44ce151e	2019-12-05 08:56:35 +0300	2019-12-05 08:55:00 +0300	2018-12-31 13:59:00 +0300	35170cd348b54e1da03eefcad189eb12	64 1 222 Milangaz		2011-18 AP Milangaz Kira Bedeli -> %33,3				n	989676/100	989676/100	1970-01-01 02:00:00 +0200
C	c6045383ebc74cd0bbd07934afc02fae	03917a6dd3c04ceb85bd4db816948ebe	2019-12-05 08:56:35 +0300	2019-12-05 08:55:00 +0300	2018-12-31 13:59:00 +0300	19d2a9a581d547b0b202c28f97c62188	320 Ortk 4 Nazan Balcı		2011-18 AP Milangaz Kira Bedeli -> %33,3				n	-989676/100	-989676/100	1970-01-01 02:00:00 +0200
===== END
===== START
B	f1ebdb1bd0e042f1becd54cf0cc48612	42a0324edb88424b9e96075f4684d49a	2019-12-05 08:59:32 +0300	2019-12-05 08:52:33 +0300	2018-12-31 13:59:00 +0300	39e2cd7ef3804fa2b4d086b129cfd660	127 222 Özge Kahraman		2011-18 AP Milangaz Kira Bedeli 				n	2972000/100	2972000/100	1970-01-01 02:00:00 +0200
B	f1ebdb1bd0e042f1becd54cf0cc48612	1e2510f5727a40d0898fd94e54497d4a	2019-12-05 08:59:32 +0300	2019-12-05 08:52:33 +0300	2018-12-31 13:59:00 +0300	35170cd348b54e1da03eefcad189eb12	64 1 222 Milangaz		2011-18 AP Milangaz Kira Bedeli 				n	-2972000/100	-2972000/100	1970-01-01 02:00:00 +0200
===== END
===== START
C	f1ebdb1bd0e042f1becd54cf0cc48612	42a0324edb88424b9e96075f4684d49a	2019-12-05 08:59:32 +0300	2019-12-05 08:52:33 +0300	2018-12-31 13:59:00 +0300	39e2cd7ef3804fa2b4d086b129cfd660	127 222 Özge Kahraman		2011-18 AP Milangaz Kira Bedeli 				n	2120000/100	2120000/100	1970-01-01 02:00:00 +0200
C	f1ebdb1bd0e042f1becd54cf0cc48612	1e2510f5727a40d0898fd94e54497d4a	2019-12-05 08:59:32 +0300	2019-12-05 08:52:33 +0300	2018-12-31 13:59:00 +0300	35170cd348b54e1da03eefcad189eb12	64 1 222 Milangaz		2011-18 AP Milangaz Kira Bedeli 				n	-2120000/100	-2120000/100	1970-01-01 02:00:00 +0200
===== END
===== START
B	15b550bc913d4389af322da1d8b57ab2	73efd80cddeb44b09e58aa578afa9182	2019-12-05 08:59:50 +0300	2019-12-05 08:54:55 +0300	2018-12-31 13:59:00 +0300	35170cd348b54e1da03eefcad189eb12	64 1 222 Milangaz		2011-18 AP Milangaz Kira Bedeli -> %54,2				n	1610824/100	1610824/100	1970-01-01 02:00:00 +0200
B	15b550bc913d4389af322da1d8b57ab2	f231bc07cc194b9a82b00764a71f28c1	2019-12-05 08:59:50 +0300	2019-12-05 08:54:55 +0300	2018-12-31 13:59:00 +0300	8b4e8a0fec9d46faac18955bcf4ac888	320 Ortk 3 Atila Balcı		2011-18 AP Milangaz Kira Bedeli -> %54,2				n	-1610824/100	-1610824/100	1970-01-01 02:00:00 +0200
===== END
===== START
C	15b550bc913d4389af322da1d8b57ab2	73efd80cddeb44b09e58aa578afa9182	2019-12-05 08:59:50 +0300	2019-12-05 08:54:55 +0300	2018-12-31 13:59:00 +0300	35170cd348b54e1da03eefcad189eb12	64 1 222 Milangaz		2011-18 AP Milangaz Kira Bedeli -> %54,2				n	1149040/100	1149040/100	1970-01-01 02:00:00 +0200
C	15b550bc913d4389af322da1d8b57ab2	f231bc07cc194b9a82b00764a71f28c1	2019-12-05 08:59:50 +0300	2019-12-05 08:54:55 +0300	2018-12-31 13:59:00 +0300	8b4e8a0fec9d46faac18955bcf4ac888	320 Ortk 3 Atila Balcı		2011-18 AP Milangaz Kira Bedeli -> %54,2				n	-1149040/100	-1149040/100	1970-01-01 02:00:00 +0200
===== END
===== START
B	c6045383ebc74cd0bbd07934afc02fae	024549a50d934c8b95ea845b44ce151e	2019-12-05 08:59:57 +0300	2019-12-05 08:55:00 +0300	2018-12-31 13:59:00 +0300	35170cd348b54e1da03eefcad189eb12	64 1 222 Milangaz		2011-18 AP Milangaz Kira Bedeli -> %33,3				n	989676/100	989676/100	1970-01-01 02:00:00 +0200
B	c6045383ebc74cd0bbd07934afc02fae	03917a6dd3c04ceb85bd4db816948ebe	2019-12-05 08:59:57 +0300	2019-12-05 08:55:00 +0300	2018-12-31 13:59:00 +0300	19d2a9a581d547b0b202c28f97c62188	320 Ortk 4 Nazan Balcı		2011-18 AP Milangaz Kira Bedeli -> %33,3				n	-989676/100	-989676/100	1970-01-01 02:00:00 +0200
===== END
===== START
C	c6045383ebc74cd0bbd07934afc02fae	024549a50d934c8b95ea845b44ce151e	2019-12-05 08:59:57 +0300	2019-12-05 08:55:00 +0300	2018-12-31 13:59:00 +0300	35170cd348b54e1da03eefcad189eb12	64 1 222 Milangaz		2011-18 AP Milangaz Kira Bedeli -> %33,3				n	705960/100	705960/100	1970-01-01 02:00:00 +0200
C	c6045383ebc74cd0bbd07934afc02fae	03917a6dd3c04ceb85bd4db816948ebe	2019-12-05 08:59:57 +0300	2019-12-05 08:55:00 +0300	2018-12-31 13:59:00 +0300	19d2a9a581d547b0b202c28f97c62188	320 Ortk 4 Nazan Balcı		2011-18 AP Milangaz Kira Bedeli -> %33,3				n	-705960/100	-705960/100	1970-01-01 02:00:00 +0200
===== END
