mod	trans_guid	split_guid	time_now	date_entered	date_posted	acc_guid	acc_name	num	description	notes	memo	action	reconciled	amount	value	date_reconciled
-----------------
===== START
B	55945acd68e14cceb54b0d83775db805	01280e963fd34a1eaa5d709abb638273	2019-12-03 09:03:12 +0300	2019-11-19 09:12:30 +0300	2019-11-19 13:59:00 +0300	e056db857c6149d6a9b263777e02e621	68d58bff0d8c41e7b77ad6e0a24e2b72		2019-Nisan-Aralık Kira Bedeli 				n	0/1	0/100	1970-01-01 02:00:00 +0200
B	55945acd68e14cceb54b0d83775db805	e094a65da427421e8fe7b90ae5d719f6	2019-12-03 09:03:12 +0300	2019-11-19 09:12:30 +0300	2019-11-19 13:59:00 +0300	e056db857c6149d6a9b263777e02e621	68d58bff0d8c41e7b77ad6e0a24e2b72		2019-Nisan-Aralık Kira Bedeli 				n	0/1	0/100	1970-01-01 02:00:00 +0200
===== END
===== START
R	55945acd68e14cceb54b0d83775db805	01280e963fd34a1eaa5d709abb638273	2019-12-03 09:03:12 +0300	2019-11-19 09:12:30 +0300	2019-11-19 13:59:00 +0300	e056db857c6149d6a9b263777e02e621	68d58bff0d8c41e7b77ad6e0a24e2b72		2019-Nisan-Aralık Kira Bedeli 				n	0/1	0/100	1970-01-01 02:00:00 +0200
R	55945acd68e14cceb54b0d83775db805	e094a65da427421e8fe7b90ae5d719f6	2019-12-03 09:03:12 +0300	2019-11-19 09:12:30 +0300	2019-11-19 13:59:00 +0300	e056db857c6149d6a9b263777e02e621	68d58bff0d8c41e7b77ad6e0a24e2b72		2019-Nisan-Aralık Kira Bedeli 				n	0/1	0/100	1970-01-01 02:00:00 +0200
===== END
===== START
B	55945acd68e14cceb54b0d83775db805	01280e963fd34a1eaa5d709abb638273	2019-12-03 09:03:12 +0300	2019-11-19 09:12:30 +0300	2019-11-19 13:59:00 +0300	e056db857c6149d6a9b263777e02e621	68d58bff0d8c41e7b77ad6e0a24e2b72		2019-Nisan-Aralık Kira Bedeli 				n	0/1	0/100	1970-01-01 02:00:00 +0200
B	55945acd68e14cceb54b0d83775db805	e094a65da427421e8fe7b90ae5d719f6	2019-12-03 09:03:12 +0300	2019-11-19 09:12:30 +0300	2019-11-19 13:59:00 +0300	e056db857c6149d6a9b263777e02e621	68d58bff0d8c41e7b77ad6e0a24e2b72		2019-Nisan-Aralık Kira Bedeli 				n	0/1	0/100	1970-01-01 02:00:00 +0200
===== END
===== START
R	55945acd68e14cceb54b0d83775db805	01280e963fd34a1eaa5d709abb638273	2019-12-03 09:03:12 +0300	2019-11-19 09:12:30 +0300	2019-11-19 13:59:00 +0300	e056db857c6149d6a9b263777e02e621	68d58bff0d8c41e7b77ad6e0a24e2b72		2019-Nisan-Aralık Kira Bedeli 				n	0/1	0/100	1970-01-01 02:00:00 +0200
R	55945acd68e14cceb54b0d83775db805	e094a65da427421e8fe7b90ae5d719f6	2019-12-03 09:03:12 +0300	2019-11-19 09:12:30 +0300	2019-11-19 13:59:00 +0300	e056db857c6149d6a9b263777e02e621	68d58bff0d8c41e7b77ad6e0a24e2b72		2019-Nisan-Aralık Kira Bedeli 				n	0/1	0/100	1970-01-01 02:00:00 +0200
===== END
===== START
B	4fe50a24b7284a64b92acadaf208bfcc	2a8531ce7e564594831c98b3cec9a7ab	2019-12-03 09:03:12 +0300	2019-11-19 09:14:11 +0300	2019-11-19 13:59:00 +0300	69e29c3a6b84421a9c6e3c86c7ed0308	cc9260dc9cbc4d6797abdd1ea901b208						n	0/1	0/100	1970-01-01 02:00:00 +0200
B	4fe50a24b7284a64b92acadaf208bfcc	f4b160096e6e43a7be80bee2aab22437	2019-12-03 09:03:12 +0300	2019-11-19 09:14:11 +0300	2019-11-19 13:59:00 +0300	69e29c3a6b84421a9c6e3c86c7ed0308	cc9260dc9cbc4d6797abdd1ea901b208						n	0/1	0/100	1970-01-01 02:00:00 +0200
===== END
===== START
R	4fe50a24b7284a64b92acadaf208bfcc	2a8531ce7e564594831c98b3cec9a7ab	2019-12-03 09:03:12 +0300	2019-11-19 09:14:11 +0300	2019-11-19 13:59:00 +0300	69e29c3a6b84421a9c6e3c86c7ed0308	cc9260dc9cbc4d6797abdd1ea901b208						n	0/1	0/100	1970-01-01 02:00:00 +0200
R	4fe50a24b7284a64b92acadaf208bfcc	f4b160096e6e43a7be80bee2aab22437	2019-12-03 09:03:12 +0300	2019-11-19 09:14:11 +0300	2019-11-19 13:59:00 +0300	69e29c3a6b84421a9c6e3c86c7ed0308	cc9260dc9cbc4d6797abdd1ea901b208						n	0/1	0/100	1970-01-01 02:00:00 +0200
===== END
===== START
B	4fe50a24b7284a64b92acadaf208bfcc	2a8531ce7e564594831c98b3cec9a7ab	2019-12-03 09:03:12 +0300	2019-11-19 09:14:11 +0300	2019-11-19 13:59:00 +0300	69e29c3a6b84421a9c6e3c86c7ed0308	cc9260dc9cbc4d6797abdd1ea901b208						n	0/1	0/100	1970-01-01 02:00:00 +0200
B	4fe50a24b7284a64b92acadaf208bfcc	f4b160096e6e43a7be80bee2aab22437	2019-12-03 09:03:12 +0300	2019-11-19 09:14:11 +0300	2019-11-19 13:59:00 +0300	69e29c3a6b84421a9c6e3c86c7ed0308	cc9260dc9cbc4d6797abdd1ea901b208						n	0/1	0/100	1970-01-01 02:00:00 +0200
===== END
===== START
R	4fe50a24b7284a64b92acadaf208bfcc	2a8531ce7e564594831c98b3cec9a7ab	2019-12-03 09:03:12 +0300	2019-11-19 09:14:11 +0300	2019-11-19 13:59:00 +0300	69e29c3a6b84421a9c6e3c86c7ed0308	cc9260dc9cbc4d6797abdd1ea901b208						n	0/1	0/100	1970-01-01 02:00:00 +0200
R	4fe50a24b7284a64b92acadaf208bfcc	f4b160096e6e43a7be80bee2aab22437	2019-12-03 09:03:12 +0300	2019-11-19 09:14:11 +0300	2019-11-19 13:59:00 +0300	69e29c3a6b84421a9c6e3c86c7ed0308	cc9260dc9cbc4d6797abdd1ea901b208						n	0/1	0/100	1970-01-01 02:00:00 +0200
===== END
===== START
B	b5f129cc8d9146a0805b288f0037ff40	da2ca65a4449480381cdbd41525e85ad	2019-12-03 09:03:12 +0300	2019-11-19 09:16:07 +0300	2019-11-19 13:59:00 +0300	e981558e538048088db4bd8f7ca9ca78	f579dd0808cb4c4280a5790581a511c8						n	0/1	0/100	1970-01-01 02:00:00 +0200
B	b5f129cc8d9146a0805b288f0037ff40	7aedbf9e9be143b1b61c5bf5afde584a	2019-12-03 09:03:12 +0300	2019-11-19 09:16:07 +0300	2019-11-19 13:59:00 +0300	e981558e538048088db4bd8f7ca9ca78	f579dd0808cb4c4280a5790581a511c8						n	0/1	0/100	1970-01-01 02:00:00 +0200
===== END
===== START
R	b5f129cc8d9146a0805b288f0037ff40	da2ca65a4449480381cdbd41525e85ad	2019-12-03 09:03:12 +0300	2019-11-19 09:16:07 +0300	2019-11-19 13:59:00 +0300	e981558e538048088db4bd8f7ca9ca78	f579dd0808cb4c4280a5790581a511c8						n	0/1	0/100	1970-01-01 02:00:00 +0200
R	b5f129cc8d9146a0805b288f0037ff40	7aedbf9e9be143b1b61c5bf5afde584a	2019-12-03 09:03:12 +0300	2019-11-19 09:16:07 +0300	2019-11-19 13:59:00 +0300	e981558e538048088db4bd8f7ca9ca78	f579dd0808cb4c4280a5790581a511c8						n	0/1	0/100	1970-01-01 02:00:00 +0200
===== END
===== START
B	b5f129cc8d9146a0805b288f0037ff40	da2ca65a4449480381cdbd41525e85ad	2019-12-03 09:03:12 +0300	2019-11-19 09:16:07 +0300	2019-11-19 13:59:00 +0300	e981558e538048088db4bd8f7ca9ca78	f579dd0808cb4c4280a5790581a511c8						n	0/1	0/100	1970-01-01 02:00:00 +0200
B	b5f129cc8d9146a0805b288f0037ff40	7aedbf9e9be143b1b61c5bf5afde584a	2019-12-03 09:03:12 +0300	2019-11-19 09:16:07 +0300	2019-11-19 13:59:00 +0300	e981558e538048088db4bd8f7ca9ca78	f579dd0808cb4c4280a5790581a511c8						n	0/1	0/100	1970-01-01 02:00:00 +0200
===== END
===== START
R	b5f129cc8d9146a0805b288f0037ff40	da2ca65a4449480381cdbd41525e85ad	2019-12-03 09:03:12 +0300	2019-11-19 09:16:07 +0300	2019-11-19 13:59:00 +0300	e981558e538048088db4bd8f7ca9ca78	f579dd0808cb4c4280a5790581a511c8						n	0/1	0/100	1970-01-01 02:00:00 +0200
R	b5f129cc8d9146a0805b288f0037ff40	7aedbf9e9be143b1b61c5bf5afde584a	2019-12-03 09:03:12 +0300	2019-11-19 09:16:07 +0300	2019-11-19 13:59:00 +0300	e981558e538048088db4bd8f7ca9ca78	f579dd0808cb4c4280a5790581a511c8						n	0/1	0/100	1970-01-01 02:00:00 +0200
===== END
===== START
===== END
===== START
===== END
===== START
===== END
===== START
===== END
===== START
C	a78e3cccf5b84b9598af143e53dac2e0	f96350d17835414e892e3c87b8b95ef2	2019-12-03 09:04:05 +0300	2019-12-03 09:04:05 +0300	2019-12-03 13:59:00 +0300	62cf67902c2f48c28059ec3005e4290f	64 1 540 240m2		taban betonu				n	3500000/100	3500000/100	1970-01-01 02:00:00 +0200
C	a78e3cccf5b84b9598af143e53dac2e0	2679cece831740acaaee3710072e3f34	2019-12-03 09:04:05 +0300	2019-12-03 09:04:05 +0300	2019-12-03 13:59:00 +0300	deabaef30fc841ac9337e26a874ae856	100 KASA		taban betonu				n	-3500000/100	-3500000/100	1970-01-01 02:00:00 +0200
===== END
===== START
===== END
===== START
B	a78e3cccf5b84b9598af143e53dac2e0	f96350d17835414e892e3c87b8b95ef2	2019-12-03 09:04:55 +0300	2019-12-03 09:04:05 +0300	2019-12-03 13:59:00 +0300	62cf67902c2f48c28059ec3005e4290f	64 1 540 240m2		taban betonu				n	3500000/100	3500000/100	1970-01-01 02:00:00 +0200
B	a78e3cccf5b84b9598af143e53dac2e0	2679cece831740acaaee3710072e3f34	2019-12-03 09:04:55 +0300	2019-12-03 09:04:05 +0300	2019-12-03 13:59:00 +0300	deabaef30fc841ac9337e26a874ae856	100 KASA		taban betonu				n	-3500000/100	-3500000/100	1970-01-01 02:00:00 +0200
===== END
===== START
D	a78e3cccf5b84b9598af143e53dac2e0	f96350d17835414e892e3c87b8b95ef2	2019-12-03 09:04:55 +0300	2019-12-03 09:04:05 +0300	2019-12-03 13:59:00 +0300	62cf67902c2f48c28059ec3005e4290f	64 1 540 240m2		taban betonu				n	3500000/100	3500000/100	1970-01-01 02:00:00 +0200
D	a78e3cccf5b84b9598af143e53dac2e0	2679cece831740acaaee3710072e3f34	2019-12-03 09:04:55 +0300	2019-12-03 09:04:05 +0300	2019-12-03 13:59:00 +0300	deabaef30fc841ac9337e26a874ae856	100 KASA		taban betonu				n	-3500000/100	-3500000/100	1970-01-01 02:00:00 +0200
===== END
===== START
===== END
===== START
D	640f9e24253349708045d60e465a8520	cc3c80ca350a4600b4ccd81dd726cb24	2019-12-03 09:07:39 +0300	2019-12-03 09:07:39 +0300	2019-12-03 13:59:00 +0300								n	0/1	0/100	1970-01-01 02:00:00 +0200
===== END
===== START
D	32ec588db18a4bf3b90b996d39855bbf	91970b18129d4ba9b92b589be0c92e5c	2019-12-03 09:08:38 +0300	2019-12-03 09:08:38 +0300	2019-12-03 13:59:00 +0300								n	0/1	0/100	1970-01-01 02:00:00 +0200
===== END
===== START
C	b6d7611ee5cd4e4bada5060188fea318	c5a231f6cdd44226841a46be414102a1	2019-12-03 09:08:59 +0300	2019-12-03 09:08:59 +0300	2019-12-03 13:59:00 +0300	b552133f27ab4c9cad6ba2bbca63b69f	100 540 Kasa Sanayi 240m2						n	-3500000/100	-3500000/100	1970-01-01 02:00:00 +0200
C	b6d7611ee5cd4e4bada5060188fea318	81e4ab961a80488db5d2fd1e2cec0908	2019-12-03 09:08:59 +0300	2019-12-03 09:08:59 +0300	2019-12-03 13:59:00 +0300	deabaef30fc841ac9337e26a874ae856	100 KASA						n	3500000/100	3500000/100	1970-01-01 02:00:00 +0200
===== END
===== START
===== END
===== START
B	b6d7611ee5cd4e4bada5060188fea318	81e4ab961a80488db5d2fd1e2cec0908	2019-12-03 09:09:31 +0300	2019-12-03 09:08:59 +0300	2019-12-03 13:59:00 +0300	deabaef30fc841ac9337e26a874ae856	100 KASA						n	3500000/100	3500000/100	1970-01-01 02:00:00 +0200
B	b6d7611ee5cd4e4bada5060188fea318	c5a231f6cdd44226841a46be414102a1	2019-12-03 09:09:31 +0300	2019-12-03 09:08:59 +0300	2019-12-03 13:59:00 +0300	b552133f27ab4c9cad6ba2bbca63b69f	100 540 Kasa Sanayi 240m2						n	-3500000/100	-3500000/100	1970-01-01 02:00:00 +0200
===== END
===== START
C	b6d7611ee5cd4e4bada5060188fea318	81e4ab961a80488db5d2fd1e2cec0908	2019-12-03 09:09:31 +0300	2019-12-03 09:08:59 +0300	2019-12-03 13:59:00 +0300	deabaef30fc841ac9337e26a874ae856	100 KASA		taban betonu				n	3500000/100	3500000/100	1970-01-01 02:00:00 +0200
C	b6d7611ee5cd4e4bada5060188fea318	c5a231f6cdd44226841a46be414102a1	2019-12-03 09:09:31 +0300	2019-12-03 09:08:59 +0300	2019-12-03 13:59:00 +0300	b552133f27ab4c9cad6ba2bbca63b69f	100 540 Kasa Sanayi 240m2		taban betonu				n	-3500000/100	-3500000/100	1970-01-01 02:00:00 +0200
===== END
===== START
C	c0f475b39dba4179994aa57076af49ec	78c243fffd464df184106aae4ad769d3	2019-12-03 09:09:57 +0300	2019-12-03 09:09:57 +0300	2019-12-03 13:59:00 +0300	3aa1ec8129524dc2bd8d898c2c0ecfcf	320 5 Selanik Mermer						n	-2000000/100	-2000000/100	1970-01-01 02:00:00 +0200
C	c0f475b39dba4179994aa57076af49ec	e635556cf68a4d6e8bdd1f160a247c14	2019-12-03 09:09:57 +0300	2019-12-03 09:09:57 +0300	2019-12-03 13:59:00 +0300	3a63f12134c244fa86b69fbbccbba3e0	Açık-TRY						n	2000000/100	2000000/100	1970-01-01 02:00:00 +0200
===== END
===== START
===== END
===== START
B	c0f475b39dba4179994aa57076af49ec	e635556cf68a4d6e8bdd1f160a247c14	2019-12-03 09:10:18 +0300	2019-12-03 09:09:57 +0300	2019-12-03 13:59:00 +0300	3a63f12134c244fa86b69fbbccbba3e0	Açık-TRY						n	2000000/100	2000000/100	1970-01-01 02:00:00 +0200
B	c0f475b39dba4179994aa57076af49ec	78c243fffd464df184106aae4ad769d3	2019-12-03 09:10:18 +0300	2019-12-03 09:09:57 +0300	2019-12-03 13:59:00 +0300	3aa1ec8129524dc2bd8d898c2c0ecfcf	320 5 Selanik Mermer						n	-2000000/100	-2000000/100	1970-01-01 02:00:00 +0200
===== END
===== START
C	c0f475b39dba4179994aa57076af49ec	e635556cf68a4d6e8bdd1f160a247c14	2019-12-03 09:10:18 +0300	2019-12-03 09:09:57 +0300	2019-12-03 13:59:00 +0300	c2b13be78e8048f7aae3ea7a912f6ef0	63 1 540 Sanayi 240 m2		taban betonu işçiliği				n	2000000/100	2000000/100	1970-01-01 02:00:00 +0200
C	c0f475b39dba4179994aa57076af49ec	78c243fffd464df184106aae4ad769d3	2019-12-03 09:10:18 +0300	2019-12-03 09:09:57 +0300	2019-12-03 13:59:00 +0300	3aa1ec8129524dc2bd8d898c2c0ecfcf	320 5 Selanik Mermer		taban betonu işçiliği				n	-2000000/100	-2000000/100	1970-01-01 02:00:00 +0200
===== END
===== START
===== END
===== START
===== END
===== START
C	4ffd8cae97f044cfaef58b38bcefee50	de1289a5db5c4376be5c9150b816b357	2019-12-03 09:12:28 +0300	2019-12-03 09:12:28 +0300	2019-12-03 13:59:00 +0300	ade53e1bccf94f51bb083bf7ca4f2dea	64 0 İşçilik Gelirleri						n	-1500000/100	-1500000/100	1970-01-01 02:00:00 +0200
C	4ffd8cae97f044cfaef58b38bcefee50	e1924209259d4a0ea70ec003be907507	2019-12-03 09:12:28 +0300	2019-12-03 09:12:28 +0300	2019-12-03 13:59:00 +0300	c2b13be78e8048f7aae3ea7a912f6ef0	63 1 540 Sanayi 240 m2						n	1500000/100	1500000/100	1970-01-01 02:00:00 +0200
===== END
===== START
===== END
===== START
D	20f799bf0abb40b49474ac59cf429454	810ebe378b8a455583e4bf6717dab2ee	2019-12-03 09:12:57 +0300	2019-12-03 09:12:57 +0300	2019-12-03 13:59:00 +0300								n	0/1	0/100	1970-01-01 02:00:00 +0200
===== END
===== START
D	9669795131c34de49f594de3a6e66df5	1208d52d74ea40aca536d4c11b79098f	2019-12-03 09:13:02 +0300	2019-12-03 09:13:02 +0300	2019-12-03 13:59:00 +0300								n	0/1	0/100	1970-01-01 02:00:00 +0200
===== END
===== START
D	f24d2809cd414a95bebe7990581a9d82	04850ce207d94a06aad4a3a19cebdd89	2019-12-03 09:13:04 +0300	2019-12-03 09:13:04 +0300	2019-12-03 13:59:00 +0300								n	0/1	0/100	1970-01-01 02:00:00 +0200
===== END
===== START
D	c78db9ff78cb4685bec3c2b30b6a2e2b	d2e6076b6fc2410fa07af178aff1fe0f	2019-12-03 09:13:08 +0300	2019-12-03 09:13:08 +0300	2019-12-03 13:59:00 +0300								n	0/1	0/100	1970-01-01 02:00:00 +0200
===== END
===== START
D	8b23fcf8c6e445cfa25523e71be3e522	dfb9f181747d493bb7bdb01229d4a467	2019-12-03 09:13:12 +0300	2019-12-03 09:13:12 +0300	2019-12-03 13:59:00 +0300								n	0/1	0/100	1970-01-01 02:00:00 +0200
===== END
===== START
===== END
===== START
===== END
===== START
C	fab9eba739d74eb496b998a6269d97d7	0d5c1d494b0b41ccb9452470c452f3ac	2019-12-03 09:15:26 +0300	2019-12-03 09:15:26 +0300	2019-12-03 13:59:00 +0300	62cf67902c2f48c28059ec3005e4290f	64 1 540 240m2		Elektrik Abonesi teminat mektubu Bedeli				n	90000/100	90000/100	1970-01-01 02:00:00 +0200
C	fab9eba739d74eb496b998a6269d97d7	396121ae9bb5400486871dfea32b6fde	2019-12-03 09:15:26 +0300	2019-12-03 09:15:26 +0300	2019-12-03 13:59:00 +0300	3a63f12134c244fa86b69fbbccbba3e0	Açık-TRY		Elektrik Abonesi teminat mektubu Bedeli				n	-90000/100	-90000/100	1970-01-01 02:00:00 +0200
===== END
===== START
===== END
===== START
===== END
===== START
B	fab9eba739d74eb496b998a6269d97d7	0d5c1d494b0b41ccb9452470c452f3ac	2019-12-03 09:17:43 +0300	2019-12-03 09:15:26 +0300	2019-12-03 13:59:00 +0300	62cf67902c2f48c28059ec3005e4290f	64 1 540 240m2		Elektrik Abonesi teminat mektubu Bedeli				n	90000/100	90000/100	1970-01-01 02:00:00 +0200
B	fab9eba739d74eb496b998a6269d97d7	396121ae9bb5400486871dfea32b6fde	2019-12-03 09:17:43 +0300	2019-12-03 09:15:26 +0300	2019-12-03 13:59:00 +0300	3a63f12134c244fa86b69fbbccbba3e0	Açık-TRY		Elektrik Abonesi teminat mektubu Bedeli				n	-90000/100	-90000/100	1970-01-01 02:00:00 +0200
===== END
===== START
C	fab9eba739d74eb496b998a6269d97d7	0d5c1d494b0b41ccb9452470c452f3ac	2019-12-03 09:17:43 +0300	2019-12-03 09:15:26 +0300	2019-12-03 13:59:00 +0300	62cf67902c2f48c28059ec3005e4290f	64 1 540 240m2		Elektrik Abonesi teminat mektubu Bedeli				n	90000/100	90000/100	1970-01-01 02:00:00 +0200
C	fab9eba739d74eb496b998a6269d97d7	396121ae9bb5400486871dfea32b6fde	2019-12-03 09:17:43 +0300	2019-12-03 09:15:26 +0300	2019-12-03 13:59:00 +0300	127d9f72dbeb48248767b2b49d7a4af6	321 Tedaş		Elektrik Abonesi teminat mektubu Bedeli				n	-90000/100	-90000/100	1970-01-01 02:00:00 +0200
===== END
===== START
D	a62e079df83c4f829a4639018434496f	e2221ae903e64ae4b4e7b02ddb3eb01c	2019-12-03 09:17:47 +0300	2019-12-03 09:17:47 +0300	2019-12-03 13:59:00 +0300								n	0/1	0/100	1970-01-01 02:00:00 +0200
===== END
===== START
B	fab9eba739d74eb496b998a6269d97d7	0d5c1d494b0b41ccb9452470c452f3ac	2019-12-03 09:18:13 +0300	2019-12-03 09:15:26 +0300	2019-12-03 13:59:00 +0300	62cf67902c2f48c28059ec3005e4290f	64 1 540 240m2		Elektrik Abonesi teminat mektubu Bedeli				n	90000/100	90000/100	1970-01-01 02:00:00 +0200
B	fab9eba739d74eb496b998a6269d97d7	396121ae9bb5400486871dfea32b6fde	2019-12-03 09:18:13 +0300	2019-12-03 09:15:26 +0300	2019-12-03 13:59:00 +0300	127d9f72dbeb48248767b2b49d7a4af6	321 Tedaş		Elektrik Abonesi teminat mektubu Bedeli				n	-90000/100	-90000/100	1970-01-01 02:00:00 +0200
===== END
===== START
D	fab9eba739d74eb496b998a6269d97d7	0d5c1d494b0b41ccb9452470c452f3ac	2019-12-03 09:18:13 +0300	2019-12-03 09:15:26 +0300	2019-12-03 13:59:00 +0300	62cf67902c2f48c28059ec3005e4290f	64 1 540 240m2		Elektrik Abonesi teminat mektubu Bedeli				n	90000/100	90000/100	1970-01-01 02:00:00 +0200
D	fab9eba739d74eb496b998a6269d97d7	396121ae9bb5400486871dfea32b6fde	2019-12-03 09:18:13 +0300	2019-12-03 09:15:26 +0300	2019-12-03 13:59:00 +0300	127d9f72dbeb48248767b2b49d7a4af6	321 Tedaş		Elektrik Abonesi teminat mektubu Bedeli				n	-90000/100	-90000/100	1970-01-01 02:00:00 +0200
===== END
===== START
D	11f99cdc86f64788bd89aaa7210b448b	4ee4a068abbc412b816c24ba325f64c5	2019-12-03 09:18:51 +0300	2019-12-03 09:18:51 +0300	2019-12-03 13:59:00 +0300								n	0/1	0/100	1970-01-01 02:00:00 +0200
===== END
