mod	trans_guid	split_guid	time_now	date_entered	date_posted	acc_guid	acc_name	num	description	notes	memo	action	reconciled	amount	value	date_reconciled
-----------------
===== START
B	b6d7611ee5cd4e4bada5060188fea318	81e4ab961a80488db5d2fd1e2cec0908	2019-12-03 10:49:15 +0300	2019-12-03 09:08:59 +0300	2019-12-03 13:59:00 +0300	deabaef30fc841ac9337e26a874ae856	100 KASA		taban betonu				n	3500000/100	3500000/100	1970-01-01 02:00:00 +0200
B	b6d7611ee5cd4e4bada5060188fea318	c5a231f6cdd44226841a46be414102a1	2019-12-03 10:49:15 +0300	2019-12-03 09:08:59 +0300	2019-12-03 13:59:00 +0300	b552133f27ab4c9cad6ba2bbca63b69f	100 540 Kasa Sanayi 240m2		taban betonu				n	-3500000/100	-3500000/100	1970-01-01 02:00:00 +0200
===== END
===== START
C	b6d7611ee5cd4e4bada5060188fea318	81e4ab961a80488db5d2fd1e2cec0908	2019-12-03 10:49:15 +0300	2019-12-03 09:08:59 +0300	2019-05-05 13:59:00 +0300	deabaef30fc841ac9337e26a874ae856	100 KASA		taban betonu				n	3500000/100	3500000/100	1970-01-01 02:00:00 +0200
C	b6d7611ee5cd4e4bada5060188fea318	c5a231f6cdd44226841a46be414102a1	2019-12-03 10:49:15 +0300	2019-12-03 09:08:59 +0300	2019-05-05 13:59:00 +0300	b552133f27ab4c9cad6ba2bbca63b69f	100 540 Kasa Sanayi 240m2		taban betonu				n	-3500000/100	-3500000/100	1970-01-01 02:00:00 +0200
===== END
===== START
D	56eeb0f16e5a41a6a4b6bcb8eda296e1	b23e3a5b495349ea95ea74ec1c5e3ada	2019-12-03 10:49:57 +0300	2019-12-03 10:49:57 +0300	2019-04-01 13:59:00 +0300								n	0/1	0/100	1970-01-01 02:00:00 +0200
===== END
===== START
===== END
===== START
B	8c216e7c025245d1b442de365d15599c	307857859f4945b3bf273cfba519e37f	2019-12-03 10:52:03 +0300	2019-12-02 12:27:58 +0300	2020-01-01 13:59:00 +0300	b5c86390d3244c54a84665ddd07f7f17	127 540 Dursun Durmuş		2020 Ocak Sanayi 240m2 Kira Bedeli				n	997100/100	997100/100	1970-01-01 02:00:00 +0200
B	8c216e7c025245d1b442de365d15599c	04efecc7be524046bd9ae997dfef7bf2	2019-12-03 10:52:03 +0300	2019-12-02 12:27:58 +0300	2020-01-01 13:59:00 +0300	62cf67902c2f48c28059ec3005e4290f	64 1 540 240m2		2020 Ocak Sanayi 240m2 Kira Bedeli				n	-997100/100	-997100/100	1970-01-01 02:00:00 +0200
===== END
===== START
C	8c216e7c025245d1b442de365d15599c	307857859f4945b3bf273cfba519e37f	2019-12-03 10:52:03 +0300	2019-12-02 12:27:58 +0300	2020-01-01 13:59:00 +0300	b5c86390d3244c54a84665ddd07f7f17	127 540 Dursun Durmuş		2020 Ocak Sanayi 240m2 Kira Bedeli				n	2700000/100	2700000/100	1970-01-01 02:00:00 +0200
C	8c216e7c025245d1b442de365d15599c	04efecc7be524046bd9ae997dfef7bf2	2019-12-03 10:52:03 +0300	2019-12-02 12:27:58 +0300	2020-01-01 13:59:00 +0300	62cf67902c2f48c28059ec3005e4290f	64 1 540 240m2		2020 Ocak Sanayi 240m2 Kira Bedeli				n	-2700000/100	-2700000/100	1970-01-01 02:00:00 +0200
===== END
===== START
B	8c216e7c025245d1b442de365d15599c	307857859f4945b3bf273cfba519e37f	2019-12-03 10:52:32 +0300	2019-12-02 12:27:58 +0300	2020-01-01 13:59:00 +0300	b5c86390d3244c54a84665ddd07f7f17	127 540 Dursun Durmuş		2020 Ocak Sanayi 240m2 Kira Bedeli				n	2700000/100	2700000/100	1970-01-01 02:00:00 +0200
B	8c216e7c025245d1b442de365d15599c	04efecc7be524046bd9ae997dfef7bf2	2019-12-03 10:52:32 +0300	2019-12-02 12:27:58 +0300	2020-01-01 13:59:00 +0300	62cf67902c2f48c28059ec3005e4290f	64 1 540 240m2		2020 Ocak Sanayi 240m2 Kira Bedeli				n	-2700000/100	-2700000/100	1970-01-01 02:00:00 +0200
===== END
===== START
C	8c216e7c025245d1b442de365d15599c	307857859f4945b3bf273cfba519e37f	2019-12-03 10:52:32 +0300	2019-12-02 12:27:58 +0300	2020-01-01 13:59:00 +0300	b5c86390d3244c54a84665ddd07f7f17	127 540 Dursun Durmuş		2020 Ocak-Ekim Sny240m2 Kira Bedeli				n	2700000/100	2700000/100	1970-01-01 02:00:00 +0200
C	8c216e7c025245d1b442de365d15599c	04efecc7be524046bd9ae997dfef7bf2	2019-12-03 10:52:32 +0300	2019-12-02 12:27:58 +0300	2020-01-01 13:59:00 +0300	62cf67902c2f48c28059ec3005e4290f	64 1 540 240m2		2020 Ocak-Ekim Sny240m2 Kira Bedeli				n	-2700000/100	-2700000/100	1970-01-01 02:00:00 +0200
===== END
===== START
===== END
===== START
C	06237c04b04444898ba23bb4eaecc192	0da170d5403a48c68fa910eeb0ab708b	2019-12-03 10:58:15 +0300	2019-12-03 10:58:15 +0300	2019-12-03 13:59:00 +0300	0e8d0d8561924dc198758fed58d1aa12	326 Alınan Depozito ve Teminatlar		Oğuzhan Türkmen Teminat Senedi 				n	0/100	0/100	1970-01-01 02:00:00 +0200
C	06237c04b04444898ba23bb4eaecc192	5f03f90b92a64b2981eb31469597d2ac	2019-12-03 10:58:15 +0300	2019-12-03 10:58:15 +0300	2019-12-03 13:59:00 +0300	c0ea84ee2fd44713bec1e698c0db141f	101 Alınan Çek-Senet		Oğuzhan Türkmen Teminat Senedi 				n	0/100	0/100	1970-01-01 02:00:00 +0200
===== END
===== START
===== END
===== START
B	06237c04b04444898ba23bb4eaecc192	0da170d5403a48c68fa910eeb0ab708b	2019-12-03 10:58:21 +0300	2019-12-03 10:58:15 +0300	2019-12-03 13:59:00 +0300	0e8d0d8561924dc198758fed58d1aa12	326 Alınan Depozito ve Teminatlar		Oğuzhan Türkmen Teminat Senedi 				n	0/100	0/100	1970-01-01 02:00:00 +0200
B	06237c04b04444898ba23bb4eaecc192	5f03f90b92a64b2981eb31469597d2ac	2019-12-03 10:58:21 +0300	2019-12-03 10:58:15 +0300	2019-12-03 13:59:00 +0300	c0ea84ee2fd44713bec1e698c0db141f	101 Alınan Çek-Senet		Oğuzhan Türkmen Teminat Senedi 				n	0/100	0/100	1970-01-01 02:00:00 +0200
===== END
===== START
C	06237c04b04444898ba23bb4eaecc192	0da170d5403a48c68fa910eeb0ab708b	2019-12-03 10:58:21 +0300	2019-12-03 10:58:15 +0300	2019-12-03 13:59:00 +0300	0e8d0d8561924dc198758fed58d1aa12	326 Alınan Depozito ve Teminatlar		Oğuzhan Türkmen Teminat Senedi 				n	-2220000/100	-2220000/100	1970-01-01 02:00:00 +0200
C	06237c04b04444898ba23bb4eaecc192	5f03f90b92a64b2981eb31469597d2ac	2019-12-03 10:58:21 +0300	2019-12-03 10:58:15 +0300	2019-12-03 13:59:00 +0300	c0ea84ee2fd44713bec1e698c0db141f	101 Alınan Çek-Senet		Oğuzhan Türkmen Teminat Senedi 				n	2220000/100	2220000/100	1970-01-01 02:00:00 +0200
===== END
