mod	trans_guid	split_guid	time_now	date_entered	date_posted	acc_guid	acc_name	num	description	notes	memo	action	reconciled	amount	value	date_reconciled
-----------------
===== START
B	55945acd68e14cceb54b0d83775db805	01280e963fd34a1eaa5d709abb638273	2019-12-02 08:34:51 +0300	2019-11-19 09:12:30 +0300	2019-11-19 13:59:00 +0300	e056db857c6149d6a9b263777e02e621	68d58bff0d8c41e7b77ad6e0a24e2b72		2019-Nisan-Aralık Kira Bedeli 				n	0/1	0/100	1970-01-01 02:00:00 +0200
B	55945acd68e14cceb54b0d83775db805	e094a65da427421e8fe7b90ae5d719f6	2019-12-02 08:34:51 +0300	2019-11-19 09:12:30 +0300	2019-11-19 13:59:00 +0300	e056db857c6149d6a9b263777e02e621	68d58bff0d8c41e7b77ad6e0a24e2b72		2019-Nisan-Aralık Kira Bedeli 				n	0/1	0/100	1970-01-01 02:00:00 +0200
===== END
===== START
R	55945acd68e14cceb54b0d83775db805	01280e963fd34a1eaa5d709abb638273	2019-12-02 08:34:51 +0300	2019-11-19 09:12:30 +0300	2019-11-19 13:59:00 +0300	e056db857c6149d6a9b263777e02e621	68d58bff0d8c41e7b77ad6e0a24e2b72		2019-Nisan-Aralık Kira Bedeli 				n	0/1	0/100	1970-01-01 02:00:00 +0200
R	55945acd68e14cceb54b0d83775db805	e094a65da427421e8fe7b90ae5d719f6	2019-12-02 08:34:51 +0300	2019-11-19 09:12:30 +0300	2019-11-19 13:59:00 +0300	e056db857c6149d6a9b263777e02e621	68d58bff0d8c41e7b77ad6e0a24e2b72		2019-Nisan-Aralık Kira Bedeli 				n	0/1	0/100	1970-01-01 02:00:00 +0200
===== END
===== START
B	55945acd68e14cceb54b0d83775db805	01280e963fd34a1eaa5d709abb638273	2019-12-02 08:34:51 +0300	2019-11-19 09:12:30 +0300	2019-11-19 13:59:00 +0300	e056db857c6149d6a9b263777e02e621	68d58bff0d8c41e7b77ad6e0a24e2b72		2019-Nisan-Aralık Kira Bedeli 				n	0/1	0/100	1970-01-01 02:00:00 +0200
B	55945acd68e14cceb54b0d83775db805	e094a65da427421e8fe7b90ae5d719f6	2019-12-02 08:34:51 +0300	2019-11-19 09:12:30 +0300	2019-11-19 13:59:00 +0300	e056db857c6149d6a9b263777e02e621	68d58bff0d8c41e7b77ad6e0a24e2b72		2019-Nisan-Aralık Kira Bedeli 				n	0/1	0/100	1970-01-01 02:00:00 +0200
===== END
===== START
R	55945acd68e14cceb54b0d83775db805	01280e963fd34a1eaa5d709abb638273	2019-12-02 08:34:51 +0300	2019-11-19 09:12:30 +0300	2019-11-19 13:59:00 +0300	e056db857c6149d6a9b263777e02e621	68d58bff0d8c41e7b77ad6e0a24e2b72		2019-Nisan-Aralık Kira Bedeli 				n	0/1	0/100	1970-01-01 02:00:00 +0200
R	55945acd68e14cceb54b0d83775db805	e094a65da427421e8fe7b90ae5d719f6	2019-12-02 08:34:51 +0300	2019-11-19 09:12:30 +0300	2019-11-19 13:59:00 +0300	e056db857c6149d6a9b263777e02e621	68d58bff0d8c41e7b77ad6e0a24e2b72		2019-Nisan-Aralık Kira Bedeli 				n	0/1	0/100	1970-01-01 02:00:00 +0200
===== END
===== START
B	4fe50a24b7284a64b92acadaf208bfcc	2a8531ce7e564594831c98b3cec9a7ab	2019-12-02 08:34:51 +0300	2019-11-19 09:14:11 +0300	2019-11-19 13:59:00 +0300	69e29c3a6b84421a9c6e3c86c7ed0308	cc9260dc9cbc4d6797abdd1ea901b208						n	0/1	0/100	1970-01-01 02:00:00 +0200
B	4fe50a24b7284a64b92acadaf208bfcc	f4b160096e6e43a7be80bee2aab22437	2019-12-02 08:34:51 +0300	2019-11-19 09:14:11 +0300	2019-11-19 13:59:00 +0300	69e29c3a6b84421a9c6e3c86c7ed0308	cc9260dc9cbc4d6797abdd1ea901b208						n	0/1	0/100	1970-01-01 02:00:00 +0200
===== END
===== START
R	4fe50a24b7284a64b92acadaf208bfcc	2a8531ce7e564594831c98b3cec9a7ab	2019-12-02 08:34:51 +0300	2019-11-19 09:14:11 +0300	2019-11-19 13:59:00 +0300	69e29c3a6b84421a9c6e3c86c7ed0308	cc9260dc9cbc4d6797abdd1ea901b208						n	0/1	0/100	1970-01-01 02:00:00 +0200
R	4fe50a24b7284a64b92acadaf208bfcc	f4b160096e6e43a7be80bee2aab22437	2019-12-02 08:34:51 +0300	2019-11-19 09:14:11 +0300	2019-11-19 13:59:00 +0300	69e29c3a6b84421a9c6e3c86c7ed0308	cc9260dc9cbc4d6797abdd1ea901b208						n	0/1	0/100	1970-01-01 02:00:00 +0200
===== END
===== START
B	4fe50a24b7284a64b92acadaf208bfcc	2a8531ce7e564594831c98b3cec9a7ab	2019-12-02 08:34:51 +0300	2019-11-19 09:14:11 +0300	2019-11-19 13:59:00 +0300	69e29c3a6b84421a9c6e3c86c7ed0308	cc9260dc9cbc4d6797abdd1ea901b208						n	0/1	0/100	1970-01-01 02:00:00 +0200
B	4fe50a24b7284a64b92acadaf208bfcc	f4b160096e6e43a7be80bee2aab22437	2019-12-02 08:34:51 +0300	2019-11-19 09:14:11 +0300	2019-11-19 13:59:00 +0300	69e29c3a6b84421a9c6e3c86c7ed0308	cc9260dc9cbc4d6797abdd1ea901b208						n	0/1	0/100	1970-01-01 02:00:00 +0200
===== END
===== START
R	4fe50a24b7284a64b92acadaf208bfcc	2a8531ce7e564594831c98b3cec9a7ab	2019-12-02 08:34:51 +0300	2019-11-19 09:14:11 +0300	2019-11-19 13:59:00 +0300	69e29c3a6b84421a9c6e3c86c7ed0308	cc9260dc9cbc4d6797abdd1ea901b208						n	0/1	0/100	1970-01-01 02:00:00 +0200
R	4fe50a24b7284a64b92acadaf208bfcc	f4b160096e6e43a7be80bee2aab22437	2019-12-02 08:34:51 +0300	2019-11-19 09:14:11 +0300	2019-11-19 13:59:00 +0300	69e29c3a6b84421a9c6e3c86c7ed0308	cc9260dc9cbc4d6797abdd1ea901b208						n	0/1	0/100	1970-01-01 02:00:00 +0200
===== END
===== START
B	b5f129cc8d9146a0805b288f0037ff40	da2ca65a4449480381cdbd41525e85ad	2019-12-02 08:34:51 +0300	2019-11-19 09:16:07 +0300	2019-11-19 13:59:00 +0300	e981558e538048088db4bd8f7ca9ca78	f579dd0808cb4c4280a5790581a511c8						n	0/1	0/100	1970-01-01 02:00:00 +0200
B	b5f129cc8d9146a0805b288f0037ff40	7aedbf9e9be143b1b61c5bf5afde584a	2019-12-02 08:34:51 +0300	2019-11-19 09:16:07 +0300	2019-11-19 13:59:00 +0300	e981558e538048088db4bd8f7ca9ca78	f579dd0808cb4c4280a5790581a511c8						n	0/1	0/100	1970-01-01 02:00:00 +0200
===== END
===== START
R	b5f129cc8d9146a0805b288f0037ff40	da2ca65a4449480381cdbd41525e85ad	2019-12-02 08:34:51 +0300	2019-11-19 09:16:07 +0300	2019-11-19 13:59:00 +0300	e981558e538048088db4bd8f7ca9ca78	f579dd0808cb4c4280a5790581a511c8						n	0/1	0/100	1970-01-01 02:00:00 +0200
R	b5f129cc8d9146a0805b288f0037ff40	7aedbf9e9be143b1b61c5bf5afde584a	2019-12-02 08:34:51 +0300	2019-11-19 09:16:07 +0300	2019-11-19 13:59:00 +0300	e981558e538048088db4bd8f7ca9ca78	f579dd0808cb4c4280a5790581a511c8						n	0/1	0/100	1970-01-01 02:00:00 +0200
===== END
===== START
B	b5f129cc8d9146a0805b288f0037ff40	da2ca65a4449480381cdbd41525e85ad	2019-12-02 08:34:51 +0300	2019-11-19 09:16:07 +0300	2019-11-19 13:59:00 +0300	e981558e538048088db4bd8f7ca9ca78	f579dd0808cb4c4280a5790581a511c8						n	0/1	0/100	1970-01-01 02:00:00 +0200
B	b5f129cc8d9146a0805b288f0037ff40	7aedbf9e9be143b1b61c5bf5afde584a	2019-12-02 08:34:51 +0300	2019-11-19 09:16:07 +0300	2019-11-19 13:59:00 +0300	e981558e538048088db4bd8f7ca9ca78	f579dd0808cb4c4280a5790581a511c8						n	0/1	0/100	1970-01-01 02:00:00 +0200
===== END
===== START
R	b5f129cc8d9146a0805b288f0037ff40	da2ca65a4449480381cdbd41525e85ad	2019-12-02 08:34:51 +0300	2019-11-19 09:16:07 +0300	2019-11-19 13:59:00 +0300	e981558e538048088db4bd8f7ca9ca78	f579dd0808cb4c4280a5790581a511c8						n	0/1	0/100	1970-01-01 02:00:00 +0200
R	b5f129cc8d9146a0805b288f0037ff40	7aedbf9e9be143b1b61c5bf5afde584a	2019-12-02 08:34:51 +0300	2019-11-19 09:16:07 +0300	2019-11-19 13:59:00 +0300	e981558e538048088db4bd8f7ca9ca78	f579dd0808cb4c4280a5790581a511c8						n	0/1	0/100	1970-01-01 02:00:00 +0200
===== END
===== START
===== END
===== START
===== END
===== START
B	e4faa0fe480e4a778e658a8aefb88067	e49eed42ef19487bab2c40317b48b41c	2019-12-02 08:36:10 +0300	2019-11-21 13:35:11 +0300	2019-10-10 13:59:00 +0300	3aa1ec8129524dc2bd8d898c2c0ecfcf	320 5 Selanik Mermer						n	22014506/100	22014506/100	1970-01-01 02:00:00 +0200
B	e4faa0fe480e4a778e658a8aefb88067	500fd4caacd7432abb9a0be8fc638a97	2019-12-02 08:36:10 +0300	2019-11-21 13:35:11 +0300	2019-10-10 13:59:00 +0300	d6f86156a93242cc994b54e04382956e	108 Eski Hesaplar Kasası						n	-22014506/100	-22014506/100	1970-01-01 02:00:00 +0200
===== END
===== START
C	e4faa0fe480e4a778e658a8aefb88067	e49eed42ef19487bab2c40317b48b41c	2019-12-02 08:36:10 +0300	2019-11-21 13:35:11 +0300	2019-10-10 13:59:00 +0300	3aa1ec8129524dc2bd8d898c2c0ecfcf	320 5 Selanik Mermer		Selanik mermere yapılan ödemeler				n	22014506/100	22014506/100	1970-01-01 02:00:00 +0200
C	e4faa0fe480e4a778e658a8aefb88067	500fd4caacd7432abb9a0be8fc638a97	2019-12-02 08:36:10 +0300	2019-11-21 13:35:11 +0300	2019-10-10 13:59:00 +0300	d6f86156a93242cc994b54e04382956e	108 Eski Hesaplar Kasası		Selanik mermere yapılan ödemeler				n	-22014506/100	-22014506/100	1970-01-01 02:00:00 +0200
===== END
===== START
B	17ee9d62cbb542beadc3d740a5651f65	64d844fd3bd140adb789229553526b28	2019-12-02 08:36:48 +0300	2019-11-21 13:33:17 +0300	2018-12-31 13:59:00 +0300	d6f86156a93242cc994b54e04382956e	108 Eski Hesaplar Kasası						n	9595720/100	9595720/100	1970-01-01 02:00:00 +0200
B	17ee9d62cbb542beadc3d740a5651f65	d3cd9e10eb6c4677837e6a6d91f0a399	2019-12-02 08:36:48 +0300	2019-11-21 13:33:17 +0300	2018-12-31 13:59:00 +0300	3aa1ec8129524dc2bd8d898c2c0ecfcf	320 5 Selanik Mermer						n	-9595720/100	-9595720/100	1970-01-01 02:00:00 +0200
===== END
===== START
C	17ee9d62cbb542beadc3d740a5651f65	64d844fd3bd140adb789229553526b28	2019-12-02 08:36:48 +0300	2019-11-21 13:33:17 +0300	2018-12-31 13:59:00 +0300	d6f86156a93242cc994b54e04382956e	108 Eski Hesaplar Kasası		2011-18 Ali Balcı kira gelirleri				n	9595720/100	9595720/100	1970-01-01 02:00:00 +0200
C	17ee9d62cbb542beadc3d740a5651f65	d3cd9e10eb6c4677837e6a6d91f0a399	2019-12-02 08:36:48 +0300	2019-11-21 13:33:17 +0300	2018-12-31 13:59:00 +0300	3aa1ec8129524dc2bd8d898c2c0ecfcf	320 5 Selanik Mermer		2011-18 Ali Balcı kira gelirleri				n	-9595720/100	-9595720/100	1970-01-01 02:00:00 +0200
===== END
===== START
B	9038f09e2db2491fbadcdf9ba2fe9920	e22fd7be1b2c455dba683b82b2b25f4e	2019-12-02 08:37:03 +0300	2019-11-21 13:33:42 +0300	2018-12-31 13:59:00 +0300	d6f86156a93242cc994b54e04382956e	108 Eski Hesaplar Kasası						n	18417854/100	18417854/100	1970-01-01 02:00:00 +0200
B	9038f09e2db2491fbadcdf9ba2fe9920	13d5c1ec671f4d32a6e7de16e2ad8535	2019-12-02 08:37:03 +0300	2019-11-21 13:33:42 +0300	2018-12-31 13:59:00 +0300	3aa1ec8129524dc2bd8d898c2c0ecfcf	320 5 Selanik Mermer						n	-18417854/100	-18417854/100	1970-01-01 02:00:00 +0200
===== END
===== START
C	9038f09e2db2491fbadcdf9ba2fe9920	e22fd7be1b2c455dba683b82b2b25f4e	2019-12-02 08:37:03 +0300	2019-11-21 13:33:42 +0300	2018-12-31 13:59:00 +0300	d6f86156a93242cc994b54e04382956e	108 Eski Hesaplar Kasası		2011-18 Atila Balcı Balcı kira gelirleri				n	18417854/100	18417854/100	1970-01-01 02:00:00 +0200
C	9038f09e2db2491fbadcdf9ba2fe9920	13d5c1ec671f4d32a6e7de16e2ad8535	2019-12-02 08:37:03 +0300	2019-11-21 13:33:42 +0300	2018-12-31 13:59:00 +0300	3aa1ec8129524dc2bd8d898c2c0ecfcf	320 5 Selanik Mermer		2011-18 Atila Balcı Balcı kira gelirleri				n	-18417854/100	-18417854/100	1970-01-01 02:00:00 +0200
===== END
===== START
B	17ee9d62cbb542beadc3d740a5651f65	64d844fd3bd140adb789229553526b28	2019-12-02 08:39:38 +0300	2019-11-21 13:33:17 +0300	2018-12-31 13:59:00 +0300	d6f86156a93242cc994b54e04382956e	108 Eski Hesaplar Kasası		2011-18 Ali Balcı kira gelirleri				n	9595720/100	9595720/100	1970-01-01 02:00:00 +0200
B	17ee9d62cbb542beadc3d740a5651f65	d3cd9e10eb6c4677837e6a6d91f0a399	2019-12-02 08:39:38 +0300	2019-11-21 13:33:17 +0300	2018-12-31 13:59:00 +0300	3aa1ec8129524dc2bd8d898c2c0ecfcf	320 5 Selanik Mermer		2011-18 Ali Balcı kira gelirleri				n	-9595720/100	-9595720/100	1970-01-01 02:00:00 +0200
===== END
===== START
C	17ee9d62cbb542beadc3d740a5651f65	64d844fd3bd140adb789229553526b28	2019-12-02 08:39:38 +0300	2019-11-21 13:33:17 +0300	2018-12-31 13:59:00 +0300	d6f86156a93242cc994b54e04382956e	108 Eski Hesaplar Kasası		2011-19 Ali Balcı kira gelirleri				n	9595720/100	9595720/100	1970-01-01 02:00:00 +0200
C	17ee9d62cbb542beadc3d740a5651f65	d3cd9e10eb6c4677837e6a6d91f0a399	2019-12-02 08:39:38 +0300	2019-11-21 13:33:17 +0300	2018-12-31 13:59:00 +0300	3aa1ec8129524dc2bd8d898c2c0ecfcf	320 5 Selanik Mermer		2011-19 Ali Balcı kira gelirleri				n	-9595720/100	-9595720/100	1970-01-01 02:00:00 +0200
===== END
===== START
B	9038f09e2db2491fbadcdf9ba2fe9920	e22fd7be1b2c455dba683b82b2b25f4e	2019-12-02 08:39:46 +0300	2019-11-21 13:33:42 +0300	2018-12-31 13:59:00 +0300	d6f86156a93242cc994b54e04382956e	108 Eski Hesaplar Kasası		2011-18 Atila Balcı Balcı kira gelirleri				n	18417854/100	18417854/100	1970-01-01 02:00:00 +0200
B	9038f09e2db2491fbadcdf9ba2fe9920	13d5c1ec671f4d32a6e7de16e2ad8535	2019-12-02 08:39:46 +0300	2019-11-21 13:33:42 +0300	2018-12-31 13:59:00 +0300	3aa1ec8129524dc2bd8d898c2c0ecfcf	320 5 Selanik Mermer		2011-18 Atila Balcı Balcı kira gelirleri				n	-18417854/100	-18417854/100	1970-01-01 02:00:00 +0200
===== END
===== START
C	9038f09e2db2491fbadcdf9ba2fe9920	e22fd7be1b2c455dba683b82b2b25f4e	2019-12-02 08:39:46 +0300	2019-11-21 13:33:42 +0300	2018-12-31 13:59:00 +0300	d6f86156a93242cc994b54e04382956e	108 Eski Hesaplar Kasası		2011-19 Atila Balcı Balcı kira gelirleri				n	18417854/100	18417854/100	1970-01-01 02:00:00 +0200
C	9038f09e2db2491fbadcdf9ba2fe9920	13d5c1ec671f4d32a6e7de16e2ad8535	2019-12-02 08:39:46 +0300	2019-11-21 13:33:42 +0300	2018-12-31 13:59:00 +0300	3aa1ec8129524dc2bd8d898c2c0ecfcf	320 5 Selanik Mermer		2011-19 Atila Balcı Balcı kira gelirleri				n	-18417854/100	-18417854/100	1970-01-01 02:00:00 +0200
===== END
===== START
B	17ee9d62cbb542beadc3d740a5651f65	64d844fd3bd140adb789229553526b28	2019-12-02 08:40:03 +0300	2019-11-21 13:33:17 +0300	2018-12-31 13:59:00 +0300	d6f86156a93242cc994b54e04382956e	108 Eski Hesaplar Kasası		2011-19 Ali Balcı kira gelirleri				n	9595720/100	9595720/100	1970-01-01 02:00:00 +0200
B	17ee9d62cbb542beadc3d740a5651f65	d3cd9e10eb6c4677837e6a6d91f0a399	2019-12-02 08:40:03 +0300	2019-11-21 13:33:17 +0300	2018-12-31 13:59:00 +0300	3aa1ec8129524dc2bd8d898c2c0ecfcf	320 5 Selanik Mermer		2011-19 Ali Balcı kira gelirleri				n	-9595720/100	-9595720/100	1970-01-01 02:00:00 +0200
===== END
===== START
C	17ee9d62cbb542beadc3d740a5651f65	64d844fd3bd140adb789229553526b28	2019-12-02 08:40:03 +0300	2019-11-21 13:33:17 +0300	2018-12-31 13:59:00 +0300	d6f86156a93242cc994b54e04382956e	108 Eski Hesaplar Kasası		2011-19 Ali Balcı kira gelirleri				n	10570720/100	10570720/100	1970-01-01 02:00:00 +0200
C	17ee9d62cbb542beadc3d740a5651f65	d3cd9e10eb6c4677837e6a6d91f0a399	2019-12-02 08:40:03 +0300	2019-11-21 13:33:17 +0300	2018-12-31 13:59:00 +0300	3aa1ec8129524dc2bd8d898c2c0ecfcf	320 5 Selanik Mermer		2011-19 Ali Balcı kira gelirleri				n	-10570720/100	-10570720/100	1970-01-01 02:00:00 +0200
===== END
===== START
B	9038f09e2db2491fbadcdf9ba2fe9920	e22fd7be1b2c455dba683b82b2b25f4e	2019-12-02 08:40:08 +0300	2019-11-21 13:33:42 +0300	2018-12-31 13:59:00 +0300	d6f86156a93242cc994b54e04382956e	108 Eski Hesaplar Kasası		2011-19 Atila Balcı Balcı kira gelirleri				n	18417854/100	18417854/100	1970-01-01 02:00:00 +0200
B	9038f09e2db2491fbadcdf9ba2fe9920	13d5c1ec671f4d32a6e7de16e2ad8535	2019-12-02 08:40:08 +0300	2019-11-21 13:33:42 +0300	2018-12-31 13:59:00 +0300	3aa1ec8129524dc2bd8d898c2c0ecfcf	320 5 Selanik Mermer		2011-19 Atila Balcı Balcı kira gelirleri				n	-18417854/100	-18417854/100	1970-01-01 02:00:00 +0200
===== END
===== START
C	9038f09e2db2491fbadcdf9ba2fe9920	e22fd7be1b2c455dba683b82b2b25f4e	2019-12-02 08:40:08 +0300	2019-11-21 13:33:42 +0300	2018-12-31 13:59:00 +0300	d6f86156a93242cc994b54e04382956e	108 Eski Hesaplar Kasası		2011-19 Atila Balcı Balcı kira gelirleri				n	18417854/100	18417854/100	1970-01-01 02:00:00 +0200
C	9038f09e2db2491fbadcdf9ba2fe9920	13d5c1ec671f4d32a6e7de16e2ad8535	2019-12-02 08:40:08 +0300	2019-11-21 13:33:42 +0300	2018-12-31 13:59:00 +0300	3aa1ec8129524dc2bd8d898c2c0ecfcf	320 5 Selanik Mermer		2011-19 Atila Balcı Balcı kira gelirleri				n	-18417854/100	-18417854/100	1970-01-01 02:00:00 +0200
===== END
===== START
B	9038f09e2db2491fbadcdf9ba2fe9920	e22fd7be1b2c455dba683b82b2b25f4e	2019-12-02 08:40:26 +0300	2019-11-21 13:33:42 +0300	2018-12-31 13:59:00 +0300	d6f86156a93242cc994b54e04382956e	108 Eski Hesaplar Kasası		2011-19 Atila Balcı Balcı kira gelirleri				n	18417854/100	18417854/100	1970-01-01 02:00:00 +0200
B	9038f09e2db2491fbadcdf9ba2fe9920	13d5c1ec671f4d32a6e7de16e2ad8535	2019-12-02 08:40:26 +0300	2019-11-21 13:33:42 +0300	2018-12-31 13:59:00 +0300	3aa1ec8129524dc2bd8d898c2c0ecfcf	320 5 Selanik Mermer		2011-19 Atila Balcı Balcı kira gelirleri				n	-18417854/100	-18417854/100	1970-01-01 02:00:00 +0200
===== END
===== START
C	9038f09e2db2491fbadcdf9ba2fe9920	e22fd7be1b2c455dba683b82b2b25f4e	2019-12-02 08:40:26 +0300	2019-11-21 13:33:42 +0300	2018-12-31 13:59:00 +0300	d6f86156a93242cc994b54e04382956e	108 Eski Hesaplar Kasası		2011-19 Atila Balcı Balcı kira gelirleri				n	20866289/100	20866289/100	1970-01-01 02:00:00 +0200
C	9038f09e2db2491fbadcdf9ba2fe9920	13d5c1ec671f4d32a6e7de16e2ad8535	2019-12-02 08:40:26 +0300	2019-11-21 13:33:42 +0300	2018-12-31 13:59:00 +0300	3aa1ec8129524dc2bd8d898c2c0ecfcf	320 5 Selanik Mermer		2011-19 Atila Balcı Balcı kira gelirleri				n	-20866289/100	-20866289/100	1970-01-01 02:00:00 +0200
===== END
===== START
B	9038f09e2db2491fbadcdf9ba2fe9920	e22fd7be1b2c455dba683b82b2b25f4e	2019-12-02 08:40:35 +0300	2019-11-21 13:33:42 +0300	2018-12-31 13:59:00 +0300	d6f86156a93242cc994b54e04382956e	108 Eski Hesaplar Kasası		2011-19 Atila Balcı Balcı kira gelirleri				n	20866289/100	20866289/100	1970-01-01 02:00:00 +0200
B	9038f09e2db2491fbadcdf9ba2fe9920	13d5c1ec671f4d32a6e7de16e2ad8535	2019-12-02 08:40:35 +0300	2019-11-21 13:33:42 +0300	2018-12-31 13:59:00 +0300	3aa1ec8129524dc2bd8d898c2c0ecfcf	320 5 Selanik Mermer		2011-19 Atila Balcı Balcı kira gelirleri				n	-20866289/100	-20866289/100	1970-01-01 02:00:00 +0200
===== END
===== START
C	9038f09e2db2491fbadcdf9ba2fe9920	e22fd7be1b2c455dba683b82b2b25f4e	2019-12-02 08:40:35 +0300	2019-11-21 13:33:42 +0300	2018-12-31 13:59:00 +0300	d6f86156a93242cc994b54e04382956e	108 Eski Hesaplar Kasası		2011-19 Atila Balcı Balcı kira gelirleri				n	20866284/100	20866284/100	1970-01-01 02:00:00 +0200
C	9038f09e2db2491fbadcdf9ba2fe9920	13d5c1ec671f4d32a6e7de16e2ad8535	2019-12-02 08:40:35 +0300	2019-11-21 13:33:42 +0300	2018-12-31 13:59:00 +0300	3aa1ec8129524dc2bd8d898c2c0ecfcf	320 5 Selanik Mermer		2011-19 Atila Balcı Balcı kira gelirleri				n	-20866284/100	-20866284/100	1970-01-01 02:00:00 +0200
===== END
===== START
B	8f2f23b1fa9649378c48b49989d26219	07c34282bbf5437e965fd2da93d59830	2019-12-02 08:40:48 +0300	2019-11-21 13:09:15 +0300	2019-09-02 13:59:00 +0300	95839397af674a06897deec940317c85	64 1 100 Lise Arkası		2019 Ağustos 2020 Lise Arkası 1/4 hisse				n	975000/100	975000/100	1970-01-01 02:00:00 +0200
B	8f2f23b1fa9649378c48b49989d26219	ba8eb9d376564251a7c6e835745a79f0	2019-12-02 08:40:48 +0300	2019-11-21 13:09:15 +0300	2019-09-02 13:59:00 +0300	3aa1ec8129524dc2bd8d898c2c0ecfcf	320 5 Selanik Mermer		2019 Ağustos 2020 Lise Arkası 1/4 hisse				n	-975000/100	-975000/100	1970-01-01 02:00:00 +0200
===== END
===== START
C	8f2f23b1fa9649378c48b49989d26219	07c34282bbf5437e965fd2da93d59830	2019-12-02 08:40:48 +0300	2019-11-21 13:09:15 +0300	2019-09-02 13:59:00 +0300	95839397af674a06897deec940317c85	64 1 100 Lise Arkası		2019 Ağustos 2020 Lise Arkası 1/4 hisse				n	0/100	0/100	1970-01-01 02:00:00 +0200
C	8f2f23b1fa9649378c48b49989d26219	ba8eb9d376564251a7c6e835745a79f0	2019-12-02 08:40:48 +0300	2019-11-21 13:09:15 +0300	2019-09-02 13:59:00 +0300	3aa1ec8129524dc2bd8d898c2c0ecfcf	320 5 Selanik Mermer		2019 Ağustos 2020 Lise Arkası 1/4 hisse				n	0/100	0/100	1970-01-01 02:00:00 +0200
===== END
===== START
B	193a87ff139c47be8bfe8ce56f89d946	e6a1e28c1d8e4452a95754e47af62dfa	2019-12-02 08:40:54 +0300	2019-11-21 13:09:17 +0300	2019-09-02 13:59:00 +0300	95839397af674a06897deec940317c85	64 1 100 Lise Arkası		2019 Ağustos 2020 Lise Arkası 1/4 hisse				n	975000/100	975000/100	1970-01-01 02:00:00 +0200
B	193a87ff139c47be8bfe8ce56f89d946	800f07a5f7bc4365b84c5894af4a27b6	2019-12-02 08:40:54 +0300	2019-11-21 13:09:17 +0300	2019-09-02 13:59:00 +0300	3aa1ec8129524dc2bd8d898c2c0ecfcf	320 5 Selanik Mermer		2019 Ağustos 2020 Lise Arkası 1/4 hisse				n	-975000/100	-975000/100	1970-01-01 02:00:00 +0200
===== END
===== START
C	193a87ff139c47be8bfe8ce56f89d946	e6a1e28c1d8e4452a95754e47af62dfa	2019-12-02 08:40:54 +0300	2019-11-21 13:09:17 +0300	2019-09-02 13:59:00 +0300	95839397af674a06897deec940317c85	64 1 100 Lise Arkası		2019 Ağustos 2020 Lise Arkası 1/4 hisse				n	0/100	0/100	1970-01-01 02:00:00 +0200
C	193a87ff139c47be8bfe8ce56f89d946	800f07a5f7bc4365b84c5894af4a27b6	2019-12-02 08:40:54 +0300	2019-11-21 13:09:17 +0300	2019-09-02 13:59:00 +0300	3aa1ec8129524dc2bd8d898c2c0ecfcf	320 5 Selanik Mermer		2019 Ağustos 2020 Lise Arkası 1/4 hisse				n	0/100	0/100	1970-01-01 02:00:00 +0200
===== END
===== START
B	15a5ae4a9b934d7a86be61d82dcca8a0	056a1e28b28441aea2fd7b137da648e2	2019-12-02 08:40:56 +0300	2019-11-21 12:55:25 +0300	2019-11-21 13:59:00 +0300	3aa1ec8129524dc2bd8d898c2c0ecfcf	320 5 Selanik Mermer		2019-20 LA Ali Balcı Kira Ödemesi 1/4				n	975000/100	975000/100	1970-01-01 02:00:00 +0200
B	15a5ae4a9b934d7a86be61d82dcca8a0	1d580e07abba41dcae40d53ba8d18970	2019-12-02 08:40:56 +0300	2019-11-21 12:55:25 +0300	2019-11-21 13:59:00 +0300	d0e0c6ad9e5e4635a956e3b966797d0c	100 100 Kasa Lise Arkası		2019-20 LA Ali Balcı Kira Ödemesi 1/4				n	-975000/100	-975000/100	1970-01-01 02:00:00 +0200
===== END
===== START
C	15a5ae4a9b934d7a86be61d82dcca8a0	056a1e28b28441aea2fd7b137da648e2	2019-12-02 08:40:56 +0300	2019-11-21 12:55:25 +0300	2019-11-21 13:59:00 +0300	3aa1ec8129524dc2bd8d898c2c0ecfcf	320 5 Selanik Mermer		2019-20 LA Ali Balcı Kira Ödemesi 1/4				n	0/100	0/100	1970-01-01 02:00:00 +0200
C	15a5ae4a9b934d7a86be61d82dcca8a0	1d580e07abba41dcae40d53ba8d18970	2019-12-02 08:40:56 +0300	2019-11-21 12:55:25 +0300	2019-11-21 13:59:00 +0300	d0e0c6ad9e5e4635a956e3b966797d0c	100 100 Kasa Lise Arkası		2019-20 LA Ali Balcı Kira Ödemesi 1/4				n	0/100	0/100	1970-01-01 02:00:00 +0200
===== END
===== START
B	87b3ee526f944c75baec70cabbe4efeb	21ed221d687844f7b3608389290bad1a	2019-12-02 08:40:58 +0300	2019-11-21 12:55:30 +0300	2019-11-21 13:59:00 +0300	3aa1ec8129524dc2bd8d898c2c0ecfcf	320 5 Selanik Mermer		2019-20 LA Atila Balcı Kira Ödemesi 1/4				n	975000/100	975000/100	1970-01-01 02:00:00 +0200
B	87b3ee526f944c75baec70cabbe4efeb	aaf19a0c31af47ce8921dc53383b6295	2019-12-02 08:40:58 +0300	2019-11-21 12:55:30 +0300	2019-11-21 13:59:00 +0300	d0e0c6ad9e5e4635a956e3b966797d0c	100 100 Kasa Lise Arkası		2019-20 LA Atila Balcı Kira Ödemesi 1/4				n	-975000/100	-975000/100	1970-01-01 02:00:00 +0200
===== END
===== START
C	87b3ee526f944c75baec70cabbe4efeb	21ed221d687844f7b3608389290bad1a	2019-12-02 08:40:58 +0300	2019-11-21 12:55:30 +0300	2019-11-21 13:59:00 +0300	3aa1ec8129524dc2bd8d898c2c0ecfcf	320 5 Selanik Mermer		2019-20 LA Atila Balcı Kira Ödemesi 1/4				n	0/100	0/100	1970-01-01 02:00:00 +0200
C	87b3ee526f944c75baec70cabbe4efeb	aaf19a0c31af47ce8921dc53383b6295	2019-12-02 08:40:58 +0300	2019-11-21 12:55:30 +0300	2019-11-21 13:59:00 +0300	d0e0c6ad9e5e4635a956e3b966797d0c	100 100 Kasa Lise Arkası		2019-20 LA Atila Balcı Kira Ödemesi 1/4				n	0/100	0/100	1970-01-01 02:00:00 +0200
===== END
===== START
===== END
===== START
B	ccbdaebf73d0494d97fac18ed320e5c9	0ae4a790e9414855b9237308791e07f0	2019-12-02 08:43:04 +0300	2019-11-20 09:27:11 +0300	2019-11-20 13:59:00 +0300	3a63f12134c244fa86b69fbbccbba3e0	Açık-TRY		2019-20 Lise Arkası Kira Bedeli 1/4				n	975000/100	975000/100	1970-01-01 02:00:00 +0200
B	ccbdaebf73d0494d97fac18ed320e5c9	e8c4d1201cb34ceb9e7f3ca8b9cbe819	2019-12-02 08:43:04 +0300	2019-11-20 09:27:11 +0300	2019-11-20 13:59:00 +0300	8b4e8a0fec9d46faac18955bcf4ac888	320 3 Atila Balcı		2019-20 Lise Arkası Kira Bedeli 1/4				n	-975000/100	-975000/100	1970-01-01 02:00:00 +0200
===== END
===== START
D	ccbdaebf73d0494d97fac18ed320e5c9	0ae4a790e9414855b9237308791e07f0	2019-12-02 08:43:04 +0300	2019-11-20 09:27:11 +0300	2019-11-20 13:59:00 +0300	3a63f12134c244fa86b69fbbccbba3e0	Açık-TRY		2019-20 Lise Arkası Kira Bedeli 1/4				n	975000/100	975000/100	1970-01-01 02:00:00 +0200
D	ccbdaebf73d0494d97fac18ed320e5c9	e8c4d1201cb34ceb9e7f3ca8b9cbe819	2019-12-02 08:43:04 +0300	2019-11-20 09:27:11 +0300	2019-11-20 13:59:00 +0300	8b4e8a0fec9d46faac18955bcf4ac888	320 3 Atila Balcı		2019-20 Lise Arkası Kira Bedeli 1/4				n	-975000/100	-975000/100	1970-01-01 02:00:00 +0200
===== END
===== START
===== END
===== START
D	100055a196d64b969248d6ad61c38f77	9bac6d54099c4c469628292c521cbec5	2019-12-02 08:44:26 +0300	2019-12-02 08:44:26 +0300	2019-12-02 13:59:00 +0300								n	0/1	0/100	1970-01-01 02:00:00 +0200
===== END
===== START
===== END
===== START
B	9b147028cc5a41b3ba64efcf760f6b86	df91bfa755d344ffb67eb49e1cd7ee7d	2019-12-02 08:45:39 +0300	2019-11-21 08:37:21 +0300	2011-04-02 13:59:00 +0300	d6f86156a93242cc994b54e04382956e	108 Eski Hesaplar Kasası		Mustafa Balcı Banka Hesabından				n	437500/100	437500/100	1970-01-01 02:00:00 +0200
B	9b147028cc5a41b3ba64efcf760f6b86	30fc01dd5af0488daf9387b1bd3ef4b4	2019-12-02 08:45:39 +0300	2019-11-21 08:37:21 +0300	2011-04-02 13:59:00 +0300	2989cab05ba94d6b9b654d0567780299	320 1 Ayşe Balcı		Mustafa Balcı Banka Hesabından				n	-437500/100	-437500/100	1970-01-01 02:00:00 +0200
===== END
===== START
C	9b147028cc5a41b3ba64efcf760f6b86	df91bfa755d344ffb67eb49e1cd7ee7d	2019-12-02 08:45:39 +0300	2019-11-21 08:37:21 +0300	2011-04-02 13:59:00 +0300	d6f86156a93242cc994b54e04382956e	108 Eski Hesaplar Kasası		Mustafa Balcı Banka Hesabından				n	0/100	0/100	1970-01-01 02:00:00 +0200
C	9b147028cc5a41b3ba64efcf760f6b86	30fc01dd5af0488daf9387b1bd3ef4b4	2019-12-02 08:45:39 +0300	2019-11-21 08:37:21 +0300	2011-04-02 13:59:00 +0300	2989cab05ba94d6b9b654d0567780299	320 1 Ayşe Balcı		Mustafa Balcı Banka Hesabından				n	0/100	0/100	1970-01-01 02:00:00 +0200
===== END
===== START
B	6e263513f14a42c6b0471a0a4a51eff9	4510586c9f4c4d4b9717d48b834cb8dd	2019-12-02 08:45:40 +0300	2019-11-21 11:00:31 +0300	2011-04-02 13:59:00 +0300	d6f86156a93242cc994b54e04382956e	108 Eski Hesaplar Kasası		Mustafa Balcı Banka Hesabından				n	437500/100	437500/100	1970-01-01 02:00:00 +0200
B	6e263513f14a42c6b0471a0a4a51eff9	0ada6f66d53a4b9b99947d41a48d1ad1	2019-12-02 08:45:40 +0300	2019-11-21 11:00:31 +0300	2011-04-02 13:59:00 +0300	8b4e8a0fec9d46faac18955bcf4ac888	320 3 Atila Balcı		Mustafa Balcı Banka Hesabından				n	-437500/100	-437500/100	1970-01-01 02:00:00 +0200
===== END
===== START
C	6e263513f14a42c6b0471a0a4a51eff9	4510586c9f4c4d4b9717d48b834cb8dd	2019-12-02 08:45:40 +0300	2019-11-21 11:00:31 +0300	2011-04-02 13:59:00 +0300	d6f86156a93242cc994b54e04382956e	108 Eski Hesaplar Kasası		Mustafa Balcı Banka Hesabından				n	0/100	0/100	1970-01-01 02:00:00 +0200
C	6e263513f14a42c6b0471a0a4a51eff9	0ada6f66d53a4b9b99947d41a48d1ad1	2019-12-02 08:45:40 +0300	2019-11-21 11:00:31 +0300	2011-04-02 13:59:00 +0300	8b4e8a0fec9d46faac18955bcf4ac888	320 3 Atila Balcı		Mustafa Balcı Banka Hesabından				n	0/100	0/100	1970-01-01 02:00:00 +0200
===== END
===== START
B	3baf0360392649399691fbc441346981	e5c145d283e6472caa4f7e20f4c937c1	2019-12-02 08:45:43 +0300	2019-11-21 11:00:54 +0300	2011-04-02 13:59:00 +0300	d6f86156a93242cc994b54e04382956e	108 Eski Hesaplar Kasası		Mustafa Balcı Banka Hesabından				n	437500/100	437500/100	1970-01-01 02:00:00 +0200
B	3baf0360392649399691fbc441346981	fe5c33d5da3443b0bab33d76ba379e25	2019-12-02 08:45:43 +0300	2019-11-21 11:00:54 +0300	2011-04-02 13:59:00 +0300	908c3f6feebf4484990b780afddb8c6d	320 2 Ali Balcı		Mustafa Balcı Banka Hesabından				n	-437500/100	-437500/100	1970-01-01 02:00:00 +0200
===== END
===== START
C	3baf0360392649399691fbc441346981	e5c145d283e6472caa4f7e20f4c937c1	2019-12-02 08:45:43 +0300	2019-11-21 11:00:54 +0300	2011-04-02 13:59:00 +0300	d6f86156a93242cc994b54e04382956e	108 Eski Hesaplar Kasası		Mustafa Balcı Banka Hesabından				n	0/100	0/100	1970-01-01 02:00:00 +0200
C	3baf0360392649399691fbc441346981	fe5c33d5da3443b0bab33d76ba379e25	2019-12-02 08:45:43 +0300	2019-11-21 11:00:54 +0300	2011-04-02 13:59:00 +0300	908c3f6feebf4484990b780afddb8c6d	320 2 Ali Balcı		Mustafa Balcı Banka Hesabından				n	0/100	0/100	1970-01-01 02:00:00 +0200
===== END
===== START
B	054b873ba325493caf49ed543fa51ee5	ec006aa224bd432e82bf16757e8c86b4	2019-12-02 08:45:58 +0300	2019-11-21 08:33:13 +0300	2011-04-03 13:59:00 +0300	d6f86156a93242cc994b54e04382956e	108 Eski Hesaplar Kasası		Ayşe Balcı 2011-18 Kira Gelirleri				n	3565720/100	3565720/100	1970-01-01 02:00:00 +0200
B	054b873ba325493caf49ed543fa51ee5	5825c35e795b4d86ab577097ff6cc6ab	2019-12-02 08:45:58 +0300	2019-11-21 08:33:13 +0300	2011-04-03 13:59:00 +0300	2989cab05ba94d6b9b654d0567780299	320 1 Ayşe Balcı		Ayşe Balcı 2011-18 Kira Gelirleri				n	-3565720/100	-3565720/100	1970-01-01 02:00:00 +0200
===== END
===== START
C	054b873ba325493caf49ed543fa51ee5	ec006aa224bd432e82bf16757e8c86b4	2019-12-02 08:45:58 +0300	2019-11-21 08:33:13 +0300	2011-04-03 13:59:00 +0300	d6f86156a93242cc994b54e04382956e	108 Eski Hesaplar Kasası		Ayşe Balcı 2011-18 Kira Gelirleri				n	2811230/100	2811230/100	1970-01-01 02:00:00 +0200
C	054b873ba325493caf49ed543fa51ee5	5825c35e795b4d86ab577097ff6cc6ab	2019-12-02 08:45:58 +0300	2019-11-21 08:33:13 +0300	2011-04-03 13:59:00 +0300	2989cab05ba94d6b9b654d0567780299	320 1 Ayşe Balcı		Ayşe Balcı 2011-18 Kira Gelirleri				n	-2811230/100	-2811230/100	1970-01-01 02:00:00 +0200
===== END
===== START
B	97f5c3fc8702434b9b33f49ed89ddcb8	4b7efb8bf5d749fabed6edb88bd8ff4b	2019-12-02 08:46:54 +0300	2019-11-20 09:17:58 +0300	2019-09-02 13:59:00 +0300	2989cab05ba94d6b9b654d0567780299	320 1 Ayşe Balcı		2019-20 LA Ayşe Balcı Kira Ödemesi 1/4		Havale		n	975000/100	975000/100	1970-01-01 02:00:00 +0200
B	97f5c3fc8702434b9b33f49ed89ddcb8	bd387cb4d7e94a98a114aa76223cab5b	2019-12-02 08:46:54 +0300	2019-11-20 09:17:58 +0300	2019-09-02 13:59:00 +0300	d0e0c6ad9e5e4635a956e3b966797d0c	100 100 Kasa Lise Arkası		2019-20 LA Ayşe Balcı Kira Ödemesi 1/4				n	-975000/100	-975000/100	1970-01-01 02:00:00 +0200
===== END
===== START
C	97f5c3fc8702434b9b33f49ed89ddcb8	4b7efb8bf5d749fabed6edb88bd8ff4b	2019-12-02 08:46:54 +0300	2019-11-20 09:17:58 +0300	2019-09-02 13:59:00 +0300	2989cab05ba94d6b9b654d0567780299	320 1 Ayşe Balcı		2019-20 LA Ayşe Balcı Kira Ödemesi 1/4		Havale		n	0/100	0/100	1970-01-01 02:00:00 +0200
C	97f5c3fc8702434b9b33f49ed89ddcb8	bd387cb4d7e94a98a114aa76223cab5b	2019-12-02 08:46:54 +0300	2019-11-20 09:17:58 +0300	2019-09-02 13:59:00 +0300	d0e0c6ad9e5e4635a956e3b966797d0c	100 100 Kasa Lise Arkası		2019-20 LA Ayşe Balcı Kira Ödemesi 1/4				n	0/100	0/100	1970-01-01 02:00:00 +0200
===== END
===== START
B	91f2e38b811f42d7955cd16640f91661	e4dbed9280bd4c33a5df68de2e4765ea	2019-12-02 08:46:57 +0300	2019-11-21 11:07:24 +0300	2019-09-02 13:59:00 +0300	2989cab05ba94d6b9b654d0567780299	320 1 Ayşe Balcı		Önceki borçlar için havale		Havale		n	525000/100	525000/100	1970-01-01 02:00:00 +0200
B	91f2e38b811f42d7955cd16640f91661	ee9f58e393aa49e28043fdccb11380d8	2019-12-02 08:46:57 +0300	2019-11-21 11:07:24 +0300	2019-09-02 13:59:00 +0300	deabaef30fc841ac9337e26a874ae856	100 KASA		Önceki borçlar için havale				n	-525000/100	-525000/100	1970-01-01 02:00:00 +0200
===== END
===== START
C	91f2e38b811f42d7955cd16640f91661	e4dbed9280bd4c33a5df68de2e4765ea	2019-12-02 08:46:57 +0300	2019-11-21 11:07:24 +0300	2019-09-02 13:59:00 +0300	2989cab05ba94d6b9b654d0567780299	320 1 Ayşe Balcı		Önceki borçlar için havale		Havale		n	525000/100	525000/100	1970-01-01 02:00:00 +0200
C	91f2e38b811f42d7955cd16640f91661	ee9f58e393aa49e28043fdccb11380d8	2019-12-02 08:46:57 +0300	2019-11-21 11:07:24 +0300	2019-09-02 13:59:00 +0300	deabaef30fc841ac9337e26a874ae856	100 KASA		Önceki borçlar için havale				n	-525000/100	-525000/100	1970-01-01 02:00:00 +0200
===== END
===== START
B	91f2e38b811f42d7955cd16640f91661	e4dbed9280bd4c33a5df68de2e4765ea	2019-12-02 08:47:00 +0300	2019-11-21 11:07:24 +0300	2019-09-02 13:59:00 +0300	2989cab05ba94d6b9b654d0567780299	320 1 Ayşe Balcı		Önceki borçlar için havale		Havale		n	525000/100	525000/100	1970-01-01 02:00:00 +0200
B	91f2e38b811f42d7955cd16640f91661	ee9f58e393aa49e28043fdccb11380d8	2019-12-02 08:47:00 +0300	2019-11-21 11:07:24 +0300	2019-09-02 13:59:00 +0300	deabaef30fc841ac9337e26a874ae856	100 KASA		Önceki borçlar için havale				n	-525000/100	-525000/100	1970-01-01 02:00:00 +0200
===== END
===== START
C	91f2e38b811f42d7955cd16640f91661	e4dbed9280bd4c33a5df68de2e4765ea	2019-12-02 08:47:00 +0300	2019-11-21 11:07:24 +0300	2019-09-02 13:59:00 +0300	2989cab05ba94d6b9b654d0567780299	320 1 Ayşe Balcı		Önceki borçlar için havale		Havale		n	0/100	0/100	1970-01-01 02:00:00 +0200
C	91f2e38b811f42d7955cd16640f91661	ee9f58e393aa49e28043fdccb11380d8	2019-12-02 08:47:00 +0300	2019-11-21 11:07:24 +0300	2019-09-02 13:59:00 +0300	deabaef30fc841ac9337e26a874ae856	100 KASA		Önceki borçlar için havale				n	0/100	0/100	1970-01-01 02:00:00 +0200
===== END
===== START
B	91f2e38b811f42d7955cd16640f91661	e4dbed9280bd4c33a5df68de2e4765ea	2019-12-02 08:47:18 +0300	2019-11-21 11:07:24 +0300	2019-09-02 13:59:00 +0300	2989cab05ba94d6b9b654d0567780299	320 1 Ayşe Balcı		Önceki borçlar için havale		Havale		n	0/100	0/100	1970-01-01 02:00:00 +0200
B	91f2e38b811f42d7955cd16640f91661	ee9f58e393aa49e28043fdccb11380d8	2019-12-02 08:47:18 +0300	2019-11-21 11:07:24 +0300	2019-09-02 13:59:00 +0300	deabaef30fc841ac9337e26a874ae856	100 KASA		Önceki borçlar için havale				n	0/100	0/100	1970-01-01 02:00:00 +0200
===== END
===== START
C	91f2e38b811f42d7955cd16640f91661	e4dbed9280bd4c33a5df68de2e4765ea	2019-12-02 08:47:18 +0300	2019-11-21 11:07:24 +0300	2019-09-02 13:59:00 +0300	2989cab05ba94d6b9b654d0567780299	320 1 Ayşe Balcı		Önceki borçlar için havale		Havale		n	525000/100	525000/100	1970-01-01 02:00:00 +0200
C	91f2e38b811f42d7955cd16640f91661	ee9f58e393aa49e28043fdccb11380d8	2019-12-02 08:47:18 +0300	2019-11-21 11:07:24 +0300	2019-09-02 13:59:00 +0300	deabaef30fc841ac9337e26a874ae856	100 KASA		Önceki borçlar için havale				n	-525000/100	-525000/100	1970-01-01 02:00:00 +0200
===== END
===== START
B	97f5c3fc8702434b9b33f49ed89ddcb8	4b7efb8bf5d749fabed6edb88bd8ff4b	2019-12-02 08:47:23 +0300	2019-11-20 09:17:58 +0300	2019-09-02 13:59:00 +0300	2989cab05ba94d6b9b654d0567780299	320 1 Ayşe Balcı		2019-20 LA Ayşe Balcı Kira Ödemesi 1/4		Havale		n	0/100	0/100	1970-01-01 02:00:00 +0200
B	97f5c3fc8702434b9b33f49ed89ddcb8	bd387cb4d7e94a98a114aa76223cab5b	2019-12-02 08:47:23 +0300	2019-11-20 09:17:58 +0300	2019-09-02 13:59:00 +0300	d0e0c6ad9e5e4635a956e3b966797d0c	100 100 Kasa Lise Arkası		2019-20 LA Ayşe Balcı Kira Ödemesi 1/4				n	0/100	0/100	1970-01-01 02:00:00 +0200
===== END
===== START
C	97f5c3fc8702434b9b33f49ed89ddcb8	4b7efb8bf5d749fabed6edb88bd8ff4b	2019-12-02 08:47:23 +0300	2019-11-20 09:17:58 +0300	2019-09-02 13:59:00 +0300	2989cab05ba94d6b9b654d0567780299	320 1 Ayşe Balcı		2019-20 LA Ayşe Balcı Kira Ödemesi 1/4		Havale		n	975000/100	975000/100	1970-01-01 02:00:00 +0200
C	97f5c3fc8702434b9b33f49ed89ddcb8	bd387cb4d7e94a98a114aa76223cab5b	2019-12-02 08:47:23 +0300	2019-11-20 09:17:58 +0300	2019-09-02 13:59:00 +0300	d0e0c6ad9e5e4635a956e3b966797d0c	100 100 Kasa Lise Arkası		2019-20 LA Ayşe Balcı Kira Ödemesi 1/4				n	-975000/100	-975000/100	1970-01-01 02:00:00 +0200
===== END
===== START
B	9b147028cc5a41b3ba64efcf760f6b86	df91bfa755d344ffb67eb49e1cd7ee7d	2019-12-02 08:47:37 +0300	2019-11-21 08:37:21 +0300	2011-04-02 13:59:00 +0300	d6f86156a93242cc994b54e04382956e	108 Eski Hesaplar Kasası		Mustafa Balcı Banka Hesabından				n	0/100	0/100	1970-01-01 02:00:00 +0200
B	9b147028cc5a41b3ba64efcf760f6b86	30fc01dd5af0488daf9387b1bd3ef4b4	2019-12-02 08:47:37 +0300	2019-11-21 08:37:21 +0300	2011-04-02 13:59:00 +0300	2989cab05ba94d6b9b654d0567780299	320 1 Ayşe Balcı		Mustafa Balcı Banka Hesabından				n	0/100	0/100	1970-01-01 02:00:00 +0200
===== END
===== START
C	9b147028cc5a41b3ba64efcf760f6b86	df91bfa755d344ffb67eb49e1cd7ee7d	2019-12-02 08:47:37 +0300	2019-11-21 08:37:21 +0300	2011-04-02 13:59:00 +0300	d6f86156a93242cc994b54e04382956e	108 Eski Hesaplar Kasası		Mustafa Balcı Banka Hesabından				n	437500/100	437500/100	1970-01-01 02:00:00 +0200
C	9b147028cc5a41b3ba64efcf760f6b86	30fc01dd5af0488daf9387b1bd3ef4b4	2019-12-02 08:47:37 +0300	2019-11-21 08:37:21 +0300	2011-04-02 13:59:00 +0300	2989cab05ba94d6b9b654d0567780299	320 1 Ayşe Balcı		Mustafa Balcı Banka Hesabından				n	-437500/100	-437500/100	1970-01-01 02:00:00 +0200
===== END
===== START
B	054b873ba325493caf49ed543fa51ee5	ec006aa224bd432e82bf16757e8c86b4	2019-12-02 08:48:28 +0300	2019-11-21 08:33:13 +0300	2011-04-03 13:59:00 +0300	d6f86156a93242cc994b54e04382956e	108 Eski Hesaplar Kasası		Ayşe Balcı 2011-18 Kira Gelirleri				n	2811230/100	2811230/100	1970-01-01 02:00:00 +0200
B	054b873ba325493caf49ed543fa51ee5	5825c35e795b4d86ab577097ff6cc6ab	2019-12-02 08:48:28 +0300	2019-11-21 08:33:13 +0300	2011-04-03 13:59:00 +0300	2989cab05ba94d6b9b654d0567780299	320 1 Ayşe Balcı		Ayşe Balcı 2011-18 Kira Gelirleri				n	-2811230/100	-2811230/100	1970-01-01 02:00:00 +0200
===== END
===== START
C	054b873ba325493caf49ed543fa51ee5	ec006aa224bd432e82bf16757e8c86b4	2019-12-02 08:48:28 +0300	2019-11-21 08:33:13 +0300	2011-04-03 13:59:00 +0300	d6f86156a93242cc994b54e04382956e	108 Eski Hesaplar Kasası		Ayşe Balcı 2011-18 Kira Gelirleri				n	4540720/100	4540720/100	1970-01-01 02:00:00 +0200
C	054b873ba325493caf49ed543fa51ee5	5825c35e795b4d86ab577097ff6cc6ab	2019-12-02 08:48:28 +0300	2019-11-21 08:33:13 +0300	2011-04-03 13:59:00 +0300	2989cab05ba94d6b9b654d0567780299	320 1 Ayşe Balcı		Ayşe Balcı 2011-18 Kira Gelirleri				n	-4540720/100	-4540720/100	1970-01-01 02:00:00 +0200
===== END
===== START
B	054b873ba325493caf49ed543fa51ee5	ec006aa224bd432e82bf16757e8c86b4	2019-12-02 08:49:06 +0300	2019-11-21 08:33:13 +0300	2011-04-03 13:59:00 +0300	d6f86156a93242cc994b54e04382956e	108 Eski Hesaplar Kasası		Ayşe Balcı 2011-18 Kira Gelirleri				n	4540720/100	4540720/100	1970-01-01 02:00:00 +0200
B	054b873ba325493caf49ed543fa51ee5	5825c35e795b4d86ab577097ff6cc6ab	2019-12-02 08:49:06 +0300	2019-11-21 08:33:13 +0300	2011-04-03 13:59:00 +0300	2989cab05ba94d6b9b654d0567780299	320 1 Ayşe Balcı		Ayşe Balcı 2011-18 Kira Gelirleri				n	-4540720/100	-4540720/100	1970-01-01 02:00:00 +0200
===== END
===== START
C	054b873ba325493caf49ed543fa51ee5	ec006aa224bd432e82bf16757e8c86b4	2019-12-02 08:49:06 +0300	2019-11-21 08:33:13 +0300	2011-04-03 13:59:00 +0300	d6f86156a93242cc994b54e04382956e	108 Eski Hesaplar Kasası		Ayşe Balcı 2011-18 Kira Gelirleri				n	3565720/100	3565720/100	1970-01-01 02:00:00 +0200
C	054b873ba325493caf49ed543fa51ee5	5825c35e795b4d86ab577097ff6cc6ab	2019-12-02 08:49:06 +0300	2019-11-21 08:33:13 +0300	2011-04-03 13:59:00 +0300	2989cab05ba94d6b9b654d0567780299	320 1 Ayşe Balcı		Ayşe Balcı 2011-18 Kira Gelirleri				n	-3565720/100	-3565720/100	1970-01-01 02:00:00 +0200
===== END
===== START
B	054b873ba325493caf49ed543fa51ee5	ec006aa224bd432e82bf16757e8c86b4	2019-12-02 08:49:40 +0300	2019-11-21 08:33:13 +0300	2011-04-03 13:59:00 +0300	d6f86156a93242cc994b54e04382956e	108 Eski Hesaplar Kasası		Ayşe Balcı 2011-18 Kira Gelirleri				n	3565720/100	3565720/100	1970-01-01 02:00:00 +0200
B	054b873ba325493caf49ed543fa51ee5	5825c35e795b4d86ab577097ff6cc6ab	2019-12-02 08:49:40 +0300	2019-11-21 08:33:13 +0300	2011-04-03 13:59:00 +0300	2989cab05ba94d6b9b654d0567780299	320 1 Ayşe Balcı		Ayşe Balcı 2011-18 Kira Gelirleri				n	-3565720/100	-3565720/100	1970-01-01 02:00:00 +0200
===== END
===== START
C	054b873ba325493caf49ed543fa51ee5	ec006aa224bd432e82bf16757e8c86b4	2019-12-02 08:49:40 +0300	2019-11-21 08:33:13 +0300	2011-03-31 13:59:00 +0300	d6f86156a93242cc994b54e04382956e	108 Eski Hesaplar Kasası		Ayşe Balcı 2011-18 Kira Gelirleri				n	3565720/100	3565720/100	1970-01-01 02:00:00 +0200
C	054b873ba325493caf49ed543fa51ee5	5825c35e795b4d86ab577097ff6cc6ab	2019-12-02 08:49:40 +0300	2019-11-21 08:33:13 +0300	2011-03-31 13:59:00 +0300	2989cab05ba94d6b9b654d0567780299	320 1 Ayşe Balcı		Ayşe Balcı 2011-18 Kira Gelirleri				n	-3565720/100	-3565720/100	1970-01-01 02:00:00 +0200
===== END
===== START
B	9b147028cc5a41b3ba64efcf760f6b86	df91bfa755d344ffb67eb49e1cd7ee7d	2019-12-02 08:50:06 +0300	2019-11-21 08:37:21 +0300	2011-04-02 13:59:00 +0300	d6f86156a93242cc994b54e04382956e	108 Eski Hesaplar Kasası		Mustafa Balcı Banka Hesabından				n	437500/100	437500/100	1970-01-01 02:00:00 +0200
B	9b147028cc5a41b3ba64efcf760f6b86	30fc01dd5af0488daf9387b1bd3ef4b4	2019-12-02 08:50:06 +0300	2019-11-21 08:37:21 +0300	2011-04-02 13:59:00 +0300	2989cab05ba94d6b9b654d0567780299	320 1 Ayşe Balcı		Mustafa Balcı Banka Hesabından				n	-437500/100	-437500/100	1970-01-01 02:00:00 +0200
===== END
===== START
C	9b147028cc5a41b3ba64efcf760f6b86	df91bfa755d344ffb67eb49e1cd7ee7d	2019-12-02 08:50:06 +0300	2019-11-21 08:37:21 +0300	2011-03-31 13:59:00 +0300	d6f86156a93242cc994b54e04382956e	108 Eski Hesaplar Kasası		Mustafa Balcı Banka Hesabından				n	437500/100	437500/100	1970-01-01 02:00:00 +0200
C	9b147028cc5a41b3ba64efcf760f6b86	30fc01dd5af0488daf9387b1bd3ef4b4	2019-12-02 08:50:06 +0300	2019-11-21 08:37:21 +0300	2011-03-31 13:59:00 +0300	2989cab05ba94d6b9b654d0567780299	320 1 Ayşe Balcı		Mustafa Balcı Banka Hesabından				n	-437500/100	-437500/100	1970-01-01 02:00:00 +0200
===== END
===== START
B	054b873ba325493caf49ed543fa51ee5	ec006aa224bd432e82bf16757e8c86b4	2019-12-02 08:50:24 +0300	2019-11-21 08:33:13 +0300	2011-03-31 13:59:00 +0300	d6f86156a93242cc994b54e04382956e	108 Eski Hesaplar Kasası		Ayşe Balcı 2011-18 Kira Gelirleri				n	3565720/100	3565720/100	1970-01-01 02:00:00 +0200
B	054b873ba325493caf49ed543fa51ee5	5825c35e795b4d86ab577097ff6cc6ab	2019-12-02 08:50:24 +0300	2019-11-21 08:33:13 +0300	2011-03-31 13:59:00 +0300	2989cab05ba94d6b9b654d0567780299	320 1 Ayşe Balcı		Ayşe Balcı 2011-18 Kira Gelirleri				n	-3565720/100	-3565720/100	1970-01-01 02:00:00 +0200
===== END
===== START
C	054b873ba325493caf49ed543fa51ee5	ec006aa224bd432e82bf16757e8c86b4	2019-12-02 08:50:24 +0300	2019-11-21 08:33:13 +0300	2018-03-31 13:59:00 +0300	d6f86156a93242cc994b54e04382956e	108 Eski Hesaplar Kasası		Ayşe Balcı 2011-18 Kira Gelirleri				n	3565720/100	3565720/100	1970-01-01 02:00:00 +0200
C	054b873ba325493caf49ed543fa51ee5	5825c35e795b4d86ab577097ff6cc6ab	2019-12-02 08:50:24 +0300	2019-11-21 08:33:13 +0300	2018-03-31 13:59:00 +0300	2989cab05ba94d6b9b654d0567780299	320 1 Ayşe Balcı		Ayşe Balcı 2011-18 Kira Gelirleri				n	-3565720/100	-3565720/100	1970-01-01 02:00:00 +0200
===== END
===== START
B	acc84b77a309431ba49be4d435cf68bc	34e551f805aa4fd4ab218c128efad2db	2019-12-02 08:50:51 +0300	2019-11-21 13:07:59 +0300	2019-09-02 13:59:00 +0300	95839397af674a06897deec940317c85	64 1 100 Lise Arkası		2019 Ağustos 2020 Lise Arkası 1/4 hisse				n	975000/100	975000/100	1970-01-01 02:00:00 +0200
B	acc84b77a309431ba49be4d435cf68bc	782fcf60d20245ee8e7d7bac94caca61	2019-12-02 08:50:51 +0300	2019-11-21 13:07:59 +0300	2019-09-02 13:59:00 +0300	2989cab05ba94d6b9b654d0567780299	320 1 Ayşe Balcı		2019 Ağustos 2020 Lise Arkası 1/4 hisse				n	-975000/100	-975000/100	1970-01-01 02:00:00 +0200
===== END
===== START
C	acc84b77a309431ba49be4d435cf68bc	34e551f805aa4fd4ab218c128efad2db	2019-12-02 08:50:51 +0300	2019-11-21 13:07:59 +0300	2019-09-01 13:59:00 +0300	95839397af674a06897deec940317c85	64 1 100 Lise Arkası		2019 Ağustos 2020 Lise Arkası 1/4 hisse				n	975000/100	975000/100	1970-01-01 02:00:00 +0200
C	acc84b77a309431ba49be4d435cf68bc	782fcf60d20245ee8e7d7bac94caca61	2019-12-02 08:50:51 +0300	2019-11-21 13:07:59 +0300	2019-09-01 13:59:00 +0300	2989cab05ba94d6b9b654d0567780299	320 1 Ayşe Balcı		2019 Ağustos 2020 Lise Arkası 1/4 hisse				n	-975000/100	-975000/100	1970-01-01 02:00:00 +0200
===== END
===== START
B	97f5c3fc8702434b9b33f49ed89ddcb8	4b7efb8bf5d749fabed6edb88bd8ff4b	2019-12-02 08:51:08 +0300	2019-11-20 09:17:58 +0300	2019-09-02 13:59:00 +0300	2989cab05ba94d6b9b654d0567780299	320 1 Ayşe Balcı		2019-20 LA Ayşe Balcı Kira Ödemesi 1/4		Havale		n	975000/100	975000/100	1970-01-01 02:00:00 +0200
B	97f5c3fc8702434b9b33f49ed89ddcb8	bd387cb4d7e94a98a114aa76223cab5b	2019-12-02 08:51:08 +0300	2019-11-20 09:17:58 +0300	2019-09-02 13:59:00 +0300	d0e0c6ad9e5e4635a956e3b966797d0c	100 100 Kasa Lise Arkası		2019-20 LA Ayşe Balcı Kira Ödemesi 1/4				n	-975000/100	-975000/100	1970-01-01 02:00:00 +0200
===== END
===== START
C	97f5c3fc8702434b9b33f49ed89ddcb8	4b7efb8bf5d749fabed6edb88bd8ff4b	2019-12-02 08:51:08 +0300	2019-11-20 09:17:58 +0300	2019-09-02 13:59:00 +0300	2989cab05ba94d6b9b654d0567780299	320 1 Ayşe Balcı		2019-20 LA Ayşe Balcı Kira Ödemesi 1/4		Havale 15000		n	975000/100	975000/100	1970-01-01 02:00:00 +0200
C	97f5c3fc8702434b9b33f49ed89ddcb8	bd387cb4d7e94a98a114aa76223cab5b	2019-12-02 08:51:08 +0300	2019-11-20 09:17:58 +0300	2019-09-02 13:59:00 +0300	d0e0c6ad9e5e4635a956e3b966797d0c	100 100 Kasa Lise Arkası		2019-20 LA Ayşe Balcı Kira Ödemesi 1/4				n	-975000/100	-975000/100	1970-01-01 02:00:00 +0200
===== END
===== START
B	91f2e38b811f42d7955cd16640f91661	e4dbed9280bd4c33a5df68de2e4765ea	2019-12-02 08:51:11 +0300	2019-11-21 11:07:24 +0300	2019-09-02 13:59:00 +0300	2989cab05ba94d6b9b654d0567780299	320 1 Ayşe Balcı		Önceki borçlar için havale		Havale		n	525000/100	525000/100	1970-01-01 02:00:00 +0200
B	91f2e38b811f42d7955cd16640f91661	ee9f58e393aa49e28043fdccb11380d8	2019-12-02 08:51:11 +0300	2019-11-21 11:07:24 +0300	2019-09-02 13:59:00 +0300	deabaef30fc841ac9337e26a874ae856	100 KASA		Önceki borçlar için havale				n	-525000/100	-525000/100	1970-01-01 02:00:00 +0200
===== END
===== START
C	91f2e38b811f42d7955cd16640f91661	e4dbed9280bd4c33a5df68de2e4765ea	2019-12-02 08:51:11 +0300	2019-11-21 11:07:24 +0300	2019-09-02 13:59:00 +0300	2989cab05ba94d6b9b654d0567780299	320 1 Ayşe Balcı		Önceki borçlar için havale		Havale 15000		n	525000/100	525000/100	1970-01-01 02:00:00 +0200
C	91f2e38b811f42d7955cd16640f91661	ee9f58e393aa49e28043fdccb11380d8	2019-12-02 08:51:11 +0300	2019-11-21 11:07:24 +0300	2019-09-02 13:59:00 +0300	deabaef30fc841ac9337e26a874ae856	100 KASA		Önceki borçlar için havale				n	-525000/100	-525000/100	1970-01-01 02:00:00 +0200
===== END
