mod	trans_guid	split_guid	time_now	date_entered	date_posted	acc_guid	acc_name	num	description	notes	memo	action	reconciled	amount	value	date_reconciled
-----------------
===== START
B	55945acd68e14cceb54b0d83775db805	01280e963fd34a1eaa5d709abb638273	2019-11-21 08:22:47 +0300	2019-11-19 09:12:30 +0300	2019-11-19 13:59:00 +0300	e056db857c6149d6a9b263777e02e621	68d58bff0d8c41e7b77ad6e0a24e2b72		2019-Nisan-Aralık Kira Bedeli 				n	0/1	0/100	1970-01-01 02:00:00 +0200
B	55945acd68e14cceb54b0d83775db805	e094a65da427421e8fe7b90ae5d719f6	2019-11-21 08:22:47 +0300	2019-11-19 09:12:30 +0300	2019-11-19 13:59:00 +0300	e056db857c6149d6a9b263777e02e621	68d58bff0d8c41e7b77ad6e0a24e2b72		2019-Nisan-Aralık Kira Bedeli 				n	0/1	0/100	1970-01-01 02:00:00 +0200
===== END
===== START
R	55945acd68e14cceb54b0d83775db805	01280e963fd34a1eaa5d709abb638273	2019-11-21 08:22:47 +0300	2019-11-19 09:12:30 +0300	2019-11-19 13:59:00 +0300	e056db857c6149d6a9b263777e02e621	68d58bff0d8c41e7b77ad6e0a24e2b72		2019-Nisan-Aralık Kira Bedeli 				n	0/1	0/100	1970-01-01 02:00:00 +0200
R	55945acd68e14cceb54b0d83775db805	e094a65da427421e8fe7b90ae5d719f6	2019-11-21 08:22:47 +0300	2019-11-19 09:12:30 +0300	2019-11-19 13:59:00 +0300	e056db857c6149d6a9b263777e02e621	68d58bff0d8c41e7b77ad6e0a24e2b72		2019-Nisan-Aralık Kira Bedeli 				n	0/1	0/100	1970-01-01 02:00:00 +0200
===== END
===== START
B	55945acd68e14cceb54b0d83775db805	01280e963fd34a1eaa5d709abb638273	2019-11-21 08:22:47 +0300	2019-11-19 09:12:30 +0300	2019-11-19 13:59:00 +0300	e056db857c6149d6a9b263777e02e621	68d58bff0d8c41e7b77ad6e0a24e2b72		2019-Nisan-Aralık Kira Bedeli 				n	0/1	0/100	1970-01-01 02:00:00 +0200
B	55945acd68e14cceb54b0d83775db805	e094a65da427421e8fe7b90ae5d719f6	2019-11-21 08:22:47 +0300	2019-11-19 09:12:30 +0300	2019-11-19 13:59:00 +0300	e056db857c6149d6a9b263777e02e621	68d58bff0d8c41e7b77ad6e0a24e2b72		2019-Nisan-Aralık Kira Bedeli 				n	0/1	0/100	1970-01-01 02:00:00 +0200
===== END
===== START
R	55945acd68e14cceb54b0d83775db805	01280e963fd34a1eaa5d709abb638273	2019-11-21 08:22:47 +0300	2019-11-19 09:12:30 +0300	2019-11-19 13:59:00 +0300	e056db857c6149d6a9b263777e02e621	68d58bff0d8c41e7b77ad6e0a24e2b72		2019-Nisan-Aralık Kira Bedeli 				n	0/1	0/100	1970-01-01 02:00:00 +0200
R	55945acd68e14cceb54b0d83775db805	e094a65da427421e8fe7b90ae5d719f6	2019-11-21 08:22:47 +0300	2019-11-19 09:12:30 +0300	2019-11-19 13:59:00 +0300	e056db857c6149d6a9b263777e02e621	68d58bff0d8c41e7b77ad6e0a24e2b72		2019-Nisan-Aralık Kira Bedeli 				n	0/1	0/100	1970-01-01 02:00:00 +0200
===== END
===== START
B	4fe50a24b7284a64b92acadaf208bfcc	2a8531ce7e564594831c98b3cec9a7ab	2019-11-21 08:22:47 +0300	2019-11-19 09:14:11 +0300	2019-11-19 13:59:00 +0300	69e29c3a6b84421a9c6e3c86c7ed0308	cc9260dc9cbc4d6797abdd1ea901b208						n	0/1	0/100	1970-01-01 02:00:00 +0200
B	4fe50a24b7284a64b92acadaf208bfcc	f4b160096e6e43a7be80bee2aab22437	2019-11-21 08:22:47 +0300	2019-11-19 09:14:11 +0300	2019-11-19 13:59:00 +0300	69e29c3a6b84421a9c6e3c86c7ed0308	cc9260dc9cbc4d6797abdd1ea901b208						n	0/1	0/100	1970-01-01 02:00:00 +0200
===== END
===== START
R	4fe50a24b7284a64b92acadaf208bfcc	2a8531ce7e564594831c98b3cec9a7ab	2019-11-21 08:22:47 +0300	2019-11-19 09:14:11 +0300	2019-11-19 13:59:00 +0300	69e29c3a6b84421a9c6e3c86c7ed0308	cc9260dc9cbc4d6797abdd1ea901b208						n	0/1	0/100	1970-01-01 02:00:00 +0200
R	4fe50a24b7284a64b92acadaf208bfcc	f4b160096e6e43a7be80bee2aab22437	2019-11-21 08:22:47 +0300	2019-11-19 09:14:11 +0300	2019-11-19 13:59:00 +0300	69e29c3a6b84421a9c6e3c86c7ed0308	cc9260dc9cbc4d6797abdd1ea901b208						n	0/1	0/100	1970-01-01 02:00:00 +0200
===== END
===== START
B	4fe50a24b7284a64b92acadaf208bfcc	2a8531ce7e564594831c98b3cec9a7ab	2019-11-21 08:22:47 +0300	2019-11-19 09:14:11 +0300	2019-11-19 13:59:00 +0300	69e29c3a6b84421a9c6e3c86c7ed0308	cc9260dc9cbc4d6797abdd1ea901b208						n	0/1	0/100	1970-01-01 02:00:00 +0200
B	4fe50a24b7284a64b92acadaf208bfcc	f4b160096e6e43a7be80bee2aab22437	2019-11-21 08:22:47 +0300	2019-11-19 09:14:11 +0300	2019-11-19 13:59:00 +0300	69e29c3a6b84421a9c6e3c86c7ed0308	cc9260dc9cbc4d6797abdd1ea901b208						n	0/1	0/100	1970-01-01 02:00:00 +0200
===== END
===== START
R	4fe50a24b7284a64b92acadaf208bfcc	2a8531ce7e564594831c98b3cec9a7ab	2019-11-21 08:22:47 +0300	2019-11-19 09:14:11 +0300	2019-11-19 13:59:00 +0300	69e29c3a6b84421a9c6e3c86c7ed0308	cc9260dc9cbc4d6797abdd1ea901b208						n	0/1	0/100	1970-01-01 02:00:00 +0200
R	4fe50a24b7284a64b92acadaf208bfcc	f4b160096e6e43a7be80bee2aab22437	2019-11-21 08:22:47 +0300	2019-11-19 09:14:11 +0300	2019-11-19 13:59:00 +0300	69e29c3a6b84421a9c6e3c86c7ed0308	cc9260dc9cbc4d6797abdd1ea901b208						n	0/1	0/100	1970-01-01 02:00:00 +0200
===== END
===== START
B	b5f129cc8d9146a0805b288f0037ff40	da2ca65a4449480381cdbd41525e85ad	2019-11-21 08:22:47 +0300	2019-11-19 09:16:07 +0300	2019-11-19 13:59:00 +0300	e981558e538048088db4bd8f7ca9ca78	f579dd0808cb4c4280a5790581a511c8						n	0/1	0/100	1970-01-01 02:00:00 +0200
B	b5f129cc8d9146a0805b288f0037ff40	7aedbf9e9be143b1b61c5bf5afde584a	2019-11-21 08:22:47 +0300	2019-11-19 09:16:07 +0300	2019-11-19 13:59:00 +0300	e981558e538048088db4bd8f7ca9ca78	f579dd0808cb4c4280a5790581a511c8						n	0/1	0/100	1970-01-01 02:00:00 +0200
===== END
===== START
R	b5f129cc8d9146a0805b288f0037ff40	da2ca65a4449480381cdbd41525e85ad	2019-11-21 08:22:47 +0300	2019-11-19 09:16:07 +0300	2019-11-19 13:59:00 +0300	e981558e538048088db4bd8f7ca9ca78	f579dd0808cb4c4280a5790581a511c8						n	0/1	0/100	1970-01-01 02:00:00 +0200
R	b5f129cc8d9146a0805b288f0037ff40	7aedbf9e9be143b1b61c5bf5afde584a	2019-11-21 08:22:47 +0300	2019-11-19 09:16:07 +0300	2019-11-19 13:59:00 +0300	e981558e538048088db4bd8f7ca9ca78	f579dd0808cb4c4280a5790581a511c8						n	0/1	0/100	1970-01-01 02:00:00 +0200
===== END
===== START
B	b5f129cc8d9146a0805b288f0037ff40	da2ca65a4449480381cdbd41525e85ad	2019-11-21 08:22:47 +0300	2019-11-19 09:16:07 +0300	2019-11-19 13:59:00 +0300	e981558e538048088db4bd8f7ca9ca78	f579dd0808cb4c4280a5790581a511c8						n	0/1	0/100	1970-01-01 02:00:00 +0200
B	b5f129cc8d9146a0805b288f0037ff40	7aedbf9e9be143b1b61c5bf5afde584a	2019-11-21 08:22:47 +0300	2019-11-19 09:16:07 +0300	2019-11-19 13:59:00 +0300	e981558e538048088db4bd8f7ca9ca78	f579dd0808cb4c4280a5790581a511c8						n	0/1	0/100	1970-01-01 02:00:00 +0200
===== END
===== START
R	b5f129cc8d9146a0805b288f0037ff40	da2ca65a4449480381cdbd41525e85ad	2019-11-21 08:22:47 +0300	2019-11-19 09:16:07 +0300	2019-11-19 13:59:00 +0300	e981558e538048088db4bd8f7ca9ca78	f579dd0808cb4c4280a5790581a511c8						n	0/1	0/100	1970-01-01 02:00:00 +0200
R	b5f129cc8d9146a0805b288f0037ff40	7aedbf9e9be143b1b61c5bf5afde584a	2019-11-21 08:22:47 +0300	2019-11-19 09:16:07 +0300	2019-11-19 13:59:00 +0300	e981558e538048088db4bd8f7ca9ca78	f579dd0808cb4c4280a5790581a511c8						n	0/1	0/100	1970-01-01 02:00:00 +0200
===== END
===== START
===== END
===== START
===== END
===== START
===== END
===== START
C	2f4e5518e5474f4889d2cf65e42f3854	4a5f3e7c4c6a4aaaae096a1d7f0edc8d	2019-11-21 08:22:47 +0300	2019-11-19 09:16:07 +0300	2019-11-19 13:59:00 +0300	e981558e538048088db4bd8f7ca9ca78	f579dd0808cb4c4280a5790581a511c8						n	0/1	0/100	1970-01-01 02:00:00 +0200
C	2f4e5518e5474f4889d2cf65e42f3854	5ab5add9546d4192919f4b108d096164	2019-11-21 08:22:47 +0300	2019-11-19 09:16:07 +0300	2019-11-19 13:59:00 +0300	e981558e538048088db4bd8f7ca9ca78	f579dd0808cb4c4280a5790581a511c8						n	0/1	0/100	1970-01-01 02:00:00 +0200
===== END
===== START
B	2f4e5518e5474f4889d2cf65e42f3854	4a5f3e7c4c6a4aaaae096a1d7f0edc8d	2019-11-21 08:22:47 +0300	2019-11-19 09:16:07 +0300	2019-11-19 13:59:00 +0300	e981558e538048088db4bd8f7ca9ca78	f579dd0808cb4c4280a5790581a511c8						n	0/1	0/100	1970-01-01 02:00:00 +0200
B	2f4e5518e5474f4889d2cf65e42f3854	5ab5add9546d4192919f4b108d096164	2019-11-21 08:22:47 +0300	2019-11-19 09:16:07 +0300	2019-11-19 13:59:00 +0300	e981558e538048088db4bd8f7ca9ca78	f579dd0808cb4c4280a5790581a511c8						n	0/1	0/100	1970-01-01 02:00:00 +0200
===== END
===== START
C	2f4e5518e5474f4889d2cf65e42f3854	4a5f3e7c4c6a4aaaae096a1d7f0edc8d	2019-11-21 08:22:47 +0300	2019-11-19 09:16:07 +0300	2019-11-21 13:59:00 +0300	102dac93d1a74a7fb0fe1aecb73c15e3	100 Kasa						n	80000/100	80000/100	1970-01-01 02:00:00 +0200
C	2f4e5518e5474f4889d2cf65e42f3854	5ab5add9546d4192919f4b108d096164	2019-11-21 08:22:47 +0300	2019-11-19 09:16:07 +0300	2019-11-21 13:59:00 +0300	8db7671b8b2d47a0823b663e01ce6edc	127 400 Salih Kaymak 						n	-80000/100	-80000/100	1970-01-01 02:00:00 +0200
===== END
===== START
===== END
===== START
D	a59687f8e89d41a3906e2e4ed30d4fda	d6454aec34ca405d83cd99e61e2e4eea	2019-11-21 08:23:15 +0300	2019-11-21 08:23:15 +0300	2019-11-21 13:59:00 +0300								n	0/1	0/100	1970-01-01 02:00:00 +0200
===== END
===== START
D	aba2c6addcc549f08bed6f9149b263c0	896befc3d0714daca257361f4de9b59f	2019-11-21 08:23:18 +0300	2019-11-21 08:23:18 +0300	2019-11-21 13:59:00 +0300								n	0/1	0/100	1970-01-01 02:00:00 +0200
===== END
===== START
D	0a823919a0d34e90bf7eff81822e0111	325500119bdf4137b0ec1166def916c2	2019-11-21 08:23:24 +0300	2019-11-21 08:23:24 +0300	2019-11-21 13:59:00 +0300								n	0/1	0/100	1970-01-01 02:00:00 +0200
===== END
===== START
===== END
===== START
D	d000ac18ab1c4aa1bc77f6b3889c00c9	ce104282c4c64a3e83350a04518801de	2019-11-21 08:23:53 +0300	2019-11-21 08:23:53 +0300	2019-11-21 13:59:00 +0300								n	0/1	0/100	1970-01-01 02:00:00 +0200
===== END
===== START
===== END
===== START
B	2f4e5518e5474f4889d2cf65e42f3854	4a5f3e7c4c6a4aaaae096a1d7f0edc8d	2019-11-21 08:24:21 +0300	2019-11-19 09:16:07 +0300	2019-11-21 13:59:00 +0300	102dac93d1a74a7fb0fe1aecb73c15e3	100 Kasa						n	80000/100	80000/100	1970-01-01 02:00:00 +0200
B	2f4e5518e5474f4889d2cf65e42f3854	5ab5add9546d4192919f4b108d096164	2019-11-21 08:24:21 +0300	2019-11-19 09:16:07 +0300	2019-11-21 13:59:00 +0300	8db7671b8b2d47a0823b663e01ce6edc	127 400 Salih Kaymak 						n	-80000/100	-80000/100	1970-01-01 02:00:00 +0200
===== END
===== START
C	2f4e5518e5474f4889d2cf65e42f3854	4a5f3e7c4c6a4aaaae096a1d7f0edc8d	2019-11-21 08:24:21 +0300	2019-11-19 09:16:07 +0300	2019-11-21 13:59:00 +0300	288e0797adfd4730b0f41e4a47a7b84f	100 400 Kasa Tuzgümrüğü						n	80000/100	80000/100	1970-01-01 02:00:00 +0200
C	2f4e5518e5474f4889d2cf65e42f3854	5ab5add9546d4192919f4b108d096164	2019-11-21 08:24:21 +0300	2019-11-19 09:16:07 +0300	2019-11-21 13:59:00 +0300	8db7671b8b2d47a0823b663e01ce6edc	127 400 Salih Kaymak 						n	-80000/100	-80000/100	1970-01-01 02:00:00 +0200
===== END
===== START
B	2f4e5518e5474f4889d2cf65e42f3854	4a5f3e7c4c6a4aaaae096a1d7f0edc8d	2019-11-21 08:24:47 +0300	2019-11-19 09:16:07 +0300	2019-11-21 13:59:00 +0300	288e0797adfd4730b0f41e4a47a7b84f	100 400 Kasa Tuzgümrüğü						n	80000/100	80000/100	1970-01-01 02:00:00 +0200
B	2f4e5518e5474f4889d2cf65e42f3854	5ab5add9546d4192919f4b108d096164	2019-11-21 08:24:47 +0300	2019-11-19 09:16:07 +0300	2019-11-21 13:59:00 +0300	8db7671b8b2d47a0823b663e01ce6edc	127 400 Salih Kaymak 						n	-80000/100	-80000/100	1970-01-01 02:00:00 +0200
===== END
===== START
C	2f4e5518e5474f4889d2cf65e42f3854	4a5f3e7c4c6a4aaaae096a1d7f0edc8d	2019-11-21 08:24:47 +0300	2019-11-19 09:16:07 +0300	2019-11-21 13:59:00 +0300	288e0797adfd4730b0f41e4a47a7b84f	100 400 Kasa Tuzgümrüğü		Tuzgümrüğü Kira Ödemesi - Salih Kaymak				n	80000/100	80000/100	1970-01-01 02:00:00 +0200
C	2f4e5518e5474f4889d2cf65e42f3854	5ab5add9546d4192919f4b108d096164	2019-11-21 08:24:47 +0300	2019-11-19 09:16:07 +0300	2019-11-21 13:59:00 +0300	8db7671b8b2d47a0823b663e01ce6edc	127 400 Salih Kaymak 		Tuzgümrüğü Kira Ödemesi - Salih Kaymak				n	-80000/100	-80000/100	1970-01-01 02:00:00 +0200
===== END
===== START
===== END
===== START
===== END
===== START
C	054b873ba325493caf49ed543fa51ee5	5825c35e795b4d86ab577097ff6cc6ab	2019-11-21 08:33:13 +0300	2019-11-21 08:33:13 +0300	2018-01-01 13:59:00 +0300	2989cab05ba94d6b9b654d0567780299	320 1 Ayşe Balcı						n	0/100	0/100	1970-01-01 02:00:00 +0200
===== END
===== START
===== END
===== START
B	054b873ba325493caf49ed543fa51ee5	5825c35e795b4d86ab577097ff6cc6ab	2019-11-21 08:35:30 +0300	2019-11-21 08:33:13 +0300	2018-01-01 13:59:00 +0300	2989cab05ba94d6b9b654d0567780299	320 1 Ayşe Balcı						n	0/100	0/100	1970-01-01 02:00:00 +0200
===== END
===== START
C	054b873ba325493caf49ed543fa51ee5	5825c35e795b4d86ab577097ff6cc6ab	2019-11-21 08:35:30 +0300	2019-11-21 08:33:13 +0300	2018-01-01 13:59:00 +0300	2989cab05ba94d6b9b654d0567780299	320 1 Ayşe Balcı						n	-4540720/100	-4540720/100	1970-01-01 02:00:00 +0200
C	054b873ba325493caf49ed543fa51ee5	ec006aa224bd432e82bf16757e8c86b4	2019-11-21 08:35:30 +0300	2019-11-21 08:33:13 +0300	2018-01-01 13:59:00 +0300	d6f86156a93242cc994b54e04382956e	108 Eski Hesaplar Kasası						n	4540720/100	4540720/100	1970-01-01 02:00:00 +0200
===== END
===== START
B	054b873ba325493caf49ed543fa51ee5	ec006aa224bd432e82bf16757e8c86b4	2019-11-21 08:35:55 +0300	2019-11-21 08:33:13 +0300	2018-01-01 13:59:00 +0300	d6f86156a93242cc994b54e04382956e	108 Eski Hesaplar Kasası						n	4540720/100	4540720/100	1970-01-01 02:00:00 +0200
B	054b873ba325493caf49ed543fa51ee5	5825c35e795b4d86ab577097ff6cc6ab	2019-11-21 08:35:55 +0300	2019-11-21 08:33:13 +0300	2018-01-01 13:59:00 +0300	2989cab05ba94d6b9b654d0567780299	320 1 Ayşe Balcı						n	-4540720/100	-4540720/100	1970-01-01 02:00:00 +0200
===== END
===== START
C	054b873ba325493caf49ed543fa51ee5	ec006aa224bd432e82bf16757e8c86b4	2019-11-21 08:35:55 +0300	2019-11-21 08:33:13 +0300	2018-01-01 13:59:00 +0300	d6f86156a93242cc994b54e04382956e	108 Eski Hesaplar Kasası		Ayşe Balcı 2011-19 Kira Gelirleri				n	4540720/100	4540720/100	1970-01-01 02:00:00 +0200
C	054b873ba325493caf49ed543fa51ee5	5825c35e795b4d86ab577097ff6cc6ab	2019-11-21 08:35:55 +0300	2019-11-21 08:33:13 +0300	2018-01-01 13:59:00 +0300	2989cab05ba94d6b9b654d0567780299	320 1 Ayşe Balcı		Ayşe Balcı 2011-19 Kira Gelirleri				n	-4540720/100	-4540720/100	1970-01-01 02:00:00 +0200
===== END
===== START
B	054b873ba325493caf49ed543fa51ee5	ec006aa224bd432e82bf16757e8c86b4	2019-11-21 08:36:12 +0300	2019-11-21 08:33:13 +0300	2018-01-01 13:59:00 +0300	d6f86156a93242cc994b54e04382956e	108 Eski Hesaplar Kasası		Ayşe Balcı 2011-19 Kira Gelirleri				n	4540720/100	4540720/100	1970-01-01 02:00:00 +0200
B	054b873ba325493caf49ed543fa51ee5	5825c35e795b4d86ab577097ff6cc6ab	2019-11-21 08:36:12 +0300	2019-11-21 08:33:13 +0300	2018-01-01 13:59:00 +0300	2989cab05ba94d6b9b654d0567780299	320 1 Ayşe Balcı		Ayşe Balcı 2011-19 Kira Gelirleri				n	-4540720/100	-4540720/100	1970-01-01 02:00:00 +0200
===== END
===== START
C	054b873ba325493caf49ed543fa51ee5	ec006aa224bd432e82bf16757e8c86b4	2019-11-21 08:36:12 +0300	2019-11-21 08:33:13 +0300	2018-01-01 13:59:00 +0300	d6f86156a93242cc994b54e04382956e	108 Eski Hesaplar Kasası		Ayşe Balcı 2011-18 Kira Gelirleri				n	4540720/100	4540720/100	1970-01-01 02:00:00 +0200
C	054b873ba325493caf49ed543fa51ee5	5825c35e795b4d86ab577097ff6cc6ab	2019-11-21 08:36:12 +0300	2019-11-21 08:33:13 +0300	2018-01-01 13:59:00 +0300	2989cab05ba94d6b9b654d0567780299	320 1 Ayşe Balcı		Ayşe Balcı 2011-18 Kira Gelirleri				n	-4540720/100	-4540720/100	1970-01-01 02:00:00 +0200
===== END
===== START
B	054b873ba325493caf49ed543fa51ee5	ec006aa224bd432e82bf16757e8c86b4	2019-11-21 08:36:41 +0300	2019-11-21 08:33:13 +0300	2018-01-01 13:59:00 +0300	d6f86156a93242cc994b54e04382956e	108 Eski Hesaplar Kasası		Ayşe Balcı 2011-18 Kira Gelirleri				n	4540720/100	4540720/100	1970-01-01 02:00:00 +0200
B	054b873ba325493caf49ed543fa51ee5	5825c35e795b4d86ab577097ff6cc6ab	2019-11-21 08:36:41 +0300	2019-11-21 08:33:13 +0300	2018-01-01 13:59:00 +0300	2989cab05ba94d6b9b654d0567780299	320 1 Ayşe Balcı		Ayşe Balcı 2011-18 Kira Gelirleri				n	-4540720/100	-4540720/100	1970-01-01 02:00:00 +0200
===== END
===== START
C	054b873ba325493caf49ed543fa51ee5	ec006aa224bd432e82bf16757e8c86b4	2019-11-21 08:36:41 +0300	2019-11-21 08:33:13 +0300	2018-01-01 13:59:00 +0300	d6f86156a93242cc994b54e04382956e	108 Eski Hesaplar Kasası		Ayşe Balcı 2011-18 Kira Gelirleri				n	3565720/100	3565720/100	1970-01-01 02:00:00 +0200
C	054b873ba325493caf49ed543fa51ee5	5825c35e795b4d86ab577097ff6cc6ab	2019-11-21 08:36:41 +0300	2019-11-21 08:33:13 +0300	2018-01-01 13:59:00 +0300	2989cab05ba94d6b9b654d0567780299	320 1 Ayşe Balcı		Ayşe Balcı 2011-18 Kira Gelirleri				n	-3565720/100	-3565720/100	1970-01-01 02:00:00 +0200
===== END
