mod	trans_guid	split_guid	time_now	date_entered	date_posted	acc_guid	acc_name	num	description	notes	memo	action	reconciled	amount	value	date_reconciled
-----------------
===== START
===== END
===== START
B	f8a37b2fc9d44078a4e148dd592c0283	6d0f8f6ee56345999b4919b208a75eda	2019-11-21 12:47:14 +0300	2019-11-20 09:16:39 +0300	2019-11-20 13:59:00 +0300	95839397af674a06897deec940317c85	64 1 100 Lise Arkası		2019-20 Lise Arkası Kira Bedeli 1/4				n	975000/100	975000/100	1970-01-01 02:00:00 +0200
B	f8a37b2fc9d44078a4e148dd592c0283	ee43117d7c4d41a88f4b2699a332c852	2019-11-21 12:47:14 +0300	2019-11-20 09:16:39 +0300	2019-11-20 13:59:00 +0300	2989cab05ba94d6b9b654d0567780299	320 1 Ayşe Balcı		2019-20 Lise Arkası Kira Bedeli 1/4				n	-975000/100	-975000/100	1970-01-01 02:00:00 +0200
===== END
===== START
C	f8a37b2fc9d44078a4e148dd592c0283	6d0f8f6ee56345999b4919b208a75eda	2019-11-21 12:47:14 +0300	2019-11-20 09:16:39 +0300	2019-11-20 13:59:00 +0300	95839397af674a06897deec940317c85	64 1 100 Lise Arkası		2019-20 Lise Arkası Kira Bedeli 1/4				n	975000/100	975000/100	1970-01-01 02:00:00 +0200
C	f8a37b2fc9d44078a4e148dd592c0283	ee43117d7c4d41a88f4b2699a332c852	2019-11-21 12:47:14 +0300	2019-11-20 09:16:39 +0300	2019-11-20 13:59:00 +0300	2989cab05ba94d6b9b654d0567780299	320 1 Ayşe Balcı		2019-20 Lise Arkası Kira Bedeli 1/4				n	-975000/100	-975000/100	1970-01-01 02:00:00 +0200
===== END
===== START
B	91f2e38b811f42d7955cd16640f91661	e4dbed9280bd4c33a5df68de2e4765ea	2019-11-21 12:47:28 +0300	2019-11-21 11:07:24 +0300	2011-04-01 13:59:00 +0300	2989cab05ba94d6b9b654d0567780299	320 1 Ayşe Balcı						n	525000/100	525000/100	1970-01-01 02:00:00 +0200
B	91f2e38b811f42d7955cd16640f91661	ee9f58e393aa49e28043fdccb11380d8	2019-11-21 12:47:28 +0300	2019-11-21 11:07:24 +0300	2011-04-01 13:59:00 +0300	102dac93d1a74a7fb0fe1aecb73c15e3	100 Kasa						n	-525000/100	-525000/100	1970-01-01 02:00:00 +0200
===== END
===== START
C	91f2e38b811f42d7955cd16640f91661	e4dbed9280bd4c33a5df68de2e4765ea	2019-11-21 12:47:28 +0300	2019-11-21 11:07:24 +0300	2019-09-02 13:59:00 +0300	2989cab05ba94d6b9b654d0567780299	320 1 Ayşe Balcı						n	525000/100	525000/100	1970-01-01 02:00:00 +0200
C	91f2e38b811f42d7955cd16640f91661	ee9f58e393aa49e28043fdccb11380d8	2019-11-21 12:47:28 +0300	2019-11-21 11:07:24 +0300	2019-09-02 13:59:00 +0300	102dac93d1a74a7fb0fe1aecb73c15e3	100 Kasa						n	-525000/100	-525000/100	1970-01-01 02:00:00 +0200
===== END
===== START
B	f8a37b2fc9d44078a4e148dd592c0283	6d0f8f6ee56345999b4919b208a75eda	2019-11-21 12:47:36 +0300	2019-11-20 09:16:39 +0300	2019-11-20 13:59:00 +0300	95839397af674a06897deec940317c85	64 1 100 Lise Arkası		2019-20 Lise Arkası Kira Bedeli 1/4				n	975000/100	975000/100	1970-01-01 02:00:00 +0200
B	f8a37b2fc9d44078a4e148dd592c0283	ee43117d7c4d41a88f4b2699a332c852	2019-11-21 12:47:36 +0300	2019-11-20 09:16:39 +0300	2019-11-20 13:59:00 +0300	2989cab05ba94d6b9b654d0567780299	320 1 Ayşe Balcı		2019-20 Lise Arkası Kira Bedeli 1/4				n	-975000/100	-975000/100	1970-01-01 02:00:00 +0200
===== END
===== START
C	f8a37b2fc9d44078a4e148dd592c0283	6d0f8f6ee56345999b4919b208a75eda	2019-11-21 12:47:36 +0300	2019-11-20 09:16:39 +0300	2019-09-02 13:59:00 +0300	95839397af674a06897deec940317c85	64 1 100 Lise Arkası		2019-20 Lise Arkası Kira Bedeli 1/4				n	975000/100	975000/100	1970-01-01 02:00:00 +0200
C	f8a37b2fc9d44078a4e148dd592c0283	ee43117d7c4d41a88f4b2699a332c852	2019-11-21 12:47:36 +0300	2019-11-20 09:16:39 +0300	2019-09-02 13:59:00 +0300	2989cab05ba94d6b9b654d0567780299	320 1 Ayşe Balcı		2019-20 Lise Arkası Kira Bedeli 1/4				n	-975000/100	-975000/100	1970-01-01 02:00:00 +0200
===== END
===== START
B	97f5c3fc8702434b9b33f49ed89ddcb8	4b7efb8bf5d749fabed6edb88bd8ff4b	2019-11-21 12:47:51 +0300	2019-11-20 09:17:58 +0300	2019-11-20 13:59:00 +0300	2989cab05ba94d6b9b654d0567780299	320 1 Ayşe Balcı		2019-20 LA Ayşe Balcı Kira Ödemesi 1/4				n	975000/100	975000/100	1970-01-01 02:00:00 +0200
B	97f5c3fc8702434b9b33f49ed89ddcb8	bd387cb4d7e94a98a114aa76223cab5b	2019-11-21 12:47:51 +0300	2019-11-20 09:17:58 +0300	2019-11-20 13:59:00 +0300	d0e0c6ad9e5e4635a956e3b966797d0c	100 100 Kasa Lise Arkası		2019-20 LA Ayşe Balcı Kira Ödemesi 1/4				n	-975000/100	-975000/100	1970-01-01 02:00:00 +0200
===== END
===== START
C	97f5c3fc8702434b9b33f49ed89ddcb8	4b7efb8bf5d749fabed6edb88bd8ff4b	2019-11-21 12:47:51 +0300	2019-11-20 09:17:58 +0300	2019-09-02 13:59:00 +0300	2989cab05ba94d6b9b654d0567780299	320 1 Ayşe Balcı		2019-20 LA Ayşe Balcı Kira Ödemesi 1/4				n	975000/100	975000/100	1970-01-01 02:00:00 +0200
C	97f5c3fc8702434b9b33f49ed89ddcb8	bd387cb4d7e94a98a114aa76223cab5b	2019-11-21 12:47:51 +0300	2019-11-20 09:17:58 +0300	2019-09-02 13:59:00 +0300	d0e0c6ad9e5e4635a956e3b966797d0c	100 100 Kasa Lise Arkası		2019-20 LA Ayşe Balcı Kira Ödemesi 1/4				n	-975000/100	-975000/100	1970-01-01 02:00:00 +0200
===== END
===== START
B	91f2e38b811f42d7955cd16640f91661	e4dbed9280bd4c33a5df68de2e4765ea	2019-11-21 12:48:12 +0300	2019-11-21 11:07:24 +0300	2019-09-02 13:59:00 +0300	2989cab05ba94d6b9b654d0567780299	320 1 Ayşe Balcı						n	525000/100	525000/100	1970-01-01 02:00:00 +0200
B	91f2e38b811f42d7955cd16640f91661	ee9f58e393aa49e28043fdccb11380d8	2019-11-21 12:48:12 +0300	2019-11-21 11:07:24 +0300	2019-09-02 13:59:00 +0300	102dac93d1a74a7fb0fe1aecb73c15e3	100 Kasa						n	-525000/100	-525000/100	1970-01-01 02:00:00 +0200
===== END
===== START
C	91f2e38b811f42d7955cd16640f91661	e4dbed9280bd4c33a5df68de2e4765ea	2019-11-21 12:48:12 +0300	2019-11-21 11:07:24 +0300	2019-09-02 13:59:00 +0300	2989cab05ba94d6b9b654d0567780299	320 1 Ayşe Balcı		Havale				n	525000/100	525000/100	1970-01-01 02:00:00 +0200
C	91f2e38b811f42d7955cd16640f91661	ee9f58e393aa49e28043fdccb11380d8	2019-11-21 12:48:12 +0300	2019-11-21 11:07:24 +0300	2019-09-02 13:59:00 +0300	102dac93d1a74a7fb0fe1aecb73c15e3	100 Kasa		Havale				n	-525000/100	-525000/100	1970-01-01 02:00:00 +0200
===== END
===== START
B	97f5c3fc8702434b9b33f49ed89ddcb8	4b7efb8bf5d749fabed6edb88bd8ff4b	2019-11-21 12:48:23 +0300	2019-11-20 09:17:58 +0300	2019-09-02 13:59:00 +0300	2989cab05ba94d6b9b654d0567780299	320 1 Ayşe Balcı		2019-20 LA Ayşe Balcı Kira Ödemesi 1/4				n	975000/100	975000/100	1970-01-01 02:00:00 +0200
B	97f5c3fc8702434b9b33f49ed89ddcb8	bd387cb4d7e94a98a114aa76223cab5b	2019-11-21 12:48:23 +0300	2019-11-20 09:17:58 +0300	2019-09-02 13:59:00 +0300	d0e0c6ad9e5e4635a956e3b966797d0c	100 100 Kasa Lise Arkası		2019-20 LA Ayşe Balcı Kira Ödemesi 1/4				n	-975000/100	-975000/100	1970-01-01 02:00:00 +0200
===== END
===== START
C	97f5c3fc8702434b9b33f49ed89ddcb8	4b7efb8bf5d749fabed6edb88bd8ff4b	2019-11-21 12:48:23 +0300	2019-11-20 09:17:58 +0300	2019-09-02 13:59:00 +0300	2989cab05ba94d6b9b654d0567780299	320 1 Ayşe Balcı		2019-20 LA Ayşe Balcı Kira Ödemesi 1/4		Havale		n	975000/100	975000/100	1970-01-01 02:00:00 +0200
C	97f5c3fc8702434b9b33f49ed89ddcb8	bd387cb4d7e94a98a114aa76223cab5b	2019-11-21 12:48:23 +0300	2019-11-20 09:17:58 +0300	2019-09-02 13:59:00 +0300	d0e0c6ad9e5e4635a956e3b966797d0c	100 100 Kasa Lise Arkası		2019-20 LA Ayşe Balcı Kira Ödemesi 1/4				n	-975000/100	-975000/100	1970-01-01 02:00:00 +0200
===== END
===== START
B	91f2e38b811f42d7955cd16640f91661	e4dbed9280bd4c33a5df68de2e4765ea	2019-11-21 12:48:45 +0300	2019-11-21 11:07:24 +0300	2019-09-02 13:59:00 +0300	2989cab05ba94d6b9b654d0567780299	320 1 Ayşe Balcı		Havale				n	525000/100	525000/100	1970-01-01 02:00:00 +0200
B	91f2e38b811f42d7955cd16640f91661	ee9f58e393aa49e28043fdccb11380d8	2019-11-21 12:48:45 +0300	2019-11-21 11:07:24 +0300	2019-09-02 13:59:00 +0300	102dac93d1a74a7fb0fe1aecb73c15e3	100 Kasa		Havale				n	-525000/100	-525000/100	1970-01-01 02:00:00 +0200
===== END
===== START
C	91f2e38b811f42d7955cd16640f91661	e4dbed9280bd4c33a5df68de2e4765ea	2019-11-21 12:48:45 +0300	2019-11-21 11:07:24 +0300	2019-09-02 13:59:00 +0300	2989cab05ba94d6b9b654d0567780299	320 1 Ayşe Balcı		Önceki borçlar için havale		Havale		n	525000/100	525000/100	1970-01-01 02:00:00 +0200
C	91f2e38b811f42d7955cd16640f91661	ee9f58e393aa49e28043fdccb11380d8	2019-11-21 12:48:45 +0300	2019-11-21 11:07:24 +0300	2019-09-02 13:59:00 +0300	102dac93d1a74a7fb0fe1aecb73c15e3	100 Kasa		Önceki borçlar için havale				n	-525000/100	-525000/100	1970-01-01 02:00:00 +0200
===== END
===== START
B	ecfccbfb444f4f388baf008ba59fdb39	df00b4102e664faab590cb00792a8385	2019-11-21 12:50:57 +0300	2019-11-20 09:34:20 +0300	2019-11-20 13:59:00 +0300	880418107c944eba947ef884800fa505	501 Geçmiş Dönem Borçları						n	9900000/100	9900000/100	1970-01-01 02:00:00 +0200
B	ecfccbfb444f4f388baf008ba59fdb39	ac9e99b27c1947eab1fd84e0b4bcae12	2019-11-21 12:50:57 +0300	2019-11-20 09:34:20 +0300	2019-11-20 13:59:00 +0300	3aa1ec8129524dc2bd8d898c2c0ecfcf	320 5 Selanik Mermer						n	-9900000/100	-9900000/100	1970-01-01 02:00:00 +0200
===== END
===== START
C	ecfccbfb444f4f388baf008ba59fdb39	df00b4102e664faab590cb00792a8385	2019-11-21 12:50:57 +0300	2019-11-20 09:34:20 +0300	2019-11-20 13:59:00 +0300	880418107c944eba947ef884800fa505	501 Geçmiş Dönem Borçları						n	8974068/100	8974068/100	1970-01-01 02:00:00 +0200
C	ecfccbfb444f4f388baf008ba59fdb39	ac9e99b27c1947eab1fd84e0b4bcae12	2019-11-21 12:50:57 +0300	2019-11-20 09:34:20 +0300	2019-11-20 13:59:00 +0300	3aa1ec8129524dc2bd8d898c2c0ecfcf	320 5 Selanik Mermer						n	-8974068/100	-8974068/100	1970-01-01 02:00:00 +0200
===== END
===== START
B	19ff2bd86a0f48bda8eb6205fb9e05f8	2bbb23b421774baab67c46b3567f5029	2019-11-21 12:51:04 +0300	2019-11-20 09:35:02 +0300	2019-11-20 13:59:00 +0300	3aa1ec8129524dc2bd8d898c2c0ecfcf	320 5 Selanik Mermer						n	2000000/100	2000000/100	1970-01-01 02:00:00 +0200
B	19ff2bd86a0f48bda8eb6205fb9e05f8	289ac24aa5da4a10acc0f91391cdbe48	2019-11-21 12:51:04 +0300	2019-11-20 09:35:02 +0300	2019-11-20 13:59:00 +0300	d0e0c6ad9e5e4635a956e3b966797d0c	100 100 Kasa Lise Arkası						n	-2000000/100	-2000000/100	1970-01-01 02:00:00 +0200
===== END
===== START
C	19ff2bd86a0f48bda8eb6205fb9e05f8	2bbb23b421774baab67c46b3567f5029	2019-11-21 12:51:04 +0300	2019-11-20 09:35:02 +0300	2019-11-20 13:59:00 +0300	3aa1ec8129524dc2bd8d898c2c0ecfcf	320 5 Selanik Mermer						n	975000/100	975000/100	1970-01-01 02:00:00 +0200
C	19ff2bd86a0f48bda8eb6205fb9e05f8	289ac24aa5da4a10acc0f91391cdbe48	2019-11-21 12:51:04 +0300	2019-11-20 09:35:02 +0300	2019-11-20 13:59:00 +0300	d0e0c6ad9e5e4635a956e3b966797d0c	100 100 Kasa Lise Arkası						n	-975000/100	-975000/100	1970-01-01 02:00:00 +0200
===== END
===== START
C	9bc0afce1f5747fe9fcbc96814840281	2fe36fb7919e45e591f37c998b676eb9	2019-11-21 12:51:09 +0300	2019-11-21 12:51:09 +0300	2019-11-21 13:59:00 +0300	3aa1ec8129524dc2bd8d898c2c0ecfcf	320 5 Selanik Mermer						n	-975000/100	-975000/100	1970-01-01 02:00:00 +0200
C	9bc0afce1f5747fe9fcbc96814840281	65602b9de1134db49c8388b1ca2ba89f	2019-11-21 12:51:09 +0300	2019-11-21 12:51:09 +0300	2019-11-21 13:59:00 +0300	3a63f12134c244fa86b69fbbccbba3e0	Açık-TRY						n	975000/100	975000/100	1970-01-01 02:00:00 +0200
===== END
===== START
===== END
===== START
B	ecfccbfb444f4f388baf008ba59fdb39	df00b4102e664faab590cb00792a8385	2019-11-21 12:52:08 +0300	2019-11-20 09:34:20 +0300	2019-11-20 13:59:00 +0300	880418107c944eba947ef884800fa505	501 Geçmiş Dönem Borçları						n	8974068/100	8974068/100	1970-01-01 02:00:00 +0200
B	ecfccbfb444f4f388baf008ba59fdb39	ac9e99b27c1947eab1fd84e0b4bcae12	2019-11-21 12:52:08 +0300	2019-11-20 09:34:20 +0300	2019-11-20 13:59:00 +0300	3aa1ec8129524dc2bd8d898c2c0ecfcf	320 5 Selanik Mermer						n	-8974068/100	-8974068/100	1970-01-01 02:00:00 +0200
===== END
===== START
C	ecfccbfb444f4f388baf008ba59fdb39	df00b4102e664faab590cb00792a8385	2019-11-21 12:52:08 +0300	2019-11-20 09:34:20 +0300	2019-11-20 13:59:00 +0300	d6f86156a93242cc994b54e04382956e	108 Eski Hesaplar Kasası						n	8974068/100	8974068/100	1970-01-01 02:00:00 +0200
C	ecfccbfb444f4f388baf008ba59fdb39	ac9e99b27c1947eab1fd84e0b4bcae12	2019-11-21 12:52:08 +0300	2019-11-20 09:34:20 +0300	2019-11-20 13:59:00 +0300	3aa1ec8129524dc2bd8d898c2c0ecfcf	320 5 Selanik Mermer						n	-8974068/100	-8974068/100	1970-01-01 02:00:00 +0200
===== END
===== START
B	19ff2bd86a0f48bda8eb6205fb9e05f8	2bbb23b421774baab67c46b3567f5029	2019-11-21 12:52:20 +0300	2019-11-20 09:35:02 +0300	2019-11-20 13:59:00 +0300	3aa1ec8129524dc2bd8d898c2c0ecfcf	320 5 Selanik Mermer						n	975000/100	975000/100	1970-01-01 02:00:00 +0200
B	19ff2bd86a0f48bda8eb6205fb9e05f8	289ac24aa5da4a10acc0f91391cdbe48	2019-11-21 12:52:20 +0300	2019-11-20 09:35:02 +0300	2019-11-20 13:59:00 +0300	d0e0c6ad9e5e4635a956e3b966797d0c	100 100 Kasa Lise Arkası						n	-975000/100	-975000/100	1970-01-01 02:00:00 +0200
===== END
===== START
D	19ff2bd86a0f48bda8eb6205fb9e05f8	2bbb23b421774baab67c46b3567f5029	2019-11-21 12:52:20 +0300	2019-11-20 09:35:02 +0300	2019-11-20 13:59:00 +0300	3aa1ec8129524dc2bd8d898c2c0ecfcf	320 5 Selanik Mermer						n	975000/100	975000/100	1970-01-01 02:00:00 +0200
D	19ff2bd86a0f48bda8eb6205fb9e05f8	289ac24aa5da4a10acc0f91391cdbe48	2019-11-21 12:52:20 +0300	2019-11-20 09:35:02 +0300	2019-11-20 13:59:00 +0300	d0e0c6ad9e5e4635a956e3b966797d0c	100 100 Kasa Lise Arkası						n	-975000/100	-975000/100	1970-01-01 02:00:00 +0200
===== END
===== START
B	9bc0afce1f5747fe9fcbc96814840281	65602b9de1134db49c8388b1ca2ba89f	2019-11-21 12:52:20 +0300	2019-11-21 12:51:09 +0300	2019-11-21 13:59:00 +0300	3a63f12134c244fa86b69fbbccbba3e0	Açık-TRY						n	975000/100	975000/100	1970-01-01 02:00:00 +0200
B	9bc0afce1f5747fe9fcbc96814840281	2fe36fb7919e45e591f37c998b676eb9	2019-11-21 12:52:20 +0300	2019-11-21 12:51:09 +0300	2019-11-21 13:59:00 +0300	3aa1ec8129524dc2bd8d898c2c0ecfcf	320 5 Selanik Mermer						n	-975000/100	-975000/100	1970-01-01 02:00:00 +0200
===== END
===== START
D	9bc0afce1f5747fe9fcbc96814840281	65602b9de1134db49c8388b1ca2ba89f	2019-11-21 12:52:20 +0300	2019-11-21 12:51:09 +0300	2019-11-21 13:59:00 +0300	3a63f12134c244fa86b69fbbccbba3e0	Açık-TRY						n	975000/100	975000/100	1970-01-01 02:00:00 +0200
D	9bc0afce1f5747fe9fcbc96814840281	2fe36fb7919e45e591f37c998b676eb9	2019-11-21 12:52:20 +0300	2019-11-21 12:51:09 +0300	2019-11-21 13:59:00 +0300	3aa1ec8129524dc2bd8d898c2c0ecfcf	320 5 Selanik Mermer						n	-975000/100	-975000/100	1970-01-01 02:00:00 +0200
===== END
===== START
===== END
===== START
C	3f57a793acd54eae92e18b328d6076c7	e07642cad69145f5a001159d6f24138d	2019-11-21 12:52:55 +0300	2019-11-21 12:52:55 +0300	2019-11-21 13:59:00 +0300	95839397af674a06897deec940317c85	64 1 100 Lise Arkası						n	975000/100	975000/100	1970-01-01 02:00:00 +0200
C	3f57a793acd54eae92e18b328d6076c7	1aff10b341314295acc8f6807d248e80	2019-11-21 12:52:55 +0300	2019-11-21 12:52:55 +0300	2019-11-21 13:59:00 +0300	3a63f12134c244fa86b69fbbccbba3e0	Açık-TRY						n	-975000/100	-975000/100	1970-01-01 02:00:00 +0200
===== END
===== START
===== END
===== START
D	07820d10b6cb430f986d9e858099c201	6dac6ff8e94c4a9f9ec4a993a72b697a	2019-11-21 12:53:08 +0300	2019-11-21 12:53:08 +0300	2019-11-21 13:59:00 +0300								n	0/1	0/100	1970-01-01 02:00:00 +0200
===== END
===== START
D	ee5ec79894764c74b67bee7dea744220	826a70e121a14c10ac8e7c7e69ca2713	2019-11-21 12:53:09 +0300	2019-11-21 12:53:09 +0300	2011-04-01 13:59:00 +0300								n	0/1	0/100	1970-01-01 02:00:00 +0200
===== END
===== START
D	b1e7c679248d4e4580e53d8fdd027a06	305ed4aca5314c3daef7093a8df74cf6	2019-11-21 12:53:10 +0300	2019-11-21 12:53:10 +0300	2019-11-21 13:59:00 +0300								n	0/1	0/100	1970-01-01 02:00:00 +0200
===== END
===== START
===== END
===== START
===== END
===== START
C	efb8e3fd785947da8816988630aeb3d4	b9dc41f8d2c545feac1d27d42d92634e	2019-11-21 12:53:42 +0300	2019-11-21 12:53:42 +0300	2019-11-21 13:59:00 +0300	95839397af674a06897deec940317c85	64 1 100 Lise Arkası						n	975000/100	975000/100	1970-01-01 02:00:00 +0200
C	efb8e3fd785947da8816988630aeb3d4	7f899f2c3eec4c5bbdac137b54143835	2019-11-21 12:53:42 +0300	2019-11-21 12:53:42 +0300	2019-11-21 13:59:00 +0300	29315354102545bab903fa1e3355d561	010 Mustafa Balcı						n	-975000/100	-975000/100	1970-01-01 02:00:00 +0200
===== END
===== START
===== END
===== START
B	efb8e3fd785947da8816988630aeb3d4	b9dc41f8d2c545feac1d27d42d92634e	2019-11-21 12:53:47 +0300	2019-11-21 12:53:42 +0300	2019-11-21 13:59:00 +0300	95839397af674a06897deec940317c85	64 1 100 Lise Arkası						n	975000/100	975000/100	1970-01-01 02:00:00 +0200
B	efb8e3fd785947da8816988630aeb3d4	7f899f2c3eec4c5bbdac137b54143835	2019-11-21 12:53:47 +0300	2019-11-21 12:53:42 +0300	2019-11-21 13:59:00 +0300	29315354102545bab903fa1e3355d561	010 Mustafa Balcı						n	-975000/100	-975000/100	1970-01-01 02:00:00 +0200
===== END
===== START
D	efb8e3fd785947da8816988630aeb3d4	b9dc41f8d2c545feac1d27d42d92634e	2019-11-21 12:53:47 +0300	2019-11-21 12:53:42 +0300	2019-11-21 13:59:00 +0300	95839397af674a06897deec940317c85	64 1 100 Lise Arkası						n	975000/100	975000/100	1970-01-01 02:00:00 +0200
D	efb8e3fd785947da8816988630aeb3d4	7f899f2c3eec4c5bbdac137b54143835	2019-11-21 12:53:47 +0300	2019-11-21 12:53:42 +0300	2019-11-21 13:59:00 +0300	29315354102545bab903fa1e3355d561	010 Mustafa Balcı						n	-975000/100	-975000/100	1970-01-01 02:00:00 +0200
===== END
===== START
B	b8a4b7b9082046d7ab44b80a4d94a1e5	9ce0dab8308e4c1f95f3acf50820c75e	2019-11-21 12:54:37 +0300	2019-11-20 09:26:38 +0300	2019-11-20 13:59:00 +0300	95839397af674a06897deec940317c85	64 1 100 Lise Arkası		2019-20 Lise Arkası Kira Bedeli 1/4				n	975000/100	975000/100	1970-01-01 02:00:00 +0200
B	b8a4b7b9082046d7ab44b80a4d94a1e5	d99baf61c76746de9f31522161af1905	2019-11-21 12:54:37 +0300	2019-11-20 09:26:38 +0300	2019-11-20 13:59:00 +0300	908c3f6feebf4484990b780afddb8c6d	320 2 Ali Balcı		2019-20 Lise Arkası Kira Bedeli 1/4				n	-975000/100	-975000/100	1970-01-01 02:00:00 +0200
===== END
===== START
D	b8a4b7b9082046d7ab44b80a4d94a1e5	9ce0dab8308e4c1f95f3acf50820c75e	2019-11-21 12:54:37 +0300	2019-11-20 09:26:38 +0300	2019-11-20 13:59:00 +0300	95839397af674a06897deec940317c85	64 1 100 Lise Arkası		2019-20 Lise Arkası Kira Bedeli 1/4				n	975000/100	975000/100	1970-01-01 02:00:00 +0200
D	b8a4b7b9082046d7ab44b80a4d94a1e5	d99baf61c76746de9f31522161af1905	2019-11-21 12:54:37 +0300	2019-11-20 09:26:38 +0300	2019-11-20 13:59:00 +0300	908c3f6feebf4484990b780afddb8c6d	320 2 Ali Balcı		2019-20 Lise Arkası Kira Bedeli 1/4				n	-975000/100	-975000/100	1970-01-01 02:00:00 +0200
===== END
===== START
B	3f57a793acd54eae92e18b328d6076c7	e07642cad69145f5a001159d6f24138d	2019-11-21 12:54:38 +0300	2019-11-21 12:52:55 +0300	2019-11-21 13:59:00 +0300	95839397af674a06897deec940317c85	64 1 100 Lise Arkası						n	975000/100	975000/100	1970-01-01 02:00:00 +0200
B	3f57a793acd54eae92e18b328d6076c7	1aff10b341314295acc8f6807d248e80	2019-11-21 12:54:38 +0300	2019-11-21 12:52:55 +0300	2019-11-21 13:59:00 +0300	3a63f12134c244fa86b69fbbccbba3e0	Açık-TRY						n	-975000/100	-975000/100	1970-01-01 02:00:00 +0200
===== END
===== START
D	3f57a793acd54eae92e18b328d6076c7	e07642cad69145f5a001159d6f24138d	2019-11-21 12:54:38 +0300	2019-11-21 12:52:55 +0300	2019-11-21 13:59:00 +0300	95839397af674a06897deec940317c85	64 1 100 Lise Arkası						n	975000/100	975000/100	1970-01-01 02:00:00 +0200
D	3f57a793acd54eae92e18b328d6076c7	1aff10b341314295acc8f6807d248e80	2019-11-21 12:54:38 +0300	2019-11-21 12:52:55 +0300	2019-11-21 13:59:00 +0300	3a63f12134c244fa86b69fbbccbba3e0	Açık-TRY						n	-975000/100	-975000/100	1970-01-01 02:00:00 +0200
===== END
===== START
B	f8a37b2fc9d44078a4e148dd592c0283	6d0f8f6ee56345999b4919b208a75eda	2019-11-21 12:54:41 +0300	2019-11-20 09:16:39 +0300	2019-09-02 13:59:00 +0300	95839397af674a06897deec940317c85	64 1 100 Lise Arkası		2019-20 Lise Arkası Kira Bedeli 1/4				n	975000/100	975000/100	1970-01-01 02:00:00 +0200
B	f8a37b2fc9d44078a4e148dd592c0283	ee43117d7c4d41a88f4b2699a332c852	2019-11-21 12:54:41 +0300	2019-11-20 09:16:39 +0300	2019-09-02 13:59:00 +0300	2989cab05ba94d6b9b654d0567780299	320 1 Ayşe Balcı		2019-20 Lise Arkası Kira Bedeli 1/4				n	-975000/100	-975000/100	1970-01-01 02:00:00 +0200
===== END
===== START
D	f8a37b2fc9d44078a4e148dd592c0283	6d0f8f6ee56345999b4919b208a75eda	2019-11-21 12:54:41 +0300	2019-11-20 09:16:39 +0300	2019-09-02 13:59:00 +0300	95839397af674a06897deec940317c85	64 1 100 Lise Arkası		2019-20 Lise Arkası Kira Bedeli 1/4				n	975000/100	975000/100	1970-01-01 02:00:00 +0200
D	f8a37b2fc9d44078a4e148dd592c0283	ee43117d7c4d41a88f4b2699a332c852	2019-11-21 12:54:41 +0300	2019-11-20 09:16:39 +0300	2019-09-02 13:59:00 +0300	2989cab05ba94d6b9b654d0567780299	320 1 Ayşe Balcı		2019-20 Lise Arkası Kira Bedeli 1/4				n	-975000/100	-975000/100	1970-01-01 02:00:00 +0200
===== END
===== START
C	15a5ae4a9b934d7a86be61d82dcca8a0	1d580e07abba41dcae40d53ba8d18970	2019-11-21 12:55:25 +0300	2019-11-21 12:55:25 +0300	2019-11-21 13:59:00 +0300	d0e0c6ad9e5e4635a956e3b966797d0c	100 100 Kasa Lise Arkası						n	-975000/100	-975000/100	1970-01-01 02:00:00 +0200
C	15a5ae4a9b934d7a86be61d82dcca8a0	056a1e28b28441aea2fd7b137da648e2	2019-11-21 12:55:25 +0300	2019-11-21 12:55:25 +0300	2019-11-21 13:59:00 +0300	3a63f12134c244fa86b69fbbccbba3e0	Açık-TRY						n	975000/100	975000/100	1970-01-01 02:00:00 +0200
===== END
===== START
===== END
===== START
C	87b3ee526f944c75baec70cabbe4efeb	aaf19a0c31af47ce8921dc53383b6295	2019-11-21 12:55:30 +0300	2019-11-21 12:55:30 +0300	2019-11-21 13:59:00 +0300	d0e0c6ad9e5e4635a956e3b966797d0c	100 100 Kasa Lise Arkası						n	-975000/100	-975000/100	1970-01-01 02:00:00 +0200
C	87b3ee526f944c75baec70cabbe4efeb	21ed221d687844f7b3608389290bad1a	2019-11-21 12:55:30 +0300	2019-11-21 12:55:30 +0300	2019-11-21 13:59:00 +0300	3a63f12134c244fa86b69fbbccbba3e0	Açık-TRY						n	975000/100	975000/100	1970-01-01 02:00:00 +0200
===== END
===== START
===== END
===== START
C	b4056b2a6cca4d9daea338d634525f45	820cd4b299cf49ea9137b023855519fa	2019-11-21 12:55:34 +0300	2019-11-21 12:55:34 +0300	2019-11-21 13:59:00 +0300	d0e0c6ad9e5e4635a956e3b966797d0c	100 100 Kasa Lise Arkası						n	-975000/100	-975000/100	1970-01-01 02:00:00 +0200
C	b4056b2a6cca4d9daea338d634525f45	ce16a201cdb64d3e887148bfb7f68d4b	2019-11-21 12:55:34 +0300	2019-11-21 12:55:34 +0300	2019-11-21 13:59:00 +0300	3a63f12134c244fa86b69fbbccbba3e0	Açık-TRY						n	975000/100	975000/100	1970-01-01 02:00:00 +0200
===== END
===== START
===== END
===== START
B	15a5ae4a9b934d7a86be61d82dcca8a0	056a1e28b28441aea2fd7b137da648e2	2019-11-21 12:55:56 +0300	2019-11-21 12:55:25 +0300	2019-11-21 13:59:00 +0300	3a63f12134c244fa86b69fbbccbba3e0	Açık-TRY						n	975000/100	975000/100	1970-01-01 02:00:00 +0200
B	15a5ae4a9b934d7a86be61d82dcca8a0	1d580e07abba41dcae40d53ba8d18970	2019-11-21 12:55:56 +0300	2019-11-21 12:55:25 +0300	2019-11-21 13:59:00 +0300	d0e0c6ad9e5e4635a956e3b966797d0c	100 100 Kasa Lise Arkası						n	-975000/100	-975000/100	1970-01-01 02:00:00 +0200
===== END
===== START
C	15a5ae4a9b934d7a86be61d82dcca8a0	056a1e28b28441aea2fd7b137da648e2	2019-11-21 12:55:56 +0300	2019-11-21 12:55:25 +0300	2019-11-21 13:59:00 +0300	908c3f6feebf4484990b780afddb8c6d	320 2 Ali Balcı						n	975000/100	975000/100	1970-01-01 02:00:00 +0200
C	15a5ae4a9b934d7a86be61d82dcca8a0	1d580e07abba41dcae40d53ba8d18970	2019-11-21 12:55:56 +0300	2019-11-21 12:55:25 +0300	2019-11-21 13:59:00 +0300	d0e0c6ad9e5e4635a956e3b966797d0c	100 100 Kasa Lise Arkası						n	-975000/100	-975000/100	1970-01-01 02:00:00 +0200
===== END
===== START
B	87b3ee526f944c75baec70cabbe4efeb	21ed221d687844f7b3608389290bad1a	2019-11-21 12:56:03 +0300	2019-11-21 12:55:30 +0300	2019-11-21 13:59:00 +0300	3a63f12134c244fa86b69fbbccbba3e0	Açık-TRY						n	975000/100	975000/100	1970-01-01 02:00:00 +0200
B	87b3ee526f944c75baec70cabbe4efeb	aaf19a0c31af47ce8921dc53383b6295	2019-11-21 12:56:03 +0300	2019-11-21 12:55:30 +0300	2019-11-21 13:59:00 +0300	d0e0c6ad9e5e4635a956e3b966797d0c	100 100 Kasa Lise Arkası						n	-975000/100	-975000/100	1970-01-01 02:00:00 +0200
===== END
===== START
C	87b3ee526f944c75baec70cabbe4efeb	21ed221d687844f7b3608389290bad1a	2019-11-21 12:56:03 +0300	2019-11-21 12:55:30 +0300	2019-11-21 13:59:00 +0300	8b4e8a0fec9d46faac18955bcf4ac888	320 3 Atila Balcı						n	975000/100	975000/100	1970-01-01 02:00:00 +0200
C	87b3ee526f944c75baec70cabbe4efeb	aaf19a0c31af47ce8921dc53383b6295	2019-11-21 12:56:03 +0300	2019-11-21 12:55:30 +0300	2019-11-21 13:59:00 +0300	d0e0c6ad9e5e4635a956e3b966797d0c	100 100 Kasa Lise Arkası						n	-975000/100	-975000/100	1970-01-01 02:00:00 +0200
===== END
===== START
B	b4056b2a6cca4d9daea338d634525f45	ce16a201cdb64d3e887148bfb7f68d4b	2019-11-21 12:56:15 +0300	2019-11-21 12:55:34 +0300	2019-11-21 13:59:00 +0300	3a63f12134c244fa86b69fbbccbba3e0	Açık-TRY						n	975000/100	975000/100	1970-01-01 02:00:00 +0200
B	b4056b2a6cca4d9daea338d634525f45	820cd4b299cf49ea9137b023855519fa	2019-11-21 12:56:15 +0300	2019-11-21 12:55:34 +0300	2019-11-21 13:59:00 +0300	d0e0c6ad9e5e4635a956e3b966797d0c	100 100 Kasa Lise Arkası						n	-975000/100	-975000/100	1970-01-01 02:00:00 +0200
===== END
===== START
C	b4056b2a6cca4d9daea338d634525f45	ce16a201cdb64d3e887148bfb7f68d4b	2019-11-21 12:56:15 +0300	2019-11-21 12:55:34 +0300	2019-11-21 13:59:00 +0300	102dac93d1a74a7fb0fe1aecb73c15e3	100 Kasa						n	975000/100	975000/100	1970-01-01 02:00:00 +0200
C	b4056b2a6cca4d9daea338d634525f45	820cd4b299cf49ea9137b023855519fa	2019-11-21 12:56:15 +0300	2019-11-21 12:55:34 +0300	2019-11-21 13:59:00 +0300	d0e0c6ad9e5e4635a956e3b966797d0c	100 100 Kasa Lise Arkası						n	-975000/100	-975000/100	1970-01-01 02:00:00 +0200
===== END
===== START
B	15a5ae4a9b934d7a86be61d82dcca8a0	056a1e28b28441aea2fd7b137da648e2	2019-11-21 12:56:35 +0300	2019-11-21 12:55:25 +0300	2019-11-21 13:59:00 +0300	908c3f6feebf4484990b780afddb8c6d	320 2 Ali Balcı						n	975000/100	975000/100	1970-01-01 02:00:00 +0200
B	15a5ae4a9b934d7a86be61d82dcca8a0	1d580e07abba41dcae40d53ba8d18970	2019-11-21 12:56:35 +0300	2019-11-21 12:55:25 +0300	2019-11-21 13:59:00 +0300	d0e0c6ad9e5e4635a956e3b966797d0c	100 100 Kasa Lise Arkası						n	-975000/100	-975000/100	1970-01-01 02:00:00 +0200
===== END
===== START
C	15a5ae4a9b934d7a86be61d82dcca8a0	056a1e28b28441aea2fd7b137da648e2	2019-11-21 12:56:35 +0300	2019-11-21 12:55:25 +0300	2019-11-21 13:59:00 +0300	908c3f6feebf4484990b780afddb8c6d	320 2 Ali Balcı		2019-20 LA Ali Balcı Kira Ödemesi 1/4				n	975000/100	975000/100	1970-01-01 02:00:00 +0200
C	15a5ae4a9b934d7a86be61d82dcca8a0	1d580e07abba41dcae40d53ba8d18970	2019-11-21 12:56:35 +0300	2019-11-21 12:55:25 +0300	2019-11-21 13:59:00 +0300	d0e0c6ad9e5e4635a956e3b966797d0c	100 100 Kasa Lise Arkası		2019-20 LA Ali Balcı Kira Ödemesi 1/4				n	-975000/100	-975000/100	1970-01-01 02:00:00 +0200
===== END
===== START
B	87b3ee526f944c75baec70cabbe4efeb	21ed221d687844f7b3608389290bad1a	2019-11-21 12:56:46 +0300	2019-11-21 12:55:30 +0300	2019-11-21 13:59:00 +0300	8b4e8a0fec9d46faac18955bcf4ac888	320 3 Atila Balcı						n	975000/100	975000/100	1970-01-01 02:00:00 +0200
B	87b3ee526f944c75baec70cabbe4efeb	aaf19a0c31af47ce8921dc53383b6295	2019-11-21 12:56:46 +0300	2019-11-21 12:55:30 +0300	2019-11-21 13:59:00 +0300	d0e0c6ad9e5e4635a956e3b966797d0c	100 100 Kasa Lise Arkası						n	-975000/100	-975000/100	1970-01-01 02:00:00 +0200
===== END
===== START
C	87b3ee526f944c75baec70cabbe4efeb	21ed221d687844f7b3608389290bad1a	2019-11-21 12:56:46 +0300	2019-11-21 12:55:30 +0300	2019-11-21 13:59:00 +0300	8b4e8a0fec9d46faac18955bcf4ac888	320 3 Atila Balcı		2019-20 LA Atila Balcı Kira Ödemesi 1/4				n	975000/100	975000/100	1970-01-01 02:00:00 +0200
C	87b3ee526f944c75baec70cabbe4efeb	aaf19a0c31af47ce8921dc53383b6295	2019-11-21 12:56:46 +0300	2019-11-21 12:55:30 +0300	2019-11-21 13:59:00 +0300	d0e0c6ad9e5e4635a956e3b966797d0c	100 100 Kasa Lise Arkası		2019-20 LA Atila Balcı Kira Ödemesi 1/4				n	-975000/100	-975000/100	1970-01-01 02:00:00 +0200
===== END
===== START
B	b4056b2a6cca4d9daea338d634525f45	ce16a201cdb64d3e887148bfb7f68d4b	2019-11-21 12:57:01 +0300	2019-11-21 12:55:34 +0300	2019-11-21 13:59:00 +0300	102dac93d1a74a7fb0fe1aecb73c15e3	100 Kasa						n	975000/100	975000/100	1970-01-01 02:00:00 +0200
B	b4056b2a6cca4d9daea338d634525f45	820cd4b299cf49ea9137b023855519fa	2019-11-21 12:57:01 +0300	2019-11-21 12:55:34 +0300	2019-11-21 13:59:00 +0300	d0e0c6ad9e5e4635a956e3b966797d0c	100 100 Kasa Lise Arkası						n	-975000/100	-975000/100	1970-01-01 02:00:00 +0200
===== END
===== START
C	b4056b2a6cca4d9daea338d634525f45	ce16a201cdb64d3e887148bfb7f68d4b	2019-11-21 12:57:01 +0300	2019-11-21 12:55:34 +0300	2019-11-21 13:59:00 +0300	102dac93d1a74a7fb0fe1aecb73c15e3	100 Kasa		2019-20 LA Kira Ödemesi 1/4				n	975000/100	975000/100	1970-01-01 02:00:00 +0200
C	b4056b2a6cca4d9daea338d634525f45	820cd4b299cf49ea9137b023855519fa	2019-11-21 12:57:01 +0300	2019-11-21 12:55:34 +0300	2019-11-21 13:59:00 +0300	d0e0c6ad9e5e4635a956e3b966797d0c	100 100 Kasa Lise Arkası		2019-20 LA Kira Ödemesi 1/4				n	-975000/100	-975000/100	1970-01-01 02:00:00 +0200
===== END
===== START
B	b4056b2a6cca4d9daea338d634525f45	ce16a201cdb64d3e887148bfb7f68d4b	2019-11-21 13:00:48 +0300	2019-11-21 12:55:34 +0300	2019-11-21 13:59:00 +0300	102dac93d1a74a7fb0fe1aecb73c15e3	100 KASA KİRA		2019-20 LA Kira Ödemesi 1/4				n	975000/100	975000/100	1970-01-01 02:00:00 +0200
B	b4056b2a6cca4d9daea338d634525f45	820cd4b299cf49ea9137b023855519fa	2019-11-21 13:00:48 +0300	2019-11-21 12:55:34 +0300	2019-11-21 13:59:00 +0300	d0e0c6ad9e5e4635a956e3b966797d0c	100 100 Kasa Lise Arkası		2019-20 LA Kira Ödemesi 1/4				n	-975000/100	-975000/100	1970-01-01 02:00:00 +0200
===== END
===== START
C	b4056b2a6cca4d9daea338d634525f45	ce16a201cdb64d3e887148bfb7f68d4b	2019-11-21 13:00:48 +0300	2019-11-21 12:55:34 +0300	2019-11-21 13:59:00 +0300	deabaef30fc841ac9337e26a874ae856	100 KASA		2019-20 LA Kira Ödemesi 1/4				n	975000/100	975000/100	1970-01-01 02:00:00 +0200
C	b4056b2a6cca4d9daea338d634525f45	820cd4b299cf49ea9137b023855519fa	2019-11-21 13:00:48 +0300	2019-11-21 12:55:34 +0300	2019-11-21 13:59:00 +0300	d0e0c6ad9e5e4635a956e3b966797d0c	100 100 Kasa Lise Arkası		2019-20 LA Kira Ödemesi 1/4				n	-975000/100	-975000/100	1970-01-01 02:00:00 +0200
===== END
===== START
B	c4155eca64bd45938d3c1f5164bfd569	4b8694268c0f4a14add531bcaa2adca3	2019-11-21 13:00:58 +0300	2019-11-21 11:06:42 +0300	2011-04-01 13:59:00 +0300	2989cab05ba94d6b9b654d0567780299	320 1 Ayşe Balcı		Maliyeye yatan vergi				n	94990/100	94990/100	1970-01-01 02:00:00 +0200
B	c4155eca64bd45938d3c1f5164bfd569	356883041c3e4183bea2da1da9a5dd86	2019-11-21 13:00:58 +0300	2019-11-21 11:06:42 +0300	2011-04-01 13:59:00 +0300	102dac93d1a74a7fb0fe1aecb73c15e3	100 KASA KİRA		Maliyeye yatan vergi				n	-94990/100	-94990/100	1970-01-01 02:00:00 +0200
===== END
===== START
C	c4155eca64bd45938d3c1f5164bfd569	4b8694268c0f4a14add531bcaa2adca3	2019-11-21 13:00:58 +0300	2019-11-21 11:06:42 +0300	2011-04-01 13:59:00 +0300	2989cab05ba94d6b9b654d0567780299	320 1 Ayşe Balcı		Maliyeye yatan vergi				n	94990/100	94990/100	1970-01-01 02:00:00 +0200
C	c4155eca64bd45938d3c1f5164bfd569	356883041c3e4183bea2da1da9a5dd86	2019-11-21 13:00:58 +0300	2019-11-21 11:06:42 +0300	2011-04-01 13:59:00 +0300	deabaef30fc841ac9337e26a874ae856	100 KASA		Maliyeye yatan vergi				n	-94990/100	-94990/100	1970-01-01 02:00:00 +0200
===== END
===== START
B	e6c6d028665140dab21c5c395bc2ce22	dc2856860c9640309331ff9b6552adbd	2019-11-21 13:01:18 +0300	2019-11-21 11:07:08 +0300	2011-04-01 13:59:00 +0300	2989cab05ba94d6b9b654d0567780299	320 1 Ayşe Balcı		Buderus Kombi 4 kat için				n	572000/100	572000/100	1970-01-01 02:00:00 +0200
B	e6c6d028665140dab21c5c395bc2ce22	0d103feb0779404a86688664de8f796e	2019-11-21 13:01:18 +0300	2019-11-21 11:07:08 +0300	2011-04-01 13:59:00 +0300	102dac93d1a74a7fb0fe1aecb73c15e3	100 KASA KİRA		Buderus Kombi 4 kat için				n	-572000/100	-572000/100	1970-01-01 02:00:00 +0200
===== END
===== START
C	e6c6d028665140dab21c5c395bc2ce22	dc2856860c9640309331ff9b6552adbd	2019-11-21 13:01:18 +0300	2019-11-21 11:07:08 +0300	2011-04-01 13:59:00 +0300	2989cab05ba94d6b9b654d0567780299	320 1 Ayşe Balcı		Buderus Kombi 4 kat için				n	572000/100	572000/100	1970-01-01 02:00:00 +0200
C	e6c6d028665140dab21c5c395bc2ce22	0d103feb0779404a86688664de8f796e	2019-11-21 13:01:18 +0300	2019-11-21 11:07:08 +0300	2011-04-01 13:59:00 +0300	deabaef30fc841ac9337e26a874ae856	100 KASA		Buderus Kombi 4 kat için				n	-572000/100	-572000/100	1970-01-01 02:00:00 +0200
===== END
===== START
B	91f2e38b811f42d7955cd16640f91661	e4dbed9280bd4c33a5df68de2e4765ea	2019-11-21 13:01:34 +0300	2019-11-21 11:07:24 +0300	2019-09-02 13:59:00 +0300	2989cab05ba94d6b9b654d0567780299	320 1 Ayşe Balcı		Önceki borçlar için havale		Havale		n	525000/100	525000/100	1970-01-01 02:00:00 +0200
B	91f2e38b811f42d7955cd16640f91661	ee9f58e393aa49e28043fdccb11380d8	2019-11-21 13:01:34 +0300	2019-11-21 11:07:24 +0300	2019-09-02 13:59:00 +0300	102dac93d1a74a7fb0fe1aecb73c15e3	100 KASA KİRA		Önceki borçlar için havale				n	-525000/100	-525000/100	1970-01-01 02:00:00 +0200
===== END
===== START
C	91f2e38b811f42d7955cd16640f91661	e4dbed9280bd4c33a5df68de2e4765ea	2019-11-21 13:01:34 +0300	2019-11-21 11:07:24 +0300	2019-09-02 13:59:00 +0300	2989cab05ba94d6b9b654d0567780299	320 1 Ayşe Balcı		Önceki borçlar için havale		Havale		n	525000/100	525000/100	1970-01-01 02:00:00 +0200
C	91f2e38b811f42d7955cd16640f91661	ee9f58e393aa49e28043fdccb11380d8	2019-11-21 13:01:34 +0300	2019-11-21 11:07:24 +0300	2019-09-02 13:59:00 +0300	deabaef30fc841ac9337e26a874ae856	100 KASA		Önceki borçlar için havale				n	-525000/100	-525000/100	1970-01-01 02:00:00 +0200
===== END
