mod	trans_guid	split_guid	time_now	date_entered	date_posted	acc_guid	acc_name	num	description	notes	memo	action	reconciled	amount	value	date_reconciled
-----------------
===== START
B	25b1190d1d574320ba124df9acb3d471	2245aa830eb74772942aeca4fe428732	2019-11-21 10:57:24 +0300	2019-11-21 08:42:43 +0300	2011-04-02 13:59:00 +0300	29315354102545bab903fa1e3355d561	010 Mustafa Balcı		Mustafa Balcı Banka Hesabı				n	437500/100	437500/100	1970-01-01 02:00:00 +0200
B	25b1190d1d574320ba124df9acb3d471	a1d9526643a74f5baa01017e8b20a78f	2019-11-21 10:57:24 +0300	2019-11-21 08:42:43 +0300	2011-04-02 13:59:00 +0300	2989cab05ba94d6b9b654d0567780299	320 1 Ayşe Balcı		Mustafa Balcı Banka Hesabı				n	-437500/100	-437500/100	1970-01-01 02:00:00 +0200
===== END
===== START
D	25b1190d1d574320ba124df9acb3d471	2245aa830eb74772942aeca4fe428732	2019-11-21 10:57:24 +0300	2019-11-21 08:42:43 +0300	2011-04-02 13:59:00 +0300	29315354102545bab903fa1e3355d561	010 Mustafa Balcı		Mustafa Balcı Banka Hesabı				n	437500/100	437500/100	1970-01-01 02:00:00 +0200
D	25b1190d1d574320ba124df9acb3d471	a1d9526643a74f5baa01017e8b20a78f	2019-11-21 10:57:24 +0300	2019-11-21 08:42:43 +0300	2011-04-02 13:59:00 +0300	2989cab05ba94d6b9b654d0567780299	320 1 Ayşe Balcı		Mustafa Balcı Banka Hesabı				n	-437500/100	-437500/100	1970-01-01 02:00:00 +0200
===== END
===== START
C	dbd3f80109c34419b9e4aae6a256ba9c	4b035de1474140ea8f4f71635f656b89	2019-11-21 10:59:07 +0300	2019-11-21 10:59:07 +0300	2019-11-21 13:59:00 +0300	d6f86156a93242cc994b54e04382956e	108 Eski Hesaplar Kasası						n	-437500/100	-437500/100	1970-01-01 02:00:00 +0200
C	dbd3f80109c34419b9e4aae6a256ba9c	6c73cfbcf9cc41619ec9f67ee10f862f	2019-11-21 10:59:07 +0300	2019-11-21 10:59:07 +0300	2019-11-21 13:59:00 +0300	2989cab05ba94d6b9b654d0567780299	320 1 Ayşe Balcı						n	437500/100	437500/100	1970-01-01 02:00:00 +0200
===== END
===== START
===== END
===== START
B	dbd3f80109c34419b9e4aae6a256ba9c	6c73cfbcf9cc41619ec9f67ee10f862f	2019-11-21 10:59:34 +0300	2019-11-21 10:59:07 +0300	2019-11-21 13:59:00 +0300	2989cab05ba94d6b9b654d0567780299	320 1 Ayşe Balcı						n	437500/100	437500/100	1970-01-01 02:00:00 +0200
B	dbd3f80109c34419b9e4aae6a256ba9c	4b035de1474140ea8f4f71635f656b89	2019-11-21 10:59:34 +0300	2019-11-21 10:59:07 +0300	2019-11-21 13:59:00 +0300	d6f86156a93242cc994b54e04382956e	108 Eski Hesaplar Kasası						n	-437500/100	-437500/100	1970-01-01 02:00:00 +0200
===== END
===== START
D	dbd3f80109c34419b9e4aae6a256ba9c	6c73cfbcf9cc41619ec9f67ee10f862f	2019-11-21 10:59:34 +0300	2019-11-21 10:59:07 +0300	2019-11-21 13:59:00 +0300	2989cab05ba94d6b9b654d0567780299	320 1 Ayşe Balcı						n	437500/100	437500/100	1970-01-01 02:00:00 +0200
D	dbd3f80109c34419b9e4aae6a256ba9c	4b035de1474140ea8f4f71635f656b89	2019-11-21 10:59:34 +0300	2019-11-21 10:59:07 +0300	2019-11-21 13:59:00 +0300	d6f86156a93242cc994b54e04382956e	108 Eski Hesaplar Kasası						n	-437500/100	-437500/100	1970-01-01 02:00:00 +0200
===== END
===== START
B	9b147028cc5a41b3ba64efcf760f6b86	df91bfa755d344ffb67eb49e1cd7ee7d	2019-11-21 10:59:48 +0300	2019-11-21 08:37:21 +0300	2011-04-03 13:59:00 +0300	d6f86156a93242cc994b54e04382956e	108 Eski Hesaplar Kasası						n	437500/100	437500/100	1970-01-01 02:00:00 +0200
B	9b147028cc5a41b3ba64efcf760f6b86	30fc01dd5af0488daf9387b1bd3ef4b4	2019-11-21 10:59:48 +0300	2019-11-21 08:37:21 +0300	2011-04-03 13:59:00 +0300	2989cab05ba94d6b9b654d0567780299	320 1 Ayşe Balcı						n	-437500/100	-437500/100	1970-01-01 02:00:00 +0200
===== END
===== START
C	9b147028cc5a41b3ba64efcf760f6b86	df91bfa755d344ffb67eb49e1cd7ee7d	2019-11-21 10:59:48 +0300	2019-11-21 08:37:21 +0300	2011-04-03 13:59:00 +0300	d6f86156a93242cc994b54e04382956e	108 Eski Hesaplar Kasası		Mustafa Bl				n	437500/100	437500/100	1970-01-01 02:00:00 +0200
C	9b147028cc5a41b3ba64efcf760f6b86	30fc01dd5af0488daf9387b1bd3ef4b4	2019-11-21 10:59:48 +0300	2019-11-21 08:37:21 +0300	2011-04-03 13:59:00 +0300	2989cab05ba94d6b9b654d0567780299	320 1 Ayşe Balcı		Mustafa Bl				n	-437500/100	-437500/100	1970-01-01 02:00:00 +0200
===== END
===== START
B	054b873ba325493caf49ed543fa51ee5	ec006aa224bd432e82bf16757e8c86b4	2019-11-21 10:59:51 +0300	2019-11-21 08:33:13 +0300	2018-01-01 13:59:00 +0300	d6f86156a93242cc994b54e04382956e	108 Eski Hesaplar Kasası		Ayşe Balcı 2011-18 Kira Gelirleri				n	3565720/100	3565720/100	1970-01-01 02:00:00 +0200
B	054b873ba325493caf49ed543fa51ee5	5825c35e795b4d86ab577097ff6cc6ab	2019-11-21 10:59:51 +0300	2019-11-21 08:33:13 +0300	2018-01-01 13:59:00 +0300	2989cab05ba94d6b9b654d0567780299	320 1 Ayşe Balcı		Ayşe Balcı 2011-18 Kira Gelirleri				n	-3565720/100	-3565720/100	1970-01-01 02:00:00 +0200
===== END
===== START
C	054b873ba325493caf49ed543fa51ee5	ec006aa224bd432e82bf16757e8c86b4	2019-11-21 10:59:51 +0300	2019-11-21 08:33:13 +0300	2019-11-21 13:59:00 +0300	d6f86156a93242cc994b54e04382956e	108 Eski Hesaplar Kasası		Ayşe Balcı 2011-18 Kira Gelirleri				n	3565720/100	3565720/100	1970-01-01 02:00:00 +0200
C	054b873ba325493caf49ed543fa51ee5	5825c35e795b4d86ab577097ff6cc6ab	2019-11-21 10:59:51 +0300	2019-11-21 08:33:13 +0300	2019-11-21 13:59:00 +0300	2989cab05ba94d6b9b654d0567780299	320 1 Ayşe Balcı		Ayşe Balcı 2011-18 Kira Gelirleri				n	-3565720/100	-3565720/100	1970-01-01 02:00:00 +0200
===== END
===== START
B	9b147028cc5a41b3ba64efcf760f6b86	df91bfa755d344ffb67eb49e1cd7ee7d	2019-11-21 11:00:22 +0300	2019-11-21 08:37:21 +0300	2011-04-03 13:59:00 +0300	d6f86156a93242cc994b54e04382956e	108 Eski Hesaplar Kasası		Mustafa Bl				n	437500/100	437500/100	1970-01-01 02:00:00 +0200
B	9b147028cc5a41b3ba64efcf760f6b86	30fc01dd5af0488daf9387b1bd3ef4b4	2019-11-21 11:00:22 +0300	2019-11-21 08:37:21 +0300	2011-04-03 13:59:00 +0300	2989cab05ba94d6b9b654d0567780299	320 1 Ayşe Balcı		Mustafa Bl				n	-437500/100	-437500/100	1970-01-01 02:00:00 +0200
===== END
===== START
C	9b147028cc5a41b3ba64efcf760f6b86	df91bfa755d344ffb67eb49e1cd7ee7d	2019-11-21 11:00:22 +0300	2019-11-21 08:37:21 +0300	2011-04-03 13:59:00 +0300	d6f86156a93242cc994b54e04382956e	108 Eski Hesaplar Kasası		Mustafa Balcı Banka Hesabından				n	437500/100	437500/100	1970-01-01 02:00:00 +0200
C	9b147028cc5a41b3ba64efcf760f6b86	30fc01dd5af0488daf9387b1bd3ef4b4	2019-11-21 11:00:22 +0300	2019-11-21 08:37:21 +0300	2011-04-03 13:59:00 +0300	2989cab05ba94d6b9b654d0567780299	320 1 Ayşe Balcı		Mustafa Balcı Banka Hesabından				n	-437500/100	-437500/100	1970-01-01 02:00:00 +0200
===== END
===== START
===== END
===== START
C	6e263513f14a42c6b0471a0a4a51eff9	4510586c9f4c4d4b9717d48b834cb8dd	2019-11-21 11:00:31 +0300	2019-11-21 11:00:31 +0300	2019-11-21 13:59:00 +0300	d6f86156a93242cc994b54e04382956e	108 Eski Hesaplar Kasası		Mustafa Balcı Banka Hesabından				n	437500/100	437500/100	1970-01-01 02:00:00 +0200
C	6e263513f14a42c6b0471a0a4a51eff9	0ada6f66d53a4b9b99947d41a48d1ad1	2019-11-21 11:00:31 +0300	2019-11-21 11:00:31 +0300	2019-11-21 13:59:00 +0300	2989cab05ba94d6b9b654d0567780299	320 1 Ayşe Balcı		Mustafa Balcı Banka Hesabından				n	-437500/100	-437500/100	1970-01-01 02:00:00 +0200
===== END
===== START
B	6e263513f14a42c6b0471a0a4a51eff9	4510586c9f4c4d4b9717d48b834cb8dd	2019-11-21 11:00:46 +0300	2019-11-21 11:00:31 +0300	2019-11-21 13:59:00 +0300	d6f86156a93242cc994b54e04382956e	108 Eski Hesaplar Kasası		Mustafa Balcı Banka Hesabından				n	437500/100	437500/100	1970-01-01 02:00:00 +0200
B	6e263513f14a42c6b0471a0a4a51eff9	0ada6f66d53a4b9b99947d41a48d1ad1	2019-11-21 11:00:46 +0300	2019-11-21 11:00:31 +0300	2019-11-21 13:59:00 +0300	2989cab05ba94d6b9b654d0567780299	320 1 Ayşe Balcı		Mustafa Balcı Banka Hesabından				n	-437500/100	-437500/100	1970-01-01 02:00:00 +0200
===== END
===== START
C	6e263513f14a42c6b0471a0a4a51eff9	4510586c9f4c4d4b9717d48b834cb8dd	2019-11-21 11:00:46 +0300	2019-11-21 11:00:31 +0300	2019-11-21 13:59:00 +0300	d6f86156a93242cc994b54e04382956e	108 Eski Hesaplar Kasası		Mustafa Balcı Banka Hesabından				n	437500/100	437500/100	1970-01-01 02:00:00 +0200
C	6e263513f14a42c6b0471a0a4a51eff9	0ada6f66d53a4b9b99947d41a48d1ad1	2019-11-21 11:00:46 +0300	2019-11-21 11:00:31 +0300	2019-11-21 13:59:00 +0300	908c3f6feebf4484990b780afddb8c6d	320 2 Ali Balcı		Mustafa Balcı Banka Hesabından				n	-437500/100	-437500/100	1970-01-01 02:00:00 +0200
===== END
===== START
===== END
===== START
C	3baf0360392649399691fbc441346981	e5c145d283e6472caa4f7e20f4c937c1	2019-11-21 11:00:54 +0300	2019-11-21 11:00:54 +0300	2011-04-03 13:59:00 +0300	d6f86156a93242cc994b54e04382956e	108 Eski Hesaplar Kasası		Mustafa Balcı Banka Hesabından				n	437500/100	437500/100	1970-01-01 02:00:00 +0200
C	3baf0360392649399691fbc441346981	fe5c33d5da3443b0bab33d76ba379e25	2019-11-21 11:00:54 +0300	2019-11-21 11:00:54 +0300	2011-04-03 13:59:00 +0300	908c3f6feebf4484990b780afddb8c6d	320 2 Ali Balcı		Mustafa Balcı Banka Hesabından				n	-437500/100	-437500/100	1970-01-01 02:00:00 +0200
===== END
===== START
B	6e263513f14a42c6b0471a0a4a51eff9	4510586c9f4c4d4b9717d48b834cb8dd	2019-11-21 11:01:10 +0300	2019-11-21 11:00:31 +0300	2019-11-21 13:59:00 +0300	d6f86156a93242cc994b54e04382956e	108 Eski Hesaplar Kasası		Mustafa Balcı Banka Hesabından				n	437500/100	437500/100	1970-01-01 02:00:00 +0200
B	6e263513f14a42c6b0471a0a4a51eff9	0ada6f66d53a4b9b99947d41a48d1ad1	2019-11-21 11:01:10 +0300	2019-11-21 11:00:31 +0300	2019-11-21 13:59:00 +0300	908c3f6feebf4484990b780afddb8c6d	320 2 Ali Balcı		Mustafa Balcı Banka Hesabından				n	-437500/100	-437500/100	1970-01-01 02:00:00 +0200
===== END
===== START
C	6e263513f14a42c6b0471a0a4a51eff9	4510586c9f4c4d4b9717d48b834cb8dd	2019-11-21 11:01:10 +0300	2019-11-21 11:00:31 +0300	2019-11-21 13:59:00 +0300	d6f86156a93242cc994b54e04382956e	108 Eski Hesaplar Kasası		Mustafa Balcı Banka Hesabından				n	437500/100	437500/100	1970-01-01 02:00:00 +0200
C	6e263513f14a42c6b0471a0a4a51eff9	0ada6f66d53a4b9b99947d41a48d1ad1	2019-11-21 11:01:10 +0300	2019-11-21 11:00:31 +0300	2019-11-21 13:59:00 +0300	8b4e8a0fec9d46faac18955bcf4ac888	320 3 Atila Balcı		Mustafa Balcı Banka Hesabından				n	-437500/100	-437500/100	1970-01-01 02:00:00 +0200
===== END
===== START
C	46917494c207479a9022314c92f010f1	72fc71391a034c65bb82347254caafaa	2019-11-21 11:01:42 +0300	2019-11-21 11:01:42 +0300	2019-11-21 13:59:00 +0300	d6f86156a93242cc994b54e04382956e	108 Eski Hesaplar Kasası						n	437500/100	437500/100	1970-01-01 02:00:00 +0200
C	46917494c207479a9022314c92f010f1	b4a788b98d3043e7871b558ba9368648	2019-11-21 11:01:42 +0300	2019-11-21 11:01:42 +0300	2019-11-21 13:59:00 +0300	102dac93d1a74a7fb0fe1aecb73c15e3	100 Kasa						n	-437500/100	-437500/100	1970-01-01 02:00:00 +0200
===== END
===== START
===== END
===== START
B	46917494c207479a9022314c92f010f1	72fc71391a034c65bb82347254caafaa	2019-11-21 11:01:47 +0300	2019-11-21 11:01:42 +0300	2019-11-21 13:59:00 +0300	d6f86156a93242cc994b54e04382956e	108 Eski Hesaplar Kasası						n	437500/100	437500/100	1970-01-01 02:00:00 +0200
B	46917494c207479a9022314c92f010f1	b4a788b98d3043e7871b558ba9368648	2019-11-21 11:01:47 +0300	2019-11-21 11:01:42 +0300	2019-11-21 13:59:00 +0300	102dac93d1a74a7fb0fe1aecb73c15e3	100 Kasa						n	-437500/100	-437500/100	1970-01-01 02:00:00 +0200
===== END
===== START
C	46917494c207479a9022314c92f010f1	72fc71391a034c65bb82347254caafaa	2019-11-21 11:01:47 +0300	2019-11-21 11:01:42 +0300	2019-11-21 13:59:00 +0300	d6f86156a93242cc994b54e04382956e	108 Eski Hesaplar Kasası		Mustafa Balcı Banka Hesabından				n	437500/100	437500/100	1970-01-01 02:00:00 +0200
C	46917494c207479a9022314c92f010f1	b4a788b98d3043e7871b558ba9368648	2019-11-21 11:01:47 +0300	2019-11-21 11:01:42 +0300	2019-11-21 13:59:00 +0300	102dac93d1a74a7fb0fe1aecb73c15e3	100 Kasa		Mustafa Balcı Banka Hesabından				n	-437500/100	-437500/100	1970-01-01 02:00:00 +0200
===== END
===== START
B	6e263513f14a42c6b0471a0a4a51eff9	4510586c9f4c4d4b9717d48b834cb8dd	2019-11-21 11:01:53 +0300	2019-11-21 11:00:31 +0300	2019-11-21 13:59:00 +0300	d6f86156a93242cc994b54e04382956e	108 Eski Hesaplar Kasası		Mustafa Balcı Banka Hesabından				n	437500/100	437500/100	1970-01-01 02:00:00 +0200
B	6e263513f14a42c6b0471a0a4a51eff9	0ada6f66d53a4b9b99947d41a48d1ad1	2019-11-21 11:01:53 +0300	2019-11-21 11:00:31 +0300	2019-11-21 13:59:00 +0300	8b4e8a0fec9d46faac18955bcf4ac888	320 3 Atila Balcı		Mustafa Balcı Banka Hesabından				n	-437500/100	-437500/100	1970-01-01 02:00:00 +0200
===== END
===== START
C	6e263513f14a42c6b0471a0a4a51eff9	4510586c9f4c4d4b9717d48b834cb8dd	2019-11-21 11:01:53 +0300	2019-11-21 11:00:31 +0300	2011-04-03 13:59:00 +0300	d6f86156a93242cc994b54e04382956e	108 Eski Hesaplar Kasası		Mustafa Balcı Banka Hesabından				n	437500/100	437500/100	1970-01-01 02:00:00 +0200
C	6e263513f14a42c6b0471a0a4a51eff9	0ada6f66d53a4b9b99947d41a48d1ad1	2019-11-21 11:01:53 +0300	2019-11-21 11:00:31 +0300	2011-04-03 13:59:00 +0300	8b4e8a0fec9d46faac18955bcf4ac888	320 3 Atila Balcı		Mustafa Balcı Banka Hesabından				n	-437500/100	-437500/100	1970-01-01 02:00:00 +0200
===== END
===== START
B	46917494c207479a9022314c92f010f1	72fc71391a034c65bb82347254caafaa	2019-11-21 11:02:01 +0300	2019-11-21 11:01:42 +0300	2019-11-21 13:59:00 +0300	d6f86156a93242cc994b54e04382956e	108 Eski Hesaplar Kasası		Mustafa Balcı Banka Hesabından				n	437500/100	437500/100	1970-01-01 02:00:00 +0200
B	46917494c207479a9022314c92f010f1	b4a788b98d3043e7871b558ba9368648	2019-11-21 11:02:01 +0300	2019-11-21 11:01:42 +0300	2019-11-21 13:59:00 +0300	102dac93d1a74a7fb0fe1aecb73c15e3	100 Kasa		Mustafa Balcı Banka Hesabından				n	-437500/100	-437500/100	1970-01-01 02:00:00 +0200
===== END
===== START
C	46917494c207479a9022314c92f010f1	72fc71391a034c65bb82347254caafaa	2019-11-21 11:02:01 +0300	2019-11-21 11:01:42 +0300	2011-04-03 13:59:00 +0300	d6f86156a93242cc994b54e04382956e	108 Eski Hesaplar Kasası		Mustafa Balcı Banka Hesabından				n	437500/100	437500/100	1970-01-01 02:00:00 +0200
C	46917494c207479a9022314c92f010f1	b4a788b98d3043e7871b558ba9368648	2019-11-21 11:02:01 +0300	2019-11-21 11:01:42 +0300	2011-04-03 13:59:00 +0300	102dac93d1a74a7fb0fe1aecb73c15e3	100 Kasa		Mustafa Balcı Banka Hesabından				n	-437500/100	-437500/100	1970-01-01 02:00:00 +0200
===== END
===== START
B	46917494c207479a9022314c92f010f1	72fc71391a034c65bb82347254caafaa	2019-11-21 11:02:29 +0300	2019-11-21 11:01:42 +0300	2011-04-03 13:59:00 +0300	d6f86156a93242cc994b54e04382956e	108 Eski Hesaplar Kasası		Mustafa Balcı Banka Hesabından				n	437500/100	437500/100	1970-01-01 02:00:00 +0200
B	46917494c207479a9022314c92f010f1	b4a788b98d3043e7871b558ba9368648	2019-11-21 11:02:29 +0300	2019-11-21 11:01:42 +0300	2011-04-03 13:59:00 +0300	102dac93d1a74a7fb0fe1aecb73c15e3	100 Kasa		Mustafa Balcı Banka Hesabından				n	-437500/100	-437500/100	1970-01-01 02:00:00 +0200
===== END
===== START
D	46917494c207479a9022314c92f010f1	72fc71391a034c65bb82347254caafaa	2019-11-21 11:02:29 +0300	2019-11-21 11:01:42 +0300	2011-04-03 13:59:00 +0300	d6f86156a93242cc994b54e04382956e	108 Eski Hesaplar Kasası		Mustafa Balcı Banka Hesabından				n	437500/100	437500/100	1970-01-01 02:00:00 +0200
D	46917494c207479a9022314c92f010f1	b4a788b98d3043e7871b558ba9368648	2019-11-21 11:02:29 +0300	2019-11-21 11:01:42 +0300	2011-04-03 13:59:00 +0300	102dac93d1a74a7fb0fe1aecb73c15e3	100 Kasa		Mustafa Balcı Banka Hesabından				n	-437500/100	-437500/100	1970-01-01 02:00:00 +0200
===== END
===== START
D	894acb11153541aa9435144a2838aaa8	7dcb44d3c5874419ab568c2b4ffb1e6e	2019-11-21 11:02:45 +0300	2019-11-21 11:02:45 +0300	2019-11-21 13:59:00 +0300								n	0/1	0/100	1970-01-01 02:00:00 +0200
===== END
===== START
B	9b147028cc5a41b3ba64efcf760f6b86	df91bfa755d344ffb67eb49e1cd7ee7d	2019-11-21 11:03:01 +0300	2019-11-21 08:37:21 +0300	2011-04-03 13:59:00 +0300	d6f86156a93242cc994b54e04382956e	108 Eski Hesaplar Kasası		Mustafa Balcı Banka Hesabından				n	437500/100	437500/100	1970-01-01 02:00:00 +0200
B	9b147028cc5a41b3ba64efcf760f6b86	30fc01dd5af0488daf9387b1bd3ef4b4	2019-11-21 11:03:01 +0300	2019-11-21 08:37:21 +0300	2011-04-03 13:59:00 +0300	2989cab05ba94d6b9b654d0567780299	320 1 Ayşe Balcı		Mustafa Balcı Banka Hesabından				n	-437500/100	-437500/100	1970-01-01 02:00:00 +0200
===== END
===== START
C	9b147028cc5a41b3ba64efcf760f6b86	df91bfa755d344ffb67eb49e1cd7ee7d	2019-11-21 11:03:01 +0300	2019-11-21 08:37:21 +0300	2011-04-03 13:59:00 +0300	d6f86156a93242cc994b54e04382956e	108 Eski Hesaplar Kasası		Mustafa Balcı Banka Hesabından				n	-437500/100	-437500/100	1970-01-01 02:00:00 +0200
C	9b147028cc5a41b3ba64efcf760f6b86	30fc01dd5af0488daf9387b1bd3ef4b4	2019-11-21 11:03:01 +0300	2019-11-21 08:37:21 +0300	2011-04-03 13:59:00 +0300	2989cab05ba94d6b9b654d0567780299	320 1 Ayşe Balcı		Mustafa Balcı Banka Hesabından				n	437500/100	437500/100	1970-01-01 02:00:00 +0200
===== END
===== START
B	054b873ba325493caf49ed543fa51ee5	ec006aa224bd432e82bf16757e8c86b4	2019-11-21 11:03:06 +0300	2019-11-21 08:33:13 +0300	2019-11-21 13:59:00 +0300	d6f86156a93242cc994b54e04382956e	108 Eski Hesaplar Kasası		Ayşe Balcı 2011-18 Kira Gelirleri				n	3565720/100	3565720/100	1970-01-01 02:00:00 +0200
B	054b873ba325493caf49ed543fa51ee5	5825c35e795b4d86ab577097ff6cc6ab	2019-11-21 11:03:06 +0300	2019-11-21 08:33:13 +0300	2019-11-21 13:59:00 +0300	2989cab05ba94d6b9b654d0567780299	320 1 Ayşe Balcı		Ayşe Balcı 2011-18 Kira Gelirleri				n	-3565720/100	-3565720/100	1970-01-01 02:00:00 +0200
===== END
===== START
C	054b873ba325493caf49ed543fa51ee5	ec006aa224bd432e82bf16757e8c86b4	2019-11-21 11:03:06 +0300	2019-11-21 08:33:13 +0300	2018-11-21 13:59:00 +0300	d6f86156a93242cc994b54e04382956e	108 Eski Hesaplar Kasası		Ayşe Balcı 2011-18 Kira Gelirleri				n	3565720/100	3565720/100	1970-01-01 02:00:00 +0200
C	054b873ba325493caf49ed543fa51ee5	5825c35e795b4d86ab577097ff6cc6ab	2019-11-21 11:03:06 +0300	2019-11-21 08:33:13 +0300	2018-11-21 13:59:00 +0300	2989cab05ba94d6b9b654d0567780299	320 1 Ayşe Balcı		Ayşe Balcı 2011-18 Kira Gelirleri				n	-3565720/100	-3565720/100	1970-01-01 02:00:00 +0200
===== END
===== START
B	9b147028cc5a41b3ba64efcf760f6b86	30fc01dd5af0488daf9387b1bd3ef4b4	2019-11-21 11:03:35 +0300	2019-11-21 08:37:21 +0300	2011-04-03 13:59:00 +0300	2989cab05ba94d6b9b654d0567780299	320 1 Ayşe Balcı		Mustafa Balcı Banka Hesabından				n	437500/100	437500/100	1970-01-01 02:00:00 +0200
B	9b147028cc5a41b3ba64efcf760f6b86	df91bfa755d344ffb67eb49e1cd7ee7d	2019-11-21 11:03:35 +0300	2019-11-21 08:37:21 +0300	2011-04-03 13:59:00 +0300	d6f86156a93242cc994b54e04382956e	108 Eski Hesaplar Kasası		Mustafa Balcı Banka Hesabından				n	-437500/100	-437500/100	1970-01-01 02:00:00 +0200
===== END
===== START
C	9b147028cc5a41b3ba64efcf760f6b86	30fc01dd5af0488daf9387b1bd3ef4b4	2019-11-21 11:03:35 +0300	2019-11-21 08:37:21 +0300	2011-04-03 13:59:00 +0300	2989cab05ba94d6b9b654d0567780299	320 1 Ayşe Balcı		Mustafa Balcı Banka Hesabından				n	-437500/100	-437500/100	1970-01-01 02:00:00 +0200
C	9b147028cc5a41b3ba64efcf760f6b86	df91bfa755d344ffb67eb49e1cd7ee7d	2019-11-21 11:03:35 +0300	2019-11-21 08:37:21 +0300	2011-04-03 13:59:00 +0300	d6f86156a93242cc994b54e04382956e	108 Eski Hesaplar Kasası		Mustafa Balcı Banka Hesabından				n	437500/100	437500/100	1970-01-01 02:00:00 +0200
===== END
===== START
C	c4155eca64bd45938d3c1f5164bfd569	4b8694268c0f4a14add531bcaa2adca3	2019-11-21 11:06:42 +0300	2019-11-21 11:06:42 +0300	2011-04-01 13:59:00 +0300	2989cab05ba94d6b9b654d0567780299	320 1 Ayşe Balcı						n	94990/100	94990/100	1970-01-01 02:00:00 +0200
C	c4155eca64bd45938d3c1f5164bfd569	356883041c3e4183bea2da1da9a5dd86	2019-11-21 11:06:42 +0300	2019-11-21 11:06:42 +0300	2011-04-01 13:59:00 +0300	3a63f12134c244fa86b69fbbccbba3e0	Açık-TRY						n	-94990/100	-94990/100	1970-01-01 02:00:00 +0200
===== END
===== START
===== END
===== START
C	e6c6d028665140dab21c5c395bc2ce22	dc2856860c9640309331ff9b6552adbd	2019-11-21 11:07:08 +0300	2019-11-21 11:07:08 +0300	2011-04-01 13:59:00 +0300	2989cab05ba94d6b9b654d0567780299	320 1 Ayşe Balcı						n	572000/100	572000/100	1970-01-01 02:00:00 +0200
C	e6c6d028665140dab21c5c395bc2ce22	0d103feb0779404a86688664de8f796e	2019-11-21 11:07:08 +0300	2019-11-21 11:07:08 +0300	2011-04-01 13:59:00 +0300	3a63f12134c244fa86b69fbbccbba3e0	Açık-TRY						n	-572000/100	-572000/100	1970-01-01 02:00:00 +0200
===== END
===== START
===== END
===== START
C	91f2e38b811f42d7955cd16640f91661	e4dbed9280bd4c33a5df68de2e4765ea	2019-11-21 11:07:24 +0300	2019-11-21 11:07:24 +0300	2011-04-01 13:59:00 +0300	2989cab05ba94d6b9b654d0567780299	320 1 Ayşe Balcı						n	525000/100	525000/100	1970-01-01 02:00:00 +0200
C	91f2e38b811f42d7955cd16640f91661	ee9f58e393aa49e28043fdccb11380d8	2019-11-21 11:07:24 +0300	2019-11-21 11:07:24 +0300	2011-04-01 13:59:00 +0300	3a63f12134c244fa86b69fbbccbba3e0	Açık-TRY						n	-525000/100	-525000/100	1970-01-01 02:00:00 +0200
===== END
===== START
===== END
===== START
B	c4155eca64bd45938d3c1f5164bfd569	4b8694268c0f4a14add531bcaa2adca3	2019-11-21 11:07:55 +0300	2019-11-21 11:06:42 +0300	2011-04-01 13:59:00 +0300	2989cab05ba94d6b9b654d0567780299	320 1 Ayşe Balcı						n	94990/100	94990/100	1970-01-01 02:00:00 +0200
B	c4155eca64bd45938d3c1f5164bfd569	356883041c3e4183bea2da1da9a5dd86	2019-11-21 11:07:55 +0300	2019-11-21 11:06:42 +0300	2011-04-01 13:59:00 +0300	3a63f12134c244fa86b69fbbccbba3e0	Açık-TRY						n	-94990/100	-94990/100	1970-01-01 02:00:00 +0200
===== END
===== START
C	c4155eca64bd45938d3c1f5164bfd569	4b8694268c0f4a14add531bcaa2adca3	2019-11-21 11:07:55 +0300	2019-11-21 11:06:42 +0300	2011-04-01 13:59:00 +0300	2989cab05ba94d6b9b654d0567780299	320 1 Ayşe Balcı		Maliyeye yatan vergi				n	94990/100	94990/100	1970-01-01 02:00:00 +0200
C	c4155eca64bd45938d3c1f5164bfd569	356883041c3e4183bea2da1da9a5dd86	2019-11-21 11:07:55 +0300	2019-11-21 11:06:42 +0300	2011-04-01 13:59:00 +0300	3a63f12134c244fa86b69fbbccbba3e0	Açık-TRY		Maliyeye yatan vergi				n	-94990/100	-94990/100	1970-01-01 02:00:00 +0200
===== END
===== START
B	e6c6d028665140dab21c5c395bc2ce22	dc2856860c9640309331ff9b6552adbd	2019-11-21 11:08:10 +0300	2019-11-21 11:07:08 +0300	2011-04-01 13:59:00 +0300	2989cab05ba94d6b9b654d0567780299	320 1 Ayşe Balcı						n	572000/100	572000/100	1970-01-01 02:00:00 +0200
B	e6c6d028665140dab21c5c395bc2ce22	0d103feb0779404a86688664de8f796e	2019-11-21 11:08:10 +0300	2019-11-21 11:07:08 +0300	2011-04-01 13:59:00 +0300	3a63f12134c244fa86b69fbbccbba3e0	Açık-TRY						n	-572000/100	-572000/100	1970-01-01 02:00:00 +0200
===== END
===== START
C	e6c6d028665140dab21c5c395bc2ce22	dc2856860c9640309331ff9b6552adbd	2019-11-21 11:08:10 +0300	2019-11-21 11:07:08 +0300	2011-04-01 13:59:00 +0300	2989cab05ba94d6b9b654d0567780299	320 1 Ayşe Balcı		Kombi 4 kat için				n	572000/100	572000/100	1970-01-01 02:00:00 +0200
C	e6c6d028665140dab21c5c395bc2ce22	0d103feb0779404a86688664de8f796e	2019-11-21 11:08:10 +0300	2019-11-21 11:07:08 +0300	2011-04-01 13:59:00 +0300	3a63f12134c244fa86b69fbbccbba3e0	Açık-TRY		Kombi 4 kat için				n	-572000/100	-572000/100	1970-01-01 02:00:00 +0200
===== END
===== START
B	e6c6d028665140dab21c5c395bc2ce22	dc2856860c9640309331ff9b6552adbd	2019-11-21 11:08:18 +0300	2019-11-21 11:07:08 +0300	2011-04-01 13:59:00 +0300	2989cab05ba94d6b9b654d0567780299	320 1 Ayşe Balcı		Kombi 4 kat için				n	572000/100	572000/100	1970-01-01 02:00:00 +0200
B	e6c6d028665140dab21c5c395bc2ce22	0d103feb0779404a86688664de8f796e	2019-11-21 11:08:18 +0300	2019-11-21 11:07:08 +0300	2011-04-01 13:59:00 +0300	3a63f12134c244fa86b69fbbccbba3e0	Açık-TRY		Kombi 4 kat için				n	-572000/100	-572000/100	1970-01-01 02:00:00 +0200
===== END
===== START
C	e6c6d028665140dab21c5c395bc2ce22	dc2856860c9640309331ff9b6552adbd	2019-11-21 11:08:18 +0300	2019-11-21 11:07:08 +0300	2011-04-01 13:59:00 +0300	2989cab05ba94d6b9b654d0567780299	320 1 Ayşe Balcı		Buderus Kombi 4 kat için				n	572000/100	572000/100	1970-01-01 02:00:00 +0200
C	e6c6d028665140dab21c5c395bc2ce22	0d103feb0779404a86688664de8f796e	2019-11-21 11:08:18 +0300	2019-11-21 11:07:08 +0300	2011-04-01 13:59:00 +0300	3a63f12134c244fa86b69fbbccbba3e0	Açık-TRY		Buderus Kombi 4 kat için				n	-572000/100	-572000/100	1970-01-01 02:00:00 +0200
===== END
===== START
B	91f2e38b811f42d7955cd16640f91661	e4dbed9280bd4c33a5df68de2e4765ea	2019-11-21 11:09:22 +0300	2019-11-21 11:07:24 +0300	2011-04-01 13:59:00 +0300	2989cab05ba94d6b9b654d0567780299	320 1 Ayşe Balcı						n	525000/100	525000/100	1970-01-01 02:00:00 +0200
B	91f2e38b811f42d7955cd16640f91661	ee9f58e393aa49e28043fdccb11380d8	2019-11-21 11:09:22 +0300	2019-11-21 11:07:24 +0300	2011-04-01 13:59:00 +0300	3a63f12134c244fa86b69fbbccbba3e0	Açık-TRY						n	-525000/100	-525000/100	1970-01-01 02:00:00 +0200
===== END
===== START
C	91f2e38b811f42d7955cd16640f91661	e4dbed9280bd4c33a5df68de2e4765ea	2019-11-21 11:09:22 +0300	2019-11-21 11:07:24 +0300	2011-04-01 13:59:00 +0300	2989cab05ba94d6b9b654d0567780299	320 1 Ayşe Balcı						n	525000/100	525000/100	1970-01-01 02:00:00 +0200
C	91f2e38b811f42d7955cd16640f91661	ee9f58e393aa49e28043fdccb11380d8	2019-11-21 11:09:22 +0300	2019-11-21 11:07:24 +0300	2011-04-01 13:59:00 +0300	102dac93d1a74a7fb0fe1aecb73c15e3	100 Kasa						n	-525000/100	-525000/100	1970-01-01 02:00:00 +0200
===== END
===== START
B	e6c6d028665140dab21c5c395bc2ce22	dc2856860c9640309331ff9b6552adbd	2019-11-21 11:09:27 +0300	2019-11-21 11:07:08 +0300	2011-04-01 13:59:00 +0300	2989cab05ba94d6b9b654d0567780299	320 1 Ayşe Balcı		Buderus Kombi 4 kat için				n	572000/100	572000/100	1970-01-01 02:00:00 +0200
B	e6c6d028665140dab21c5c395bc2ce22	0d103feb0779404a86688664de8f796e	2019-11-21 11:09:27 +0300	2019-11-21 11:07:08 +0300	2011-04-01 13:59:00 +0300	3a63f12134c244fa86b69fbbccbba3e0	Açık-TRY		Buderus Kombi 4 kat için				n	-572000/100	-572000/100	1970-01-01 02:00:00 +0200
===== END
===== START
C	e6c6d028665140dab21c5c395bc2ce22	dc2856860c9640309331ff9b6552adbd	2019-11-21 11:09:27 +0300	2019-11-21 11:07:08 +0300	2011-04-01 13:59:00 +0300	2989cab05ba94d6b9b654d0567780299	320 1 Ayşe Balcı		Buderus Kombi 4 kat için				n	572000/100	572000/100	1970-01-01 02:00:00 +0200
C	e6c6d028665140dab21c5c395bc2ce22	0d103feb0779404a86688664de8f796e	2019-11-21 11:09:27 +0300	2019-11-21 11:07:08 +0300	2011-04-01 13:59:00 +0300	102dac93d1a74a7fb0fe1aecb73c15e3	100 Kasa		Buderus Kombi 4 kat için				n	-572000/100	-572000/100	1970-01-01 02:00:00 +0200
===== END
===== START
B	c4155eca64bd45938d3c1f5164bfd569	4b8694268c0f4a14add531bcaa2adca3	2019-11-21 11:09:53 +0300	2019-11-21 11:06:42 +0300	2011-04-01 13:59:00 +0300	2989cab05ba94d6b9b654d0567780299	320 1 Ayşe Balcı		Maliyeye yatan vergi				n	94990/100	94990/100	1970-01-01 02:00:00 +0200
B	c4155eca64bd45938d3c1f5164bfd569	356883041c3e4183bea2da1da9a5dd86	2019-11-21 11:09:53 +0300	2019-11-21 11:06:42 +0300	2011-04-01 13:59:00 +0300	3a63f12134c244fa86b69fbbccbba3e0	Açık-TRY		Maliyeye yatan vergi				n	-94990/100	-94990/100	1970-01-01 02:00:00 +0200
===== END
===== START
C	c4155eca64bd45938d3c1f5164bfd569	4b8694268c0f4a14add531bcaa2adca3	2019-11-21 11:09:53 +0300	2019-11-21 11:06:42 +0300	2011-04-01 13:59:00 +0300	2989cab05ba94d6b9b654d0567780299	320 1 Ayşe Balcı		Maliyeye yatan vergi				n	94990/100	94990/100	1970-01-01 02:00:00 +0200
C	c4155eca64bd45938d3c1f5164bfd569	356883041c3e4183bea2da1da9a5dd86	2019-11-21 11:09:53 +0300	2019-11-21 11:06:42 +0300	2011-04-01 13:59:00 +0300	102dac93d1a74a7fb0fe1aecb73c15e3	100 Kasa		Maliyeye yatan vergi				n	-94990/100	-94990/100	1970-01-01 02:00:00 +0200
===== END
===== START
===== END
