mod	trans_guid	split_guid	time_now	date_entered	date_posted	acc_guid	acc_name	num	description	notes	memo	action	reconciled	amount	value	date_reconciled
-----------------
===== START
B	55945acd68e14cceb54b0d83775db805	01280e963fd34a1eaa5d709abb638273	2019-12-16 14:47:59 +0300	2019-11-19 09:12:30 +0300	2019-11-19 13:59:00 +0300	e056db857c6149d6a9b263777e02e621	68d58bff0d8c41e7b77ad6e0a24e2b72		2019-Nisan-Aralık Kira Bedeli 				n	0/1	0/100	1970-01-01 02:00:00 +0200
B	55945acd68e14cceb54b0d83775db805	e094a65da427421e8fe7b90ae5d719f6	2019-12-16 14:47:59 +0300	2019-11-19 09:12:30 +0300	2019-11-19 13:59:00 +0300	e056db857c6149d6a9b263777e02e621	68d58bff0d8c41e7b77ad6e0a24e2b72		2019-Nisan-Aralık Kira Bedeli 				n	0/1	0/100	1970-01-01 02:00:00 +0200
===== END
===== START
R	55945acd68e14cceb54b0d83775db805	01280e963fd34a1eaa5d709abb638273	2019-12-16 14:47:59 +0300	2019-11-19 09:12:30 +0300	2019-11-19 13:59:00 +0300	e056db857c6149d6a9b263777e02e621	68d58bff0d8c41e7b77ad6e0a24e2b72		2019-Nisan-Aralık Kira Bedeli 				n	0/1	0/100	1970-01-01 02:00:00 +0200
R	55945acd68e14cceb54b0d83775db805	e094a65da427421e8fe7b90ae5d719f6	2019-12-16 14:47:59 +0300	2019-11-19 09:12:30 +0300	2019-11-19 13:59:00 +0300	e056db857c6149d6a9b263777e02e621	68d58bff0d8c41e7b77ad6e0a24e2b72		2019-Nisan-Aralık Kira Bedeli 				n	0/1	0/100	1970-01-01 02:00:00 +0200
===== END
===== START
B	55945acd68e14cceb54b0d83775db805	01280e963fd34a1eaa5d709abb638273	2019-12-16 14:47:59 +0300	2019-11-19 09:12:30 +0300	2019-11-19 13:59:00 +0300	e056db857c6149d6a9b263777e02e621	68d58bff0d8c41e7b77ad6e0a24e2b72		2019-Nisan-Aralık Kira Bedeli 				n	0/1	0/100	1970-01-01 02:00:00 +0200
B	55945acd68e14cceb54b0d83775db805	e094a65da427421e8fe7b90ae5d719f6	2019-12-16 14:47:59 +0300	2019-11-19 09:12:30 +0300	2019-11-19 13:59:00 +0300	e056db857c6149d6a9b263777e02e621	68d58bff0d8c41e7b77ad6e0a24e2b72		2019-Nisan-Aralık Kira Bedeli 				n	0/1	0/100	1970-01-01 02:00:00 +0200
===== END
===== START
R	55945acd68e14cceb54b0d83775db805	01280e963fd34a1eaa5d709abb638273	2019-12-16 14:47:59 +0300	2019-11-19 09:12:30 +0300	2019-11-19 13:59:00 +0300	e056db857c6149d6a9b263777e02e621	68d58bff0d8c41e7b77ad6e0a24e2b72		2019-Nisan-Aralık Kira Bedeli 				n	0/1	0/100	1970-01-01 02:00:00 +0200
R	55945acd68e14cceb54b0d83775db805	e094a65da427421e8fe7b90ae5d719f6	2019-12-16 14:47:59 +0300	2019-11-19 09:12:30 +0300	2019-11-19 13:59:00 +0300	e056db857c6149d6a9b263777e02e621	68d58bff0d8c41e7b77ad6e0a24e2b72		2019-Nisan-Aralık Kira Bedeli 				n	0/1	0/100	1970-01-01 02:00:00 +0200
===== END
===== START
B	4fe50a24b7284a64b92acadaf208bfcc	2a8531ce7e564594831c98b3cec9a7ab	2019-12-16 14:47:59 +0300	2019-11-19 09:14:11 +0300	2019-11-19 13:59:00 +0300	69e29c3a6b84421a9c6e3c86c7ed0308	cc9260dc9cbc4d6797abdd1ea901b208						n	0/1	0/100	1970-01-01 02:00:00 +0200
B	4fe50a24b7284a64b92acadaf208bfcc	f4b160096e6e43a7be80bee2aab22437	2019-12-16 14:47:59 +0300	2019-11-19 09:14:11 +0300	2019-11-19 13:59:00 +0300	69e29c3a6b84421a9c6e3c86c7ed0308	cc9260dc9cbc4d6797abdd1ea901b208						n	0/1	0/100	1970-01-01 02:00:00 +0200
===== END
===== START
R	4fe50a24b7284a64b92acadaf208bfcc	2a8531ce7e564594831c98b3cec9a7ab	2019-12-16 14:47:59 +0300	2019-11-19 09:14:11 +0300	2019-11-19 13:59:00 +0300	69e29c3a6b84421a9c6e3c86c7ed0308	cc9260dc9cbc4d6797abdd1ea901b208						n	0/1	0/100	1970-01-01 02:00:00 +0200
R	4fe50a24b7284a64b92acadaf208bfcc	f4b160096e6e43a7be80bee2aab22437	2019-12-16 14:47:59 +0300	2019-11-19 09:14:11 +0300	2019-11-19 13:59:00 +0300	69e29c3a6b84421a9c6e3c86c7ed0308	cc9260dc9cbc4d6797abdd1ea901b208						n	0/1	0/100	1970-01-01 02:00:00 +0200
===== END
===== START
B	4fe50a24b7284a64b92acadaf208bfcc	2a8531ce7e564594831c98b3cec9a7ab	2019-12-16 14:47:59 +0300	2019-11-19 09:14:11 +0300	2019-11-19 13:59:00 +0300	69e29c3a6b84421a9c6e3c86c7ed0308	cc9260dc9cbc4d6797abdd1ea901b208						n	0/1	0/100	1970-01-01 02:00:00 +0200
B	4fe50a24b7284a64b92acadaf208bfcc	f4b160096e6e43a7be80bee2aab22437	2019-12-16 14:47:59 +0300	2019-11-19 09:14:11 +0300	2019-11-19 13:59:00 +0300	69e29c3a6b84421a9c6e3c86c7ed0308	cc9260dc9cbc4d6797abdd1ea901b208						n	0/1	0/100	1970-01-01 02:00:00 +0200
===== END
===== START
R	4fe50a24b7284a64b92acadaf208bfcc	2a8531ce7e564594831c98b3cec9a7ab	2019-12-16 14:47:59 +0300	2019-11-19 09:14:11 +0300	2019-11-19 13:59:00 +0300	69e29c3a6b84421a9c6e3c86c7ed0308	cc9260dc9cbc4d6797abdd1ea901b208						n	0/1	0/100	1970-01-01 02:00:00 +0200
R	4fe50a24b7284a64b92acadaf208bfcc	f4b160096e6e43a7be80bee2aab22437	2019-12-16 14:47:59 +0300	2019-11-19 09:14:11 +0300	2019-11-19 13:59:00 +0300	69e29c3a6b84421a9c6e3c86c7ed0308	cc9260dc9cbc4d6797abdd1ea901b208						n	0/1	0/100	1970-01-01 02:00:00 +0200
===== END
===== START
B	b5f129cc8d9146a0805b288f0037ff40	da2ca65a4449480381cdbd41525e85ad	2019-12-16 14:47:59 +0300	2019-11-19 09:16:07 +0300	2019-11-19 13:59:00 +0300	e981558e538048088db4bd8f7ca9ca78	f579dd0808cb4c4280a5790581a511c8						n	0/1	0/100	1970-01-01 02:00:00 +0200
B	b5f129cc8d9146a0805b288f0037ff40	7aedbf9e9be143b1b61c5bf5afde584a	2019-12-16 14:47:59 +0300	2019-11-19 09:16:07 +0300	2019-11-19 13:59:00 +0300	e981558e538048088db4bd8f7ca9ca78	f579dd0808cb4c4280a5790581a511c8						n	0/1	0/100	1970-01-01 02:00:00 +0200
===== END
===== START
R	b5f129cc8d9146a0805b288f0037ff40	da2ca65a4449480381cdbd41525e85ad	2019-12-16 14:47:59 +0300	2019-11-19 09:16:07 +0300	2019-11-19 13:59:00 +0300	e981558e538048088db4bd8f7ca9ca78	f579dd0808cb4c4280a5790581a511c8						n	0/1	0/100	1970-01-01 02:00:00 +0200
R	b5f129cc8d9146a0805b288f0037ff40	7aedbf9e9be143b1b61c5bf5afde584a	2019-12-16 14:47:59 +0300	2019-11-19 09:16:07 +0300	2019-11-19 13:59:00 +0300	e981558e538048088db4bd8f7ca9ca78	f579dd0808cb4c4280a5790581a511c8						n	0/1	0/100	1970-01-01 02:00:00 +0200
===== END
===== START
B	b5f129cc8d9146a0805b288f0037ff40	da2ca65a4449480381cdbd41525e85ad	2019-12-16 14:47:59 +0300	2019-11-19 09:16:07 +0300	2019-11-19 13:59:00 +0300	e981558e538048088db4bd8f7ca9ca78	f579dd0808cb4c4280a5790581a511c8						n	0/1	0/100	1970-01-01 02:00:00 +0200
B	b5f129cc8d9146a0805b288f0037ff40	7aedbf9e9be143b1b61c5bf5afde584a	2019-12-16 14:47:59 +0300	2019-11-19 09:16:07 +0300	2019-11-19 13:59:00 +0300	e981558e538048088db4bd8f7ca9ca78	f579dd0808cb4c4280a5790581a511c8						n	0/1	0/100	1970-01-01 02:00:00 +0200
===== END
===== START
R	b5f129cc8d9146a0805b288f0037ff40	da2ca65a4449480381cdbd41525e85ad	2019-12-16 14:47:59 +0300	2019-11-19 09:16:07 +0300	2019-11-19 13:59:00 +0300	e981558e538048088db4bd8f7ca9ca78	f579dd0808cb4c4280a5790581a511c8						n	0/1	0/100	1970-01-01 02:00:00 +0200
R	b5f129cc8d9146a0805b288f0037ff40	7aedbf9e9be143b1b61c5bf5afde584a	2019-12-16 14:47:59 +0300	2019-11-19 09:16:07 +0300	2019-11-19 13:59:00 +0300	e981558e538048088db4bd8f7ca9ca78	f579dd0808cb4c4280a5790581a511c8						n	0/1	0/100	1970-01-01 02:00:00 +0200
===== END
===== START
===== END
===== START
B	a1da0f9517ee49a6ae16c379f8e6d9ee	6cb7a39a8425441e8c0db9a94d06194d	2019-12-16 14:51:04 +0300	2019-12-13 08:56:43 +0300	2011-03-31 13:59:00 +0300	f68f90c055f64d619b9e33995f4f67f8	Mustafa Balcı		Mustafa Balcı Banka Hesabından				n	437500/100	437500/100	1970-01-01 02:00:00 +0200
B	a1da0f9517ee49a6ae16c379f8e6d9ee	40cad7f0e8d54b0090d96257c04f2da2	2019-12-16 14:51:04 +0300	2019-12-13 08:56:43 +0300	2011-03-31 13:59:00 +0300	deabaef30fc841ac9337e26a874ae856	100 KASA Nakit		Mustafa Balcı Banka Hesabından				n	-437500/100	-437500/100	1970-01-01 02:00:00 +0200
===== END
===== START
C	a1da0f9517ee49a6ae16c379f8e6d9ee	6cb7a39a8425441e8c0db9a94d06194d	2019-12-16 14:51:04 +0300	2019-12-13 08:56:43 +0300	2011-03-31 13:59:00 +0300	f68f90c055f64d619b9e33995f4f67f8	Mustafa Balcı		Mustafa Balcı Banka Hesabından				n	-1750000/100	-1750000/100	1970-01-01 02:00:00 +0200
C	a1da0f9517ee49a6ae16c379f8e6d9ee	40cad7f0e8d54b0090d96257c04f2da2	2019-12-16 14:51:04 +0300	2019-12-13 08:56:43 +0300	2011-03-31 13:59:00 +0300	deabaef30fc841ac9337e26a874ae856	100 KASA Nakit		Mustafa Balcı Banka Hesabından				n	1750000/100	1750000/100	1970-01-01 02:00:00 +0200
===== END
===== START
B	b4a4c52c92284795a6ed485f584b60a3	327a41e0135c4746b56f0f8e2e358d6b	2019-12-16 14:51:09 +0300	2019-12-13 08:58:36 +0300	2011-03-31 13:59:00 +0300	f68f90c055f64d619b9e33995f4f67f8	Mustafa Balcı		Mustafa Balcı Banka Hesabından				n	437500/100	437500/100	1970-01-01 02:00:00 +0200
B	b4a4c52c92284795a6ed485f584b60a3	d9aa188266994a56a08bdab0488aeb4c	2019-12-16 14:51:09 +0300	2019-12-13 08:58:36 +0300	2011-03-31 13:59:00 +0300	2989cab05ba94d6b9b654d0567780299	Ort. Ayşe Balcı		Mustafa Balcı Banka Hesabından				n	-437500/100	-437500/100	1970-01-01 02:00:00 +0200
===== END
===== START
C	b4a4c52c92284795a6ed485f584b60a3	327a41e0135c4746b56f0f8e2e358d6b	2019-12-16 14:51:09 +0300	2019-12-13 08:58:36 +0300	2011-03-31 13:59:00 +0300	f68f90c055f64d619b9e33995f4f67f8	Mustafa Balcı		Mustafa Balcı Banka Hesabından				n	0/100	0/100	1970-01-01 02:00:00 +0200
C	b4a4c52c92284795a6ed485f584b60a3	d9aa188266994a56a08bdab0488aeb4c	2019-12-16 14:51:09 +0300	2019-12-13 08:58:36 +0300	2011-03-31 13:59:00 +0300	2989cab05ba94d6b9b654d0567780299	Ort. Ayşe Balcı		Mustafa Balcı Banka Hesabından				n	0/100	0/100	1970-01-01 02:00:00 +0200
===== END
===== START
B	19eb2c254050456b9c983e7b56f71290	e6ca643302524851ab17f6bc0495f8fa	2019-12-16 14:51:10 +0300	2019-12-13 09:01:04 +0300	2011-03-31 13:59:00 +0300	f68f90c055f64d619b9e33995f4f67f8	Mustafa Balcı		Mustafa Balcı Banka Hesabından				n	437500/100	437500/100	1970-01-01 02:00:00 +0200
B	19eb2c254050456b9c983e7b56f71290	06776add3449403c8f450241382ad4b8	2019-12-16 14:51:10 +0300	2019-12-13 09:01:04 +0300	2011-03-31 13:59:00 +0300	908c3f6feebf4484990b780afddb8c6d	Ort Ali Balcı		Mustafa Balcı Banka Hesabından				n	-437500/100	-437500/100	1970-01-01 02:00:00 +0200
===== END
===== START
C	19eb2c254050456b9c983e7b56f71290	e6ca643302524851ab17f6bc0495f8fa	2019-12-16 14:51:10 +0300	2019-12-13 09:01:04 +0300	2011-03-31 13:59:00 +0300	f68f90c055f64d619b9e33995f4f67f8	Mustafa Balcı		Mustafa Balcı Banka Hesabından				n	0/100	0/100	1970-01-01 02:00:00 +0200
C	19eb2c254050456b9c983e7b56f71290	06776add3449403c8f450241382ad4b8	2019-12-16 14:51:10 +0300	2019-12-13 09:01:04 +0300	2011-03-31 13:59:00 +0300	908c3f6feebf4484990b780afddb8c6d	Ort Ali Balcı		Mustafa Balcı Banka Hesabından				n	0/100	0/100	1970-01-01 02:00:00 +0200
===== END
===== START
===== END
===== START
C	6240a57e0cc844b2bee8a818d108d329	4cda1c126b3040179780d3fea8a18090	2019-12-16 14:52:04 +0300	2019-12-16 14:52:04 +0300	2011-03-31 13:59:00 +0300	deabaef30fc841ac9337e26a874ae856	100 KASA Nakit						n	0/100	0/100	1970-01-01 02:00:00 +0200
===== END
===== START
===== END
===== START
B	6240a57e0cc844b2bee8a818d108d329	4cda1c126b3040179780d3fea8a18090	2019-12-16 14:52:35 +0300	2019-12-16 14:52:04 +0300	2011-03-31 13:59:00 +0300	deabaef30fc841ac9337e26a874ae856	100 KASA Nakit						n	0/100	0/100	1970-01-01 02:00:00 +0200
===== END
===== START
C	6240a57e0cc844b2bee8a818d108d329	4cda1c126b3040179780d3fea8a18090	2019-12-16 14:52:35 +0300	2019-12-16 14:52:04 +0300	2011-03-31 13:59:00 +0300	deabaef30fc841ac9337e26a874ae856	100 KASA Nakit						n	-437500/100	-437500/100	1970-01-01 02:00:00 +0200
C	6240a57e0cc844b2bee8a818d108d329	e621a9820f9441a593b906b1fe543602	2019-12-16 14:52:35 +0300	2019-12-16 14:52:04 +0300	2011-03-31 13:59:00 +0300	2989cab05ba94d6b9b654d0567780299	Ort. Ayşe Balcı						n	437500/100	437500/100	1970-01-01 02:00:00 +0200
===== END
===== START
===== END
===== START
B	0433bc1bbc1e4406a2daf84ab9a10796	e7b0a1529e6b4fcb98727b862a716029	2019-12-16 14:53:13 +0300	2019-12-13 09:01:07 +0300	2011-03-31 13:59:00 +0300	f68f90c055f64d619b9e33995f4f67f8	Mustafa Balcı		Mustafa Balcı Banka Hesabından				n	437500/100	437500/100	1970-01-01 02:00:00 +0200
B	0433bc1bbc1e4406a2daf84ab9a10796	2a8d007d569e4c3a8536baee237453aa	2019-12-16 14:53:13 +0300	2019-12-13 09:01:07 +0300	2011-03-31 13:59:00 +0300	925040008251457dafaaa28adf28037e	Ort. AB Ls 		Mustafa Balcı Banka Hesabından				n	-437500/100	-437500/100	1970-01-01 02:00:00 +0200
===== END
===== START
C	0433bc1bbc1e4406a2daf84ab9a10796	e7b0a1529e6b4fcb98727b862a716029	2019-12-16 14:53:13 +0300	2019-12-13 09:01:07 +0300	2011-03-31 13:59:00 +0300	f68f90c055f64d619b9e33995f4f67f8	Mustafa Balcı		Mustafa Balcı Banka Hesabından				n	0/100	0/100	1970-01-01 02:00:00 +0200
C	0433bc1bbc1e4406a2daf84ab9a10796	2a8d007d569e4c3a8536baee237453aa	2019-12-16 14:53:13 +0300	2019-12-13 09:01:07 +0300	2011-03-31 13:59:00 +0300	925040008251457dafaaa28adf28037e	Ort. AB Ls 		Mustafa Balcı Banka Hesabından				n	0/100	0/100	1970-01-01 02:00:00 +0200
===== END
===== START
B	b4a4c52c92284795a6ed485f584b60a3	327a41e0135c4746b56f0f8e2e358d6b	2019-12-16 14:53:18 +0300	2019-12-13 08:58:36 +0300	2011-03-31 13:59:00 +0300	f68f90c055f64d619b9e33995f4f67f8	Mustafa Balcı		Mustafa Balcı Banka Hesabından				n	0/100	0/100	1970-01-01 02:00:00 +0200
B	b4a4c52c92284795a6ed485f584b60a3	d9aa188266994a56a08bdab0488aeb4c	2019-12-16 14:53:18 +0300	2019-12-13 08:58:36 +0300	2011-03-31 13:59:00 +0300	2989cab05ba94d6b9b654d0567780299	Ort. Ayşe Balcı		Mustafa Balcı Banka Hesabından				n	0/100	0/100	1970-01-01 02:00:00 +0200
===== END
===== START
C	b4a4c52c92284795a6ed485f584b60a3	327a41e0135c4746b56f0f8e2e358d6b	2019-12-16 14:53:18 +0300	2019-12-13 08:58:36 +0300	2011-03-31 13:59:00 +0300	f68f90c055f64d619b9e33995f4f67f8	Mustafa Balcı		Mustafa Balcı Banka Hesabından				n	-437500/100	-437500/100	1970-01-01 02:00:00 +0200
C	b4a4c52c92284795a6ed485f584b60a3	d9aa188266994a56a08bdab0488aeb4c	2019-12-16 14:53:18 +0300	2019-12-13 08:58:36 +0300	2011-03-31 13:59:00 +0300	2989cab05ba94d6b9b654d0567780299	Ort. Ayşe Balcı		Mustafa Balcı Banka Hesabından				n	437500/100	437500/100	1970-01-01 02:00:00 +0200
===== END
===== START
B	6240a57e0cc844b2bee8a818d108d329	e621a9820f9441a593b906b1fe543602	2019-12-16 15:00:09 +0300	2019-12-16 14:52:04 +0300	2011-03-31 13:59:00 +0300	2989cab05ba94d6b9b654d0567780299	Ort. Ayşe Balcı						n	437500/100	437500/100	1970-01-01 02:00:00 +0200
B	6240a57e0cc844b2bee8a818d108d329	4cda1c126b3040179780d3fea8a18090	2019-12-16 15:00:09 +0300	2019-12-16 14:52:04 +0300	2011-03-31 13:59:00 +0300	deabaef30fc841ac9337e26a874ae856	100 KASA Nakit						n	-437500/100	-437500/100	1970-01-01 02:00:00 +0200
===== END
===== START
D	6240a57e0cc844b2bee8a818d108d329	e621a9820f9441a593b906b1fe543602	2019-12-16 15:00:09 +0300	2019-12-16 14:52:04 +0300	2011-03-31 13:59:00 +0300	2989cab05ba94d6b9b654d0567780299	Ort. Ayşe Balcı						n	437500/100	437500/100	1970-01-01 02:00:00 +0200
D	6240a57e0cc844b2bee8a818d108d329	4cda1c126b3040179780d3fea8a18090	2019-12-16 15:00:09 +0300	2019-12-16 14:52:04 +0300	2011-03-31 13:59:00 +0300	deabaef30fc841ac9337e26a874ae856	100 KASA Nakit						n	-437500/100	-437500/100	1970-01-01 02:00:00 +0200
===== END
===== START
B	a1da0f9517ee49a6ae16c379f8e6d9ee	40cad7f0e8d54b0090d96257c04f2da2	2019-12-16 15:00:28 +0300	2019-12-13 08:56:43 +0300	2011-03-31 13:59:00 +0300	deabaef30fc841ac9337e26a874ae856	100 KASA Nakit		Mustafa Balcı Banka Hesabından				n	1750000/100	1750000/100	1970-01-01 02:00:00 +0200
B	a1da0f9517ee49a6ae16c379f8e6d9ee	6cb7a39a8425441e8c0db9a94d06194d	2019-12-16 15:00:28 +0300	2019-12-13 08:56:43 +0300	2011-03-31 13:59:00 +0300	f68f90c055f64d619b9e33995f4f67f8	Mustafa Balcı		Mustafa Balcı Banka Hesabından				n	-1750000/100	-1750000/100	1970-01-01 02:00:00 +0200
===== END
===== START
C	a1da0f9517ee49a6ae16c379f8e6d9ee	40cad7f0e8d54b0090d96257c04f2da2	2019-12-16 15:00:28 +0300	2019-12-13 08:56:43 +0300	2011-03-31 13:59:00 +0300	deabaef30fc841ac9337e26a874ae856	100 KASA Nakit		Mustafa Balcı Banka Hesabından				n	1312500/100	1312500/100	1970-01-01 02:00:00 +0200
C	a1da0f9517ee49a6ae16c379f8e6d9ee	6cb7a39a8425441e8c0db9a94d06194d	2019-12-16 15:00:28 +0300	2019-12-13 08:56:43 +0300	2011-03-31 13:59:00 +0300	f68f90c055f64d619b9e33995f4f67f8	Mustafa Balcı		Mustafa Balcı Banka Hesabından				n	-1312500/100	-1312500/100	1970-01-01 02:00:00 +0200
===== END
===== START
B	b4a4c52c92284795a6ed485f584b60a3	d9aa188266994a56a08bdab0488aeb4c	2019-12-16 15:00:29 +0300	2019-12-13 08:58:36 +0300	2011-03-31 13:59:00 +0300	2989cab05ba94d6b9b654d0567780299	Ort. Ayşe Balcı		Mustafa Balcı Banka Hesabından				n	437500/100	437500/100	1970-01-01 02:00:00 +0200
B	b4a4c52c92284795a6ed485f584b60a3	327a41e0135c4746b56f0f8e2e358d6b	2019-12-16 15:00:29 +0300	2019-12-13 08:58:36 +0300	2011-03-31 13:59:00 +0300	f68f90c055f64d619b9e33995f4f67f8	Mustafa Balcı		Mustafa Balcı Banka Hesabından				n	-437500/100	-437500/100	1970-01-01 02:00:00 +0200
===== END
===== START
C	b4a4c52c92284795a6ed485f584b60a3	d9aa188266994a56a08bdab0488aeb4c	2019-12-16 15:00:29 +0300	2019-12-13 08:58:36 +0300	2011-03-31 13:59:00 +0300	2989cab05ba94d6b9b654d0567780299	Ort. Ayşe Balcı		Mustafa Balcı Banka Hesabından				n	0/100	0/100	1970-01-01 02:00:00 +0200
C	b4a4c52c92284795a6ed485f584b60a3	327a41e0135c4746b56f0f8e2e358d6b	2019-12-16 15:00:29 +0300	2019-12-13 08:58:36 +0300	2011-03-31 13:59:00 +0300	f68f90c055f64d619b9e33995f4f67f8	Mustafa Balcı		Mustafa Balcı Banka Hesabından				n	0/100	0/100	1970-01-01 02:00:00 +0200
===== END
===== START
B	19eb2c254050456b9c983e7b56f71290	e6ca643302524851ab17f6bc0495f8fa	2019-12-16 15:00:30 +0300	2019-12-13 09:01:04 +0300	2011-03-31 13:59:00 +0300	f68f90c055f64d619b9e33995f4f67f8	Mustafa Balcı		Mustafa Balcı Banka Hesabından				n	0/100	0/100	1970-01-01 02:00:00 +0200
B	19eb2c254050456b9c983e7b56f71290	06776add3449403c8f450241382ad4b8	2019-12-16 15:00:30 +0300	2019-12-13 09:01:04 +0300	2011-03-31 13:59:00 +0300	908c3f6feebf4484990b780afddb8c6d	Ort Ali Balcı		Mustafa Balcı Banka Hesabından				n	0/100	0/100	1970-01-01 02:00:00 +0200
===== END
===== START
C	19eb2c254050456b9c983e7b56f71290	e6ca643302524851ab17f6bc0495f8fa	2019-12-16 15:00:30 +0300	2019-12-13 09:01:04 +0300	2011-03-31 13:59:00 +0300	f68f90c055f64d619b9e33995f4f67f8	Mustafa Balcı		Mustafa Balcı Banka Hesabından				n	437500/100	437500/100	1970-01-01 02:00:00 +0200
C	19eb2c254050456b9c983e7b56f71290	06776add3449403c8f450241382ad4b8	2019-12-16 15:00:30 +0300	2019-12-13 09:01:04 +0300	2011-03-31 13:59:00 +0300	908c3f6feebf4484990b780afddb8c6d	Ort Ali Balcı		Mustafa Balcı Banka Hesabından				n	-437500/100	-437500/100	1970-01-01 02:00:00 +0200
===== END
===== START
B	b4a4c52c92284795a6ed485f584b60a3	d9aa188266994a56a08bdab0488aeb4c	2019-12-16 15:00:32 +0300	2019-12-13 08:58:36 +0300	2011-03-31 13:59:00 +0300	2989cab05ba94d6b9b654d0567780299	Ort. Ayşe Balcı		Mustafa Balcı Banka Hesabından				n	0/100	0/100	1970-01-01 02:00:00 +0200
B	b4a4c52c92284795a6ed485f584b60a3	327a41e0135c4746b56f0f8e2e358d6b	2019-12-16 15:00:32 +0300	2019-12-13 08:58:36 +0300	2011-03-31 13:59:00 +0300	f68f90c055f64d619b9e33995f4f67f8	Mustafa Balcı		Mustafa Balcı Banka Hesabından				n	0/100	0/100	1970-01-01 02:00:00 +0200
===== END
===== START
C	b4a4c52c92284795a6ed485f584b60a3	d9aa188266994a56a08bdab0488aeb4c	2019-12-16 15:00:32 +0300	2019-12-13 08:58:36 +0300	2011-03-31 13:59:00 +0300	2989cab05ba94d6b9b654d0567780299	Ort. Ayşe Balcı		Mustafa Balcı Banka Hesabından				n	-437500/100	-437500/100	1970-01-01 02:00:00 +0200
C	b4a4c52c92284795a6ed485f584b60a3	327a41e0135c4746b56f0f8e2e358d6b	2019-12-16 15:00:32 +0300	2019-12-13 08:58:36 +0300	2011-03-31 13:59:00 +0300	f68f90c055f64d619b9e33995f4f67f8	Mustafa Balcı		Mustafa Balcı Banka Hesabından				n	437500/100	437500/100	1970-01-01 02:00:00 +0200
===== END
===== START
B	0433bc1bbc1e4406a2daf84ab9a10796	e7b0a1529e6b4fcb98727b862a716029	2019-12-16 15:00:33 +0300	2019-12-13 09:01:07 +0300	2011-03-31 13:59:00 +0300	f68f90c055f64d619b9e33995f4f67f8	Mustafa Balcı		Mustafa Balcı Banka Hesabından				n	0/100	0/100	1970-01-01 02:00:00 +0200
B	0433bc1bbc1e4406a2daf84ab9a10796	2a8d007d569e4c3a8536baee237453aa	2019-12-16 15:00:33 +0300	2019-12-13 09:01:07 +0300	2011-03-31 13:59:00 +0300	925040008251457dafaaa28adf28037e	Ort. AB Ls 		Mustafa Balcı Banka Hesabından				n	0/100	0/100	1970-01-01 02:00:00 +0200
===== END
===== START
C	0433bc1bbc1e4406a2daf84ab9a10796	e7b0a1529e6b4fcb98727b862a716029	2019-12-16 15:00:33 +0300	2019-12-13 09:01:07 +0300	2011-03-31 13:59:00 +0300	f68f90c055f64d619b9e33995f4f67f8	Mustafa Balcı		Mustafa Balcı Banka Hesabından				n	437500/100	437500/100	1970-01-01 02:00:00 +0200
C	0433bc1bbc1e4406a2daf84ab9a10796	2a8d007d569e4c3a8536baee237453aa	2019-12-16 15:00:33 +0300	2019-12-13 09:01:07 +0300	2011-03-31 13:59:00 +0300	925040008251457dafaaa28adf28037e	Ort. AB Ls 		Mustafa Balcı Banka Hesabından				n	-437500/100	-437500/100	1970-01-01 02:00:00 +0200
===== END
===== START
B	a1da0f9517ee49a6ae16c379f8e6d9ee	40cad7f0e8d54b0090d96257c04f2da2	2019-12-16 15:00:38 +0300	2019-12-13 08:56:43 +0300	2011-03-31 13:59:00 +0300	deabaef30fc841ac9337e26a874ae856	100 KASA Nakit		Mustafa Balcı Banka Hesabından				n	1312500/100	1312500/100	1970-01-01 02:00:00 +0200
B	a1da0f9517ee49a6ae16c379f8e6d9ee	6cb7a39a8425441e8c0db9a94d06194d	2019-12-16 15:00:38 +0300	2019-12-13 08:56:43 +0300	2011-03-31 13:59:00 +0300	f68f90c055f64d619b9e33995f4f67f8	Mustafa Balcı		Mustafa Balcı Banka Hesabından				n	-1312500/100	-1312500/100	1970-01-01 02:00:00 +0200
===== END
===== START
C	a1da0f9517ee49a6ae16c379f8e6d9ee	40cad7f0e8d54b0090d96257c04f2da2	2019-12-16 15:00:38 +0300	2019-12-13 08:56:43 +0300	2011-03-31 13:59:00 +0300	deabaef30fc841ac9337e26a874ae856	100 KASA Nakit		Mustafa Balcı Banka Hesabından				n	-437500/100	-437500/100	1970-01-01 02:00:00 +0200
C	a1da0f9517ee49a6ae16c379f8e6d9ee	6cb7a39a8425441e8c0db9a94d06194d	2019-12-16 15:00:38 +0300	2019-12-13 08:56:43 +0300	2011-03-31 13:59:00 +0300	f68f90c055f64d619b9e33995f4f67f8	Mustafa Balcı		Mustafa Balcı Banka Hesabından				n	437500/100	437500/100	1970-01-01 02:00:00 +0200
===== END
===== START
B	a1da0f9517ee49a6ae16c379f8e6d9ee	6cb7a39a8425441e8c0db9a94d06194d	2019-12-16 15:02:11 +0300	2019-12-13 08:56:43 +0300	2011-03-31 13:59:00 +0300	f68f90c055f64d619b9e33995f4f67f8	Mustafa Balcı		Mustafa Balcı Banka Hesabından				n	437500/100	437500/100	1970-01-01 02:00:00 +0200
B	a1da0f9517ee49a6ae16c379f8e6d9ee	40cad7f0e8d54b0090d96257c04f2da2	2019-12-16 15:02:11 +0300	2019-12-13 08:56:43 +0300	2011-03-31 13:59:00 +0300	deabaef30fc841ac9337e26a874ae856	100 KASA Nakit		Mustafa Balcı Banka Hesabından				n	-437500/100	-437500/100	1970-01-01 02:00:00 +0200
===== END
===== START
C	a1da0f9517ee49a6ae16c379f8e6d9ee	6cb7a39a8425441e8c0db9a94d06194d	2019-12-16 15:02:11 +0300	2019-12-13 08:56:43 +0300	2011-03-31 13:59:00 +0300	f68f90c055f64d619b9e33995f4f67f8	Mustafa Balcı		Mustafa Balcı Banka Hesabından				n	-1750000/100	-1750000/100	1970-01-01 02:00:00 +0200
C	a1da0f9517ee49a6ae16c379f8e6d9ee	40cad7f0e8d54b0090d96257c04f2da2	2019-12-16 15:02:11 +0300	2019-12-13 08:56:43 +0300	2011-03-31 13:59:00 +0300	deabaef30fc841ac9337e26a874ae856	100 KASA Nakit		Mustafa Balcı Banka Hesabından				n	1750000/100	1750000/100	1970-01-01 02:00:00 +0200
===== END
===== START
===== END
===== START
D	4d27c91519a1454dab3dac6a68835e2d	de39d9586e794b3f9fa54c2208b5e738	2019-12-16 15:04:10 +0300	2019-12-16 15:04:10 +0300	2019-12-16 13:59:00 +0300								n	0/1	0/100	1970-01-01 02:00:00 +0200
===== END
===== START
D	78d6666890844b8a9bbd29e5cae788d7	ed6e1c3e2e134b0b9f5818524b3c6646	2019-12-16 15:04:12 +0300	2019-12-16 15:04:12 +0300	2011-03-31 13:59:00 +0300								n	0/1	0/100	1970-01-01 02:00:00 +0200
===== END
