mod	trans_guid	split_guid	time_now	date_entered	date_posted	acc_guid	acc_name	num	description	notes	memo	action	reconciled	amount	value	date_reconciled
-----------------
===== START
===== END
===== START
C	3a36c03c6edd49debda0c231af993766	ec9e4a9a499441d0a2ca24ad2af6baef	2019-10-12 06:40:46 +0300	2019-10-12 06:40:46 +0300	2019-10-12 13:59:00 +0300	9629b398795b4afba383a35e35834f99	taha		kira bedeli				n	100000/100	100000/100	1970-01-01 02:00:00 +0200
C	3a36c03c6edd49debda0c231af993766	5fd92dff2f1947d9b2d72fb5f5082121	2019-10-12 06:40:46 +0300	2019-10-12 06:40:46 +0300	2019-10-12 13:59:00 +0300	9629b398795b4afba383a35e35834f99	taha		kira bedeli				n	-100000/100	-100000/100	1970-01-01 02:00:00 +0200
===== END
===== START
===== END
===== START
B	3a36c03c6edd49debda0c231af993766	ec9e4a9a499441d0a2ca24ad2af6baef	2019-10-12 06:41:19 +0300	2019-10-12 06:40:46 +0300	2019-10-12 13:59:00 +0300	9629b398795b4afba383a35e35834f99	taha		kira bedeli				n	100000/100	100000/100	1970-01-01 02:00:00 +0200
B	3a36c03c6edd49debda0c231af993766	5fd92dff2f1947d9b2d72fb5f5082121	2019-10-12 06:41:19 +0300	2019-10-12 06:40:46 +0300	2019-10-12 13:59:00 +0300	9629b398795b4afba383a35e35834f99	taha		kira bedeli				n	-100000/100	-100000/100	1970-01-01 02:00:00 +0200
===== END
===== START
C	3a36c03c6edd49debda0c231af993766	ec9e4a9a499441d0a2ca24ad2af6baef	2019-10-12 06:41:19 +0300	2019-10-12 06:40:46 +0300	2019-10-12 13:59:00 +0300	9629b398795b4afba383a35e35834f99	taha		kira bedeli				n	100000/100	100000/100	1970-01-01 02:00:00 +0200
C	3a36c03c6edd49debda0c231af993766	5fd92dff2f1947d9b2d72fb5f5082121	2019-10-12 06:41:19 +0300	2019-10-12 06:40:46 +0300	2019-10-12 13:59:00 +0300	9629b398795b4afba383a35e35834f99	taha		kira bedeli				n	-100000/100	-100000/100	1970-01-01 02:00:00 +0200
===== END
===== START
B	3a36c03c6edd49debda0c231af993766	ec9e4a9a499441d0a2ca24ad2af6baef	2019-10-12 06:41:37 +0300	2019-10-12 06:40:46 +0300	2019-10-12 13:59:00 +0300	9629b398795b4afba383a35e35834f99	taha		kira bedeli				n	100000/100	100000/100	1970-01-01 02:00:00 +0200
B	3a36c03c6edd49debda0c231af993766	5fd92dff2f1947d9b2d72fb5f5082121	2019-10-12 06:41:37 +0300	2019-10-12 06:40:46 +0300	2019-10-12 13:59:00 +0300	9629b398795b4afba383a35e35834f99	taha		kira bedeli				n	-100000/100	-100000/100	1970-01-01 02:00:00 +0200
===== END
===== START
D	3a36c03c6edd49debda0c231af993766	ec9e4a9a499441d0a2ca24ad2af6baef	2019-10-12 06:41:37 +0300	2019-10-12 06:40:46 +0300	2019-10-12 13:59:00 +0300	9629b398795b4afba383a35e35834f99	taha		kira bedeli				n	100000/100	100000/100	1970-01-01 02:00:00 +0200
D	3a36c03c6edd49debda0c231af993766	5fd92dff2f1947d9b2d72fb5f5082121	2019-10-12 06:41:37 +0300	2019-10-12 06:40:46 +0300	2019-10-12 13:59:00 +0300	9629b398795b4afba383a35e35834f99	taha		kira bedeli				n	-100000/100	-100000/100	1970-01-01 02:00:00 +0200
===== END
