mod	trans_guid	split_guid	time_now	date_entered	date_posted	acc_guid	acc_name	num	description	notes	memo	action	reconciled	amount	value	date_reconciled
-----------------
===== START
C	c632e81233b6478aac959132959a6e8c	e070d92b25cb4eae9badaff08f7b0e5d	2019-10-12 07:00:13 +0300	2019-10-12 07:00:13 +0300	2019-10-12 13:59:00 +0300	df0c6cabcf5d40ce8423dcd9e0f0c591	hızarhane depo						n	100000/100	100000/100	1970-01-01 02:00:00 +0200
C	c632e81233b6478aac959132959a6e8c	9a847aacd4c747108e5db80c2ab88f70	2019-10-12 07:00:13 +0300	2019-10-12 07:00:13 +0300	2019-10-12 13:59:00 +0300	eed01c48cf8742c1975752fc2f09e664	Açık-TRY						n	-100000/100	-100000/100	1970-01-01 02:00:00 +0200
===== END
===== START
===== END
===== START
D	96c033918f1241538f52a4ce838596d1	3e0b97ef1193441a82a8b5527fdb7f8c	2019-10-12 07:00:19 +0300	2019-10-12 07:00:19 +0300	2019-10-12 13:59:00 +0300								n	0/1	0/100	1970-01-01 02:00:00 +0200
===== END
===== START
D	388a1dc16b914ec4bccf472979de6e09	00d6f53f32ae4a32904c9b5c04f626ce	2019-10-12 07:00:20 +0300	2019-10-12 07:00:20 +0300	2019-10-12 13:59:00 +0300								n	0/1	0/100	1970-01-01 02:00:00 +0200
===== END
===== START
D	d941715a373342c2a95623888f8f8448	19e391531dae45928e6e419c50b355dc	2019-10-12 07:00:22 +0300	2019-10-12 07:00:22 +0300	2019-10-12 13:59:00 +0300								n	0/1	0/100	1970-01-01 02:00:00 +0200
===== END
===== START
===== END
===== START
B	c632e81233b6478aac959132959a6e8c	e070d92b25cb4eae9badaff08f7b0e5d	2019-10-12 07:01:00 +0300	2019-10-12 07:00:13 +0300	2019-10-12 13:59:00 +0300	df0c6cabcf5d40ce8423dcd9e0f0c591	hızarhane depo						n	100000/100	100000/100	1970-01-01 02:00:00 +0200
B	c632e81233b6478aac959132959a6e8c	9a847aacd4c747108e5db80c2ab88f70	2019-10-12 07:01:00 +0300	2019-10-12 07:00:13 +0300	2019-10-12 13:59:00 +0300	eed01c48cf8742c1975752fc2f09e664	Açık-TRY						n	-100000/100	-100000/100	1970-01-01 02:00:00 +0200
===== END
===== START
C	c632e81233b6478aac959132959a6e8c	e070d92b25cb4eae9badaff08f7b0e5d	2019-10-12 07:01:00 +0300	2019-10-12 07:00:13 +0300	2019-10-12 13:59:00 +0300	df0c6cabcf5d40ce8423dcd9e0f0c591	hızarhane depo						n	100000/100	100000/100	1970-01-01 02:00:00 +0200
C	c632e81233b6478aac959132959a6e8c	9a847aacd4c747108e5db80c2ab88f70	2019-10-12 07:01:00 +0300	2019-10-12 07:00:13 +0300	2019-10-12 13:59:00 +0300	c3d17c906fd248679b1cf111feb2c488	hızarhane depo						n	-100000/100	-100000/100	1970-01-01 02:00:00 +0200
===== END
===== START
===== END
===== START
C	8b7b516a93da4897901aab65ed73dba6	d4d10c95fcce4242a7b0366e7815d025	2019-10-12 07:01:53 +0300	2019-10-12 07:01:53 +0300	2019-10-12 13:59:00 +0300	47674a7c675c4f3cb90b7221bd92fae8	ali						n	-50000/100	-50000/100	1970-01-01 02:00:00 +0200
C	8b7b516a93da4897901aab65ed73dba6	84e7a3c63230454d8d61b76ecf529a23	2019-10-12 07:01:53 +0300	2019-10-12 07:01:53 +0300	2019-10-12 13:59:00 +0300	c3d17c906fd248679b1cf111feb2c488	hızarhane depo						n	50000/100	50000/100	1970-01-01 02:00:00 +0200
===== END
===== START
===== END
===== START
B	8b7b516a93da4897901aab65ed73dba6	84e7a3c63230454d8d61b76ecf529a23	2019-10-12 07:02:15 +0300	2019-10-12 07:01:53 +0300	2019-10-12 13:59:00 +0300	c3d17c906fd248679b1cf111feb2c488	hızarhane depo						n	50000/100	50000/100	1970-01-01 02:00:00 +0200
B	8b7b516a93da4897901aab65ed73dba6	d4d10c95fcce4242a7b0366e7815d025	2019-10-12 07:02:15 +0300	2019-10-12 07:01:53 +0300	2019-10-12 13:59:00 +0300	47674a7c675c4f3cb90b7221bd92fae8	ali						n	-50000/100	-50000/100	1970-01-01 02:00:00 +0200
===== END
===== START
C	8b7b516a93da4897901aab65ed73dba6	84e7a3c63230454d8d61b76ecf529a23	2019-10-12 07:02:15 +0300	2019-10-12 07:01:53 +0300	2019-10-12 13:59:00 +0300	df0c6cabcf5d40ce8423dcd9e0f0c591	hızarhane depo						n	50000/100	50000/100	1970-01-01 02:00:00 +0200
C	8b7b516a93da4897901aab65ed73dba6	d4d10c95fcce4242a7b0366e7815d025	2019-10-12 07:02:15 +0300	2019-10-12 07:01:53 +0300	2019-10-12 13:59:00 +0300	47674a7c675c4f3cb90b7221bd92fae8	ali						n	-50000/100	-50000/100	1970-01-01 02:00:00 +0200
===== END
===== START
B	8b7b516a93da4897901aab65ed73dba6	84e7a3c63230454d8d61b76ecf529a23	2019-10-12 07:02:38 +0300	2019-10-12 07:01:53 +0300	2019-10-12 13:59:00 +0300	df0c6cabcf5d40ce8423dcd9e0f0c591	hızarhane depo						n	50000/100	50000/100	1970-01-01 02:00:00 +0200
B	8b7b516a93da4897901aab65ed73dba6	d4d10c95fcce4242a7b0366e7815d025	2019-10-12 07:02:38 +0300	2019-10-12 07:01:53 +0300	2019-10-12 13:59:00 +0300	47674a7c675c4f3cb90b7221bd92fae8	ali						n	-50000/100	-50000/100	1970-01-01 02:00:00 +0200
===== END
===== START
C	8b7b516a93da4897901aab65ed73dba6	84e7a3c63230454d8d61b76ecf529a23	2019-10-12 07:02:38 +0300	2019-10-12 07:01:53 +0300	2019-10-12 13:59:00 +0300	df0c6cabcf5d40ce8423dcd9e0f0c591	hızarhane depo						n	-50000/100	-50000/100	1970-01-01 02:00:00 +0200
C	8b7b516a93da4897901aab65ed73dba6	d4d10c95fcce4242a7b0366e7815d025	2019-10-12 07:02:38 +0300	2019-10-12 07:01:53 +0300	2019-10-12 13:59:00 +0300	47674a7c675c4f3cb90b7221bd92fae8	ali						n	50000/100	50000/100	1970-01-01 02:00:00 +0200
===== END
===== START
B	8b7b516a93da4897901aab65ed73dba6	d4d10c95fcce4242a7b0366e7815d025	2019-10-12 07:03:40 +0300	2019-10-12 07:01:53 +0300	2019-10-12 13:59:00 +0300	47674a7c675c4f3cb90b7221bd92fae8	ali						n	50000/100	50000/100	1970-01-01 02:00:00 +0200
B	8b7b516a93da4897901aab65ed73dba6	84e7a3c63230454d8d61b76ecf529a23	2019-10-12 07:03:40 +0300	2019-10-12 07:01:53 +0300	2019-10-12 13:59:00 +0300	df0c6cabcf5d40ce8423dcd9e0f0c591	hızarhane depo						n	-50000/100	-50000/100	1970-01-01 02:00:00 +0200
===== END
===== START
C	8b7b516a93da4897901aab65ed73dba6	d4d10c95fcce4242a7b0366e7815d025	2019-10-12 07:03:40 +0300	2019-10-12 07:01:53 +0300	2019-10-12 13:59:00 +0300	47674a7c675c4f3cb90b7221bd92fae8	ali						n	-50000/100	-50000/100	1970-01-01 02:00:00 +0200
C	8b7b516a93da4897901aab65ed73dba6	84e7a3c63230454d8d61b76ecf529a23	2019-10-12 07:03:40 +0300	2019-10-12 07:01:53 +0300	2019-10-12 13:59:00 +0300	df0c6cabcf5d40ce8423dcd9e0f0c591	hızarhane depo						n	50000/100	50000/100	1970-01-01 02:00:00 +0200
===== END
