mod	trans_guid	split_guid	time_now	date_entered	date_posted	acc_guid	acc_name	num	description	notes	memo	action	reconciled	amount	value	date_reconciled
-----------------
===== START
===== END
===== START
D	3e4b50b39de04fbaae9ba381b47923ba	20a2c9f8ba2b481ebcc040c50b996e2c	2019-10-16 06:44:17 +0300	2019-10-16 06:44:17 +0300	2019-10-16 13:59:00 +0300								n	0/1	0/100	1970-01-01 02:00:00 +0200
===== END
===== START
C	baedf7f4b2ca4498b2dd0778fc214e38	6601cc28259c4f1fa854ddf431c2751c	2019-10-16 06:44:20 +0300	2019-10-16 06:44:20 +0300	2019-10-16 13:59:00 +0300	c3d17c906fd248679b1cf111feb2c488	hızarhane depo						n	0/100	0/100	1970-01-01 02:00:00 +0200
C	baedf7f4b2ca4498b2dd0778fc214e38	9c88cd8449d743229c39ba5da0cd6b9f	2019-10-16 06:44:20 +0300	2019-10-16 06:44:20 +0300	2019-10-16 13:59:00 +0300	d3910edd1cce48a4b3798c5a47e70d69	aakiracılar						n	0/100	0/100	1970-01-01 02:00:00 +0200
===== END
===== START
===== END
===== START
D	08f6151a91b9434bb96c8528b7d4bf92	fff82b5bd806487d98f57f37f851dbb3	2019-10-16 06:44:20 +0300	2019-10-16 06:44:20 +0300	2019-10-16 13:59:00 +0300								n	0/1	0/100	1970-01-01 02:00:00 +0200
===== END
===== START
D	2e0ff38d9ea74b16899e5a2c2973c153	b0ad71489aa44bb49a82230fa6fdfb87	2019-10-16 06:44:22 +0300	2019-10-16 06:44:22 +0300	2019-10-16 13:59:00 +0300								n	0/1	0/100	1970-01-01 02:00:00 +0200
===== END
===== START
D	7b160b4c86a142eca37777d7202beaf9	2c5804c2e8dc4b749f719da96350a28c	2019-10-16 06:44:25 +0300	2019-10-16 06:44:25 +0300	2019-10-16 13:59:00 +0300								n	0/1	0/100	1970-01-01 02:00:00 +0200
===== END
===== START
D	718d9be1f4594200833b07425cbe8a6a	6dc28db57d8549b9b785c71e10759291	2019-10-16 06:44:26 +0300	2019-10-16 06:44:26 +0300	2019-10-16 13:59:00 +0300								n	0/1	0/100	1970-01-01 02:00:00 +0200
===== END
