mod	trans_guid	split_guid	time_now	date_entered	date_posted	acc_guid	acc_name	num	description	notes	memo	action	reconciled	amount	value	date_reconciled
-----------------
===== START
B	224c9a6b092b43c6925769e3ab6c7501	d7a1d24fd5394864bb9b5fef5c7126ce	2019-10-12 06:50:23 +0300	2019-10-12 06:48:59 +0300	2019-10-12 13:59:00 +0300	55c44a02a54c4a75a8cd264250d8b47d	taha		taha kira bedeli				n	100000/100	100000/100	1970-01-01 02:00:00 +0200
B	224c9a6b092b43c6925769e3ab6c7501	4974d0ccba354a3ba1a297399b9c15e4	2019-10-12 06:50:23 +0300	2019-10-12 06:48:59 +0300	2019-10-12 13:59:00 +0300	d3910edd1cce48a4b3798c5a47e70d69	aakiracılar		taha kira bedeli				n	-100000/100	-100000/100	1970-01-01 02:00:00 +0200
===== END
===== START
C	224c9a6b092b43c6925769e3ab6c7501	d7a1d24fd5394864bb9b5fef5c7126ce	2019-10-12 06:50:23 +0300	2019-10-12 06:48:59 +0300	2019-10-12 13:59:00 +0300	55c44a02a54c4a75a8cd264250d8b47d	taha		taha kira bedeli				n	100000/100	100000/100	1970-01-01 02:00:00 +0200
C	224c9a6b092b43c6925769e3ab6c7501	4974d0ccba354a3ba1a297399b9c15e4	2019-10-12 06:50:23 +0300	2019-10-12 06:48:59 +0300	2019-10-12 13:59:00 +0300	c3d17c906fd248679b1cf111feb2c488	hızarhane depo		taha kira bedeli				n	-100000/100	-100000/100	1970-01-01 02:00:00 +0200
===== END
===== START
C	7bf26c4fcafa404b879739c0ba9fa62c	f32c70e541144f029d47b60b3910c529	2019-10-12 06:51:03 +0300	2019-10-12 06:51:03 +0300	2019-10-12 13:59:00 +0300	c3d17c906fd248679b1cf111feb2c488	hızarhane depo						n	0/100	0/100	1970-01-01 02:00:00 +0200
C	7bf26c4fcafa404b879739c0ba9fa62c	f8e8cac497cc4242b8509afe8f0fbdca	2019-10-12 06:51:03 +0300	2019-10-12 06:51:03 +0300	2019-10-12 13:59:00 +0300	df0c6cabcf5d40ce8423dcd9e0f0c591	hızarhane depo						n	0/100	0/100	1970-01-01 02:00:00 +0200
===== END
===== START
===== END
===== START
B	1e3aded92280446aaa949978a2f9bb2b	079e210843d0492fbd13470803b24518	2019-10-12 06:51:10 +0300	2019-10-12 06:49:12 +0300	2019-10-12 13:59:00 +0300	c3d17c906fd248679b1cf111feb2c488	hızarhane depo		taha ödeme				n	50000/100	50000/100	1970-01-01 02:00:00 +0200
B	1e3aded92280446aaa949978a2f9bb2b	529a57df3bef41e3ba5987ac0863c17b	2019-10-12 06:51:10 +0300	2019-10-12 06:49:12 +0300	2019-10-12 13:59:00 +0300	55c44a02a54c4a75a8cd264250d8b47d	taha		taha ödeme				n	-50000/100	-50000/100	1970-01-01 02:00:00 +0200
===== END
===== START
C	1e3aded92280446aaa949978a2f9bb2b	079e210843d0492fbd13470803b24518	2019-10-12 06:51:10 +0300	2019-10-12 06:49:12 +0300	2019-10-12 13:59:00 +0300	c3d17c906fd248679b1cf111feb2c488	hızarhane depo		taha ödeme				n	50000/100	50000/100	1970-01-01 02:00:00 +0200
C	1e3aded92280446aaa949978a2f9bb2b	529a57df3bef41e3ba5987ac0863c17b	2019-10-12 06:51:10 +0300	2019-10-12 06:49:12 +0300	2019-10-12 13:59:00 +0300	df0c6cabcf5d40ce8423dcd9e0f0c591	hızarhane depo		taha ödeme				n	-50000/100	-50000/100	1970-01-01 02:00:00 +0200
===== END
===== START
===== END
===== START
C	b50b8dcf4dc443709199a94310503506	8b935aeaba7b43a08b8be3055ca8fbf4	2019-10-12 06:51:47 +0300	2019-10-12 06:51:47 +0300	2019-10-12 13:59:00 +0300	d3910edd1cce48a4b3798c5a47e70d69	aakiracılar		kira bedli				n	0/100	0/100	1970-01-01 02:00:00 +0200
===== END
===== START
===== END
===== START
D	bea7ba69aeae4b7ba688628c8649e739	e8878b027d96475da871060f9a886cd0	2019-10-12 06:51:48 +0300	2019-10-12 06:51:48 +0300	2019-10-12 13:59:00 +0300								n	0/1	0/100	1970-01-01 02:00:00 +0200
===== END
===== START
===== END
===== START
B	b50b8dcf4dc443709199a94310503506	8b935aeaba7b43a08b8be3055ca8fbf4	2019-10-12 06:52:00 +0300	2019-10-12 06:51:47 +0300	2019-10-12 13:59:00 +0300	d3910edd1cce48a4b3798c5a47e70d69	aakiracılar		kira bedli				n	0/100	0/100	1970-01-01 02:00:00 +0200
===== END
===== START
D	b50b8dcf4dc443709199a94310503506	8b935aeaba7b43a08b8be3055ca8fbf4	2019-10-12 06:52:00 +0300	2019-10-12 06:51:47 +0300	2019-10-12 13:59:00 +0300	d3910edd1cce48a4b3798c5a47e70d69	aakiracılar		kira bedli				n	0/100	0/100	1970-01-01 02:00:00 +0200
===== END
===== START
D	d0dc00c70d694054a75673511616b16c	698f63430f614ca9acbba139506805b3	2019-10-12 06:52:03 +0300	2019-10-12 06:52:03 +0300	2019-10-12 13:59:00 +0300								n	0/1	0/100	1970-01-01 02:00:00 +0200
===== END
===== START
C	591206c4cc86485e9f9df2c4b89179c4	3f82f89ee4434565ab86d5bd8822205c	2019-10-12 06:53:42 +0300	2019-10-12 06:53:42 +0300	2019-10-12 13:59:00 +0300	55c44a02a54c4a75a8cd264250d8b47d	taha						n	-50000/100	-50000/100	1970-01-01 02:00:00 +0200
C	591206c4cc86485e9f9df2c4b89179c4	bff45fc52a164ecdb5152d92a330acb5	2019-10-12 06:53:42 +0300	2019-10-12 06:53:42 +0300	2019-10-12 13:59:00 +0300	c3d17c906fd248679b1cf111feb2c488	hızarhane depo						n	50000/100	50000/100	1970-01-01 02:00:00 +0200
===== END
===== START
===== END
===== START
B	7bf26c4fcafa404b879739c0ba9fa62c	f32c70e541144f029d47b60b3910c529	2019-10-12 06:54:02 +0300	2019-10-12 06:51:03 +0300	2019-10-12 13:59:00 +0300	c3d17c906fd248679b1cf111feb2c488	hızarhane depo						n	0/100	0/100	1970-01-01 02:00:00 +0200
B	7bf26c4fcafa404b879739c0ba9fa62c	f8e8cac497cc4242b8509afe8f0fbdca	2019-10-12 06:54:02 +0300	2019-10-12 06:51:03 +0300	2019-10-12 13:59:00 +0300	df0c6cabcf5d40ce8423dcd9e0f0c591	hızarhane depo						n	0/100	0/100	1970-01-01 02:00:00 +0200
===== END
===== START
D	7bf26c4fcafa404b879739c0ba9fa62c	f32c70e541144f029d47b60b3910c529	2019-10-12 06:54:02 +0300	2019-10-12 06:51:03 +0300	2019-10-12 13:59:00 +0300	c3d17c906fd248679b1cf111feb2c488	hızarhane depo						n	0/100	0/100	1970-01-01 02:00:00 +0200
D	7bf26c4fcafa404b879739c0ba9fa62c	f8e8cac497cc4242b8509afe8f0fbdca	2019-10-12 06:54:02 +0300	2019-10-12 06:51:03 +0300	2019-10-12 13:59:00 +0300	df0c6cabcf5d40ce8423dcd9e0f0c591	hızarhane depo						n	0/100	0/100	1970-01-01 02:00:00 +0200
===== END
===== START
B	1e3aded92280446aaa949978a2f9bb2b	079e210843d0492fbd13470803b24518	2019-10-12 06:54:15 +0300	2019-10-12 06:49:12 +0300	2019-10-12 13:59:00 +0300	c3d17c906fd248679b1cf111feb2c488	hızarhane depo		taha ödeme				n	50000/100	50000/100	1970-01-01 02:00:00 +0200
B	1e3aded92280446aaa949978a2f9bb2b	529a57df3bef41e3ba5987ac0863c17b	2019-10-12 06:54:15 +0300	2019-10-12 06:49:12 +0300	2019-10-12 13:59:00 +0300	df0c6cabcf5d40ce8423dcd9e0f0c591	hızarhane depo		taha ödeme				n	-50000/100	-50000/100	1970-01-01 02:00:00 +0200
===== END
===== START
D	1e3aded92280446aaa949978a2f9bb2b	079e210843d0492fbd13470803b24518	2019-10-12 06:54:15 +0300	2019-10-12 06:49:12 +0300	2019-10-12 13:59:00 +0300	c3d17c906fd248679b1cf111feb2c488	hızarhane depo		taha ödeme				n	50000/100	50000/100	1970-01-01 02:00:00 +0200
D	1e3aded92280446aaa949978a2f9bb2b	529a57df3bef41e3ba5987ac0863c17b	2019-10-12 06:54:15 +0300	2019-10-12 06:49:12 +0300	2019-10-12 13:59:00 +0300	df0c6cabcf5d40ce8423dcd9e0f0c591	hızarhane depo		taha ödeme				n	-50000/100	-50000/100	1970-01-01 02:00:00 +0200
===== END
===== START
B	591206c4cc86485e9f9df2c4b89179c4	bff45fc52a164ecdb5152d92a330acb5	2019-10-12 06:54:18 +0300	2019-10-12 06:53:42 +0300	2019-10-12 13:59:00 +0300	c3d17c906fd248679b1cf111feb2c488	hızarhane depo						n	50000/100	50000/100	1970-01-01 02:00:00 +0200
B	591206c4cc86485e9f9df2c4b89179c4	3f82f89ee4434565ab86d5bd8822205c	2019-10-12 06:54:18 +0300	2019-10-12 06:53:42 +0300	2019-10-12 13:59:00 +0300	55c44a02a54c4a75a8cd264250d8b47d	taha						n	-50000/100	-50000/100	1970-01-01 02:00:00 +0200
===== END
===== START
D	591206c4cc86485e9f9df2c4b89179c4	bff45fc52a164ecdb5152d92a330acb5	2019-10-12 06:54:18 +0300	2019-10-12 06:53:42 +0300	2019-10-12 13:59:00 +0300	c3d17c906fd248679b1cf111feb2c488	hızarhane depo						n	50000/100	50000/100	1970-01-01 02:00:00 +0200
D	591206c4cc86485e9f9df2c4b89179c4	3f82f89ee4434565ab86d5bd8822205c	2019-10-12 06:54:18 +0300	2019-10-12 06:53:42 +0300	2019-10-12 13:59:00 +0300	55c44a02a54c4a75a8cd264250d8b47d	taha						n	-50000/100	-50000/100	1970-01-01 02:00:00 +0200
===== END
===== START
B	224c9a6b092b43c6925769e3ab6c7501	d7a1d24fd5394864bb9b5fef5c7126ce	2019-10-12 06:54:37 +0300	2019-10-12 06:48:59 +0300	2019-10-12 13:59:00 +0300	55c44a02a54c4a75a8cd264250d8b47d	taha		taha kira bedeli				n	100000/100	100000/100	1970-01-01 02:00:00 +0200
B	224c9a6b092b43c6925769e3ab6c7501	4974d0ccba354a3ba1a297399b9c15e4	2019-10-12 06:54:37 +0300	2019-10-12 06:48:59 +0300	2019-10-12 13:59:00 +0300	c3d17c906fd248679b1cf111feb2c488	hızarhane depo		taha kira bedeli				n	-100000/100	-100000/100	1970-01-01 02:00:00 +0200
===== END
===== START
D	224c9a6b092b43c6925769e3ab6c7501	d7a1d24fd5394864bb9b5fef5c7126ce	2019-10-12 06:54:37 +0300	2019-10-12 06:48:59 +0300	2019-10-12 13:59:00 +0300	55c44a02a54c4a75a8cd264250d8b47d	taha		taha kira bedeli				n	100000/100	100000/100	1970-01-01 02:00:00 +0200
D	224c9a6b092b43c6925769e3ab6c7501	4974d0ccba354a3ba1a297399b9c15e4	2019-10-12 06:54:37 +0300	2019-10-12 06:48:59 +0300	2019-10-12 13:59:00 +0300	c3d17c906fd248679b1cf111feb2c488	hızarhane depo		taha kira bedeli				n	-100000/100	-100000/100	1970-01-01 02:00:00 +0200
===== END
