mod	trans_guid	split_guid	time_now	date_entered	date_posted	acc_guid	acc_name	num	description	notes	memo	action	reconciled	amount	value	date_reconciled
-----------------
===== START
===== END
===== START
C	951239d0b8804ed3ae1e0123c000033a	d9a6769d665d4e4da6b8298d5a69d263	2019-10-12 07:08:14 +0300	2019-10-12 07:08:14 +0300	2019-10-12 13:59:00 +0300	c3d17c906fd248679b1cf111feb2c488	hızarhane depo						n	50000/100	50000/100	1970-01-01 02:00:00 +0200
C	951239d0b8804ed3ae1e0123c000033a	b0feee6827e84cea8d5266872c4ec7e8	2019-10-12 07:08:14 +0300	2019-10-12 07:08:14 +0300	2019-10-12 13:59:00 +0300	47674a7c675c4f3cb90b7221bd92fae8	ali						n	-50000/100	-50000/100	1970-01-01 02:00:00 +0200
===== END
===== START
===== END
===== START
B	8b7b516a93da4897901aab65ed73dba6	84e7a3c63230454d8d61b76ecf529a23	2019-10-12 07:08:39 +0300	2019-10-12 07:01:53 +0300	2019-10-12 13:59:00 +0300	df0c6cabcf5d40ce8423dcd9e0f0c591	hızarhane depo						n	50000/100	50000/100	1970-01-01 02:00:00 +0200
B	8b7b516a93da4897901aab65ed73dba6	d4d10c95fcce4242a7b0366e7815d025	2019-10-12 07:08:39 +0300	2019-10-12 07:01:53 +0300	2019-10-12 13:59:00 +0300	47674a7c675c4f3cb90b7221bd92fae8	ali						n	-50000/100	-50000/100	1970-01-01 02:00:00 +0200
===== END
===== START
D	8b7b516a93da4897901aab65ed73dba6	84e7a3c63230454d8d61b76ecf529a23	2019-10-12 07:08:39 +0300	2019-10-12 07:01:53 +0300	2019-10-12 13:59:00 +0300	df0c6cabcf5d40ce8423dcd9e0f0c591	hızarhane depo						n	50000/100	50000/100	1970-01-01 02:00:00 +0200
D	8b7b516a93da4897901aab65ed73dba6	d4d10c95fcce4242a7b0366e7815d025	2019-10-12 07:08:39 +0300	2019-10-12 07:01:53 +0300	2019-10-12 13:59:00 +0300	47674a7c675c4f3cb90b7221bd92fae8	ali						n	-50000/100	-50000/100	1970-01-01 02:00:00 +0200
===== END
===== START
===== END
===== START
C	f1e684c324bb412c9a79d52a56aeba9c	957697f654df472e98d51b5ebbb0fb61	2019-10-12 07:10:10 +0300	2019-10-12 07:10:10 +0300	2019-10-12 13:59:00 +0300	55c44a02a54c4a75a8cd264250d8b47d	taha						n	100000/100	100000/100	1970-01-01 02:00:00 +0200
C	f1e684c324bb412c9a79d52a56aeba9c	6bc5ff3455644ebfaadd478ca024ec7c	2019-10-12 07:10:10 +0300	2019-10-12 07:10:10 +0300	2019-10-12 13:59:00 +0300	c3d17c906fd248679b1cf111feb2c488	hızarhane depo						n	-100000/100	-100000/100	1970-01-01 02:00:00 +0200
===== END
===== START
===== END
===== START
B	951239d0b8804ed3ae1e0123c000033a	d9a6769d665d4e4da6b8298d5a69d263	2019-10-12 07:10:27 +0300	2019-10-12 07:08:14 +0300	2019-10-12 13:59:00 +0300	c3d17c906fd248679b1cf111feb2c488	hızarhane depo						n	50000/100	50000/100	1970-01-01 02:00:00 +0200
B	951239d0b8804ed3ae1e0123c000033a	b0feee6827e84cea8d5266872c4ec7e8	2019-10-12 07:10:27 +0300	2019-10-12 07:08:14 +0300	2019-10-12 13:59:00 +0300	47674a7c675c4f3cb90b7221bd92fae8	ali						n	-50000/100	-50000/100	1970-01-01 02:00:00 +0200
===== END
===== START
D	951239d0b8804ed3ae1e0123c000033a	d9a6769d665d4e4da6b8298d5a69d263	2019-10-12 07:10:27 +0300	2019-10-12 07:08:14 +0300	2019-10-12 13:59:00 +0300	c3d17c906fd248679b1cf111feb2c488	hızarhane depo						n	50000/100	50000/100	1970-01-01 02:00:00 +0200
D	951239d0b8804ed3ae1e0123c000033a	b0feee6827e84cea8d5266872c4ec7e8	2019-10-12 07:10:27 +0300	2019-10-12 07:08:14 +0300	2019-10-12 13:59:00 +0300	47674a7c675c4f3cb90b7221bd92fae8	ali						n	-50000/100	-50000/100	1970-01-01 02:00:00 +0200
===== END
===== START
B	c632e81233b6478aac959132959a6e8c	e070d92b25cb4eae9badaff08f7b0e5d	2019-10-12 07:10:29 +0300	2019-10-12 07:00:13 +0300	2019-10-12 13:59:00 +0300	df0c6cabcf5d40ce8423dcd9e0f0c591	hızarhane depo						n	100000/100	100000/100	1970-01-01 02:00:00 +0200
B	c632e81233b6478aac959132959a6e8c	9a847aacd4c747108e5db80c2ab88f70	2019-10-12 07:10:29 +0300	2019-10-12 07:00:13 +0300	2019-10-12 13:59:00 +0300	c3d17c906fd248679b1cf111feb2c488	hızarhane depo						n	-100000/100	-100000/100	1970-01-01 02:00:00 +0200
===== END
===== START
D	c632e81233b6478aac959132959a6e8c	e070d92b25cb4eae9badaff08f7b0e5d	2019-10-12 07:10:29 +0300	2019-10-12 07:00:13 +0300	2019-10-12 13:59:00 +0300	df0c6cabcf5d40ce8423dcd9e0f0c591	hızarhane depo						n	100000/100	100000/100	1970-01-01 02:00:00 +0200
D	c632e81233b6478aac959132959a6e8c	9a847aacd4c747108e5db80c2ab88f70	2019-10-12 07:10:29 +0300	2019-10-12 07:00:13 +0300	2019-10-12 13:59:00 +0300	c3d17c906fd248679b1cf111feb2c488	hızarhane depo						n	-100000/100	-100000/100	1970-01-01 02:00:00 +0200
===== END
===== START
C	f760917335814085ba88e03017209cd1	c0ea38b5ee4c4b3aa008f4e713986c6b	2019-10-12 07:11:00 +0300	2019-10-12 07:11:00 +0300	2019-10-12 13:59:00 +0300	55c44a02a54c4a75a8cd264250d8b47d	taha						n	-50000/100	-50000/100	1970-01-01 02:00:00 +0200
C	f760917335814085ba88e03017209cd1	14630e4262a641819d46d6b926d01344	2019-10-12 07:11:00 +0300	2019-10-12 07:11:00 +0300	2019-10-12 13:59:00 +0300	df0c6cabcf5d40ce8423dcd9e0f0c591	hızarhane depo						n	50000/100	50000/100	1970-01-01 02:00:00 +0200
===== END
===== START
===== END
===== START
C	3f0b1cf2ee8d45ff9d8386b92af059c5	408b19a7355044d7a2604ebb820f7262	2019-10-12 07:12:52 +0300	2019-10-12 07:12:52 +0300	2019-10-12 13:59:00 +0300	c3d17c906fd248679b1cf111feb2c488	hızarhane depo						n	50000/100	50000/100	1970-01-01 02:00:00 +0200
C	3f0b1cf2ee8d45ff9d8386b92af059c5	2cf1cab4e2644c01bfb3fc2965f12998	2019-10-12 07:12:52 +0300	2019-10-12 07:12:52 +0300	2019-10-12 13:59:00 +0300	47674a7c675c4f3cb90b7221bd92fae8	ali						n	-50000/100	-50000/100	1970-01-01 02:00:00 +0200
===== END
===== START
===== END
