mod	trans_guid	split_guid	time_now	date_entered	date_posted	acc_guid	acc_name	num	description	notes	memo	action	reconciled	amount	value	date_reconciled
-----------------
===== START
D	3b305314440d4ff88d98b0acd9342031	75ec768ad6ea4890bb4b006707aa28ca	2019-10-12 06:43:26 +0300	2019-10-12 06:43:26 +0300	2019-10-12 13:59:00 +0300								n	0/1	0/100	1970-01-01 02:00:00 +0200
===== END
===== START
===== END
===== START
D	0592a51b728e4599813cef1b8b683cb6	6124ec42ee844d73827d3e2c893810e8	2019-10-12 06:45:13 +0300	2019-10-12 06:45:13 +0300	2019-10-12 13:59:00 +0300								n	0/1	0/100	1970-01-01 02:00:00 +0200
===== END
===== START
===== END
===== START
===== END
===== START
C	224c9a6b092b43c6925769e3ab6c7501	d7a1d24fd5394864bb9b5fef5c7126ce	2019-10-12 06:48:59 +0300	2019-10-12 06:48:59 +0300	2019-10-12 13:59:00 +0300	55c44a02a54c4a75a8cd264250d8b47d	taha						n	100000/100	100000/100	1970-01-01 02:00:00 +0200
C	224c9a6b092b43c6925769e3ab6c7501	4974d0ccba354a3ba1a297399b9c15e4	2019-10-12 06:48:59 +0300	2019-10-12 06:48:59 +0300	2019-10-12 13:59:00 +0300	d3910edd1cce48a4b3798c5a47e70d69	aakiracılar						n	-100000/100	-100000/100	1970-01-01 02:00:00 +0200
===== END
===== START
===== END
===== START
C	1e3aded92280446aaa949978a2f9bb2b	529a57df3bef41e3ba5987ac0863c17b	2019-10-12 06:49:12 +0300	2019-10-12 06:49:12 +0300	2019-10-12 13:59:00 +0300	55c44a02a54c4a75a8cd264250d8b47d	taha						n	-50000/100	-50000/100	1970-01-01 02:00:00 +0200
C	1e3aded92280446aaa949978a2f9bb2b	079e210843d0492fbd13470803b24518	2019-10-12 06:49:12 +0300	2019-10-12 06:49:12 +0300	2019-10-12 13:59:00 +0300	5f552e8266b4443cbd470e7cc9e59345	Açık-TRY						n	50000/100	50000/100	1970-01-01 02:00:00 +0200
===== END
===== START
===== END
===== START
B	224c9a6b092b43c6925769e3ab6c7501	d7a1d24fd5394864bb9b5fef5c7126ce	2019-10-12 06:49:24 +0300	2019-10-12 06:48:59 +0300	2019-10-12 13:59:00 +0300	55c44a02a54c4a75a8cd264250d8b47d	taha						n	100000/100	100000/100	1970-01-01 02:00:00 +0200
B	224c9a6b092b43c6925769e3ab6c7501	4974d0ccba354a3ba1a297399b9c15e4	2019-10-12 06:49:24 +0300	2019-10-12 06:48:59 +0300	2019-10-12 13:59:00 +0300	d3910edd1cce48a4b3798c5a47e70d69	aakiracılar						n	-100000/100	-100000/100	1970-01-01 02:00:00 +0200
===== END
===== START
C	224c9a6b092b43c6925769e3ab6c7501	d7a1d24fd5394864bb9b5fef5c7126ce	2019-10-12 06:49:24 +0300	2019-10-12 06:48:59 +0300	2019-10-12 13:59:00 +0300	55c44a02a54c4a75a8cd264250d8b47d	taha		taha kira bedeli				n	100000/100	100000/100	1970-01-01 02:00:00 +0200
C	224c9a6b092b43c6925769e3ab6c7501	4974d0ccba354a3ba1a297399b9c15e4	2019-10-12 06:49:24 +0300	2019-10-12 06:48:59 +0300	2019-10-12 13:59:00 +0300	d3910edd1cce48a4b3798c5a47e70d69	aakiracılar		taha kira bedeli				n	-100000/100	-100000/100	1970-01-01 02:00:00 +0200
===== END
===== START
B	1e3aded92280446aaa949978a2f9bb2b	079e210843d0492fbd13470803b24518	2019-10-12 06:49:36 +0300	2019-10-12 06:49:12 +0300	2019-10-12 13:59:00 +0300	5f552e8266b4443cbd470e7cc9e59345	Açık-TRY						n	50000/100	50000/100	1970-01-01 02:00:00 +0200
B	1e3aded92280446aaa949978a2f9bb2b	529a57df3bef41e3ba5987ac0863c17b	2019-10-12 06:49:36 +0300	2019-10-12 06:49:12 +0300	2019-10-12 13:59:00 +0300	55c44a02a54c4a75a8cd264250d8b47d	taha						n	-50000/100	-50000/100	1970-01-01 02:00:00 +0200
===== END
===== START
C	1e3aded92280446aaa949978a2f9bb2b	079e210843d0492fbd13470803b24518	2019-10-12 06:49:36 +0300	2019-10-12 06:49:12 +0300	2019-10-12 13:59:00 +0300	c3d17c906fd248679b1cf111feb2c488	hızarhane depo		taha ödeme				n	50000/100	50000/100	1970-01-01 02:00:00 +0200
C	1e3aded92280446aaa949978a2f9bb2b	529a57df3bef41e3ba5987ac0863c17b	2019-10-12 06:49:36 +0300	2019-10-12 06:49:12 +0300	2019-10-12 13:59:00 +0300	55c44a02a54c4a75a8cd264250d8b47d	taha		taha ödeme				n	-50000/100	-50000/100	1970-01-01 02:00:00 +0200
===== END
===== START
===== END
