mod	trans_guid	split_guid	time_now	date_entered	date_posted	acc_guid	acc_name	num	description	notes	memo	action	reconciled	amount	value	date_reconciled
-----------------
===== START
===== END
===== START
C	9cfb97c26390439ebb521d2a1dbb2288	5bd587d805b94f99b2ca0731a0bf0edf	2019-10-23 21:25:37 +0300	2019-10-23 21:25:37 +0300	2019-10-23 13:59:00 +0300	3dfc768330e8456e86ce33873a7e2c5a	Banka		kaymak			Ödeme	n	187500/100	187500/100	1970-01-01 02:00:00 +0200
C	9cfb97c26390439ebb521d2a1dbb2288	8e3299a22f6d415e9ba244c0b9686d9a	2019-10-23 21:25:37 +0300	2019-10-23 21:25:37 +0300	2019-10-23 13:59:00 +0300	5fac7c222776422da8f5239837ec9550	alacak tuzgumrugu		kaymak			Ödeme	n	-187500/100	-187500/100	1970-01-01 02:00:00 +0200
===== END
===== START
B	9cfb97c26390439ebb521d2a1dbb2288	5bd587d805b94f99b2ca0731a0bf0edf	2019-10-23 21:25:37 +0300	2019-10-23 21:25:37 +0300	2019-10-23 13:59:00 +0300	3dfc768330e8456e86ce33873a7e2c5a	Banka		kaymak			Ödeme	n	187500/100	187500/100	1970-01-01 02:00:00 +0200
B	9cfb97c26390439ebb521d2a1dbb2288	8e3299a22f6d415e9ba244c0b9686d9a	2019-10-23 21:25:37 +0300	2019-10-23 21:25:37 +0300	2019-10-23 13:59:00 +0300	5fac7c222776422da8f5239837ec9550	alacak tuzgumrugu		kaymak			Ödeme	n	-187500/100	-187500/100	1970-01-01 02:00:00 +0200
===== END
===== START
C	9cfb97c26390439ebb521d2a1dbb2288	5bd587d805b94f99b2ca0731a0bf0edf	2019-10-23 21:25:37 +0300	2019-10-23 21:25:37 +0300	2019-10-23 13:59:00 +0300	3dfc768330e8456e86ce33873a7e2c5a	Banka		kaymak			Ödeme	n	187500/100	187500/100	1970-01-01 02:00:00 +0200
C	9cfb97c26390439ebb521d2a1dbb2288	8e3299a22f6d415e9ba244c0b9686d9a	2019-10-23 21:25:37 +0300	2019-10-23 21:25:37 +0300	2019-10-23 13:59:00 +0300	5fac7c222776422da8f5239837ec9550	alacak tuzgumrugu		kaymak			Ödeme	n	-187500/100	-187500/100	1970-01-01 02:00:00 +0200
===== END
===== START
B	9cfb97c26390439ebb521d2a1dbb2288	5bd587d805b94f99b2ca0731a0bf0edf	2019-10-23 21:25:37 +0300	2019-10-23 21:25:37 +0300	2019-10-23 13:59:00 +0300	3dfc768330e8456e86ce33873a7e2c5a	Banka		kaymak			Ödeme	n	187500/100	187500/100	1970-01-01 02:00:00 +0200
B	9cfb97c26390439ebb521d2a1dbb2288	8e3299a22f6d415e9ba244c0b9686d9a	2019-10-23 21:25:37 +0300	2019-10-23 21:25:37 +0300	2019-10-23 13:59:00 +0300	5fac7c222776422da8f5239837ec9550	alacak tuzgumrugu		kaymak			Ödeme	n	-187500/100	-187500/100	1970-01-01 02:00:00 +0200
===== END
===== START
C	9cfb97c26390439ebb521d2a1dbb2288	5bd587d805b94f99b2ca0731a0bf0edf	2019-10-23 21:25:37 +0300	2019-10-23 21:25:37 +0300	2019-10-23 13:59:00 +0300	3dfc768330e8456e86ce33873a7e2c5a	Banka		kaymak			Ödeme	n	187500/100	187500/100	1970-01-01 02:00:00 +0200
C	9cfb97c26390439ebb521d2a1dbb2288	8e3299a22f6d415e9ba244c0b9686d9a	2019-10-23 21:25:37 +0300	2019-10-23 21:25:37 +0300	2019-10-23 13:59:00 +0300	5fac7c222776422da8f5239837ec9550	alacak tuzgumrugu		kaymak			Ödeme	n	-187500/100	-187500/100	1970-01-01 02:00:00 +0200
===== END
