mod	trans_guid	split_guid	time_now	date_entered	date_posted	acc_guid	acc_name	num	description	notes	memo	action	reconciled	amount	value	date_reconciled
-----------------
===== START
C	adef9858cdae4a5dbf08157beee96548	68d9d3d567e3449685fda9fb3a80f9c8	2019-10-23 21:48:17 +0300	2019-10-23 21:48:17 +0300	2019-10-23 13:59:00 +0300	5fac7c222776422da8f5239837ec9550	kaymak						n	-100000/100	-100000/100	1970-01-01 02:00:00 +0200
C	adef9858cdae4a5dbf08157beee96548	f5cec94a4f6d4eeb8b53f73c60232846	2019-10-23 21:48:17 +0300	2019-10-23 21:48:17 +0300	2019-10-23 13:59:00 +0300	b369b51591834695a8f4abd8603b53ee	Gider						n	100000/100	100000/100	1970-01-01 02:00:00 +0200
===== END
===== START
===== END
===== START
B	adef9858cdae4a5dbf08157beee96548	f5cec94a4f6d4eeb8b53f73c60232846	2019-10-23 21:50:07 +0300	2019-10-23 21:48:17 +0300	2019-10-23 13:59:00 +0300	b369b51591834695a8f4abd8603b53ee	Gider						n	100000/100	100000/100	1970-01-01 02:00:00 +0200
B	adef9858cdae4a5dbf08157beee96548	68d9d3d567e3449685fda9fb3a80f9c8	2019-10-23 21:50:07 +0300	2019-10-23 21:48:17 +0300	2019-10-23 13:59:00 +0300	5fac7c222776422da8f5239837ec9550	kaymak						n	-100000/100	-100000/100	1970-01-01 02:00:00 +0200
===== END
===== START
D	adef9858cdae4a5dbf08157beee96548	f5cec94a4f6d4eeb8b53f73c60232846	2019-10-23 21:50:07 +0300	2019-10-23 21:48:17 +0300	2019-10-23 13:59:00 +0300	b369b51591834695a8f4abd8603b53ee	Gider						n	100000/100	100000/100	1970-01-01 02:00:00 +0200
D	adef9858cdae4a5dbf08157beee96548	68d9d3d567e3449685fda9fb3a80f9c8	2019-10-23 21:50:07 +0300	2019-10-23 21:48:17 +0300	2019-10-23 13:59:00 +0300	5fac7c222776422da8f5239837ec9550	kaymak						n	-100000/100	-100000/100	1970-01-01 02:00:00 +0200
===== END
===== START
===== END
===== START
C	f7d3576f3578496e9083675d8ad8d31f	5b56d9778ced4a96b1a532b354298344	2019-10-23 21:50:52 +0300	2019-10-23 21:50:52 +0300	2019-10-23 13:59:00 +0300	0e8ce80529c84363abb0011e59df928b	tuzgümrüğ		cam				n	-10000/100	-10000/100	1970-01-01 02:00:00 +0200
C	f7d3576f3578496e9083675d8ad8d31f	aef903c579dc474e867f87b90b610fa6	2019-10-23 21:50:52 +0300	2019-10-23 21:50:52 +0300	2019-10-23 13:59:00 +0300	b369b51591834695a8f4abd8603b53ee	Gider		cam				n	10000/100	10000/100	1970-01-01 02:00:00 +0200
===== END
===== START
===== END
