mod	trans_guid	split_guid	time_now	date_entered	date_posted	acc_guid	acc_name	num	description	notes	memo	action	reconciled	amount	value	date_reconciled
-----------------
===== START
B	3a8cb74455b44da6aad37b1c763e6bc8	810aa0dd46a44b5eb28ea4f55dbc7947	2019-11-15 09:09:29 +0300	2019-10-26 13:46:20 +0300	2019-10-26 13:59:00 +0300	0bc72f62379c4c1aa20f8b37d2549656	997f5f7268d441e3990c37c0646b824c	4	Salih Kaymak kira				n	0/1	0/100	1970-01-01 02:00:00 +0200
B	3a8cb74455b44da6aad37b1c763e6bc8	d5ce4ffbb3b6456b955e7cd688c5808a	2019-11-15 09:09:29 +0300	2019-10-26 13:46:20 +0300	2019-10-26 13:59:00 +0300	0bc72f62379c4c1aa20f8b37d2549656	997f5f7268d441e3990c37c0646b824c	4	Salih Kaymak kira				n	0/1	0/100	1970-01-01 02:00:00 +0200
===== END
===== START
R	3a8cb74455b44da6aad37b1c763e6bc8	810aa0dd46a44b5eb28ea4f55dbc7947	2019-11-15 09:09:29 +0300	2019-10-26 13:46:20 +0300	2019-10-26 13:59:00 +0300	0bc72f62379c4c1aa20f8b37d2549656	997f5f7268d441e3990c37c0646b824c	4	Salih Kaymak kira				n	0/1	0/100	1970-01-01 02:00:00 +0200
R	3a8cb74455b44da6aad37b1c763e6bc8	d5ce4ffbb3b6456b955e7cd688c5808a	2019-11-15 09:09:29 +0300	2019-10-26 13:46:20 +0300	2019-10-26 13:59:00 +0300	0bc72f62379c4c1aa20f8b37d2549656	997f5f7268d441e3990c37c0646b824c	4	Salih Kaymak kira				n	0/1	0/100	1970-01-01 02:00:00 +0200
===== END
===== START
B	3a8cb74455b44da6aad37b1c763e6bc8	810aa0dd46a44b5eb28ea4f55dbc7947	2019-11-15 09:09:29 +0300	2019-10-26 13:46:20 +0300	2019-10-26 13:59:00 +0300	0bc72f62379c4c1aa20f8b37d2549656	997f5f7268d441e3990c37c0646b824c	4	Salih Kaymak kira				n	0/1	0/100	1970-01-01 02:00:00 +0200
B	3a8cb74455b44da6aad37b1c763e6bc8	d5ce4ffbb3b6456b955e7cd688c5808a	2019-11-15 09:09:29 +0300	2019-10-26 13:46:20 +0300	2019-10-26 13:59:00 +0300	0bc72f62379c4c1aa20f8b37d2549656	997f5f7268d441e3990c37c0646b824c	4	Salih Kaymak kira				n	0/1	0/100	1970-01-01 02:00:00 +0200
===== END
===== START
R	3a8cb74455b44da6aad37b1c763e6bc8	810aa0dd46a44b5eb28ea4f55dbc7947	2019-11-15 09:09:29 +0300	2019-10-26 13:46:20 +0300	2019-10-26 13:59:00 +0300	0bc72f62379c4c1aa20f8b37d2549656	997f5f7268d441e3990c37c0646b824c	4	Salih Kaymak kira				n	0/1	0/100	1970-01-01 02:00:00 +0200
R	3a8cb74455b44da6aad37b1c763e6bc8	d5ce4ffbb3b6456b955e7cd688c5808a	2019-11-15 09:09:29 +0300	2019-10-26 13:46:20 +0300	2019-10-26 13:59:00 +0300	0bc72f62379c4c1aa20f8b37d2549656	997f5f7268d441e3990c37c0646b824c	4	Salih Kaymak kira				n	0/1	0/100	1970-01-01 02:00:00 +0200
===== END
===== START
===== END
===== START
===== END
===== START
D	e50805456d3a445c968b949377f7c4a8	1fc4f4645625457294c76f4414b659ad	2019-11-15 09:10:11 +0300	2019-11-15 09:10:11 +0300	2019-11-15 13:59:00 +0300								n	0/1	0/100	1970-01-01 02:00:00 +0200
===== END
===== START
D	5c48a444cb0c45cb90ce3f4c30117097	f24fa19c363d423c864ab2cd48713c32	2019-11-15 09:10:12 +0300	2019-11-15 09:10:12 +0300	2019-11-15 13:59:00 +0300								n	0/1	0/100	1970-01-01 02:00:00 +0200
===== END
