mod	trans_guid	split_guid	time_now	date_entered	date_posted	acc_guid	acc_name	num	description	notes	memo	action	reconciled	amount	value	date_reconciled
-----------------
===== START
B	71e5e57d3097456a886283dcb87aa4ee	2508c3fa292544e8a52ab8834ae7795a	2020-06-17 15:00:12 +0300	2019-12-25 14:47:33 +0300	2019-12-25 13:59:00 +0300	f9df8197d3194edfb63f3ba2eb17ebf6	73bac7009a4c42788ff6c52b08151fe5		Tzg Kira Ödemesi Ocak 2020 - Salih Kaymak				n	0/1	0/100	1970-01-01 02:00:00 +0200
B	71e5e57d3097456a886283dcb87aa4ee	310b6dc8048c426d9af57db756b4eee4	2020-06-17 15:00:12 +0300	2019-12-25 14:47:33 +0300	2019-12-25 13:59:00 +0300	f9df8197d3194edfb63f3ba2eb17ebf6	73bac7009a4c42788ff6c52b08151fe5		Tzg Kira Ödemesi Ocak 2020 - Salih Kaymak				n	0/1	0/100	1970-01-01 02:00:00 +0200
===== END
===== START
R	71e5e57d3097456a886283dcb87aa4ee	2508c3fa292544e8a52ab8834ae7795a	2020-06-17 15:00:12 +0300	2019-12-25 14:47:33 +0300	2019-12-25 13:59:00 +0300	f9df8197d3194edfb63f3ba2eb17ebf6	73bac7009a4c42788ff6c52b08151fe5		Tzg Kira Ödemesi Ocak 2020 - Salih Kaymak				n	0/1	0/100	1970-01-01 02:00:00 +0200
R	71e5e57d3097456a886283dcb87aa4ee	310b6dc8048c426d9af57db756b4eee4	2020-06-17 15:00:12 +0300	2019-12-25 14:47:33 +0300	2019-12-25 13:59:00 +0300	f9df8197d3194edfb63f3ba2eb17ebf6	73bac7009a4c42788ff6c52b08151fe5		Tzg Kira Ödemesi Ocak 2020 - Salih Kaymak				n	0/1	0/100	1970-01-01 02:00:00 +0200
===== END
===== START
B	71e5e57d3097456a886283dcb87aa4ee	2508c3fa292544e8a52ab8834ae7795a	2020-06-17 15:00:12 +0300	2019-12-25 14:47:33 +0300	2019-12-25 13:59:00 +0300	f9df8197d3194edfb63f3ba2eb17ebf6	73bac7009a4c42788ff6c52b08151fe5		Tzg Kira Ödemesi Ocak 2020 - Salih Kaymak				n	0/1	0/100	1970-01-01 02:00:00 +0200
B	71e5e57d3097456a886283dcb87aa4ee	310b6dc8048c426d9af57db756b4eee4	2020-06-17 15:00:12 +0300	2019-12-25 14:47:33 +0300	2019-12-25 13:59:00 +0300	f9df8197d3194edfb63f3ba2eb17ebf6	73bac7009a4c42788ff6c52b08151fe5		Tzg Kira Ödemesi Ocak 2020 - Salih Kaymak				n	0/1	0/100	1970-01-01 02:00:00 +0200
===== END
===== START
R	71e5e57d3097456a886283dcb87aa4ee	2508c3fa292544e8a52ab8834ae7795a	2020-06-17 15:00:12 +0300	2019-12-25 14:47:33 +0300	2019-12-25 13:59:00 +0300	f9df8197d3194edfb63f3ba2eb17ebf6	73bac7009a4c42788ff6c52b08151fe5		Tzg Kira Ödemesi Ocak 2020 - Salih Kaymak				n	0/1	0/100	1970-01-01 02:00:00 +0200
R	71e5e57d3097456a886283dcb87aa4ee	310b6dc8048c426d9af57db756b4eee4	2020-06-17 15:00:12 +0300	2019-12-25 14:47:33 +0300	2019-12-25 13:59:00 +0300	f9df8197d3194edfb63f3ba2eb17ebf6	73bac7009a4c42788ff6c52b08151fe5		Tzg Kira Ödemesi Ocak 2020 - Salih Kaymak				n	0/1	0/100	1970-01-01 02:00:00 +0200
===== END
===== START
B	2bed39c3908745dc93b80b5cc0525f1c	68a35ea83e054a499b48485c2c784390	2020-06-17 15:00:12 +0300	2019-12-25 15:43:45 +0300	2019-12-25 13:59:00 +0300	dc915ca945be4e72ab274fdae19390c0	ba301b88a00f4cd6b3b7431e4a004386		2020 1/8 Sny55 Kira Bedeli				n	0/1	0/100	1970-01-01 02:00:00 +0200
B	2bed39c3908745dc93b80b5cc0525f1c	01b1322b286341f18f55ba4d2a213255	2020-06-17 15:00:12 +0300	2019-12-25 15:43:45 +0300	2019-12-25 13:59:00 +0300	dc915ca945be4e72ab274fdae19390c0	ba301b88a00f4cd6b3b7431e4a004386		2020 1/8 Sny55 Kira Bedeli				n	0/1	0/100	1970-01-01 02:00:00 +0200
===== END
===== START
R	2bed39c3908745dc93b80b5cc0525f1c	68a35ea83e054a499b48485c2c784390	2020-06-17 15:00:12 +0300	2019-12-25 15:43:45 +0300	2019-12-25 13:59:00 +0300	dc915ca945be4e72ab274fdae19390c0	ba301b88a00f4cd6b3b7431e4a004386		2020 1/8 Sny55 Kira Bedeli				n	0/1	0/100	1970-01-01 02:00:00 +0200
R	2bed39c3908745dc93b80b5cc0525f1c	01b1322b286341f18f55ba4d2a213255	2020-06-17 15:00:12 +0300	2019-12-25 15:43:45 +0300	2019-12-25 13:59:00 +0300	dc915ca945be4e72ab274fdae19390c0	ba301b88a00f4cd6b3b7431e4a004386		2020 1/8 Sny55 Kira Bedeli				n	0/1	0/100	1970-01-01 02:00:00 +0200
===== END
===== START
B	2bed39c3908745dc93b80b5cc0525f1c	68a35ea83e054a499b48485c2c784390	2020-06-17 15:00:12 +0300	2019-12-25 15:43:45 +0300	2019-12-25 13:59:00 +0300	dc915ca945be4e72ab274fdae19390c0	ba301b88a00f4cd6b3b7431e4a004386		2020 1/8 Sny55 Kira Bedeli				n	0/1	0/100	1970-01-01 02:00:00 +0200
B	2bed39c3908745dc93b80b5cc0525f1c	01b1322b286341f18f55ba4d2a213255	2020-06-17 15:00:12 +0300	2019-12-25 15:43:45 +0300	2019-12-25 13:59:00 +0300	dc915ca945be4e72ab274fdae19390c0	ba301b88a00f4cd6b3b7431e4a004386		2020 1/8 Sny55 Kira Bedeli				n	0/1	0/100	1970-01-01 02:00:00 +0200
===== END
===== START
R	2bed39c3908745dc93b80b5cc0525f1c	68a35ea83e054a499b48485c2c784390	2020-06-17 15:00:12 +0300	2019-12-25 15:43:45 +0300	2019-12-25 13:59:00 +0300	dc915ca945be4e72ab274fdae19390c0	ba301b88a00f4cd6b3b7431e4a004386		2020 1/8 Sny55 Kira Bedeli				n	0/1	0/100	1970-01-01 02:00:00 +0200
R	2bed39c3908745dc93b80b5cc0525f1c	01b1322b286341f18f55ba4d2a213255	2020-06-17 15:00:12 +0300	2019-12-25 15:43:45 +0300	2019-12-25 13:59:00 +0300	dc915ca945be4e72ab274fdae19390c0	ba301b88a00f4cd6b3b7431e4a004386		2020 1/8 Sny55 Kira Bedeli				n	0/1	0/100	1970-01-01 02:00:00 +0200
===== END
===== START
===== END
===== START
===== END
===== START
===== END
===== START
B	779a759e8bfd4ead9a26a66c51a535d9	fbf974f19ad041169a9cf61661a7ab67	2020-06-17 15:01:16 +0300	2019-12-02 10:48:03 +0300	2018-12-31 13:59:00 +0300	b5c86390d3244c54a84665ddd07f7f17	127 SNY240 Dursun Durmuş	X	Elektrik Abonesi teminat mektubu Bedeli				n	90000/100	90000/100	1970-01-01 02:00:00 +0200
B	779a759e8bfd4ead9a26a66c51a535d9	67ecaf56f573418eac7f4beeb0decaeb	2020-06-17 15:01:16 +0300	2019-12-02 10:48:03 +0300	2018-12-31 13:59:00 +0300	3aa1ec8129524dc2bd8d898c2c0ecfcf	Ort. SM	X	Elektrik Abonesi teminat mektubu Bedeli				n	-90000/100	-90000/100	1970-01-01 02:00:00 +0200
===== END
===== START
C	779a759e8bfd4ead9a26a66c51a535d9	fbf974f19ad041169a9cf61661a7ab67	2020-06-17 15:01:16 +0300	2019-12-02 10:48:03 +0300	2018-12-31 13:59:00 +0300	b5c86390d3244c54a84665ddd07f7f17	127 SNY240 Dursun Durmuş	X	Elektrik Abonesi teminat mektubu Bedeli				n	0/100	0/100	1970-01-01 02:00:00 +0200
C	779a759e8bfd4ead9a26a66c51a535d9	67ecaf56f573418eac7f4beeb0decaeb	2020-06-17 15:01:16 +0300	2019-12-02 10:48:03 +0300	2018-12-31 13:59:00 +0300	3aa1ec8129524dc2bd8d898c2c0ecfcf	Ort. SM	X	Elektrik Abonesi teminat mektubu Bedeli				n	0/100	0/100	1970-01-01 02:00:00 +0200
===== END
===== START
B	395b0d5a6b4c4f9d9e957eff5b17d68f	b34a633edd7e4c2b8c67a1e2ba416ad4	2020-06-17 15:01:25 +0300	2020-06-17 11:44:55 +0300	2019-01-30 13:59:00 +0300	b5c86390d3244c54a84665ddd07f7f17	127 SNY240 Dursun Durmuş		Gecikme ocak tüfe 17,16 * 4900				n	7007/100	7007/100	1970-01-01 02:00:00 +0200
B	395b0d5a6b4c4f9d9e957eff5b17d68f	b1aacfc122e34a1caf7188e93752f6dc	2020-06-17 15:01:25 +0300	2020-06-17 11:44:55 +0300	2019-01-30 13:59:00 +0300	62cf67902c2f48c28059ec3005e4290f	5 GLR Sny240m2		Gecikme ocak tüfe 17,16 * 4900				n	-7007/100	-7007/100	1970-01-01 02:00:00 +0200
===== END
===== START
C	395b0d5a6b4c4f9d9e957eff5b17d68f	b34a633edd7e4c2b8c67a1e2ba416ad4	2020-06-17 15:01:25 +0300	2020-06-17 11:44:55 +0300	2019-01-30 13:59:00 +0300	b5c86390d3244c54a84665ddd07f7f17	127 SNY240 Dursun Durmuş		Gecikme ocak tüfe 17,16 * 4900				n	0/100	0/100	1970-01-01 02:00:00 +0200
C	395b0d5a6b4c4f9d9e957eff5b17d68f	b1aacfc122e34a1caf7188e93752f6dc	2020-06-17 15:01:25 +0300	2020-06-17 11:44:55 +0300	2019-01-30 13:59:00 +0300	62cf67902c2f48c28059ec3005e4290f	5 GLR Sny240m2		Gecikme ocak tüfe 17,16 * 4900				n	0/100	0/100	1970-01-01 02:00:00 +0200
===== END
===== START
B	da861e2c93d24894a52c413c84496ef3	1be44b37fda043e7bb967fb22f9ddf03	2020-06-17 15:01:27 +0300	2020-06-17 11:45:04 +0300	2019-02-28 13:59:00 +0300	b5c86390d3244c54a84665ddd07f7f17	127 SNY240 Dursun Durmuş		Gecikme şubat tüfe 17,93 * 4900				n	7321/100	7321/100	1970-01-01 02:00:00 +0200
B	da861e2c93d24894a52c413c84496ef3	d90a2b7e0b834cf2be1e2c0c512b7e57	2020-06-17 15:01:27 +0300	2020-06-17 11:45:04 +0300	2019-02-28 13:59:00 +0300	62cf67902c2f48c28059ec3005e4290f	5 GLR Sny240m2		Gecikme şubat tüfe 17,93 * 4900				n	-7321/100	-7321/100	1970-01-01 02:00:00 +0200
===== END
===== START
C	da861e2c93d24894a52c413c84496ef3	1be44b37fda043e7bb967fb22f9ddf03	2020-06-17 15:01:27 +0300	2020-06-17 11:45:04 +0300	2019-02-28 13:59:00 +0300	b5c86390d3244c54a84665ddd07f7f17	127 SNY240 Dursun Durmuş		Gecikme şubat tüfe 17,93 * 4900				n	0/100	0/100	1970-01-01 02:00:00 +0200
C	da861e2c93d24894a52c413c84496ef3	d90a2b7e0b834cf2be1e2c0c512b7e57	2020-06-17 15:01:27 +0300	2020-06-17 11:45:04 +0300	2019-02-28 13:59:00 +0300	62cf67902c2f48c28059ec3005e4290f	5 GLR Sny240m2		Gecikme şubat tüfe 17,93 * 4900				n	0/100	0/100	1970-01-01 02:00:00 +0200
===== END
===== START
B	519daddd970644528b232f10c10c766f	44a28f384c884a40939502d64c6306b9	2020-06-17 15:01:29 +0300	2020-06-17 11:45:10 +0300	2019-03-30 13:59:00 +0300	b5c86390d3244c54a84665ddd07f7f17	127 SNY240 Dursun Durmuş		Gecikme mart tüfe 13,33 * 4900				n	5443/100	5443/100	1970-01-01 02:00:00 +0200
B	519daddd970644528b232f10c10c766f	7bb82fa124d7460992fba9ea1aff2224	2020-06-17 15:01:29 +0300	2020-06-17 11:45:10 +0300	2019-03-30 13:59:00 +0300	62cf67902c2f48c28059ec3005e4290f	5 GLR Sny240m2		Gecikme mart tüfe 13,33 * 4900				n	-5443/100	-5443/100	1970-01-01 02:00:00 +0200
===== END
===== START
C	519daddd970644528b232f10c10c766f	44a28f384c884a40939502d64c6306b9	2020-06-17 15:01:29 +0300	2020-06-17 11:45:10 +0300	2019-03-30 13:59:00 +0300	b5c86390d3244c54a84665ddd07f7f17	127 SNY240 Dursun Durmuş		Gecikme mart tüfe 13,33 * 4900				n	0/100	0/100	1970-01-01 02:00:00 +0200
C	519daddd970644528b232f10c10c766f	7bb82fa124d7460992fba9ea1aff2224	2020-06-17 15:01:29 +0300	2020-06-17 11:45:10 +0300	2019-03-30 13:59:00 +0300	62cf67902c2f48c28059ec3005e4290f	5 GLR Sny240m2		Gecikme mart tüfe 13,33 * 4900				n	0/100	0/100	1970-01-01 02:00:00 +0200
===== END
===== START
B	04a39162057c4f95890af4963cc3e9f5	90369cc113ed4941adc8fc8b845832d0	2020-06-17 15:01:50 +0300	2020-06-17 11:45:16 +0300	2019-04-30 13:59:00 +0300	b5c86390d3244c54a84665ddd07f7f17	127 SNY240 Dursun Durmuş		Gecikme nisan tüfe 19,39 * 4900				n	7918/100	7918/100	1970-01-01 02:00:00 +0200
B	04a39162057c4f95890af4963cc3e9f5	46e2541329c6402fb416962ff5308c59	2020-06-17 15:01:50 +0300	2020-06-17 11:45:16 +0300	2019-04-30 13:59:00 +0300	62cf67902c2f48c28059ec3005e4290f	5 GLR Sny240m2		Gecikme nisan tüfe 19,39 * 4900				n	-7918/100	-7918/100	1970-01-01 02:00:00 +0200
===== END
===== START
C	04a39162057c4f95890af4963cc3e9f5	90369cc113ed4941adc8fc8b845832d0	2020-06-17 15:01:50 +0300	2020-06-17 11:45:16 +0300	2019-04-30 13:59:00 +0300	b5c86390d3244c54a84665ddd07f7f17	127 SNY240 Dursun Durmuş		Gecikme nisan tüfe 19,39 * 4900				n	0/100	0/100	1970-01-01 02:00:00 +0200
C	04a39162057c4f95890af4963cc3e9f5	46e2541329c6402fb416962ff5308c59	2020-06-17 15:01:50 +0300	2020-06-17 11:45:16 +0300	2019-04-30 13:59:00 +0300	62cf67902c2f48c28059ec3005e4290f	5 GLR Sny240m2		Gecikme nisan tüfe 19,39 * 4900				n	0/100	0/100	1970-01-01 02:00:00 +0200
===== END
===== START
B	d6818c9803f947f6aa6b1ffc00bc4360	4fbd1b4c32f841eb8782dded9ba71a7b	2020-06-17 15:01:53 +0300	2019-12-02 11:32:14 +0300	2019-06-30 13:59:00 +0300	b552133f27ab4c9cad6ba2bbca63b69f	240m2 KASA	X	Çatı oluğu yapımı				n	10000/100	10000/100	1970-01-01 02:00:00 +0200
B	d6818c9803f947f6aa6b1ffc00bc4360	01309829541b4367ab3ec99e64d7b465	2020-06-17 15:01:53 +0300	2019-12-02 11:32:14 +0300	2019-06-30 13:59:00 +0300	b5c86390d3244c54a84665ddd07f7f17	127 SNY240 Dursun Durmuş	X	Çatı oluğu yapımı				n	-10000/100	-10000/100	1970-01-01 02:00:00 +0200
===== END
===== START
C	d6818c9803f947f6aa6b1ffc00bc4360	4fbd1b4c32f841eb8782dded9ba71a7b	2020-06-17 15:01:53 +0300	2019-12-02 11:32:14 +0300	2019-06-30 13:59:00 +0300	b552133f27ab4c9cad6ba2bbca63b69f	240m2 KASA	X	Çatı oluğu yapımı				n	0/100	0/100	1970-01-01 02:00:00 +0200
C	d6818c9803f947f6aa6b1ffc00bc4360	01309829541b4367ab3ec99e64d7b465	2020-06-17 15:01:53 +0300	2019-12-02 11:32:14 +0300	2019-06-30 13:59:00 +0300	b5c86390d3244c54a84665ddd07f7f17	127 SNY240 Dursun Durmuş	X	Çatı oluğu yapımı				n	0/100	0/100	1970-01-01 02:00:00 +0200
===== END
===== START
B	031a639d09da4f8b8bc305c02375fef5	7ebe625b1c584474beae51da8909a56e	2020-06-17 15:02:00 +0300	2019-12-02 11:33:38 +0300	2019-06-30 13:59:00 +0300	b552133f27ab4c9cad6ba2bbca63b69f	240m2 KASA	X	beton dökerken kullanılan elektrik				n	25000/100	25000/100	1970-01-01 02:00:00 +0200
B	031a639d09da4f8b8bc305c02375fef5	66392d2574dc46b3867dc436f6caeda2	2020-06-17 15:02:00 +0300	2019-12-02 11:33:38 +0300	2019-06-30 13:59:00 +0300	b5c86390d3244c54a84665ddd07f7f17	127 SNY240 Dursun Durmuş	X	beton dökerken kullanılan elektrik				n	-25000/100	-25000/100	1970-01-01 02:00:00 +0200
===== END
===== START
C	031a639d09da4f8b8bc305c02375fef5	7ebe625b1c584474beae51da8909a56e	2020-06-17 15:02:00 +0300	2019-12-02 11:33:38 +0300	2019-06-30 13:59:00 +0300	b552133f27ab4c9cad6ba2bbca63b69f	240m2 KASA	X	beton dökerken kullanılan elektrik				n	0/100	0/100	1970-01-01 02:00:00 +0200
C	031a639d09da4f8b8bc305c02375fef5	66392d2574dc46b3867dc436f6caeda2	2020-06-17 15:02:00 +0300	2019-12-02 11:33:38 +0300	2019-06-30 13:59:00 +0300	b5c86390d3244c54a84665ddd07f7f17	127 SNY240 Dursun Durmuş	X	beton dökerken kullanılan elektrik				n	0/100	0/100	1970-01-01 02:00:00 +0200
===== END
===== START
B	71e0e0880cbe402686d4c987ddcbc719	d686851220754a4cb397fcacdc7378b2	2020-06-17 15:02:05 +0300	2019-12-02 11:35:24 +0300	2019-06-30 13:59:00 +0300	b5c86390d3244c54a84665ddd07f7f17	127 SNY240 Dursun Durmuş	X	iskele kirası				n	85000/100	85000/100	1970-01-01 02:00:00 +0200
B	71e0e0880cbe402686d4c987ddcbc719	872126af441442ec89353a29fc09a8a3	2020-06-17 15:02:05 +0300	2019-12-02 11:35:24 +0300	2019-06-30 13:59:00 +0300	313a4dbcb45f4b56b1c0773793507ae0	42 İskele Kira Geliri	X	iskele kirası				n	-85000/100	-85000/100	1970-01-01 02:00:00 +0200
===== END
===== START
C	71e0e0880cbe402686d4c987ddcbc719	d686851220754a4cb397fcacdc7378b2	2020-06-17 15:02:05 +0300	2019-12-02 11:35:24 +0300	2019-06-30 13:59:00 +0300	b5c86390d3244c54a84665ddd07f7f17	127 SNY240 Dursun Durmuş	X	iskele kirası				n	0/100	0/100	1970-01-01 02:00:00 +0200
C	71e0e0880cbe402686d4c987ddcbc719	872126af441442ec89353a29fc09a8a3	2020-06-17 15:02:05 +0300	2019-12-02 11:35:24 +0300	2019-06-30 13:59:00 +0300	313a4dbcb45f4b56b1c0773793507ae0	42 İskele Kira Geliri	X	iskele kirası				n	0/100	0/100	1970-01-01 02:00:00 +0200
===== END
===== START
B	eef856dc90444aba995ad52e60fd99c6	eae9a5c8166f4c3eb7716480b1a5db44	2020-06-17 15:02:22 +0300	2020-06-17 11:45:21 +0300	2019-06-30 13:59:00 +0300	b5c86390d3244c54a84665ddd07f7f17	127 SNY240 Dursun Durmuş		Gecikme haziran tüfe 19,88 * 2900				n	4804/100	4804/100	1970-01-01 02:00:00 +0200
B	eef856dc90444aba995ad52e60fd99c6	20e370acaf5e49e29d1b63db87adca91	2020-06-17 15:02:22 +0300	2020-06-17 11:45:21 +0300	2019-06-30 13:59:00 +0300	62cf67902c2f48c28059ec3005e4290f	5 GLR Sny240m2		Gecikme haziran tüfe 19,88 * 2900				n	-4804/100	-4804/100	1970-01-01 02:00:00 +0200
===== END
===== START
C	eef856dc90444aba995ad52e60fd99c6	eae9a5c8166f4c3eb7716480b1a5db44	2020-06-17 15:02:22 +0300	2020-06-17 11:45:21 +0300	2019-06-30 13:59:00 +0300	b5c86390d3244c54a84665ddd07f7f17	127 SNY240 Dursun Durmuş		Gecikme haziran tüfe 19,88 * 2900				n	0/100	0/100	1970-01-01 02:00:00 +0200
C	eef856dc90444aba995ad52e60fd99c6	20e370acaf5e49e29d1b63db87adca91	2020-06-17 15:02:22 +0300	2020-06-17 11:45:21 +0300	2019-06-30 13:59:00 +0300	62cf67902c2f48c28059ec3005e4290f	5 GLR Sny240m2		Gecikme haziran tüfe 19,88 * 2900				n	0/100	0/100	1970-01-01 02:00:00 +0200
===== END
===== START
B	0ce0b5a3442849f6be58305af54c3fec	5220af2433494063a74f47cd13833088	2020-06-17 15:02:24 +0300	2020-06-17 11:45:26 +0300	2019-07-30 13:59:00 +0300	b5c86390d3244c54a84665ddd07f7f17	127 SNY240 Dursun Durmuş		Gecikme temmuz tüfe 19,88 * 2900				n	4812/100	4812/100	1970-01-01 02:00:00 +0200
B	0ce0b5a3442849f6be58305af54c3fec	571bda8069a8472e8bd704fb54671fda	2020-06-17 15:02:24 +0300	2020-06-17 11:45:26 +0300	2019-07-30 13:59:00 +0300	62cf67902c2f48c28059ec3005e4290f	5 GLR Sny240m2		Gecikme temmuz tüfe 19,88 * 2900				n	-4812/100	-4812/100	1970-01-01 02:00:00 +0200
===== END
===== START
C	0ce0b5a3442849f6be58305af54c3fec	5220af2433494063a74f47cd13833088	2020-06-17 15:02:24 +0300	2020-06-17 11:45:26 +0300	2019-07-30 13:59:00 +0300	b5c86390d3244c54a84665ddd07f7f17	127 SNY240 Dursun Durmuş		Gecikme temmuz tüfe 19,88 * 2900				n	0/100	0/100	1970-01-01 02:00:00 +0200
C	0ce0b5a3442849f6be58305af54c3fec	571bda8069a8472e8bd704fb54671fda	2020-06-17 15:02:24 +0300	2020-06-17 11:45:26 +0300	2019-07-30 13:59:00 +0300	62cf67902c2f48c28059ec3005e4290f	5 GLR Sny240m2		Gecikme temmuz tüfe 19,88 * 2900				n	0/100	0/100	1970-01-01 02:00:00 +0200
===== END
===== START
B	40b24ca780df423a8f2947953cb1bfa7	310af68c58b246c080d86af3ba5d656f	2020-06-17 15:02:29 +0300	2020-06-17 11:45:31 +0300	2019-08-30 13:59:00 +0300	b5c86390d3244c54a84665ddd07f7f17	127 SNY240 Dursun Durmuş		Gecikme ağustos tüfe 17,16 * 2900				n	4742/100	4742/100	1970-01-01 02:00:00 +0200
B	40b24ca780df423a8f2947953cb1bfa7	ec58ce71ff764a3e8565a520ccbb9d25	2020-06-17 15:02:29 +0300	2020-06-17 11:45:31 +0300	2019-08-30 13:59:00 +0300	62cf67902c2f48c28059ec3005e4290f	5 GLR Sny240m2		Gecikme ağustos tüfe 17,16 * 2900				n	-4742/100	-4742/100	1970-01-01 02:00:00 +0200
===== END
===== START
C	40b24ca780df423a8f2947953cb1bfa7	310af68c58b246c080d86af3ba5d656f	2020-06-17 15:02:29 +0300	2020-06-17 11:45:31 +0300	2019-08-30 13:59:00 +0300	b5c86390d3244c54a84665ddd07f7f17	127 SNY240 Dursun Durmuş		Gecikme ağustos tüfe 17,16 * 2900				n	0/100	0/100	1970-01-01 02:00:00 +0200
C	40b24ca780df423a8f2947953cb1bfa7	ec58ce71ff764a3e8565a520ccbb9d25	2020-06-17 15:02:29 +0300	2020-06-17 11:45:31 +0300	2019-08-30 13:59:00 +0300	62cf67902c2f48c28059ec3005e4290f	5 GLR Sny240m2		Gecikme ağustos tüfe 17,16 * 2900				n	0/100	0/100	1970-01-01 02:00:00 +0200
===== END
===== START
B	fa06890256c941c28e07715613d339d4	8a755c9aa3bb452eabce11793e7ca4c2	2020-06-17 15:02:32 +0300	2019-12-02 11:36:28 +0300	2019-09-30 13:59:00 +0300	deabaef30fc841ac9337e26a874ae856	100 KASA Nakit	X	Dursun Durmuş iskele				n	50000/100	50000/100	1970-01-01 02:00:00 +0200
B	fa06890256c941c28e07715613d339d4	9a8d3ec35cf144e4a1c3cdb12fa67e09	2020-06-17 15:02:32 +0300	2019-12-02 11:36:28 +0300	2019-09-30 13:59:00 +0300	b5c86390d3244c54a84665ddd07f7f17	127 SNY240 Dursun Durmuş	X	Dursun Durmuş iskele		iskele kira ödemesi		n	-50000/100	-50000/100	1970-01-01 02:00:00 +0200
===== END
===== START
C	fa06890256c941c28e07715613d339d4	8a755c9aa3bb452eabce11793e7ca4c2	2020-06-17 15:02:32 +0300	2019-12-02 11:36:28 +0300	2019-09-30 13:59:00 +0300	deabaef30fc841ac9337e26a874ae856	100 KASA Nakit	X	Dursun Durmuş iskele				n	0/100	0/100	1970-01-01 02:00:00 +0200
C	fa06890256c941c28e07715613d339d4	9a8d3ec35cf144e4a1c3cdb12fa67e09	2020-06-17 15:02:32 +0300	2019-12-02 11:36:28 +0300	2019-09-30 13:59:00 +0300	b5c86390d3244c54a84665ddd07f7f17	127 SNY240 Dursun Durmuş	X	Dursun Durmuş iskele		iskele kira ödemesi		n	0/100	0/100	1970-01-01 02:00:00 +0200
===== END
===== START
B	48205b3d6d914e7181d481b34288d691	8c422b2d472e4220a2b19c6f217775db	2020-06-17 15:02:37 +0300	2019-12-02 11:37:54 +0300	2019-10-15 13:59:00 +0300	b5c86390d3244c54a84665ddd07f7f17	127 SNY240 Dursun Durmuş	X	Dursun Durmuş tahliye ihtarnamesi 1		İhtarname 1 - sanayi adres		n	13000/100	13000/100	1970-01-01 02:00:00 +0200
B	48205b3d6d914e7181d481b34288d691	06ec0325537541aa9fec78acd2779120	2020-06-17 15:02:37 +0300	2019-12-02 11:37:54 +0300	2019-10-15 13:59:00 +0300	b552133f27ab4c9cad6ba2bbca63b69f	240m2 KASA	X	Dursun Durmuş tahliye ihtarnamesi 1				n	-13000/100	-13000/100	1970-01-01 02:00:00 +0200
===== END
===== START
C	48205b3d6d914e7181d481b34288d691	8c422b2d472e4220a2b19c6f217775db	2020-06-17 15:02:37 +0300	2019-12-02 11:37:54 +0300	2019-10-15 13:59:00 +0300	b5c86390d3244c54a84665ddd07f7f17	127 SNY240 Dursun Durmuş	X	Dursun Durmuş tahliye ihtarnamesi 1		İhtarname 1 - sanayi adres		n	0/100	0/100	1970-01-01 02:00:00 +0200
C	48205b3d6d914e7181d481b34288d691	06ec0325537541aa9fec78acd2779120	2020-06-17 15:02:37 +0300	2019-12-02 11:37:54 +0300	2019-10-15 13:59:00 +0300	b552133f27ab4c9cad6ba2bbca63b69f	240m2 KASA	X	Dursun Durmuş tahliye ihtarnamesi 1				n	0/100	0/100	1970-01-01 02:00:00 +0200
===== END
===== START
B	be9c57b4e65f464b9f04fba9ea5acbb5	319989c5a8344b6db9e7fe47a2184f9a	2020-06-17 15:02:38 +0300	2019-12-02 11:39:32 +0300	2019-10-20 13:59:00 +0300	b5c86390d3244c54a84665ddd07f7f17	127 SNY240 Dursun Durmuş	X	Dursun Durmuş tahliye ihtarnamesi 2				n	20000/100	20000/100	1970-01-01 02:00:00 +0200
B	be9c57b4e65f464b9f04fba9ea5acbb5	6053bacf55ac4d69a964c6697c6be5e0	2020-06-17 15:02:38 +0300	2019-12-02 11:39:32 +0300	2019-10-20 13:59:00 +0300	b552133f27ab4c9cad6ba2bbca63b69f	240m2 KASA	X	Dursun Durmuş tahliye ihtarnamesi 2		İhtarname 2 - mernis adres		n	-20000/100	-20000/100	1970-01-01 02:00:00 +0200
===== END
===== START
C	be9c57b4e65f464b9f04fba9ea5acbb5	319989c5a8344b6db9e7fe47a2184f9a	2020-06-17 15:02:38 +0300	2019-12-02 11:39:32 +0300	2019-10-20 13:59:00 +0300	b5c86390d3244c54a84665ddd07f7f17	127 SNY240 Dursun Durmuş	X	Dursun Durmuş tahliye ihtarnamesi 2				n	0/100	0/100	1970-01-01 02:00:00 +0200
C	be9c57b4e65f464b9f04fba9ea5acbb5	6053bacf55ac4d69a964c6697c6be5e0	2020-06-17 15:02:38 +0300	2019-12-02 11:39:32 +0300	2019-10-20 13:59:00 +0300	b552133f27ab4c9cad6ba2bbca63b69f	240m2 KASA	X	Dursun Durmuş tahliye ihtarnamesi 2		İhtarname 2 - mernis adres		n	0/100	0/100	1970-01-01 02:00:00 +0200
===== END
===== START
B	d3ee20161cb342dda9d123517c30f34f	da2864e41b734bce811b7edff56db0b1	2020-06-17 15:02:41 +0300	2019-12-02 11:41:51 +0300	2019-10-25 13:59:00 +0300	b5c86390d3244c54a84665ddd07f7f17	127 SNY240 Dursun Durmuş	X	Dursun Durmuş tahliye ihtarnamesi 3		İhtarname 3 - mernis adres 21/2		n	5000/100	5000/100	1970-01-01 02:00:00 +0200
B	d3ee20161cb342dda9d123517c30f34f	3ca2c1b8c21444b9a7ff09213153019a	2020-06-17 15:02:41 +0300	2019-12-02 11:41:51 +0300	2019-10-25 13:59:00 +0300	b552133f27ab4c9cad6ba2bbca63b69f	240m2 KASA	X	Dursun Durmuş tahliye ihtarnamesi 3				n	-5000/100	-5000/100	1970-01-01 02:00:00 +0200
===== END
===== START
C	d3ee20161cb342dda9d123517c30f34f	da2864e41b734bce811b7edff56db0b1	2020-06-17 15:02:41 +0300	2019-12-02 11:41:51 +0300	2019-10-25 13:59:00 +0300	b5c86390d3244c54a84665ddd07f7f17	127 SNY240 Dursun Durmuş	X	Dursun Durmuş tahliye ihtarnamesi 3		İhtarname 3 - mernis adres 21/2		n	0/100	0/100	1970-01-01 02:00:00 +0200
C	d3ee20161cb342dda9d123517c30f34f	3ca2c1b8c21444b9a7ff09213153019a	2020-06-17 15:02:41 +0300	2019-12-02 11:41:51 +0300	2019-10-25 13:59:00 +0300	b552133f27ab4c9cad6ba2bbca63b69f	240m2 KASA	X	Dursun Durmuş tahliye ihtarnamesi 3				n	0/100	0/100	1970-01-01 02:00:00 +0200
===== END
===== START
B	7f1112635d264217a15a7d34353fbee7	e9b9fbca75ae4025bfaa89f3ee6e8889	2020-06-17 15:02:43 +0300	2019-12-02 10:56:57 +0300	2019-11-11 13:59:00 +0300	b5c86390d3244c54a84665ddd07f7f17	127 SNY240 Dursun Durmuş		İcra Dairesi başvuru				n	15000/100	15000/100	1970-01-01 02:00:00 +0200
B	7f1112635d264217a15a7d34353fbee7	29ed753d797a4d4783da5e2f400adbf2	2020-06-17 15:02:43 +0300	2019-12-02 10:56:57 +0300	2019-11-11 13:59:00 +0300	b552133f27ab4c9cad6ba2bbca63b69f	240m2 KASA		İcra Dairesi başvuru				n	-15000/100	-15000/100	1970-01-01 02:00:00 +0200
===== END
===== START
C	7f1112635d264217a15a7d34353fbee7	e9b9fbca75ae4025bfaa89f3ee6e8889	2020-06-17 15:02:43 +0300	2019-12-02 10:56:57 +0300	2019-11-11 13:59:00 +0300	b5c86390d3244c54a84665ddd07f7f17	127 SNY240 Dursun Durmuş		İcra Dairesi başvuru				n	0/100	0/100	1970-01-01 02:00:00 +0200
C	7f1112635d264217a15a7d34353fbee7	29ed753d797a4d4783da5e2f400adbf2	2020-06-17 15:02:43 +0300	2019-12-02 10:56:57 +0300	2019-11-11 13:59:00 +0300	b552133f27ab4c9cad6ba2bbca63b69f	240m2 KASA		İcra Dairesi başvuru				n	0/100	0/100	1970-01-01 02:00:00 +0200
===== END
===== START
B	ef62d2f80d4e4ba7bcfb029ad55fbc96	8783aff3bfa8425d8fc2639daa8f873b	2020-06-17 15:02:45 +0300	2019-12-02 12:05:59 +0300	2019-11-11 13:59:00 +0300	b5c86390d3244c54a84665ddd07f7f17	127 SNY240 Dursun Durmuş	X	Maliye Sözleşme Damga Vergisi				n	50500/100	50500/100	1970-01-01 02:00:00 +0200
B	ef62d2f80d4e4ba7bcfb029ad55fbc96	b8c29ec825f840e885b942efb310225d	2020-06-17 15:02:45 +0300	2019-12-02 12:05:59 +0300	2019-11-11 13:59:00 +0300	b552133f27ab4c9cad6ba2bbca63b69f	240m2 KASA	X	Maliye Sözleşme Damga Vergisi				n	-50500/100	-50500/100	1970-01-01 02:00:00 +0200
===== END
===== START
C	ef62d2f80d4e4ba7bcfb029ad55fbc96	8783aff3bfa8425d8fc2639daa8f873b	2020-06-17 15:02:45 +0300	2019-12-02 12:05:59 +0300	2019-11-11 13:59:00 +0300	b5c86390d3244c54a84665ddd07f7f17	127 SNY240 Dursun Durmuş	X	Maliye Sözleşme Damga Vergisi				n	0/100	0/100	1970-01-01 02:00:00 +0200
C	ef62d2f80d4e4ba7bcfb029ad55fbc96	b8c29ec825f840e885b942efb310225d	2020-06-17 15:02:45 +0300	2019-12-02 12:05:59 +0300	2019-11-11 13:59:00 +0300	b552133f27ab4c9cad6ba2bbca63b69f	240m2 KASA	X	Maliye Sözleşme Damga Vergisi				n	0/100	0/100	1970-01-01 02:00:00 +0200
===== END
===== START
B	06f1e4f408e7457abbaa9bde42c812ed	f2cda1c880704d53b3cb7564862b4ec5	2020-06-17 15:02:49 +0300	2019-12-02 12:11:23 +0300	2019-11-29 13:59:00 +0300	b5c86390d3244c54a84665ddd07f7f17	127 SNY240 Dursun Durmuş	X	İcra dairesi tabligat 21/2				n	5000/100	5000/100	1970-01-01 02:00:00 +0200
B	06f1e4f408e7457abbaa9bde42c812ed	f247a86538ba450cba194162d97f8fa4	2020-06-17 15:02:49 +0300	2019-12-02 12:11:23 +0300	2019-11-29 13:59:00 +0300	b552133f27ab4c9cad6ba2bbca63b69f	240m2 KASA	X	İcra dairesi tabligat 21/2				n	-5000/100	-5000/100	1970-01-01 02:00:00 +0200
===== END
===== START
C	06f1e4f408e7457abbaa9bde42c812ed	f2cda1c880704d53b3cb7564862b4ec5	2020-06-17 15:02:49 +0300	2019-12-02 12:11:23 +0300	2019-11-29 13:59:00 +0300	b5c86390d3244c54a84665ddd07f7f17	127 SNY240 Dursun Durmuş	X	İcra dairesi tabligat 21/2				n	0/100	0/100	1970-01-01 02:00:00 +0200
C	06f1e4f408e7457abbaa9bde42c812ed	f247a86538ba450cba194162d97f8fa4	2020-06-17 15:02:49 +0300	2019-12-02 12:11:23 +0300	2019-11-29 13:59:00 +0300	b552133f27ab4c9cad6ba2bbca63b69f	240m2 KASA	X	İcra dairesi tabligat 21/2				n	0/100	0/100	1970-01-01 02:00:00 +0200
===== END
===== START
B	b2d2e35b80f64bdea0fa43226f58ed69	325e2fc1a3ba4689a161206ee8842f5e	2020-06-17 15:02:51 +0300	2019-12-02 11:28:01 +0300	2019-11-30 13:59:00 +0300	b5c86390d3244c54a84665ddd07f7f17	127 SNY240 Dursun Durmuş		2019 Kasım Kira gecikme bedeli 		15700 * kasım tüfe 22,58% 		n	29195/100	29195/100	1970-01-01 02:00:00 +0200
B	b2d2e35b80f64bdea0fa43226f58ed69	0a2ebde8a8be4d0da7724b467f6b48b1	2020-06-17 15:02:51 +0300	2019-12-02 11:28:01 +0300	2019-11-30 13:59:00 +0300	62cf67902c2f48c28059ec3005e4290f	5 GLR Sny240m2		2019 Kasım Kira gecikme bedeli 				n	-29195/100	-29195/100	1970-01-01 02:00:00 +0200
===== END
===== START
C	b2d2e35b80f64bdea0fa43226f58ed69	325e2fc1a3ba4689a161206ee8842f5e	2020-06-17 15:02:51 +0300	2019-12-02 11:28:01 +0300	2019-11-30 13:59:00 +0300	b5c86390d3244c54a84665ddd07f7f17	127 SNY240 Dursun Durmuş		2019 Kasım Kira gecikme bedeli 		15700 * kasım tüfe 22,58% 		n	0/100	0/100	1970-01-01 02:00:00 +0200
C	b2d2e35b80f64bdea0fa43226f58ed69	0a2ebde8a8be4d0da7724b467f6b48b1	2020-06-17 15:02:51 +0300	2019-12-02 11:28:01 +0300	2019-11-30 13:59:00 +0300	62cf67902c2f48c28059ec3005e4290f	5 GLR Sny240m2		2019 Kasım Kira gecikme bedeli 				n	0/100	0/100	1970-01-01 02:00:00 +0200
===== END
===== START
B	8c216e7c025245d1b442de365d15599c	307857859f4945b3bf273cfba519e37f	2020-06-17 15:02:54 +0300	2019-12-02 12:27:58 +0300	2019-12-01 13:59:00 +0300	b5c86390d3244c54a84665ddd07f7f17	127 SNY240 Dursun Durmuş		2019 Aralık Kira gecikme bedeli 		15700 * aralık tüfe 15,18% 		n	19996/100	19996/100	1970-01-01 02:00:00 +0200
B	8c216e7c025245d1b442de365d15599c	04efecc7be524046bd9ae997dfef7bf2	2020-06-17 15:02:54 +0300	2019-12-02 12:27:58 +0300	2019-12-01 13:59:00 +0300	62cf67902c2f48c28059ec3005e4290f	5 GLR Sny240m2		2019 Aralık Kira gecikme bedeli 				n	-19996/100	-19996/100	1970-01-01 02:00:00 +0200
===== END
===== START
C	8c216e7c025245d1b442de365d15599c	307857859f4945b3bf273cfba519e37f	2020-06-17 15:02:54 +0300	2019-12-02 12:27:58 +0300	2019-12-01 13:59:00 +0300	b5c86390d3244c54a84665ddd07f7f17	127 SNY240 Dursun Durmuş		2019 Aralık Kira gecikme bedeli 		15700 * aralık tüfe 15,18% 		n	0/100	0/100	1970-01-01 02:00:00 +0200
C	8c216e7c025245d1b442de365d15599c	04efecc7be524046bd9ae997dfef7bf2	2020-06-17 15:02:54 +0300	2019-12-02 12:27:58 +0300	2019-12-01 13:59:00 +0300	62cf67902c2f48c28059ec3005e4290f	5 GLR Sny240m2		2019 Aralık Kira gecikme bedeli 				n	0/100	0/100	1970-01-01 02:00:00 +0200
===== END
===== START
B	f948fb84636846faa742e7ef1215f20b	ecfe4ed3ccf2432faf4212b4bc4c397d	2020-06-17 15:02:56 +0300	2019-12-07 17:08:28 +0300	2020-01-01 13:59:00 +0300	b5c86390d3244c54a84665ddd07f7f17	127 SNY240 Dursun Durmuş		2020 Ocak  Kira gecikme bedeli 		17107 x ocak tüfe 17,16%		n	24464/100	24464/100	1970-01-01 02:00:00 +0200
B	f948fb84636846faa742e7ef1215f20b	3c7bcd40c53448ff90b64e073052c654	2020-06-17 15:02:56 +0300	2019-12-07 17:08:28 +0300	2020-01-01 13:59:00 +0300	62cf67902c2f48c28059ec3005e4290f	5 GLR Sny240m2		2020 Ocak  Kira gecikme bedeli 				n	-24464/100	-24464/100	1970-01-01 02:00:00 +0200
===== END
===== START
C	f948fb84636846faa742e7ef1215f20b	ecfe4ed3ccf2432faf4212b4bc4c397d	2020-06-17 15:02:56 +0300	2019-12-07 17:08:28 +0300	2020-01-01 13:59:00 +0300	b5c86390d3244c54a84665ddd07f7f17	127 SNY240 Dursun Durmuş		2020 Ocak  Kira gecikme bedeli 		17107 x ocak tüfe 17,16%		n	0/100	0/100	1970-01-01 02:00:00 +0200
C	f948fb84636846faa742e7ef1215f20b	3c7bcd40c53448ff90b64e073052c654	2020-06-17 15:02:56 +0300	2019-12-07 17:08:28 +0300	2020-01-01 13:59:00 +0300	62cf67902c2f48c28059ec3005e4290f	5 GLR Sny240m2		2020 Ocak  Kira gecikme bedeli 				n	0/100	0/100	1970-01-01 02:00:00 +0200
===== END
===== START
B	8327d962f6ba482a8a5c03f69fbb7372	08755ac8e9aa4bb0b5f87486f9117b96	2020-06-17 15:02:58 +0300	2020-04-22 13:04:01 +0300	2020-02-01 13:59:00 +0300	b5c86390d3244c54a84665ddd07f7f17	127 SNY240 Dursun Durmuş		2020 Şubat  Kira gecikme bedeli 		17107 x şubat tüfe 13,94%		n	19873/100	19873/100	1970-01-01 02:00:00 +0200
B	8327d962f6ba482a8a5c03f69fbb7372	5d56dce717524ebb833282dcc08dd316	2020-06-17 15:02:58 +0300	2020-04-22 13:04:01 +0300	2020-02-01 13:59:00 +0300	62cf67902c2f48c28059ec3005e4290f	5 GLR Sny240m2		2020 Şubat  Kira gecikme bedeli 				n	-19873/100	-19873/100	1970-01-01 02:00:00 +0200
===== END
===== START
C	8327d962f6ba482a8a5c03f69fbb7372	08755ac8e9aa4bb0b5f87486f9117b96	2020-06-17 15:02:58 +0300	2020-04-22 13:04:01 +0300	2020-02-01 13:59:00 +0300	b5c86390d3244c54a84665ddd07f7f17	127 SNY240 Dursun Durmuş		2020 Şubat  Kira gecikme bedeli 		17107 x şubat tüfe 13,94%		n	0/100	0/100	1970-01-01 02:00:00 +0200
C	8327d962f6ba482a8a5c03f69fbb7372	5d56dce717524ebb833282dcc08dd316	2020-06-17 15:02:58 +0300	2020-04-22 13:04:01 +0300	2020-02-01 13:59:00 +0300	62cf67902c2f48c28059ec3005e4290f	5 GLR Sny240m2		2020 Şubat  Kira gecikme bedeli 				n	0/100	0/100	1970-01-01 02:00:00 +0200
===== END
===== START
B	41a2278590b7414e9026f942d65a9fd7	055bad7c4c5b49e085f9358fc224a5b2	2020-06-17 15:03:00 +0300	2019-12-07 17:11:09 +0300	2020-03-01 13:59:00 +0300	b5c86390d3244c54a84665ddd07f7f17	127 SNY240 Dursun Durmuş		2020 Mart Kira gecikme bedeli 		17107 x şubat tüfe 13,33%		n	19003/100	19003/100	1970-01-01 02:00:00 +0200
B	41a2278590b7414e9026f942d65a9fd7	dd6ab70273f843ffa746f602b4274111	2020-06-17 15:03:00 +0300	2019-12-07 17:11:09 +0300	2020-03-01 13:59:00 +0300	62cf67902c2f48c28059ec3005e4290f	5 GLR Sny240m2		2020 Mart Kira gecikme bedeli 				n	-19003/100	-19003/100	1970-01-01 02:00:00 +0200
===== END
===== START
C	41a2278590b7414e9026f942d65a9fd7	055bad7c4c5b49e085f9358fc224a5b2	2020-06-17 15:03:00 +0300	2019-12-07 17:11:09 +0300	2020-03-01 13:59:00 +0300	b5c86390d3244c54a84665ddd07f7f17	127 SNY240 Dursun Durmuş		2020 Mart Kira gecikme bedeli 		17107 x şubat tüfe 13,33%		n	0/100	0/100	1970-01-01 02:00:00 +0200
C	41a2278590b7414e9026f942d65a9fd7	dd6ab70273f843ffa746f602b4274111	2020-06-17 15:03:00 +0300	2019-12-07 17:11:09 +0300	2020-03-01 13:59:00 +0300	62cf67902c2f48c28059ec3005e4290f	5 GLR Sny240m2		2020 Mart Kira gecikme bedeli 				n	0/100	0/100	1970-01-01 02:00:00 +0200
===== END
===== START
B	4010e1a6cc204a04a274adb8aee5863a	5a94f80ce4f24725988bbac2a64c748f	2020-06-17 15:03:03 +0300	2020-04-22 12:52:49 +0300	2020-04-30 13:59:00 +0300	b5c86390d3244c54a84665ddd07f7f17	127 SNY240 Dursun Durmuş		2020 Nisan Kira gecikme bedeli 		12740 * nisan tüfe 12,66 % 		n	13442/100	13442/100	1970-01-01 02:00:00 +0200
B	4010e1a6cc204a04a274adb8aee5863a	4b0e9f886457416f8fa62d78afeed9b9	2020-06-17 15:03:03 +0300	2020-04-22 12:52:49 +0300	2020-04-30 13:59:00 +0300	62cf67902c2f48c28059ec3005e4290f	5 GLR Sny240m2		2020 Nisan Kira gecikme bedeli 				n	-13442/100	-13442/100	1970-01-01 02:00:00 +0200
===== END
===== START
C	4010e1a6cc204a04a274adb8aee5863a	5a94f80ce4f24725988bbac2a64c748f	2020-06-17 15:03:03 +0300	2020-04-22 12:52:49 +0300	2020-04-30 13:59:00 +0300	b5c86390d3244c54a84665ddd07f7f17	127 SNY240 Dursun Durmuş		2020 Nisan Kira gecikme bedeli 		12740 * nisan tüfe 12,66 % 		n	0/100	0/100	1970-01-01 02:00:00 +0200
C	4010e1a6cc204a04a274adb8aee5863a	4b0e9f886457416f8fa62d78afeed9b9	2020-06-17 15:03:03 +0300	2020-04-22 12:52:49 +0300	2020-04-30 13:59:00 +0300	62cf67902c2f48c28059ec3005e4290f	5 GLR Sny240m2		2020 Nisan Kira gecikme bedeli 				n	0/100	0/100	1970-01-01 02:00:00 +0200
===== END
===== START
B	e1e45c7bae34437ba0fbea97df876df9	d38b66241a2e4d7391e9a06418342e6b	2020-06-17 15:03:05 +0300	2020-06-17 12:12:53 +0300	2020-05-10 13:59:00 +0300	3a63f12134c244fa86b69fbbccbba3e0	Açık-TRY						n	25000/100	25000/100	1970-01-01 02:00:00 +0200
B	e1e45c7bae34437ba0fbea97df876df9	72f5043d76f14d3a8bc8dd7ac44774b8	2020-06-17 15:03:05 +0300	2020-06-17 12:12:53 +0300	2020-05-10 13:59:00 +0300	b5c86390d3244c54a84665ddd07f7f17	127 SNY240 Dursun Durmuş						n	-25000/100	-25000/100	1970-01-01 02:00:00 +0200
===== END
===== START
C	e1e45c7bae34437ba0fbea97df876df9	d38b66241a2e4d7391e9a06418342e6b	2020-06-17 15:03:05 +0300	2020-06-17 12:12:53 +0300	2020-05-10 13:59:00 +0300	3a63f12134c244fa86b69fbbccbba3e0	Açık-TRY						n	0/100	0/100	1970-01-01 02:00:00 +0200
C	e1e45c7bae34437ba0fbea97df876df9	72f5043d76f14d3a8bc8dd7ac44774b8	2020-06-17 15:03:05 +0300	2020-06-17 12:12:53 +0300	2020-05-10 13:59:00 +0300	b5c86390d3244c54a84665ddd07f7f17	127 SNY240 Dursun Durmuş						n	0/100	0/100	1970-01-01 02:00:00 +0200
===== END
===== START
B	e1e45c7bae34437ba0fbea97df876df9	d38b66241a2e4d7391e9a06418342e6b	2020-06-17 15:03:09 +0300	2020-06-17 12:12:53 +0300	2020-05-10 13:59:00 +0300	3a63f12134c244fa86b69fbbccbba3e0	Açık-TRY						n	0/100	0/100	1970-01-01 02:00:00 +0200
B	e1e45c7bae34437ba0fbea97df876df9	72f5043d76f14d3a8bc8dd7ac44774b8	2020-06-17 15:03:09 +0300	2020-06-17 12:12:53 +0300	2020-05-10 13:59:00 +0300	b5c86390d3244c54a84665ddd07f7f17	127 SNY240 Dursun Durmuş						n	0/100	0/100	1970-01-01 02:00:00 +0200
===== END
===== START
C	e1e45c7bae34437ba0fbea97df876df9	d38b66241a2e4d7391e9a06418342e6b	2020-06-17 15:03:09 +0300	2020-06-17 12:12:53 +0300	2020-05-10 13:59:00 +0300	3a63f12134c244fa86b69fbbccbba3e0	Açık-TRY						n	25000/100	25000/100	1970-01-01 02:00:00 +0200
C	e1e45c7bae34437ba0fbea97df876df9	72f5043d76f14d3a8bc8dd7ac44774b8	2020-06-17 15:03:09 +0300	2020-06-17 12:12:53 +0300	2020-05-10 13:59:00 +0300	b5c86390d3244c54a84665ddd07f7f17	127 SNY240 Dursun Durmuş						n	-25000/100	-25000/100	1970-01-01 02:00:00 +0200
===== END
===== START
B	5a3c4a83682349ff9256f49c580f0a77	00ff9fea503a47b4b220bebc601b1689	2020-06-17 15:03:13 +0300	2020-04-22 12:55:21 +0300	2020-05-30 13:59:00 +0300	b5c86390d3244c54a84665ddd07f7f17	127 SNY240 Dursun Durmuş		2020 Mayıs Kira gecikme bedeli 		12740 * mayıs tüfe 12,1 % 		n	12846/100	12846/100	1970-01-01 02:00:00 +0200
B	5a3c4a83682349ff9256f49c580f0a77	a95eee7dab2942848658ccc61a9bd810	2020-06-17 15:03:13 +0300	2020-04-22 12:55:21 +0300	2020-05-30 13:59:00 +0300	62cf67902c2f48c28059ec3005e4290f	5 GLR Sny240m2		2020 Mayıs Kira gecikme bedeli 				n	-12846/100	-12846/100	1970-01-01 02:00:00 +0200
===== END
===== START
C	5a3c4a83682349ff9256f49c580f0a77	00ff9fea503a47b4b220bebc601b1689	2020-06-17 15:03:13 +0300	2020-04-22 12:55:21 +0300	2020-05-30 13:59:00 +0300	b5c86390d3244c54a84665ddd07f7f17	127 SNY240 Dursun Durmuş		2020 Mayıs Kira gecikme bedeli 		12740 * mayıs tüfe 12,1 % 		n	0/100	0/100	1970-01-01 02:00:00 +0200
C	5a3c4a83682349ff9256f49c580f0a77	a95eee7dab2942848658ccc61a9bd810	2020-06-17 15:03:13 +0300	2020-04-22 12:55:21 +0300	2020-05-30 13:59:00 +0300	62cf67902c2f48c28059ec3005e4290f	5 GLR Sny240m2		2020 Mayıs Kira gecikme bedeli 				n	0/100	0/100	1970-01-01 02:00:00 +0200
===== END
===== START
B	65fc297221c14f2caa47fe761b1e239e	60221b1eb1004e3ba8738e637c0cbce3	2020-06-17 15:03:17 +0300	2020-06-17 12:09:22 +0300	2020-06-30 13:59:00 +0300	b5c86390d3244c54a84665ddd07f7f17	127 SNY240 Dursun Durmuş		2020 haziran Kira gecikme bedeli 		12740 * haziran tüfe 12,1 % 		n	12846/100	12846/100	1970-01-01 02:00:00 +0200
B	65fc297221c14f2caa47fe761b1e239e	9bffde884d6944478cb09c92b90da60b	2020-06-17 15:03:17 +0300	2020-06-17 12:09:22 +0300	2020-06-30 13:59:00 +0300	62cf67902c2f48c28059ec3005e4290f	5 GLR Sny240m2		2020 haziran Kira gecikme bedeli 				n	-12846/100	-12846/100	1970-01-01 02:00:00 +0200
===== END
===== START
C	65fc297221c14f2caa47fe761b1e239e	60221b1eb1004e3ba8738e637c0cbce3	2020-06-17 15:03:17 +0300	2020-06-17 12:09:22 +0300	2020-06-30 13:59:00 +0300	b5c86390d3244c54a84665ddd07f7f17	127 SNY240 Dursun Durmuş		2020 haziran Kira gecikme bedeli 		12740 * haziran tüfe 12,1 % 		n	0/100	0/100	1970-01-01 02:00:00 +0200
C	65fc297221c14f2caa47fe761b1e239e	9bffde884d6944478cb09c92b90da60b	2020-06-17 15:03:17 +0300	2020-06-17 12:09:22 +0300	2020-06-30 13:59:00 +0300	62cf67902c2f48c28059ec3005e4290f	5 GLR Sny240m2		2020 haziran Kira gecikme bedeli 				n	0/100	0/100	1970-01-01 02:00:00 +0200
===== END
===== START
B	061e0a739afe496c9158ed6096c0acaa	892707f5da63496bb8b54e85c4b81610	2020-06-17 15:03:19 +0300	2020-06-17 12:12:56 +0300	2020-06-10 13:59:00 +0300	3a63f12134c244fa86b69fbbccbba3e0	Açık-TRY						n	27000/100	27000/100	1970-01-01 02:00:00 +0200
B	061e0a739afe496c9158ed6096c0acaa	169e64f8a57549bfb7cd74609b33c954	2020-06-17 15:03:19 +0300	2020-06-17 12:12:56 +0300	2020-06-10 13:59:00 +0300	b5c86390d3244c54a84665ddd07f7f17	127 SNY240 Dursun Durmuş						n	-27000/100	-27000/100	1970-01-01 02:00:00 +0200
===== END
===== START
C	061e0a739afe496c9158ed6096c0acaa	892707f5da63496bb8b54e85c4b81610	2020-06-17 15:03:19 +0300	2020-06-17 12:12:56 +0300	2020-06-10 13:59:00 +0300	3a63f12134c244fa86b69fbbccbba3e0	Açık-TRY						n	0/100	0/100	1970-01-01 02:00:00 +0200
C	061e0a739afe496c9158ed6096c0acaa	169e64f8a57549bfb7cd74609b33c954	2020-06-17 15:03:19 +0300	2020-06-17 12:12:56 +0300	2020-06-10 13:59:00 +0300	b5c86390d3244c54a84665ddd07f7f17	127 SNY240 Dursun Durmuş						n	0/100	0/100	1970-01-01 02:00:00 +0200
===== END
===== START
B	e1e45c7bae34437ba0fbea97df876df9	d38b66241a2e4d7391e9a06418342e6b	2020-06-17 15:03:21 +0300	2020-06-17 12:12:53 +0300	2020-05-10 13:59:00 +0300	3a63f12134c244fa86b69fbbccbba3e0	Açık-TRY						n	25000/100	25000/100	1970-01-01 02:00:00 +0200
B	e1e45c7bae34437ba0fbea97df876df9	72f5043d76f14d3a8bc8dd7ac44774b8	2020-06-17 15:03:21 +0300	2020-06-17 12:12:53 +0300	2020-05-10 13:59:00 +0300	b5c86390d3244c54a84665ddd07f7f17	127 SNY240 Dursun Durmuş						n	-25000/100	-25000/100	1970-01-01 02:00:00 +0200
===== END
===== START
C	e1e45c7bae34437ba0fbea97df876df9	d38b66241a2e4d7391e9a06418342e6b	2020-06-17 15:03:21 +0300	2020-06-17 12:12:53 +0300	2020-05-10 13:59:00 +0300	3a63f12134c244fa86b69fbbccbba3e0	Açık-TRY						n	0/100	0/100	1970-01-01 02:00:00 +0200
C	e1e45c7bae34437ba0fbea97df876df9	72f5043d76f14d3a8bc8dd7ac44774b8	2020-06-17 15:03:21 +0300	2020-06-17 12:12:53 +0300	2020-05-10 13:59:00 +0300	b5c86390d3244c54a84665ddd07f7f17	127 SNY240 Dursun Durmuş						n	0/100	0/100	1970-01-01 02:00:00 +0200
===== END
===== START
B	7b68ba3e8eb64467bb657820cca3d661	10d75a9850114672b8e07481b705cb9d	2020-06-17 15:03:46 +0300	2020-04-28 16:29:51 +0300	2019-12-31 13:59:00 +0300	b5c86390d3244c54a84665ddd07f7f17	127 SNY240 Dursun Durmuş		SANAYİ ELEKETRİK TEMİNAT BEDELİ				n	110000/100	110000/100	1970-01-01 02:00:00 +0200
B	7b68ba3e8eb64467bb657820cca3d661	79a52dc8923e42eaa29786adddefa6ee	2020-06-17 15:03:46 +0300	2020-04-28 16:29:51 +0300	2019-12-31 13:59:00 +0300	3aa1ec8129524dc2bd8d898c2c0ecfcf	Ort. SM		SANAYİ ELEKETRİK TEMİNAT BEDELİ				n	-110000/100	-110000/100	1970-01-01 02:00:00 +0200
===== END
===== START
C	7b68ba3e8eb64467bb657820cca3d661	10d75a9850114672b8e07481b705cb9d	2020-06-17 15:03:46 +0300	2020-04-28 16:29:51 +0300	2019-12-31 13:59:00 +0300	b5c86390d3244c54a84665ddd07f7f17	127 SNY240 Dursun Durmuş		SANAYİ ELEKETRİK TEMİNAT BEDELİ				n	0/100	0/100	1970-01-01 02:00:00 +0200
C	7b68ba3e8eb64467bb657820cca3d661	79a52dc8923e42eaa29786adddefa6ee	2020-06-17 15:03:46 +0300	2020-04-28 16:29:51 +0300	2019-12-31 13:59:00 +0300	3aa1ec8129524dc2bd8d898c2c0ecfcf	Ort. SM		SANAYİ ELEKETRİK TEMİNAT BEDELİ				n	0/100	0/100	1970-01-01 02:00:00 +0200
===== END
===== START
B	e1e45c7bae34437ba0fbea97df876df9	d38b66241a2e4d7391e9a06418342e6b	2020-06-17 15:04:43 +0300	2020-06-17 12:12:53 +0300	2020-05-10 13:59:00 +0300	3a63f12134c244fa86b69fbbccbba3e0	Açık-TRY						n	0/100	0/100	1970-01-01 02:00:00 +0200
B	e1e45c7bae34437ba0fbea97df876df9	72f5043d76f14d3a8bc8dd7ac44774b8	2020-06-17 15:04:43 +0300	2020-06-17 12:12:53 +0300	2020-05-10 13:59:00 +0300	b5c86390d3244c54a84665ddd07f7f17	127 SNY240 Dursun Durmuş						n	0/100	0/100	1970-01-01 02:00:00 +0200
===== END
===== START
C	e1e45c7bae34437ba0fbea97df876df9	d38b66241a2e4d7391e9a06418342e6b	2020-06-17 15:04:43 +0300	2020-06-17 12:12:53 +0300	2020-05-10 13:59:00 +0300	3a63f12134c244fa86b69fbbccbba3e0	Açık-TRY						n	25000/100	25000/100	1970-01-01 02:00:00 +0200
C	e1e45c7bae34437ba0fbea97df876df9	72f5043d76f14d3a8bc8dd7ac44774b8	2020-06-17 15:04:43 +0300	2020-06-17 12:12:53 +0300	2020-05-10 13:59:00 +0300	b5c86390d3244c54a84665ddd07f7f17	127 SNY240 Dursun Durmuş						n	-25000/100	-25000/100	1970-01-01 02:00:00 +0200
===== END
===== START
B	061e0a739afe496c9158ed6096c0acaa	892707f5da63496bb8b54e85c4b81610	2020-06-17 15:04:45 +0300	2020-06-17 12:12:56 +0300	2020-06-10 13:59:00 +0300	3a63f12134c244fa86b69fbbccbba3e0	Açık-TRY						n	0/100	0/100	1970-01-01 02:00:00 +0200
B	061e0a739afe496c9158ed6096c0acaa	169e64f8a57549bfb7cd74609b33c954	2020-06-17 15:04:45 +0300	2020-06-17 12:12:56 +0300	2020-06-10 13:59:00 +0300	b5c86390d3244c54a84665ddd07f7f17	127 SNY240 Dursun Durmuş						n	0/100	0/100	1970-01-01 02:00:00 +0200
===== END
===== START
C	061e0a739afe496c9158ed6096c0acaa	892707f5da63496bb8b54e85c4b81610	2020-06-17 15:04:45 +0300	2020-06-17 12:12:56 +0300	2020-06-10 13:59:00 +0300	3a63f12134c244fa86b69fbbccbba3e0	Açık-TRY						n	27000/100	27000/100	1970-01-01 02:00:00 +0200
C	061e0a739afe496c9158ed6096c0acaa	169e64f8a57549bfb7cd74609b33c954	2020-06-17 15:04:45 +0300	2020-06-17 12:12:56 +0300	2020-06-10 13:59:00 +0300	b5c86390d3244c54a84665ddd07f7f17	127 SNY240 Dursun Durmuş						n	-27000/100	-27000/100	1970-01-01 02:00:00 +0200
===== END
