mod	trans_guid	split_guid	time_now	date_entered	date_posted	acc_guid	acc_name	num	description	notes	memo	action	reconciled	amount	value	date_reconciled
-----------------
===== START
B	71e5e57d3097456a886283dcb87aa4ee	2508c3fa292544e8a52ab8834ae7795a	2020-04-28 16:13:12 +0300	2019-12-25 14:47:33 +0300	2019-12-25 13:59:00 +0300	f9df8197d3194edfb63f3ba2eb17ebf6	73bac7009a4c42788ff6c52b08151fe5		Tzg Kira Ödemesi Ocak 2020 - Salih Kaymak				n	0/1	0/100	1970-01-01 02:00:00 +0200
B	71e5e57d3097456a886283dcb87aa4ee	310b6dc8048c426d9af57db756b4eee4	2020-04-28 16:13:12 +0300	2019-12-25 14:47:33 +0300	2019-12-25 13:59:00 +0300	f9df8197d3194edfb63f3ba2eb17ebf6	73bac7009a4c42788ff6c52b08151fe5		Tzg Kira Ödemesi Ocak 2020 - Salih Kaymak				n	0/1	0/100	1970-01-01 02:00:00 +0200
===== END
===== START
R	71e5e57d3097456a886283dcb87aa4ee	2508c3fa292544e8a52ab8834ae7795a	2020-04-28 16:13:12 +0300	2019-12-25 14:47:33 +0300	2019-12-25 13:59:00 +0300	f9df8197d3194edfb63f3ba2eb17ebf6	73bac7009a4c42788ff6c52b08151fe5		Tzg Kira Ödemesi Ocak 2020 - Salih Kaymak				n	0/1	0/100	1970-01-01 02:00:00 +0200
R	71e5e57d3097456a886283dcb87aa4ee	310b6dc8048c426d9af57db756b4eee4	2020-04-28 16:13:12 +0300	2019-12-25 14:47:33 +0300	2019-12-25 13:59:00 +0300	f9df8197d3194edfb63f3ba2eb17ebf6	73bac7009a4c42788ff6c52b08151fe5		Tzg Kira Ödemesi Ocak 2020 - Salih Kaymak				n	0/1	0/100	1970-01-01 02:00:00 +0200
===== END
===== START
B	71e5e57d3097456a886283dcb87aa4ee	2508c3fa292544e8a52ab8834ae7795a	2020-04-28 16:13:12 +0300	2019-12-25 14:47:33 +0300	2019-12-25 13:59:00 +0300	f9df8197d3194edfb63f3ba2eb17ebf6	73bac7009a4c42788ff6c52b08151fe5		Tzg Kira Ödemesi Ocak 2020 - Salih Kaymak				n	0/1	0/100	1970-01-01 02:00:00 +0200
B	71e5e57d3097456a886283dcb87aa4ee	310b6dc8048c426d9af57db756b4eee4	2020-04-28 16:13:12 +0300	2019-12-25 14:47:33 +0300	2019-12-25 13:59:00 +0300	f9df8197d3194edfb63f3ba2eb17ebf6	73bac7009a4c42788ff6c52b08151fe5		Tzg Kira Ödemesi Ocak 2020 - Salih Kaymak				n	0/1	0/100	1970-01-01 02:00:00 +0200
===== END
===== START
R	71e5e57d3097456a886283dcb87aa4ee	2508c3fa292544e8a52ab8834ae7795a	2020-04-28 16:13:12 +0300	2019-12-25 14:47:33 +0300	2019-12-25 13:59:00 +0300	f9df8197d3194edfb63f3ba2eb17ebf6	73bac7009a4c42788ff6c52b08151fe5		Tzg Kira Ödemesi Ocak 2020 - Salih Kaymak				n	0/1	0/100	1970-01-01 02:00:00 +0200
R	71e5e57d3097456a886283dcb87aa4ee	310b6dc8048c426d9af57db756b4eee4	2020-04-28 16:13:12 +0300	2019-12-25 14:47:33 +0300	2019-12-25 13:59:00 +0300	f9df8197d3194edfb63f3ba2eb17ebf6	73bac7009a4c42788ff6c52b08151fe5		Tzg Kira Ödemesi Ocak 2020 - Salih Kaymak				n	0/1	0/100	1970-01-01 02:00:00 +0200
===== END
===== START
B	2bed39c3908745dc93b80b5cc0525f1c	68a35ea83e054a499b48485c2c784390	2020-04-28 16:13:12 +0300	2019-12-25 15:43:45 +0300	2019-12-25 13:59:00 +0300	dc915ca945be4e72ab274fdae19390c0	ba301b88a00f4cd6b3b7431e4a004386		2020 1/8 Sny55 Kira Bedeli				n	0/1	0/100	1970-01-01 02:00:00 +0200
B	2bed39c3908745dc93b80b5cc0525f1c	01b1322b286341f18f55ba4d2a213255	2020-04-28 16:13:12 +0300	2019-12-25 15:43:45 +0300	2019-12-25 13:59:00 +0300	dc915ca945be4e72ab274fdae19390c0	ba301b88a00f4cd6b3b7431e4a004386		2020 1/8 Sny55 Kira Bedeli				n	0/1	0/100	1970-01-01 02:00:00 +0200
===== END
===== START
R	2bed39c3908745dc93b80b5cc0525f1c	68a35ea83e054a499b48485c2c784390	2020-04-28 16:13:12 +0300	2019-12-25 15:43:45 +0300	2019-12-25 13:59:00 +0300	dc915ca945be4e72ab274fdae19390c0	ba301b88a00f4cd6b3b7431e4a004386		2020 1/8 Sny55 Kira Bedeli				n	0/1	0/100	1970-01-01 02:00:00 +0200
R	2bed39c3908745dc93b80b5cc0525f1c	01b1322b286341f18f55ba4d2a213255	2020-04-28 16:13:12 +0300	2019-12-25 15:43:45 +0300	2019-12-25 13:59:00 +0300	dc915ca945be4e72ab274fdae19390c0	ba301b88a00f4cd6b3b7431e4a004386		2020 1/8 Sny55 Kira Bedeli				n	0/1	0/100	1970-01-01 02:00:00 +0200
===== END
===== START
B	2bed39c3908745dc93b80b5cc0525f1c	68a35ea83e054a499b48485c2c784390	2020-04-28 16:13:12 +0300	2019-12-25 15:43:45 +0300	2019-12-25 13:59:00 +0300	dc915ca945be4e72ab274fdae19390c0	ba301b88a00f4cd6b3b7431e4a004386		2020 1/8 Sny55 Kira Bedeli				n	0/1	0/100	1970-01-01 02:00:00 +0200
B	2bed39c3908745dc93b80b5cc0525f1c	01b1322b286341f18f55ba4d2a213255	2020-04-28 16:13:12 +0300	2019-12-25 15:43:45 +0300	2019-12-25 13:59:00 +0300	dc915ca945be4e72ab274fdae19390c0	ba301b88a00f4cd6b3b7431e4a004386		2020 1/8 Sny55 Kira Bedeli				n	0/1	0/100	1970-01-01 02:00:00 +0200
===== END
===== START
R	2bed39c3908745dc93b80b5cc0525f1c	68a35ea83e054a499b48485c2c784390	2020-04-28 16:13:12 +0300	2019-12-25 15:43:45 +0300	2019-12-25 13:59:00 +0300	dc915ca945be4e72ab274fdae19390c0	ba301b88a00f4cd6b3b7431e4a004386		2020 1/8 Sny55 Kira Bedeli				n	0/1	0/100	1970-01-01 02:00:00 +0200
R	2bed39c3908745dc93b80b5cc0525f1c	01b1322b286341f18f55ba4d2a213255	2020-04-28 16:13:12 +0300	2019-12-25 15:43:45 +0300	2019-12-25 13:59:00 +0300	dc915ca945be4e72ab274fdae19390c0	ba301b88a00f4cd6b3b7431e4a004386		2020 1/8 Sny55 Kira Bedeli				n	0/1	0/100	1970-01-01 02:00:00 +0200
===== END
===== START
===== END
===== START
===== END
===== START
===== END
===== START
===== END
===== START
===== END
===== START
===== END
===== START
C	d5324f41f48845b9b2fca2b60a775eb5	7de2a4e109e34efa8837f8e95204d8dc	2020-04-28 16:13:12 +0300	2019-12-25 15:43:45 +0300	2019-12-25 13:59:00 +0300	dc915ca945be4e72ab274fdae19390c0	ba301b88a00f4cd6b3b7431e4a004386		2020 1/8 Sny55 Kira Bedeli				n	0/1	0/100	1970-01-01 02:00:00 +0200
C	d5324f41f48845b9b2fca2b60a775eb5	4634682fccdc49d49be0d5b2cacafb2b	2020-04-28 16:13:12 +0300	2019-12-25 15:43:45 +0300	2019-12-25 13:59:00 +0300	dc915ca945be4e72ab274fdae19390c0	ba301b88a00f4cd6b3b7431e4a004386		2020 1/8 Sny55 Kira Bedeli				n	0/1	0/100	1970-01-01 02:00:00 +0200
===== END
===== START
B	d5324f41f48845b9b2fca2b60a775eb5	7de2a4e109e34efa8837f8e95204d8dc	2020-04-28 16:13:12 +0300	2019-12-25 15:43:45 +0300	2019-12-25 13:59:00 +0300	dc915ca945be4e72ab274fdae19390c0	ba301b88a00f4cd6b3b7431e4a004386		2020 1/8 Sny55 Kira Bedeli				n	0/1	0/100	1970-01-01 02:00:00 +0200
B	d5324f41f48845b9b2fca2b60a775eb5	4634682fccdc49d49be0d5b2cacafb2b	2020-04-28 16:13:12 +0300	2019-12-25 15:43:45 +0300	2019-12-25 13:59:00 +0300	dc915ca945be4e72ab274fdae19390c0	ba301b88a00f4cd6b3b7431e4a004386		2020 1/8 Sny55 Kira Bedeli				n	0/1	0/100	1970-01-01 02:00:00 +0200
===== END
===== START
C	d5324f41f48845b9b2fca2b60a775eb5	7de2a4e109e34efa8837f8e95204d8dc	2020-04-28 16:13:12 +0300	2019-12-25 15:43:45 +0300	2020-04-24 13:59:00 +0300	77fc17bb76f3477b993b48d95fc32cf0	127 Sny55 Habip Yıldırım		2020 1/8 Sny55 Kira Bedeli				n	100000/100	100000/100	1970-01-01 02:00:00 +0200
C	d5324f41f48845b9b2fca2b60a775eb5	4634682fccdc49d49be0d5b2cacafb2b	2020-04-28 16:13:12 +0300	2019-12-25 15:43:45 +0300	2020-04-24 13:59:00 +0300	9ee677e8d3a04ed78d0894f9f03a91c5	1 GLR Sny55		2020 1/8 Sny55 Kira Bedeli				n	-100000/100	-100000/100	1970-01-01 02:00:00 +0200
===== END
===== START
D	509cc495e7364d8f89d1e3088e08f0c3	0e60f1ff63134680befab33d02b08b9f	2020-04-28 16:13:33 +0300	2020-04-28 16:13:33 +0300	2020-04-28 13:59:00 +0300								n	0/1	0/100	1970-01-01 02:00:00 +0200
===== END
===== START
B	d5324f41f48845b9b2fca2b60a775eb5	7de2a4e109e34efa8837f8e95204d8dc	2020-04-28 16:13:52 +0300	2019-12-25 15:43:45 +0300	2020-04-24 13:59:00 +0300	77fc17bb76f3477b993b48d95fc32cf0	127 Sny55 Habip Yıldırım		2020 1/8 Sny55 Kira Bedeli				n	100000/100	100000/100	1970-01-01 02:00:00 +0200
B	d5324f41f48845b9b2fca2b60a775eb5	4634682fccdc49d49be0d5b2cacafb2b	2020-04-28 16:13:52 +0300	2019-12-25 15:43:45 +0300	2020-04-24 13:59:00 +0300	9ee677e8d3a04ed78d0894f9f03a91c5	1 GLR Sny55		2020 1/8 Sny55 Kira Bedeli				n	-100000/100	-100000/100	1970-01-01 02:00:00 +0200
===== END
===== START
D	d5324f41f48845b9b2fca2b60a775eb5	7de2a4e109e34efa8837f8e95204d8dc	2020-04-28 16:13:52 +0300	2019-12-25 15:43:45 +0300	2020-04-24 13:59:00 +0300	77fc17bb76f3477b993b48d95fc32cf0	127 Sny55 Habip Yıldırım		2020 1/8 Sny55 Kira Bedeli				n	100000/100	100000/100	1970-01-01 02:00:00 +0200
D	d5324f41f48845b9b2fca2b60a775eb5	4634682fccdc49d49be0d5b2cacafb2b	2020-04-28 16:13:52 +0300	2019-12-25 15:43:45 +0300	2020-04-24 13:59:00 +0300	9ee677e8d3a04ed78d0894f9f03a91c5	1 GLR Sny55		2020 1/8 Sny55 Kira Bedeli				n	-100000/100	-100000/100	1970-01-01 02:00:00 +0200
===== END
===== START
D	d74cd1072bd14febb903796dd45406d4	5846e2e2060a4619a7ac43a38fcea50e	2020-04-28 16:14:02 +0300	2020-04-28 16:14:02 +0300	2020-04-28 13:59:00 +0300								n	0/1	0/100	1970-01-01 02:00:00 +0200
===== END
===== START
D	8bdc91d943194f62baf65c8142e86bb4	6d722716c91641e99c93e195f6cc1033	2020-04-28 16:14:06 +0300	2020-04-28 16:14:06 +0300	2020-04-28 13:59:00 +0300								n	0/1	0/100	1970-01-01 02:00:00 +0200
===== END
===== START
D	5a254cb8dc17486297d2f47f1d8959e6	06057b73c3044031b0821bc146d13b58	2020-04-28 16:14:13 +0300	2020-04-28 16:14:13 +0300	2020-04-28 13:59:00 +0300								n	0/1	0/100	1970-01-01 02:00:00 +0200
===== END
===== START
===== END
===== START
B	779a759e8bfd4ead9a26a66c51a535d9	fbf974f19ad041169a9cf61661a7ab67	2020-04-28 16:17:28 +0300	2019-12-02 10:48:03 +0300	2018-12-31 13:59:00 +0300	b5c86390d3244c54a84665ddd07f7f17	127 SNY240 Dursun Durmuş		Elektrik Abonesi teminat mektubu Bedeli				n	90000/100	90000/100	1970-01-01 02:00:00 +0200
B	779a759e8bfd4ead9a26a66c51a535d9	67ecaf56f573418eac7f4beeb0decaeb	2020-04-28 16:17:28 +0300	2019-12-02 10:48:03 +0300	2018-12-31 13:59:00 +0300	3aa1ec8129524dc2bd8d898c2c0ecfcf	Ort. SM		Elektrik Abonesi teminat mektubu Bedeli				n	-90000/100	-90000/100	1970-01-01 02:00:00 +0200
===== END
===== START
C	779a759e8bfd4ead9a26a66c51a535d9	fbf974f19ad041169a9cf61661a7ab67	2020-04-28 16:17:28 +0300	2019-12-02 10:48:03 +0300	2018-12-31 13:59:00 +0300	b5c86390d3244c54a84665ddd07f7f17	127 SNY240 Dursun Durmuş	X	Elektrik Abonesi teminat mektubu Bedeli				n	90000/100	90000/100	1970-01-01 02:00:00 +0200
C	779a759e8bfd4ead9a26a66c51a535d9	67ecaf56f573418eac7f4beeb0decaeb	2020-04-28 16:17:28 +0300	2019-12-02 10:48:03 +0300	2018-12-31 13:59:00 +0300	3aa1ec8129524dc2bd8d898c2c0ecfcf	Ort. SM	X	Elektrik Abonesi teminat mektubu Bedeli				n	-90000/100	-90000/100	1970-01-01 02:00:00 +0200
===== END
===== START
B	d6818c9803f947f6aa6b1ffc00bc4360	4fbd1b4c32f841eb8782dded9ba71a7b	2020-04-28 16:17:37 +0300	2019-12-02 11:32:14 +0300	2018-12-31 13:59:00 +0300	b552133f27ab4c9cad6ba2bbca63b69f	240m2 KASA		Çatı oluğu yapımı				n	10000/100	10000/100	1970-01-01 02:00:00 +0200
B	d6818c9803f947f6aa6b1ffc00bc4360	01309829541b4367ab3ec99e64d7b465	2020-04-28 16:17:37 +0300	2019-12-02 11:32:14 +0300	2018-12-31 13:59:00 +0300	b5c86390d3244c54a84665ddd07f7f17	127 SNY240 Dursun Durmuş		Çatı oluğu yapımı				n	-10000/100	-10000/100	1970-01-01 02:00:00 +0200
===== END
===== START
C	d6818c9803f947f6aa6b1ffc00bc4360	4fbd1b4c32f841eb8782dded9ba71a7b	2020-04-28 16:17:37 +0300	2019-12-02 11:32:14 +0300	2018-12-31 13:59:00 +0300	b552133f27ab4c9cad6ba2bbca63b69f	240m2 KASA	X	Çatı oluğu yapımı				n	10000/100	10000/100	1970-01-01 02:00:00 +0200
C	d6818c9803f947f6aa6b1ffc00bc4360	01309829541b4367ab3ec99e64d7b465	2020-04-28 16:17:37 +0300	2019-12-02 11:32:14 +0300	2018-12-31 13:59:00 +0300	b5c86390d3244c54a84665ddd07f7f17	127 SNY240 Dursun Durmuş	X	Çatı oluğu yapımı				n	-10000/100	-10000/100	1970-01-01 02:00:00 +0200
===== END
===== START
B	031a639d09da4f8b8bc305c02375fef5	7ebe625b1c584474beae51da8909a56e	2020-04-28 16:17:41 +0300	2019-12-02 11:33:38 +0300	2018-12-31 13:59:00 +0300	b552133f27ab4c9cad6ba2bbca63b69f	240m2 KASA		beton dökerken kullanılan elektrik				n	25000/100	25000/100	1970-01-01 02:00:00 +0200
B	031a639d09da4f8b8bc305c02375fef5	66392d2574dc46b3867dc436f6caeda2	2020-04-28 16:17:41 +0300	2019-12-02 11:33:38 +0300	2018-12-31 13:59:00 +0300	b5c86390d3244c54a84665ddd07f7f17	127 SNY240 Dursun Durmuş		beton dökerken kullanılan elektrik				n	-25000/100	-25000/100	1970-01-01 02:00:00 +0200
===== END
===== START
C	031a639d09da4f8b8bc305c02375fef5	7ebe625b1c584474beae51da8909a56e	2020-04-28 16:17:41 +0300	2019-12-02 11:33:38 +0300	2018-12-31 13:59:00 +0300	b552133f27ab4c9cad6ba2bbca63b69f	240m2 KASA	X	beton dökerken kullanılan elektrik				n	25000/100	25000/100	1970-01-01 02:00:00 +0200
C	031a639d09da4f8b8bc305c02375fef5	66392d2574dc46b3867dc436f6caeda2	2020-04-28 16:17:41 +0300	2019-12-02 11:33:38 +0300	2018-12-31 13:59:00 +0300	b5c86390d3244c54a84665ddd07f7f17	127 SNY240 Dursun Durmuş	X	beton dökerken kullanılan elektrik				n	-25000/100	-25000/100	1970-01-01 02:00:00 +0200
===== END
===== START
B	71e0e0880cbe402686d4c987ddcbc719	d686851220754a4cb397fcacdc7378b2	2020-04-28 16:18:03 +0300	2019-12-02 11:35:24 +0300	2019-06-30 13:59:00 +0300	b5c86390d3244c54a84665ddd07f7f17	127 SNY240 Dursun Durmuş		iskele kirası				n	85000/100	85000/100	1970-01-01 02:00:00 +0200
B	71e0e0880cbe402686d4c987ddcbc719	872126af441442ec89353a29fc09a8a3	2020-04-28 16:18:03 +0300	2019-12-02 11:35:24 +0300	2019-06-30 13:59:00 +0300	313a4dbcb45f4b56b1c0773793507ae0	42 İskele Kira Geliri		iskele kirası				n	-85000/100	-85000/100	1970-01-01 02:00:00 +0200
===== END
===== START
C	71e0e0880cbe402686d4c987ddcbc719	d686851220754a4cb397fcacdc7378b2	2020-04-28 16:18:03 +0300	2019-12-02 11:35:24 +0300	2019-06-30 13:59:00 +0300	b5c86390d3244c54a84665ddd07f7f17	127 SNY240 Dursun Durmuş	X	iskele kirası				n	85000/100	85000/100	1970-01-01 02:00:00 +0200
C	71e0e0880cbe402686d4c987ddcbc719	872126af441442ec89353a29fc09a8a3	2020-04-28 16:18:03 +0300	2019-12-02 11:35:24 +0300	2019-06-30 13:59:00 +0300	313a4dbcb45f4b56b1c0773793507ae0	42 İskele Kira Geliri	X	iskele kirası				n	-85000/100	-85000/100	1970-01-01 02:00:00 +0200
===== END
===== START
B	fa06890256c941c28e07715613d339d4	8a755c9aa3bb452eabce11793e7ca4c2	2020-04-28 16:18:18 +0300	2019-12-02 11:36:28 +0300	2019-09-30 13:59:00 +0300	deabaef30fc841ac9337e26a874ae856	100 KASA Nakit		Dursun Durmuş iskele				n	50000/100	50000/100	1970-01-01 02:00:00 +0200
B	fa06890256c941c28e07715613d339d4	9a8d3ec35cf144e4a1c3cdb12fa67e09	2020-04-28 16:18:18 +0300	2019-12-02 11:36:28 +0300	2019-09-30 13:59:00 +0300	b5c86390d3244c54a84665ddd07f7f17	127 SNY240 Dursun Durmuş		Dursun Durmuş iskele		iskele kira ödemesi		n	-50000/100	-50000/100	1970-01-01 02:00:00 +0200
===== END
===== START
C	fa06890256c941c28e07715613d339d4	8a755c9aa3bb452eabce11793e7ca4c2	2020-04-28 16:18:18 +0300	2019-12-02 11:36:28 +0300	2019-09-30 13:59:00 +0300	deabaef30fc841ac9337e26a874ae856	100 KASA Nakit	X	Dursun Durmuş iskele				n	50000/100	50000/100	1970-01-01 02:00:00 +0200
C	fa06890256c941c28e07715613d339d4	9a8d3ec35cf144e4a1c3cdb12fa67e09	2020-04-28 16:18:18 +0300	2019-12-02 11:36:28 +0300	2019-09-30 13:59:00 +0300	b5c86390d3244c54a84665ddd07f7f17	127 SNY240 Dursun Durmuş	X	Dursun Durmuş iskele		iskele kira ödemesi		n	-50000/100	-50000/100	1970-01-01 02:00:00 +0200
===== END
===== START
B	48205b3d6d914e7181d481b34288d691	8c422b2d472e4220a2b19c6f217775db	2020-04-28 16:18:19 +0300	2019-12-02 11:37:54 +0300	2019-10-15 13:59:00 +0300	b5c86390d3244c54a84665ddd07f7f17	127 SNY240 Dursun Durmuş		Dursun Durmuş tahliye ihtarnamesi 1		İhtarname 1 - sanayi adres		n	13000/100	13000/100	1970-01-01 02:00:00 +0200
B	48205b3d6d914e7181d481b34288d691	06ec0325537541aa9fec78acd2779120	2020-04-28 16:18:19 +0300	2019-12-02 11:37:54 +0300	2019-10-15 13:59:00 +0300	b552133f27ab4c9cad6ba2bbca63b69f	240m2 KASA		Dursun Durmuş tahliye ihtarnamesi 1				n	-13000/100	-13000/100	1970-01-01 02:00:00 +0200
===== END
===== START
C	48205b3d6d914e7181d481b34288d691	8c422b2d472e4220a2b19c6f217775db	2020-04-28 16:18:19 +0300	2019-12-02 11:37:54 +0300	2019-10-15 13:59:00 +0300	b5c86390d3244c54a84665ddd07f7f17	127 SNY240 Dursun Durmuş	X	Dursun Durmuş tahliye ihtarnamesi 1		İhtarname 1 - sanayi adres		n	13000/100	13000/100	1970-01-01 02:00:00 +0200
C	48205b3d6d914e7181d481b34288d691	06ec0325537541aa9fec78acd2779120	2020-04-28 16:18:19 +0300	2019-12-02 11:37:54 +0300	2019-10-15 13:59:00 +0300	b552133f27ab4c9cad6ba2bbca63b69f	240m2 KASA	X	Dursun Durmuş tahliye ihtarnamesi 1				n	-13000/100	-13000/100	1970-01-01 02:00:00 +0200
===== END
===== START
B	be9c57b4e65f464b9f04fba9ea5acbb5	319989c5a8344b6db9e7fe47a2184f9a	2020-04-28 16:18:20 +0300	2019-12-02 11:39:32 +0300	2019-10-20 13:59:00 +0300	b5c86390d3244c54a84665ddd07f7f17	127 SNY240 Dursun Durmuş		Dursun Durmuş tahliye ihtarnamesi 2				n	20000/100	20000/100	1970-01-01 02:00:00 +0200
B	be9c57b4e65f464b9f04fba9ea5acbb5	6053bacf55ac4d69a964c6697c6be5e0	2020-04-28 16:18:20 +0300	2019-12-02 11:39:32 +0300	2019-10-20 13:59:00 +0300	b552133f27ab4c9cad6ba2bbca63b69f	240m2 KASA		Dursun Durmuş tahliye ihtarnamesi 2		İhtarname 2 - mernis adres		n	-20000/100	-20000/100	1970-01-01 02:00:00 +0200
===== END
===== START
C	be9c57b4e65f464b9f04fba9ea5acbb5	319989c5a8344b6db9e7fe47a2184f9a	2020-04-28 16:18:20 +0300	2019-12-02 11:39:32 +0300	2019-10-20 13:59:00 +0300	b5c86390d3244c54a84665ddd07f7f17	127 SNY240 Dursun Durmuş	X	Dursun Durmuş tahliye ihtarnamesi 2				n	20000/100	20000/100	1970-01-01 02:00:00 +0200
C	be9c57b4e65f464b9f04fba9ea5acbb5	6053bacf55ac4d69a964c6697c6be5e0	2020-04-28 16:18:20 +0300	2019-12-02 11:39:32 +0300	2019-10-20 13:59:00 +0300	b552133f27ab4c9cad6ba2bbca63b69f	240m2 KASA	X	Dursun Durmuş tahliye ihtarnamesi 2		İhtarname 2 - mernis adres		n	-20000/100	-20000/100	1970-01-01 02:00:00 +0200
===== END
===== START
B	d3ee20161cb342dda9d123517c30f34f	da2864e41b734bce811b7edff56db0b1	2020-04-28 16:18:23 +0300	2019-12-02 11:41:51 +0300	2019-10-25 13:59:00 +0300	b5c86390d3244c54a84665ddd07f7f17	127 SNY240 Dursun Durmuş		Dursun Durmuş tahliye ihtarnamesi 3		İhtarname 3 - mernis adres 21/2		n	5000/100	5000/100	1970-01-01 02:00:00 +0200
B	d3ee20161cb342dda9d123517c30f34f	3ca2c1b8c21444b9a7ff09213153019a	2020-04-28 16:18:23 +0300	2019-12-02 11:41:51 +0300	2019-10-25 13:59:00 +0300	b552133f27ab4c9cad6ba2bbca63b69f	240m2 KASA		Dursun Durmuş tahliye ihtarnamesi 3				n	-5000/100	-5000/100	1970-01-01 02:00:00 +0200
===== END
===== START
C	d3ee20161cb342dda9d123517c30f34f	da2864e41b734bce811b7edff56db0b1	2020-04-28 16:18:23 +0300	2019-12-02 11:41:51 +0300	2019-10-25 13:59:00 +0300	b5c86390d3244c54a84665ddd07f7f17	127 SNY240 Dursun Durmuş	X	Dursun Durmuş tahliye ihtarnamesi 3		İhtarname 3 - mernis adres 21/2		n	5000/100	5000/100	1970-01-01 02:00:00 +0200
C	d3ee20161cb342dda9d123517c30f34f	3ca2c1b8c21444b9a7ff09213153019a	2020-04-28 16:18:23 +0300	2019-12-02 11:41:51 +0300	2019-10-25 13:59:00 +0300	b552133f27ab4c9cad6ba2bbca63b69f	240m2 KASA	X	Dursun Durmuş tahliye ihtarnamesi 3				n	-5000/100	-5000/100	1970-01-01 02:00:00 +0200
===== END
===== START
B	9faea74462294382802205b448de81d5	cc09e4a24f50488eb841efb9e4bf269a	2020-04-28 16:18:30 +0300	2019-12-02 12:10:26 +0300	2019-10-25 13:59:00 +0300	b5c86390d3244c54a84665ddd07f7f17	127 SNY240 Dursun Durmuş		2018-19 sanayi 240m2 Kira gecikme Bedeli				n	114400/100	114400/100	1970-01-01 02:00:00 +0200
B	9faea74462294382802205b448de81d5	4c8c2dacabcf422c89a319256fd24018	2020-04-28 16:18:30 +0300	2019-12-02 12:10:26 +0300	2019-10-25 13:59:00 +0300	62cf67902c2f48c28059ec3005e4290f	5 GLR Sny240m2		2018-19 sanayi 240m2 Kira gecikme Bedeli				n	-114400/100	-114400/100	1970-01-01 02:00:00 +0200
===== END
===== START
C	9faea74462294382802205b448de81d5	cc09e4a24f50488eb841efb9e4bf269a	2020-04-28 16:18:30 +0300	2019-12-02 12:10:26 +0300	2019-10-25 13:59:00 +0300	b5c86390d3244c54a84665ddd07f7f17	127 SNY240 Dursun Durmuş	X	2018-19 sanayi 240m2 Kira gecikme Bedeli				n	114400/100	114400/100	1970-01-01 02:00:00 +0200
C	9faea74462294382802205b448de81d5	4c8c2dacabcf422c89a319256fd24018	2020-04-28 16:18:30 +0300	2019-12-02 12:10:26 +0300	2019-10-25 13:59:00 +0300	62cf67902c2f48c28059ec3005e4290f	5 GLR Sny240m2	X	2018-19 sanayi 240m2 Kira gecikme Bedeli				n	-114400/100	-114400/100	1970-01-01 02:00:00 +0200
===== END
===== START
B	06f1e4f408e7457abbaa9bde42c812ed	f2cda1c880704d53b3cb7564862b4ec5	2020-04-28 16:18:46 +0300	2019-12-02 12:11:23 +0300	2019-11-29 13:59:00 +0300	b5c86390d3244c54a84665ddd07f7f17	127 SNY240 Dursun Durmuş		İcra dairesi tabligat 21/2				n	5000/100	5000/100	1970-01-01 02:00:00 +0200
B	06f1e4f408e7457abbaa9bde42c812ed	f247a86538ba450cba194162d97f8fa4	2020-04-28 16:18:46 +0300	2019-12-02 12:11:23 +0300	2019-11-29 13:59:00 +0300	b552133f27ab4c9cad6ba2bbca63b69f	240m2 KASA		İcra dairesi tabligat 21/2				n	-5000/100	-5000/100	1970-01-01 02:00:00 +0200
===== END
===== START
C	06f1e4f408e7457abbaa9bde42c812ed	f2cda1c880704d53b3cb7564862b4ec5	2020-04-28 16:18:46 +0300	2019-12-02 12:11:23 +0300	2019-11-29 13:59:00 +0300	b5c86390d3244c54a84665ddd07f7f17	127 SNY240 Dursun Durmuş	X	İcra dairesi tabligat 21/2				n	5000/100	5000/100	1970-01-01 02:00:00 +0200
C	06f1e4f408e7457abbaa9bde42c812ed	f247a86538ba450cba194162d97f8fa4	2020-04-28 16:18:46 +0300	2019-12-02 12:11:23 +0300	2019-11-29 13:59:00 +0300	b552133f27ab4c9cad6ba2bbca63b69f	240m2 KASA	X	İcra dairesi tabligat 21/2				n	-5000/100	-5000/100	1970-01-01 02:00:00 +0200
===== END
===== START
B	ef62d2f80d4e4ba7bcfb029ad55fbc96	8783aff3bfa8425d8fc2639daa8f873b	2020-04-28 16:20:07 +0300	2019-12-02 12:05:59 +0300	2019-11-11 13:59:00 +0300	b5c86390d3244c54a84665ddd07f7f17	127 SNY240 Dursun Durmuş		Maliye Sözleşme Damga Vergisi				n	50500/100	50500/100	1970-01-01 02:00:00 +0200
B	ef62d2f80d4e4ba7bcfb029ad55fbc96	b8c29ec825f840e885b942efb310225d	2020-04-28 16:20:07 +0300	2019-12-02 12:05:59 +0300	2019-11-11 13:59:00 +0300	b552133f27ab4c9cad6ba2bbca63b69f	240m2 KASA		Maliye Sözleşme Damga Vergisi				n	-50500/100	-50500/100	1970-01-01 02:00:00 +0200
===== END
===== START
C	ef62d2f80d4e4ba7bcfb029ad55fbc96	8783aff3bfa8425d8fc2639daa8f873b	2020-04-28 16:20:07 +0300	2019-12-02 12:05:59 +0300	2019-11-11 13:59:00 +0300	b5c86390d3244c54a84665ddd07f7f17	127 SNY240 Dursun Durmuş	X	Maliye Sözleşme Damga Vergisi				n	50500/100	50500/100	1970-01-01 02:00:00 +0200
C	ef62d2f80d4e4ba7bcfb029ad55fbc96	b8c29ec825f840e885b942efb310225d	2020-04-28 16:20:07 +0300	2019-12-02 12:05:59 +0300	2019-11-11 13:59:00 +0300	b552133f27ab4c9cad6ba2bbca63b69f	240m2 KASA	X	Maliye Sözleşme Damga Vergisi				n	-50500/100	-50500/100	1970-01-01 02:00:00 +0200
===== END
===== START
C	9d68ac9c940b4145b6e2aa9254782798	1d01c4e83b8c4342bd544d8ff2434eb6	2020-04-28 16:20:15 +0300	2020-04-28 16:20:15 +0300	2019-11-29 13:59:00 +0300	b5c86390d3244c54a84665ddd07f7f17	127 SNY240 Dursun Durmuş						n	0/100	0/100	1970-01-01 02:00:00 +0200
===== END
===== START
===== END
===== START
B	9d68ac9c940b4145b6e2aa9254782798	1d01c4e83b8c4342bd544d8ff2434eb6	2020-04-28 16:21:10 +0300	2020-04-28 16:20:15 +0300	2019-11-29 13:59:00 +0300	b5c86390d3244c54a84665ddd07f7f17	127 SNY240 Dursun Durmuş						n	0/100	0/100	1970-01-01 02:00:00 +0200
===== END
===== START
C	9d68ac9c940b4145b6e2aa9254782798	1d01c4e83b8c4342bd544d8ff2434eb6	2020-04-28 16:21:10 +0300	2020-04-28 16:20:15 +0300	2019-11-29 13:59:00 +0300	b5c86390d3244c54a84665ddd07f7f17	127 SNY240 Dursun Durmuş		İCRA DAİRESİ BAŞVURU PUL				n	15000/100	15000/100	1970-01-01 02:00:00 +0200
C	9d68ac9c940b4145b6e2aa9254782798	768eed64b9f04323a76c5f2fee2fc24d	2020-04-28 16:21:10 +0300	2020-04-28 16:20:15 +0300	2019-11-29 13:59:00 +0300	3a63f12134c244fa86b69fbbccbba3e0	Açık-TRY		İCRA DAİRESİ BAŞVURU PUL				n	-15000/100	-15000/100	1970-01-01 02:00:00 +0200
===== END
