mod	trans_guid	split_guid	time_now	date_entered	date_posted	acc_guid	acc_name	num	description	notes	memo	action	reconciled	amount	value	date_reconciled
-----------------
===== START
B	37cce06e518442b0872d428a2edcd0a2	baf0d3112bce4ad3ac5f7ed11913e2a2	2020-06-30 16:40:52 +0300	2020-06-30 16:00:23 +0300	2019-01-30 13:59:00 +0300	a207fcf4af9c400eb69a647726531142	Kira Gecikme üfe		Ocak Kira tüfe 4000 * üfe 28,70				n	0/100	0/100	1970-01-01 02:00:00 +0200
===== END
===== START
C	37cce06e518442b0872d428a2edcd0a2	baf0d3112bce4ad3ac5f7ed11913e2a2	2020-06-30 16:40:52 +0300	2020-06-30 16:00:23 +0300	2019-01-30 13:59:00 +0300	a207fcf4af9c400eb69a647726531142	Kira Gecikme üfe		Kira tüfe 4000 * üfe 28,70				n	0/100	0/100	1970-01-01 02:00:00 +0200
===== END
===== START
B	37cce06e518442b0872d428a2edcd0a2	baf0d3112bce4ad3ac5f7ed11913e2a2	2020-06-30 16:41:43 +0300	2020-06-30 16:00:23 +0300	2019-01-30 13:59:00 +0300	a207fcf4af9c400eb69a647726531142	Kira Gecikme üfe		Kira tüfe 4000 * üfe 28,70				n	0/100	0/100	1970-01-01 02:00:00 +0200
===== END
===== START
C	37cce06e518442b0872d428a2edcd0a2	baf0d3112bce4ad3ac5f7ed11913e2a2	2020-06-30 16:41:43 +0300	2020-06-30 16:00:23 +0300	2019-01-30 13:59:00 +0300	a207fcf4af9c400eb69a647726531142	Kira Gecikme üfe		Kira tüfe 4000 * üfe 28,70				n	9567/100	9567/100	1970-01-01 02:00:00 +0200
C	37cce06e518442b0872d428a2edcd0a2	70cf4a99226a4b6ea072bc3a09014395	2020-06-30 16:41:43 +0300	2020-06-30 16:00:23 +0300	2019-01-30 13:59:00 +0300	3a63f12134c244fa86b69fbbccbba3e0	Açık-TRY		Kira tüfe 4000 * üfe 28,70				n	-9567/100	-9567/100	1970-01-01 02:00:00 +0200
===== END
===== START
B	37cce06e518442b0872d428a2edcd0a2	baf0d3112bce4ad3ac5f7ed11913e2a2	2020-06-30 16:41:54 +0300	2020-06-30 16:00:23 +0300	2019-01-30 13:59:00 +0300	a207fcf4af9c400eb69a647726531142	Kira Gecikme üfe		Kira tüfe 4000 * üfe 28,70				n	9567/100	9567/100	1970-01-01 02:00:00 +0200
B	37cce06e518442b0872d428a2edcd0a2	70cf4a99226a4b6ea072bc3a09014395	2020-06-30 16:41:54 +0300	2020-06-30 16:00:23 +0300	2019-01-30 13:59:00 +0300	3a63f12134c244fa86b69fbbccbba3e0	Açık-TRY		Kira tüfe 4000 * üfe 28,70				n	-9567/100	-9567/100	1970-01-01 02:00:00 +0200
===== END
===== START
C	37cce06e518442b0872d428a2edcd0a2	baf0d3112bce4ad3ac5f7ed11913e2a2	2020-06-30 16:41:54 +0300	2020-06-30 16:00:23 +0300	2019-01-30 13:59:00 +0300	a207fcf4af9c400eb69a647726531142	Kira Gecikme üfe		Kira tüfe 4000 * üfe 28,70				n	9567/100	9567/100	1970-01-01 02:00:00 +0200
C	37cce06e518442b0872d428a2edcd0a2	70cf4a99226a4b6ea072bc3a09014395	2020-06-30 16:41:54 +0300	2020-06-30 16:00:23 +0300	2019-01-30 13:59:00 +0300	62cf67902c2f48c28059ec3005e4290f	5 GLR Sny240m2		Kira tüfe 4000 * üfe 28,70				n	-9567/100	-9567/100	1970-01-01 02:00:00 +0200
===== END
===== START
B	f9db559e8eda42ad93b25b576bc5409e	2b878e30ab0a49d393e9793397617d39	2020-06-30 16:44:02 +0300	2020-06-30 16:02:48 +0300	2019-02-28 13:59:00 +0300	a207fcf4af9c400eb69a647726531142	Kira Gecikme üfe		Kira tüfe 4000 * üfe 28,70				n	0/100	0/100	1970-01-01 02:00:00 +0200
===== END
===== START
C	f9db559e8eda42ad93b25b576bc5409e	2b878e30ab0a49d393e9793397617d39	2020-06-30 16:44:02 +0300	2020-06-30 16:02:48 +0300	2019-02-28 13:59:00 +0300	a207fcf4af9c400eb69a647726531142	Kira Gecikme üfe		Kira tüfe 4000 * üfe 29,97				n	9990/100	9990/100	1970-01-01 02:00:00 +0200
C	f9db559e8eda42ad93b25b576bc5409e	9a4b61a0ba2542b89ce8256bc9b15e99	2020-06-30 16:44:02 +0300	2020-06-30 16:02:48 +0300	2019-02-28 13:59:00 +0300	62cf67902c2f48c28059ec3005e4290f	5 GLR Sny240m2		Kira tüfe 4000 * üfe 29,97				n	-9990/100	-9990/100	1970-01-01 02:00:00 +0200
===== END
===== START
C	6813514672ac4f5ba5c58dd4ec199670	3aaf733319c7426490c59cf4632dbc41	2020-06-30 16:44:09 +0300	2020-06-30 16:44:09 +0300	2019-02-28 13:59:00 +0300	a207fcf4af9c400eb69a647726531142	Kira Gecikme üfe						n	10390/100	10390/100	1970-01-01 02:00:00 +0200
C	6813514672ac4f5ba5c58dd4ec199670	9adc3081238a4cb4b81a113d1c4a6359	2020-06-30 16:44:09 +0300	2020-06-30 16:44:09 +0300	2019-02-28 13:59:00 +0300	3a63f12134c244fa86b69fbbccbba3e0	Açık-TRY						n	-10390/100	-10390/100	1970-01-01 02:00:00 +0200
===== END
===== START
===== END
===== START
C	daddaf1d94164e45921257cf2354070a	72d9b854945144258ba78239ed4d2647	2020-06-30 16:44:56 +0300	2020-06-30 16:44:56 +0300	2019-02-28 13:59:00 +0300	a207fcf4af9c400eb69a647726531142	Kira Gecikme üfe						n	10747/100	10747/100	1970-01-01 02:00:00 +0200
C	daddaf1d94164e45921257cf2354070a	2b81940dda854cb296b85b19b759be57	2020-06-30 16:44:56 +0300	2020-06-30 16:44:56 +0300	2019-02-28 13:59:00 +0300	3a63f12134c244fa86b69fbbccbba3e0	Açık-TRY						n	-10747/100	-10747/100	1970-01-01 02:00:00 +0200
===== END
===== START
===== END
===== START
B	f9db559e8eda42ad93b25b576bc5409e	2b878e30ab0a49d393e9793397617d39	2020-06-30 16:54:03 +0300	2020-06-30 16:02:48 +0300	2019-02-28 13:59:00 +0300	a207fcf4af9c400eb69a647726531142	Kira Gecikme üfe		Kira tüfe 4000 * üfe 29,97				n	9990/100	9990/100	1970-01-01 02:00:00 +0200
B	f9db559e8eda42ad93b25b576bc5409e	9a4b61a0ba2542b89ce8256bc9b15e99	2020-06-30 16:54:03 +0300	2020-06-30 16:02:48 +0300	2019-02-28 13:59:00 +0300	62cf67902c2f48c28059ec3005e4290f	5 GLR Sny240m2		Kira tüfe 4000 * üfe 29,97				n	-9990/100	-9990/100	1970-01-01 02:00:00 +0200
===== END
===== START
C	f9db559e8eda42ad93b25b576bc5409e	2b878e30ab0a49d393e9793397617d39	2020-06-30 16:54:03 +0300	2020-06-30 16:02:48 +0300	2019-02-28 13:59:00 +0300	a207fcf4af9c400eb69a647726531142	Kira Gecikme üfe		Kira tüfe 4000 * üfe 31,17				n	9990/100	9990/100	1970-01-01 02:00:00 +0200
C	f9db559e8eda42ad93b25b576bc5409e	9a4b61a0ba2542b89ce8256bc9b15e99	2020-06-30 16:54:03 +0300	2020-06-30 16:02:48 +0300	2019-02-28 13:59:00 +0300	62cf67902c2f48c28059ec3005e4290f	5 GLR Sny240m2		Kira tüfe 4000 * üfe 31,17				n	-9990/100	-9990/100	1970-01-01 02:00:00 +0200
===== END
===== START
B	f9db559e8eda42ad93b25b576bc5409e	2b878e30ab0a49d393e9793397617d39	2020-06-30 16:54:12 +0300	2020-06-30 16:02:48 +0300	2019-02-28 13:59:00 +0300	a207fcf4af9c400eb69a647726531142	Kira Gecikme üfe		Kira tüfe 4000 * üfe 31,17				n	9990/100	9990/100	1970-01-01 02:00:00 +0200
B	f9db559e8eda42ad93b25b576bc5409e	9a4b61a0ba2542b89ce8256bc9b15e99	2020-06-30 16:54:12 +0300	2020-06-30 16:02:48 +0300	2019-02-28 13:59:00 +0300	62cf67902c2f48c28059ec3005e4290f	5 GLR Sny240m2		Kira tüfe 4000 * üfe 31,17				n	-9990/100	-9990/100	1970-01-01 02:00:00 +0200
===== END
===== START
C	f9db559e8eda42ad93b25b576bc5409e	2b878e30ab0a49d393e9793397617d39	2020-06-30 16:54:12 +0300	2020-06-30 16:02:48 +0300	2019-02-28 13:59:00 +0300	a207fcf4af9c400eb69a647726531142	Kira Gecikme üfe		Kira tüfe 4000 * üfe 31,17				n	10390/100	10390/100	1970-01-01 02:00:00 +0200
C	f9db559e8eda42ad93b25b576bc5409e	9a4b61a0ba2542b89ce8256bc9b15e99	2020-06-30 16:54:12 +0300	2020-06-30 16:02:48 +0300	2019-02-28 13:59:00 +0300	62cf67902c2f48c28059ec3005e4290f	5 GLR Sny240m2		Kira tüfe 4000 * üfe 31,17				n	-10390/100	-10390/100	1970-01-01 02:00:00 +0200
===== END
===== START
B	f9db559e8eda42ad93b25b576bc5409e	2b878e30ab0a49d393e9793397617d39	2020-06-30 16:55:11 +0300	2020-06-30 16:02:48 +0300	2019-02-28 13:59:00 +0300	a207fcf4af9c400eb69a647726531142	Kira Gecikme üfe		Kira tüfe 4000 * üfe 31,17				n	10390/100	10390/100	1970-01-01 02:00:00 +0200
B	f9db559e8eda42ad93b25b576bc5409e	9a4b61a0ba2542b89ce8256bc9b15e99	2020-06-30 16:55:11 +0300	2020-06-30 16:02:48 +0300	2019-02-28 13:59:00 +0300	62cf67902c2f48c28059ec3005e4290f	5 GLR Sny240m2		Kira tüfe 4000 * üfe 31,17				n	-10390/100	-10390/100	1970-01-01 02:00:00 +0200
===== END
===== START
C	f9db559e8eda42ad93b25b576bc5409e	2b878e30ab0a49d393e9793397617d39	2020-06-30 16:55:11 +0300	2020-06-30 16:02:48 +0300	2019-02-28 13:59:00 +0300	a207fcf4af9c400eb69a647726531142	Kira Gecikme üfe		Kira tüfe 4000 * üfe 31,17				n	9990/100	9990/100	1970-01-01 02:00:00 +0200
C	f9db559e8eda42ad93b25b576bc5409e	9a4b61a0ba2542b89ce8256bc9b15e99	2020-06-30 16:55:11 +0300	2020-06-30 16:02:48 +0300	2019-02-28 13:59:00 +0300	62cf67902c2f48c28059ec3005e4290f	5 GLR Sny240m2		Kira tüfe 4000 * üfe 31,17				n	-9990/100	-9990/100	1970-01-01 02:00:00 +0200
===== END
===== START
C	8a4d5e710c5c417381fec1777e1139ab	b615624febb94449906364d0af3f0e58	2020-06-30 16:55:22 +0300	2020-06-30 16:55:22 +0300	2019-02-28 13:59:00 +0300	a207fcf4af9c400eb69a647726531142	Kira Gecikme üfe						n	5468/100	5468/100	1970-01-01 02:00:00 +0200
C	8a4d5e710c5c417381fec1777e1139ab	9dc1aeb82c2042ddb5097bd265fbff00	2020-06-30 16:55:22 +0300	2020-06-30 16:55:22 +0300	2019-02-28 13:59:00 +0300	3a63f12134c244fa86b69fbbccbba3e0	Açık-TRY						n	-5468/100	-5468/100	1970-01-01 02:00:00 +0200
===== END
===== START
===== END
===== START
C	c4d23d0b02b948eca352cc9c6fe4d5f7	7a9575ccd3ff46d59077462b779ae842	2020-06-30 16:55:34 +0300	2020-06-30 16:55:34 +0300	2019-02-28 13:59:00 +0300	a207fcf4af9c400eb69a647726531142	Kira Gecikme üfe						n	5390/100	5390/100	1970-01-01 02:00:00 +0200
C	c4d23d0b02b948eca352cc9c6fe4d5f7	496e9e495ea74ed88cde72724ec1ef1f	2020-06-30 16:55:34 +0300	2020-06-30 16:55:34 +0300	2019-02-28 13:59:00 +0300	3a63f12134c244fa86b69fbbccbba3e0	Açık-TRY						n	-5390/100	-5390/100	1970-01-01 02:00:00 +0200
===== END
===== START
===== END
===== START
C	28c8bc105623404994f6ef211acc5005	f8a77f7123fb41f19e3b4ba0a1ce7bf9	2020-06-30 16:55:40 +0300	2020-06-30 16:55:40 +0300	2019-02-28 13:59:00 +0300	a207fcf4af9c400eb69a647726531142	Kira Gecikme üfe						n	5085/100	5085/100	1970-01-01 02:00:00 +0200
C	28c8bc105623404994f6ef211acc5005	5e06d9a069fe4206a983a18ab783b444	2020-06-30 16:55:40 +0300	2020-06-30 16:55:40 +0300	2019-02-28 13:59:00 +0300	3a63f12134c244fa86b69fbbccbba3e0	Açık-TRY						n	-5085/100	-5085/100	1970-01-01 02:00:00 +0200
===== END
===== START
===== END
