mod	trans_guid	split_guid	time_now	date_entered	date_posted	acc_guid	acc_name	num	description	notes	memo	action	reconciled	amount	value	date_reconciled
-----------------
===== START
B	7b68ba3e8eb64467bb657820cca3d661	10d75a9850114672b8e07481b705cb9d	2020-06-17 12:00:07 +0300	2020-04-28 16:29:51 +0300	2019-10-25 13:59:00 +0300	b5c86390d3244c54a84665ddd07f7f17	127 SNY240 Dursun Durmuş		SANAYİ ELEKETRİK TEMİNAT BEDELİ				n	110000/100	110000/100	1970-01-01 02:00:00 +0200
B	7b68ba3e8eb64467bb657820cca3d661	79a52dc8923e42eaa29786adddefa6ee	2020-06-17 12:00:07 +0300	2020-04-28 16:29:51 +0300	2019-10-25 13:59:00 +0300	3aa1ec8129524dc2bd8d898c2c0ecfcf	Ort. SM		SANAYİ ELEKETRİK TEMİNAT BEDELİ				n	-110000/100	-110000/100	1970-01-01 02:00:00 +0200
===== END
===== START
C	7b68ba3e8eb64467bb657820cca3d661	10d75a9850114672b8e07481b705cb9d	2020-06-17 12:00:07 +0300	2020-04-28 16:29:51 +0300	2019-12-31 13:59:00 +0300	b5c86390d3244c54a84665ddd07f7f17	127 SNY240 Dursun Durmuş		SANAYİ ELEKETRİK TEMİNAT BEDELİ				n	110000/100	110000/100	1970-01-01 02:00:00 +0200
C	7b68ba3e8eb64467bb657820cca3d661	79a52dc8923e42eaa29786adddefa6ee	2020-06-17 12:00:07 +0300	2020-04-28 16:29:51 +0300	2019-12-31 13:59:00 +0300	3aa1ec8129524dc2bd8d898c2c0ecfcf	Ort. SM		SANAYİ ELEKETRİK TEMİNAT BEDELİ				n	-110000/100	-110000/100	1970-01-01 02:00:00 +0200
===== END
===== START
B	3b356fd07fb94a4e9e14be6edad6f329	1458d6dd22c7462b9896b70931176c0d	2020-06-17 12:00:40 +0300	2019-12-02 10:47:15 +0300	2019-10-31 13:59:00 +0300	b5c86390d3244c54a84665ddd07f7f17	127 SNY240 Dursun Durmuş		2019-20 Sanayi 240m2 Kira Bedeli				n	3240000/100	3240000/100	1970-01-01 02:00:00 +0200
B	3b356fd07fb94a4e9e14be6edad6f329	7abac9ee03b7465782efea8ebe3fb2f0	2020-06-17 12:00:40 +0300	2019-12-02 10:47:15 +0300	2019-10-31 13:59:00 +0300	62cf67902c2f48c28059ec3005e4290f	5 GLR Sny240m2		2019-20 Sanayi 240m2 Kira Bedeli				n	-3240000/100	-3240000/100	1970-01-01 02:00:00 +0200
===== END
===== START
C	3b356fd07fb94a4e9e14be6edad6f329	1458d6dd22c7462b9896b70931176c0d	2020-06-17 12:00:40 +0300	2019-12-02 10:47:15 +0300	2019-10-31 13:59:00 +0300	b5c86390d3244c54a84665ddd07f7f17	127 SNY240 Dursun Durmuş		2019-20 Sanayi 240m2 Kira Bedeli		üfe 26,44 * 25000		n	3240000/100	3240000/100	1970-01-01 02:00:00 +0200
C	3b356fd07fb94a4e9e14be6edad6f329	7abac9ee03b7465782efea8ebe3fb2f0	2020-06-17 12:00:40 +0300	2019-12-02 10:47:15 +0300	2019-10-31 13:59:00 +0300	62cf67902c2f48c28059ec3005e4290f	5 GLR Sny240m2		2019-20 Sanayi 240m2 Kira Bedeli				n	-3240000/100	-3240000/100	1970-01-01 02:00:00 +0200
===== END
===== START
B	3b356fd07fb94a4e9e14be6edad6f329	1458d6dd22c7462b9896b70931176c0d	2020-06-17 12:00:53 +0300	2019-12-02 10:47:15 +0300	2019-10-31 13:59:00 +0300	b5c86390d3244c54a84665ddd07f7f17	127 SNY240 Dursun Durmuş		2019-20 Sanayi 240m2 Kira Bedeli		üfe 26,44 * 25000		n	3240000/100	3240000/100	1970-01-01 02:00:00 +0200
B	3b356fd07fb94a4e9e14be6edad6f329	7abac9ee03b7465782efea8ebe3fb2f0	2020-06-17 12:00:53 +0300	2019-12-02 10:47:15 +0300	2019-10-31 13:59:00 +0300	62cf67902c2f48c28059ec3005e4290f	5 GLR Sny240m2		2019-20 Sanayi 240m2 Kira Bedeli				n	-3240000/100	-3240000/100	1970-01-01 02:00:00 +0200
===== END
===== START
C	3b356fd07fb94a4e9e14be6edad6f329	1458d6dd22c7462b9896b70931176c0d	2020-06-17 12:00:53 +0300	2019-12-02 10:47:15 +0300	2019-10-31 13:59:00 +0300	b5c86390d3244c54a84665ddd07f7f17	127 SNY240 Dursun Durmuş		2019-20 Sanayi 240m2 Kira Bedeli		üfe 26,44 * 25000		n	3161000/100	3161000/100	1970-01-01 02:00:00 +0200
C	3b356fd07fb94a4e9e14be6edad6f329	7abac9ee03b7465782efea8ebe3fb2f0	2020-06-17 12:00:53 +0300	2019-12-02 10:47:15 +0300	2019-10-31 13:59:00 +0300	62cf67902c2f48c28059ec3005e4290f	5 GLR Sny240m2		2019-20 Sanayi 240m2 Kira Bedeli				n	-3161000/100	-3161000/100	1970-01-01 02:00:00 +0200
===== END
===== START
B	b2d2e35b80f64bdea0fa43226f58ed69	325e2fc1a3ba4689a161206ee8842f5e	2020-06-17 12:01:34 +0300	2019-12-02 11:28:01 +0300	2019-11-01 13:59:00 +0300	b5c86390d3244c54a84665ddd07f7f17	127 SNY240 Dursun Durmuş		2019 Kasım Kira gecikme bedeli 		32400-18500=13900*1,5% = 208,50		n	20850/100	20850/100	1970-01-01 02:00:00 +0200
B	b2d2e35b80f64bdea0fa43226f58ed69	0a2ebde8a8be4d0da7724b467f6b48b1	2020-06-17 12:01:34 +0300	2019-12-02 11:28:01 +0300	2019-11-01 13:59:00 +0300	62cf67902c2f48c28059ec3005e4290f	5 GLR Sny240m2		2019 Kasım Kira gecikme bedeli 				n	-20850/100	-20850/100	1970-01-01 02:00:00 +0200
===== END
===== START
C	b2d2e35b80f64bdea0fa43226f58ed69	325e2fc1a3ba4689a161206ee8842f5e	2020-06-17 12:01:34 +0300	2019-12-02 11:28:01 +0300	2019-11-30 13:59:00 +0300	b5c86390d3244c54a84665ddd07f7f17	127 SNY240 Dursun Durmuş		2019 Kasım Kira gecikme bedeli 		32400-18500=13900*1,5% = 208,50		n	20850/100	20850/100	1970-01-01 02:00:00 +0200
C	b2d2e35b80f64bdea0fa43226f58ed69	0a2ebde8a8be4d0da7724b467f6b48b1	2020-06-17 12:01:34 +0300	2019-12-02 11:28:01 +0300	2019-11-30 13:59:00 +0300	62cf67902c2f48c28059ec3005e4290f	5 GLR Sny240m2		2019 Kasım Kira gecikme bedeli 				n	-20850/100	-20850/100	1970-01-01 02:00:00 +0200
===== END
===== START
B	b2d2e35b80f64bdea0fa43226f58ed69	325e2fc1a3ba4689a161206ee8842f5e	2020-06-17 12:03:05 +0300	2019-12-02 11:28:01 +0300	2019-11-30 13:59:00 +0300	b5c86390d3244c54a84665ddd07f7f17	127 SNY240 Dursun Durmuş		2019 Kasım Kira gecikme bedeli 		32400-18500=13900*1,5% = 208,50		n	20850/100	20850/100	1970-01-01 02:00:00 +0200
B	b2d2e35b80f64bdea0fa43226f58ed69	0a2ebde8a8be4d0da7724b467f6b48b1	2020-06-17 12:03:05 +0300	2019-12-02 11:28:01 +0300	2019-11-30 13:59:00 +0300	62cf67902c2f48c28059ec3005e4290f	5 GLR Sny240m2		2019 Kasım Kira gecikme bedeli 				n	-20850/100	-20850/100	1970-01-01 02:00:00 +0200
===== END
===== START
C	b2d2e35b80f64bdea0fa43226f58ed69	325e2fc1a3ba4689a161206ee8842f5e	2020-06-17 12:03:05 +0300	2019-12-02 11:28:01 +0300	2019-11-30 13:59:00 +0300	b5c86390d3244c54a84665ddd07f7f17	127 SNY240 Dursun Durmuş		2019 Kasım Kira gecikme bedeli 		15700 3900*1,5% = 208,50		n	20850/100	20850/100	1970-01-01 02:00:00 +0200
C	b2d2e35b80f64bdea0fa43226f58ed69	0a2ebde8a8be4d0da7724b467f6b48b1	2020-06-17 12:03:05 +0300	2019-12-02 11:28:01 +0300	2019-11-30 13:59:00 +0300	62cf67902c2f48c28059ec3005e4290f	5 GLR Sny240m2		2019 Kasım Kira gecikme bedeli 				n	-20850/100	-20850/100	1970-01-01 02:00:00 +0200
===== END
===== START
B	b2d2e35b80f64bdea0fa43226f58ed69	325e2fc1a3ba4689a161206ee8842f5e	2020-06-17 12:03:47 +0300	2019-12-02 11:28:01 +0300	2019-11-30 13:59:00 +0300	b5c86390d3244c54a84665ddd07f7f17	127 SNY240 Dursun Durmuş		2019 Kasım Kira gecikme bedeli 		15700 3900*1,5% = 208,50		n	20850/100	20850/100	1970-01-01 02:00:00 +0200
B	b2d2e35b80f64bdea0fa43226f58ed69	0a2ebde8a8be4d0da7724b467f6b48b1	2020-06-17 12:03:47 +0300	2019-12-02 11:28:01 +0300	2019-11-30 13:59:00 +0300	62cf67902c2f48c28059ec3005e4290f	5 GLR Sny240m2		2019 Kasım Kira gecikme bedeli 				n	-20850/100	-20850/100	1970-01-01 02:00:00 +0200
===== END
===== START
C	b2d2e35b80f64bdea0fa43226f58ed69	325e2fc1a3ba4689a161206ee8842f5e	2020-06-17 12:03:47 +0300	2019-12-02 11:28:01 +0300	2019-11-30 13:59:00 +0300	b5c86390d3244c54a84665ddd07f7f17	127 SNY240 Dursun Durmuş		2019 Kasım Kira gecikme bedeli 		15700 * kasım tüfe 22,58% 		n	20850/100	20850/100	1970-01-01 02:00:00 +0200
C	b2d2e35b80f64bdea0fa43226f58ed69	0a2ebde8a8be4d0da7724b467f6b48b1	2020-06-17 12:03:47 +0300	2019-12-02 11:28:01 +0300	2019-11-30 13:59:00 +0300	62cf67902c2f48c28059ec3005e4290f	5 GLR Sny240m2		2019 Kasım Kira gecikme bedeli 				n	-20850/100	-20850/100	1970-01-01 02:00:00 +0200
===== END
===== START
B	b2d2e35b80f64bdea0fa43226f58ed69	325e2fc1a3ba4689a161206ee8842f5e	2020-06-17 12:03:53 +0300	2019-12-02 11:28:01 +0300	2019-11-30 13:59:00 +0300	b5c86390d3244c54a84665ddd07f7f17	127 SNY240 Dursun Durmuş		2019 Kasım Kira gecikme bedeli 		15700 * kasım tüfe 22,58% 		n	20850/100	20850/100	1970-01-01 02:00:00 +0200
B	b2d2e35b80f64bdea0fa43226f58ed69	0a2ebde8a8be4d0da7724b467f6b48b1	2020-06-17 12:03:53 +0300	2019-12-02 11:28:01 +0300	2019-11-30 13:59:00 +0300	62cf67902c2f48c28059ec3005e4290f	5 GLR Sny240m2		2019 Kasım Kira gecikme bedeli 				n	-20850/100	-20850/100	1970-01-01 02:00:00 +0200
===== END
===== START
C	b2d2e35b80f64bdea0fa43226f58ed69	325e2fc1a3ba4689a161206ee8842f5e	2020-06-17 12:03:53 +0300	2019-12-02 11:28:01 +0300	2019-11-30 13:59:00 +0300	b5c86390d3244c54a84665ddd07f7f17	127 SNY240 Dursun Durmuş		2019 Kasım Kira gecikme bedeli 		15700 * kasım tüfe 22,58% 		n	29195/100	29195/100	1970-01-01 02:00:00 +0200
C	b2d2e35b80f64bdea0fa43226f58ed69	0a2ebde8a8be4d0da7724b467f6b48b1	2020-06-17 12:03:53 +0300	2019-12-02 11:28:01 +0300	2019-11-30 13:59:00 +0300	62cf67902c2f48c28059ec3005e4290f	5 GLR Sny240m2		2019 Kasım Kira gecikme bedeli 				n	-29195/100	-29195/100	1970-01-01 02:00:00 +0200
===== END
===== START
B	8c216e7c025245d1b442de365d15599c	307857859f4945b3bf273cfba519e37f	2020-06-17 12:04:22 +0300	2019-12-02 12:27:58 +0300	2019-12-01 13:59:00 +0300	b5c86390d3244c54a84665ddd07f7f17	127 SNY240 Dursun Durmuş		2019 Aralık Kira gecikme bedeli 				n	20850/100	20850/100	1970-01-01 02:00:00 +0200
B	8c216e7c025245d1b442de365d15599c	04efecc7be524046bd9ae997dfef7bf2	2020-06-17 12:04:22 +0300	2019-12-02 12:27:58 +0300	2019-12-01 13:59:00 +0300	62cf67902c2f48c28059ec3005e4290f	5 GLR Sny240m2		2019 Aralık Kira gecikme bedeli 				n	-20850/100	-20850/100	1970-01-01 02:00:00 +0200
===== END
===== START
C	8c216e7c025245d1b442de365d15599c	307857859f4945b3bf273cfba519e37f	2020-06-17 12:04:22 +0300	2019-12-02 12:27:58 +0300	2019-12-01 13:59:00 +0300	b5c86390d3244c54a84665ddd07f7f17	127 SNY240 Dursun Durmuş		2019 Aralık Kira gecikme bedeli 		15700 * aralık tüfe 15,18% 		n	20850/100	20850/100	1970-01-01 02:00:00 +0200
C	8c216e7c025245d1b442de365d15599c	04efecc7be524046bd9ae997dfef7bf2	2020-06-17 12:04:22 +0300	2019-12-02 12:27:58 +0300	2019-12-01 13:59:00 +0300	62cf67902c2f48c28059ec3005e4290f	5 GLR Sny240m2		2019 Aralık Kira gecikme bedeli 				n	-20850/100	-20850/100	1970-01-01 02:00:00 +0200
===== END
===== START
B	8c216e7c025245d1b442de365d15599c	307857859f4945b3bf273cfba519e37f	2020-06-17 12:04:34 +0300	2019-12-02 12:27:58 +0300	2019-12-01 13:59:00 +0300	b5c86390d3244c54a84665ddd07f7f17	127 SNY240 Dursun Durmuş		2019 Aralık Kira gecikme bedeli 		15700 * aralık tüfe 15,18% 		n	20850/100	20850/100	1970-01-01 02:00:00 +0200
B	8c216e7c025245d1b442de365d15599c	04efecc7be524046bd9ae997dfef7bf2	2020-06-17 12:04:34 +0300	2019-12-02 12:27:58 +0300	2019-12-01 13:59:00 +0300	62cf67902c2f48c28059ec3005e4290f	5 GLR Sny240m2		2019 Aralık Kira gecikme bedeli 				n	-20850/100	-20850/100	1970-01-01 02:00:00 +0200
===== END
===== START
C	8c216e7c025245d1b442de365d15599c	307857859f4945b3bf273cfba519e37f	2020-06-17 12:04:34 +0300	2019-12-02 12:27:58 +0300	2019-12-01 13:59:00 +0300	b5c86390d3244c54a84665ddd07f7f17	127 SNY240 Dursun Durmuş		2019 Aralık Kira gecikme bedeli 		15700 * aralık tüfe 15,18% 		n	19996/100	19996/100	1970-01-01 02:00:00 +0200
C	8c216e7c025245d1b442de365d15599c	04efecc7be524046bd9ae997dfef7bf2	2020-06-17 12:04:34 +0300	2019-12-02 12:27:58 +0300	2019-12-01 13:59:00 +0300	62cf67902c2f48c28059ec3005e4290f	5 GLR Sny240m2		2019 Aralık Kira gecikme bedeli 				n	-19996/100	-19996/100	1970-01-01 02:00:00 +0200
===== END
===== START
B	f948fb84636846faa742e7ef1215f20b	ecfe4ed3ccf2432faf4212b4bc4c397d	2020-06-17 12:06:34 +0300	2019-12-07 17:08:28 +0300	2020-01-01 13:59:00 +0300	b5c86390d3244c54a84665ddd07f7f17	127 SNY240 Dursun Durmuş		2020 Ocak  Kira gecikme bedeli 				n	20850/100	20850/100	1970-01-01 02:00:00 +0200
B	f948fb84636846faa742e7ef1215f20b	3c7bcd40c53448ff90b64e073052c654	2020-06-17 12:06:34 +0300	2019-12-07 17:08:28 +0300	2020-01-01 13:59:00 +0300	62cf67902c2f48c28059ec3005e4290f	5 GLR Sny240m2		2020 Ocak  Kira gecikme bedeli 				n	-20850/100	-20850/100	1970-01-01 02:00:00 +0200
===== END
===== START
C	f948fb84636846faa742e7ef1215f20b	ecfe4ed3ccf2432faf4212b4bc4c397d	2020-06-17 12:06:34 +0300	2019-12-07 17:08:28 +0300	2020-01-01 13:59:00 +0300	b5c86390d3244c54a84665ddd07f7f17	127 SNY240 Dursun Durmuş		2020 Ocak  Kira gecikme bedeli 		17107 x ocak tüfe 17,16%		n	20850/100	20850/100	1970-01-01 02:00:00 +0200
C	f948fb84636846faa742e7ef1215f20b	3c7bcd40c53448ff90b64e073052c654	2020-06-17 12:06:34 +0300	2019-12-07 17:08:28 +0300	2020-01-01 13:59:00 +0300	62cf67902c2f48c28059ec3005e4290f	5 GLR Sny240m2		2020 Ocak  Kira gecikme bedeli 				n	-20850/100	-20850/100	1970-01-01 02:00:00 +0200
===== END
===== START
B	8327d962f6ba482a8a5c03f69fbb7372	08755ac8e9aa4bb0b5f87486f9117b96	2020-06-17 12:06:44 +0300	2020-04-22 13:04:01 +0300	2020-02-01 13:59:00 +0300	b5c86390d3244c54a84665ddd07f7f17	127 SNY240 Dursun Durmuş		2020 Şubat  Kira gecikme bedeli 				n	20850/100	20850/100	1970-01-01 02:00:00 +0200
B	8327d962f6ba482a8a5c03f69fbb7372	5d56dce717524ebb833282dcc08dd316	2020-06-17 12:06:44 +0300	2020-04-22 13:04:01 +0300	2020-02-01 13:59:00 +0300	62cf67902c2f48c28059ec3005e4290f	5 GLR Sny240m2		2020 Şubat  Kira gecikme bedeli 				n	-20850/100	-20850/100	1970-01-01 02:00:00 +0200
===== END
===== START
C	8327d962f6ba482a8a5c03f69fbb7372	08755ac8e9aa4bb0b5f87486f9117b96	2020-06-17 12:06:44 +0300	2020-04-22 13:04:01 +0300	2020-02-01 13:59:00 +0300	b5c86390d3244c54a84665ddd07f7f17	127 SNY240 Dursun Durmuş		2020 Şubat  Kira gecikme bedeli 		17107 x ocak tüfe 17,16%		n	20850/100	20850/100	1970-01-01 02:00:00 +0200
C	8327d962f6ba482a8a5c03f69fbb7372	5d56dce717524ebb833282dcc08dd316	2020-06-17 12:06:44 +0300	2020-04-22 13:04:01 +0300	2020-02-01 13:59:00 +0300	62cf67902c2f48c28059ec3005e4290f	5 GLR Sny240m2		2020 Şubat  Kira gecikme bedeli 				n	-20850/100	-20850/100	1970-01-01 02:00:00 +0200
===== END
===== START
B	41a2278590b7414e9026f942d65a9fd7	055bad7c4c5b49e085f9358fc224a5b2	2020-06-17 12:06:46 +0300	2019-12-07 17:11:09 +0300	2020-03-01 13:59:00 +0300	b5c86390d3244c54a84665ddd07f7f17	127 SNY240 Dursun Durmuş		2020 Mart Kira gecikme bedeli 				n	20850/100	20850/100	1970-01-01 02:00:00 +0200
B	41a2278590b7414e9026f942d65a9fd7	dd6ab70273f843ffa746f602b4274111	2020-06-17 12:06:46 +0300	2019-12-07 17:11:09 +0300	2020-03-01 13:59:00 +0300	62cf67902c2f48c28059ec3005e4290f	5 GLR Sny240m2		2020 Mart Kira gecikme bedeli 				n	-20850/100	-20850/100	1970-01-01 02:00:00 +0200
===== END
===== START
C	41a2278590b7414e9026f942d65a9fd7	055bad7c4c5b49e085f9358fc224a5b2	2020-06-17 12:06:46 +0300	2019-12-07 17:11:09 +0300	2020-03-01 13:59:00 +0300	b5c86390d3244c54a84665ddd07f7f17	127 SNY240 Dursun Durmuş		2020 Mart Kira gecikme bedeli 		17107 x ocak tüfe 17,16%		n	20850/100	20850/100	1970-01-01 02:00:00 +0200
C	41a2278590b7414e9026f942d65a9fd7	dd6ab70273f843ffa746f602b4274111	2020-06-17 12:06:46 +0300	2019-12-07 17:11:09 +0300	2020-03-01 13:59:00 +0300	62cf67902c2f48c28059ec3005e4290f	5 GLR Sny240m2		2020 Mart Kira gecikme bedeli 				n	-20850/100	-20850/100	1970-01-01 02:00:00 +0200
===== END
===== START
B	8327d962f6ba482a8a5c03f69fbb7372	08755ac8e9aa4bb0b5f87486f9117b96	2020-06-17 12:07:00 +0300	2020-04-22 13:04:01 +0300	2020-02-01 13:59:00 +0300	b5c86390d3244c54a84665ddd07f7f17	127 SNY240 Dursun Durmuş		2020 Şubat  Kira gecikme bedeli 		17107 x ocak tüfe 17,16%		n	20850/100	20850/100	1970-01-01 02:00:00 +0200
B	8327d962f6ba482a8a5c03f69fbb7372	5d56dce717524ebb833282dcc08dd316	2020-06-17 12:07:00 +0300	2020-04-22 13:04:01 +0300	2020-02-01 13:59:00 +0300	62cf67902c2f48c28059ec3005e4290f	5 GLR Sny240m2		2020 Şubat  Kira gecikme bedeli 				n	-20850/100	-20850/100	1970-01-01 02:00:00 +0200
===== END
===== START
C	8327d962f6ba482a8a5c03f69fbb7372	08755ac8e9aa4bb0b5f87486f9117b96	2020-06-17 12:07:00 +0300	2020-04-22 13:04:01 +0300	2020-02-01 13:59:00 +0300	b5c86390d3244c54a84665ddd07f7f17	127 SNY240 Dursun Durmuş		2020 Şubat  Kira gecikme bedeli 		17107 x şubat tüfe 13,94%		n	20850/100	20850/100	1970-01-01 02:00:00 +0200
C	8327d962f6ba482a8a5c03f69fbb7372	5d56dce717524ebb833282dcc08dd316	2020-06-17 12:07:00 +0300	2020-04-22 13:04:01 +0300	2020-02-01 13:59:00 +0300	62cf67902c2f48c28059ec3005e4290f	5 GLR Sny240m2		2020 Şubat  Kira gecikme bedeli 				n	-20850/100	-20850/100	1970-01-01 02:00:00 +0200
===== END
===== START
B	41a2278590b7414e9026f942d65a9fd7	055bad7c4c5b49e085f9358fc224a5b2	2020-06-17 12:07:15 +0300	2019-12-07 17:11:09 +0300	2020-03-01 13:59:00 +0300	b5c86390d3244c54a84665ddd07f7f17	127 SNY240 Dursun Durmuş		2020 Mart Kira gecikme bedeli 		17107 x ocak tüfe 17,16%		n	20850/100	20850/100	1970-01-01 02:00:00 +0200
B	41a2278590b7414e9026f942d65a9fd7	dd6ab70273f843ffa746f602b4274111	2020-06-17 12:07:15 +0300	2019-12-07 17:11:09 +0300	2020-03-01 13:59:00 +0300	62cf67902c2f48c28059ec3005e4290f	5 GLR Sny240m2		2020 Mart Kira gecikme bedeli 				n	-20850/100	-20850/100	1970-01-01 02:00:00 +0200
===== END
===== START
C	41a2278590b7414e9026f942d65a9fd7	055bad7c4c5b49e085f9358fc224a5b2	2020-06-17 12:07:15 +0300	2019-12-07 17:11:09 +0300	2020-03-01 13:59:00 +0300	b5c86390d3244c54a84665ddd07f7f17	127 SNY240 Dursun Durmuş		2020 Mart Kira gecikme bedeli 		17107 x şubat tüfe 13,33%		n	20850/100	20850/100	1970-01-01 02:00:00 +0200
C	41a2278590b7414e9026f942d65a9fd7	dd6ab70273f843ffa746f602b4274111	2020-06-17 12:07:15 +0300	2019-12-07 17:11:09 +0300	2020-03-01 13:59:00 +0300	62cf67902c2f48c28059ec3005e4290f	5 GLR Sny240m2		2020 Mart Kira gecikme bedeli 				n	-20850/100	-20850/100	1970-01-01 02:00:00 +0200
===== END
===== START
B	f948fb84636846faa742e7ef1215f20b	ecfe4ed3ccf2432faf4212b4bc4c397d	2020-06-17 12:07:28 +0300	2019-12-07 17:08:28 +0300	2020-01-01 13:59:00 +0300	b5c86390d3244c54a84665ddd07f7f17	127 SNY240 Dursun Durmuş		2020 Ocak  Kira gecikme bedeli 		17107 x ocak tüfe 17,16%		n	20850/100	20850/100	1970-01-01 02:00:00 +0200
B	f948fb84636846faa742e7ef1215f20b	3c7bcd40c53448ff90b64e073052c654	2020-06-17 12:07:28 +0300	2019-12-07 17:08:28 +0300	2020-01-01 13:59:00 +0300	62cf67902c2f48c28059ec3005e4290f	5 GLR Sny240m2		2020 Ocak  Kira gecikme bedeli 				n	-20850/100	-20850/100	1970-01-01 02:00:00 +0200
===== END
===== START
C	f948fb84636846faa742e7ef1215f20b	ecfe4ed3ccf2432faf4212b4bc4c397d	2020-06-17 12:07:28 +0300	2019-12-07 17:08:28 +0300	2020-01-01 13:59:00 +0300	b5c86390d3244c54a84665ddd07f7f17	127 SNY240 Dursun Durmuş		2020 Ocak  Kira gecikme bedeli 		17107 x ocak tüfe 17,16%		n	24464/100	24464/100	1970-01-01 02:00:00 +0200
C	f948fb84636846faa742e7ef1215f20b	3c7bcd40c53448ff90b64e073052c654	2020-06-17 12:07:28 +0300	2019-12-07 17:08:28 +0300	2020-01-01 13:59:00 +0300	62cf67902c2f48c28059ec3005e4290f	5 GLR Sny240m2		2020 Ocak  Kira gecikme bedeli 				n	-24464/100	-24464/100	1970-01-01 02:00:00 +0200
===== END
===== START
B	8327d962f6ba482a8a5c03f69fbb7372	08755ac8e9aa4bb0b5f87486f9117b96	2020-06-17 12:07:33 +0300	2020-04-22 13:04:01 +0300	2020-02-01 13:59:00 +0300	b5c86390d3244c54a84665ddd07f7f17	127 SNY240 Dursun Durmuş		2020 Şubat  Kira gecikme bedeli 		17107 x şubat tüfe 13,94%		n	20850/100	20850/100	1970-01-01 02:00:00 +0200
B	8327d962f6ba482a8a5c03f69fbb7372	5d56dce717524ebb833282dcc08dd316	2020-06-17 12:07:33 +0300	2020-04-22 13:04:01 +0300	2020-02-01 13:59:00 +0300	62cf67902c2f48c28059ec3005e4290f	5 GLR Sny240m2		2020 Şubat  Kira gecikme bedeli 				n	-20850/100	-20850/100	1970-01-01 02:00:00 +0200
===== END
===== START
C	8327d962f6ba482a8a5c03f69fbb7372	08755ac8e9aa4bb0b5f87486f9117b96	2020-06-17 12:07:33 +0300	2020-04-22 13:04:01 +0300	2020-02-01 13:59:00 +0300	b5c86390d3244c54a84665ddd07f7f17	127 SNY240 Dursun Durmuş		2020 Şubat  Kira gecikme bedeli 		17107 x şubat tüfe 13,94%		n	19873/100	19873/100	1970-01-01 02:00:00 +0200
C	8327d962f6ba482a8a5c03f69fbb7372	5d56dce717524ebb833282dcc08dd316	2020-06-17 12:07:33 +0300	2020-04-22 13:04:01 +0300	2020-02-01 13:59:00 +0300	62cf67902c2f48c28059ec3005e4290f	5 GLR Sny240m2		2020 Şubat  Kira gecikme bedeli 				n	-19873/100	-19873/100	1970-01-01 02:00:00 +0200
===== END
===== START
B	41a2278590b7414e9026f942d65a9fd7	055bad7c4c5b49e085f9358fc224a5b2	2020-06-17 12:07:38 +0300	2019-12-07 17:11:09 +0300	2020-03-01 13:59:00 +0300	b5c86390d3244c54a84665ddd07f7f17	127 SNY240 Dursun Durmuş		2020 Mart Kira gecikme bedeli 		17107 x şubat tüfe 13,33%		n	20850/100	20850/100	1970-01-01 02:00:00 +0200
B	41a2278590b7414e9026f942d65a9fd7	dd6ab70273f843ffa746f602b4274111	2020-06-17 12:07:38 +0300	2019-12-07 17:11:09 +0300	2020-03-01 13:59:00 +0300	62cf67902c2f48c28059ec3005e4290f	5 GLR Sny240m2		2020 Mart Kira gecikme bedeli 				n	-20850/100	-20850/100	1970-01-01 02:00:00 +0200
===== END
===== START
C	41a2278590b7414e9026f942d65a9fd7	055bad7c4c5b49e085f9358fc224a5b2	2020-06-17 12:07:38 +0300	2019-12-07 17:11:09 +0300	2020-03-01 13:59:00 +0300	b5c86390d3244c54a84665ddd07f7f17	127 SNY240 Dursun Durmuş		2020 Mart Kira gecikme bedeli 		17107 x şubat tüfe 13,33%		n	19003/100	19003/100	1970-01-01 02:00:00 +0200
C	41a2278590b7414e9026f942d65a9fd7	dd6ab70273f843ffa746f602b4274111	2020-06-17 12:07:38 +0300	2019-12-07 17:11:09 +0300	2020-03-01 13:59:00 +0300	62cf67902c2f48c28059ec3005e4290f	5 GLR Sny240m2		2020 Mart Kira gecikme bedeli 				n	-19003/100	-19003/100	1970-01-01 02:00:00 +0200
===== END
===== START
B	4010e1a6cc204a04a274adb8aee5863a	5a94f80ce4f24725988bbac2a64c748f	2020-06-17 12:08:58 +0300	2020-04-22 12:52:49 +0300	2020-04-01 13:59:00 +0300	b5c86390d3244c54a84665ddd07f7f17	127 SNY240 Dursun Durmuş		2020 Mayıs Kira gecikme bedeli 		13900 - 5000 = 8900 *1,5 % = 133,50		n	13350/100	13350/100	1970-01-01 02:00:00 +0200
B	4010e1a6cc204a04a274adb8aee5863a	4b0e9f886457416f8fa62d78afeed9b9	2020-06-17 12:08:58 +0300	2020-04-22 12:52:49 +0300	2020-04-01 13:59:00 +0300	62cf67902c2f48c28059ec3005e4290f	5 GLR Sny240m2		2020 Mayıs Kira gecikme bedeli 				n	-13350/100	-13350/100	1970-01-01 02:00:00 +0200
===== END
===== START
C	4010e1a6cc204a04a274adb8aee5863a	5a94f80ce4f24725988bbac2a64c748f	2020-06-17 12:08:58 +0300	2020-04-22 12:52:49 +0300	2020-04-01 13:59:00 +0300	b5c86390d3244c54a84665ddd07f7f17	127 SNY240 Dursun Durmuş		2020 Mayıs Kira gecikme bedeli 		12740 * nisan tüfe 12,66 % 		n	13350/100	13350/100	1970-01-01 02:00:00 +0200
C	4010e1a6cc204a04a274adb8aee5863a	4b0e9f886457416f8fa62d78afeed9b9	2020-06-17 12:08:58 +0300	2020-04-22 12:52:49 +0300	2020-04-01 13:59:00 +0300	62cf67902c2f48c28059ec3005e4290f	5 GLR Sny240m2		2020 Mayıs Kira gecikme bedeli 				n	-13350/100	-13350/100	1970-01-01 02:00:00 +0200
===== END
===== START
B	4010e1a6cc204a04a274adb8aee5863a	5a94f80ce4f24725988bbac2a64c748f	2020-06-17 12:09:08 +0300	2020-04-22 12:52:49 +0300	2020-04-01 13:59:00 +0300	b5c86390d3244c54a84665ddd07f7f17	127 SNY240 Dursun Durmuş		2020 Mayıs Kira gecikme bedeli 		12740 * nisan tüfe 12,66 % 		n	13350/100	13350/100	1970-01-01 02:00:00 +0200
B	4010e1a6cc204a04a274adb8aee5863a	4b0e9f886457416f8fa62d78afeed9b9	2020-06-17 12:09:08 +0300	2020-04-22 12:52:49 +0300	2020-04-01 13:59:00 +0300	62cf67902c2f48c28059ec3005e4290f	5 GLR Sny240m2		2020 Mayıs Kira gecikme bedeli 				n	-13350/100	-13350/100	1970-01-01 02:00:00 +0200
===== END
===== START
C	4010e1a6cc204a04a274adb8aee5863a	5a94f80ce4f24725988bbac2a64c748f	2020-06-17 12:09:08 +0300	2020-04-22 12:52:49 +0300	2020-04-01 13:59:00 +0300	b5c86390d3244c54a84665ddd07f7f17	127 SNY240 Dursun Durmuş		2020 Mayıs Kira gecikme bedeli 		12740 * nisan tüfe 12,66 % 		n	13442/100	13442/100	1970-01-01 02:00:00 +0200
C	4010e1a6cc204a04a274adb8aee5863a	4b0e9f886457416f8fa62d78afeed9b9	2020-06-17 12:09:08 +0300	2020-04-22 12:52:49 +0300	2020-04-01 13:59:00 +0300	62cf67902c2f48c28059ec3005e4290f	5 GLR Sny240m2		2020 Mayıs Kira gecikme bedeli 				n	-13442/100	-13442/100	1970-01-01 02:00:00 +0200
===== END
===== START
B	5a3c4a83682349ff9256f49c580f0a77	00ff9fea503a47b4b220bebc601b1689	2020-06-17 12:09:19 +0300	2020-04-22 12:55:21 +0300	2020-04-02 13:59:00 +0300	b5c86390d3244c54a84665ddd07f7f17	127 SNY240 Dursun Durmuş						n	0/100	0/100	1970-01-01 02:00:00 +0200
===== END
===== START
C	5a3c4a83682349ff9256f49c580f0a77	00ff9fea503a47b4b220bebc601b1689	2020-06-17 12:09:19 +0300	2020-04-22 12:55:21 +0300	2020-05-30 13:59:00 +0300	b5c86390d3244c54a84665ddd07f7f17	127 SNY240 Dursun Durmuş						n	0/100	0/100	1970-01-01 02:00:00 +0200
===== END
===== START
C	65fc297221c14f2caa47fe761b1e239e	60221b1eb1004e3ba8738e637c0cbce3	2020-06-17 12:09:22 +0300	2020-06-17 12:09:22 +0300	2020-06-30 13:59:00 +0300	b5c86390d3244c54a84665ddd07f7f17	127 SNY240 Dursun Durmuş						n	0/100	0/100	1970-01-01 02:00:00 +0200
===== END
===== START
===== END
===== START
B	5a3c4a83682349ff9256f49c580f0a77	00ff9fea503a47b4b220bebc601b1689	2020-06-17 12:09:38 +0300	2020-04-22 12:55:21 +0300	2020-05-30 13:59:00 +0300	b5c86390d3244c54a84665ddd07f7f17	127 SNY240 Dursun Durmuş						n	0/100	0/100	1970-01-01 02:00:00 +0200
===== END
===== START
C	5a3c4a83682349ff9256f49c580f0a77	00ff9fea503a47b4b220bebc601b1689	2020-06-17 12:09:38 +0300	2020-04-22 12:55:21 +0300	2020-05-30 13:59:00 +0300	b5c86390d3244c54a84665ddd07f7f17	127 SNY240 Dursun Durmuş		2020 Mayıs Kira gecikme bedeli 				n	0/100	0/100	1970-01-01 02:00:00 +0200
===== END
===== START
B	65fc297221c14f2caa47fe761b1e239e	60221b1eb1004e3ba8738e637c0cbce3	2020-06-17 12:09:41 +0300	2020-06-17 12:09:22 +0300	2020-06-30 13:59:00 +0300	b5c86390d3244c54a84665ddd07f7f17	127 SNY240 Dursun Durmuş						n	0/100	0/100	1970-01-01 02:00:00 +0200
===== END
===== START
C	65fc297221c14f2caa47fe761b1e239e	60221b1eb1004e3ba8738e637c0cbce3	2020-06-17 12:09:41 +0300	2020-06-17 12:09:22 +0300	2020-06-30 13:59:00 +0300	b5c86390d3244c54a84665ddd07f7f17	127 SNY240 Dursun Durmuş		2020 Mayıs Kira gecikme bedeli 				n	0/100	0/100	1970-01-01 02:00:00 +0200
===== END
===== START
B	4010e1a6cc204a04a274adb8aee5863a	5a94f80ce4f24725988bbac2a64c748f	2020-06-17 12:10:02 +0300	2020-04-22 12:52:49 +0300	2020-04-01 13:59:00 +0300	b5c86390d3244c54a84665ddd07f7f17	127 SNY240 Dursun Durmuş		2020 Mayıs Kira gecikme bedeli 		12740 * nisan tüfe 12,66 % 		n	13442/100	13442/100	1970-01-01 02:00:00 +0200
B	4010e1a6cc204a04a274adb8aee5863a	4b0e9f886457416f8fa62d78afeed9b9	2020-06-17 12:10:02 +0300	2020-04-22 12:52:49 +0300	2020-04-01 13:59:00 +0300	62cf67902c2f48c28059ec3005e4290f	5 GLR Sny240m2		2020 Mayıs Kira gecikme bedeli 				n	-13442/100	-13442/100	1970-01-01 02:00:00 +0200
===== END
===== START
C	4010e1a6cc204a04a274adb8aee5863a	5a94f80ce4f24725988bbac2a64c748f	2020-06-17 12:10:02 +0300	2020-04-22 12:52:49 +0300	2020-04-01 13:59:00 +0300	b5c86390d3244c54a84665ddd07f7f17	127 SNY240 Dursun Durmuş		2020 Mayıs Kira gecikme bedeli 		12740 * nisan tüfe 12,66 % 		n	13442/100	13442/100	1970-01-01 02:00:00 +0200
C	4010e1a6cc204a04a274adb8aee5863a	4b0e9f886457416f8fa62d78afeed9b9	2020-06-17 12:10:02 +0300	2020-04-22 12:52:49 +0300	2020-04-01 13:59:00 +0300	62cf67902c2f48c28059ec3005e4290f	5 GLR Sny240m2		2020 Mayıs Kira gecikme bedeli 				n	-13442/100	-13442/100	1970-01-01 02:00:00 +0200
===== END
===== START
B	4010e1a6cc204a04a274adb8aee5863a	5a94f80ce4f24725988bbac2a64c748f	2020-06-17 12:10:11 +0300	2020-04-22 12:52:49 +0300	2020-04-01 13:59:00 +0300	b5c86390d3244c54a84665ddd07f7f17	127 SNY240 Dursun Durmuş		2020 Mayıs Kira gecikme bedeli 		12740 * nisan tüfe 12,66 % 		n	13442/100	13442/100	1970-01-01 02:00:00 +0200
B	4010e1a6cc204a04a274adb8aee5863a	4b0e9f886457416f8fa62d78afeed9b9	2020-06-17 12:10:11 +0300	2020-04-22 12:52:49 +0300	2020-04-01 13:59:00 +0300	62cf67902c2f48c28059ec3005e4290f	5 GLR Sny240m2		2020 Mayıs Kira gecikme bedeli 				n	-13442/100	-13442/100	1970-01-01 02:00:00 +0200
===== END
===== START
C	4010e1a6cc204a04a274adb8aee5863a	5a94f80ce4f24725988bbac2a64c748f	2020-06-17 12:10:11 +0300	2020-04-22 12:52:49 +0300	2020-04-30 13:59:00 +0300	b5c86390d3244c54a84665ddd07f7f17	127 SNY240 Dursun Durmuş		2020 Mayıs Kira gecikme bedeli 		12740 * nisan tüfe 12,66 % 		n	13442/100	13442/100	1970-01-01 02:00:00 +0200
C	4010e1a6cc204a04a274adb8aee5863a	4b0e9f886457416f8fa62d78afeed9b9	2020-06-17 12:10:11 +0300	2020-04-22 12:52:49 +0300	2020-04-30 13:59:00 +0300	62cf67902c2f48c28059ec3005e4290f	5 GLR Sny240m2		2020 Mayıs Kira gecikme bedeli 				n	-13442/100	-13442/100	1970-01-01 02:00:00 +0200
===== END
===== START
B	4010e1a6cc204a04a274adb8aee5863a	5a94f80ce4f24725988bbac2a64c748f	2020-06-17 12:10:26 +0300	2020-04-22 12:52:49 +0300	2020-04-30 13:59:00 +0300	b5c86390d3244c54a84665ddd07f7f17	127 SNY240 Dursun Durmuş		2020 Mayıs Kira gecikme bedeli 		12740 * nisan tüfe 12,66 % 		n	13442/100	13442/100	1970-01-01 02:00:00 +0200
B	4010e1a6cc204a04a274adb8aee5863a	4b0e9f886457416f8fa62d78afeed9b9	2020-06-17 12:10:26 +0300	2020-04-22 12:52:49 +0300	2020-04-30 13:59:00 +0300	62cf67902c2f48c28059ec3005e4290f	5 GLR Sny240m2		2020 Mayıs Kira gecikme bedeli 				n	-13442/100	-13442/100	1970-01-01 02:00:00 +0200
===== END
===== START
C	4010e1a6cc204a04a274adb8aee5863a	5a94f80ce4f24725988bbac2a64c748f	2020-06-17 12:10:26 +0300	2020-04-22 12:52:49 +0300	2020-04-30 13:59:00 +0300	b5c86390d3244c54a84665ddd07f7f17	127 SNY240 Dursun Durmuş		2020 Nisan Kira gecikme bedeli 		12740 * nisan tüfe 12,66 % 		n	13442/100	13442/100	1970-01-01 02:00:00 +0200
C	4010e1a6cc204a04a274adb8aee5863a	4b0e9f886457416f8fa62d78afeed9b9	2020-06-17 12:10:26 +0300	2020-04-22 12:52:49 +0300	2020-04-30 13:59:00 +0300	62cf67902c2f48c28059ec3005e4290f	5 GLR Sny240m2		2020 Nisan Kira gecikme bedeli 				n	-13442/100	-13442/100	1970-01-01 02:00:00 +0200
===== END
===== START
B	5a3c4a83682349ff9256f49c580f0a77	00ff9fea503a47b4b220bebc601b1689	2020-06-17 12:10:50 +0300	2020-04-22 12:55:21 +0300	2020-05-30 13:59:00 +0300	b5c86390d3244c54a84665ddd07f7f17	127 SNY240 Dursun Durmuş		2020 Mayıs Kira gecikme bedeli 				n	0/100	0/100	1970-01-01 02:00:00 +0200
===== END
===== START
C	5a3c4a83682349ff9256f49c580f0a77	00ff9fea503a47b4b220bebc601b1689	2020-06-17 12:10:50 +0300	2020-04-22 12:55:21 +0300	2020-05-30 13:59:00 +0300	b5c86390d3244c54a84665ddd07f7f17	127 SNY240 Dursun Durmuş		2020 Mayıs Kira gecikme bedeli 		12740 * nisan tüfe 12,66 % 		n	0/100	0/100	1970-01-01 02:00:00 +0200
===== END
===== START
B	65fc297221c14f2caa47fe761b1e239e	60221b1eb1004e3ba8738e637c0cbce3	2020-06-17 12:10:51 +0300	2020-06-17 12:09:22 +0300	2020-06-30 13:59:00 +0300	b5c86390d3244c54a84665ddd07f7f17	127 SNY240 Dursun Durmuş		2020 Mayıs Kira gecikme bedeli 				n	0/100	0/100	1970-01-01 02:00:00 +0200
===== END
===== START
C	65fc297221c14f2caa47fe761b1e239e	60221b1eb1004e3ba8738e637c0cbce3	2020-06-17 12:10:51 +0300	2020-06-17 12:09:22 +0300	2020-06-30 13:59:00 +0300	b5c86390d3244c54a84665ddd07f7f17	127 SNY240 Dursun Durmuş		2020 Mayıs Kira gecikme bedeli 		12740 * nisan tüfe 12,66 % 		n	0/100	0/100	1970-01-01 02:00:00 +0200
===== END
===== START
B	5a3c4a83682349ff9256f49c580f0a77	00ff9fea503a47b4b220bebc601b1689	2020-06-17 12:11:08 +0300	2020-04-22 12:55:21 +0300	2020-05-30 13:59:00 +0300	b5c86390d3244c54a84665ddd07f7f17	127 SNY240 Dursun Durmuş		2020 Mayıs Kira gecikme bedeli 		12740 * nisan tüfe 12,66 % 		n	0/100	0/100	1970-01-01 02:00:00 +0200
===== END
===== START
C	5a3c4a83682349ff9256f49c580f0a77	00ff9fea503a47b4b220bebc601b1689	2020-06-17 12:11:08 +0300	2020-04-22 12:55:21 +0300	2020-05-30 13:59:00 +0300	b5c86390d3244c54a84665ddd07f7f17	127 SNY240 Dursun Durmuş		2020 Mayıs Kira gecikme bedeli 		12740 * mayıs tüfe 12,1 % 		n	0/100	0/100	1970-01-01 02:00:00 +0200
===== END
===== START
B	65fc297221c14f2caa47fe761b1e239e	60221b1eb1004e3ba8738e637c0cbce3	2020-06-17 12:12:10 +0300	2020-06-17 12:09:22 +0300	2020-06-30 13:59:00 +0300	b5c86390d3244c54a84665ddd07f7f17	127 SNY240 Dursun Durmuş		2020 Mayıs Kira gecikme bedeli 		12740 * nisan tüfe 12,66 % 		n	0/100	0/100	1970-01-01 02:00:00 +0200
===== END
===== START
C	65fc297221c14f2caa47fe761b1e239e	60221b1eb1004e3ba8738e637c0cbce3	2020-06-17 12:12:10 +0300	2020-06-17 12:09:22 +0300	2020-06-30 13:59:00 +0300	b5c86390d3244c54a84665ddd07f7f17	127 SNY240 Dursun Durmuş		2020 haziran Kira gecikme bedeli 		12740 * haziran tüfe 12,1 % 		n	12846/100	12846/100	1970-01-01 02:00:00 +0200
C	65fc297221c14f2caa47fe761b1e239e	9bffde884d6944478cb09c92b90da60b	2020-06-17 12:12:10 +0300	2020-06-17 12:09:22 +0300	2020-06-30 13:59:00 +0300	3a63f12134c244fa86b69fbbccbba3e0	Açık-TRY		2020 haziran Kira gecikme bedeli 				n	-12846/100	-12846/100	1970-01-01 02:00:00 +0200
===== END
===== START
B	65fc297221c14f2caa47fe761b1e239e	60221b1eb1004e3ba8738e637c0cbce3	2020-06-17 12:12:24 +0300	2020-06-17 12:09:22 +0300	2020-06-30 13:59:00 +0300	b5c86390d3244c54a84665ddd07f7f17	127 SNY240 Dursun Durmuş		2020 haziran Kira gecikme bedeli 		12740 * haziran tüfe 12,1 % 		n	12846/100	12846/100	1970-01-01 02:00:00 +0200
B	65fc297221c14f2caa47fe761b1e239e	9bffde884d6944478cb09c92b90da60b	2020-06-17 12:12:24 +0300	2020-06-17 12:09:22 +0300	2020-06-30 13:59:00 +0300	3a63f12134c244fa86b69fbbccbba3e0	Açık-TRY		2020 haziran Kira gecikme bedeli 				n	-12846/100	-12846/100	1970-01-01 02:00:00 +0200
===== END
===== START
C	65fc297221c14f2caa47fe761b1e239e	60221b1eb1004e3ba8738e637c0cbce3	2020-06-17 12:12:24 +0300	2020-06-17 12:09:22 +0300	2020-06-30 13:59:00 +0300	b5c86390d3244c54a84665ddd07f7f17	127 SNY240 Dursun Durmuş		2020 haziran Kira gecikme bedeli 		12740 * haziran tüfe 12,1 % 		n	12846/100	12846/100	1970-01-01 02:00:00 +0200
C	65fc297221c14f2caa47fe761b1e239e	9bffde884d6944478cb09c92b90da60b	2020-06-17 12:12:24 +0300	2020-06-17 12:09:22 +0300	2020-06-30 13:59:00 +0300	62cf67902c2f48c28059ec3005e4290f	5 GLR Sny240m2		2020 haziran Kira gecikme bedeli 				n	-12846/100	-12846/100	1970-01-01 02:00:00 +0200
===== END
===== START
B	5a3c4a83682349ff9256f49c580f0a77	00ff9fea503a47b4b220bebc601b1689	2020-06-17 12:12:33 +0300	2020-04-22 12:55:21 +0300	2020-05-30 13:59:00 +0300	b5c86390d3244c54a84665ddd07f7f17	127 SNY240 Dursun Durmuş		2020 Mayıs Kira gecikme bedeli 		12740 * mayıs tüfe 12,1 % 		n	0/100	0/100	1970-01-01 02:00:00 +0200
===== END
===== START
C	5a3c4a83682349ff9256f49c580f0a77	00ff9fea503a47b4b220bebc601b1689	2020-06-17 12:12:33 +0300	2020-04-22 12:55:21 +0300	2020-05-30 13:59:00 +0300	b5c86390d3244c54a84665ddd07f7f17	127 SNY240 Dursun Durmuş		2020 Mayıs Kira gecikme bedeli 		12740 * mayıs tüfe 12,1 % 		n	12846/100	12846/100	1970-01-01 02:00:00 +0200
C	5a3c4a83682349ff9256f49c580f0a77	a95eee7dab2942848658ccc61a9bd810	2020-06-17 12:12:33 +0300	2020-04-22 12:55:21 +0300	2020-05-30 13:59:00 +0300	62cf67902c2f48c28059ec3005e4290f	5 GLR Sny240m2		2020 Mayıs Kira gecikme bedeli 				n	-12846/100	-12846/100	1970-01-01 02:00:00 +0200
===== END
===== START
C	e1e45c7bae34437ba0fbea97df876df9	72f5043d76f14d3a8bc8dd7ac44774b8	2020-06-17 12:12:53 +0300	2020-06-17 12:12:53 +0300	2020-05-10 13:59:00 +0300	b5c86390d3244c54a84665ddd07f7f17	127 SNY240 Dursun Durmuş						n	0/100	0/100	1970-01-01 02:00:00 +0200
===== END
===== START
===== END
===== START
C	061e0a739afe496c9158ed6096c0acaa	169e64f8a57549bfb7cd74609b33c954	2020-06-17 12:12:56 +0300	2020-06-17 12:12:56 +0300	2020-06-20 13:59:00 +0300	b5c86390d3244c54a84665ddd07f7f17	127 SNY240 Dursun Durmuş						n	0/100	0/100	1970-01-01 02:00:00 +0200
===== END
===== START
===== END
===== START
B	061e0a739afe496c9158ed6096c0acaa	169e64f8a57549bfb7cd74609b33c954	2020-06-17 12:13:05 +0300	2020-06-17 12:12:56 +0300	2020-06-20 13:59:00 +0300	b5c86390d3244c54a84665ddd07f7f17	127 SNY240 Dursun Durmuş						n	0/100	0/100	1970-01-01 02:00:00 +0200
===== END
===== START
C	061e0a739afe496c9158ed6096c0acaa	169e64f8a57549bfb7cd74609b33c954	2020-06-17 12:13:05 +0300	2020-06-17 12:12:56 +0300	2020-06-10 13:59:00 +0300	b5c86390d3244c54a84665ddd07f7f17	127 SNY240 Dursun Durmuş						n	0/100	0/100	1970-01-01 02:00:00 +0200
===== END
===== START
B	e1e45c7bae34437ba0fbea97df876df9	72f5043d76f14d3a8bc8dd7ac44774b8	2020-06-17 12:13:16 +0300	2020-06-17 12:12:53 +0300	2020-05-10 13:59:00 +0300	b5c86390d3244c54a84665ddd07f7f17	127 SNY240 Dursun Durmuş						n	0/100	0/100	1970-01-01 02:00:00 +0200
===== END
===== START
C	e1e45c7bae34437ba0fbea97df876df9	72f5043d76f14d3a8bc8dd7ac44774b8	2020-06-17 12:13:16 +0300	2020-06-17 12:12:53 +0300	2020-05-10 13:59:00 +0300	b5c86390d3244c54a84665ddd07f7f17	127 SNY240 Dursun Durmuş						n	-25000/100	-25000/100	1970-01-01 02:00:00 +0200
C	e1e45c7bae34437ba0fbea97df876df9	d38b66241a2e4d7391e9a06418342e6b	2020-06-17 12:13:16 +0300	2020-06-17 12:12:53 +0300	2020-05-10 13:59:00 +0300	3a63f12134c244fa86b69fbbccbba3e0	Açık-TRY						n	25000/100	25000/100	1970-01-01 02:00:00 +0200
===== END
===== START
B	061e0a739afe496c9158ed6096c0acaa	169e64f8a57549bfb7cd74609b33c954	2020-06-17 12:13:54 +0300	2020-06-17 12:12:56 +0300	2020-06-10 13:59:00 +0300	b5c86390d3244c54a84665ddd07f7f17	127 SNY240 Dursun Durmuş						n	0/100	0/100	1970-01-01 02:00:00 +0200
===== END
===== START
C	061e0a739afe496c9158ed6096c0acaa	169e64f8a57549bfb7cd74609b33c954	2020-06-17 12:13:54 +0300	2020-06-17 12:12:56 +0300	2020-06-10 13:59:00 +0300	b5c86390d3244c54a84665ddd07f7f17	127 SNY240 Dursun Durmuş						n	-27000/100	-27000/100	1970-01-01 02:00:00 +0200
C	061e0a739afe496c9158ed6096c0acaa	892707f5da63496bb8b54e85c4b81610	2020-06-17 12:13:54 +0300	2020-06-17 12:12:56 +0300	2020-06-10 13:59:00 +0300	3a63f12134c244fa86b69fbbccbba3e0	Açık-TRY						n	27000/100	27000/100	1970-01-01 02:00:00 +0200
===== END
