mod	trans_guid	split_guid	time_now	date_entered	date_posted	acc_guid	acc_name	num	description	notes	memo	action	reconciled	amount	value	date_reconciled
-----------------
===== START
B	d9860e8ffb8a4b53a55552f60a401fcc	405a8a58caa84c6fb0ee1fc68bde6529	2020-06-30 18:29:39 +0300	2020-06-30 18:10:08 +0300	2019-12-31 13:59:00 +0300	95839397af674a06897deec940317c85	4 GLR LA						n	968170/100	968170/100	1970-01-01 02:00:00 +0200
B	d9860e8ffb8a4b53a55552f60a401fcc	70bb47edd80c4085b780f0b252ae51d0	2020-06-30 18:29:39 +0300	2020-06-30 18:10:08 +0300	2019-12-31 13:59:00 +0300	3a63f12134c244fa86b69fbbccbba3e0	Açık-TRY						n	-968170/100	-968170/100	1970-01-01 02:00:00 +0200
===== END
===== START
C	d9860e8ffb8a4b53a55552f60a401fcc	405a8a58caa84c6fb0ee1fc68bde6529	2020-06-30 18:29:39 +0300	2020-06-30 18:10:08 +0300	2019-12-31 13:59:00 +0300	95839397af674a06897deec940317c85	4 GLR LA						n	968170/100	968170/100	1970-01-01 02:00:00 +0200
C	d9860e8ffb8a4b53a55552f60a401fcc	70bb47edd80c4085b780f0b252ae51d0	2020-06-30 18:29:39 +0300	2020-06-30 18:10:08 +0300	2019-12-31 13:59:00 +0300	1cff415040884d0abe67316a4ad829e9	Ort. H.Murat Balcı						n	-968170/100	-968170/100	1970-01-01 02:00:00 +0200
===== END
===== START
C	01e61c4d3d744359b55d9ce2bf0b7f35	92c15c15a140464b9cb7df221f575332	2020-06-30 18:29:47 +0300	2020-06-30 18:29:47 +0300	2019-07-02 13:59:00 +0300	95839397af674a06897deec940317c85	4 GLR LA						n	0/100	0/100	1970-01-01 02:00:00 +0200
===== END
===== START
===== END
===== START
B	01e61c4d3d744359b55d9ce2bf0b7f35	92c15c15a140464b9cb7df221f575332	2020-06-30 18:31:25 +0300	2020-06-30 18:29:47 +0300	2019-07-02 13:59:00 +0300	95839397af674a06897deec940317c85	4 GLR LA						n	0/100	0/100	1970-01-01 02:00:00 +0200
===== END
===== START
C	01e61c4d3d744359b55d9ce2bf0b7f35	92c15c15a140464b9cb7df221f575332	2020-06-30 18:31:25 +0300	2020-06-30 18:29:47 +0300	2019-07-02 13:59:00 +0300	95839397af674a06897deec940317c85	4 GLR LA						n	-186994/100	-186994/100	1970-01-01 02:00:00 +0200
C	01e61c4d3d744359b55d9ce2bf0b7f35	35ca395d602c4bdf9aca1c1ef82cb780	2020-06-30 18:31:25 +0300	2020-06-30 18:29:47 +0300	2019-07-02 13:59:00 +0300	0ae003cb62924aee9156bcb6b1818050	4 Gelir İdaresi						n	186994/100	186994/100	1970-01-01 02:00:00 +0200
===== END
===== START
B	acc84b77a309431ba49be4d435cf68bc	34e551f805aa4fd4ab218c128efad2db	2020-06-30 18:31:48 +0300	2019-11-21 13:07:59 +0300	2019-12-31 13:59:00 +0300	95839397af674a06897deec940317c85	4 GLR LA		2019 LA Kira Geliri 1/4				n	968170/100	968170/100	1970-01-01 02:00:00 +0200
B	acc84b77a309431ba49be4d435cf68bc	782fcf60d20245ee8e7d7bac94caca61	2020-06-30 18:31:48 +0300	2019-11-21 13:07:59 +0300	2019-12-31 13:59:00 +0300	2989cab05ba94d6b9b654d0567780299	Ort. Ayşe Balcı		2019 LA Kira Geliri 1/4				n	-968170/100	-968170/100	1970-01-01 02:00:00 +0200
===== END
===== START
C	acc84b77a309431ba49be4d435cf68bc	34e551f805aa4fd4ab218c128efad2db	2020-06-30 18:31:48 +0300	2019-11-21 13:07:59 +0300	2019-12-31 13:59:00 +0300	95839397af674a06897deec940317c85	4 GLR LA		2019 LA Kira Geliri 1/4				n	1014919/100	1014919/100	1970-01-01 02:00:00 +0200
C	acc84b77a309431ba49be4d435cf68bc	782fcf60d20245ee8e7d7bac94caca61	2020-06-30 18:31:48 +0300	2019-11-21 13:07:59 +0300	2019-12-31 13:59:00 +0300	2989cab05ba94d6b9b654d0567780299	Ort. Ayşe Balcı		2019 LA Kira Geliri 1/4				n	-1014919/100	-1014919/100	1970-01-01 02:00:00 +0200
===== END
===== START
B	8f2f23b1fa9649378c48b49989d26219	07c34282bbf5437e965fd2da93d59830	2020-06-30 18:31:50 +0300	2019-11-21 13:09:15 +0300	2019-12-31 13:59:00 +0300	95839397af674a06897deec940317c85	4 GLR LA		2019 LA Kira Geliri 1/4				n	968170/100	968170/100	1970-01-01 02:00:00 +0200
B	8f2f23b1fa9649378c48b49989d26219	ba8eb9d376564251a7c6e835745a79f0	2020-06-30 18:31:50 +0300	2019-11-21 13:09:15 +0300	2019-12-31 13:59:00 +0300	925040008251457dafaaa28adf28037e	Ort. AB Ls 		2019 LA Kira Geliri 1/4				n	-968170/100	-968170/100	1970-01-01 02:00:00 +0200
===== END
===== START
C	8f2f23b1fa9649378c48b49989d26219	07c34282bbf5437e965fd2da93d59830	2020-06-30 18:31:50 +0300	2019-11-21 13:09:15 +0300	2019-12-31 13:59:00 +0300	95839397af674a06897deec940317c85	4 GLR LA		2019 LA Kira Geliri 1/4				n	1014919/100	1014919/100	1970-01-01 02:00:00 +0200
C	8f2f23b1fa9649378c48b49989d26219	ba8eb9d376564251a7c6e835745a79f0	2020-06-30 18:31:50 +0300	2019-11-21 13:09:15 +0300	2019-12-31 13:59:00 +0300	925040008251457dafaaa28adf28037e	Ort. AB Ls 		2019 LA Kira Geliri 1/4				n	-1014919/100	-1014919/100	1970-01-01 02:00:00 +0200
===== END
===== START
B	174272f4e5f743fd922f37f9c0bca713	747e1d31706b40f787083b012b04b3c7	2020-06-30 18:31:51 +0300	2019-12-07 16:10:05 +0300	2019-12-31 13:59:00 +0300	95839397af674a06897deec940317c85	4 GLR LA		2019 LA Kira Geliri 1/4				n	968170/100	968170/100	1970-01-01 02:00:00 +0200
B	174272f4e5f743fd922f37f9c0bca713	67222c87ccb94c89a65238e8ec296aa2	2020-06-30 18:31:51 +0300	2019-12-07 16:10:05 +0300	2019-12-31 13:59:00 +0300	908c3f6feebf4484990b780afddb8c6d	Ort Ali Balcı		2019 LA Kira Geliri 1/4				n	-968170/100	-968170/100	1970-01-01 02:00:00 +0200
===== END
===== START
C	174272f4e5f743fd922f37f9c0bca713	747e1d31706b40f787083b012b04b3c7	2020-06-30 18:31:51 +0300	2019-12-07 16:10:05 +0300	2019-12-31 13:59:00 +0300	95839397af674a06897deec940317c85	4 GLR LA		2019 LA Kira Geliri 1/4				n	1014919/100	1014919/100	1970-01-01 02:00:00 +0200
C	174272f4e5f743fd922f37f9c0bca713	67222c87ccb94c89a65238e8ec296aa2	2020-06-30 18:31:51 +0300	2019-12-07 16:10:05 +0300	2019-12-31 13:59:00 +0300	908c3f6feebf4484990b780afddb8c6d	Ort Ali Balcı		2019 LA Kira Geliri 1/4				n	-1014919/100	-1014919/100	1970-01-01 02:00:00 +0200
===== END
===== START
B	d9860e8ffb8a4b53a55552f60a401fcc	405a8a58caa84c6fb0ee1fc68bde6529	2020-06-30 18:31:52 +0300	2020-06-30 18:10:08 +0300	2019-12-31 13:59:00 +0300	95839397af674a06897deec940317c85	4 GLR LA						n	968170/100	968170/100	1970-01-01 02:00:00 +0200
B	d9860e8ffb8a4b53a55552f60a401fcc	70bb47edd80c4085b780f0b252ae51d0	2020-06-30 18:31:52 +0300	2020-06-30 18:10:08 +0300	2019-12-31 13:59:00 +0300	1cff415040884d0abe67316a4ad829e9	Ort. H.Murat Balcı						n	-968170/100	-968170/100	1970-01-01 02:00:00 +0200
===== END
===== START
C	d9860e8ffb8a4b53a55552f60a401fcc	405a8a58caa84c6fb0ee1fc68bde6529	2020-06-30 18:31:52 +0300	2020-06-30 18:10:08 +0300	2019-12-31 13:59:00 +0300	95839397af674a06897deec940317c85	4 GLR LA						n	1014919/100	1014919/100	1970-01-01 02:00:00 +0200
C	d9860e8ffb8a4b53a55552f60a401fcc	70bb47edd80c4085b780f0b252ae51d0	2020-06-30 18:31:52 +0300	2020-06-30 18:10:08 +0300	2019-12-31 13:59:00 +0300	1cff415040884d0abe67316a4ad829e9	Ort. H.Murat Balcı						n	-1014919/100	-1014919/100	1970-01-01 02:00:00 +0200
===== END
===== START
B	d9860e8ffb8a4b53a55552f60a401fcc	405a8a58caa84c6fb0ee1fc68bde6529	2020-06-30 18:32:00 +0300	2020-06-30 18:10:08 +0300	2019-12-31 13:59:00 +0300	95839397af674a06897deec940317c85	4 GLR LA						n	1014919/100	1014919/100	1970-01-01 02:00:00 +0200
B	d9860e8ffb8a4b53a55552f60a401fcc	70bb47edd80c4085b780f0b252ae51d0	2020-06-30 18:32:00 +0300	2020-06-30 18:10:08 +0300	2019-12-31 13:59:00 +0300	1cff415040884d0abe67316a4ad829e9	Ort. H.Murat Balcı						n	-1014919/100	-1014919/100	1970-01-01 02:00:00 +0200
===== END
===== START
C	d9860e8ffb8a4b53a55552f60a401fcc	405a8a58caa84c6fb0ee1fc68bde6529	2020-06-30 18:32:00 +0300	2020-06-30 18:10:08 +0300	2019-12-31 13:59:00 +0300	95839397af674a06897deec940317c85	4 GLR LA						n	1014917/100	1014917/100	1970-01-01 02:00:00 +0200
C	d9860e8ffb8a4b53a55552f60a401fcc	70bb47edd80c4085b780f0b252ae51d0	2020-06-30 18:32:00 +0300	2020-06-30 18:10:08 +0300	2019-12-31 13:59:00 +0300	1cff415040884d0abe67316a4ad829e9	Ort. H.Murat Balcı						n	-1014917/100	-1014917/100	1970-01-01 02:00:00 +0200
===== END
===== START
===== END
===== START
C	7fbd44d5de7243d1a50dc9a366c6b044	502121cebcc64a4089796ac063328a66	2020-06-30 18:33:39 +0300	2020-06-30 18:33:39 +0300	2020-06-30 13:59:00 +0300	333ae359fa0b4d08a3ef594046b60f63	1 GLR DGS 						n	0/100	0/100	1970-01-01 02:00:00 +0200
C	7fbd44d5de7243d1a50dc9a366c6b044	f1c2e9ad21e041b484cf93b40406adae	2020-06-30 18:33:39 +0300	2020-06-30 18:33:39 +0300	2020-06-30 13:59:00 +0300	deabaef30fc841ac9337e26a874ae856	100 KASA Nakit						n	0/100	0/100	1970-01-01 02:00:00 +0200
===== END
===== START
===== END
===== START
B	7fbd44d5de7243d1a50dc9a366c6b044	502121cebcc64a4089796ac063328a66	2020-06-30 18:33:57 +0300	2020-06-30 18:33:39 +0300	2020-06-30 13:59:00 +0300	333ae359fa0b4d08a3ef594046b60f63	1 GLR DGS 						n	0/100	0/100	1970-01-01 02:00:00 +0200
B	7fbd44d5de7243d1a50dc9a366c6b044	f1c2e9ad21e041b484cf93b40406adae	2020-06-30 18:33:57 +0300	2020-06-30 18:33:39 +0300	2020-06-30 13:59:00 +0300	deabaef30fc841ac9337e26a874ae856	100 KASA Nakit						n	0/100	0/100	1970-01-01 02:00:00 +0200
===== END
===== START
C	7fbd44d5de7243d1a50dc9a366c6b044	502121cebcc64a4089796ac063328a66	2020-06-30 18:33:57 +0300	2020-06-30 18:33:39 +0300	2019-12-31 13:59:00 +0300	333ae359fa0b4d08a3ef594046b60f63	1 GLR DGS 						n	0/100	0/100	1970-01-01 02:00:00 +0200
C	7fbd44d5de7243d1a50dc9a366c6b044	f1c2e9ad21e041b484cf93b40406adae	2020-06-30 18:33:57 +0300	2020-06-30 18:33:39 +0300	2019-12-31 13:59:00 +0300	deabaef30fc841ac9337e26a874ae856	100 KASA Nakit						n	0/100	0/100	1970-01-01 02:00:00 +0200
===== END
===== START
B	7fbd44d5de7243d1a50dc9a366c6b044	502121cebcc64a4089796ac063328a66	2020-06-30 18:34:08 +0300	2020-06-30 18:33:39 +0300	2019-12-31 13:59:00 +0300	333ae359fa0b4d08a3ef594046b60f63	1 GLR DGS 						n	0/100	0/100	1970-01-01 02:00:00 +0200
B	7fbd44d5de7243d1a50dc9a366c6b044	f1c2e9ad21e041b484cf93b40406adae	2020-06-30 18:34:08 +0300	2020-06-30 18:33:39 +0300	2019-12-31 13:59:00 +0300	deabaef30fc841ac9337e26a874ae856	100 KASA Nakit						n	0/100	0/100	1970-01-01 02:00:00 +0200
===== END
===== START
C	7fbd44d5de7243d1a50dc9a366c6b044	502121cebcc64a4089796ac063328a66	2020-06-30 18:34:08 +0300	2020-06-30 18:33:39 +0300	2019-12-31 13:59:00 +0300	333ae359fa0b4d08a3ef594046b60f63	1 GLR DGS 						n	2040000/100	2040000/100	1970-01-01 02:00:00 +0200
C	7fbd44d5de7243d1a50dc9a366c6b044	f1c2e9ad21e041b484cf93b40406adae	2020-06-30 18:34:08 +0300	2020-06-30 18:33:39 +0300	2019-12-31 13:59:00 +0300	deabaef30fc841ac9337e26a874ae856	100 KASA Nakit						n	-2040000/100	-2040000/100	1970-01-01 02:00:00 +0200
===== END
===== START
B	7fbd44d5de7243d1a50dc9a366c6b044	502121cebcc64a4089796ac063328a66	2020-06-30 18:34:23 +0300	2020-06-30 18:33:39 +0300	2019-12-31 13:59:00 +0300	333ae359fa0b4d08a3ef594046b60f63	1 GLR DGS 						n	2040000/100	2040000/100	1970-01-01 02:00:00 +0200
B	7fbd44d5de7243d1a50dc9a366c6b044	f1c2e9ad21e041b484cf93b40406adae	2020-06-30 18:34:23 +0300	2020-06-30 18:33:39 +0300	2019-12-31 13:59:00 +0300	deabaef30fc841ac9337e26a874ae856	100 KASA Nakit						n	-2040000/100	-2040000/100	1970-01-01 02:00:00 +0200
===== END
===== START
C	7fbd44d5de7243d1a50dc9a366c6b044	502121cebcc64a4089796ac063328a66	2020-06-30 18:34:23 +0300	2020-06-30 18:33:39 +0300	2019-12-31 13:59:00 +0300	333ae359fa0b4d08a3ef594046b60f63	1 GLR DGS 						n	2040000/100	2040000/100	1970-01-01 02:00:00 +0200
C	7fbd44d5de7243d1a50dc9a366c6b044	f1c2e9ad21e041b484cf93b40406adae	2020-06-30 18:34:23 +0300	2020-06-30 18:33:39 +0300	2019-12-31 13:59:00 +0300	1cff415040884d0abe67316a4ad829e9	Ort. H.Murat Balcı						n	-2040000/100	-2040000/100	1970-01-01 02:00:00 +0200
===== END
===== START
C	89680bdb0bb346b4b29e2543b5028301	b8d8ef7d222a4e769cf766dc6ab2d323	2020-06-30 18:34:38 +0300	2020-06-30 18:34:38 +0300	2020-06-30 13:59:00 +0300	333ae359fa0b4d08a3ef594046b60f63	1 GLR DGS 						n	2100000/100	2100000/100	1970-01-01 02:00:00 +0200
C	89680bdb0bb346b4b29e2543b5028301	03ea6f88577948028eef47ceaebe868a	2020-06-30 18:34:38 +0300	2020-06-30 18:34:38 +0300	2020-06-30 13:59:00 +0300	1cff415040884d0abe67316a4ad829e9	Ort. H.Murat Balcı						n	-2100000/100	-2100000/100	1970-01-01 02:00:00 +0200
===== END
===== START
===== END
===== START
D	aed2900ce9734ff9a883099149a75bc7	3f5bf66522f34a0890ecd3d455fdac84	2020-06-30 18:34:43 +0300	2020-06-30 18:34:43 +0300	2020-06-30 13:59:00 +0300								n	0/1	0/100	1970-01-01 02:00:00 +0200
===== END
===== START
D	3ab4f35726c74d2c90ebd71f5eac0a4d	c536babba5b642b69233030d224dcceb	2020-06-30 18:35:07 +0300	2020-06-30 18:35:07 +0300	2019-07-02 13:59:00 +0300								n	0/1	0/100	1970-01-01 02:00:00 +0200
===== END
===== START
D	f5d001b1b89f4f33ba8b0d2c363e1191	68911326ce5b4d26a714222e8d032907	2020-06-30 18:35:09 +0300	2020-06-30 18:35:09 +0300	2020-06-30 13:59:00 +0300								n	0/1	0/100	1970-01-01 02:00:00 +0200
===== END
===== START
===== END
===== START
C	90fe59529f07493daa0b4648e7024701	af014ee303874cabbea4239f0078bccb	2020-06-30 18:35:36 +0300	2020-06-30 18:35:36 +0300	2020-06-30 13:59:00 +0300	3fe60e48253e4208b4394cab587558c9	2 GLR TZG						n	2117500/100	2117500/100	1970-01-01 02:00:00 +0200
C	90fe59529f07493daa0b4648e7024701	454cd412db0e4321b9d6dca6d82d0284	2020-06-30 18:35:36 +0300	2020-06-30 18:35:36 +0300	2020-06-30 13:59:00 +0300	1cff415040884d0abe67316a4ad829e9	Ort. H.Murat Balcı						n	-2117500/100	-2117500/100	1970-01-01 02:00:00 +0200
===== END
===== START
===== END
===== START
D	1df772e3e2a14336851267f9a4f3d79f	7c9e6853c0ef452690ae901d9cc6a33d	2020-06-30 18:35:39 +0300	2020-06-30 18:35:39 +0300	2020-06-30 13:59:00 +0300								n	0/1	0/100	1970-01-01 02:00:00 +0200
===== END
===== START
===== END
===== START
C	3005cd798d46457f8b9acac45b013639	9bcc7a0cff8a4369a156287c43d3757e	2020-06-30 18:36:13 +0300	2020-06-30 18:36:13 +0300	2019-12-31 13:59:00 +0300	9ee677e8d3a04ed78d0894f9f03a91c5	1 GLR Sny55						n	0/100	0/100	1970-01-01 02:00:00 +0200
===== END
===== START
===== END
===== START
B	3005cd798d46457f8b9acac45b013639	9bcc7a0cff8a4369a156287c43d3757e	2020-06-30 18:36:25 +0300	2020-06-30 18:36:13 +0300	2019-12-31 13:59:00 +0300	9ee677e8d3a04ed78d0894f9f03a91c5	1 GLR Sny55						n	0/100	0/100	1970-01-01 02:00:00 +0200
===== END
===== START
C	3005cd798d46457f8b9acac45b013639	9bcc7a0cff8a4369a156287c43d3757e	2020-06-30 18:36:25 +0300	2020-06-30 18:36:13 +0300	2019-12-31 13:59:00 +0300	9ee677e8d3a04ed78d0894f9f03a91c5	1 GLR Sny55						n	0/100	0/100	1970-01-01 02:00:00 +0200
C	3005cd798d46457f8b9acac45b013639	65ecdd014c7e476d8a26298f6b5d4b2e	2020-06-30 18:36:25 +0300	2020-06-30 18:36:13 +0300	2019-12-31 13:59:00 +0300	deabaef30fc841ac9337e26a874ae856	100 KASA Nakit						n	0/100	0/100	1970-01-01 02:00:00 +0200
===== END
===== START
C	0383e8dcffb14244aaf164cefc64b5b0	9fb3dd696d174d5c89d0bbef13a155ac	2020-06-30 18:37:14 +0300	2020-06-30 18:37:14 +0300	2019-12-31 13:59:00 +0300	9ee677e8d3a04ed78d0894f9f03a91c5	1 GLR Sny55						n	0/100	0/100	1970-01-01 02:00:00 +0200
C	0383e8dcffb14244aaf164cefc64b5b0	1cf0ef53de06443e94b5d0850186aa4e	2020-06-30 18:37:14 +0300	2020-06-30 18:37:14 +0300	2019-12-31 13:59:00 +0300	19d2a9a581d547b0b202c28f97c62188	Nazan Balcı						n	0/100	0/100	1970-01-01 02:00:00 +0200
===== END
===== START
===== END
===== START
B	3005cd798d46457f8b9acac45b013639	9bcc7a0cff8a4369a156287c43d3757e	2020-06-30 18:37:45 +0300	2020-06-30 18:36:13 +0300	2019-12-31 13:59:00 +0300	9ee677e8d3a04ed78d0894f9f03a91c5	1 GLR Sny55						n	0/100	0/100	1970-01-01 02:00:00 +0200
B	3005cd798d46457f8b9acac45b013639	65ecdd014c7e476d8a26298f6b5d4b2e	2020-06-30 18:37:45 +0300	2020-06-30 18:36:13 +0300	2019-12-31 13:59:00 +0300	deabaef30fc841ac9337e26a874ae856	100 KASA Nakit						n	0/100	0/100	1970-01-01 02:00:00 +0200
===== END
===== START
C	3005cd798d46457f8b9acac45b013639	9bcc7a0cff8a4369a156287c43d3757e	2020-06-30 18:37:45 +0300	2020-06-30 18:36:13 +0300	2019-12-31 13:59:00 +0300	9ee677e8d3a04ed78d0894f9f03a91c5	1 GLR Sny55						n	262500/100	262500/100	1970-01-01 02:00:00 +0200
C	3005cd798d46457f8b9acac45b013639	65ecdd014c7e476d8a26298f6b5d4b2e	2020-06-30 18:37:45 +0300	2020-06-30 18:36:13 +0300	2019-12-31 13:59:00 +0300	1cff415040884d0abe67316a4ad829e9	Ort. H.Murat Balcı						n	-262500/100	-262500/100	1970-01-01 02:00:00 +0200
===== END
===== START
B	0383e8dcffb14244aaf164cefc64b5b0	9fb3dd696d174d5c89d0bbef13a155ac	2020-06-30 18:37:55 +0300	2020-06-30 18:37:14 +0300	2019-12-31 13:59:00 +0300	9ee677e8d3a04ed78d0894f9f03a91c5	1 GLR Sny55						n	0/100	0/100	1970-01-01 02:00:00 +0200
B	0383e8dcffb14244aaf164cefc64b5b0	1cf0ef53de06443e94b5d0850186aa4e	2020-06-30 18:37:55 +0300	2020-06-30 18:37:14 +0300	2019-12-31 13:59:00 +0300	19d2a9a581d547b0b202c28f97c62188	Nazan Balcı						n	0/100	0/100	1970-01-01 02:00:00 +0200
===== END
===== START
C	0383e8dcffb14244aaf164cefc64b5b0	9fb3dd696d174d5c89d0bbef13a155ac	2020-06-30 18:37:55 +0300	2020-06-30 18:37:14 +0300	2019-12-31 13:59:00 +0300	9ee677e8d3a04ed78d0894f9f03a91c5	1 GLR Sny55						n	84000/100	84000/100	1970-01-01 02:00:00 +0200
C	0383e8dcffb14244aaf164cefc64b5b0	1cf0ef53de06443e94b5d0850186aa4e	2020-06-30 18:37:55 +0300	2020-06-30 18:37:14 +0300	2019-12-31 13:59:00 +0300	19d2a9a581d547b0b202c28f97c62188	Nazan Balcı						n	-84000/100	-84000/100	1970-01-01 02:00:00 +0200
===== END
===== START
B	3005cd798d46457f8b9acac45b013639	9bcc7a0cff8a4369a156287c43d3757e	2020-06-30 18:38:10 +0300	2020-06-30 18:36:13 +0300	2019-12-31 13:59:00 +0300	9ee677e8d3a04ed78d0894f9f03a91c5	1 GLR Sny55						n	262500/100	262500/100	1970-01-01 02:00:00 +0200
B	3005cd798d46457f8b9acac45b013639	65ecdd014c7e476d8a26298f6b5d4b2e	2020-06-30 18:38:10 +0300	2020-06-30 18:36:13 +0300	2019-12-31 13:59:00 +0300	1cff415040884d0abe67316a4ad829e9	Ort. H.Murat Balcı						n	-262500/100	-262500/100	1970-01-01 02:00:00 +0200
===== END
===== START
C	3005cd798d46457f8b9acac45b013639	9bcc7a0cff8a4369a156287c43d3757e	2020-06-30 18:38:10 +0300	2020-06-30 18:36:13 +0300	2019-12-31 13:59:00 +0300	9ee677e8d3a04ed78d0894f9f03a91c5	1 GLR Sny55						n	266000/100	266000/100	1970-01-01 02:00:00 +0200
C	3005cd798d46457f8b9acac45b013639	65ecdd014c7e476d8a26298f6b5d4b2e	2020-06-30 18:38:10 +0300	2020-06-30 18:36:13 +0300	2019-12-31 13:59:00 +0300	1cff415040884d0abe67316a4ad829e9	Ort. H.Murat Balcı						n	-266000/100	-266000/100	1970-01-01 02:00:00 +0200
===== END
===== START
C	34c558de45ae4f3592237418cb73db03	c5d950acf4954ee8b35e5c9167284824	2020-06-30 18:38:29 +0300	2020-06-30 18:38:29 +0300	2020-12-31 13:59:00 +0300	9ee677e8d3a04ed78d0894f9f03a91c5	1 GLR Sny55						n	0/100	0/100	1970-01-01 02:00:00 +0200
===== END
===== START
===== END
===== START
B	34c558de45ae4f3592237418cb73db03	c5d950acf4954ee8b35e5c9167284824	2020-06-30 18:38:43 +0300	2020-06-30 18:38:29 +0300	2020-12-31 13:59:00 +0300	9ee677e8d3a04ed78d0894f9f03a91c5	1 GLR Sny55						n	0/100	0/100	1970-01-01 02:00:00 +0200
===== END
===== START
C	34c558de45ae4f3592237418cb73db03	c5d950acf4954ee8b35e5c9167284824	2020-06-30 18:38:43 +0300	2020-06-30 18:38:29 +0300	2020-12-31 13:59:00 +0300	9ee677e8d3a04ed78d0894f9f03a91c5	1 GLR Sny55						n	0/100	0/100	1970-01-01 02:00:00 +0200
C	34c558de45ae4f3592237418cb73db03	503c72869184491f8c6744bb87647184	2020-06-30 18:38:43 +0300	2020-06-30 18:38:29 +0300	2020-12-31 13:59:00 +0300	1cff415040884d0abe67316a4ad829e9	Ort. H.Murat Balcı						n	0/100	0/100	1970-01-01 02:00:00 +0200
===== END
===== START
C	6f6868cd9e9c46a0b5b29e94ec038d47	c1485c4f42154a989263f2ef300fb090	2020-06-30 18:38:53 +0300	2020-06-30 18:38:53 +0300	2020-12-31 13:59:00 +0300	9ee677e8d3a04ed78d0894f9f03a91c5	1 GLR Sny55						n	0/100	0/100	1970-01-01 02:00:00 +0200
C	6f6868cd9e9c46a0b5b29e94ec038d47	79f896c24815441ca377b89ba0c488cf	2020-06-30 18:38:53 +0300	2020-06-30 18:38:53 +0300	2020-12-31 13:59:00 +0300	19d2a9a581d547b0b202c28f97c62188	Nazan Balcı						n	0/100	0/100	1970-01-01 02:00:00 +0200
===== END
===== START
===== END
===== START
B	34c558de45ae4f3592237418cb73db03	c5d950acf4954ee8b35e5c9167284824	2020-06-30 18:39:17 +0300	2020-06-30 18:38:29 +0300	2020-12-31 13:59:00 +0300	9ee677e8d3a04ed78d0894f9f03a91c5	1 GLR Sny55						n	0/100	0/100	1970-01-01 02:00:00 +0200
B	34c558de45ae4f3592237418cb73db03	503c72869184491f8c6744bb87647184	2020-06-30 18:39:17 +0300	2020-06-30 18:38:29 +0300	2020-12-31 13:59:00 +0300	1cff415040884d0abe67316a4ad829e9	Ort. H.Murat Balcı						n	0/100	0/100	1970-01-01 02:00:00 +0200
===== END
===== START
C	34c558de45ae4f3592237418cb73db03	c5d950acf4954ee8b35e5c9167284824	2020-06-30 18:39:17 +0300	2020-06-30 18:38:29 +0300	2020-12-31 13:59:00 +0300	9ee677e8d3a04ed78d0894f9f03a91c5	1 GLR Sny55						n	912000/100	912000/100	1970-01-01 02:00:00 +0200
C	34c558de45ae4f3592237418cb73db03	503c72869184491f8c6744bb87647184	2020-06-30 18:39:17 +0300	2020-06-30 18:38:29 +0300	2020-12-31 13:59:00 +0300	1cff415040884d0abe67316a4ad829e9	Ort. H.Murat Balcı						n	-912000/100	-912000/100	1970-01-01 02:00:00 +0200
===== END
===== START
B	6f6868cd9e9c46a0b5b29e94ec038d47	c1485c4f42154a989263f2ef300fb090	2020-06-30 18:39:26 +0300	2020-06-30 18:38:53 +0300	2020-12-31 13:59:00 +0300	9ee677e8d3a04ed78d0894f9f03a91c5	1 GLR Sny55						n	0/100	0/100	1970-01-01 02:00:00 +0200
B	6f6868cd9e9c46a0b5b29e94ec038d47	79f896c24815441ca377b89ba0c488cf	2020-06-30 18:39:26 +0300	2020-06-30 18:38:53 +0300	2020-12-31 13:59:00 +0300	19d2a9a581d547b0b202c28f97c62188	Nazan Balcı						n	0/100	0/100	1970-01-01 02:00:00 +0200
===== END
===== START
C	6f6868cd9e9c46a0b5b29e94ec038d47	c1485c4f42154a989263f2ef300fb090	2020-06-30 18:39:26 +0300	2020-06-30 18:38:53 +0300	2020-12-31 13:59:00 +0300	9ee677e8d3a04ed78d0894f9f03a91c5	1 GLR Sny55						n	288000/100	288000/100	1970-01-01 02:00:00 +0200
C	6f6868cd9e9c46a0b5b29e94ec038d47	79f896c24815441ca377b89ba0c488cf	2020-06-30 18:39:26 +0300	2020-06-30 18:38:53 +0300	2020-12-31 13:59:00 +0300	19d2a9a581d547b0b202c28f97c62188	Nazan Balcı						n	-288000/100	-288000/100	1970-01-01 02:00:00 +0200
===== END
===== START
===== END
