mod	trans_guid	split_guid	time_now	date_entered	date_posted	acc_guid	acc_name	num	description	notes	memo	action	reconciled	amount	value	date_reconciled
-----------------
===== START
B	36580536bc174c208b98aec61ab1ac41	aa93fa156baf4db78ba89d641a94c31c	2020-06-30 18:11:24 +0300	2020-06-30 18:09:26 +0300	2012-12-31 12:59:00 +0200	95839397af674a06897deec940317c85	4 GLR LA						n	348251/100	348251/100	1970-01-01 02:00:00 +0200
B	36580536bc174c208b98aec61ab1ac41	6ab051f0f48e47a9814a682119a62c2c	2020-06-30 18:11:24 +0300	2020-06-30 18:09:26 +0300	2012-12-31 12:59:00 +0200	3a63f12134c244fa86b69fbbccbba3e0	Açık-TRY						n	-348251/100	-348251/100	1970-01-01 02:00:00 +0200
===== END
===== START
C	36580536bc174c208b98aec61ab1ac41	aa93fa156baf4db78ba89d641a94c31c	2020-06-30 18:11:24 +0300	2020-06-30 18:09:26 +0300	2012-12-31 12:59:00 +0200	95839397af674a06897deec940317c85	4 GLR LA						n	348251/100	348251/100	1970-01-01 02:00:00 +0200
C	36580536bc174c208b98aec61ab1ac41	6ab051f0f48e47a9814a682119a62c2c	2020-06-30 18:11:24 +0300	2020-06-30 18:09:26 +0300	2012-12-31 12:59:00 +0200	1cff415040884d0abe67316a4ad829e9	Ort. H.Murat Balcı						n	-348251/100	-348251/100	1970-01-01 02:00:00 +0200
===== END
===== START
B	ed3ddc84106a4fcdaedcb6eb8780196e	50388c82eea6493498a5b3eb27a510a6	2020-06-30 18:11:30 +0300	2020-06-30 18:09:31 +0300	2013-12-31 12:59:00 +0200	95839397af674a06897deec940317c85	4 GLR LA						n	0/100	0/100	1970-01-01 02:00:00 +0200
===== END
===== START
C	ed3ddc84106a4fcdaedcb6eb8780196e	50388c82eea6493498a5b3eb27a510a6	2020-06-30 18:11:30 +0300	2020-06-30 18:09:31 +0300	2013-12-31 12:59:00 +0200	95839397af674a06897deec940317c85	4 GLR LA						n	0/100	0/100	1970-01-01 02:00:00 +0200
C	ed3ddc84106a4fcdaedcb6eb8780196e	28fa401a61d24931af5b4886131ca7c6	2020-06-30 18:11:30 +0300	2020-06-30 18:09:31 +0300	2013-12-31 12:59:00 +0200	1cff415040884d0abe67316a4ad829e9	Ort. H.Murat Balcı						n	0/100	0/100	1970-01-01 02:00:00 +0200
===== END
===== START
B	ed3ddc84106a4fcdaedcb6eb8780196e	50388c82eea6493498a5b3eb27a510a6	2020-06-30 18:12:02 +0300	2020-06-30 18:09:31 +0300	2013-12-31 12:59:00 +0200	95839397af674a06897deec940317c85	4 GLR LA						n	0/100	0/100	1970-01-01 02:00:00 +0200
B	ed3ddc84106a4fcdaedcb6eb8780196e	28fa401a61d24931af5b4886131ca7c6	2020-06-30 18:12:02 +0300	2020-06-30 18:09:31 +0300	2013-12-31 12:59:00 +0200	1cff415040884d0abe67316a4ad829e9	Ort. H.Murat Balcı						n	0/100	0/100	1970-01-01 02:00:00 +0200
===== END
===== START
C	ed3ddc84106a4fcdaedcb6eb8780196e	50388c82eea6493498a5b3eb27a510a6	2020-06-30 18:12:02 +0300	2020-06-30 18:09:31 +0300	2013-12-31 12:59:00 +0200	95839397af674a06897deec940317c85	4 GLR LA						n	392953/100	392953/100	1970-01-01 02:00:00 +0200
C	ed3ddc84106a4fcdaedcb6eb8780196e	28fa401a61d24931af5b4886131ca7c6	2020-06-30 18:12:02 +0300	2020-06-30 18:09:31 +0300	2013-12-31 12:59:00 +0200	1cff415040884d0abe67316a4ad829e9	Ort. H.Murat Balcı						n	-392953/100	-392953/100	1970-01-01 02:00:00 +0200
===== END
===== START
B	2550407b86014a30a8dc8c13356d4df8	3f438b4191904c84ba0290ceabca528b	2020-06-30 18:12:08 +0300	2019-12-07 16:26:44 +0300	2014-07-01 13:59:00 +0300	95839397af674a06897deec940317c85	4 GLR LA		2014 LA Kira Geliri 1/4				n	150107/100	150107/100	1970-01-01 02:00:00 +0200
B	2550407b86014a30a8dc8c13356d4df8	17c3849591cc42fb924b3b6e361725d4	2020-06-30 18:12:08 +0300	2019-12-07 16:26:44 +0300	2014-07-01 13:59:00 +0300	908c3f6feebf4484990b780afddb8c6d	Ort Ali Balcı		2014 LA Kira Geliri 1/4				n	-150107/100	-150107/100	1970-01-01 02:00:00 +0200
===== END
===== START
C	2550407b86014a30a8dc8c13356d4df8	3f438b4191904c84ba0290ceabca528b	2020-06-30 18:12:08 +0300	2019-12-07 16:26:44 +0300	2014-12-31 12:59:00 +0200	95839397af674a06897deec940317c85	4 GLR LA		2014 LA Kira Geliri 1/4				n	150107/100	150107/100	1970-01-01 02:00:00 +0200
C	2550407b86014a30a8dc8c13356d4df8	17c3849591cc42fb924b3b6e361725d4	2020-06-30 18:12:08 +0300	2019-12-07 16:26:44 +0300	2014-12-31 12:59:00 +0200	908c3f6feebf4484990b780afddb8c6d	Ort Ali Balcı		2014 LA Kira Geliri 1/4				n	-150107/100	-150107/100	1970-01-01 02:00:00 +0200
===== END
===== START
B	1791083ec4d642719cab929c52c43a36	89b3dd37f0c744ea9eab1fae62262d95	2020-06-30 18:12:19 +0300	2019-12-07 16:27:00 +0300	2014-07-01 13:59:00 +0300	95839397af674a06897deec940317c85	4 GLR LA		2014 LA Kira Geliri 1/4				n	150107/100	150107/100	1970-01-01 02:00:00 +0200
B	1791083ec4d642719cab929c52c43a36	22c04fa981b04b10bce905b5474516f9	2020-06-30 18:12:19 +0300	2019-12-07 16:27:00 +0300	2014-07-01 13:59:00 +0300	925040008251457dafaaa28adf28037e	Ort. AB Ls 		2014 LA Kira Geliri 1/4				n	-150107/100	-150107/100	1970-01-01 02:00:00 +0200
===== END
===== START
C	1791083ec4d642719cab929c52c43a36	89b3dd37f0c744ea9eab1fae62262d95	2020-06-30 18:12:19 +0300	2019-12-07 16:27:00 +0300	2014-12-31 12:59:00 +0200	95839397af674a06897deec940317c85	4 GLR LA		2014 LA Kira Geliri 1/4				n	150107/100	150107/100	1970-01-01 02:00:00 +0200
C	1791083ec4d642719cab929c52c43a36	22c04fa981b04b10bce905b5474516f9	2020-06-30 18:12:19 +0300	2019-12-07 16:27:00 +0300	2014-12-31 12:59:00 +0200	925040008251457dafaaa28adf28037e	Ort. AB Ls 		2014 LA Kira Geliri 1/4				n	-150107/100	-150107/100	1970-01-01 02:00:00 +0200
===== END
===== START
B	9e86b676d51548e5bbc6cbbdf4105519	197f3a43fdf5448099bba0994f260691	2020-06-30 18:12:49 +0300	2020-06-30 18:09:37 +0300	2014-12-31 12:59:00 +0200	95839397af674a06897deec940317c85	4 GLR LA						n	0/100	0/100	1970-01-01 02:00:00 +0200
===== END
===== START
C	9e86b676d51548e5bbc6cbbdf4105519	197f3a43fdf5448099bba0994f260691	2020-06-30 18:12:49 +0300	2020-06-30 18:09:37 +0300	2014-12-31 12:59:00 +0200	95839397af674a06897deec940317c85	4 GLR LA						n	0/100	0/100	1970-01-01 02:00:00 +0200
C	9e86b676d51548e5bbc6cbbdf4105519	a559cd1c0faa423e8442c9b96c05da64	2020-06-30 18:12:49 +0300	2020-06-30 18:09:37 +0300	2014-12-31 12:59:00 +0200	1cff415040884d0abe67316a4ad829e9	Ort. H.Murat Balcı						n	0/100	0/100	1970-01-01 02:00:00 +0200
===== END
===== START
B	9e86b676d51548e5bbc6cbbdf4105519	197f3a43fdf5448099bba0994f260691	2020-06-30 18:12:56 +0300	2020-06-30 18:09:37 +0300	2014-12-31 12:59:00 +0200	95839397af674a06897deec940317c85	4 GLR LA						n	0/100	0/100	1970-01-01 02:00:00 +0200
B	9e86b676d51548e5bbc6cbbdf4105519	a559cd1c0faa423e8442c9b96c05da64	2020-06-30 18:12:56 +0300	2020-06-30 18:09:37 +0300	2014-12-31 12:59:00 +0200	1cff415040884d0abe67316a4ad829e9	Ort. H.Murat Balcı						n	0/100	0/100	1970-01-01 02:00:00 +0200
===== END
===== START
C	9e86b676d51548e5bbc6cbbdf4105519	197f3a43fdf5448099bba0994f260691	2020-06-30 18:12:56 +0300	2020-06-30 18:09:37 +0300	2014-12-31 12:59:00 +0200	95839397af674a06897deec940317c85	4 GLR LA						n	150108/100	150108/100	1970-01-01 02:00:00 +0200
C	9e86b676d51548e5bbc6cbbdf4105519	a559cd1c0faa423e8442c9b96c05da64	2020-06-30 18:12:56 +0300	2020-06-30 18:09:37 +0300	2014-12-31 12:59:00 +0200	1cff415040884d0abe67316a4ad829e9	Ort. H.Murat Balcı						n	-150108/100	-150108/100	1970-01-01 02:00:00 +0200
===== END
===== START
B	f438a77ef20e4b048c3dfbf62db3081a	3d0856eb75524ce3934d29a94c15cf7d	2020-06-30 18:13:13 +0300	2019-12-07 16:26:45 +0300	2015-07-01 13:59:00 +0300	95839397af674a06897deec940317c85	4 GLR LA		2015 LA Kira Geliri 1/4				n	562500/100	562500/100	1970-01-01 02:00:00 +0200
B	f438a77ef20e4b048c3dfbf62db3081a	d15b205d540d4f82a831173efa33380a	2020-06-30 18:13:13 +0300	2019-12-07 16:26:45 +0300	2015-07-01 13:59:00 +0300	908c3f6feebf4484990b780afddb8c6d	Ort Ali Balcı		2015 LA Kira Geliri 1/4				n	-562500/100	-562500/100	1970-01-01 02:00:00 +0200
===== END
===== START
C	f438a77ef20e4b048c3dfbf62db3081a	3d0856eb75524ce3934d29a94c15cf7d	2020-06-30 18:13:13 +0300	2019-12-07 16:26:45 +0300	2015-12-31 12:59:00 +0200	95839397af674a06897deec940317c85	4 GLR LA		2015 LA Kira Geliri 1/4				n	562500/100	562500/100	1970-01-01 02:00:00 +0200
C	f438a77ef20e4b048c3dfbf62db3081a	d15b205d540d4f82a831173efa33380a	2020-06-30 18:13:13 +0300	2019-12-07 16:26:45 +0300	2015-12-31 12:59:00 +0200	908c3f6feebf4484990b780afddb8c6d	Ort Ali Balcı		2015 LA Kira Geliri 1/4				n	-562500/100	-562500/100	1970-01-01 02:00:00 +0200
===== END
===== START
B	6d4b80060c30411582d68879258df85d	0b927ee824554d6eac5dcd68c9483068	2020-06-30 18:13:21 +0300	2019-12-07 16:27:01 +0300	2015-07-01 13:59:00 +0300	95839397af674a06897deec940317c85	4 GLR LA		2015 LA Kira Geliri 1/4				n	562500/100	562500/100	1970-01-01 02:00:00 +0200
B	6d4b80060c30411582d68879258df85d	1f4dda1329384b80b3b5d986dd1de6cb	2020-06-30 18:13:21 +0300	2019-12-07 16:27:01 +0300	2015-07-01 13:59:00 +0300	925040008251457dafaaa28adf28037e	Ort. AB Ls 		2015 LA Kira Geliri 1/4				n	-562500/100	-562500/100	1970-01-01 02:00:00 +0200
===== END
===== START
C	6d4b80060c30411582d68879258df85d	0b927ee824554d6eac5dcd68c9483068	2020-06-30 18:13:21 +0300	2019-12-07 16:27:01 +0300	2015-12-31 12:59:00 +0200	95839397af674a06897deec940317c85	4 GLR LA		2015 LA Kira Geliri 1/4				n	562500/100	562500/100	1970-01-01 02:00:00 +0200
C	6d4b80060c30411582d68879258df85d	1f4dda1329384b80b3b5d986dd1de6cb	2020-06-30 18:13:21 +0300	2019-12-07 16:27:01 +0300	2015-12-31 12:59:00 +0200	925040008251457dafaaa28adf28037e	Ort. AB Ls 		2015 LA Kira Geliri 1/4				n	-562500/100	-562500/100	1970-01-01 02:00:00 +0200
===== END
===== START
B	bc8b22dd411d4418a00322fb983ea3e0	1c3d5cb0d52b41ea91cf95645d75900e	2020-06-30 18:13:37 +0300	2020-06-30 18:09:46 +0300	2015-12-31 12:59:00 +0200	95839397af674a06897deec940317c85	4 GLR LA						n	0/100	0/100	1970-01-01 02:00:00 +0200
===== END
===== START
C	bc8b22dd411d4418a00322fb983ea3e0	1c3d5cb0d52b41ea91cf95645d75900e	2020-06-30 18:13:37 +0300	2020-06-30 18:09:46 +0300	2015-12-31 12:59:00 +0200	95839397af674a06897deec940317c85	4 GLR LA						n	562500/100	562500/100	1970-01-01 02:00:00 +0200
C	bc8b22dd411d4418a00322fb983ea3e0	89424429fa084f96b3351a4301516dc3	2020-06-30 18:13:37 +0300	2020-06-30 18:09:46 +0300	2015-12-31 12:59:00 +0200	1cff415040884d0abe67316a4ad829e9	Ort. H.Murat Balcı						n	-562500/100	-562500/100	1970-01-01 02:00:00 +0200
===== END
===== START
B	85635c98ea3d43f68a98ea05e37868f3	92feeaff9e784e9c965aff963ce154c6	2020-06-30 18:13:49 +0300	2019-12-07 16:26:48 +0300	2016-07-01 13:59:00 +0300	95839397af674a06897deec940317c85	4 GLR LA		2016 LA Kira Geliri 1/4				n	625000/100	625000/100	1970-01-01 02:00:00 +0200
B	85635c98ea3d43f68a98ea05e37868f3	dea844658c2d4fcdab12c9fc880a4fdf	2020-06-30 18:13:49 +0300	2019-12-07 16:26:48 +0300	2016-07-01 13:59:00 +0300	908c3f6feebf4484990b780afddb8c6d	Ort Ali Balcı		2016 LA Kira Geliri 1/4				n	-625000/100	-625000/100	1970-01-01 02:00:00 +0200
===== END
===== START
C	85635c98ea3d43f68a98ea05e37868f3	92feeaff9e784e9c965aff963ce154c6	2020-06-30 18:13:49 +0300	2019-12-07 16:26:48 +0300	2016-12-31 13:59:00 +0300	95839397af674a06897deec940317c85	4 GLR LA		2016 LA Kira Geliri 1/4				n	625000/100	625000/100	1970-01-01 02:00:00 +0200
C	85635c98ea3d43f68a98ea05e37868f3	dea844658c2d4fcdab12c9fc880a4fdf	2020-06-30 18:13:49 +0300	2019-12-07 16:26:48 +0300	2016-12-31 13:59:00 +0300	908c3f6feebf4484990b780afddb8c6d	Ort Ali Balcı		2016 LA Kira Geliri 1/4				n	-625000/100	-625000/100	1970-01-01 02:00:00 +0200
===== END
===== START
B	5baba3745719489c86ec03a8bc4a5989	f2bbfb8e87ad48c4b90c93a8e8d138cb	2020-06-30 18:13:55 +0300	2019-12-07 16:27:03 +0300	2016-07-01 13:59:00 +0300	95839397af674a06897deec940317c85	4 GLR LA		2016 LA Kira Geliri 1/4				n	625000/100	625000/100	1970-01-01 02:00:00 +0200
B	5baba3745719489c86ec03a8bc4a5989	3ccccae353ef4524a7ddf0df5a795f95	2020-06-30 18:13:55 +0300	2019-12-07 16:27:03 +0300	2016-07-01 13:59:00 +0300	925040008251457dafaaa28adf28037e	Ort. AB Ls 		2016 LA Kira Geliri 1/4				n	-625000/100	-625000/100	1970-01-01 02:00:00 +0200
===== END
===== START
C	5baba3745719489c86ec03a8bc4a5989	f2bbfb8e87ad48c4b90c93a8e8d138cb	2020-06-30 18:13:55 +0300	2019-12-07 16:27:03 +0300	2016-12-31 13:59:00 +0300	95839397af674a06897deec940317c85	4 GLR LA		2016 LA Kira Geliri 1/4				n	625000/100	625000/100	1970-01-01 02:00:00 +0200
C	5baba3745719489c86ec03a8bc4a5989	3ccccae353ef4524a7ddf0df5a795f95	2020-06-30 18:13:55 +0300	2019-12-07 16:27:03 +0300	2016-12-31 13:59:00 +0300	925040008251457dafaaa28adf28037e	Ort. AB Ls 		2016 LA Kira Geliri 1/4				n	-625000/100	-625000/100	1970-01-01 02:00:00 +0200
===== END
===== START
B	4b4e3dec7d134f11b1542aaa45683e5d	f1a14eadd84a4440aff477baa1b9e7a8	2020-06-30 18:14:05 +0300	2020-06-30 18:09:54 +0300	2016-12-31 13:59:00 +0300	95839397af674a06897deec940317c85	4 GLR LA						n	0/100	0/100	1970-01-01 02:00:00 +0200
===== END
===== START
C	4b4e3dec7d134f11b1542aaa45683e5d	f1a14eadd84a4440aff477baa1b9e7a8	2020-06-30 18:14:05 +0300	2020-06-30 18:09:54 +0300	2016-12-31 13:59:00 +0300	95839397af674a06897deec940317c85	4 GLR LA						n	0/100	0/100	1970-01-01 02:00:00 +0200
C	4b4e3dec7d134f11b1542aaa45683e5d	e1708eb70b934829b506f418fc52bd10	2020-06-30 18:14:05 +0300	2020-06-30 18:09:54 +0300	2016-12-31 13:59:00 +0300	1cff415040884d0abe67316a4ad829e9	Ort. H.Murat Balcı						n	0/100	0/100	1970-01-01 02:00:00 +0200
===== END
===== START
B	4b4e3dec7d134f11b1542aaa45683e5d	f1a14eadd84a4440aff477baa1b9e7a8	2020-06-30 18:14:11 +0300	2020-06-30 18:09:54 +0300	2016-12-31 13:59:00 +0300	95839397af674a06897deec940317c85	4 GLR LA						n	0/100	0/100	1970-01-01 02:00:00 +0200
B	4b4e3dec7d134f11b1542aaa45683e5d	e1708eb70b934829b506f418fc52bd10	2020-06-30 18:14:11 +0300	2020-06-30 18:09:54 +0300	2016-12-31 13:59:00 +0300	1cff415040884d0abe67316a4ad829e9	Ort. H.Murat Balcı						n	0/100	0/100	1970-01-01 02:00:00 +0200
===== END
===== START
C	4b4e3dec7d134f11b1542aaa45683e5d	f1a14eadd84a4440aff477baa1b9e7a8	2020-06-30 18:14:11 +0300	2020-06-30 18:09:54 +0300	2016-12-31 13:59:00 +0300	95839397af674a06897deec940317c85	4 GLR LA						n	625000/100	625000/100	1970-01-01 02:00:00 +0200
C	4b4e3dec7d134f11b1542aaa45683e5d	e1708eb70b934829b506f418fc52bd10	2020-06-30 18:14:11 +0300	2020-06-30 18:09:54 +0300	2016-12-31 13:59:00 +0300	1cff415040884d0abe67316a4ad829e9	Ort. H.Murat Balcı						n	-625000/100	-625000/100	1970-01-01 02:00:00 +0200
===== END
===== START
B	692addc7aea64bd3a62199a6d27259cd	60a30100d17e429fb0e26aaa7ae56cb1	2020-06-30 18:14:24 +0300	2019-12-07 16:26:49 +0300	2017-07-01 13:59:00 +0300	95839397af674a06897deec940317c85	4 GLR LA		2017 LA Kira Geliri 1/4				n	687500/100	687500/100	1970-01-01 02:00:00 +0200
B	692addc7aea64bd3a62199a6d27259cd	a003f5a816b847a2b1b99d40fa04e717	2020-06-30 18:14:24 +0300	2019-12-07 16:26:49 +0300	2017-07-01 13:59:00 +0300	908c3f6feebf4484990b780afddb8c6d	Ort Ali Balcı		2017 LA Kira Geliri 1/4				n	-687500/100	-687500/100	1970-01-01 02:00:00 +0200
===== END
===== START
C	692addc7aea64bd3a62199a6d27259cd	60a30100d17e429fb0e26aaa7ae56cb1	2020-06-30 18:14:24 +0300	2019-12-07 16:26:49 +0300	2017-12-31 13:59:00 +0300	95839397af674a06897deec940317c85	4 GLR LA		2017 LA Kira Geliri 1/4				n	687500/100	687500/100	1970-01-01 02:00:00 +0200
C	692addc7aea64bd3a62199a6d27259cd	a003f5a816b847a2b1b99d40fa04e717	2020-06-30 18:14:24 +0300	2019-12-07 16:26:49 +0300	2017-12-31 13:59:00 +0300	908c3f6feebf4484990b780afddb8c6d	Ort Ali Balcı		2017 LA Kira Geliri 1/4				n	-687500/100	-687500/100	1970-01-01 02:00:00 +0200
===== END
===== START
B	ac92911a1b534698912619fb3d27f4f9	79e9edeb437e4d2697403f07c28cc8b5	2020-06-30 18:14:29 +0300	2019-12-07 16:27:04 +0300	2017-07-01 13:59:00 +0300	95839397af674a06897deec940317c85	4 GLR LA		2017 LA Kira Geliri 1/4				n	687500/100	687500/100	1970-01-01 02:00:00 +0200
B	ac92911a1b534698912619fb3d27f4f9	6fea7ab532cd4cd4978d6e1bdd92421d	2020-06-30 18:14:29 +0300	2019-12-07 16:27:04 +0300	2017-07-01 13:59:00 +0300	925040008251457dafaaa28adf28037e	Ort. AB Ls 		2017 LA Kira Geliri 1/4				n	-687500/100	-687500/100	1970-01-01 02:00:00 +0200
===== END
===== START
C	ac92911a1b534698912619fb3d27f4f9	79e9edeb437e4d2697403f07c28cc8b5	2020-06-30 18:14:29 +0300	2019-12-07 16:27:04 +0300	2017-12-31 13:59:00 +0300	95839397af674a06897deec940317c85	4 GLR LA		2017 LA Kira Geliri 1/4				n	687500/100	687500/100	1970-01-01 02:00:00 +0200
C	ac92911a1b534698912619fb3d27f4f9	6fea7ab532cd4cd4978d6e1bdd92421d	2020-06-30 18:14:29 +0300	2019-12-07 16:27:04 +0300	2017-12-31 13:59:00 +0300	925040008251457dafaaa28adf28037e	Ort. AB Ls 		2017 LA Kira Geliri 1/4				n	-687500/100	-687500/100	1970-01-01 02:00:00 +0200
===== END
===== START
B	c2f1aaacafc84177b1ad2534a7926b80	e7e0c6d178ec49568f7c59f93ed45f4a	2020-06-30 18:14:46 +0300	2020-06-30 18:09:58 +0300	2017-12-31 13:59:00 +0300	95839397af674a06897deec940317c85	4 GLR LA						n	0/100	0/100	1970-01-01 02:00:00 +0200
===== END
===== START
C	c2f1aaacafc84177b1ad2534a7926b80	e7e0c6d178ec49568f7c59f93ed45f4a	2020-06-30 18:14:46 +0300	2020-06-30 18:09:58 +0300	2017-12-31 13:59:00 +0300	95839397af674a06897deec940317c85	4 GLR LA						n	687500/100	687500/100	1970-01-01 02:00:00 +0200
C	c2f1aaacafc84177b1ad2534a7926b80	81f865f1236b48ce95af5f68e19885b5	2020-06-30 18:14:46 +0300	2020-06-30 18:09:58 +0300	2017-12-31 13:59:00 +0300	1cff415040884d0abe67316a4ad829e9	Ort. H.Murat Balcı						n	-687500/100	-687500/100	1970-01-01 02:00:00 +0200
===== END
===== START
B	1802f97b85fb4b97b01db0dee8f9e11d	86d8096e0eea45d6a21d470d312cc72e	2020-06-30 18:14:55 +0300	2019-12-07 16:26:27 +0300	2018-07-01 13:59:00 +0300	95839397af674a06897deec940317c85	4 GLR LA		2018 LA Kira Geliri 1/4				n	812500/100	812500/100	1970-01-01 02:00:00 +0200
B	1802f97b85fb4b97b01db0dee8f9e11d	58e97b95ad5e483683a09a3b1a0781c8	2020-06-30 18:14:55 +0300	2019-12-07 16:26:27 +0300	2018-07-01 13:59:00 +0300	925040008251457dafaaa28adf28037e	Ort. AB Ls 		2018 LA Kira Geliri 1/4				n	-812500/100	-812500/100	1970-01-01 02:00:00 +0200
===== END
===== START
C	1802f97b85fb4b97b01db0dee8f9e11d	86d8096e0eea45d6a21d470d312cc72e	2020-06-30 18:14:55 +0300	2019-12-07 16:26:27 +0300	2018-12-31 13:59:00 +0300	95839397af674a06897deec940317c85	4 GLR LA		2018 LA Kira Geliri 1/4				n	812500/100	812500/100	1970-01-01 02:00:00 +0200
C	1802f97b85fb4b97b01db0dee8f9e11d	58e97b95ad5e483683a09a3b1a0781c8	2020-06-30 18:14:55 +0300	2019-12-07 16:26:27 +0300	2018-12-31 13:59:00 +0300	925040008251457dafaaa28adf28037e	Ort. AB Ls 		2018 LA Kira Geliri 1/4				n	-812500/100	-812500/100	1970-01-01 02:00:00 +0200
===== END
===== START
B	f6cda08128c7487498bb88a7ed70551c	87e83fa5168c40769d27d4c6fd380487	2020-06-30 18:15:00 +0300	2019-12-04 16:50:43 +0300	2018-07-01 13:59:00 +0300	95839397af674a06897deec940317c85	4 GLR LA		2018 LA Kira Geliri 1/4				n	812500/100	812500/100	1970-01-01 02:00:00 +0200
B	f6cda08128c7487498bb88a7ed70551c	a2abe94f72bb42acb317601c9b98d757	2020-06-30 18:15:00 +0300	2019-12-04 16:50:43 +0300	2018-07-01 13:59:00 +0300	908c3f6feebf4484990b780afddb8c6d	Ort Ali Balcı		2018 LA Kira Geliri 1/4				n	-812500/100	-812500/100	1970-01-01 02:00:00 +0200
===== END
===== START
C	f6cda08128c7487498bb88a7ed70551c	87e83fa5168c40769d27d4c6fd380487	2020-06-30 18:15:00 +0300	2019-12-04 16:50:43 +0300	2018-12-31 13:59:00 +0300	95839397af674a06897deec940317c85	4 GLR LA		2018 LA Kira Geliri 1/4				n	812500/100	812500/100	1970-01-01 02:00:00 +0200
C	f6cda08128c7487498bb88a7ed70551c	a2abe94f72bb42acb317601c9b98d757	2020-06-30 18:15:00 +0300	2019-12-04 16:50:43 +0300	2018-12-31 13:59:00 +0300	908c3f6feebf4484990b780afddb8c6d	Ort Ali Balcı		2018 LA Kira Geliri 1/4				n	-812500/100	-812500/100	1970-01-01 02:00:00 +0200
===== END
===== START
B	8cb30738e2d04bb8a358dd0a3b670fcc	07e9c87072fe45b78889eae173567d92	2020-06-30 18:15:25 +0300	2020-06-30 18:10:03 +0300	2018-12-31 13:59:00 +0300	95839397af674a06897deec940317c85	4 GLR LA						n	0/100	0/100	1970-01-01 02:00:00 +0200
===== END
===== START
C	8cb30738e2d04bb8a358dd0a3b670fcc	07e9c87072fe45b78889eae173567d92	2020-06-30 18:15:25 +0300	2020-06-30 18:10:03 +0300	2018-12-31 13:59:00 +0300	95839397af674a06897deec940317c85	4 GLR LA						n	812500/100	812500/100	1970-01-01 02:00:00 +0200
C	8cb30738e2d04bb8a358dd0a3b670fcc	0e890ae9a7654978a17fedb16f80f978	2020-06-30 18:15:25 +0300	2020-06-30 18:10:03 +0300	2018-12-31 13:59:00 +0300	1cff415040884d0abe67316a4ad829e9	Ort. H.Murat Balcı						n	-812500/100	-812500/100	1970-01-01 02:00:00 +0200
===== END
===== START
B	174272f4e5f743fd922f37f9c0bca713	747e1d31706b40f787083b012b04b3c7	2020-06-30 18:15:31 +0300	2019-12-07 16:10:05 +0300	2019-07-01 13:59:00 +0300	95839397af674a06897deec940317c85	4 GLR LA		2019 LA Kira Geliri 1/4				n	975000/100	975000/100	1970-01-01 02:00:00 +0200
B	174272f4e5f743fd922f37f9c0bca713	67222c87ccb94c89a65238e8ec296aa2	2020-06-30 18:15:31 +0300	2019-12-07 16:10:05 +0300	2019-07-01 13:59:00 +0300	908c3f6feebf4484990b780afddb8c6d	Ort Ali Balcı		2019 LA Kira Geliri 1/4				n	-975000/100	-975000/100	1970-01-01 02:00:00 +0200
===== END
===== START
C	174272f4e5f743fd922f37f9c0bca713	747e1d31706b40f787083b012b04b3c7	2020-06-30 18:15:31 +0300	2019-12-07 16:10:05 +0300	2019-12-31 13:59:00 +0300	95839397af674a06897deec940317c85	4 GLR LA		2019 LA Kira Geliri 1/4				n	975000/100	975000/100	1970-01-01 02:00:00 +0200
C	174272f4e5f743fd922f37f9c0bca713	67222c87ccb94c89a65238e8ec296aa2	2020-06-30 18:15:31 +0300	2019-12-07 16:10:05 +0300	2019-12-31 13:59:00 +0300	908c3f6feebf4484990b780afddb8c6d	Ort Ali Balcı		2019 LA Kira Geliri 1/4				n	-975000/100	-975000/100	1970-01-01 02:00:00 +0200
===== END
===== START
B	8f2f23b1fa9649378c48b49989d26219	07c34282bbf5437e965fd2da93d59830	2020-06-30 18:15:52 +0300	2019-11-21 13:09:15 +0300	2019-07-02 13:59:00 +0300	95839397af674a06897deec940317c85	4 GLR LA		2019 LA Kira Geliri 1/4				n	975000/100	975000/100	1970-01-01 02:00:00 +0200
B	8f2f23b1fa9649378c48b49989d26219	ba8eb9d376564251a7c6e835745a79f0	2020-06-30 18:15:52 +0300	2019-11-21 13:09:15 +0300	2019-07-02 13:59:00 +0300	925040008251457dafaaa28adf28037e	Ort. AB Ls 		2019 LA Kira Geliri 1/4				n	-975000/100	-975000/100	1970-01-01 02:00:00 +0200
===== END
===== START
C	8f2f23b1fa9649378c48b49989d26219	07c34282bbf5437e965fd2da93d59830	2020-06-30 18:15:52 +0300	2019-11-21 13:09:15 +0300	2019-12-31 13:59:00 +0300	95839397af674a06897deec940317c85	4 GLR LA		2019 LA Kira Geliri 1/4				n	975000/100	975000/100	1970-01-01 02:00:00 +0200
C	8f2f23b1fa9649378c48b49989d26219	ba8eb9d376564251a7c6e835745a79f0	2020-06-30 18:15:52 +0300	2019-11-21 13:09:15 +0300	2019-12-31 13:59:00 +0300	925040008251457dafaaa28adf28037e	Ort. AB Ls 		2019 LA Kira Geliri 1/4				n	-975000/100	-975000/100	1970-01-01 02:00:00 +0200
===== END
===== START
B	acc84b77a309431ba49be4d435cf68bc	34e551f805aa4fd4ab218c128efad2db	2020-06-30 18:16:00 +0300	2019-11-21 13:07:59 +0300	2019-09-02 13:59:00 +0300	95839397af674a06897deec940317c85	4 GLR LA		2019 LA Kira Geliri 1/4				n	975000/100	975000/100	1970-01-01 02:00:00 +0200
B	acc84b77a309431ba49be4d435cf68bc	782fcf60d20245ee8e7d7bac94caca61	2020-06-30 18:16:00 +0300	2019-11-21 13:07:59 +0300	2019-09-02 13:59:00 +0300	2989cab05ba94d6b9b654d0567780299	Ort. Ayşe Balcı		2019 LA Kira Geliri 1/4				n	-975000/100	-975000/100	1970-01-01 02:00:00 +0200
===== END
===== START
C	acc84b77a309431ba49be4d435cf68bc	34e551f805aa4fd4ab218c128efad2db	2020-06-30 18:16:00 +0300	2019-11-21 13:07:59 +0300	2019-12-31 13:59:00 +0300	95839397af674a06897deec940317c85	4 GLR LA		2019 LA Kira Geliri 1/4				n	975000/100	975000/100	1970-01-01 02:00:00 +0200
C	acc84b77a309431ba49be4d435cf68bc	782fcf60d20245ee8e7d7bac94caca61	2020-06-30 18:16:00 +0300	2019-11-21 13:07:59 +0300	2019-12-31 13:59:00 +0300	2989cab05ba94d6b9b654d0567780299	Ort. Ayşe Balcı		2019 LA Kira Geliri 1/4				n	-975000/100	-975000/100	1970-01-01 02:00:00 +0200
===== END
===== START
B	11eeb180f6fe45449841fb2dadf6b21a	fd6e55dc4dec42448f17679f60f1e2c9	2020-06-30 18:16:10 +0300	2019-12-25 16:08:14 +0300	2019-12-25 13:59:00 +0300	95839397af674a06897deec940317c85	4 GLR LA						n	0/100	0/100	1970-01-01 02:00:00 +0200
===== END
===== START
D	11eeb180f6fe45449841fb2dadf6b21a	fd6e55dc4dec42448f17679f60f1e2c9	2020-06-30 18:16:10 +0300	2019-12-25 16:08:14 +0300	2019-12-25 13:59:00 +0300	95839397af674a06897deec940317c85	4 GLR LA						n	0/100	0/100	1970-01-01 02:00:00 +0200
===== END
===== START
B	acc84b77a309431ba49be4d435cf68bc	34e551f805aa4fd4ab218c128efad2db	2020-06-30 18:17:00 +0300	2019-11-21 13:07:59 +0300	2019-12-31 13:59:00 +0300	95839397af674a06897deec940317c85	4 GLR LA		2019 LA Kira Geliri 1/4				n	975000/100	975000/100	1970-01-01 02:00:00 +0200
B	acc84b77a309431ba49be4d435cf68bc	782fcf60d20245ee8e7d7bac94caca61	2020-06-30 18:17:00 +0300	2019-11-21 13:07:59 +0300	2019-12-31 13:59:00 +0300	2989cab05ba94d6b9b654d0567780299	Ort. Ayşe Balcı		2019 LA Kira Geliri 1/4				n	-975000/100	-975000/100	1970-01-01 02:00:00 +0200
===== END
===== START
C	acc84b77a309431ba49be4d435cf68bc	34e551f805aa4fd4ab218c128efad2db	2020-06-30 18:17:00 +0300	2019-11-21 13:07:59 +0300	2019-12-31 13:59:00 +0300	95839397af674a06897deec940317c85	4 GLR LA		2019 LA Kira Geliri 1/4				n	968170/100	968170/100	1970-01-01 02:00:00 +0200
C	acc84b77a309431ba49be4d435cf68bc	782fcf60d20245ee8e7d7bac94caca61	2020-06-30 18:17:00 +0300	2019-11-21 13:07:59 +0300	2019-12-31 13:59:00 +0300	2989cab05ba94d6b9b654d0567780299	Ort. Ayşe Balcı		2019 LA Kira Geliri 1/4				n	-968170/100	-968170/100	1970-01-01 02:00:00 +0200
===== END
===== START
B	8f2f23b1fa9649378c48b49989d26219	07c34282bbf5437e965fd2da93d59830	2020-06-30 18:17:03 +0300	2019-11-21 13:09:15 +0300	2019-12-31 13:59:00 +0300	95839397af674a06897deec940317c85	4 GLR LA		2019 LA Kira Geliri 1/4				n	975000/100	975000/100	1970-01-01 02:00:00 +0200
B	8f2f23b1fa9649378c48b49989d26219	ba8eb9d376564251a7c6e835745a79f0	2020-06-30 18:17:03 +0300	2019-11-21 13:09:15 +0300	2019-12-31 13:59:00 +0300	925040008251457dafaaa28adf28037e	Ort. AB Ls 		2019 LA Kira Geliri 1/4				n	-975000/100	-975000/100	1970-01-01 02:00:00 +0200
===== END
===== START
C	8f2f23b1fa9649378c48b49989d26219	07c34282bbf5437e965fd2da93d59830	2020-06-30 18:17:03 +0300	2019-11-21 13:09:15 +0300	2019-12-31 13:59:00 +0300	95839397af674a06897deec940317c85	4 GLR LA		2019 LA Kira Geliri 1/4				n	968170/100	968170/100	1970-01-01 02:00:00 +0200
C	8f2f23b1fa9649378c48b49989d26219	ba8eb9d376564251a7c6e835745a79f0	2020-06-30 18:17:03 +0300	2019-11-21 13:09:15 +0300	2019-12-31 13:59:00 +0300	925040008251457dafaaa28adf28037e	Ort. AB Ls 		2019 LA Kira Geliri 1/4				n	-968170/100	-968170/100	1970-01-01 02:00:00 +0200
===== END
===== START
B	174272f4e5f743fd922f37f9c0bca713	747e1d31706b40f787083b012b04b3c7	2020-06-30 18:17:07 +0300	2019-12-07 16:10:05 +0300	2019-12-31 13:59:00 +0300	95839397af674a06897deec940317c85	4 GLR LA		2019 LA Kira Geliri 1/4				n	975000/100	975000/100	1970-01-01 02:00:00 +0200
B	174272f4e5f743fd922f37f9c0bca713	67222c87ccb94c89a65238e8ec296aa2	2020-06-30 18:17:07 +0300	2019-12-07 16:10:05 +0300	2019-12-31 13:59:00 +0300	908c3f6feebf4484990b780afddb8c6d	Ort Ali Balcı		2019 LA Kira Geliri 1/4				n	-975000/100	-975000/100	1970-01-01 02:00:00 +0200
===== END
===== START
C	174272f4e5f743fd922f37f9c0bca713	747e1d31706b40f787083b012b04b3c7	2020-06-30 18:17:07 +0300	2019-12-07 16:10:05 +0300	2019-12-31 13:59:00 +0300	95839397af674a06897deec940317c85	4 GLR LA		2019 LA Kira Geliri 1/4				n	968170/100	968170/100	1970-01-01 02:00:00 +0200
C	174272f4e5f743fd922f37f9c0bca713	67222c87ccb94c89a65238e8ec296aa2	2020-06-30 18:17:07 +0300	2019-12-07 16:10:05 +0300	2019-12-31 13:59:00 +0300	908c3f6feebf4484990b780afddb8c6d	Ort Ali Balcı		2019 LA Kira Geliri 1/4				n	-968170/100	-968170/100	1970-01-01 02:00:00 +0200
===== END
===== START
B	d9860e8ffb8a4b53a55552f60a401fcc	405a8a58caa84c6fb0ee1fc68bde6529	2020-06-30 18:17:09 +0300	2020-06-30 18:10:08 +0300	2019-12-31 13:59:00 +0300	95839397af674a06897deec940317c85	4 GLR LA						n	0/100	0/100	1970-01-01 02:00:00 +0200
===== END
===== START
C	d9860e8ffb8a4b53a55552f60a401fcc	405a8a58caa84c6fb0ee1fc68bde6529	2020-06-30 18:17:09 +0300	2020-06-30 18:10:08 +0300	2019-12-31 13:59:00 +0300	95839397af674a06897deec940317c85	4 GLR LA						n	968170/100	968170/100	1970-01-01 02:00:00 +0200
C	d9860e8ffb8a4b53a55552f60a401fcc	70bb47edd80c4085b780f0b252ae51d0	2020-06-30 18:17:09 +0300	2020-06-30 18:10:08 +0300	2019-12-31 13:59:00 +0300	3a63f12134c244fa86b69fbbccbba3e0	Açık-TRY						n	-968170/100	-968170/100	1970-01-01 02:00:00 +0200
===== END
===== START
B	de1f1be3385649b9b3003a92cc1251d7	c38dc4043fae4498bb6e7367c231b314	2020-06-30 18:18:46 +0300	2020-06-30 17:57:16 +0300	2020-06-30 13:59:00 +0300	2989cab05ba94d6b9b654d0567780299	Ort. Ayşe Balcı						n	19470/100	19470/100	1970-01-01 02:00:00 +0200
B	de1f1be3385649b9b3003a92cc1251d7	5bfd79bc19e34e289ea16e70c5b01179	2020-06-30 18:18:46 +0300	2020-06-30 17:57:16 +0300	2020-06-30 13:59:00 +0300	3a63f12134c244fa86b69fbbccbba3e0	Açık-TRY						n	-19470/100	-19470/100	1970-01-01 02:00:00 +0200
===== END
===== START
C	de1f1be3385649b9b3003a92cc1251d7	c38dc4043fae4498bb6e7367c231b314	2020-06-30 18:18:46 +0300	2020-06-30 17:57:16 +0300	2020-06-30 13:59:00 +0300	2989cab05ba94d6b9b654d0567780299	Ort. Ayşe Balcı		2019 belediye				n	19470/100	19470/100	1970-01-01 02:00:00 +0200
C	de1f1be3385649b9b3003a92cc1251d7	5bfd79bc19e34e289ea16e70c5b01179	2020-06-30 18:18:46 +0300	2020-06-30 17:57:16 +0300	2020-06-30 13:59:00 +0300	deabaef30fc841ac9337e26a874ae856	100 KASA Nakit		2019 belediye				n	-19470/100	-19470/100	1970-01-01 02:00:00 +0200
===== END
===== START
B	a1d3b6a5b7e342e785aa30b9b0bf97a6	0b8fa57ebaa14a798bad6bd5cf4561f3	2020-06-30 18:26:09 +0300	2019-12-09 15:00:10 +0300	2019-12-09 13:59:00 +0300	53ca1046eb7f4b269695a3eb7de37b6c	7 GLR Gelir İdaresi		Vergi İadesi				n	43624/100	43624/100	1970-01-01 02:00:00 +0200
B	a1d3b6a5b7e342e785aa30b9b0bf97a6	2fd2d78a665b40d495dad7134d3a9bd2	2020-06-30 18:26:09 +0300	2019-12-09 15:00:10 +0300	2019-12-09 13:59:00 +0300	2989cab05ba94d6b9b654d0567780299	Ort. Ayşe Balcı		Vergi İadesi				n	-43624/100	-43624/100	1970-01-01 02:00:00 +0200
===== END
===== START
D	a1d3b6a5b7e342e785aa30b9b0bf97a6	0b8fa57ebaa14a798bad6bd5cf4561f3	2020-06-30 18:26:09 +0300	2019-12-09 15:00:10 +0300	2019-12-09 13:59:00 +0300	53ca1046eb7f4b269695a3eb7de37b6c	7 GLR Gelir İdaresi		Vergi İadesi				n	43624/100	43624/100	1970-01-01 02:00:00 +0200
D	a1d3b6a5b7e342e785aa30b9b0bf97a6	2fd2d78a665b40d495dad7134d3a9bd2	2020-06-30 18:26:09 +0300	2019-12-09 15:00:10 +0300	2019-12-09 13:59:00 +0300	2989cab05ba94d6b9b654d0567780299	Ort. Ayşe Balcı		Vergi İadesi				n	-43624/100	-43624/100	1970-01-01 02:00:00 +0200
===== END
