mod	trans_guid	split_guid	time_now	date_entered	date_posted	acc_guid	acc_name	num	description	notes	memo	action	reconciled	amount	value	date_reconciled
-----------------
===== START
D	400333dfc8314dbc912f50b7e2226abd	9cad4118c95c4f11a592483f8443c1a1	2020-06-30 15:02:25 +0300	2020-06-30 15:02:25 +0300	2020-06-30 13:59:00 +0300								n	0/1	0/100	1970-01-01 02:00:00 +0200
===== END
===== START
===== END
===== START
C	93eaa77162eb48268bef66697cde73f7	fa5fcb649420489fa23ba7d09c516aa6	2020-06-30 15:03:53 +0300	2020-06-30 15:03:53 +0300	2020-06-30 13:59:00 +0300	8db7671b8b2d47a0823b663e01ce6edc	2 TZG Salih Kaymak 		Tuzgümrüğü Kira Ödemesi Mart 2020 - Salih Kaymak				n	0/100	0/100	1970-01-01 02:00:00 +0200
===== END
===== START
===== END
===== START
C	e55c8eba35374be0bb3db4919e928ec3	90dd6caffc2644ff80d9a6362230e3f0	2020-06-30 15:03:59 +0300	2020-06-30 15:03:59 +0300	2020-06-30 13:59:00 +0300	8db7671b8b2d47a0823b663e01ce6edc	2 TZG Salih Kaymak 		Tuzgümrüğü Kira Ödemesi Mart 2020 - Salih Kaymak				n	0/100	0/100	1970-01-01 02:00:00 +0200
===== END
===== START
===== END
===== START
C	e6817206575d4980a29dcfe9cfcf3bdb	32efcae48db748ce934583a174004140	2020-06-30 15:04:03 +0300	2020-06-30 15:04:03 +0300	2020-06-30 13:59:00 +0300	8db7671b8b2d47a0823b663e01ce6edc	2 TZG Salih Kaymak 		Tuzgümrüğü Kira Ödemesi Mart 2020 - Salih Kaymak				n	0/100	0/100	1970-01-01 02:00:00 +0200
===== END
===== START
===== END
===== START
B	93eaa77162eb48268bef66697cde73f7	fa5fcb649420489fa23ba7d09c516aa6	2020-06-30 15:04:10 +0300	2020-06-30 15:03:53 +0300	2020-06-30 13:59:00 +0300	8db7671b8b2d47a0823b663e01ce6edc	2 TZG Salih Kaymak 		Tuzgümrüğü Kira Ödemesi Mart 2020 - Salih Kaymak				n	0/100	0/100	1970-01-01 02:00:00 +0200
===== END
===== START
C	93eaa77162eb48268bef66697cde73f7	fa5fcb649420489fa23ba7d09c516aa6	2020-06-30 15:04:10 +0300	2020-06-30 15:03:53 +0300	2020-06-30 13:59:00 +0300	8db7671b8b2d47a0823b663e01ce6edc	2 TZG Salih Kaymak 		Tuzgümrüğü Kira Ödemesi Mart 2020 - Salih Kaymak				n	0/100	0/100	1970-01-01 02:00:00 +0200
C	93eaa77162eb48268bef66697cde73f7	c0e65dd550444cdcaff52d2a6925f460	2020-06-30 15:04:10 +0300	2020-06-30 15:03:53 +0300	2020-06-30 13:59:00 +0300	288e0797adfd4730b0f41e4a47a7b84f	2 TZG KASA		Tuzgümrüğü Kira Ödemesi Mart 2020 - Salih Kaymak				n	0/100	0/100	1970-01-01 02:00:00 +0200
===== END
===== START
B	e55c8eba35374be0bb3db4919e928ec3	90dd6caffc2644ff80d9a6362230e3f0	2020-06-30 15:04:13 +0300	2020-06-30 15:03:59 +0300	2020-06-30 13:59:00 +0300	8db7671b8b2d47a0823b663e01ce6edc	2 TZG Salih Kaymak 		Tuzgümrüğü Kira Ödemesi Mart 2020 - Salih Kaymak				n	0/100	0/100	1970-01-01 02:00:00 +0200
===== END
===== START
C	e55c8eba35374be0bb3db4919e928ec3	90dd6caffc2644ff80d9a6362230e3f0	2020-06-30 15:04:13 +0300	2020-06-30 15:03:59 +0300	2020-06-30 13:59:00 +0300	8db7671b8b2d47a0823b663e01ce6edc	2 TZG Salih Kaymak 		Tuzgümrüğü Kira Ödemesi Mart 2020 - Salih Kaymak				n	0/100	0/100	1970-01-01 02:00:00 +0200
C	e55c8eba35374be0bb3db4919e928ec3	04d9a07f1cf84f5f8b4ae5abe192f06d	2020-06-30 15:04:13 +0300	2020-06-30 15:03:59 +0300	2020-06-30 13:59:00 +0300	288e0797adfd4730b0f41e4a47a7b84f	2 TZG KASA		Tuzgümrüğü Kira Ödemesi Mart 2020 - Salih Kaymak				n	0/100	0/100	1970-01-01 02:00:00 +0200
===== END
===== START
B	e6817206575d4980a29dcfe9cfcf3bdb	32efcae48db748ce934583a174004140	2020-06-30 15:04:17 +0300	2020-06-30 15:04:03 +0300	2020-06-30 13:59:00 +0300	8db7671b8b2d47a0823b663e01ce6edc	2 TZG Salih Kaymak 		Tuzgümrüğü Kira Ödemesi Mart 2020 - Salih Kaymak				n	0/100	0/100	1970-01-01 02:00:00 +0200
===== END
===== START
C	e6817206575d4980a29dcfe9cfcf3bdb	32efcae48db748ce934583a174004140	2020-06-30 15:04:17 +0300	2020-06-30 15:04:03 +0300	2020-06-30 13:59:00 +0300	8db7671b8b2d47a0823b663e01ce6edc	2 TZG Salih Kaymak 		Tuzgümrüğü Kira Ödemesi Mart 2020 - Salih Kaymak				n	0/100	0/100	1970-01-01 02:00:00 +0200
C	e6817206575d4980a29dcfe9cfcf3bdb	b7fcb56eb7074448a265e61d7d603b86	2020-06-30 15:04:17 +0300	2020-06-30 15:04:03 +0300	2020-06-30 13:59:00 +0300	288e0797adfd4730b0f41e4a47a7b84f	2 TZG KASA		Tuzgümrüğü Kira Ödemesi Mart 2020 - Salih Kaymak				n	0/100	0/100	1970-01-01 02:00:00 +0200
===== END
===== START
B	93eaa77162eb48268bef66697cde73f7	fa5fcb649420489fa23ba7d09c516aa6	2020-06-30 15:04:34 +0300	2020-06-30 15:03:53 +0300	2020-06-30 13:59:00 +0300	8db7671b8b2d47a0823b663e01ce6edc	2 TZG Salih Kaymak 		Tuzgümrüğü Kira Ödemesi Mart 2020 - Salih Kaymak				n	0/100	0/100	1970-01-01 02:00:00 +0200
B	93eaa77162eb48268bef66697cde73f7	c0e65dd550444cdcaff52d2a6925f460	2020-06-30 15:04:34 +0300	2020-06-30 15:03:53 +0300	2020-06-30 13:59:00 +0300	288e0797adfd4730b0f41e4a47a7b84f	2 TZG KASA		Tuzgümrüğü Kira Ödemesi Mart 2020 - Salih Kaymak				n	0/100	0/100	1970-01-01 02:00:00 +0200
===== END
===== START
C	93eaa77162eb48268bef66697cde73f7	fa5fcb649420489fa23ba7d09c516aa6	2020-06-30 15:04:34 +0300	2020-06-30 15:03:53 +0300	2020-06-30 13:59:00 +0300	8db7671b8b2d47a0823b663e01ce6edc	2 TZG Salih Kaymak 		Tuzgümrüğü Kira Ödemesi Nisan 2020 - Salih Kaymak				n	0/100	0/100	1970-01-01 02:00:00 +0200
C	93eaa77162eb48268bef66697cde73f7	c0e65dd550444cdcaff52d2a6925f460	2020-06-30 15:04:34 +0300	2020-06-30 15:03:53 +0300	2020-06-30 13:59:00 +0300	288e0797adfd4730b0f41e4a47a7b84f	2 TZG KASA		Tuzgümrüğü Kira Ödemesi Nisan 2020 - Salih Kaymak				n	0/100	0/100	1970-01-01 02:00:00 +0200
===== END
===== START
B	93eaa77162eb48268bef66697cde73f7	fa5fcb649420489fa23ba7d09c516aa6	2020-06-30 15:04:50 +0300	2020-06-30 15:03:53 +0300	2020-06-30 13:59:00 +0300	8db7671b8b2d47a0823b663e01ce6edc	2 TZG Salih Kaymak 		Tuzgümrüğü Kira Ödemesi Nisan 2020 - Salih Kaymak				n	0/100	0/100	1970-01-01 02:00:00 +0200
B	93eaa77162eb48268bef66697cde73f7	c0e65dd550444cdcaff52d2a6925f460	2020-06-30 15:04:50 +0300	2020-06-30 15:03:53 +0300	2020-06-30 13:59:00 +0300	288e0797adfd4730b0f41e4a47a7b84f	2 TZG KASA		Tuzgümrüğü Kira Ödemesi Nisan 2020 - Salih Kaymak				n	0/100	0/100	1970-01-01 02:00:00 +0200
===== END
===== START
C	93eaa77162eb48268bef66697cde73f7	fa5fcb649420489fa23ba7d09c516aa6	2020-06-30 15:04:50 +0300	2020-06-30 15:03:53 +0300	2020-04-22 13:59:00 +0300	8db7671b8b2d47a0823b663e01ce6edc	2 TZG Salih Kaymak 		Tuzgümrüğü Kira Ödemesi Nisan 2020 - Salih Kaymak				n	0/100	0/100	1970-01-01 02:00:00 +0200
C	93eaa77162eb48268bef66697cde73f7	c0e65dd550444cdcaff52d2a6925f460	2020-06-30 15:04:50 +0300	2020-06-30 15:03:53 +0300	2020-04-22 13:59:00 +0300	288e0797adfd4730b0f41e4a47a7b84f	2 TZG KASA		Tuzgümrüğü Kira Ödemesi Nisan 2020 - Salih Kaymak				n	0/100	0/100	1970-01-01 02:00:00 +0200
===== END
===== START
B	e55c8eba35374be0bb3db4919e928ec3	90dd6caffc2644ff80d9a6362230e3f0	2020-06-30 15:04:58 +0300	2020-06-30 15:03:59 +0300	2020-06-30 13:59:00 +0300	8db7671b8b2d47a0823b663e01ce6edc	2 TZG Salih Kaymak 		Tuzgümrüğü Kira Ödemesi Mart 2020 - Salih Kaymak				n	0/100	0/100	1970-01-01 02:00:00 +0200
B	e55c8eba35374be0bb3db4919e928ec3	04d9a07f1cf84f5f8b4ae5abe192f06d	2020-06-30 15:04:58 +0300	2020-06-30 15:03:59 +0300	2020-06-30 13:59:00 +0300	288e0797adfd4730b0f41e4a47a7b84f	2 TZG KASA		Tuzgümrüğü Kira Ödemesi Mart 2020 - Salih Kaymak				n	0/100	0/100	1970-01-01 02:00:00 +0200
===== END
===== START
C	e55c8eba35374be0bb3db4919e928ec3	90dd6caffc2644ff80d9a6362230e3f0	2020-06-30 15:04:58 +0300	2020-06-30 15:03:59 +0300	2020-05-22 13:59:00 +0300	8db7671b8b2d47a0823b663e01ce6edc	2 TZG Salih Kaymak 		Tuzgümrüğü Kira Ödemesi Mart 2020 - Salih Kaymak				n	0/100	0/100	1970-01-01 02:00:00 +0200
C	e55c8eba35374be0bb3db4919e928ec3	04d9a07f1cf84f5f8b4ae5abe192f06d	2020-06-30 15:04:58 +0300	2020-06-30 15:03:59 +0300	2020-05-22 13:59:00 +0300	288e0797adfd4730b0f41e4a47a7b84f	2 TZG KASA		Tuzgümrüğü Kira Ödemesi Mart 2020 - Salih Kaymak				n	0/100	0/100	1970-01-01 02:00:00 +0200
===== END
===== START
B	e6817206575d4980a29dcfe9cfcf3bdb	32efcae48db748ce934583a174004140	2020-06-30 15:05:02 +0300	2020-06-30 15:04:03 +0300	2020-06-30 13:59:00 +0300	8db7671b8b2d47a0823b663e01ce6edc	2 TZG Salih Kaymak 		Tuzgümrüğü Kira Ödemesi Mart 2020 - Salih Kaymak				n	0/100	0/100	1970-01-01 02:00:00 +0200
B	e6817206575d4980a29dcfe9cfcf3bdb	b7fcb56eb7074448a265e61d7d603b86	2020-06-30 15:05:02 +0300	2020-06-30 15:04:03 +0300	2020-06-30 13:59:00 +0300	288e0797adfd4730b0f41e4a47a7b84f	2 TZG KASA		Tuzgümrüğü Kira Ödemesi Mart 2020 - Salih Kaymak				n	0/100	0/100	1970-01-01 02:00:00 +0200
===== END
===== START
C	e6817206575d4980a29dcfe9cfcf3bdb	32efcae48db748ce934583a174004140	2020-06-30 15:05:02 +0300	2020-06-30 15:04:03 +0300	2020-06-22 13:59:00 +0300	8db7671b8b2d47a0823b663e01ce6edc	2 TZG Salih Kaymak 		Tuzgümrüğü Kira Ödemesi Mart 2020 - Salih Kaymak				n	0/100	0/100	1970-01-01 02:00:00 +0200
C	e6817206575d4980a29dcfe9cfcf3bdb	b7fcb56eb7074448a265e61d7d603b86	2020-06-30 15:05:02 +0300	2020-06-30 15:04:03 +0300	2020-06-22 13:59:00 +0300	288e0797adfd4730b0f41e4a47a7b84f	2 TZG KASA		Tuzgümrüğü Kira Ödemesi Mart 2020 - Salih Kaymak				n	0/100	0/100	1970-01-01 02:00:00 +0200
===== END
===== START
B	e55c8eba35374be0bb3db4919e928ec3	90dd6caffc2644ff80d9a6362230e3f0	2020-06-30 15:05:14 +0300	2020-06-30 15:03:59 +0300	2020-05-22 13:59:00 +0300	8db7671b8b2d47a0823b663e01ce6edc	2 TZG Salih Kaymak 		Tuzgümrüğü Kira Ödemesi Mart 2020 - Salih Kaymak				n	0/100	0/100	1970-01-01 02:00:00 +0200
B	e55c8eba35374be0bb3db4919e928ec3	04d9a07f1cf84f5f8b4ae5abe192f06d	2020-06-30 15:05:14 +0300	2020-06-30 15:03:59 +0300	2020-05-22 13:59:00 +0300	288e0797adfd4730b0f41e4a47a7b84f	2 TZG KASA		Tuzgümrüğü Kira Ödemesi Mart 2020 - Salih Kaymak				n	0/100	0/100	1970-01-01 02:00:00 +0200
===== END
===== START
C	e55c8eba35374be0bb3db4919e928ec3	90dd6caffc2644ff80d9a6362230e3f0	2020-06-30 15:05:14 +0300	2020-06-30 15:03:59 +0300	2020-05-22 13:59:00 +0300	8db7671b8b2d47a0823b663e01ce6edc	2 TZG Salih Kaymak 		Tuzgümrüğü Kira Ödemesi Mayıs 2020 - Salih Kaymak				n	0/100	0/100	1970-01-01 02:00:00 +0200
C	e55c8eba35374be0bb3db4919e928ec3	04d9a07f1cf84f5f8b4ae5abe192f06d	2020-06-30 15:05:14 +0300	2020-06-30 15:03:59 +0300	2020-05-22 13:59:00 +0300	288e0797adfd4730b0f41e4a47a7b84f	2 TZG KASA		Tuzgümrüğü Kira Ödemesi Mayıs 2020 - Salih Kaymak				n	0/100	0/100	1970-01-01 02:00:00 +0200
===== END
===== START
B	e6817206575d4980a29dcfe9cfcf3bdb	32efcae48db748ce934583a174004140	2020-06-30 15:05:23 +0300	2020-06-30 15:04:03 +0300	2020-06-22 13:59:00 +0300	8db7671b8b2d47a0823b663e01ce6edc	2 TZG Salih Kaymak 		Tuzgümrüğü Kira Ödemesi Mart 2020 - Salih Kaymak				n	0/100	0/100	1970-01-01 02:00:00 +0200
B	e6817206575d4980a29dcfe9cfcf3bdb	b7fcb56eb7074448a265e61d7d603b86	2020-06-30 15:05:23 +0300	2020-06-30 15:04:03 +0300	2020-06-22 13:59:00 +0300	288e0797adfd4730b0f41e4a47a7b84f	2 TZG KASA		Tuzgümrüğü Kira Ödemesi Mart 2020 - Salih Kaymak				n	0/100	0/100	1970-01-01 02:00:00 +0200
===== END
===== START
C	e6817206575d4980a29dcfe9cfcf3bdb	32efcae48db748ce934583a174004140	2020-06-30 15:05:23 +0300	2020-06-30 15:04:03 +0300	2020-06-22 13:59:00 +0300	8db7671b8b2d47a0823b663e01ce6edc	2 TZG Salih Kaymak 		Tuzgümrüğü Kira Ödemesi Haziran 2020 - Salih Kaymak				n	0/100	0/100	1970-01-01 02:00:00 +0200
C	e6817206575d4980a29dcfe9cfcf3bdb	b7fcb56eb7074448a265e61d7d603b86	2020-06-30 15:05:23 +0300	2020-06-30 15:04:03 +0300	2020-06-22 13:59:00 +0300	288e0797adfd4730b0f41e4a47a7b84f	2 TZG KASA		Tuzgümrüğü Kira Ödemesi Haziran 2020 - Salih Kaymak				n	0/100	0/100	1970-01-01 02:00:00 +0200
===== END
===== START
B	93eaa77162eb48268bef66697cde73f7	fa5fcb649420489fa23ba7d09c516aa6	2020-06-30 15:05:51 +0300	2020-06-30 15:03:53 +0300	2020-04-22 13:59:00 +0300	8db7671b8b2d47a0823b663e01ce6edc	2 TZG Salih Kaymak 		Tuzgümrüğü Kira Ödemesi Nisan 2020 - Salih Kaymak				n	0/100	0/100	1970-01-01 02:00:00 +0200
B	93eaa77162eb48268bef66697cde73f7	c0e65dd550444cdcaff52d2a6925f460	2020-06-30 15:05:51 +0300	2020-06-30 15:03:53 +0300	2020-04-22 13:59:00 +0300	288e0797adfd4730b0f41e4a47a7b84f	2 TZG KASA		Tuzgümrüğü Kira Ödemesi Nisan 2020 - Salih Kaymak				n	0/100	0/100	1970-01-01 02:00:00 +0200
===== END
===== START
C	93eaa77162eb48268bef66697cde73f7	fa5fcb649420489fa23ba7d09c516aa6	2020-06-30 15:05:51 +0300	2020-06-30 15:03:53 +0300	2020-04-22 13:59:00 +0300	8db7671b8b2d47a0823b663e01ce6edc	2 TZG Salih Kaymak 		Tuzgümrüğü Kira Ödemesi Nisan 2020 - Salih Kaymak				n	-40000/100	-40000/100	1970-01-01 02:00:00 +0200
C	93eaa77162eb48268bef66697cde73f7	c0e65dd550444cdcaff52d2a6925f460	2020-06-30 15:05:51 +0300	2020-06-30 15:03:53 +0300	2020-04-22 13:59:00 +0300	288e0797adfd4730b0f41e4a47a7b84f	2 TZG KASA		Tuzgümrüğü Kira Ödemesi Nisan 2020 - Salih Kaymak				n	40000/100	40000/100	1970-01-01 02:00:00 +0200
===== END
===== START
B	e55c8eba35374be0bb3db4919e928ec3	90dd6caffc2644ff80d9a6362230e3f0	2020-06-30 15:05:53 +0300	2020-06-30 15:03:59 +0300	2020-05-22 13:59:00 +0300	8db7671b8b2d47a0823b663e01ce6edc	2 TZG Salih Kaymak 		Tuzgümrüğü Kira Ödemesi Mayıs 2020 - Salih Kaymak				n	0/100	0/100	1970-01-01 02:00:00 +0200
B	e55c8eba35374be0bb3db4919e928ec3	04d9a07f1cf84f5f8b4ae5abe192f06d	2020-06-30 15:05:53 +0300	2020-06-30 15:03:59 +0300	2020-05-22 13:59:00 +0300	288e0797adfd4730b0f41e4a47a7b84f	2 TZG KASA		Tuzgümrüğü Kira Ödemesi Mayıs 2020 - Salih Kaymak				n	0/100	0/100	1970-01-01 02:00:00 +0200
===== END
===== START
C	e55c8eba35374be0bb3db4919e928ec3	90dd6caffc2644ff80d9a6362230e3f0	2020-06-30 15:05:53 +0300	2020-06-30 15:03:59 +0300	2020-05-22 13:59:00 +0300	8db7671b8b2d47a0823b663e01ce6edc	2 TZG Salih Kaymak 		Tuzgümrüğü Kira Ödemesi Mayıs 2020 - Salih Kaymak				n	-40000/100	-40000/100	1970-01-01 02:00:00 +0200
C	e55c8eba35374be0bb3db4919e928ec3	04d9a07f1cf84f5f8b4ae5abe192f06d	2020-06-30 15:05:53 +0300	2020-06-30 15:03:59 +0300	2020-05-22 13:59:00 +0300	288e0797adfd4730b0f41e4a47a7b84f	2 TZG KASA		Tuzgümrüğü Kira Ödemesi Mayıs 2020 - Salih Kaymak				n	40000/100	40000/100	1970-01-01 02:00:00 +0200
===== END
===== START
B	e6817206575d4980a29dcfe9cfcf3bdb	32efcae48db748ce934583a174004140	2020-06-30 15:06:05 +0300	2020-06-30 15:04:03 +0300	2020-06-22 13:59:00 +0300	8db7671b8b2d47a0823b663e01ce6edc	2 TZG Salih Kaymak 		Tuzgümrüğü Kira Ödemesi Haziran 2020 - Salih Kaymak				n	0/100	0/100	1970-01-01 02:00:00 +0200
B	e6817206575d4980a29dcfe9cfcf3bdb	b7fcb56eb7074448a265e61d7d603b86	2020-06-30 15:06:05 +0300	2020-06-30 15:04:03 +0300	2020-06-22 13:59:00 +0300	288e0797adfd4730b0f41e4a47a7b84f	2 TZG KASA		Tuzgümrüğü Kira Ödemesi Haziran 2020 - Salih Kaymak				n	0/100	0/100	1970-01-01 02:00:00 +0200
===== END
===== START
C	e6817206575d4980a29dcfe9cfcf3bdb	32efcae48db748ce934583a174004140	2020-06-30 15:06:05 +0300	2020-06-30 15:04:03 +0300	2020-06-22 13:59:00 +0300	8db7671b8b2d47a0823b663e01ce6edc	2 TZG Salih Kaymak 		Tuzgümrüğü Kira Ödemesi Haziran 2020 - Salih Kaymak				n	-80000/100	-80000/100	1970-01-01 02:00:00 +0200
C	e6817206575d4980a29dcfe9cfcf3bdb	b7fcb56eb7074448a265e61d7d603b86	2020-06-30 15:06:05 +0300	2020-06-30 15:04:03 +0300	2020-06-22 13:59:00 +0300	288e0797adfd4730b0f41e4a47a7b84f	2 TZG KASA		Tuzgümrüğü Kira Ödemesi Haziran 2020 - Salih Kaymak				n	80000/100	80000/100	1970-01-01 02:00:00 +0200
===== END
===== START
C	10f2b5098f5347789bd70816edd59e69	90c80f9c510444f09a452a26c90c7aa1	2020-06-30 15:06:12 +0300	2020-06-30 15:06:12 +0300	2020-06-30 13:59:00 +0300	8db7671b8b2d47a0823b663e01ce6edc	2 TZG Salih Kaymak 						n	0/100	0/100	1970-01-01 02:00:00 +0200
C	10f2b5098f5347789bd70816edd59e69	17820ffd1b1d46aa8c9b60c36fd3de41	2020-06-30 15:06:12 +0300	2020-06-30 15:06:12 +0300	2020-06-30 13:59:00 +0300	3fe60e48253e4208b4394cab587558c9	2 GLR TZG						n	0/100	0/100	1970-01-01 02:00:00 +0200
===== END
===== START
===== END
===== START
C	03dfed3a6d2f41f5bd139aead090fe4c	6a566d9e0ce84ea7a82b98edd8d87b05	2020-06-30 15:06:20 +0300	2020-06-30 15:06:20 +0300	2020-06-30 13:59:00 +0300	8db7671b8b2d47a0823b663e01ce6edc	2 TZG Salih Kaymak 						n	0/100	0/100	1970-01-01 02:00:00 +0200
C	03dfed3a6d2f41f5bd139aead090fe4c	a4e302bd57d84be1b976977524ce9394	2020-06-30 15:06:20 +0300	2020-06-30 15:06:20 +0300	2020-06-30 13:59:00 +0300	3fe60e48253e4208b4394cab587558c9	2 GLR TZG						n	0/100	0/100	1970-01-01 02:00:00 +0200
===== END
===== START
===== END
===== START
C	7d43a20b72194b468954aee1fd46289f	f981c6dcc5ca4f73b27e2fd5ff4f296f	2020-06-30 15:06:25 +0300	2020-06-30 15:06:25 +0300	2020-06-30 13:59:00 +0300	8db7671b8b2d47a0823b663e01ce6edc	2 TZG Salih Kaymak 						n	0/100	0/100	1970-01-01 02:00:00 +0200
C	7d43a20b72194b468954aee1fd46289f	c76d6e7f57a3477f8a890e708b7c7888	2020-06-30 15:06:25 +0300	2020-06-30 15:06:25 +0300	2020-06-30 13:59:00 +0300	3fe60e48253e4208b4394cab587558c9	2 GLR TZG						n	0/100	0/100	1970-01-01 02:00:00 +0200
===== END
===== START
===== END
===== START
B	10f2b5098f5347789bd70816edd59e69	90c80f9c510444f09a452a26c90c7aa1	2020-06-30 15:06:38 +0300	2020-06-30 15:06:12 +0300	2020-06-30 13:59:00 +0300	8db7671b8b2d47a0823b663e01ce6edc	2 TZG Salih Kaymak 						n	0/100	0/100	1970-01-01 02:00:00 +0200
B	10f2b5098f5347789bd70816edd59e69	17820ffd1b1d46aa8c9b60c36fd3de41	2020-06-30 15:06:38 +0300	2020-06-30 15:06:12 +0300	2020-06-30 13:59:00 +0300	3fe60e48253e4208b4394cab587558c9	2 GLR TZG						n	0/100	0/100	1970-01-01 02:00:00 +0200
===== END
===== START
C	10f2b5098f5347789bd70816edd59e69	90c80f9c510444f09a452a26c90c7aa1	2020-06-30 15:06:38 +0300	2020-06-30 15:06:12 +0300	2020-06-30 13:59:00 +0300	8db7671b8b2d47a0823b663e01ce6edc	2 TZG Salih Kaymak 		Tzg Kira Bedeli Mart 2020 - Salih Kaymak				n	0/100	0/100	1970-01-01 02:00:00 +0200
C	10f2b5098f5347789bd70816edd59e69	17820ffd1b1d46aa8c9b60c36fd3de41	2020-06-30 15:06:38 +0300	2020-06-30 15:06:12 +0300	2020-06-30 13:59:00 +0300	3fe60e48253e4208b4394cab587558c9	2 GLR TZG		Tzg Kira Bedeli Mart 2020 - Salih Kaymak				n	0/100	0/100	1970-01-01 02:00:00 +0200
===== END
===== START
B	03dfed3a6d2f41f5bd139aead090fe4c	6a566d9e0ce84ea7a82b98edd8d87b05	2020-06-30 15:06:39 +0300	2020-06-30 15:06:20 +0300	2020-06-30 13:59:00 +0300	8db7671b8b2d47a0823b663e01ce6edc	2 TZG Salih Kaymak 						n	0/100	0/100	1970-01-01 02:00:00 +0200
B	03dfed3a6d2f41f5bd139aead090fe4c	a4e302bd57d84be1b976977524ce9394	2020-06-30 15:06:39 +0300	2020-06-30 15:06:20 +0300	2020-06-30 13:59:00 +0300	3fe60e48253e4208b4394cab587558c9	2 GLR TZG						n	0/100	0/100	1970-01-01 02:00:00 +0200
===== END
===== START
C	03dfed3a6d2f41f5bd139aead090fe4c	6a566d9e0ce84ea7a82b98edd8d87b05	2020-06-30 15:06:39 +0300	2020-06-30 15:06:20 +0300	2020-06-30 13:59:00 +0300	8db7671b8b2d47a0823b663e01ce6edc	2 TZG Salih Kaymak 		Tzg Kira Bedeli Mart 2020 - Salih Kaymak				n	0/100	0/100	1970-01-01 02:00:00 +0200
C	03dfed3a6d2f41f5bd139aead090fe4c	a4e302bd57d84be1b976977524ce9394	2020-06-30 15:06:39 +0300	2020-06-30 15:06:20 +0300	2020-06-30 13:59:00 +0300	3fe60e48253e4208b4394cab587558c9	2 GLR TZG		Tzg Kira Bedeli Mart 2020 - Salih Kaymak				n	0/100	0/100	1970-01-01 02:00:00 +0200
===== END
===== START
B	7d43a20b72194b468954aee1fd46289f	f981c6dcc5ca4f73b27e2fd5ff4f296f	2020-06-30 15:06:40 +0300	2020-06-30 15:06:25 +0300	2020-06-30 13:59:00 +0300	8db7671b8b2d47a0823b663e01ce6edc	2 TZG Salih Kaymak 						n	0/100	0/100	1970-01-01 02:00:00 +0200
B	7d43a20b72194b468954aee1fd46289f	c76d6e7f57a3477f8a890e708b7c7888	2020-06-30 15:06:40 +0300	2020-06-30 15:06:25 +0300	2020-06-30 13:59:00 +0300	3fe60e48253e4208b4394cab587558c9	2 GLR TZG						n	0/100	0/100	1970-01-01 02:00:00 +0200
===== END
===== START
C	7d43a20b72194b468954aee1fd46289f	f981c6dcc5ca4f73b27e2fd5ff4f296f	2020-06-30 15:06:40 +0300	2020-06-30 15:06:25 +0300	2020-06-30 13:59:00 +0300	8db7671b8b2d47a0823b663e01ce6edc	2 TZG Salih Kaymak 		Tzg Kira Bedeli Mart 2020 - Salih Kaymak				n	0/100	0/100	1970-01-01 02:00:00 +0200
C	7d43a20b72194b468954aee1fd46289f	c76d6e7f57a3477f8a890e708b7c7888	2020-06-30 15:06:40 +0300	2020-06-30 15:06:25 +0300	2020-06-30 13:59:00 +0300	3fe60e48253e4208b4394cab587558c9	2 GLR TZG		Tzg Kira Bedeli Mart 2020 - Salih Kaymak				n	0/100	0/100	1970-01-01 02:00:00 +0200
===== END
===== START
B	10f2b5098f5347789bd70816edd59e69	90c80f9c510444f09a452a26c90c7aa1	2020-06-30 15:06:49 +0300	2020-06-30 15:06:12 +0300	2020-06-30 13:59:00 +0300	8db7671b8b2d47a0823b663e01ce6edc	2 TZG Salih Kaymak 		Tzg Kira Bedeli Mart 2020 - Salih Kaymak				n	0/100	0/100	1970-01-01 02:00:00 +0200
B	10f2b5098f5347789bd70816edd59e69	17820ffd1b1d46aa8c9b60c36fd3de41	2020-06-30 15:06:49 +0300	2020-06-30 15:06:12 +0300	2020-06-30 13:59:00 +0300	3fe60e48253e4208b4394cab587558c9	2 GLR TZG		Tzg Kira Bedeli Mart 2020 - Salih Kaymak				n	0/100	0/100	1970-01-01 02:00:00 +0200
===== END
===== START
C	10f2b5098f5347789bd70816edd59e69	90c80f9c510444f09a452a26c90c7aa1	2020-06-30 15:06:49 +0300	2020-06-30 15:06:12 +0300	2020-06-30 13:59:00 +0300	8db7671b8b2d47a0823b663e01ce6edc	2 TZG Salih Kaymak 		Tzg Kira Bedeli Hisan 2020 - Salih Kaymak				n	0/100	0/100	1970-01-01 02:00:00 +0200
C	10f2b5098f5347789bd70816edd59e69	17820ffd1b1d46aa8c9b60c36fd3de41	2020-06-30 15:06:49 +0300	2020-06-30 15:06:12 +0300	2020-06-30 13:59:00 +0300	3fe60e48253e4208b4394cab587558c9	2 GLR TZG		Tzg Kira Bedeli Hisan 2020 - Salih Kaymak				n	0/100	0/100	1970-01-01 02:00:00 +0200
===== END
===== START
B	10f2b5098f5347789bd70816edd59e69	90c80f9c510444f09a452a26c90c7aa1	2020-06-30 15:07:12 +0300	2020-06-30 15:06:12 +0300	2020-06-30 13:59:00 +0300	8db7671b8b2d47a0823b663e01ce6edc	2 TZG Salih Kaymak 		Tzg Kira Bedeli Hisan 2020 - Salih Kaymak				n	0/100	0/100	1970-01-01 02:00:00 +0200
B	10f2b5098f5347789bd70816edd59e69	17820ffd1b1d46aa8c9b60c36fd3de41	2020-06-30 15:07:12 +0300	2020-06-30 15:06:12 +0300	2020-06-30 13:59:00 +0300	3fe60e48253e4208b4394cab587558c9	2 GLR TZG		Tzg Kira Bedeli Hisan 2020 - Salih Kaymak				n	0/100	0/100	1970-01-01 02:00:00 +0200
===== END
===== START
C	10f2b5098f5347789bd70816edd59e69	90c80f9c510444f09a452a26c90c7aa1	2020-06-30 15:07:12 +0300	2020-06-30 15:06:12 +0300	2020-04-21 13:59:00 +0300	8db7671b8b2d47a0823b663e01ce6edc	2 TZG Salih Kaymak 		Tzg Kira Bedeli Hisan 2020 - Salih Kaymak				n	0/100	0/100	1970-01-01 02:00:00 +0200
C	10f2b5098f5347789bd70816edd59e69	17820ffd1b1d46aa8c9b60c36fd3de41	2020-06-30 15:07:12 +0300	2020-06-30 15:06:12 +0300	2020-04-21 13:59:00 +0300	3fe60e48253e4208b4394cab587558c9	2 GLR TZG		Tzg Kira Bedeli Hisan 2020 - Salih Kaymak				n	0/100	0/100	1970-01-01 02:00:00 +0200
===== END
===== START
B	03dfed3a6d2f41f5bd139aead090fe4c	6a566d9e0ce84ea7a82b98edd8d87b05	2020-06-30 15:07:17 +0300	2020-06-30 15:06:20 +0300	2020-06-30 13:59:00 +0300	8db7671b8b2d47a0823b663e01ce6edc	2 TZG Salih Kaymak 		Tzg Kira Bedeli Mart 2020 - Salih Kaymak				n	0/100	0/100	1970-01-01 02:00:00 +0200
B	03dfed3a6d2f41f5bd139aead090fe4c	a4e302bd57d84be1b976977524ce9394	2020-06-30 15:07:17 +0300	2020-06-30 15:06:20 +0300	2020-06-30 13:59:00 +0300	3fe60e48253e4208b4394cab587558c9	2 GLR TZG		Tzg Kira Bedeli Mart 2020 - Salih Kaymak				n	0/100	0/100	1970-01-01 02:00:00 +0200
===== END
===== START
C	03dfed3a6d2f41f5bd139aead090fe4c	6a566d9e0ce84ea7a82b98edd8d87b05	2020-06-30 15:07:17 +0300	2020-06-30 15:06:20 +0300	2020-05-21 13:59:00 +0300	8db7671b8b2d47a0823b663e01ce6edc	2 TZG Salih Kaymak 		Tzg Kira Bedeli Mart 2020 - Salih Kaymak				n	0/100	0/100	1970-01-01 02:00:00 +0200
C	03dfed3a6d2f41f5bd139aead090fe4c	a4e302bd57d84be1b976977524ce9394	2020-06-30 15:07:17 +0300	2020-06-30 15:06:20 +0300	2020-05-21 13:59:00 +0300	3fe60e48253e4208b4394cab587558c9	2 GLR TZG		Tzg Kira Bedeli Mart 2020 - Salih Kaymak				n	0/100	0/100	1970-01-01 02:00:00 +0200
===== END
===== START
B	7d43a20b72194b468954aee1fd46289f	f981c6dcc5ca4f73b27e2fd5ff4f296f	2020-06-30 15:07:21 +0300	2020-06-30 15:06:25 +0300	2020-06-30 13:59:00 +0300	8db7671b8b2d47a0823b663e01ce6edc	2 TZG Salih Kaymak 		Tzg Kira Bedeli Mart 2020 - Salih Kaymak				n	0/100	0/100	1970-01-01 02:00:00 +0200
B	7d43a20b72194b468954aee1fd46289f	c76d6e7f57a3477f8a890e708b7c7888	2020-06-30 15:07:21 +0300	2020-06-30 15:06:25 +0300	2020-06-30 13:59:00 +0300	3fe60e48253e4208b4394cab587558c9	2 GLR TZG		Tzg Kira Bedeli Mart 2020 - Salih Kaymak				n	0/100	0/100	1970-01-01 02:00:00 +0200
===== END
===== START
C	7d43a20b72194b468954aee1fd46289f	f981c6dcc5ca4f73b27e2fd5ff4f296f	2020-06-30 15:07:21 +0300	2020-06-30 15:06:25 +0300	2020-06-21 13:59:00 +0300	8db7671b8b2d47a0823b663e01ce6edc	2 TZG Salih Kaymak 		Tzg Kira Bedeli Mart 2020 - Salih Kaymak				n	0/100	0/100	1970-01-01 02:00:00 +0200
C	7d43a20b72194b468954aee1fd46289f	c76d6e7f57a3477f8a890e708b7c7888	2020-06-30 15:07:21 +0300	2020-06-30 15:06:25 +0300	2020-06-21 13:59:00 +0300	3fe60e48253e4208b4394cab587558c9	2 GLR TZG		Tzg Kira Bedeli Mart 2020 - Salih Kaymak				n	0/100	0/100	1970-01-01 02:00:00 +0200
===== END
===== START
B	7d43a20b72194b468954aee1fd46289f	f981c6dcc5ca4f73b27e2fd5ff4f296f	2020-06-30 15:07:32 +0300	2020-06-30 15:06:25 +0300	2020-06-21 13:59:00 +0300	8db7671b8b2d47a0823b663e01ce6edc	2 TZG Salih Kaymak 		Tzg Kira Bedeli Mart 2020 - Salih Kaymak				n	0/100	0/100	1970-01-01 02:00:00 +0200
B	7d43a20b72194b468954aee1fd46289f	c76d6e7f57a3477f8a890e708b7c7888	2020-06-30 15:07:32 +0300	2020-06-30 15:06:25 +0300	2020-06-21 13:59:00 +0300	3fe60e48253e4208b4394cab587558c9	2 GLR TZG		Tzg Kira Bedeli Mart 2020 - Salih Kaymak				n	0/100	0/100	1970-01-01 02:00:00 +0200
===== END
===== START
C	7d43a20b72194b468954aee1fd46289f	f981c6dcc5ca4f73b27e2fd5ff4f296f	2020-06-30 15:07:32 +0300	2020-06-30 15:06:25 +0300	2020-06-21 13:59:00 +0300	8db7671b8b2d47a0823b663e01ce6edc	2 TZG Salih Kaymak 		Tzg Kira Bedeli Haziran 2020 - Salih Kaymak				n	0/100	0/100	1970-01-01 02:00:00 +0200
C	7d43a20b72194b468954aee1fd46289f	c76d6e7f57a3477f8a890e708b7c7888	2020-06-30 15:07:32 +0300	2020-06-30 15:06:25 +0300	2020-06-21 13:59:00 +0300	3fe60e48253e4208b4394cab587558c9	2 GLR TZG		Tzg Kira Bedeli Haziran 2020 - Salih Kaymak				n	0/100	0/100	1970-01-01 02:00:00 +0200
===== END
===== START
B	7d43a20b72194b468954aee1fd46289f	f981c6dcc5ca4f73b27e2fd5ff4f296f	2020-06-30 15:07:44 +0300	2020-06-30 15:06:25 +0300	2020-06-21 13:59:00 +0300	8db7671b8b2d47a0823b663e01ce6edc	2 TZG Salih Kaymak 		Tzg Kira Bedeli Haziran 2020 - Salih Kaymak				n	0/100	0/100	1970-01-01 02:00:00 +0200
B	7d43a20b72194b468954aee1fd46289f	c76d6e7f57a3477f8a890e708b7c7888	2020-06-30 15:07:44 +0300	2020-06-30 15:06:25 +0300	2020-06-21 13:59:00 +0300	3fe60e48253e4208b4394cab587558c9	2 GLR TZG		Tzg Kira Bedeli Haziran 2020 - Salih Kaymak				n	0/100	0/100	1970-01-01 02:00:00 +0200
===== END
===== START
C	7d43a20b72194b468954aee1fd46289f	f981c6dcc5ca4f73b27e2fd5ff4f296f	2020-06-30 15:07:44 +0300	2020-06-30 15:06:25 +0300	2020-06-21 13:59:00 +0300	8db7671b8b2d47a0823b663e01ce6edc	2 TZG Salih Kaymak 		Tzg Kira Bedeli Haziran 2020 - Salih Kaymak				n	80000/100	80000/100	1970-01-01 02:00:00 +0200
C	7d43a20b72194b468954aee1fd46289f	c76d6e7f57a3477f8a890e708b7c7888	2020-06-30 15:07:44 +0300	2020-06-30 15:06:25 +0300	2020-06-21 13:59:00 +0300	3fe60e48253e4208b4394cab587558c9	2 GLR TZG		Tzg Kira Bedeli Haziran 2020 - Salih Kaymak				n	-80000/100	-80000/100	1970-01-01 02:00:00 +0200
===== END
===== START
B	03dfed3a6d2f41f5bd139aead090fe4c	6a566d9e0ce84ea7a82b98edd8d87b05	2020-06-30 15:07:53 +0300	2020-06-30 15:06:20 +0300	2020-05-21 13:59:00 +0300	8db7671b8b2d47a0823b663e01ce6edc	2 TZG Salih Kaymak 		Tzg Kira Bedeli Mart 2020 - Salih Kaymak				n	0/100	0/100	1970-01-01 02:00:00 +0200
B	03dfed3a6d2f41f5bd139aead090fe4c	a4e302bd57d84be1b976977524ce9394	2020-06-30 15:07:53 +0300	2020-06-30 15:06:20 +0300	2020-05-21 13:59:00 +0300	3fe60e48253e4208b4394cab587558c9	2 GLR TZG		Tzg Kira Bedeli Mart 2020 - Salih Kaymak				n	0/100	0/100	1970-01-01 02:00:00 +0200
===== END
===== START
C	03dfed3a6d2f41f5bd139aead090fe4c	6a566d9e0ce84ea7a82b98edd8d87b05	2020-06-30 15:07:53 +0300	2020-06-30 15:06:20 +0300	2020-05-21 13:59:00 +0300	8db7671b8b2d47a0823b663e01ce6edc	2 TZG Salih Kaymak 		Tzg Kira Bedeli Mayıs 2020 - Salih Kaymak				n	40000/100	40000/100	1970-01-01 02:00:00 +0200
C	03dfed3a6d2f41f5bd139aead090fe4c	a4e302bd57d84be1b976977524ce9394	2020-06-30 15:07:53 +0300	2020-06-30 15:06:20 +0300	2020-05-21 13:59:00 +0300	3fe60e48253e4208b4394cab587558c9	2 GLR TZG		Tzg Kira Bedeli Mayıs 2020 - Salih Kaymak				n	-40000/100	-40000/100	1970-01-01 02:00:00 +0200
===== END
===== START
B	10f2b5098f5347789bd70816edd59e69	90c80f9c510444f09a452a26c90c7aa1	2020-06-30 15:08:09 +0300	2020-06-30 15:06:12 +0300	2020-04-21 13:59:00 +0300	8db7671b8b2d47a0823b663e01ce6edc	2 TZG Salih Kaymak 		Tzg Kira Bedeli Hisan 2020 - Salih Kaymak				n	0/100	0/100	1970-01-01 02:00:00 +0200
B	10f2b5098f5347789bd70816edd59e69	17820ffd1b1d46aa8c9b60c36fd3de41	2020-06-30 15:08:09 +0300	2020-06-30 15:06:12 +0300	2020-04-21 13:59:00 +0300	3fe60e48253e4208b4394cab587558c9	2 GLR TZG		Tzg Kira Bedeli Hisan 2020 - Salih Kaymak				n	0/100	0/100	1970-01-01 02:00:00 +0200
===== END
===== START
C	10f2b5098f5347789bd70816edd59e69	90c80f9c510444f09a452a26c90c7aa1	2020-06-30 15:08:09 +0300	2020-06-30 15:06:12 +0300	2020-04-21 13:59:00 +0300	8db7671b8b2d47a0823b663e01ce6edc	2 TZG Salih Kaymak 		Tzg Kira Bedeli Hisan 2020 - Salih Kaymak				n	40000/100	40000/100	1970-01-01 02:00:00 +0200
C	10f2b5098f5347789bd70816edd59e69	17820ffd1b1d46aa8c9b60c36fd3de41	2020-06-30 15:08:09 +0300	2020-06-30 15:06:12 +0300	2020-04-21 13:59:00 +0300	3fe60e48253e4208b4394cab587558c9	2 GLR TZG		Tzg Kira Bedeli Hisan 2020 - Salih Kaymak				n	-40000/100	-40000/100	1970-01-01 02:00:00 +0200
===== END
===== START
C	9a466735c33b4e76af2b3fef9108e868	6dcaf92f091a42a88f6dc98a8cbb2e4e	2020-06-30 15:08:29 +0300	2020-06-30 15:08:29 +0300	2020-06-30 13:59:00 +0300	8db7671b8b2d47a0823b663e01ce6edc	2 TZG Salih Kaymak 		Tzg Kira Bedeli Haziran 2020 - Salih Kaymak				n	0/100	0/100	1970-01-01 02:00:00 +0200
===== END
===== START
===== END
===== START
B	9a466735c33b4e76af2b3fef9108e868	6dcaf92f091a42a88f6dc98a8cbb2e4e	2020-06-30 15:09:17 +0300	2020-06-30 15:08:29 +0300	2020-06-30 13:59:00 +0300	8db7671b8b2d47a0823b663e01ce6edc	2 TZG Salih Kaymak 		Tzg Kira Bedeli Haziran 2020 - Salih Kaymak				n	0/100	0/100	1970-01-01 02:00:00 +0200
===== END
===== START
C	9a466735c33b4e76af2b3fef9108e868	6dcaf92f091a42a88f6dc98a8cbb2e4e	2020-06-30 15:09:17 +0300	2020-06-30 15:08:29 +0300	2020-06-30 13:59:00 +0300	8db7671b8b2d47a0823b663e01ce6edc	2 TZG Salih Kaymak 		2020 Tzg Temmuz Aralık Kira Bedeli - Salih Kaymak		900*6 = 5400		n	0/100	0/100	1970-01-01 02:00:00 +0200
===== END
===== START
C	9c9e61e9145b429f8ee0c73e07df8193	db76a282cb01456281ba3583761bc7d6	2020-06-30 15:09:52 +0300	2020-06-30 15:09:52 +0300	2020-06-30 13:59:00 +0300	8db7671b8b2d47a0823b663e01ce6edc	2 TZG Salih Kaymak 		2021 Tzg Ocak - Nisan Kira Bedeli - Salih Kaymak				n	0/100	0/100	1970-01-01 02:00:00 +0200
===== END
===== START
===== END
===== START
B	9a466735c33b4e76af2b3fef9108e868	6dcaf92f091a42a88f6dc98a8cbb2e4e	2020-06-30 15:10:04 +0300	2020-06-30 15:08:29 +0300	2020-06-30 13:59:00 +0300	8db7671b8b2d47a0823b663e01ce6edc	2 TZG Salih Kaymak 		2020 Tzg Temmuz Aralık Kira Bedeli - Salih Kaymak		900*6 = 5400		n	0/100	0/100	1970-01-01 02:00:00 +0200
===== END
===== START
C	9a466735c33b4e76af2b3fef9108e868	6dcaf92f091a42a88f6dc98a8cbb2e4e	2020-06-30 15:10:04 +0300	2020-06-30 15:08:29 +0300	2020-06-30 13:59:00 +0300	8db7671b8b2d47a0823b663e01ce6edc	2 TZG Salih Kaymak 		2020 Tzg Temmuz Aralık Kira Bedeli - Salih Kaymak		900*6 = 5400		n	0/100	0/100	1970-01-01 02:00:00 +0200
C	9a466735c33b4e76af2b3fef9108e868	73e78d3f8103488bbc82809f540fcb43	2020-06-30 15:10:04 +0300	2020-06-30 15:08:29 +0300	2020-06-30 13:59:00 +0300	3fe60e48253e4208b4394cab587558c9	2 GLR TZG		2020 Tzg Temmuz Aralık Kira Bedeli - Salih Kaymak				n	0/100	0/100	1970-01-01 02:00:00 +0200
===== END
===== START
B	9c9e61e9145b429f8ee0c73e07df8193	db76a282cb01456281ba3583761bc7d6	2020-06-30 15:10:11 +0300	2020-06-30 15:09:52 +0300	2020-06-30 13:59:00 +0300	8db7671b8b2d47a0823b663e01ce6edc	2 TZG Salih Kaymak 		2021 Tzg Ocak - Nisan Kira Bedeli - Salih Kaymak				n	0/100	0/100	1970-01-01 02:00:00 +0200
===== END
===== START
C	9c9e61e9145b429f8ee0c73e07df8193	db76a282cb01456281ba3583761bc7d6	2020-06-30 15:10:11 +0300	2020-06-30 15:09:52 +0300	2020-06-30 13:59:00 +0300	8db7671b8b2d47a0823b663e01ce6edc	2 TZG Salih Kaymak 		2021 Tzg Ocak - Nisan Kira Bedeli - Salih Kaymak				n	0/100	0/100	1970-01-01 02:00:00 +0200
C	9c9e61e9145b429f8ee0c73e07df8193	104622e2bc5c4107b9e72bfdfb5d18ee	2020-06-30 15:10:11 +0300	2020-06-30 15:09:52 +0300	2020-06-30 13:59:00 +0300	3fe60e48253e4208b4394cab587558c9	2 GLR TZG		2021 Tzg Ocak - Nisan Kira Bedeli - Salih Kaymak				n	0/100	0/100	1970-01-01 02:00:00 +0200
===== END
===== START
B	9a466735c33b4e76af2b3fef9108e868	6dcaf92f091a42a88f6dc98a8cbb2e4e	2020-06-30 15:10:13 +0300	2020-06-30 15:08:29 +0300	2020-06-30 13:59:00 +0300	8db7671b8b2d47a0823b663e01ce6edc	2 TZG Salih Kaymak 		2020 Tzg Temmuz Aralık Kira Bedeli - Salih Kaymak		900*6 = 5400		n	0/100	0/100	1970-01-01 02:00:00 +0200
B	9a466735c33b4e76af2b3fef9108e868	73e78d3f8103488bbc82809f540fcb43	2020-06-30 15:10:13 +0300	2020-06-30 15:08:29 +0300	2020-06-30 13:59:00 +0300	3fe60e48253e4208b4394cab587558c9	2 GLR TZG		2020 Tzg Temmuz Aralık Kira Bedeli - Salih Kaymak				n	0/100	0/100	1970-01-01 02:00:00 +0200
===== END
===== START
C	9a466735c33b4e76af2b3fef9108e868	6dcaf92f091a42a88f6dc98a8cbb2e4e	2020-06-30 15:10:13 +0300	2020-06-30 15:08:29 +0300	2020-06-30 13:59:00 +0300	8db7671b8b2d47a0823b663e01ce6edc	2 TZG Salih Kaymak 		2020 Tzg Temmuz Aralık Kira Bedeli - Salih Kaymak		900*6 = 5400		n	540000/100	540000/100	1970-01-01 02:00:00 +0200
C	9a466735c33b4e76af2b3fef9108e868	73e78d3f8103488bbc82809f540fcb43	2020-06-30 15:10:13 +0300	2020-06-30 15:08:29 +0300	2020-06-30 13:59:00 +0300	3fe60e48253e4208b4394cab587558c9	2 GLR TZG		2020 Tzg Temmuz Aralık Kira Bedeli - Salih Kaymak				n	-540000/100	-540000/100	1970-01-01 02:00:00 +0200
===== END
===== START
B	9c9e61e9145b429f8ee0c73e07df8193	db76a282cb01456281ba3583761bc7d6	2020-06-30 15:10:20 +0300	2020-06-30 15:09:52 +0300	2020-06-30 13:59:00 +0300	8db7671b8b2d47a0823b663e01ce6edc	2 TZG Salih Kaymak 		2021 Tzg Ocak - Nisan Kira Bedeli - Salih Kaymak				n	0/100	0/100	1970-01-01 02:00:00 +0200
B	9c9e61e9145b429f8ee0c73e07df8193	104622e2bc5c4107b9e72bfdfb5d18ee	2020-06-30 15:10:20 +0300	2020-06-30 15:09:52 +0300	2020-06-30 13:59:00 +0300	3fe60e48253e4208b4394cab587558c9	2 GLR TZG		2021 Tzg Ocak - Nisan Kira Bedeli - Salih Kaymak				n	0/100	0/100	1970-01-01 02:00:00 +0200
===== END
===== START
C	9c9e61e9145b429f8ee0c73e07df8193	db76a282cb01456281ba3583761bc7d6	2020-06-30 15:10:20 +0300	2020-06-30 15:09:52 +0300	2020-06-30 13:59:00 +0300	8db7671b8b2d47a0823b663e01ce6edc	2 TZG Salih Kaymak 		2021 Tzg Ocak - Nisan Kira Bedeli - Salih Kaymak				n	360000/100	360000/100	1970-01-01 02:00:00 +0200
C	9c9e61e9145b429f8ee0c73e07df8193	104622e2bc5c4107b9e72bfdfb5d18ee	2020-06-30 15:10:20 +0300	2020-06-30 15:09:52 +0300	2020-06-30 13:59:00 +0300	3fe60e48253e4208b4394cab587558c9	2 GLR TZG		2021 Tzg Ocak - Nisan Kira Bedeli - Salih Kaymak				n	-360000/100	-360000/100	1970-01-01 02:00:00 +0200
===== END
===== START
B	9c9e61e9145b429f8ee0c73e07df8193	db76a282cb01456281ba3583761bc7d6	2020-06-30 15:11:08 +0300	2020-06-30 15:09:52 +0300	2020-06-30 13:59:00 +0300	8db7671b8b2d47a0823b663e01ce6edc	2 TZG Salih Kaymak 		2021 Tzg Ocak - Nisan Kira Bedeli - Salih Kaymak				n	360000/100	360000/100	1970-01-01 02:00:00 +0200
B	9c9e61e9145b429f8ee0c73e07df8193	104622e2bc5c4107b9e72bfdfb5d18ee	2020-06-30 15:11:08 +0300	2020-06-30 15:09:52 +0300	2020-06-30 13:59:00 +0300	3fe60e48253e4208b4394cab587558c9	2 GLR TZG		2021 Tzg Ocak - Nisan Kira Bedeli - Salih Kaymak				n	-360000/100	-360000/100	1970-01-01 02:00:00 +0200
===== END
===== START
C	9c9e61e9145b429f8ee0c73e07df8193	db76a282cb01456281ba3583761bc7d6	2020-06-30 15:11:08 +0300	2020-06-30 15:09:52 +0300	2020-06-30 13:59:00 +0300	8db7671b8b2d47a0823b663e01ce6edc	2 TZG Salih Kaymak 		2021 Tzg Ocak - Nisan Kira Bedeli - Salih Kaymak				n	270000/100	270000/100	1970-01-01 02:00:00 +0200
C	9c9e61e9145b429f8ee0c73e07df8193	104622e2bc5c4107b9e72bfdfb5d18ee	2020-06-30 15:11:08 +0300	2020-06-30 15:09:52 +0300	2020-06-30 13:59:00 +0300	3fe60e48253e4208b4394cab587558c9	2 GLR TZG		2021 Tzg Ocak - Nisan Kira Bedeli - Salih Kaymak				n	-270000/100	-270000/100	1970-01-01 02:00:00 +0200
===== END
===== START
B	9c9e61e9145b429f8ee0c73e07df8193	db76a282cb01456281ba3583761bc7d6	2020-06-30 15:11:17 +0300	2020-06-30 15:09:52 +0300	2020-06-30 13:59:00 +0300	8db7671b8b2d47a0823b663e01ce6edc	2 TZG Salih Kaymak 		2021 Tzg Ocak - Nisan Kira Bedeli - Salih Kaymak				n	270000/100	270000/100	1970-01-01 02:00:00 +0200
B	9c9e61e9145b429f8ee0c73e07df8193	104622e2bc5c4107b9e72bfdfb5d18ee	2020-06-30 15:11:17 +0300	2020-06-30 15:09:52 +0300	2020-06-30 13:59:00 +0300	3fe60e48253e4208b4394cab587558c9	2 GLR TZG		2021 Tzg Ocak - Nisan Kira Bedeli - Salih Kaymak				n	-270000/100	-270000/100	1970-01-01 02:00:00 +0200
===== END
===== START
C	9c9e61e9145b429f8ee0c73e07df8193	db76a282cb01456281ba3583761bc7d6	2020-06-30 15:11:17 +0300	2020-06-30 15:09:52 +0300	2020-06-30 13:59:00 +0300	8db7671b8b2d47a0823b663e01ce6edc	2 TZG Salih Kaymak 		2021 Tzg Ocak - Mart Kira Bedeli - Salih Kaymak				n	270000/100	270000/100	1970-01-01 02:00:00 +0200
C	9c9e61e9145b429f8ee0c73e07df8193	104622e2bc5c4107b9e72bfdfb5d18ee	2020-06-30 15:11:17 +0300	2020-06-30 15:09:52 +0300	2020-06-30 13:59:00 +0300	3fe60e48253e4208b4394cab587558c9	2 GLR TZG		2021 Tzg Ocak - Mart Kira Bedeli - Salih Kaymak				n	-270000/100	-270000/100	1970-01-01 02:00:00 +0200
===== END
