mod	trans_guid	split_guid	time_now	date_entered	date_posted	acc_guid	acc_name	num	description	notes	memo	action	reconciled	amount	value	date_reconciled
-----------------
===== START
===== END
===== START
C	49b6d2f9fc494cf0a09784da7fdaf9ea	327c33cd97da4436bfd1f9633952d6a1	2020-06-30 14:46:52 +0300	2020-06-30 14:46:52 +0300	2020-07-30 13:59:00 +0300	c0ea84ee2fd44713bec1e698c0db141f	101 Alınan Çek-Senet						n	0/100	0/100	1970-01-01 02:00:00 +0200
===== END
===== START
===== END
===== START
B	49b6d2f9fc494cf0a09784da7fdaf9ea	327c33cd97da4436bfd1f9633952d6a1	2020-06-30 14:47:21 +0300	2020-06-30 14:46:52 +0300	2020-07-30 13:59:00 +0300	c0ea84ee2fd44713bec1e698c0db141f	101 Alınan Çek-Senet						n	0/100	0/100	1970-01-01 02:00:00 +0200
===== END
===== START
C	49b6d2f9fc494cf0a09784da7fdaf9ea	327c33cd97da4436bfd1f9633952d6a1	2020-06-30 14:47:21 +0300	2020-06-30 14:46:52 +0300	2020-07-30 13:59:00 +0300	c0ea84ee2fd44713bec1e698c0db141f	101 Alınan Çek-Senet		Oğuzhan Türkmen Doğuş 2020 Kira				n	0/100	0/100	1970-01-01 02:00:00 +0200
===== END
===== START
B	49b6d2f9fc494cf0a09784da7fdaf9ea	327c33cd97da4436bfd1f9633952d6a1	2020-06-30 14:47:33 +0300	2020-06-30 14:46:52 +0300	2020-07-30 13:59:00 +0300	c0ea84ee2fd44713bec1e698c0db141f	101 Alınan Çek-Senet		Oğuzhan Türkmen Doğuş 2020 Kira				n	0/100	0/100	1970-01-01 02:00:00 +0200
===== END
===== START
C	49b6d2f9fc494cf0a09784da7fdaf9ea	327c33cd97da4436bfd1f9633952d6a1	2020-06-30 14:47:33 +0300	2020-06-30 14:46:52 +0300	2020-07-30 13:59:00 +0300	c0ea84ee2fd44713bec1e698c0db141f	101 Alınan Çek-Senet		Oğuzhan Türkmen Doğuş 2020 Kira				n	0/100	0/100	1970-01-01 02:00:00 +0200
C	49b6d2f9fc494cf0a09784da7fdaf9ea	0a9990d6770c4d0b826dae90b42f6758	2020-06-30 14:47:33 +0300	2020-06-30 14:46:52 +0300	2020-07-30 13:59:00 +0300	deabaef30fc841ac9337e26a874ae856	100 KASA Nakit		Oğuzhan Türkmen Doğuş 2020 Kira				n	0/100	0/100	1970-01-01 02:00:00 +0200
===== END
===== START
B	49b6d2f9fc494cf0a09784da7fdaf9ea	327c33cd97da4436bfd1f9633952d6a1	2020-06-30 14:47:57 +0300	2020-06-30 14:46:52 +0300	2020-07-30 13:59:00 +0300	c0ea84ee2fd44713bec1e698c0db141f	101 Alınan Çek-Senet		Oğuzhan Türkmen Doğuş 2020 Kira				n	0/100	0/100	1970-01-01 02:00:00 +0200
B	49b6d2f9fc494cf0a09784da7fdaf9ea	0a9990d6770c4d0b826dae90b42f6758	2020-06-30 14:47:57 +0300	2020-06-30 14:46:52 +0300	2020-07-30 13:59:00 +0300	deabaef30fc841ac9337e26a874ae856	100 KASA Nakit		Oğuzhan Türkmen Doğuş 2020 Kira				n	0/100	0/100	1970-01-01 02:00:00 +0200
===== END
===== START
C	49b6d2f9fc494cf0a09784da7fdaf9ea	327c33cd97da4436bfd1f9633952d6a1	2020-06-30 14:47:57 +0300	2020-06-30 14:46:52 +0300	2020-07-30 13:59:00 +0300	c0ea84ee2fd44713bec1e698c0db141f	101 Alınan Çek-Senet		Oğuzhan Türkmen Doğuş 2020 Kira				n	1700000/100	1700000/100	1970-01-01 02:00:00 +0200
C	49b6d2f9fc494cf0a09784da7fdaf9ea	0a9990d6770c4d0b826dae90b42f6758	2020-06-30 14:47:57 +0300	2020-06-30 14:46:52 +0300	2020-07-30 13:59:00 +0300	0e8d0d8561924dc198758fed58d1aa12	326 Alınan Depozito ve Teminatlar		Oğuzhan Türkmen Doğuş 2020 Kira				n	-1700000/100	-1700000/100	1970-01-01 02:00:00 +0200
===== END
===== START
C	0edeecdb8f1f4632af265363b83d2ba3	f81668dca77c458eac29c4c0b59d3bb7	2020-06-30 14:48:06 +0300	2020-06-30 14:48:06 +0300	2020-07-30 13:59:00 +0300	c0ea84ee2fd44713bec1e698c0db141f	101 Alınan Çek-Senet						n	2300000/100	2300000/100	1970-01-01 02:00:00 +0200
C	0edeecdb8f1f4632af265363b83d2ba3	444b6fb9de7648f8ae72bb137cf21388	2020-06-30 14:48:06 +0300	2020-06-30 14:48:06 +0300	2020-07-30 13:59:00 +0300	0e8d0d8561924dc198758fed58d1aa12	326 Alınan Depozito ve Teminatlar						n	-2300000/100	-2300000/100	1970-01-01 02:00:00 +0200
===== END
===== START
===== END
===== START
C	68bd09c6bdea467f81e81059e9a9b244	ebc66def553c44adacb3ebab61636859	2020-06-30 14:49:55 +0300	2020-06-30 14:49:55 +0300	2020-07-30 13:59:00 +0300	c0ea84ee2fd44713bec1e698c0db141f	101 Alınan Çek-Senet						n	550000/100	550000/100	1970-01-01 02:00:00 +0200
C	68bd09c6bdea467f81e81059e9a9b244	18e49da4802446628e10c4e279386f06	2020-06-30 14:49:55 +0300	2020-06-30 14:49:55 +0300	2020-07-30 13:59:00 +0300	3a63f12134c244fa86b69fbbccbba3e0	Açık-TRY						n	-550000/100	-550000/100	1970-01-01 02:00:00 +0200
===== END
===== START
===== END
===== START
B	68bd09c6bdea467f81e81059e9a9b244	ebc66def553c44adacb3ebab61636859	2020-06-30 14:50:10 +0300	2020-06-30 14:49:55 +0300	2020-07-30 13:59:00 +0300	c0ea84ee2fd44713bec1e698c0db141f	101 Alınan Çek-Senet						n	550000/100	550000/100	1970-01-01 02:00:00 +0200
B	68bd09c6bdea467f81e81059e9a9b244	18e49da4802446628e10c4e279386f06	2020-06-30 14:50:10 +0300	2020-06-30 14:49:55 +0300	2020-07-30 13:59:00 +0300	3a63f12134c244fa86b69fbbccbba3e0	Açık-TRY						n	-550000/100	-550000/100	1970-01-01 02:00:00 +0200
===== END
===== START
C	68bd09c6bdea467f81e81059e9a9b244	ebc66def553c44adacb3ebab61636859	2020-06-30 14:50:10 +0300	2020-06-30 14:49:55 +0300	2020-07-30 13:59:00 +0300	c0ea84ee2fd44713bec1e698c0db141f	101 Alınan Çek-Senet						n	550000/100	550000/100	1970-01-01 02:00:00 +0200
C	68bd09c6bdea467f81e81059e9a9b244	18e49da4802446628e10c4e279386f06	2020-06-30 14:50:10 +0300	2020-06-30 14:49:55 +0300	2020-07-30 13:59:00 +0300	0e8d0d8561924dc198758fed58d1aa12	326 Alınan Depozito ve Teminatlar						n	-550000/100	-550000/100	1970-01-01 02:00:00 +0200
===== END
===== START
B	0edeecdb8f1f4632af265363b83d2ba3	f81668dca77c458eac29c4c0b59d3bb7	2020-06-30 14:50:35 +0300	2020-06-30 14:48:06 +0300	2020-07-30 13:59:00 +0300	c0ea84ee2fd44713bec1e698c0db141f	101 Alınan Çek-Senet						n	2300000/100	2300000/100	1970-01-01 02:00:00 +0200
B	0edeecdb8f1f4632af265363b83d2ba3	444b6fb9de7648f8ae72bb137cf21388	2020-06-30 14:50:35 +0300	2020-06-30 14:48:06 +0300	2020-07-30 13:59:00 +0300	0e8d0d8561924dc198758fed58d1aa12	326 Alınan Depozito ve Teminatlar						n	-2300000/100	-2300000/100	1970-01-01 02:00:00 +0200
===== END
===== START
C	0edeecdb8f1f4632af265363b83d2ba3	f81668dca77c458eac29c4c0b59d3bb7	2020-06-30 14:50:35 +0300	2020-06-30 14:48:06 +0300	2020-07-30 13:59:00 +0300	c0ea84ee2fd44713bec1e698c0db141f	101 Alınan Çek-Senet		Adem Kesici Ali Paşa 2020 Kira				n	2300000/100	2300000/100	1970-01-01 02:00:00 +0200
C	0edeecdb8f1f4632af265363b83d2ba3	444b6fb9de7648f8ae72bb137cf21388	2020-06-30 14:50:35 +0300	2020-06-30 14:48:06 +0300	2020-07-30 13:59:00 +0300	0e8d0d8561924dc198758fed58d1aa12	326 Alınan Depozito ve Teminatlar		Adem Kesici Ali Paşa 2020 Kira				n	-2300000/100	-2300000/100	1970-01-01 02:00:00 +0200
===== END
===== START
B	68bd09c6bdea467f81e81059e9a9b244	ebc66def553c44adacb3ebab61636859	2020-06-30 14:50:38 +0300	2020-06-30 14:49:55 +0300	2020-07-30 13:59:00 +0300	c0ea84ee2fd44713bec1e698c0db141f	101 Alınan Çek-Senet						n	550000/100	550000/100	1970-01-01 02:00:00 +0200
B	68bd09c6bdea467f81e81059e9a9b244	18e49da4802446628e10c4e279386f06	2020-06-30 14:50:38 +0300	2020-06-30 14:49:55 +0300	2020-07-30 13:59:00 +0300	0e8d0d8561924dc198758fed58d1aa12	326 Alınan Depozito ve Teminatlar						n	-550000/100	-550000/100	1970-01-01 02:00:00 +0200
===== END
===== START
C	68bd09c6bdea467f81e81059e9a9b244	ebc66def553c44adacb3ebab61636859	2020-06-30 14:50:38 +0300	2020-06-30 14:49:55 +0300	2020-07-30 13:59:00 +0300	c0ea84ee2fd44713bec1e698c0db141f	101 Alınan Çek-Senet		Adem Kesici Ali Paşa 2020 Kira				n	550000/100	550000/100	1970-01-01 02:00:00 +0200
C	68bd09c6bdea467f81e81059e9a9b244	18e49da4802446628e10c4e279386f06	2020-06-30 14:50:38 +0300	2020-06-30 14:49:55 +0300	2020-07-30 13:59:00 +0300	0e8d0d8561924dc198758fed58d1aa12	326 Alınan Depozito ve Teminatlar		Adem Kesici Ali Paşa 2020 Kira				n	-550000/100	-550000/100	1970-01-01 02:00:00 +0200
===== END
===== START
B	0edeecdb8f1f4632af265363b83d2ba3	f81668dca77c458eac29c4c0b59d3bb7	2020-06-30 14:50:46 +0300	2020-06-30 14:48:06 +0300	2020-07-30 13:59:00 +0300	c0ea84ee2fd44713bec1e698c0db141f	101 Alınan Çek-Senet		Adem Kesici Ali Paşa 2020 Kira				n	2300000/100	2300000/100	1970-01-01 02:00:00 +0200
B	0edeecdb8f1f4632af265363b83d2ba3	444b6fb9de7648f8ae72bb137cf21388	2020-06-30 14:50:46 +0300	2020-06-30 14:48:06 +0300	2020-07-30 13:59:00 +0300	0e8d0d8561924dc198758fed58d1aa12	326 Alınan Depozito ve Teminatlar		Adem Kesici Ali Paşa 2020 Kira				n	-2300000/100	-2300000/100	1970-01-01 02:00:00 +0200
===== END
===== START
C	0edeecdb8f1f4632af265363b83d2ba3	f81668dca77c458eac29c4c0b59d3bb7	2020-06-30 14:50:46 +0300	2020-06-30 14:48:06 +0300	2020-07-20 13:59:00 +0300	c0ea84ee2fd44713bec1e698c0db141f	101 Alınan Çek-Senet		Adem Kesici Ali Paşa 2020 Kira				n	2300000/100	2300000/100	1970-01-01 02:00:00 +0200
C	0edeecdb8f1f4632af265363b83d2ba3	444b6fb9de7648f8ae72bb137cf21388	2020-06-30 14:50:46 +0300	2020-06-30 14:48:06 +0300	2020-07-20 13:59:00 +0300	0e8d0d8561924dc198758fed58d1aa12	326 Alınan Depozito ve Teminatlar		Adem Kesici Ali Paşa 2020 Kira				n	-2300000/100	-2300000/100	1970-01-01 02:00:00 +0200
===== END
===== START
B	68bd09c6bdea467f81e81059e9a9b244	ebc66def553c44adacb3ebab61636859	2020-06-30 14:50:53 +0300	2020-06-30 14:49:55 +0300	2020-07-30 13:59:00 +0300	c0ea84ee2fd44713bec1e698c0db141f	101 Alınan Çek-Senet		Adem Kesici Ali Paşa 2020 Kira				n	550000/100	550000/100	1970-01-01 02:00:00 +0200
B	68bd09c6bdea467f81e81059e9a9b244	18e49da4802446628e10c4e279386f06	2020-06-30 14:50:53 +0300	2020-06-30 14:49:55 +0300	2020-07-30 13:59:00 +0300	0e8d0d8561924dc198758fed58d1aa12	326 Alınan Depozito ve Teminatlar		Adem Kesici Ali Paşa 2020 Kira				n	-550000/100	-550000/100	1970-01-01 02:00:00 +0200
===== END
===== START
C	68bd09c6bdea467f81e81059e9a9b244	ebc66def553c44adacb3ebab61636859	2020-06-30 14:50:53 +0300	2020-06-30 14:49:55 +0300	2020-08-30 13:59:00 +0300	c0ea84ee2fd44713bec1e698c0db141f	101 Alınan Çek-Senet		Adem Kesici Ali Paşa 2020 Kira				n	550000/100	550000/100	1970-01-01 02:00:00 +0200
C	68bd09c6bdea467f81e81059e9a9b244	18e49da4802446628e10c4e279386f06	2020-06-30 14:50:53 +0300	2020-06-30 14:49:55 +0300	2020-08-30 13:59:00 +0300	0e8d0d8561924dc198758fed58d1aa12	326 Alınan Depozito ve Teminatlar		Adem Kesici Ali Paşa 2020 Kira				n	-550000/100	-550000/100	1970-01-01 02:00:00 +0200
===== END
===== START
===== END
===== START
D	65ccacc70336450ebb7b9208ed9b726f	2989ab6e76084b03a09daa1b787bfe7f	2020-06-30 14:59:31 +0300	2020-06-30 14:59:31 +0300	2020-06-30 13:59:00 +0300								n	0/1	0/100	1970-01-01 02:00:00 +0200
===== END
===== START
D	70333668866f40909ab448e4097eddb5	95771e8d31af45649efe33a9e7b505f9	2020-06-30 14:59:34 +0300	2020-06-30 14:59:34 +0300	2020-07-30 13:59:00 +0300								n	0/1	0/100	1970-01-01 02:00:00 +0200
===== END
===== START
D	8daa1d62d1ac421f95b80d31e60508fd	643026b09c2747ea9dd4ff5c6ea56f79	2020-06-30 14:59:49 +0300	2020-06-30 14:59:49 +0300	2020-06-30 13:59:00 +0300								n	0/1	0/100	1970-01-01 02:00:00 +0200
===== END
===== START
D	817e6809106342789f404a316bcc5234	ecad0ba7c9a64457b201b2bc1b27f1a7	2020-06-30 14:59:50 +0300	2020-06-30 14:59:50 +0300	2020-06-30 13:59:00 +0300								n	0/1	0/100	1970-01-01 02:00:00 +0200
===== END
===== START
D	48483c7da2f2408194c9eca6b758bb01	6168b8ac305f4aed9a259280b6deb220	2020-06-30 14:59:51 +0300	2020-06-30 14:59:51 +0300	2020-06-30 13:59:00 +0300								n	0/1	0/100	1970-01-01 02:00:00 +0200
===== END
===== START
===== END
