mod	trans_guid	split_guid	time_now	date_entered	date_posted	acc_guid	acc_name	num	description	notes	memo	action	reconciled	amount	value	date_reconciled
-----------------
===== START
C	8ed91bb3b1eb4a5e88806a01f91d2e2e	87d3ec057d674303bf772643b429abaa	2020-06-30 17:32:01 +0300	2020-06-30 17:32:01 +0300	2020-06-30 13:59:00 +0300	fbb012088d2246d18902b8856afac12f	x Kenan Kırcaer						n	200000/100	200000/100	1970-01-01 02:00:00 +0200
C	8ed91bb3b1eb4a5e88806a01f91d2e2e	abb4286e1b2141bca994763d536a8665	2020-06-30 17:32:01 +0300	2020-06-30 17:32:01 +0300	2020-06-30 13:59:00 +0300	fbb012088d2246d18902b8856afac12f	x Kenan Kırcaer						n	-200000/100	-200000/100	1970-01-01 02:00:00 +0200
===== END
===== START
===== END
===== START
D	0bdcdd427e884a9cb43901f1800df23a	d7330d29697c474c857e370367c0d77f	2020-06-30 17:32:16 +0300	2020-06-30 17:32:16 +0300	2019-02-28 13:59:00 +0300								n	0/1	0/100	1970-01-01 02:00:00 +0200
===== END
===== START
D	ec4c25b762d14bdf98fd2068e485bdeb	274d2bfa5d534b79aa85e60b296e898b	2020-06-30 17:32:18 +0300	2020-06-30 17:32:18 +0300	2020-06-10 13:59:00 +0300								n	0/1	0/100	1970-01-01 02:00:00 +0200
===== END
===== START
D	3d9e1a9240d1485690f9216d89990470	054a38ba7a9142f7b863ae8ea7afa977	2020-06-30 17:32:20 +0300	2020-06-30 17:32:20 +0300	2019-11-12 13:59:00 +0300								n	0/1	0/100	1970-01-01 02:00:00 +0200
===== END
===== START
D	cba04581e265431793bdd43cb9d9e474	d5cd6a4ac20044c4b039f0bc9cff3763	2020-06-30 17:32:21 +0300	2020-06-30 17:32:21 +0300	2020-06-30 13:59:00 +0300								n	0/1	0/100	1970-01-01 02:00:00 +0200
===== END
===== START
D	dc6e7bc93c70417aa2225e2d821aa929	1ac0f43edd244ba795ea5eb451d75b23	2020-06-30 17:33:39 +0300	2020-06-30 17:33:39 +0300	2019-11-29 13:59:00 +0300								n	0/1	0/100	1970-01-01 02:00:00 +0200
===== END
===== START
D	a0560af9574e4526b65a0a29cb1f3ed8	c4c21d44565f4e7592cb765c622a2c24	2020-06-30 17:33:40 +0300	2020-06-30 17:33:40 +0300	2020-06-30 13:59:00 +0300								n	0/1	0/100	1970-01-01 02:00:00 +0200
===== END
===== START
===== END
===== START
D	b03bb2d53f464ca696bf16650779f816	4bacddd99d6c4cb59b844a251b5dc7e2	2020-06-30 17:33:53 +0300	2020-06-30 17:33:53 +0300	2020-06-30 13:59:00 +0300								n	0/1	0/100	1970-01-01 02:00:00 +0200
===== END
===== START
===== END
===== START
D	f8ee26caafac48c59bb98a27acaed0eb	aad10281769e4eae833ce2b028432a5b	2020-06-30 17:34:00 +0300	2020-06-30 17:34:00 +0300	2020-06-30 13:59:00 +0300								n	0/1	0/100	1970-01-01 02:00:00 +0200
===== END
===== START
===== END
===== START
B	8ed91bb3b1eb4a5e88806a01f91d2e2e	87d3ec057d674303bf772643b429abaa	2020-06-30 17:34:17 +0300	2020-06-30 17:32:01 +0300	2020-06-30 13:59:00 +0300	fbb012088d2246d18902b8856afac12f	x Kenan Kırcaer						n	200000/100	200000/100	1970-01-01 02:00:00 +0200
B	8ed91bb3b1eb4a5e88806a01f91d2e2e	abb4286e1b2141bca994763d536a8665	2020-06-30 17:34:17 +0300	2020-06-30 17:32:01 +0300	2020-06-30 13:59:00 +0300	fbb012088d2246d18902b8856afac12f	x Kenan Kırcaer						n	-200000/100	-200000/100	1970-01-01 02:00:00 +0200
===== END
===== START
C	8ed91bb3b1eb4a5e88806a01f91d2e2e	87d3ec057d674303bf772643b429abaa	2020-06-30 17:34:17 +0300	2020-06-30 17:32:01 +0300	2020-05-30 13:59:00 +0300	fbb012088d2246d18902b8856afac12f	x Kenan Kırcaer						n	200000/100	200000/100	1970-01-01 02:00:00 +0200
C	8ed91bb3b1eb4a5e88806a01f91d2e2e	abb4286e1b2141bca994763d536a8665	2020-06-30 17:34:17 +0300	2020-06-30 17:32:01 +0300	2020-05-30 13:59:00 +0300	fbb012088d2246d18902b8856afac12f	x Kenan Kırcaer						n	-200000/100	-200000/100	1970-01-01 02:00:00 +0200
===== END
===== START
B	8ed91bb3b1eb4a5e88806a01f91d2e2e	87d3ec057d674303bf772643b429abaa	2020-06-30 17:34:28 +0300	2020-06-30 17:32:01 +0300	2020-05-30 13:59:00 +0300	fbb012088d2246d18902b8856afac12f	x Kenan Kırcaer						n	200000/100	200000/100	1970-01-01 02:00:00 +0200
B	8ed91bb3b1eb4a5e88806a01f91d2e2e	abb4286e1b2141bca994763d536a8665	2020-06-30 17:34:28 +0300	2020-06-30 17:32:01 +0300	2020-05-30 13:59:00 +0300	fbb012088d2246d18902b8856afac12f	x Kenan Kırcaer						n	-200000/100	-200000/100	1970-01-01 02:00:00 +0200
===== END
===== START
C	8ed91bb3b1eb4a5e88806a01f91d2e2e	87d3ec057d674303bf772643b429abaa	2020-06-30 17:34:28 +0300	2020-06-30 17:32:01 +0300	2020-05-30 13:59:00 +0300	fbb012088d2246d18902b8856afac12f	x Kenan Kırcaer		2 ay kira				n	200000/100	200000/100	1970-01-01 02:00:00 +0200
C	8ed91bb3b1eb4a5e88806a01f91d2e2e	abb4286e1b2141bca994763d536a8665	2020-06-30 17:34:28 +0300	2020-06-30 17:32:01 +0300	2020-05-30 13:59:00 +0300	fbb012088d2246d18902b8856afac12f	x Kenan Kırcaer		2 ay kira				n	-200000/100	-200000/100	1970-01-01 02:00:00 +0200
===== END
===== START
B	8ed91bb3b1eb4a5e88806a01f91d2e2e	87d3ec057d674303bf772643b429abaa	2020-06-30 17:34:50 +0300	2020-06-30 17:32:01 +0300	2020-05-30 13:59:00 +0300	fbb012088d2246d18902b8856afac12f	x Kenan Kırcaer		2 ay kira				n	200000/100	200000/100	1970-01-01 02:00:00 +0200
B	8ed91bb3b1eb4a5e88806a01f91d2e2e	abb4286e1b2141bca994763d536a8665	2020-06-30 17:34:50 +0300	2020-06-30 17:32:01 +0300	2020-05-30 13:59:00 +0300	fbb012088d2246d18902b8856afac12f	x Kenan Kırcaer		2 ay kira				n	-200000/100	-200000/100	1970-01-01 02:00:00 +0200
===== END
===== START
C	8ed91bb3b1eb4a5e88806a01f91d2e2e	87d3ec057d674303bf772643b429abaa	2020-06-30 17:34:55 +0300	2020-06-30 17:32:01 +0300	2020-05-30 13:59:00 +0300	8698cda7214d42ecb191529968517da9	Aygaz KASA		2 ay kira				n	200000/100	200000/100	1970-01-01 02:00:00 +0200
C	8ed91bb3b1eb4a5e88806a01f91d2e2e	abb4286e1b2141bca994763d536a8665	2020-06-30 17:34:55 +0300	2020-06-30 17:32:01 +0300	2020-05-30 13:59:00 +0300	fbb012088d2246d18902b8856afac12f	x Kenan Kırcaer		2 ay kira				n	-200000/100	-200000/100	1970-01-01 02:00:00 +0200
===== END
===== START
C	c21ffea7f731439eba3ee798c0e208be	703dec3cd7324a20b2d5fecc71536867	2020-06-30 17:35:02 +0300	2020-06-30 17:35:02 +0300	2020-01-30 13:59:00 +0300	fbb012088d2246d18902b8856afac12f	x Kenan Kırcaer						n	0/100	0/100	1970-01-01 02:00:00 +0200
===== END
===== START
===== END
===== START
B	c21ffea7f731439eba3ee798c0e208be	703dec3cd7324a20b2d5fecc71536867	2020-06-30 17:35:23 +0300	2020-06-30 17:35:02 +0300	2020-01-30 13:59:00 +0300	fbb012088d2246d18902b8856afac12f	x Kenan Kırcaer						n	0/100	0/100	1970-01-01 02:00:00 +0200
===== END
===== START
C	c21ffea7f731439eba3ee798c0e208be	703dec3cd7324a20b2d5fecc71536867	2020-06-30 17:35:23 +0300	2020-06-30 17:35:02 +0300	2020-01-30 13:59:00 +0300	fbb012088d2246d18902b8856afac12f	x Kenan Kırcaer						n	200000/100	200000/100	1970-01-01 02:00:00 +0200
C	c21ffea7f731439eba3ee798c0e208be	e0916818515d453b9cb5255c5b99a5d8	2020-06-30 17:35:23 +0300	2020-06-30 17:35:02 +0300	2020-01-30 13:59:00 +0300	fbb012088d2246d18902b8856afac12f	x Kenan Kırcaer						n	-200000/100	-200000/100	1970-01-01 02:00:00 +0200
===== END
===== START
B	c21ffea7f731439eba3ee798c0e208be	703dec3cd7324a20b2d5fecc71536867	2020-06-30 17:35:38 +0300	2020-06-30 17:35:02 +0300	2020-01-30 13:59:00 +0300	fbb012088d2246d18902b8856afac12f	x Kenan Kırcaer						n	200000/100	200000/100	1970-01-01 02:00:00 +0200
B	c21ffea7f731439eba3ee798c0e208be	e0916818515d453b9cb5255c5b99a5d8	2020-06-30 17:35:38 +0300	2020-06-30 17:35:02 +0300	2020-01-30 13:59:00 +0300	fbb012088d2246d18902b8856afac12f	x Kenan Kırcaer						n	-200000/100	-200000/100	1970-01-01 02:00:00 +0200
===== END
===== START
C	c21ffea7f731439eba3ee798c0e208be	703dec3cd7324a20b2d5fecc71536867	2020-06-30 17:36:19 +0300	2020-06-30 17:35:02 +0300	2020-01-30 13:59:00 +0300	fbb012088d2246d18902b8856afac12f	x Kenan Kırcaer						n	-200000/100	-200000/100	1970-01-01 02:00:00 +0200
C	c21ffea7f731439eba3ee798c0e208be	e0916818515d453b9cb5255c5b99a5d8	2020-06-30 17:36:19 +0300	2020-06-30 17:35:02 +0300	2020-01-30 13:59:00 +0300	8698cda7214d42ecb191529968517da9	Aygaz KASA						n	200000/100	200000/100	1970-01-01 02:00:00 +0200
===== END
===== START
B	8ed91bb3b1eb4a5e88806a01f91d2e2e	87d3ec057d674303bf772643b429abaa	2020-06-30 17:36:19 +0300	2020-06-30 17:32:01 +0300	2020-05-30 13:59:00 +0300	8698cda7214d42ecb191529968517da9	Aygaz KASA		2 ay kira				n	200000/100	200000/100	1970-01-01 02:00:00 +0200
B	8ed91bb3b1eb4a5e88806a01f91d2e2e	abb4286e1b2141bca994763d536a8665	2020-06-30 17:36:19 +0300	2020-06-30 17:32:01 +0300	2020-05-30 13:59:00 +0300	fbb012088d2246d18902b8856afac12f	x Kenan Kırcaer		2 ay kira				n	-200000/100	-200000/100	1970-01-01 02:00:00 +0200
===== END
===== START
C	8ed91bb3b1eb4a5e88806a01f91d2e2e	87d3ec057d674303bf772643b429abaa	2020-06-30 17:36:19 +0300	2020-06-30 17:32:01 +0300	2020-05-30 13:59:00 +0300	fbb012088d2246d18902b8856afac12f	x Kenan Kırcaer		2 ay kira				n	200000/100	200000/100	1970-01-01 02:00:00 +0200
C	8ed91bb3b1eb4a5e88806a01f91d2e2e	abb4286e1b2141bca994763d536a8665	2020-06-30 17:36:19 +0300	2020-06-30 17:32:01 +0300	2020-05-30 13:59:00 +0300	fbb012088d2246d18902b8856afac12f	x Kenan Kırcaer		2 ay kira				n	-200000/100	-200000/100	1970-01-01 02:00:00 +0200
===== END
===== START
B	8ed91bb3b1eb4a5e88806a01f91d2e2e	87d3ec057d674303bf772643b429abaa	2020-06-30 17:36:31 +0300	2020-06-30 17:32:01 +0300	2020-05-30 13:59:00 +0300	fbb012088d2246d18902b8856afac12f	x Kenan Kırcaer		2 ay kira				n	200000/100	200000/100	1970-01-01 02:00:00 +0200
B	8ed91bb3b1eb4a5e88806a01f91d2e2e	abb4286e1b2141bca994763d536a8665	2020-06-30 17:36:31 +0300	2020-06-30 17:32:01 +0300	2020-05-30 13:59:00 +0300	fbb012088d2246d18902b8856afac12f	x Kenan Kırcaer		2 ay kira				n	-200000/100	-200000/100	1970-01-01 02:00:00 +0200
===== END
===== START
R	8ed91bb3b1eb4a5e88806a01f91d2e2e	87d3ec057d674303bf772643b429abaa	2020-06-30 17:36:46 +0300	2020-06-30 17:32:01 +0300	2020-05-30 13:59:00 +0300	fbb012088d2246d18902b8856afac12f	x Kenan Kırcaer		2 ay kira				n	200000/100	200000/100	1970-01-01 02:00:00 +0200
R	8ed91bb3b1eb4a5e88806a01f91d2e2e	abb4286e1b2141bca994763d536a8665	2020-06-30 17:36:46 +0300	2020-06-30 17:32:01 +0300	2020-05-30 13:59:00 +0300	fbb012088d2246d18902b8856afac12f	x Kenan Kırcaer		2 ay kira				n	-200000/100	-200000/100	1970-01-01 02:00:00 +0200
===== END
===== START
D	e8e21b71f8924ac89252e2130a623ab6	587cd5be834349acb07ee72e557a91f8	2020-06-30 17:36:47 +0300	2020-06-30 17:36:47 +0300	2020-01-30 13:59:00 +0300								n	0/1	0/100	1970-01-01 02:00:00 +0200
===== END
===== START
===== END
===== START
B	8ed91bb3b1eb4a5e88806a01f91d2e2e	87d3ec057d674303bf772643b429abaa	2020-06-30 17:37:00 +0300	2020-06-30 17:32:01 +0300	2020-05-30 13:59:00 +0300	fbb012088d2246d18902b8856afac12f	x Kenan Kırcaer		2 ay kira				n	200000/100	200000/100	1970-01-01 02:00:00 +0200
B	8ed91bb3b1eb4a5e88806a01f91d2e2e	abb4286e1b2141bca994763d536a8665	2020-06-30 17:37:00 +0300	2020-06-30 17:32:01 +0300	2020-05-30 13:59:00 +0300	fbb012088d2246d18902b8856afac12f	x Kenan Kırcaer		2 ay kira				n	-200000/100	-200000/100	1970-01-01 02:00:00 +0200
===== END
===== START
D	8ed91bb3b1eb4a5e88806a01f91d2e2e	87d3ec057d674303bf772643b429abaa	2020-06-30 17:37:00 +0300	2020-06-30 17:32:01 +0300	2020-05-30 13:59:00 +0300	fbb012088d2246d18902b8856afac12f	x Kenan Kırcaer		2 ay kira				n	200000/100	200000/100	1970-01-01 02:00:00 +0200
D	8ed91bb3b1eb4a5e88806a01f91d2e2e	abb4286e1b2141bca994763d536a8665	2020-06-30 17:37:00 +0300	2020-06-30 17:32:01 +0300	2020-05-30 13:59:00 +0300	fbb012088d2246d18902b8856afac12f	x Kenan Kırcaer		2 ay kira				n	-200000/100	-200000/100	1970-01-01 02:00:00 +0200
===== END
===== START
B	c21ffea7f731439eba3ee798c0e208be	e0916818515d453b9cb5255c5b99a5d8	2020-06-30 17:37:03 +0300	2020-06-30 17:35:02 +0300	2020-01-30 13:59:00 +0300	8698cda7214d42ecb191529968517da9	Aygaz KASA						n	200000/100	200000/100	1970-01-01 02:00:00 +0200
B	c21ffea7f731439eba3ee798c0e208be	703dec3cd7324a20b2d5fecc71536867	2020-06-30 17:37:03 +0300	2020-06-30 17:35:02 +0300	2020-01-30 13:59:00 +0300	fbb012088d2246d18902b8856afac12f	x Kenan Kırcaer						n	-200000/100	-200000/100	1970-01-01 02:00:00 +0200
===== END
===== START
D	c21ffea7f731439eba3ee798c0e208be	e0916818515d453b9cb5255c5b99a5d8	2020-06-30 17:37:03 +0300	2020-06-30 17:35:02 +0300	2020-01-30 13:59:00 +0300	8698cda7214d42ecb191529968517da9	Aygaz KASA						n	200000/100	200000/100	1970-01-01 02:00:00 +0200
D	c21ffea7f731439eba3ee798c0e208be	703dec3cd7324a20b2d5fecc71536867	2020-06-30 17:37:03 +0300	2020-06-30 17:35:02 +0300	2020-01-30 13:59:00 +0300	fbb012088d2246d18902b8856afac12f	x Kenan Kırcaer						n	-200000/100	-200000/100	1970-01-01 02:00:00 +0200
===== END
===== START
D	003545d786a447ed8b13f448a9161571	568d14a022734e5b885947b76a811160	2020-06-30 17:37:05 +0300	2020-06-30 17:37:05 +0300	2020-06-30 13:59:00 +0300								n	0/1	0/100	1970-01-01 02:00:00 +0200
===== END
===== START
===== END
===== START
D	f879c5d4be504ad0bc359d3d530c12e9	53e56c2a23ed43d68cd0c9dbf9e7c8d5	2020-06-30 17:37:16 +0300	2020-06-30 17:37:16 +0300	2020-06-30 13:59:00 +0300								n	0/1	0/100	1970-01-01 02:00:00 +0200
===== END
===== START
===== END
===== START
C	d0a45f1e9a0444fa99dd8e2d4f977c96	42b584ea1c094928a15dc182bb1a600c	2020-06-30 17:38:04 +0300	2020-06-30 17:38:04 +0300	2020-06-30 13:59:00 +0300	54fc60c49feb474e9a7cc57c1df66a25	x Kenan						n	200000/100	200000/100	1970-01-01 02:00:00 +0200
C	d0a45f1e9a0444fa99dd8e2d4f977c96	c7e00c5836884e4c8fd057976aaf66a2	2020-06-30 17:38:04 +0300	2020-06-30 17:38:04 +0300	2020-06-30 13:59:00 +0300	54fc60c49feb474e9a7cc57c1df66a25	x Kenan						n	-200000/100	-200000/100	1970-01-01 02:00:00 +0200
===== END
===== START
===== END
===== START
B	d0a45f1e9a0444fa99dd8e2d4f977c96	42b584ea1c094928a15dc182bb1a600c	2020-06-30 17:38:36 +0300	2020-06-30 17:38:04 +0300	2020-06-30 13:59:00 +0300	54fc60c49feb474e9a7cc57c1df66a25	x Kenan						n	200000/100	200000/100	1970-01-01 02:00:00 +0200
B	d0a45f1e9a0444fa99dd8e2d4f977c96	c7e00c5836884e4c8fd057976aaf66a2	2020-06-30 17:38:36 +0300	2020-06-30 17:38:04 +0300	2020-06-30 13:59:00 +0300	54fc60c49feb474e9a7cc57c1df66a25	x Kenan						n	-200000/100	-200000/100	1970-01-01 02:00:00 +0200
===== END
===== START
R	d0a45f1e9a0444fa99dd8e2d4f977c96	42b584ea1c094928a15dc182bb1a600c	2020-06-30 17:38:46 +0300	2020-06-30 17:38:04 +0300	2020-06-30 13:59:00 +0300	54fc60c49feb474e9a7cc57c1df66a25	x Kenan						n	200000/100	200000/100	1970-01-01 02:00:00 +0200
R	d0a45f1e9a0444fa99dd8e2d4f977c96	c7e00c5836884e4c8fd057976aaf66a2	2020-06-30 17:38:46 +0300	2020-06-30 17:38:04 +0300	2020-06-30 13:59:00 +0300	54fc60c49feb474e9a7cc57c1df66a25	x Kenan						n	-200000/100	-200000/100	1970-01-01 02:00:00 +0200
===== END
===== START
D	9a7354e685864586951ae0f2ac474518	8c7325923f4c4a5cb2b85b6f5c72ea62	2020-06-30 17:38:46 +0300	2020-06-30 17:38:46 +0300	2020-06-30 13:59:00 +0300								n	0/1	0/100	1970-01-01 02:00:00 +0200
===== END
===== START
B	d0a45f1e9a0444fa99dd8e2d4f977c96	42b584ea1c094928a15dc182bb1a600c	2020-06-30 17:39:04 +0300	2020-06-30 17:38:04 +0300	2020-06-30 13:59:00 +0300	54fc60c49feb474e9a7cc57c1df66a25	x Kenan						n	200000/100	200000/100	1970-01-01 02:00:00 +0200
B	d0a45f1e9a0444fa99dd8e2d4f977c96	c7e00c5836884e4c8fd057976aaf66a2	2020-06-30 17:39:04 +0300	2020-06-30 17:38:04 +0300	2020-06-30 13:59:00 +0300	54fc60c49feb474e9a7cc57c1df66a25	x Kenan						n	-200000/100	-200000/100	1970-01-01 02:00:00 +0200
===== END
===== START
C	d0a45f1e9a0444fa99dd8e2d4f977c96	42b584ea1c094928a15dc182bb1a600c	2020-06-30 17:39:04 +0300	2020-06-30 17:38:04 +0300	2020-06-30 13:59:00 +0300	54fc60c49feb474e9a7cc57c1df66a25	x Kenan						n	200000/100	200000/100	1970-01-01 02:00:00 +0200
C	d0a45f1e9a0444fa99dd8e2d4f977c96	bc89b0b63a4f4d0facb33c2be92a3c2c	2020-06-30 17:39:04 +0300	2020-06-30 17:38:04 +0300	2020-06-30 13:59:00 +0300	3a63f12134c244fa86b69fbbccbba3e0	Açık-TRY						n	-200000/100	-200000/100	1970-01-01 02:00:00 +0200
===== END
===== START
B	d0a45f1e9a0444fa99dd8e2d4f977c96	42b584ea1c094928a15dc182bb1a600c	2020-06-30 17:39:04 +0300	2020-06-30 17:38:04 +0300	2020-06-30 13:59:00 +0300	54fc60c49feb474e9a7cc57c1df66a25	x Kenan						n	200000/100	200000/100	1970-01-01 02:00:00 +0200
B	d0a45f1e9a0444fa99dd8e2d4f977c96	bc89b0b63a4f4d0facb33c2be92a3c2c	2020-06-30 17:39:04 +0300	2020-06-30 17:38:04 +0300	2020-06-30 13:59:00 +0300	3a63f12134c244fa86b69fbbccbba3e0	Açık-TRY						n	-200000/100	-200000/100	1970-01-01 02:00:00 +0200
===== END
===== START
C	d0a45f1e9a0444fa99dd8e2d4f977c96	bc89b0b63a4f4d0facb33c2be92a3c2c	2020-06-30 17:39:04 +0300	2020-06-30 17:38:04 +0300	2020-06-30 13:59:00 +0300	3a63f12134c244fa86b69fbbccbba3e0	Açık-TRY						n	0/100	0/100	1970-01-01 02:00:00 +0200
===== END
===== START
===== END
===== START
D	17543e2709ac4a0c85f479cb142c0e27	c0124322c2e642a8b89d3c4e235f10c2	2020-06-30 17:39:29 +0300	2020-06-30 17:39:29 +0300	2020-06-30 13:59:00 +0300								n	0/1	0/100	1970-01-01 02:00:00 +0200
===== END
===== START
===== END
===== START
C	bdc92b9ccaeb4f44afde032a82c8da1e	53bd3fed43a04534bf9efbdc49c55736	2020-06-30 17:41:57 +0300	2020-06-30 17:41:57 +0300	2020-06-30 13:59:00 +0300	ce8f6dcd7f2041f9b5644506b44b5ce1	YkmArka Adem Kesici						n	850000/100	850000/100	1970-01-01 02:00:00 +0200
C	bdc92b9ccaeb4f44afde032a82c8da1e	f2cbca536ad841c786d492942fbf55ee	2020-06-30 17:41:57 +0300	2020-06-30 17:41:57 +0300	2020-06-30 13:59:00 +0300	2d05ecc9b4e64f789485990ce01a8dcd	10 GLR YkmArka						n	-850000/100	-850000/100	1970-01-01 02:00:00 +0200
===== END
===== START
===== END
===== START
B	bdc92b9ccaeb4f44afde032a82c8da1e	53bd3fed43a04534bf9efbdc49c55736	2020-06-30 17:42:17 +0300	2020-06-30 17:41:57 +0300	2020-06-30 13:59:00 +0300	ce8f6dcd7f2041f9b5644506b44b5ce1	YkmArka Adem Kesici						n	850000/100	850000/100	1970-01-01 02:00:00 +0200
B	bdc92b9ccaeb4f44afde032a82c8da1e	f2cbca536ad841c786d492942fbf55ee	2020-06-30 17:42:17 +0300	2020-06-30 17:41:57 +0300	2020-06-30 13:59:00 +0300	2d05ecc9b4e64f789485990ce01a8dcd	10 GLR YkmArka						n	-850000/100	-850000/100	1970-01-01 02:00:00 +0200
===== END
===== START
C	bdc92b9ccaeb4f44afde032a82c8da1e	53bd3fed43a04534bf9efbdc49c55736	2020-06-30 17:42:17 +0300	2020-06-30 17:41:57 +0300	2020-06-30 13:59:00 +0300	ce8f6dcd7f2041f9b5644506b44b5ce1	YkmArka Adem Kesici		2020 APYkmArka Kira Bedeli 1/3 				n	850000/100	850000/100	1970-01-01 02:00:00 +0200
C	bdc92b9ccaeb4f44afde032a82c8da1e	f2cbca536ad841c786d492942fbf55ee	2020-06-30 17:42:17 +0300	2020-06-30 17:41:57 +0300	2020-06-30 13:59:00 +0300	2d05ecc9b4e64f789485990ce01a8dcd	10 GLR YkmArka		2020 APYkmArka Kira Bedeli 1/3 				n	-850000/100	-850000/100	1970-01-01 02:00:00 +0200
===== END
===== START
D	9edc541384f940efa7d23c09820b9d00	7d650e8f83c34a71b24298bd32e19cfe	2020-06-30 17:42:22 +0300	2020-06-30 17:42:22 +0300	2020-06-30 13:59:00 +0300								n	0/1	0/100	1970-01-01 02:00:00 +0200
===== END
===== START
===== END
===== START
C	8d0088c89aea4a32a2af307139730e7f	0b611ce8484144c6b61573a3d85139d6	2020-06-30 17:42:34 +0300	2020-06-30 17:42:34 +0300	2020-06-30 13:59:00 +0300	91f6b29227e746f8848098e5d562cd7c	YkmÖn Adem Kesici						n	2300000/100	2300000/100	1970-01-01 02:00:00 +0200
C	8d0088c89aea4a32a2af307139730e7f	7e503f59bc804346b2f6f07b67177092	2020-06-30 17:42:34 +0300	2020-06-30 17:42:34 +0300	2020-06-30 13:59:00 +0300	3a63f12134c244fa86b69fbbccbba3e0	Açık-TRY						n	-2300000/100	-2300000/100	1970-01-01 02:00:00 +0200
===== END
===== START
===== END
===== START
B	8d0088c89aea4a32a2af307139730e7f	0b611ce8484144c6b61573a3d85139d6	2020-06-30 17:42:43 +0300	2020-06-30 17:42:34 +0300	2020-06-30 13:59:00 +0300	91f6b29227e746f8848098e5d562cd7c	YkmÖn Adem Kesici						n	2300000/100	2300000/100	1970-01-01 02:00:00 +0200
B	8d0088c89aea4a32a2af307139730e7f	7e503f59bc804346b2f6f07b67177092	2020-06-30 17:42:43 +0300	2020-06-30 17:42:34 +0300	2020-06-30 13:59:00 +0300	3a63f12134c244fa86b69fbbccbba3e0	Açık-TRY						n	-2300000/100	-2300000/100	1970-01-01 02:00:00 +0200
===== END
===== START
C	8d0088c89aea4a32a2af307139730e7f	0b611ce8484144c6b61573a3d85139d6	2020-06-30 17:42:43 +0300	2020-06-30 17:42:34 +0300	2020-06-30 13:59:00 +0300	91f6b29227e746f8848098e5d562cd7c	YkmÖn Adem Kesici		2020 AP Ykm Arka Kira Bedeli  2/3				n	2300000/100	2300000/100	1970-01-01 02:00:00 +0200
C	8d0088c89aea4a32a2af307139730e7f	7e503f59bc804346b2f6f07b67177092	2020-06-30 17:42:43 +0300	2020-06-30 17:42:34 +0300	2020-06-30 13:59:00 +0300	3a63f12134c244fa86b69fbbccbba3e0	Açık-TRY		2020 AP Ykm Arka Kira Bedeli  2/3				n	-2300000/100	-2300000/100	1970-01-01 02:00:00 +0200
===== END
===== START
C	8570b271ef574cd2a8236196fd4b1ce8	7e671f7d9d4b42eebe02fbcd689d172c	2020-06-30 17:43:14 +0300	2020-06-30 17:43:14 +0300	2020-06-30 13:59:00 +0300	91f6b29227e746f8848098e5d562cd7c	YkmÖn Adem Kesici						n	0/100	0/100	1970-01-01 02:00:00 +0200
C	8570b271ef574cd2a8236196fd4b1ce8	9e56de139f9f4fc79bdfc28935ab2cde	2020-06-30 17:43:14 +0300	2020-06-30 17:43:14 +0300	2020-06-30 13:59:00 +0300	bc14361189b241bf835961a52fa5ccf3	20 GLR YkmÖn						n	0/100	0/100	1970-01-01 02:00:00 +0200
===== END
===== START
===== END
===== START
B	8d0088c89aea4a32a2af307139730e7f	0b611ce8484144c6b61573a3d85139d6	2020-06-30 17:43:21 +0300	2020-06-30 17:42:34 +0300	2020-06-30 13:59:00 +0300	91f6b29227e746f8848098e5d562cd7c	YkmÖn Adem Kesici		2020 AP Ykm Arka Kira Bedeli  2/3				n	2300000/100	2300000/100	1970-01-01 02:00:00 +0200
B	8d0088c89aea4a32a2af307139730e7f	7e503f59bc804346b2f6f07b67177092	2020-06-30 17:43:21 +0300	2020-06-30 17:42:34 +0300	2020-06-30 13:59:00 +0300	3a63f12134c244fa86b69fbbccbba3e0	Açık-TRY		2020 AP Ykm Arka Kira Bedeli  2/3				n	-2300000/100	-2300000/100	1970-01-01 02:00:00 +0200
===== END
===== START
C	8d0088c89aea4a32a2af307139730e7f	0b611ce8484144c6b61573a3d85139d6	2020-06-30 17:43:21 +0300	2020-06-30 17:42:34 +0300	2020-06-30 13:59:00 +0300	91f6b29227e746f8848098e5d562cd7c	YkmÖn Adem Kesici		2020 AP Ykm Arka Kira Bedeli  2/3				n	2300000/100	2300000/100	1970-01-01 02:00:00 +0200
C	8d0088c89aea4a32a2af307139730e7f	7e503f59bc804346b2f6f07b67177092	2020-06-30 17:43:21 +0300	2020-06-30 17:42:34 +0300	2020-06-30 13:59:00 +0300	bc14361189b241bf835961a52fa5ccf3	20 GLR YkmÖn		2020 AP Ykm Arka Kira Bedeli  2/3				n	-2300000/100	-2300000/100	1970-01-01 02:00:00 +0200
===== END
===== START
B	8570b271ef574cd2a8236196fd4b1ce8	7e671f7d9d4b42eebe02fbcd689d172c	2020-06-30 17:43:23 +0300	2020-06-30 17:43:14 +0300	2020-06-30 13:59:00 +0300	91f6b29227e746f8848098e5d562cd7c	YkmÖn Adem Kesici						n	0/100	0/100	1970-01-01 02:00:00 +0200
B	8570b271ef574cd2a8236196fd4b1ce8	9e56de139f9f4fc79bdfc28935ab2cde	2020-06-30 17:43:23 +0300	2020-06-30 17:43:14 +0300	2020-06-30 13:59:00 +0300	bc14361189b241bf835961a52fa5ccf3	20 GLR YkmÖn						n	0/100	0/100	1970-01-01 02:00:00 +0200
===== END
===== START
D	8570b271ef574cd2a8236196fd4b1ce8	7e671f7d9d4b42eebe02fbcd689d172c	2020-06-30 17:43:23 +0300	2020-06-30 17:43:14 +0300	2020-06-30 13:59:00 +0300	91f6b29227e746f8848098e5d562cd7c	YkmÖn Adem Kesici						n	0/100	0/100	1970-01-01 02:00:00 +0200
D	8570b271ef574cd2a8236196fd4b1ce8	9e56de139f9f4fc79bdfc28935ab2cde	2020-06-30 17:43:23 +0300	2020-06-30 17:43:14 +0300	2020-06-30 13:59:00 +0300	bc14361189b241bf835961a52fa5ccf3	20 GLR YkmÖn						n	0/100	0/100	1970-01-01 02:00:00 +0200
===== END
===== START
D	0dff8569852043c9a9843fb75d7351b9	085eea0d9e3e46509ac1281c1905fc97	2020-06-30 17:43:29 +0300	2020-06-30 17:43:29 +0300	2020-06-30 13:59:00 +0300								n	0/1	0/100	1970-01-01 02:00:00 +0200
===== END
===== START
===== END
===== START
B	bdc92b9ccaeb4f44afde032a82c8da1e	53bd3fed43a04534bf9efbdc49c55736	2020-06-30 17:43:43 +0300	2020-06-30 17:41:57 +0300	2020-06-30 13:59:00 +0300	ce8f6dcd7f2041f9b5644506b44b5ce1	YkmArka Adem Kesici		2020 APYkmArka Kira Bedeli 1/3 				n	850000/100	850000/100	1970-01-01 02:00:00 +0200
B	bdc92b9ccaeb4f44afde032a82c8da1e	f2cbca536ad841c786d492942fbf55ee	2020-06-30 17:43:43 +0300	2020-06-30 17:41:57 +0300	2020-06-30 13:59:00 +0300	2d05ecc9b4e64f789485990ce01a8dcd	10 GLR YkmArka		2020 APYkmArka Kira Bedeli 1/3 				n	-850000/100	-850000/100	1970-01-01 02:00:00 +0200
===== END
===== START
C	bdc92b9ccaeb4f44afde032a82c8da1e	53bd3fed43a04534bf9efbdc49c55736	2020-06-30 17:43:43 +0300	2020-06-30 17:41:57 +0300	2020-06-30 13:59:00 +0300	ce8f6dcd7f2041f9b5644506b44b5ce1	YkmArka Adem Kesici		2020 APYkmArka Kira Bedeli 1/3 				n	550000/100	550000/100	1970-01-01 02:00:00 +0200
C	bdc92b9ccaeb4f44afde032a82c8da1e	f2cbca536ad841c786d492942fbf55ee	2020-06-30 17:43:43 +0300	2020-06-30 17:41:57 +0300	2020-06-30 13:59:00 +0300	2d05ecc9b4e64f789485990ce01a8dcd	10 GLR YkmArka		2020 APYkmArka Kira Bedeli 1/3 				n	-550000/100	-550000/100	1970-01-01 02:00:00 +0200
===== END
===== START
B	bdc92b9ccaeb4f44afde032a82c8da1e	53bd3fed43a04534bf9efbdc49c55736	2020-06-30 17:43:57 +0300	2020-06-30 17:41:57 +0300	2020-06-30 13:59:00 +0300	ce8f6dcd7f2041f9b5644506b44b5ce1	YkmArka Adem Kesici		2020 APYkmArka Kira Bedeli 1/3 				n	550000/100	550000/100	1970-01-01 02:00:00 +0200
B	bdc92b9ccaeb4f44afde032a82c8da1e	f2cbca536ad841c786d492942fbf55ee	2020-06-30 17:43:57 +0300	2020-06-30 17:41:57 +0300	2020-06-30 13:59:00 +0300	2d05ecc9b4e64f789485990ce01a8dcd	10 GLR YkmArka		2020 APYkmArka Kira Bedeli 1/3 				n	-550000/100	-550000/100	1970-01-01 02:00:00 +0200
===== END
===== START
C	bdc92b9ccaeb4f44afde032a82c8da1e	53bd3fed43a04534bf9efbdc49c55736	2020-06-30 17:43:57 +0300	2020-06-30 17:41:57 +0300	2020-06-30 13:59:00 +0300	ce8f6dcd7f2041f9b5644506b44b5ce1	YkmArka Adem Kesici		2020 APYkmArka Kira Bedeli 1/3 				n	850000/100	850000/100	1970-01-01 02:00:00 +0200
C	bdc92b9ccaeb4f44afde032a82c8da1e	f2cbca536ad841c786d492942fbf55ee	2020-06-30 17:43:57 +0300	2020-06-30 17:41:57 +0300	2020-06-30 13:59:00 +0300	2d05ecc9b4e64f789485990ce01a8dcd	10 GLR YkmArka		2020 APYkmArka Kira Bedeli 1/3 				n	-850000/100	-850000/100	1970-01-01 02:00:00 +0200
===== END
===== START
===== END
===== START
B	8d0088c89aea4a32a2af307139730e7f	0b611ce8484144c6b61573a3d85139d6	2020-06-30 17:44:10 +0300	2020-06-30 17:42:34 +0300	2020-06-30 13:59:00 +0300	91f6b29227e746f8848098e5d562cd7c	YkmÖn Adem Kesici		2020 AP Ykm Arka Kira Bedeli  2/3				n	2300000/100	2300000/100	1970-01-01 02:00:00 +0200
B	8d0088c89aea4a32a2af307139730e7f	7e503f59bc804346b2f6f07b67177092	2020-06-30 17:44:10 +0300	2020-06-30 17:42:34 +0300	2020-06-30 13:59:00 +0300	bc14361189b241bf835961a52fa5ccf3	20 GLR YkmÖn		2020 AP Ykm Arka Kira Bedeli  2/3				n	-2300000/100	-2300000/100	1970-01-01 02:00:00 +0200
===== END
===== START
C	8d0088c89aea4a32a2af307139730e7f	0b611ce8484144c6b61573a3d85139d6	2020-06-30 17:44:10 +0300	2020-06-30 17:42:34 +0300	2020-06-30 13:59:00 +0300	91f6b29227e746f8848098e5d562cd7c	YkmÖn Adem Kesici		2020 AP Ykm Arka Kira Bedeli  2/3				n	1900000/100	1900000/100	1970-01-01 02:00:00 +0200
C	8d0088c89aea4a32a2af307139730e7f	7e503f59bc804346b2f6f07b67177092	2020-06-30 17:44:10 +0300	2020-06-30 17:42:34 +0300	2020-06-30 13:59:00 +0300	bc14361189b241bf835961a52fa5ccf3	20 GLR YkmÖn		2020 AP Ykm Arka Kira Bedeli  2/3				n	-1900000/100	-1900000/100	1970-01-01 02:00:00 +0200
===== END
===== START
B	bdc92b9ccaeb4f44afde032a82c8da1e	53bd3fed43a04534bf9efbdc49c55736	2020-06-30 17:45:09 +0300	2020-06-30 17:41:57 +0300	2020-06-30 13:59:00 +0300	ce8f6dcd7f2041f9b5644506b44b5ce1	YkmArka Adem Kesici		2020 APYkmArka Kira Bedeli 1/3 				n	850000/100	850000/100	1970-01-01 02:00:00 +0200
B	bdc92b9ccaeb4f44afde032a82c8da1e	f2cbca536ad841c786d492942fbf55ee	2020-06-30 17:45:09 +0300	2020-06-30 17:41:57 +0300	2020-06-30 13:59:00 +0300	2d05ecc9b4e64f789485990ce01a8dcd	10 GLR YkmArka		2020 APYkmArka Kira Bedeli 1/3 				n	-850000/100	-850000/100	1970-01-01 02:00:00 +0200
===== END
===== START
C	bdc92b9ccaeb4f44afde032a82c8da1e	53bd3fed43a04534bf9efbdc49c55736	2020-06-30 17:45:09 +0300	2020-06-30 17:41:57 +0300	2020-06-30 13:59:00 +0300	ce8f6dcd7f2041f9b5644506b44b5ce1	YkmArka Adem Kesici		2020 APYkmArka Kira Bedeli 1/3 				n	950000/100	950000/100	1970-01-01 02:00:00 +0200
C	bdc92b9ccaeb4f44afde032a82c8da1e	f2cbca536ad841c786d492942fbf55ee	2020-06-30 17:45:09 +0300	2020-06-30 17:41:57 +0300	2020-06-30 13:59:00 +0300	2d05ecc9b4e64f789485990ce01a8dcd	10 GLR YkmArka		2020 APYkmArka Kira Bedeli 1/3 				n	-950000/100	-950000/100	1970-01-01 02:00:00 +0200
===== END
