mod	trans_guid	split_guid	time_now	date_entered	date_posted	acc_guid	acc_name	num	description	notes	memo	action	reconciled	amount	value	date_reconciled
-----------------
===== START
===== END
===== START
D	5386872634634bc591cc7bfb0172d912	339493b66b4d49f79652df9088f1d5c3	2020-06-17 11:33:30 +0300	2020-06-17 11:33:30 +0300	2020-06-17 13:59:00 +0300								n	0/1	0/100	1970-01-01 02:00:00 +0200
===== END
===== START
===== END
===== START
D	68bf3afd696046a9b659317f72d05b39	a82c0f3541a34d36b0781a367607a6f7	2020-06-17 11:33:38 +0300	2020-06-17 11:33:38 +0300	2020-06-17 13:59:00 +0300								n	0/1	0/100	1970-01-01 02:00:00 +0200
===== END
===== START
===== END
===== START
D	b9a6ccaf43e04ea2b892662b646109ba	bcbc5805979345508c50d046b8c6a015	2020-06-17 11:34:06 +0300	2020-06-17 11:34:06 +0300	2020-06-17 13:59:00 +0300								n	0/1	0/100	1970-01-01 02:00:00 +0200
===== END
===== START
===== END
===== START
===== END
===== START
D	244c11665a794808a0a22f759e9d143f	67e9d4d86f4547da892809eab8590e33	2020-06-17 11:34:57 +0300	2020-06-17 11:34:57 +0300	2020-06-17 13:59:00 +0300								n	0/1	0/100	1970-01-01 02:00:00 +0200
===== END
===== START
D	062de939f26d45ae9d6492cc6bfff96e	015c9e2012974b07b589d934b73f2b0b	2020-06-17 11:34:59 +0300	2020-06-17 11:34:59 +0300	2020-06-17 13:59:00 +0300								n	0/1	0/100	1970-01-01 02:00:00 +0200
===== END
===== START
===== END
===== START
===== END
===== START
===== END
===== START
D	edcc7cf3d220480286f5a6ae658be539	5123906684d440279a7941f9b2d9be1b	2020-06-17 11:39:49 +0300	2020-06-17 11:39:49 +0300	2020-06-17 13:59:00 +0300								n	0/1	0/100	1970-01-01 02:00:00 +0200
===== END
===== START
D	b2b4349b3bd645e09e3ded14275253c6	3d8e351c0f9645869ba0766269172534	2020-06-17 11:39:49 +0300	2020-06-17 11:39:49 +0300	2020-06-17 13:59:00 +0300								n	0/1	0/100	1970-01-01 02:00:00 +0200
===== END
===== START
D	5e8f86fe9e2e4582863b7aa8376f6c53	68cb9b7818654b538e823cce74800a19	2020-06-17 11:39:51 +0300	2020-06-17 11:39:51 +0300	2020-06-17 13:59:00 +0300								n	0/1	0/100	1970-01-01 02:00:00 +0200
===== END
===== START
D	1a893172a7a940c4801e3cbcc59b34f7	15cb82e6594f443d8ca9673269baffd2	2020-06-17 11:39:52 +0300	2020-06-17 11:39:52 +0300	2020-06-17 13:59:00 +0300								n	0/1	0/100	1970-01-01 02:00:00 +0200
===== END
===== START
D	83882eb1d6454879b6c4f61a3dc00099	6375550403634ab5a28b57efce9b9013	2020-06-17 11:39:53 +0300	2020-06-17 11:39:53 +0300	2020-06-17 13:59:00 +0300								n	0/1	0/100	1970-01-01 02:00:00 +0200
===== END
===== START
D	1e5bad0a1e1047e386cb52cae5d30cc8	c9dbc0287f484bc6b48eda116600cec2	2020-06-17 11:39:55 +0300	2020-06-17 11:39:55 +0300	2020-06-17 13:59:00 +0300								n	0/1	0/100	1970-01-01 02:00:00 +0200
===== END
===== START
===== END
===== START
C	395b0d5a6b4c4f9d9e957eff5b17d68f	b34a633edd7e4c2b8c67a1e2ba416ad4	2020-06-17 11:44:55 +0300	2020-06-17 11:44:55 +0300	2019-01-30 13:59:00 +0300	b5c86390d3244c54a84665ddd07f7f17	127 SNY240 Dursun Durmuş						n	0/100	0/100	1970-01-01 02:00:00 +0200
===== END
===== START
===== END
===== START
C	da861e2c93d24894a52c413c84496ef3	1be44b37fda043e7bb967fb22f9ddf03	2020-06-17 11:45:04 +0300	2020-06-17 11:45:04 +0300	2019-02-28 13:59:00 +0300	b5c86390d3244c54a84665ddd07f7f17	127 SNY240 Dursun Durmuş						n	0/100	0/100	1970-01-01 02:00:00 +0200
===== END
===== START
===== END
===== START
C	519daddd970644528b232f10c10c766f	44a28f384c884a40939502d64c6306b9	2020-06-17 11:45:10 +0300	2020-06-17 11:45:10 +0300	2019-03-30 13:59:00 +0300	b5c86390d3244c54a84665ddd07f7f17	127 SNY240 Dursun Durmuş						n	0/100	0/100	1970-01-01 02:00:00 +0200
===== END
===== START
===== END
===== START
C	04a39162057c4f95890af4963cc3e9f5	90369cc113ed4941adc8fc8b845832d0	2020-06-17 11:45:16 +0300	2020-06-17 11:45:16 +0300	2019-04-30 13:59:00 +0300	b5c86390d3244c54a84665ddd07f7f17	127 SNY240 Dursun Durmuş						n	0/100	0/100	1970-01-01 02:00:00 +0200
===== END
===== START
===== END
===== START
C	eef856dc90444aba995ad52e60fd99c6	eae9a5c8166f4c3eb7716480b1a5db44	2020-06-17 11:45:21 +0300	2020-06-17 11:45:21 +0300	2019-06-30 13:59:00 +0300	b5c86390d3244c54a84665ddd07f7f17	127 SNY240 Dursun Durmuş						n	0/100	0/100	1970-01-01 02:00:00 +0200
===== END
===== START
===== END
===== START
C	0ce0b5a3442849f6be58305af54c3fec	5220af2433494063a74f47cd13833088	2020-06-17 11:45:26 +0300	2020-06-17 11:45:26 +0300	2019-07-30 13:59:00 +0300	b5c86390d3244c54a84665ddd07f7f17	127 SNY240 Dursun Durmuş						n	0/100	0/100	1970-01-01 02:00:00 +0200
===== END
===== START
===== END
===== START
C	40b24ca780df423a8f2947953cb1bfa7	310af68c58b246c080d86af3ba5d656f	2020-06-17 11:45:31 +0300	2020-06-17 11:45:31 +0300	2019-08-30 13:59:00 +0300	b5c86390d3244c54a84665ddd07f7f17	127 SNY240 Dursun Durmuş						n	0/100	0/100	1970-01-01 02:00:00 +0200
===== END
===== START
===== END
===== START
C	b7a3bec2b34240db9e5f6a9d781dbd0b	9811c51d39b2422aa433c2af2c815e8d	2020-06-17 11:45:34 +0300	2020-06-17 11:45:34 +0300	2019-09-30 13:59:00 +0300	b5c86390d3244c54a84665ddd07f7f17	127 SNY240 Dursun Durmuş						n	0/100	0/100	1970-01-01 02:00:00 +0200
===== END
===== START
===== END
===== START
B	395b0d5a6b4c4f9d9e957eff5b17d68f	b34a633edd7e4c2b8c67a1e2ba416ad4	2020-06-17 11:47:22 +0300	2020-06-17 11:44:55 +0300	2019-01-30 13:59:00 +0300	b5c86390d3244c54a84665ddd07f7f17	127 SNY240 Dursun Durmuş						n	0/100	0/100	1970-01-01 02:00:00 +0200
===== END
===== START
C	395b0d5a6b4c4f9d9e957eff5b17d68f	b34a633edd7e4c2b8c67a1e2ba416ad4	2020-06-17 11:47:22 +0300	2020-06-17 11:44:55 +0300	2019-01-30 13:59:00 +0300	b5c86390d3244c54a84665ddd07f7f17	127 SNY240 Dursun Durmuş		Gecikme 				n	0/100	0/100	1970-01-01 02:00:00 +0200
===== END
===== START
B	d6818c9803f947f6aa6b1ffc00bc4360	4fbd1b4c32f841eb8782dded9ba71a7b	2020-06-17 11:47:30 +0300	2019-12-02 11:32:14 +0300	2018-12-31 13:59:00 +0300	b552133f27ab4c9cad6ba2bbca63b69f	240m2 KASA	X	Çatı oluğu yapımı				n	10000/100	10000/100	1970-01-01 02:00:00 +0200
B	d6818c9803f947f6aa6b1ffc00bc4360	01309829541b4367ab3ec99e64d7b465	2020-06-17 11:47:30 +0300	2019-12-02 11:32:14 +0300	2018-12-31 13:59:00 +0300	b5c86390d3244c54a84665ddd07f7f17	127 SNY240 Dursun Durmuş	X	Çatı oluğu yapımı				n	-10000/100	-10000/100	1970-01-01 02:00:00 +0200
===== END
===== START
C	d6818c9803f947f6aa6b1ffc00bc4360	4fbd1b4c32f841eb8782dded9ba71a7b	2020-06-17 11:47:30 +0300	2019-12-02 11:32:14 +0300	2019-06-30 13:59:00 +0300	b552133f27ab4c9cad6ba2bbca63b69f	240m2 KASA	X	Çatı oluğu yapımı				n	10000/100	10000/100	1970-01-01 02:00:00 +0200
C	d6818c9803f947f6aa6b1ffc00bc4360	01309829541b4367ab3ec99e64d7b465	2020-06-17 11:47:30 +0300	2019-12-02 11:32:14 +0300	2019-06-30 13:59:00 +0300	b5c86390d3244c54a84665ddd07f7f17	127 SNY240 Dursun Durmuş	X	Çatı oluğu yapımı				n	-10000/100	-10000/100	1970-01-01 02:00:00 +0200
===== END
===== START
B	031a639d09da4f8b8bc305c02375fef5	7ebe625b1c584474beae51da8909a56e	2020-06-17 11:47:41 +0300	2019-12-02 11:33:38 +0300	2018-12-31 13:59:00 +0300	b552133f27ab4c9cad6ba2bbca63b69f	240m2 KASA	X	beton dökerken kullanılan elektrik				n	25000/100	25000/100	1970-01-01 02:00:00 +0200
B	031a639d09da4f8b8bc305c02375fef5	66392d2574dc46b3867dc436f6caeda2	2020-06-17 11:47:41 +0300	2019-12-02 11:33:38 +0300	2018-12-31 13:59:00 +0300	b5c86390d3244c54a84665ddd07f7f17	127 SNY240 Dursun Durmuş	X	beton dökerken kullanılan elektrik				n	-25000/100	-25000/100	1970-01-01 02:00:00 +0200
===== END
===== START
C	031a639d09da4f8b8bc305c02375fef5	7ebe625b1c584474beae51da8909a56e	2020-06-17 11:47:41 +0300	2019-12-02 11:33:38 +0300	2019-06-30 13:59:00 +0300	b552133f27ab4c9cad6ba2bbca63b69f	240m2 KASA	X	beton dökerken kullanılan elektrik				n	25000/100	25000/100	1970-01-01 02:00:00 +0200
C	031a639d09da4f8b8bc305c02375fef5	66392d2574dc46b3867dc436f6caeda2	2020-06-17 11:47:41 +0300	2019-12-02 11:33:38 +0300	2019-06-30 13:59:00 +0300	b5c86390d3244c54a84665ddd07f7f17	127 SNY240 Dursun Durmuş	X	beton dökerken kullanılan elektrik				n	-25000/100	-25000/100	1970-01-01 02:00:00 +0200
===== END
===== START
B	395b0d5a6b4c4f9d9e957eff5b17d68f	b34a633edd7e4c2b8c67a1e2ba416ad4	2020-06-17 11:48:14 +0300	2020-06-17 11:44:55 +0300	2019-01-30 13:59:00 +0300	b5c86390d3244c54a84665ddd07f7f17	127 SNY240 Dursun Durmuş		Gecikme 				n	0/100	0/100	1970-01-01 02:00:00 +0200
===== END
===== START
C	395b0d5a6b4c4f9d9e957eff5b17d68f	b34a633edd7e4c2b8c67a1e2ba416ad4	2020-06-17 11:48:14 +0300	2020-06-17 11:44:55 +0300	2019-01-30 13:59:00 +0300	b5c86390d3244c54a84665ddd07f7f17	127 SNY240 Dursun Durmuş		Gecikme ocak tüfe 17,16				n	0/100	0/100	1970-01-01 02:00:00 +0200
===== END
===== START
B	395b0d5a6b4c4f9d9e957eff5b17d68f	b34a633edd7e4c2b8c67a1e2ba416ad4	2020-06-17 11:49:02 +0300	2020-06-17 11:44:55 +0300	2019-01-30 13:59:00 +0300	b5c86390d3244c54a84665ddd07f7f17	127 SNY240 Dursun Durmuş		Gecikme ocak tüfe 17,16				n	0/100	0/100	1970-01-01 02:00:00 +0200
===== END
===== START
C	395b0d5a6b4c4f9d9e957eff5b17d68f	b34a633edd7e4c2b8c67a1e2ba416ad4	2020-06-17 11:49:02 +0300	2020-06-17 11:44:55 +0300	2019-01-30 13:59:00 +0300	b5c86390d3244c54a84665ddd07f7f17	127 SNY240 Dursun Durmuş		Gecikme ocak tüfe 17,16				n	7007/100	7007/100	1970-01-01 02:00:00 +0200
C	395b0d5a6b4c4f9d9e957eff5b17d68f	b1aacfc122e34a1caf7188e93752f6dc	2020-06-17 11:49:02 +0300	2020-06-17 11:44:55 +0300	2019-01-30 13:59:00 +0300	62cf67902c2f48c28059ec3005e4290f	5 GLR Sny240m2		Gecikme ocak tüfe 17,16				n	-7007/100	-7007/100	1970-01-01 02:00:00 +0200
===== END
===== START
B	da861e2c93d24894a52c413c84496ef3	1be44b37fda043e7bb967fb22f9ddf03	2020-06-17 11:49:13 +0300	2020-06-17 11:45:04 +0300	2019-02-28 13:59:00 +0300	b5c86390d3244c54a84665ddd07f7f17	127 SNY240 Dursun Durmuş						n	0/100	0/100	1970-01-01 02:00:00 +0200
===== END
===== START
C	da861e2c93d24894a52c413c84496ef3	1be44b37fda043e7bb967fb22f9ddf03	2020-06-17 11:49:13 +0300	2020-06-17 11:45:04 +0300	2019-02-28 13:59:00 +0300	b5c86390d3244c54a84665ddd07f7f17	127 SNY240 Dursun Durmuş		Gecikme ocak tüfe 17,16				n	0/100	0/100	1970-01-01 02:00:00 +0200
===== END
===== START
B	519daddd970644528b232f10c10c766f	44a28f384c884a40939502d64c6306b9	2020-06-17 11:49:15 +0300	2020-06-17 11:45:10 +0300	2019-03-30 13:59:00 +0300	b5c86390d3244c54a84665ddd07f7f17	127 SNY240 Dursun Durmuş						n	0/100	0/100	1970-01-01 02:00:00 +0200
===== END
===== START
C	519daddd970644528b232f10c10c766f	44a28f384c884a40939502d64c6306b9	2020-06-17 11:49:15 +0300	2020-06-17 11:45:10 +0300	2019-03-30 13:59:00 +0300	b5c86390d3244c54a84665ddd07f7f17	127 SNY240 Dursun Durmuş		Gecikme ocak tüfe 17,16				n	0/100	0/100	1970-01-01 02:00:00 +0200
===== END
===== START
B	04a39162057c4f95890af4963cc3e9f5	90369cc113ed4941adc8fc8b845832d0	2020-06-17 11:49:17 +0300	2020-06-17 11:45:16 +0300	2019-04-30 13:59:00 +0300	b5c86390d3244c54a84665ddd07f7f17	127 SNY240 Dursun Durmuş						n	0/100	0/100	1970-01-01 02:00:00 +0200
===== END
===== START
C	04a39162057c4f95890af4963cc3e9f5	90369cc113ed4941adc8fc8b845832d0	2020-06-17 11:49:17 +0300	2020-06-17 11:45:16 +0300	2019-04-30 13:59:00 +0300	b5c86390d3244c54a84665ddd07f7f17	127 SNY240 Dursun Durmuş		Gecikme ocak tüfe 17,16				n	0/100	0/100	1970-01-01 02:00:00 +0200
===== END
===== START
B	eef856dc90444aba995ad52e60fd99c6	eae9a5c8166f4c3eb7716480b1a5db44	2020-06-17 11:49:22 +0300	2020-06-17 11:45:21 +0300	2019-06-30 13:59:00 +0300	b5c86390d3244c54a84665ddd07f7f17	127 SNY240 Dursun Durmuş						n	0/100	0/100	1970-01-01 02:00:00 +0200
===== END
===== START
C	eef856dc90444aba995ad52e60fd99c6	eae9a5c8166f4c3eb7716480b1a5db44	2020-06-17 11:49:22 +0300	2020-06-17 11:45:21 +0300	2019-06-30 13:59:00 +0300	b5c86390d3244c54a84665ddd07f7f17	127 SNY240 Dursun Durmuş		Gecikme ocak tüfe 17,16				n	0/100	0/100	1970-01-01 02:00:00 +0200
===== END
===== START
B	0ce0b5a3442849f6be58305af54c3fec	5220af2433494063a74f47cd13833088	2020-06-17 11:49:23 +0300	2020-06-17 11:45:26 +0300	2019-07-30 13:59:00 +0300	b5c86390d3244c54a84665ddd07f7f17	127 SNY240 Dursun Durmuş						n	0/100	0/100	1970-01-01 02:00:00 +0200
===== END
===== START
C	0ce0b5a3442849f6be58305af54c3fec	5220af2433494063a74f47cd13833088	2020-06-17 11:49:23 +0300	2020-06-17 11:45:26 +0300	2019-07-30 13:59:00 +0300	b5c86390d3244c54a84665ddd07f7f17	127 SNY240 Dursun Durmuş		Gecikme ocak tüfe 17,16				n	0/100	0/100	1970-01-01 02:00:00 +0200
===== END
===== START
B	40b24ca780df423a8f2947953cb1bfa7	310af68c58b246c080d86af3ba5d656f	2020-06-17 11:49:24 +0300	2020-06-17 11:45:31 +0300	2019-08-30 13:59:00 +0300	b5c86390d3244c54a84665ddd07f7f17	127 SNY240 Dursun Durmuş						n	0/100	0/100	1970-01-01 02:00:00 +0200
===== END
===== START
C	40b24ca780df423a8f2947953cb1bfa7	310af68c58b246c080d86af3ba5d656f	2020-06-17 11:49:24 +0300	2020-06-17 11:45:31 +0300	2019-08-30 13:59:00 +0300	b5c86390d3244c54a84665ddd07f7f17	127 SNY240 Dursun Durmuş		Gecikme ocak tüfe 17,16				n	0/100	0/100	1970-01-01 02:00:00 +0200
===== END
===== START
B	da861e2c93d24894a52c413c84496ef3	1be44b37fda043e7bb967fb22f9ddf03	2020-06-17 11:49:46 +0300	2020-06-17 11:45:04 +0300	2019-02-28 13:59:00 +0300	b5c86390d3244c54a84665ddd07f7f17	127 SNY240 Dursun Durmuş		Gecikme ocak tüfe 17,16				n	0/100	0/100	1970-01-01 02:00:00 +0200
===== END
===== START
C	da861e2c93d24894a52c413c84496ef3	1be44b37fda043e7bb967fb22f9ddf03	2020-06-17 11:49:46 +0300	2020-06-17 11:45:04 +0300	2019-02-28 13:59:00 +0300	b5c86390d3244c54a84665ddd07f7f17	127 SNY240 Dursun Durmuş		Gecikme şubat tüfe 17,93				n	0/100	0/100	1970-01-01 02:00:00 +0200
===== END
===== START
B	da861e2c93d24894a52c413c84496ef3	1be44b37fda043e7bb967fb22f9ddf03	2020-06-17 11:49:58 +0300	2020-06-17 11:45:04 +0300	2019-02-28 13:59:00 +0300	b5c86390d3244c54a84665ddd07f7f17	127 SNY240 Dursun Durmuş		Gecikme şubat tüfe 17,93				n	0/100	0/100	1970-01-01 02:00:00 +0200
===== END
===== START
C	da861e2c93d24894a52c413c84496ef3	1be44b37fda043e7bb967fb22f9ddf03	2020-06-17 11:49:58 +0300	2020-06-17 11:45:04 +0300	2019-02-28 13:59:00 +0300	b5c86390d3244c54a84665ddd07f7f17	127 SNY240 Dursun Durmuş		Gecikme şubat tüfe 17,93				n	7426/100	7426/100	1970-01-01 02:00:00 +0200
C	da861e2c93d24894a52c413c84496ef3	d90a2b7e0b834cf2be1e2c0c512b7e57	2020-06-17 11:49:58 +0300	2020-06-17 11:45:04 +0300	2019-02-28 13:59:00 +0300	62cf67902c2f48c28059ec3005e4290f	5 GLR Sny240m2		Gecikme şubat tüfe 17,93				n	-7426/100	-7426/100	1970-01-01 02:00:00 +0200
===== END
===== START
B	519daddd970644528b232f10c10c766f	44a28f384c884a40939502d64c6306b9	2020-06-17 11:50:18 +0300	2020-06-17 11:45:10 +0300	2019-03-30 13:59:00 +0300	b5c86390d3244c54a84665ddd07f7f17	127 SNY240 Dursun Durmuş		Gecikme ocak tüfe 17,16				n	0/100	0/100	1970-01-01 02:00:00 +0200
===== END
===== START
C	519daddd970644528b232f10c10c766f	44a28f384c884a40939502d64c6306b9	2020-06-17 11:50:18 +0300	2020-06-17 11:45:10 +0300	2019-03-30 13:59:00 +0300	b5c86390d3244c54a84665ddd07f7f17	127 SNY240 Dursun Durmuş		Gecikme mart tüfe 13,33				n	0/100	0/100	1970-01-01 02:00:00 +0200
===== END
===== START
B	519daddd970644528b232f10c10c766f	44a28f384c884a40939502d64c6306b9	2020-06-17 11:50:30 +0300	2020-06-17 11:45:10 +0300	2019-03-30 13:59:00 +0300	b5c86390d3244c54a84665ddd07f7f17	127 SNY240 Dursun Durmuş		Gecikme mart tüfe 13,33				n	0/100	0/100	1970-01-01 02:00:00 +0200
===== END
===== START
C	519daddd970644528b232f10c10c766f	44a28f384c884a40939502d64c6306b9	2020-06-17 11:50:30 +0300	2020-06-17 11:45:10 +0300	2019-03-30 13:59:00 +0300	b5c86390d3244c54a84665ddd07f7f17	127 SNY240 Dursun Durmuş		Gecikme mart tüfe 13,33				n	5603/100	5603/100	1970-01-01 02:00:00 +0200
C	519daddd970644528b232f10c10c766f	7bb82fa124d7460992fba9ea1aff2224	2020-06-17 11:50:30 +0300	2020-06-17 11:45:10 +0300	2019-03-30 13:59:00 +0300	62cf67902c2f48c28059ec3005e4290f	5 GLR Sny240m2		Gecikme mart tüfe 13,33				n	-5603/100	-5603/100	1970-01-01 02:00:00 +0200
===== END
===== START
B	04a39162057c4f95890af4963cc3e9f5	90369cc113ed4941adc8fc8b845832d0	2020-06-17 11:50:44 +0300	2020-06-17 11:45:16 +0300	2019-04-30 13:59:00 +0300	b5c86390d3244c54a84665ddd07f7f17	127 SNY240 Dursun Durmuş		Gecikme ocak tüfe 17,16				n	0/100	0/100	1970-01-01 02:00:00 +0200
===== END
===== START
C	04a39162057c4f95890af4963cc3e9f5	90369cc113ed4941adc8fc8b845832d0	2020-06-17 11:50:44 +0300	2020-06-17 11:45:16 +0300	2019-04-30 13:59:00 +0300	b5c86390d3244c54a84665ddd07f7f17	127 SNY240 Dursun Durmuş		Gecikme nisan tüfe 19,39				n	0/100	0/100	1970-01-01 02:00:00 +0200
===== END
===== START
B	04a39162057c4f95890af4963cc3e9f5	90369cc113ed4941adc8fc8b845832d0	2020-06-17 11:50:57 +0300	2020-06-17 11:45:16 +0300	2019-04-30 13:59:00 +0300	b5c86390d3244c54a84665ddd07f7f17	127 SNY240 Dursun Durmuş		Gecikme nisan tüfe 19,39				n	0/100	0/100	1970-01-01 02:00:00 +0200
===== END
===== START
C	04a39162057c4f95890af4963cc3e9f5	90369cc113ed4941adc8fc8b845832d0	2020-06-17 11:50:57 +0300	2020-06-17 11:45:16 +0300	2019-04-30 13:59:00 +0300	b5c86390d3244c54a84665ddd07f7f17	127 SNY240 Dursun Durmuş		Gecikme nisan tüfe 19,39				n	8241/100	8241/100	1970-01-01 02:00:00 +0200
C	04a39162057c4f95890af4963cc3e9f5	46e2541329c6402fb416962ff5308c59	2020-06-17 11:50:57 +0300	2020-06-17 11:45:16 +0300	2019-04-30 13:59:00 +0300	62cf67902c2f48c28059ec3005e4290f	5 GLR Sny240m2		Gecikme nisan tüfe 19,39				n	-8241/100	-8241/100	1970-01-01 02:00:00 +0200
===== END
===== START
B	395b0d5a6b4c4f9d9e957eff5b17d68f	b34a633edd7e4c2b8c67a1e2ba416ad4	2020-06-17 11:51:41 +0300	2020-06-17 11:44:55 +0300	2019-01-30 13:59:00 +0300	b5c86390d3244c54a84665ddd07f7f17	127 SNY240 Dursun Durmuş		Gecikme ocak tüfe 17,16				n	7007/100	7007/100	1970-01-01 02:00:00 +0200
B	395b0d5a6b4c4f9d9e957eff5b17d68f	b1aacfc122e34a1caf7188e93752f6dc	2020-06-17 11:51:41 +0300	2020-06-17 11:44:55 +0300	2019-01-30 13:59:00 +0300	62cf67902c2f48c28059ec3005e4290f	5 GLR Sny240m2		Gecikme ocak tüfe 17,16				n	-7007/100	-7007/100	1970-01-01 02:00:00 +0200
===== END
===== START
C	395b0d5a6b4c4f9d9e957eff5b17d68f	b34a633edd7e4c2b8c67a1e2ba416ad4	2020-06-17 11:51:41 +0300	2020-06-17 11:44:55 +0300	2019-01-30 13:59:00 +0300	b5c86390d3244c54a84665ddd07f7f17	127 SNY240 Dursun Durmuş		Gecikme ocak tüfe 17,16 * 4900				n	7007/100	7007/100	1970-01-01 02:00:00 +0200
C	395b0d5a6b4c4f9d9e957eff5b17d68f	b1aacfc122e34a1caf7188e93752f6dc	2020-06-17 11:51:41 +0300	2020-06-17 11:44:55 +0300	2019-01-30 13:59:00 +0300	62cf67902c2f48c28059ec3005e4290f	5 GLR Sny240m2		Gecikme ocak tüfe 17,16 * 4900				n	-7007/100	-7007/100	1970-01-01 02:00:00 +0200
===== END
===== START
B	da861e2c93d24894a52c413c84496ef3	1be44b37fda043e7bb967fb22f9ddf03	2020-06-17 11:51:43 +0300	2020-06-17 11:45:04 +0300	2019-02-28 13:59:00 +0300	b5c86390d3244c54a84665ddd07f7f17	127 SNY240 Dursun Durmuş		Gecikme şubat tüfe 17,93				n	7426/100	7426/100	1970-01-01 02:00:00 +0200
B	da861e2c93d24894a52c413c84496ef3	d90a2b7e0b834cf2be1e2c0c512b7e57	2020-06-17 11:51:43 +0300	2020-06-17 11:45:04 +0300	2019-02-28 13:59:00 +0300	62cf67902c2f48c28059ec3005e4290f	5 GLR Sny240m2		Gecikme şubat tüfe 17,93				n	-7426/100	-7426/100	1970-01-01 02:00:00 +0200
===== END
===== START
C	da861e2c93d24894a52c413c84496ef3	1be44b37fda043e7bb967fb22f9ddf03	2020-06-17 11:51:43 +0300	2020-06-17 11:45:04 +0300	2019-02-28 13:59:00 +0300	b5c86390d3244c54a84665ddd07f7f17	127 SNY240 Dursun Durmuş		Gecikme şubat tüfe 17,93 * 4900				n	7426/100	7426/100	1970-01-01 02:00:00 +0200
C	da861e2c93d24894a52c413c84496ef3	d90a2b7e0b834cf2be1e2c0c512b7e57	2020-06-17 11:51:43 +0300	2020-06-17 11:45:04 +0300	2019-02-28 13:59:00 +0300	62cf67902c2f48c28059ec3005e4290f	5 GLR Sny240m2		Gecikme şubat tüfe 17,93 * 4900				n	-7426/100	-7426/100	1970-01-01 02:00:00 +0200
===== END
===== START
B	519daddd970644528b232f10c10c766f	44a28f384c884a40939502d64c6306b9	2020-06-17 11:51:45 +0300	2020-06-17 11:45:10 +0300	2019-03-30 13:59:00 +0300	b5c86390d3244c54a84665ddd07f7f17	127 SNY240 Dursun Durmuş		Gecikme mart tüfe 13,33				n	5603/100	5603/100	1970-01-01 02:00:00 +0200
B	519daddd970644528b232f10c10c766f	7bb82fa124d7460992fba9ea1aff2224	2020-06-17 11:51:45 +0300	2020-06-17 11:45:10 +0300	2019-03-30 13:59:00 +0300	62cf67902c2f48c28059ec3005e4290f	5 GLR Sny240m2		Gecikme mart tüfe 13,33				n	-5603/100	-5603/100	1970-01-01 02:00:00 +0200
===== END
===== START
C	519daddd970644528b232f10c10c766f	44a28f384c884a40939502d64c6306b9	2020-06-17 11:51:45 +0300	2020-06-17 11:45:10 +0300	2019-03-30 13:59:00 +0300	b5c86390d3244c54a84665ddd07f7f17	127 SNY240 Dursun Durmuş		Gecikme mart tüfe 13,33 * 4900				n	5603/100	5603/100	1970-01-01 02:00:00 +0200
C	519daddd970644528b232f10c10c766f	7bb82fa124d7460992fba9ea1aff2224	2020-06-17 11:51:45 +0300	2020-06-17 11:45:10 +0300	2019-03-30 13:59:00 +0300	62cf67902c2f48c28059ec3005e4290f	5 GLR Sny240m2		Gecikme mart tüfe 13,33 * 4900				n	-5603/100	-5603/100	1970-01-01 02:00:00 +0200
===== END
===== START
B	04a39162057c4f95890af4963cc3e9f5	90369cc113ed4941adc8fc8b845832d0	2020-06-17 11:51:47 +0300	2020-06-17 11:45:16 +0300	2019-04-30 13:59:00 +0300	b5c86390d3244c54a84665ddd07f7f17	127 SNY240 Dursun Durmuş		Gecikme nisan tüfe 19,39				n	8241/100	8241/100	1970-01-01 02:00:00 +0200
B	04a39162057c4f95890af4963cc3e9f5	46e2541329c6402fb416962ff5308c59	2020-06-17 11:51:47 +0300	2020-06-17 11:45:16 +0300	2019-04-30 13:59:00 +0300	62cf67902c2f48c28059ec3005e4290f	5 GLR Sny240m2		Gecikme nisan tüfe 19,39				n	-8241/100	-8241/100	1970-01-01 02:00:00 +0200
===== END
===== START
C	04a39162057c4f95890af4963cc3e9f5	90369cc113ed4941adc8fc8b845832d0	2020-06-17 11:51:47 +0300	2020-06-17 11:45:16 +0300	2019-04-30 13:59:00 +0300	b5c86390d3244c54a84665ddd07f7f17	127 SNY240 Dursun Durmuş		Gecikme nisan tüfe 19,39 * 4900				n	8241/100	8241/100	1970-01-01 02:00:00 +0200
C	04a39162057c4f95890af4963cc3e9f5	46e2541329c6402fb416962ff5308c59	2020-06-17 11:51:47 +0300	2020-06-17 11:45:16 +0300	2019-04-30 13:59:00 +0300	62cf67902c2f48c28059ec3005e4290f	5 GLR Sny240m2		Gecikme nisan tüfe 19,39 * 4900				n	-8241/100	-8241/100	1970-01-01 02:00:00 +0200
===== END
===== START
B	eef856dc90444aba995ad52e60fd99c6	eae9a5c8166f4c3eb7716480b1a5db44	2020-06-17 11:51:57 +0300	2020-06-17 11:45:21 +0300	2019-06-30 13:59:00 +0300	b5c86390d3244c54a84665ddd07f7f17	127 SNY240 Dursun Durmuş		Gecikme ocak tüfe 17,16				n	0/100	0/100	1970-01-01 02:00:00 +0200
===== END
===== START
C	eef856dc90444aba995ad52e60fd99c6	eae9a5c8166f4c3eb7716480b1a5db44	2020-06-17 11:51:57 +0300	2020-06-17 11:45:21 +0300	2019-06-30 13:59:00 +0300	b5c86390d3244c54a84665ddd07f7f17	127 SNY240 Dursun Durmuş		Gecikme ocak tüfe 17,16 * 2900				n	0/100	0/100	1970-01-01 02:00:00 +0200
===== END
===== START
B	eef856dc90444aba995ad52e60fd99c6	eae9a5c8166f4c3eb7716480b1a5db44	2020-06-17 11:55:15 +0300	2020-06-17 11:45:21 +0300	2019-06-30 13:59:00 +0300	b5c86390d3244c54a84665ddd07f7f17	127 SNY240 Dursun Durmuş		Gecikme ocak tüfe 17,16 * 2900				n	0/100	0/100	1970-01-01 02:00:00 +0200
===== END
===== START
C	eef856dc90444aba995ad52e60fd99c6	eae9a5c8166f4c3eb7716480b1a5db44	2020-06-17 11:55:15 +0300	2020-06-17 11:45:21 +0300	2019-06-30 13:59:00 +0300	b5c86390d3244c54a84665ddd07f7f17	127 SNY240 Dursun Durmuş		Gecikme haziran tüfe 19,88 * 2900				n	0/100	0/100	1970-01-01 02:00:00 +0200
C	eef856dc90444aba995ad52e60fd99c6	20e370acaf5e49e29d1b63db87adca91	2020-06-17 11:55:15 +0300	2020-06-17 11:45:21 +0300	2019-06-30 13:59:00 +0300	62cf67902c2f48c28059ec3005e4290f	5 GLR Sny240m2		Gecikme haziran tüfe 19,88 * 2900				n	0/100	0/100	1970-01-01 02:00:00 +0200
===== END
===== START
B	0ce0b5a3442849f6be58305af54c3fec	5220af2433494063a74f47cd13833088	2020-06-17 11:55:17 +0300	2020-06-17 11:45:26 +0300	2019-07-30 13:59:00 +0300	b5c86390d3244c54a84665ddd07f7f17	127 SNY240 Dursun Durmuş		Gecikme ocak tüfe 17,16				n	0/100	0/100	1970-01-01 02:00:00 +0200
===== END
===== START
C	0ce0b5a3442849f6be58305af54c3fec	5220af2433494063a74f47cd13833088	2020-06-17 11:55:17 +0300	2020-06-17 11:45:26 +0300	2019-07-30 13:59:00 +0300	b5c86390d3244c54a84665ddd07f7f17	127 SNY240 Dursun Durmuş		Gecikme ocak tüfe 17,16				n	0/100	0/100	1970-01-01 02:00:00 +0200
C	0ce0b5a3442849f6be58305af54c3fec	571bda8069a8472e8bd704fb54671fda	2020-06-17 11:55:17 +0300	2020-06-17 11:45:26 +0300	2019-07-30 13:59:00 +0300	62cf67902c2f48c28059ec3005e4290f	5 GLR Sny240m2		Gecikme ocak tüfe 17,16				n	0/100	0/100	1970-01-01 02:00:00 +0200
===== END
===== START
B	40b24ca780df423a8f2947953cb1bfa7	310af68c58b246c080d86af3ba5d656f	2020-06-17 11:55:30 +0300	2020-06-17 11:45:31 +0300	2019-08-30 13:59:00 +0300	b5c86390d3244c54a84665ddd07f7f17	127 SNY240 Dursun Durmuş		Gecikme ocak tüfe 17,16				n	0/100	0/100	1970-01-01 02:00:00 +0200
===== END
===== START
C	40b24ca780df423a8f2947953cb1bfa7	310af68c58b246c080d86af3ba5d656f	2020-06-17 11:55:30 +0300	2020-06-17 11:45:31 +0300	2019-08-30 13:59:00 +0300	b5c86390d3244c54a84665ddd07f7f17	127 SNY240 Dursun Durmuş		Gecikme ocak tüfe 17,16				n	0/100	0/100	1970-01-01 02:00:00 +0200
C	40b24ca780df423a8f2947953cb1bfa7	ec58ce71ff764a3e8565a520ccbb9d25	2020-06-17 11:55:30 +0300	2020-06-17 11:45:31 +0300	2019-08-30 13:59:00 +0300	62cf67902c2f48c28059ec3005e4290f	5 GLR Sny240m2		Gecikme ocak tüfe 17,16				n	0/100	0/100	1970-01-01 02:00:00 +0200
===== END
===== START
B	da861e2c93d24894a52c413c84496ef3	1be44b37fda043e7bb967fb22f9ddf03	2020-06-17 11:55:35 +0300	2020-06-17 11:45:04 +0300	2019-02-28 13:59:00 +0300	b5c86390d3244c54a84665ddd07f7f17	127 SNY240 Dursun Durmuş		Gecikme şubat tüfe 17,93 * 4900				n	7426/100	7426/100	1970-01-01 02:00:00 +0200
B	da861e2c93d24894a52c413c84496ef3	d90a2b7e0b834cf2be1e2c0c512b7e57	2020-06-17 11:55:35 +0300	2020-06-17 11:45:04 +0300	2019-02-28 13:59:00 +0300	62cf67902c2f48c28059ec3005e4290f	5 GLR Sny240m2		Gecikme şubat tüfe 17,93 * 4900				n	-7426/100	-7426/100	1970-01-01 02:00:00 +0200
===== END
===== START
C	da861e2c93d24894a52c413c84496ef3	1be44b37fda043e7bb967fb22f9ddf03	2020-06-17 11:55:35 +0300	2020-06-17 11:45:04 +0300	2019-02-28 13:59:00 +0300	b5c86390d3244c54a84665ddd07f7f17	127 SNY240 Dursun Durmuş		Gecikme şubat tüfe 17,93 * 4900				n	7321/100	7321/100	1970-01-01 02:00:00 +0200
C	da861e2c93d24894a52c413c84496ef3	d90a2b7e0b834cf2be1e2c0c512b7e57	2020-06-17 11:55:35 +0300	2020-06-17 11:45:04 +0300	2019-02-28 13:59:00 +0300	62cf67902c2f48c28059ec3005e4290f	5 GLR Sny240m2		Gecikme şubat tüfe 17,93 * 4900				n	-7321/100	-7321/100	1970-01-01 02:00:00 +0200
===== END
===== START
B	519daddd970644528b232f10c10c766f	44a28f384c884a40939502d64c6306b9	2020-06-17 11:55:40 +0300	2020-06-17 11:45:10 +0300	2019-03-30 13:59:00 +0300	b5c86390d3244c54a84665ddd07f7f17	127 SNY240 Dursun Durmuş		Gecikme mart tüfe 13,33 * 4900				n	5603/100	5603/100	1970-01-01 02:00:00 +0200
B	519daddd970644528b232f10c10c766f	7bb82fa124d7460992fba9ea1aff2224	2020-06-17 11:55:40 +0300	2020-06-17 11:45:10 +0300	2019-03-30 13:59:00 +0300	62cf67902c2f48c28059ec3005e4290f	5 GLR Sny240m2		Gecikme mart tüfe 13,33 * 4900				n	-5603/100	-5603/100	1970-01-01 02:00:00 +0200
===== END
===== START
C	519daddd970644528b232f10c10c766f	44a28f384c884a40939502d64c6306b9	2020-06-17 11:55:40 +0300	2020-06-17 11:45:10 +0300	2019-03-30 13:59:00 +0300	b5c86390d3244c54a84665ddd07f7f17	127 SNY240 Dursun Durmuş		Gecikme mart tüfe 13,33 * 4900				n	5443/100	5443/100	1970-01-01 02:00:00 +0200
C	519daddd970644528b232f10c10c766f	7bb82fa124d7460992fba9ea1aff2224	2020-06-17 11:55:40 +0300	2020-06-17 11:45:10 +0300	2019-03-30 13:59:00 +0300	62cf67902c2f48c28059ec3005e4290f	5 GLR Sny240m2		Gecikme mart tüfe 13,33 * 4900				n	-5443/100	-5443/100	1970-01-01 02:00:00 +0200
===== END
===== START
B	04a39162057c4f95890af4963cc3e9f5	90369cc113ed4941adc8fc8b845832d0	2020-06-17 11:55:44 +0300	2020-06-17 11:45:16 +0300	2019-04-30 13:59:00 +0300	b5c86390d3244c54a84665ddd07f7f17	127 SNY240 Dursun Durmuş		Gecikme nisan tüfe 19,39 * 4900				n	8241/100	8241/100	1970-01-01 02:00:00 +0200
B	04a39162057c4f95890af4963cc3e9f5	46e2541329c6402fb416962ff5308c59	2020-06-17 11:55:44 +0300	2020-06-17 11:45:16 +0300	2019-04-30 13:59:00 +0300	62cf67902c2f48c28059ec3005e4290f	5 GLR Sny240m2		Gecikme nisan tüfe 19,39 * 4900				n	-8241/100	-8241/100	1970-01-01 02:00:00 +0200
===== END
===== START
C	04a39162057c4f95890af4963cc3e9f5	90369cc113ed4941adc8fc8b845832d0	2020-06-17 11:55:44 +0300	2020-06-17 11:45:16 +0300	2019-04-30 13:59:00 +0300	b5c86390d3244c54a84665ddd07f7f17	127 SNY240 Dursun Durmuş		Gecikme nisan tüfe 19,39 * 4900				n	7918/100	7918/100	1970-01-01 02:00:00 +0200
C	04a39162057c4f95890af4963cc3e9f5	46e2541329c6402fb416962ff5308c59	2020-06-17 11:55:44 +0300	2020-06-17 11:45:16 +0300	2019-04-30 13:59:00 +0300	62cf67902c2f48c28059ec3005e4290f	5 GLR Sny240m2		Gecikme nisan tüfe 19,39 * 4900				n	-7918/100	-7918/100	1970-01-01 02:00:00 +0200
===== END
===== START
B	eef856dc90444aba995ad52e60fd99c6	eae9a5c8166f4c3eb7716480b1a5db44	2020-06-17 11:56:11 +0300	2020-06-17 11:45:21 +0300	2019-06-30 13:59:00 +0300	b5c86390d3244c54a84665ddd07f7f17	127 SNY240 Dursun Durmuş		Gecikme haziran tüfe 19,88 * 2900				n	0/100	0/100	1970-01-01 02:00:00 +0200
B	eef856dc90444aba995ad52e60fd99c6	20e370acaf5e49e29d1b63db87adca91	2020-06-17 11:56:11 +0300	2020-06-17 11:45:21 +0300	2019-06-30 13:59:00 +0300	62cf67902c2f48c28059ec3005e4290f	5 GLR Sny240m2		Gecikme haziran tüfe 19,88 * 2900				n	0/100	0/100	1970-01-01 02:00:00 +0200
===== END
===== START
C	eef856dc90444aba995ad52e60fd99c6	eae9a5c8166f4c3eb7716480b1a5db44	2020-06-17 11:56:11 +0300	2020-06-17 11:45:21 +0300	2019-06-30 13:59:00 +0300	b5c86390d3244c54a84665ddd07f7f17	127 SNY240 Dursun Durmuş		Gecikme haziran tüfe 19,88 * 2900				n	4804/100	4804/100	1970-01-01 02:00:00 +0200
C	eef856dc90444aba995ad52e60fd99c6	20e370acaf5e49e29d1b63db87adca91	2020-06-17 11:56:11 +0300	2020-06-17 11:45:21 +0300	2019-06-30 13:59:00 +0300	62cf67902c2f48c28059ec3005e4290f	5 GLR Sny240m2		Gecikme haziran tüfe 19,88 * 2900				n	-4804/100	-4804/100	1970-01-01 02:00:00 +0200
===== END
===== START
B	0ce0b5a3442849f6be58305af54c3fec	5220af2433494063a74f47cd13833088	2020-06-17 11:56:15 +0300	2020-06-17 11:45:26 +0300	2019-07-30 13:59:00 +0300	b5c86390d3244c54a84665ddd07f7f17	127 SNY240 Dursun Durmuş		Gecikme ocak tüfe 17,16				n	0/100	0/100	1970-01-01 02:00:00 +0200
B	0ce0b5a3442849f6be58305af54c3fec	571bda8069a8472e8bd704fb54671fda	2020-06-17 11:56:15 +0300	2020-06-17 11:45:26 +0300	2019-07-30 13:59:00 +0300	62cf67902c2f48c28059ec3005e4290f	5 GLR Sny240m2		Gecikme ocak tüfe 17,16				n	0/100	0/100	1970-01-01 02:00:00 +0200
===== END
===== START
C	0ce0b5a3442849f6be58305af54c3fec	5220af2433494063a74f47cd13833088	2020-06-17 11:56:15 +0300	2020-06-17 11:45:26 +0300	2019-07-30 13:59:00 +0300	b5c86390d3244c54a84665ddd07f7f17	127 SNY240 Dursun Durmuş		Gecikme ocak tüfe 17,16				n	4812/100	4812/100	1970-01-01 02:00:00 +0200
C	0ce0b5a3442849f6be58305af54c3fec	571bda8069a8472e8bd704fb54671fda	2020-06-17 11:56:15 +0300	2020-06-17 11:45:26 +0300	2019-07-30 13:59:00 +0300	62cf67902c2f48c28059ec3005e4290f	5 GLR Sny240m2		Gecikme ocak tüfe 17,16				n	-4812/100	-4812/100	1970-01-01 02:00:00 +0200
===== END
===== START
B	40b24ca780df423a8f2947953cb1bfa7	310af68c58b246c080d86af3ba5d656f	2020-06-17 11:56:23 +0300	2020-06-17 11:45:31 +0300	2019-08-30 13:59:00 +0300	b5c86390d3244c54a84665ddd07f7f17	127 SNY240 Dursun Durmuş		Gecikme ocak tüfe 17,16				n	0/100	0/100	1970-01-01 02:00:00 +0200
B	40b24ca780df423a8f2947953cb1bfa7	ec58ce71ff764a3e8565a520ccbb9d25	2020-06-17 11:56:23 +0300	2020-06-17 11:45:31 +0300	2019-08-30 13:59:00 +0300	62cf67902c2f48c28059ec3005e4290f	5 GLR Sny240m2		Gecikme ocak tüfe 17,16				n	0/100	0/100	1970-01-01 02:00:00 +0200
===== END
===== START
C	40b24ca780df423a8f2947953cb1bfa7	310af68c58b246c080d86af3ba5d656f	2020-06-17 11:56:23 +0300	2020-06-17 11:45:31 +0300	2019-08-30 13:59:00 +0300	b5c86390d3244c54a84665ddd07f7f17	127 SNY240 Dursun Durmuş		Gecikme ocak tüfe 17,16				n	4742/100	4742/100	1970-01-01 02:00:00 +0200
C	40b24ca780df423a8f2947953cb1bfa7	ec58ce71ff764a3e8565a520ccbb9d25	2020-06-17 11:56:23 +0300	2020-06-17 11:45:31 +0300	2019-08-30 13:59:00 +0300	62cf67902c2f48c28059ec3005e4290f	5 GLR Sny240m2		Gecikme ocak tüfe 17,16				n	-4742/100	-4742/100	1970-01-01 02:00:00 +0200
===== END
===== START
B	0ce0b5a3442849f6be58305af54c3fec	5220af2433494063a74f47cd13833088	2020-06-17 11:56:53 +0300	2020-06-17 11:45:26 +0300	2019-07-30 13:59:00 +0300	b5c86390d3244c54a84665ddd07f7f17	127 SNY240 Dursun Durmuş		Gecikme ocak tüfe 17,16				n	4812/100	4812/100	1970-01-01 02:00:00 +0200
B	0ce0b5a3442849f6be58305af54c3fec	571bda8069a8472e8bd704fb54671fda	2020-06-17 11:56:53 +0300	2020-06-17 11:45:26 +0300	2019-07-30 13:59:00 +0300	62cf67902c2f48c28059ec3005e4290f	5 GLR Sny240m2		Gecikme ocak tüfe 17,16				n	-4812/100	-4812/100	1970-01-01 02:00:00 +0200
===== END
===== START
C	0ce0b5a3442849f6be58305af54c3fec	5220af2433494063a74f47cd13833088	2020-06-17 11:56:53 +0300	2020-06-17 11:45:26 +0300	2019-07-30 13:59:00 +0300	b5c86390d3244c54a84665ddd07f7f17	127 SNY240 Dursun Durmuş		Gecikme temmuz tüfe 19,88 * 2900				n	4812/100	4812/100	1970-01-01 02:00:00 +0200
C	0ce0b5a3442849f6be58305af54c3fec	571bda8069a8472e8bd704fb54671fda	2020-06-17 11:56:53 +0300	2020-06-17 11:45:26 +0300	2019-07-30 13:59:00 +0300	62cf67902c2f48c28059ec3005e4290f	5 GLR Sny240m2		Gecikme temmuz tüfe 19,88 * 2900				n	-4812/100	-4812/100	1970-01-01 02:00:00 +0200
===== END
===== START
B	40b24ca780df423a8f2947953cb1bfa7	310af68c58b246c080d86af3ba5d656f	2020-06-17 11:57:11 +0300	2020-06-17 11:45:31 +0300	2019-08-30 13:59:00 +0300	b5c86390d3244c54a84665ddd07f7f17	127 SNY240 Dursun Durmuş		Gecikme ocak tüfe 17,16				n	4742/100	4742/100	1970-01-01 02:00:00 +0200
B	40b24ca780df423a8f2947953cb1bfa7	ec58ce71ff764a3e8565a520ccbb9d25	2020-06-17 11:57:11 +0300	2020-06-17 11:45:31 +0300	2019-08-30 13:59:00 +0300	62cf67902c2f48c28059ec3005e4290f	5 GLR Sny240m2		Gecikme ocak tüfe 17,16				n	-4742/100	-4742/100	1970-01-01 02:00:00 +0200
===== END
===== START
C	40b24ca780df423a8f2947953cb1bfa7	310af68c58b246c080d86af3ba5d656f	2020-06-17 11:57:11 +0300	2020-06-17 11:45:31 +0300	2019-08-30 13:59:00 +0300	b5c86390d3244c54a84665ddd07f7f17	127 SNY240 Dursun Durmuş		Gecikme ağustos tüfe 17,16 * 2900				n	4742/100	4742/100	1970-01-01 02:00:00 +0200
C	40b24ca780df423a8f2947953cb1bfa7	ec58ce71ff764a3e8565a520ccbb9d25	2020-06-17 11:57:11 +0300	2020-06-17 11:45:31 +0300	2019-08-30 13:59:00 +0300	62cf67902c2f48c28059ec3005e4290f	5 GLR Sny240m2		Gecikme ağustos tüfe 17,16 * 2900				n	-4742/100	-4742/100	1970-01-01 02:00:00 +0200
===== END
===== START
B	b7a3bec2b34240db9e5f6a9d781dbd0b	9811c51d39b2422aa433c2af2c815e8d	2020-06-17 11:58:14 +0300	2020-06-17 11:45:34 +0300	2019-09-30 13:59:00 +0300	b5c86390d3244c54a84665ddd07f7f17	127 SNY240 Dursun Durmuş						n	0/100	0/100	1970-01-01 02:00:00 +0200
===== END
===== START
D	b7a3bec2b34240db9e5f6a9d781dbd0b	9811c51d39b2422aa433c2af2c815e8d	2020-06-17 11:58:14 +0300	2020-06-17 11:45:34 +0300	2019-09-30 13:59:00 +0300	b5c86390d3244c54a84665ddd07f7f17	127 SNY240 Dursun Durmuş						n	0/100	0/100	1970-01-01 02:00:00 +0200
===== END
===== START
B	9faea74462294382802205b448de81d5	cc09e4a24f50488eb841efb9e4bf269a	2020-06-17 11:58:47 +0300	2019-12-02 12:10:26 +0300	2019-10-25 13:59:00 +0300	b5c86390d3244c54a84665ddd07f7f17	127 SNY240 Dursun Durmuş	X	2018-19 sanayi 240m2 Kira gecikme Bedeli				n	114400/100	114400/100	1970-01-01 02:00:00 +0200
B	9faea74462294382802205b448de81d5	4c8c2dacabcf422c89a319256fd24018	2020-06-17 11:58:47 +0300	2019-12-02 12:10:26 +0300	2019-10-25 13:59:00 +0300	62cf67902c2f48c28059ec3005e4290f	5 GLR Sny240m2	X	2018-19 sanayi 240m2 Kira gecikme Bedeli				n	-114400/100	-114400/100	1970-01-01 02:00:00 +0200
===== END
===== START
C	9faea74462294382802205b448de81d5	cc09e4a24f50488eb841efb9e4bf269a	2020-06-17 11:58:47 +0300	2019-12-02 12:10:26 +0300	2019-10-25 13:59:00 +0300	b5c86390d3244c54a84665ddd07f7f17	127 SNY240 Dursun Durmuş	X					n	0/100	0/100	1970-01-01 02:00:00 +0200
C	9faea74462294382802205b448de81d5	4c8c2dacabcf422c89a319256fd24018	2020-06-17 11:58:47 +0300	2019-12-02 12:10:26 +0300	2019-10-25 13:59:00 +0300	62cf67902c2f48c28059ec3005e4290f	5 GLR Sny240m2	X					n	0/100	0/100	1970-01-01 02:00:00 +0200
===== END
===== START
B	3b356fd07fb94a4e9e14be6edad6f329	1458d6dd22c7462b9896b70931176c0d	2020-06-17 11:59:38 +0300	2019-12-02 10:47:15 +0300	2019-11-01 13:59:00 +0300	b5c86390d3244c54a84665ddd07f7f17	127 SNY240 Dursun Durmuş		2019-20 Sanayi 240m2 Kira Bedeli				n	3240000/100	3240000/100	1970-01-01 02:00:00 +0200
B	3b356fd07fb94a4e9e14be6edad6f329	7abac9ee03b7465782efea8ebe3fb2f0	2020-06-17 11:59:38 +0300	2019-12-02 10:47:15 +0300	2019-11-01 13:59:00 +0300	62cf67902c2f48c28059ec3005e4290f	5 GLR Sny240m2		2019-20 Sanayi 240m2 Kira Bedeli				n	-3240000/100	-3240000/100	1970-01-01 02:00:00 +0200
===== END
===== START
C	3b356fd07fb94a4e9e14be6edad6f329	1458d6dd22c7462b9896b70931176c0d	2020-06-17 11:59:38 +0300	2019-12-02 10:47:15 +0300	2019-10-31 13:59:00 +0300	b5c86390d3244c54a84665ddd07f7f17	127 SNY240 Dursun Durmuş		2019-20 Sanayi 240m2 Kira Bedeli				n	3240000/100	3240000/100	1970-01-01 02:00:00 +0200
C	3b356fd07fb94a4e9e14be6edad6f329	7abac9ee03b7465782efea8ebe3fb2f0	2020-06-17 11:59:38 +0300	2019-12-02 10:47:15 +0300	2019-10-31 13:59:00 +0300	62cf67902c2f48c28059ec3005e4290f	5 GLR Sny240m2		2019-20 Sanayi 240m2 Kira Bedeli				n	-3240000/100	-3240000/100	1970-01-01 02:00:00 +0200
===== END
