mod	trans_guid	split_guid	time_now	date_entered	date_posted	acc_guid	acc_name	num	description	notes	memo	action	reconciled	amount	value	date_reconciled
-----------------
===== START
B	71e5e57d3097456a886283dcb87aa4ee	2508c3fa292544e8a52ab8834ae7795a	2020-06-30 14:38:34 +0300	2019-12-25 14:47:33 +0300	2019-12-25 13:59:00 +0300	f9df8197d3194edfb63f3ba2eb17ebf6	73bac7009a4c42788ff6c52b08151fe5		Tzg Kira Ödemesi Ocak 2020 - Salih Kaymak				n	0/1	0/100	1970-01-01 02:00:00 +0200
B	71e5e57d3097456a886283dcb87aa4ee	310b6dc8048c426d9af57db756b4eee4	2020-06-30 14:38:34 +0300	2019-12-25 14:47:33 +0300	2019-12-25 13:59:00 +0300	f9df8197d3194edfb63f3ba2eb17ebf6	73bac7009a4c42788ff6c52b08151fe5		Tzg Kira Ödemesi Ocak 2020 - Salih Kaymak				n	0/1	0/100	1970-01-01 02:00:00 +0200
===== END
===== START
R	71e5e57d3097456a886283dcb87aa4ee	2508c3fa292544e8a52ab8834ae7795a	2020-06-30 14:38:34 +0300	2019-12-25 14:47:33 +0300	2019-12-25 13:59:00 +0300	f9df8197d3194edfb63f3ba2eb17ebf6	73bac7009a4c42788ff6c52b08151fe5		Tzg Kira Ödemesi Ocak 2020 - Salih Kaymak				n	0/1	0/100	1970-01-01 02:00:00 +0200
R	71e5e57d3097456a886283dcb87aa4ee	310b6dc8048c426d9af57db756b4eee4	2020-06-30 14:38:34 +0300	2019-12-25 14:47:33 +0300	2019-12-25 13:59:00 +0300	f9df8197d3194edfb63f3ba2eb17ebf6	73bac7009a4c42788ff6c52b08151fe5		Tzg Kira Ödemesi Ocak 2020 - Salih Kaymak				n	0/1	0/100	1970-01-01 02:00:00 +0200
===== END
===== START
B	71e5e57d3097456a886283dcb87aa4ee	2508c3fa292544e8a52ab8834ae7795a	2020-06-30 14:38:34 +0300	2019-12-25 14:47:33 +0300	2019-12-25 13:59:00 +0300	f9df8197d3194edfb63f3ba2eb17ebf6	73bac7009a4c42788ff6c52b08151fe5		Tzg Kira Ödemesi Ocak 2020 - Salih Kaymak				n	0/1	0/100	1970-01-01 02:00:00 +0200
B	71e5e57d3097456a886283dcb87aa4ee	310b6dc8048c426d9af57db756b4eee4	2020-06-30 14:38:34 +0300	2019-12-25 14:47:33 +0300	2019-12-25 13:59:00 +0300	f9df8197d3194edfb63f3ba2eb17ebf6	73bac7009a4c42788ff6c52b08151fe5		Tzg Kira Ödemesi Ocak 2020 - Salih Kaymak				n	0/1	0/100	1970-01-01 02:00:00 +0200
===== END
===== START
R	71e5e57d3097456a886283dcb87aa4ee	2508c3fa292544e8a52ab8834ae7795a	2020-06-30 14:38:34 +0300	2019-12-25 14:47:33 +0300	2019-12-25 13:59:00 +0300	f9df8197d3194edfb63f3ba2eb17ebf6	73bac7009a4c42788ff6c52b08151fe5		Tzg Kira Ödemesi Ocak 2020 - Salih Kaymak				n	0/1	0/100	1970-01-01 02:00:00 +0200
R	71e5e57d3097456a886283dcb87aa4ee	310b6dc8048c426d9af57db756b4eee4	2020-06-30 14:38:34 +0300	2019-12-25 14:47:33 +0300	2019-12-25 13:59:00 +0300	f9df8197d3194edfb63f3ba2eb17ebf6	73bac7009a4c42788ff6c52b08151fe5		Tzg Kira Ödemesi Ocak 2020 - Salih Kaymak				n	0/1	0/100	1970-01-01 02:00:00 +0200
===== END
===== START
B	2bed39c3908745dc93b80b5cc0525f1c	68a35ea83e054a499b48485c2c784390	2020-06-30 14:38:34 +0300	2019-12-25 15:43:45 +0300	2019-12-25 13:59:00 +0300	dc915ca945be4e72ab274fdae19390c0	ba301b88a00f4cd6b3b7431e4a004386		2020 1/8 Sny55 Kira Bedeli				n	0/1	0/100	1970-01-01 02:00:00 +0200
B	2bed39c3908745dc93b80b5cc0525f1c	01b1322b286341f18f55ba4d2a213255	2020-06-30 14:38:34 +0300	2019-12-25 15:43:45 +0300	2019-12-25 13:59:00 +0300	dc915ca945be4e72ab274fdae19390c0	ba301b88a00f4cd6b3b7431e4a004386		2020 1/8 Sny55 Kira Bedeli				n	0/1	0/100	1970-01-01 02:00:00 +0200
===== END
===== START
R	2bed39c3908745dc93b80b5cc0525f1c	68a35ea83e054a499b48485c2c784390	2020-06-30 14:38:34 +0300	2019-12-25 15:43:45 +0300	2019-12-25 13:59:00 +0300	dc915ca945be4e72ab274fdae19390c0	ba301b88a00f4cd6b3b7431e4a004386		2020 1/8 Sny55 Kira Bedeli				n	0/1	0/100	1970-01-01 02:00:00 +0200
R	2bed39c3908745dc93b80b5cc0525f1c	01b1322b286341f18f55ba4d2a213255	2020-06-30 14:38:34 +0300	2019-12-25 15:43:45 +0300	2019-12-25 13:59:00 +0300	dc915ca945be4e72ab274fdae19390c0	ba301b88a00f4cd6b3b7431e4a004386		2020 1/8 Sny55 Kira Bedeli				n	0/1	0/100	1970-01-01 02:00:00 +0200
===== END
===== START
B	2bed39c3908745dc93b80b5cc0525f1c	68a35ea83e054a499b48485c2c784390	2020-06-30 14:38:34 +0300	2019-12-25 15:43:45 +0300	2019-12-25 13:59:00 +0300	dc915ca945be4e72ab274fdae19390c0	ba301b88a00f4cd6b3b7431e4a004386		2020 1/8 Sny55 Kira Bedeli				n	0/1	0/100	1970-01-01 02:00:00 +0200
B	2bed39c3908745dc93b80b5cc0525f1c	01b1322b286341f18f55ba4d2a213255	2020-06-30 14:38:34 +0300	2019-12-25 15:43:45 +0300	2019-12-25 13:59:00 +0300	dc915ca945be4e72ab274fdae19390c0	ba301b88a00f4cd6b3b7431e4a004386		2020 1/8 Sny55 Kira Bedeli				n	0/1	0/100	1970-01-01 02:00:00 +0200
===== END
===== START
R	2bed39c3908745dc93b80b5cc0525f1c	68a35ea83e054a499b48485c2c784390	2020-06-30 14:38:34 +0300	2019-12-25 15:43:45 +0300	2019-12-25 13:59:00 +0300	dc915ca945be4e72ab274fdae19390c0	ba301b88a00f4cd6b3b7431e4a004386		2020 1/8 Sny55 Kira Bedeli				n	0/1	0/100	1970-01-01 02:00:00 +0200
R	2bed39c3908745dc93b80b5cc0525f1c	01b1322b286341f18f55ba4d2a213255	2020-06-30 14:38:34 +0300	2019-12-25 15:43:45 +0300	2019-12-25 13:59:00 +0300	dc915ca945be4e72ab274fdae19390c0	ba301b88a00f4cd6b3b7431e4a004386		2020 1/8 Sny55 Kira Bedeli				n	0/1	0/100	1970-01-01 02:00:00 +0200
===== END
===== START
===== END
===== START
===== END
===== START
===== END
===== START
===== END
===== START
B	d22e905097c545dcbf0a457463ff263a	22fe4fc3f4d046c8b4c18f359d03caee	2020-06-30 14:39:08 +0300	2020-04-22 13:30:00 +0300	2020-02-28 13:59:00 +0300	11034438816f4d4e94d26fd848962ad3	1 DGS Oğuzhan Türkmen		2020-21 Doğuş kira bedeli		tüfe şubat 2020 %13,94 * 22200=		n	2529500/100	2529500/100	1970-01-01 02:00:00 +0200
B	d22e905097c545dcbf0a457463ff263a	9062da70accd4aa980fa10b0ca7576e5	2020-06-30 14:39:08 +0300	2020-04-22 13:30:00 +0300	2020-02-28 13:59:00 +0300	333ae359fa0b4d08a3ef594046b60f63	1 GLR DGS 		2020-21 Doğuş kira bedeli				n	-2529500/100	-2529500/100	1970-01-01 02:00:00 +0200
===== END
===== START
C	d22e905097c545dcbf0a457463ff263a	22fe4fc3f4d046c8b4c18f359d03caee	2020-06-30 14:39:08 +0300	2020-04-22 13:30:00 +0300	2020-02-28 13:59:00 +0300	11034438816f4d4e94d26fd848962ad3	1 DGS Oğuzhan Türkmen		2020-21 Doğuş kira bedeli		tüfe şubat 2020 %13,94 * 22200=		n	2500000/100	2500000/100	1970-01-01 02:00:00 +0200
C	d22e905097c545dcbf0a457463ff263a	9062da70accd4aa980fa10b0ca7576e5	2020-06-30 14:39:08 +0300	2020-04-22 13:30:00 +0300	2020-02-28 13:59:00 +0300	333ae359fa0b4d08a3ef594046b60f63	1 GLR DGS 		2020-21 Doğuş kira bedeli				n	-2500000/100	-2500000/100	1970-01-01 02:00:00 +0200
===== END
===== START
B	30d9f94546f64bf19d5fec2852929c76	1f0a2d43213a4685a6ca4aba5e6f4e5a	2020-06-30 14:39:15 +0300	2020-04-22 14:57:30 +0300	2020-03-28 13:59:00 +0300	11034438816f4d4e94d26fd848962ad3	1 DGS Oğuzhan Türkmen		mart kira gecikme bedeli		tüfe mart 2020 %13,94 / 12 =  %1,16 aylık		n	29342/100	29342/100	1970-01-01 02:00:00 +0200
B	30d9f94546f64bf19d5fec2852929c76	6ba9ba290c374e5cbae354002b7d61f0	2020-06-30 14:39:15 +0300	2020-04-22 14:57:30 +0300	2020-03-28 13:59:00 +0300	333ae359fa0b4d08a3ef594046b60f63	1 GLR DGS 		mart kira gecikme bedeli				n	-29342/100	-29342/100	1970-01-01 02:00:00 +0200
===== END
===== START
C	30d9f94546f64bf19d5fec2852929c76	1f0a2d43213a4685a6ca4aba5e6f4e5a	2020-06-30 14:39:15 +0300	2020-04-22 14:57:30 +0300	2020-03-28 13:59:00 +0300	11034438816f4d4e94d26fd848962ad3	1 DGS Oğuzhan Türkmen		mart kira gecikme bedeli		tüfe mart 2020 %13,94 / 12 =  %1,16 aylık		n	0/100	0/100	1970-01-01 02:00:00 +0200
C	30d9f94546f64bf19d5fec2852929c76	6ba9ba290c374e5cbae354002b7d61f0	2020-06-30 14:39:15 +0300	2020-04-22 14:57:30 +0300	2020-03-28 13:59:00 +0300	333ae359fa0b4d08a3ef594046b60f63	1 GLR DGS 		mart kira gecikme bedeli				n	0/100	0/100	1970-01-01 02:00:00 +0200
===== END
===== START
B	30d9f94546f64bf19d5fec2852929c76	1f0a2d43213a4685a6ca4aba5e6f4e5a	2020-06-30 14:39:47 +0300	2020-04-22 14:57:30 +0300	2020-03-28 13:59:00 +0300	11034438816f4d4e94d26fd848962ad3	1 DGS Oğuzhan Türkmen		mart kira gecikme bedeli		tüfe mart 2020 %13,94 / 12 =  %1,16 aylık		n	0/100	0/100	1970-01-01 02:00:00 +0200
B	30d9f94546f64bf19d5fec2852929c76	6ba9ba290c374e5cbae354002b7d61f0	2020-06-30 14:39:47 +0300	2020-04-22 14:57:30 +0300	2020-03-28 13:59:00 +0300	333ae359fa0b4d08a3ef594046b60f63	1 GLR DGS 		mart kira gecikme bedeli				n	0/100	0/100	1970-01-01 02:00:00 +0200
===== END
===== START
C	30d9f94546f64bf19d5fec2852929c76	1f0a2d43213a4685a6ca4aba5e6f4e5a	2020-06-30 14:39:47 +0300	2020-04-22 14:57:30 +0300	2020-05-28 13:59:00 +0300	11034438816f4d4e94d26fd848962ad3	1 DGS Oğuzhan Türkmen						n	0/100	0/100	1970-01-01 02:00:00 +0200
C	30d9f94546f64bf19d5fec2852929c76	6ba9ba290c374e5cbae354002b7d61f0	2020-06-30 14:39:47 +0300	2020-04-22 14:57:30 +0300	2020-05-28 13:59:00 +0300	333ae359fa0b4d08a3ef594046b60f63	1 GLR DGS 						n	0/100	0/100	1970-01-01 02:00:00 +0200
===== END
===== START
B	30d9f94546f64bf19d5fec2852929c76	1f0a2d43213a4685a6ca4aba5e6f4e5a	2020-06-30 14:39:59 +0300	2020-04-22 14:57:30 +0300	2020-05-28 13:59:00 +0300	11034438816f4d4e94d26fd848962ad3	1 DGS Oğuzhan Türkmen						n	0/100	0/100	1970-01-01 02:00:00 +0200
B	30d9f94546f64bf19d5fec2852929c76	6ba9ba290c374e5cbae354002b7d61f0	2020-06-30 14:39:59 +0300	2020-04-22 14:57:30 +0300	2020-05-28 13:59:00 +0300	333ae359fa0b4d08a3ef594046b60f63	1 GLR DGS 						n	0/100	0/100	1970-01-01 02:00:00 +0200
===== END
===== START
C	30d9f94546f64bf19d5fec2852929c76	1f0a2d43213a4685a6ca4aba5e6f4e5a	2020-06-30 14:39:59 +0300	2020-04-22 14:57:30 +0300	2020-05-28 13:59:00 +0300	11034438816f4d4e94d26fd848962ad3	1 DGS Oğuzhan Türkmen		Nakit Ödeme				n	0/100	0/100	1970-01-01 02:00:00 +0200
C	30d9f94546f64bf19d5fec2852929c76	6ba9ba290c374e5cbae354002b7d61f0	2020-06-30 14:39:59 +0300	2020-04-22 14:57:30 +0300	2020-05-28 13:59:00 +0300	333ae359fa0b4d08a3ef594046b60f63	1 GLR DGS 		Nakit Ödeme				n	0/100	0/100	1970-01-01 02:00:00 +0200
===== END
===== START
B	30d9f94546f64bf19d5fec2852929c76	1f0a2d43213a4685a6ca4aba5e6f4e5a	2020-06-30 14:40:12 +0300	2020-04-22 14:57:30 +0300	2020-05-28 13:59:00 +0300	11034438816f4d4e94d26fd848962ad3	1 DGS Oğuzhan Türkmen		Nakit Ödeme				n	0/100	0/100	1970-01-01 02:00:00 +0200
B	30d9f94546f64bf19d5fec2852929c76	6ba9ba290c374e5cbae354002b7d61f0	2020-06-30 14:40:12 +0300	2020-04-22 14:57:30 +0300	2020-05-28 13:59:00 +0300	333ae359fa0b4d08a3ef594046b60f63	1 GLR DGS 		Nakit Ödeme				n	0/100	0/100	1970-01-01 02:00:00 +0200
===== END
===== START
C	30d9f94546f64bf19d5fec2852929c76	1f0a2d43213a4685a6ca4aba5e6f4e5a	2020-06-30 14:40:12 +0300	2020-04-22 14:57:30 +0300	2020-05-28 13:59:00 +0300	11034438816f4d4e94d26fd848962ad3	1 DGS Oğuzhan Türkmen		Nakit Ödeme				n	0/100	0/100	1970-01-01 02:00:00 +0200
C	30d9f94546f64bf19d5fec2852929c76	6ba9ba290c374e5cbae354002b7d61f0	2020-06-30 14:40:12 +0300	2020-04-22 14:57:30 +0300	2020-05-28 13:59:00 +0300	1e668380cab1429fa862e24266e34791	1 DGS KASA		Nakit Ödeme				n	0/100	0/100	1970-01-01 02:00:00 +0200
===== END
===== START
B	30d9f94546f64bf19d5fec2852929c76	1f0a2d43213a4685a6ca4aba5e6f4e5a	2020-06-30 14:40:27 +0300	2020-04-22 14:57:30 +0300	2020-05-28 13:59:00 +0300	11034438816f4d4e94d26fd848962ad3	1 DGS Oğuzhan Türkmen		Nakit Ödeme				n	0/100	0/100	1970-01-01 02:00:00 +0200
B	30d9f94546f64bf19d5fec2852929c76	6ba9ba290c374e5cbae354002b7d61f0	2020-06-30 14:40:27 +0300	2020-04-22 14:57:30 +0300	2020-05-28 13:59:00 +0300	1e668380cab1429fa862e24266e34791	1 DGS KASA		Nakit Ödeme				n	0/100	0/100	1970-01-01 02:00:00 +0200
===== END
===== START
C	30d9f94546f64bf19d5fec2852929c76	1f0a2d43213a4685a6ca4aba5e6f4e5a	2020-06-30 14:40:27 +0300	2020-04-22 14:57:30 +0300	2020-05-28 13:59:00 +0300	11034438816f4d4e94d26fd848962ad3	1 DGS Oğuzhan Türkmen		Nakit Ödeme				n	-300000/100	-300000/100	1970-01-01 02:00:00 +0200
C	30d9f94546f64bf19d5fec2852929c76	6ba9ba290c374e5cbae354002b7d61f0	2020-06-30 14:40:27 +0300	2020-04-22 14:57:30 +0300	2020-05-28 13:59:00 +0300	1e668380cab1429fa862e24266e34791	1 DGS KASA		Nakit Ödeme				n	300000/100	300000/100	1970-01-01 02:00:00 +0200
===== END
===== START
B	2a01e5a3dc04404081b39c739017c3f2	b7859415a3e14c8abb50d8fb8a59c662	2020-06-30 14:40:42 +0300	2020-04-22 17:21:59 +0300	2020-04-05 13:59:00 +0300	11034438816f4d4e94d26fd848962ad3	1 DGS Oğuzhan Türkmen		kira için arandı 		yanına gelecem dedi		n	0/100	0/100	1970-01-01 02:00:00 +0200
===== END
===== START
D	2a01e5a3dc04404081b39c739017c3f2	b7859415a3e14c8abb50d8fb8a59c662	2020-06-30 14:40:42 +0300	2020-04-22 17:21:59 +0300	2020-04-05 13:59:00 +0300	11034438816f4d4e94d26fd848962ad3	1 DGS Oğuzhan Türkmen		kira için arandı 		yanına gelecem dedi		n	0/100	0/100	1970-01-01 02:00:00 +0200
===== END
===== START
B	8dd0b4556ccf4a909297a04ba99c4c57	086b3f173e6f4654b720f7867db73cf2	2020-06-30 14:40:47 +0300	2020-04-22 17:21:18 +0300	2020-04-11 13:59:00 +0300	11034438816f4d4e94d26fd848962ad3	1 DGS Oğuzhan Türkmen		tekrar aradıktan sonra geldi		kardeşimide alıp geliyim dedi		n	0/100	0/100	1970-01-01 02:00:00 +0200
===== END
===== START
D	8dd0b4556ccf4a909297a04ba99c4c57	086b3f173e6f4654b720f7867db73cf2	2020-06-30 14:40:47 +0300	2020-04-22 17:21:18 +0300	2020-04-11 13:59:00 +0300	11034438816f4d4e94d26fd848962ad3	1 DGS Oğuzhan Türkmen		tekrar aradıktan sonra geldi		kardeşimide alıp geliyim dedi		n	0/100	0/100	1970-01-01 02:00:00 +0200
===== END
===== START
B	6169f4168ab5443d809e3e006befe16e	63576165926c492baaff131d0d6018a0	2020-06-30 14:40:49 +0300	2020-04-22 17:21:38 +0300	2020-04-12 13:59:00 +0300	11034438816f4d4e94d26fd848962ad3	1 DGS Oğuzhan Türkmen		zeynep ben virus varken kira ödemem dedi		boşaltalım dedi		n	0/100	0/100	1970-01-01 02:00:00 +0200
===== END
===== START
D	6169f4168ab5443d809e3e006befe16e	63576165926c492baaff131d0d6018a0	2020-06-30 14:40:49 +0300	2020-04-22 17:21:38 +0300	2020-04-12 13:59:00 +0300	11034438816f4d4e94d26fd848962ad3	1 DGS Oğuzhan Türkmen		zeynep ben virus varken kira ödemem dedi		boşaltalım dedi		n	0/100	0/100	1970-01-01 02:00:00 +0200
===== END
===== START
B	42052cbaee72458a9c8731510dd1eca1	939f7a9ba2aa48dd94ebbcb94cfd62db	2020-06-30 14:40:53 +0300	2020-04-22 17:23:48 +0300	2020-04-15 13:59:00 +0300	11034438816f4d4e94d26fd848962ad3	1 DGS Oğuzhan Türkmen		oturmaya devam edelim dendi				n	0/100	0/100	1970-01-01 02:00:00 +0200
===== END
===== START
D	42052cbaee72458a9c8731510dd1eca1	939f7a9ba2aa48dd94ebbcb94cfd62db	2020-06-30 14:40:53 +0300	2020-04-22 17:23:48 +0300	2020-04-15 13:59:00 +0300	11034438816f4d4e94d26fd848962ad3	1 DGS Oğuzhan Türkmen		oturmaya devam edelim dendi				n	0/100	0/100	1970-01-01 02:00:00 +0200
===== END
===== START
B	7d4b870460da4c73b6d0ca34b6b11fde	511559bd4382422aa29786a36a7acf94	2020-06-30 14:40:57 +0300	2020-04-22 17:20:50 +0300	2020-04-22 13:59:00 +0300	11034438816f4d4e94d26fd848962ad3	1 DGS Oğuzhan Türkmen		22-4 te görüşüldü 10 gün içerisinde		para getirecek		n	0/100	0/100	1970-01-01 02:00:00 +0200
===== END
===== START
D	7d4b870460da4c73b6d0ca34b6b11fde	511559bd4382422aa29786a36a7acf94	2020-06-30 14:40:57 +0300	2020-04-22 17:20:50 +0300	2020-04-22 13:59:00 +0300	11034438816f4d4e94d26fd848962ad3	1 DGS Oğuzhan Türkmen		22-4 te görüşüldü 10 gün içerisinde		para getirecek		n	0/100	0/100	1970-01-01 02:00:00 +0200
===== END
===== START
B	afae98795c0848e1b988942717e0e8d5	125f6b0e44a34d27acc841a21c2e13d1	2020-06-30 14:41:03 +0300	2020-04-22 15:03:42 +0300	2020-04-28 13:59:00 +0300	11034438816f4d4e94d26fd848962ad3	1 DGS Oğuzhan Türkmen		nisan kira gecikme bedeli		tüfe nisan 2020 %13,33 / 12 =  %1,11 aylık		n	28007/100	28007/100	1970-01-01 02:00:00 +0200
B	afae98795c0848e1b988942717e0e8d5	094cf4992e79443b99ea210d1b188d3f	2020-06-30 14:41:03 +0300	2020-04-22 15:03:42 +0300	2020-04-28 13:59:00 +0300	333ae359fa0b4d08a3ef594046b60f63	1 GLR DGS 		nisan kira gecikme bedeli				n	-28007/100	-28007/100	1970-01-01 02:00:00 +0200
===== END
===== START
D	afae98795c0848e1b988942717e0e8d5	125f6b0e44a34d27acc841a21c2e13d1	2020-06-30 14:41:03 +0300	2020-04-22 15:03:42 +0300	2020-04-28 13:59:00 +0300	11034438816f4d4e94d26fd848962ad3	1 DGS Oğuzhan Türkmen		nisan kira gecikme bedeli		tüfe nisan 2020 %13,33 / 12 =  %1,11 aylık		n	28007/100	28007/100	1970-01-01 02:00:00 +0200
D	afae98795c0848e1b988942717e0e8d5	094cf4992e79443b99ea210d1b188d3f	2020-06-30 14:41:03 +0300	2020-04-22 15:03:42 +0300	2020-04-28 13:59:00 +0300	333ae359fa0b4d08a3ef594046b60f63	1 GLR DGS 		nisan kira gecikme bedeli				n	-28007/100	-28007/100	1970-01-01 02:00:00 +0200
===== END
===== START
C	33ce82f346464e76bd60a80a9d13577d	5f257af34acb4dda9d1ba5179df92236	2020-06-30 14:41:15 +0300	2020-06-30 14:41:15 +0300	2020-06-20 13:59:00 +0300	11034438816f4d4e94d26fd848962ad3	1 DGS Oğuzhan Türkmen						n	0/100	0/100	1970-01-01 02:00:00 +0200
===== END
===== START
===== END
===== START
C	8ef6f83f48f74c6095f81b3399296c62	596766270a704c4abff7b39aae2a9d98	2020-06-30 14:41:24 +0300	2020-06-30 14:41:24 +0300	2020-06-30 13:59:00 +0300	11034438816f4d4e94d26fd848962ad3	1 DGS Oğuzhan Türkmen						n	0/100	0/100	1970-01-01 02:00:00 +0200
===== END
===== START
===== END
===== START
B	33ce82f346464e76bd60a80a9d13577d	5f257af34acb4dda9d1ba5179df92236	2020-06-30 14:41:44 +0300	2020-06-30 14:41:15 +0300	2020-06-20 13:59:00 +0300	11034438816f4d4e94d26fd848962ad3	1 DGS Oğuzhan Türkmen						n	0/100	0/100	1970-01-01 02:00:00 +0200
===== END
===== START
C	33ce82f346464e76bd60a80a9d13577d	5f257af34acb4dda9d1ba5179df92236	2020-06-30 14:41:44 +0300	2020-06-30 14:41:15 +0300	2020-06-20 13:59:00 +0300	11034438816f4d4e94d26fd848962ad3	1 DGS Oğuzhan Türkmen		Nakit Ödeme				n	-500000/100	-500000/100	1970-01-01 02:00:00 +0200
C	33ce82f346464e76bd60a80a9d13577d	d7ee5d848ae34be59ea1b373a238e7b7	2020-06-30 14:41:44 +0300	2020-06-30 14:41:15 +0300	2020-06-20 13:59:00 +0300	1e668380cab1429fa862e24266e34791	1 DGS KASA		Nakit Ödeme				n	500000/100	500000/100	1970-01-01 02:00:00 +0200
===== END
===== START
B	8ef6f83f48f74c6095f81b3399296c62	596766270a704c4abff7b39aae2a9d98	2020-06-30 14:41:58 +0300	2020-06-30 14:41:24 +0300	2020-06-30 13:59:00 +0300	11034438816f4d4e94d26fd848962ad3	1 DGS Oğuzhan Türkmen						n	0/100	0/100	1970-01-01 02:00:00 +0200
===== END
===== START
C	8ef6f83f48f74c6095f81b3399296c62	596766270a704c4abff7b39aae2a9d98	2020-06-30 14:41:58 +0300	2020-06-30 14:41:24 +0300	2020-06-30 13:59:00 +0300	11034438816f4d4e94d26fd848962ad3	1 DGS Oğuzhan Türkmen						n	-175000/100	-175000/100	1970-01-01 02:00:00 +0200
C	8ef6f83f48f74c6095f81b3399296c62	638a077839974a39b6cdce2538302d0a	2020-06-30 14:41:58 +0300	2020-06-30 14:41:24 +0300	2020-06-30 13:59:00 +0300	1e668380cab1429fa862e24266e34791	1 DGS KASA						n	175000/100	175000/100	1970-01-01 02:00:00 +0200
===== END
===== START
D	c54125f1ac534c49a450a3999967ff60	4d1c8fd9f2564c1f9e1217d05eb503c9	2020-06-30 14:42:05 +0300	2020-06-30 14:42:05 +0300	2020-06-30 13:59:00 +0300								n	0/1	0/100	1970-01-01 02:00:00 +0200
===== END
===== START
D	a447ffe9120c48db923e623042ecb4f6	3b99f8cbd78d4b129e4c731546d174d9	2020-06-30 14:42:06 +0300	2020-06-30 14:42:06 +0300	2020-06-30 13:59:00 +0300								n	0/1	0/100	1970-01-01 02:00:00 +0200
===== END
===== START
D	8dd57ba13779448ea06ba006114fcca0	9fa6157926dc44e8b0bf66dcc98c628c	2020-06-30 14:42:07 +0300	2020-06-30 14:42:07 +0300	2020-06-30 13:59:00 +0300								n	0/1	0/100	1970-01-01 02:00:00 +0200
===== END
===== START
===== END
===== START
C	4451a190a94d494b8fc29307c470dc41	44c42bccc961423cbaaaf8a8def1bad8	2020-06-30 14:43:21 +0300	2020-06-30 14:43:21 +0300	2020-06-30 13:59:00 +0300	333ae359fa0b4d08a3ef594046b60f63	1 GLR DGS 		Aliminyum Çerçeve				n	0/100	0/100	1970-01-01 02:00:00 +0200
===== END
===== START
===== END
===== START
B	4451a190a94d494b8fc29307c470dc41	44c42bccc961423cbaaaf8a8def1bad8	2020-06-30 14:43:46 +0300	2020-06-30 14:43:21 +0300	2020-06-30 13:59:00 +0300	333ae359fa0b4d08a3ef594046b60f63	1 GLR DGS 		Aliminyum Çerçeve				n	0/100	0/100	1970-01-01 02:00:00 +0200
===== END
===== START
C	4451a190a94d494b8fc29307c470dc41	44c42bccc961423cbaaaf8a8def1bad8	2020-06-30 14:43:46 +0300	2020-06-30 14:43:21 +0300	2020-06-30 13:59:00 +0300	333ae359fa0b4d08a3ef594046b60f63	1 GLR DGS 		Aliminyum Çerçeve				n	400000/100	400000/100	1970-01-01 02:00:00 +0200
C	4451a190a94d494b8fc29307c470dc41	5735fb5059c1448fa215cf80e3dfe818	2020-06-30 14:43:46 +0300	2020-06-30 14:43:21 +0300	2020-06-30 13:59:00 +0300	1e668380cab1429fa862e24266e34791	1 DGS KASA		Aliminyum Çerçeve				n	-400000/100	-400000/100	1970-01-01 02:00:00 +0200
===== END
===== START
===== END
===== START
B	370332c0bf194a7aba3d7057b75642f5	93c2ff4b352e49c49ea5d5dc6969402a	2020-06-30 14:44:40 +0300	2019-12-02 09:53:44 +0300	2019-12-02 13:59:00 +0300	deabaef30fc841ac9337e26a874ae856	100 KASA Nakit		2019 Doğuş Kira Bedeli				n	2040000/100	2040000/100	1970-01-01 02:00:00 +0200
B	370332c0bf194a7aba3d7057b75642f5	2ae0821dd5484952a0b9b25ae7f7a06f	2020-06-30 14:44:40 +0300	2019-12-02 09:53:44 +0300	2019-12-02 13:59:00 +0300	1e668380cab1429fa862e24266e34791	1 DGS KASA		2019 Doğuş Kira Bedeli				n	-2040000/100	-2040000/100	1970-01-01 02:00:00 +0200
===== END
===== START
C	370332c0bf194a7aba3d7057b75642f5	93c2ff4b352e49c49ea5d5dc6969402a	2020-06-30 14:44:40 +0300	2019-12-02 09:53:44 +0300	2019-12-02 13:59:00 +0300	deabaef30fc841ac9337e26a874ae856	100 KASA Nakit		Nakit Kasaya 2019 Doğuş Kira Bedeli				n	2040000/100	2040000/100	1970-01-01 02:00:00 +0200
C	370332c0bf194a7aba3d7057b75642f5	2ae0821dd5484952a0b9b25ae7f7a06f	2020-06-30 14:44:40 +0300	2019-12-02 09:53:44 +0300	2019-12-02 13:59:00 +0300	1e668380cab1429fa862e24266e34791	1 DGS KASA		Nakit Kasaya 2019 Doğuş Kira Bedeli				n	-2040000/100	-2040000/100	1970-01-01 02:00:00 +0200
===== END
===== START
B	8ef6f83f48f74c6095f81b3399296c62	638a077839974a39b6cdce2538302d0a	2020-06-30 14:44:59 +0300	2020-06-30 14:41:24 +0300	2020-06-30 13:59:00 +0300	1e668380cab1429fa862e24266e34791	1 DGS KASA						n	175000/100	175000/100	1970-01-01 02:00:00 +0200
B	8ef6f83f48f74c6095f81b3399296c62	596766270a704c4abff7b39aae2a9d98	2020-06-30 14:44:59 +0300	2020-06-30 14:41:24 +0300	2020-06-30 13:59:00 +0300	11034438816f4d4e94d26fd848962ad3	1 DGS Oğuzhan Türkmen						n	-175000/100	-175000/100	1970-01-01 02:00:00 +0200
===== END
===== START
C	8ef6f83f48f74c6095f81b3399296c62	638a077839974a39b6cdce2538302d0a	2020-06-30 14:44:59 +0300	2020-06-30 14:41:24 +0300	2020-06-30 13:59:00 +0300	1e668380cab1429fa862e24266e34791	1 DGS KASA		Nakit Ödeme				n	175000/100	175000/100	1970-01-01 02:00:00 +0200
C	8ef6f83f48f74c6095f81b3399296c62	596766270a704c4abff7b39aae2a9d98	2020-06-30 14:44:59 +0300	2020-06-30 14:41:24 +0300	2020-06-30 13:59:00 +0300	11034438816f4d4e94d26fd848962ad3	1 DGS Oğuzhan Türkmen		Nakit Ödeme				n	-175000/100	-175000/100	1970-01-01 02:00:00 +0200
===== END
