mod	trans_guid	split_guid	time_now	date_entered	date_posted	acc_guid	acc_name	num	description	notes	memo	action	reconciled	amount	value	date_reconciled
-----------------
===== START
B	e14a2a4153cb4780a4f2a903f71c496f	57b5f66eae504a618d6fed49736a2cdc	2020-06-30 17:11:22 +0300	2020-06-30 16:56:08 +0300	2019-02-28 13:59:00 +0300	a207fcf4af9c400eb69a647726531142	Kira Gecikme üfe						n	19184/100	19184/100	1970-01-01 02:00:00 +0200
B	e14a2a4153cb4780a4f2a903f71c496f	1d280fa5f1ec44e5a8dc047d62324a63	2020-06-30 17:11:22 +0300	2020-06-30 16:56:08 +0300	2019-02-28 13:59:00 +0300	3a63f12134c244fa86b69fbbccbba3e0	Açık-TRY						n	-19184/100	-19184/100	1970-01-01 02:00:00 +0200
===== END
===== START
C	e14a2a4153cb4780a4f2a903f71c496f	57b5f66eae504a618d6fed49736a2cdc	2020-06-30 17:11:22 +0300	2020-06-30 16:56:08 +0300	2019-02-28 13:59:00 +0300	a207fcf4af9c400eb69a647726531142	Kira Gecikme üfe		Kira tüfe 13110 * üfe 17,56				n	19184/100	19184/100	1970-01-01 02:00:00 +0200
C	e14a2a4153cb4780a4f2a903f71c496f	1d280fa5f1ec44e5a8dc047d62324a63	2020-06-30 17:11:22 +0300	2020-06-30 16:56:08 +0300	2019-02-28 13:59:00 +0300	3a63f12134c244fa86b69fbbccbba3e0	Açık-TRY		Kira tüfe 13110 * üfe 17,56				n	-19184/100	-19184/100	1970-01-01 02:00:00 +0200
===== END
===== START
B	e14a2a4153cb4780a4f2a903f71c496f	57b5f66eae504a618d6fed49736a2cdc	2020-06-30 17:11:28 +0300	2020-06-30 16:56:08 +0300	2019-02-28 13:59:00 +0300	a207fcf4af9c400eb69a647726531142	Kira Gecikme üfe		Kira tüfe 13110 * üfe 17,56				n	19184/100	19184/100	1970-01-01 02:00:00 +0200
B	e14a2a4153cb4780a4f2a903f71c496f	1d280fa5f1ec44e5a8dc047d62324a63	2020-06-30 17:11:28 +0300	2020-06-30 16:56:08 +0300	2019-02-28 13:59:00 +0300	3a63f12134c244fa86b69fbbccbba3e0	Açık-TRY		Kira tüfe 13110 * üfe 17,56				n	-19184/100	-19184/100	1970-01-01 02:00:00 +0200
===== END
===== START
C	e14a2a4153cb4780a4f2a903f71c496f	57b5f66eae504a618d6fed49736a2cdc	2020-06-30 17:11:28 +0300	2020-06-30 16:56:08 +0300	2019-12-30 13:59:00 +0300	a207fcf4af9c400eb69a647726531142	Kira Gecikme üfe		Kira tüfe 13110 * üfe 17,56				n	19184/100	19184/100	1970-01-01 02:00:00 +0200
C	e14a2a4153cb4780a4f2a903f71c496f	1d280fa5f1ec44e5a8dc047d62324a63	2020-06-30 17:11:28 +0300	2020-06-30 16:56:08 +0300	2019-12-30 13:59:00 +0300	3a63f12134c244fa86b69fbbccbba3e0	Açık-TRY		Kira tüfe 13110 * üfe 17,56				n	-19184/100	-19184/100	1970-01-01 02:00:00 +0200
===== END
===== START
B	666ba5dce5dd49fb968116d76f542b70	5227e98b0daa45a29f8f8a823cf90ffb	2020-06-30 17:12:01 +0300	2020-06-30 16:56:16 +0300	2019-02-28 13:59:00 +0300	a207fcf4af9c400eb69a647726531142	Kira Gecikme üfe						n	17163/100	17163/100	1970-01-01 02:00:00 +0200
B	666ba5dce5dd49fb968116d76f542b70	a20e5045be034fd5ae7d4a262424f8b7	2020-06-30 17:12:01 +0300	2020-06-30 16:56:16 +0300	2019-02-28 13:59:00 +0300	3a63f12134c244fa86b69fbbccbba3e0	Açık-TRY						n	-17163/100	-17163/100	1970-01-01 02:00:00 +0200
===== END
===== START
C	666ba5dce5dd49fb968116d76f542b70	5227e98b0daa45a29f8f8a823cf90ffb	2020-06-30 17:12:01 +0300	2020-06-30 16:56:16 +0300	2019-02-28 13:59:00 +0300	a207fcf4af9c400eb69a647726531142	Kira Gecikme üfe		Kira tüfe 13110 * üfe 				n	17163/100	17163/100	1970-01-01 02:00:00 +0200
C	666ba5dce5dd49fb968116d76f542b70	a20e5045be034fd5ae7d4a262424f8b7	2020-06-30 17:12:01 +0300	2020-06-30 16:56:16 +0300	2019-02-28 13:59:00 +0300	3a63f12134c244fa86b69fbbccbba3e0	Açık-TRY		Kira tüfe 13110 * üfe 				n	-17163/100	-17163/100	1970-01-01 02:00:00 +0200
===== END
===== START
B	eb11a98b62464551815ceca1ea349d47	df0c10ab669345be84152d357a635aef	2020-06-30 17:12:04 +0300	2020-06-30 16:56:22 +0300	2019-02-28 13:59:00 +0300	a207fcf4af9c400eb69a647726531142	Kira Gecikme üfe						n	15492/100	15492/100	1970-01-01 02:00:00 +0200
B	eb11a98b62464551815ceca1ea349d47	5f40f48535684661855393471a66a7c1	2020-06-30 17:12:04 +0300	2020-06-30 16:56:22 +0300	2019-02-28 13:59:00 +0300	3a63f12134c244fa86b69fbbccbba3e0	Açık-TRY						n	-15492/100	-15492/100	1970-01-01 02:00:00 +0200
===== END
===== START
C	eb11a98b62464551815ceca1ea349d47	df0c10ab669345be84152d357a635aef	2020-06-30 17:12:04 +0300	2020-06-30 16:56:22 +0300	2019-02-28 13:59:00 +0300	a207fcf4af9c400eb69a647726531142	Kira Gecikme üfe		Kira tüfe 13110 * üfe 				n	15492/100	15492/100	1970-01-01 02:00:00 +0200
C	eb11a98b62464551815ceca1ea349d47	5f40f48535684661855393471a66a7c1	2020-06-30 17:12:04 +0300	2020-06-30 16:56:22 +0300	2019-02-28 13:59:00 +0300	3a63f12134c244fa86b69fbbccbba3e0	Açık-TRY		Kira tüfe 13110 * üfe 				n	-15492/100	-15492/100	1970-01-01 02:00:00 +0200
===== END
===== START
B	f3003a671e7546d7b1636b4000328d30	64000a2082964847966120af5b63c66e	2020-06-30 17:12:07 +0300	2020-06-30 16:56:28 +0300	2019-02-28 13:59:00 +0300	a207fcf4af9c400eb69a647726531142	Kira Gecikme üfe						n	13776/100	13776/100	1970-01-01 02:00:00 +0200
B	f3003a671e7546d7b1636b4000328d30	4a381b419fb34cda8cb32c7727fb79bf	2020-06-30 17:12:07 +0300	2020-06-30 16:56:28 +0300	2019-02-28 13:59:00 +0300	3a63f12134c244fa86b69fbbccbba3e0	Açık-TRY						n	-13776/100	-13776/100	1970-01-01 02:00:00 +0200
===== END
===== START
C	f3003a671e7546d7b1636b4000328d30	64000a2082964847966120af5b63c66e	2020-06-30 17:12:07 +0300	2020-06-30 16:56:28 +0300	2019-02-28 13:59:00 +0300	a207fcf4af9c400eb69a647726531142	Kira Gecikme üfe		Kira tüfe 13110 * üfe 				n	13776/100	13776/100	1970-01-01 02:00:00 +0200
C	f3003a671e7546d7b1636b4000328d30	4a381b419fb34cda8cb32c7727fb79bf	2020-06-30 17:12:07 +0300	2020-06-30 16:56:28 +0300	2019-02-28 13:59:00 +0300	3a63f12134c244fa86b69fbbccbba3e0	Açık-TRY		Kira tüfe 13110 * üfe 				n	-13776/100	-13776/100	1970-01-01 02:00:00 +0200
===== END
===== START
B	c648e4bc02fe48c7964ea486abc26136	16269c671fbd471d86c849679bbe149a	2020-06-30 17:12:24 +0300	2020-06-30 16:56:36 +0300	2019-02-28 13:59:00 +0300	a207fcf4af9c400eb69a647726531142	Kira Gecikme üfe						n	7346/100	7346/100	1970-01-01 02:00:00 +0200
B	c648e4bc02fe48c7964ea486abc26136	799f835a4b334666a53126d21cda06cf	2020-06-30 17:12:24 +0300	2020-06-30 16:56:36 +0300	2019-02-28 13:59:00 +0300	3a63f12134c244fa86b69fbbccbba3e0	Açık-TRY						n	-7346/100	-7346/100	1970-01-01 02:00:00 +0200
===== END
===== START
C	c648e4bc02fe48c7964ea486abc26136	16269c671fbd471d86c849679bbe149a	2020-06-30 17:12:24 +0300	2020-06-30 16:56:36 +0300	2019-02-28 13:59:00 +0300	a207fcf4af9c400eb69a647726531142	Kira Gecikme üfe		Kira tüfe 8110 * üfe 				n	7346/100	7346/100	1970-01-01 02:00:00 +0200
C	c648e4bc02fe48c7964ea486abc26136	799f835a4b334666a53126d21cda06cf	2020-06-30 17:12:24 +0300	2020-06-30 16:56:36 +0300	2019-02-28 13:59:00 +0300	3a63f12134c244fa86b69fbbccbba3e0	Açık-TRY		Kira tüfe 8110 * üfe 				n	-7346/100	-7346/100	1970-01-01 02:00:00 +0200
===== END
===== START
B	666ba5dce5dd49fb968116d76f542b70	5227e98b0daa45a29f8f8a823cf90ffb	2020-06-30 17:12:28 +0300	2020-06-30 16:56:16 +0300	2019-02-28 13:59:00 +0300	a207fcf4af9c400eb69a647726531142	Kira Gecikme üfe		Kira tüfe 13110 * üfe 				n	17163/100	17163/100	1970-01-01 02:00:00 +0200
B	666ba5dce5dd49fb968116d76f542b70	a20e5045be034fd5ae7d4a262424f8b7	2020-06-30 17:12:28 +0300	2020-06-30 16:56:16 +0300	2019-02-28 13:59:00 +0300	3a63f12134c244fa86b69fbbccbba3e0	Açık-TRY		Kira tüfe 13110 * üfe 				n	-17163/100	-17163/100	1970-01-01 02:00:00 +0200
===== END
===== START
C	666ba5dce5dd49fb968116d76f542b70	5227e98b0daa45a29f8f8a823cf90ffb	2020-06-30 17:12:28 +0300	2020-06-30 16:56:16 +0300	2019-02-28 13:59:00 +0300	a207fcf4af9c400eb69a647726531142	Kira Gecikme üfe		Kira tüfe 13110 * üfe 15,71				n	17163/100	17163/100	1970-01-01 02:00:00 +0200
C	666ba5dce5dd49fb968116d76f542b70	a20e5045be034fd5ae7d4a262424f8b7	2020-06-30 17:12:28 +0300	2020-06-30 16:56:16 +0300	2019-02-28 13:59:00 +0300	3a63f12134c244fa86b69fbbccbba3e0	Açık-TRY		Kira tüfe 13110 * üfe 15,71				n	-17163/100	-17163/100	1970-01-01 02:00:00 +0200
===== END
===== START
B	eb11a98b62464551815ceca1ea349d47	df0c10ab669345be84152d357a635aef	2020-06-30 17:12:34 +0300	2020-06-30 16:56:22 +0300	2019-02-28 13:59:00 +0300	a207fcf4af9c400eb69a647726531142	Kira Gecikme üfe		Kira tüfe 13110 * üfe 				n	15492/100	15492/100	1970-01-01 02:00:00 +0200
B	eb11a98b62464551815ceca1ea349d47	5f40f48535684661855393471a66a7c1	2020-06-30 17:12:34 +0300	2020-06-30 16:56:22 +0300	2019-02-28 13:59:00 +0300	3a63f12134c244fa86b69fbbccbba3e0	Açık-TRY		Kira tüfe 13110 * üfe 				n	-15492/100	-15492/100	1970-01-01 02:00:00 +0200
===== END
===== START
C	eb11a98b62464551815ceca1ea349d47	df0c10ab669345be84152d357a635aef	2020-06-30 17:12:34 +0300	2020-06-30 16:56:22 +0300	2019-02-28 13:59:00 +0300	a207fcf4af9c400eb69a647726531142	Kira Gecikme üfe		Kira tüfe 13110 * üfe 14,18				n	15492/100	15492/100	1970-01-01 02:00:00 +0200
C	eb11a98b62464551815ceca1ea349d47	5f40f48535684661855393471a66a7c1	2020-06-30 17:12:34 +0300	2020-06-30 16:56:22 +0300	2019-02-28 13:59:00 +0300	3a63f12134c244fa86b69fbbccbba3e0	Açık-TRY		Kira tüfe 13110 * üfe 14,18				n	-15492/100	-15492/100	1970-01-01 02:00:00 +0200
===== END
===== START
B	f3003a671e7546d7b1636b4000328d30	64000a2082964847966120af5b63c66e	2020-06-30 17:12:40 +0300	2020-06-30 16:56:28 +0300	2019-02-28 13:59:00 +0300	a207fcf4af9c400eb69a647726531142	Kira Gecikme üfe		Kira tüfe 13110 * üfe 				n	13776/100	13776/100	1970-01-01 02:00:00 +0200
B	f3003a671e7546d7b1636b4000328d30	4a381b419fb34cda8cb32c7727fb79bf	2020-06-30 17:12:40 +0300	2020-06-30 16:56:28 +0300	2019-02-28 13:59:00 +0300	3a63f12134c244fa86b69fbbccbba3e0	Açık-TRY		Kira tüfe 13110 * üfe 				n	-13776/100	-13776/100	1970-01-01 02:00:00 +0200
===== END
===== START
C	f3003a671e7546d7b1636b4000328d30	64000a2082964847966120af5b63c66e	2020-06-30 17:12:40 +0300	2020-06-30 16:56:28 +0300	2019-02-28 13:59:00 +0300	a207fcf4af9c400eb69a647726531142	Kira Gecikme üfe		Kira tüfe 13110 * üfe 12,61				n	13776/100	13776/100	1970-01-01 02:00:00 +0200
C	f3003a671e7546d7b1636b4000328d30	4a381b419fb34cda8cb32c7727fb79bf	2020-06-30 17:12:40 +0300	2020-06-30 16:56:28 +0300	2019-02-28 13:59:00 +0300	3a63f12134c244fa86b69fbbccbba3e0	Açık-TRY		Kira tüfe 13110 * üfe 12,61				n	-13776/100	-13776/100	1970-01-01 02:00:00 +0200
===== END
===== START
B	c648e4bc02fe48c7964ea486abc26136	16269c671fbd471d86c849679bbe149a	2020-06-30 17:12:51 +0300	2020-06-30 16:56:36 +0300	2019-02-28 13:59:00 +0300	a207fcf4af9c400eb69a647726531142	Kira Gecikme üfe		Kira tüfe 8110 * üfe 				n	7346/100	7346/100	1970-01-01 02:00:00 +0200
B	c648e4bc02fe48c7964ea486abc26136	799f835a4b334666a53126d21cda06cf	2020-06-30 17:12:51 +0300	2020-06-30 16:56:36 +0300	2019-02-28 13:59:00 +0300	3a63f12134c244fa86b69fbbccbba3e0	Açık-TRY		Kira tüfe 8110 * üfe 				n	-7346/100	-7346/100	1970-01-01 02:00:00 +0200
===== END
===== START
C	c648e4bc02fe48c7964ea486abc26136	16269c671fbd471d86c849679bbe149a	2020-06-30 17:12:51 +0300	2020-06-30 16:56:36 +0300	2019-02-28 13:59:00 +0300	a207fcf4af9c400eb69a647726531142	Kira Gecikme üfe		Kira tüfe 8110 * üfe 10,87				n	7346/100	7346/100	1970-01-01 02:00:00 +0200
C	c648e4bc02fe48c7964ea486abc26136	799f835a4b334666a53126d21cda06cf	2020-06-30 17:12:51 +0300	2020-06-30 16:56:36 +0300	2019-02-28 13:59:00 +0300	3a63f12134c244fa86b69fbbccbba3e0	Açık-TRY		Kira tüfe 8110 * üfe 10,87				n	-7346/100	-7346/100	1970-01-01 02:00:00 +0200
===== END
===== START
B	771526be1cee401fac1b6fd6d6e50f54	d6250faf00b0426299988a0c02a60061	2020-06-30 17:13:06 +0300	2020-06-30 16:56:41 +0300	2019-02-28 13:59:00 +0300	a207fcf4af9c400eb69a647726531142	Kira Gecikme üfe						n	6177/100	6177/100	1970-01-01 02:00:00 +0200
B	771526be1cee401fac1b6fd6d6e50f54	c6be87d2968d44daabc50871a18540c8	2020-06-30 17:13:06 +0300	2020-06-30 16:56:41 +0300	2019-02-28 13:59:00 +0300	3a63f12134c244fa86b69fbbccbba3e0	Açık-TRY						n	-6177/100	-6177/100	1970-01-01 02:00:00 +0200
===== END
===== START
C	771526be1cee401fac1b6fd6d6e50f54	d6250faf00b0426299988a0c02a60061	2020-06-30 17:13:06 +0300	2020-06-30 16:56:41 +0300	2019-02-28 13:59:00 +0300	a207fcf4af9c400eb69a647726531142	Kira Gecikme üfe		Kira tüfe 8110 * üfe 				n	6177/100	6177/100	1970-01-01 02:00:00 +0200
C	771526be1cee401fac1b6fd6d6e50f54	c6be87d2968d44daabc50871a18540c8	2020-06-30 17:13:06 +0300	2020-06-30 16:56:41 +0300	2019-02-28 13:59:00 +0300	3a63f12134c244fa86b69fbbccbba3e0	Açık-TRY		Kira tüfe 8110 * üfe 				n	-6177/100	-6177/100	1970-01-01 02:00:00 +0200
===== END
===== START
B	8f9f0e359a564d649acb13b3190d30ea	0f8a373d60d143fbb2d8def9b1ea7913	2020-06-30 17:13:08 +0300	2020-06-30 16:56:48 +0300	2019-02-28 13:59:00 +0300	a207fcf4af9c400eb69a647726531142	Kira Gecikme üfe						n	5987/100	5987/100	1970-01-01 02:00:00 +0200
B	8f9f0e359a564d649acb13b3190d30ea	73f89af0d8d54984b9f67e9598f5e46b	2020-06-30 17:13:08 +0300	2020-06-30 16:56:48 +0300	2019-02-28 13:59:00 +0300	3a63f12134c244fa86b69fbbccbba3e0	Açık-TRY						n	-5987/100	-5987/100	1970-01-01 02:00:00 +0200
===== END
===== START
C	8f9f0e359a564d649acb13b3190d30ea	0f8a373d60d143fbb2d8def9b1ea7913	2020-06-30 17:13:08 +0300	2020-06-30 16:56:48 +0300	2019-02-28 13:59:00 +0300	a207fcf4af9c400eb69a647726531142	Kira Gecikme üfe		Kira tüfe 8110 * üfe 				n	5987/100	5987/100	1970-01-01 02:00:00 +0200
C	8f9f0e359a564d649acb13b3190d30ea	73f89af0d8d54984b9f67e9598f5e46b	2020-06-30 17:13:08 +0300	2020-06-30 16:56:48 +0300	2019-02-28 13:59:00 +0300	3a63f12134c244fa86b69fbbccbba3e0	Açık-TRY		Kira tüfe 8110 * üfe 				n	-5987/100	-5987/100	1970-01-01 02:00:00 +0200
===== END
===== START
B	771526be1cee401fac1b6fd6d6e50f54	d6250faf00b0426299988a0c02a60061	2020-06-30 17:13:13 +0300	2020-06-30 16:56:41 +0300	2019-02-28 13:59:00 +0300	a207fcf4af9c400eb69a647726531142	Kira Gecikme üfe		Kira tüfe 8110 * üfe 				n	6177/100	6177/100	1970-01-01 02:00:00 +0200
B	771526be1cee401fac1b6fd6d6e50f54	c6be87d2968d44daabc50871a18540c8	2020-06-30 17:13:13 +0300	2020-06-30 16:56:41 +0300	2019-02-28 13:59:00 +0300	3a63f12134c244fa86b69fbbccbba3e0	Açık-TRY		Kira tüfe 8110 * üfe 				n	-6177/100	-6177/100	1970-01-01 02:00:00 +0200
===== END
===== START
C	771526be1cee401fac1b6fd6d6e50f54	d6250faf00b0426299988a0c02a60061	2020-06-30 17:13:13 +0300	2020-06-30 16:56:41 +0300	2019-02-28 13:59:00 +0300	a207fcf4af9c400eb69a647726531142	Kira Gecikme üfe		Kira tüfe 8110 * üfe 9,14				n	6177/100	6177/100	1970-01-01 02:00:00 +0200
C	771526be1cee401fac1b6fd6d6e50f54	c6be87d2968d44daabc50871a18540c8	2020-06-30 17:13:13 +0300	2020-06-30 16:56:41 +0300	2019-02-28 13:59:00 +0300	3a63f12134c244fa86b69fbbccbba3e0	Açık-TRY		Kira tüfe 8110 * üfe 9,14				n	-6177/100	-6177/100	1970-01-01 02:00:00 +0200
===== END
===== START
B	8f9f0e359a564d649acb13b3190d30ea	0f8a373d60d143fbb2d8def9b1ea7913	2020-06-30 17:13:59 +0300	2020-06-30 16:56:48 +0300	2019-02-28 13:59:00 +0300	a207fcf4af9c400eb69a647726531142	Kira Gecikme üfe		Kira tüfe 8110 * üfe 				n	5987/100	5987/100	1970-01-01 02:00:00 +0200
B	8f9f0e359a564d649acb13b3190d30ea	73f89af0d8d54984b9f67e9598f5e46b	2020-06-30 17:13:59 +0300	2020-06-30 16:56:48 +0300	2019-02-28 13:59:00 +0300	3a63f12134c244fa86b69fbbccbba3e0	Açık-TRY		Kira tüfe 8110 * üfe 				n	-5987/100	-5987/100	1970-01-01 02:00:00 +0200
===== END
===== START
C	8f9f0e359a564d649acb13b3190d30ea	0f8a373d60d143fbb2d8def9b1ea7913	2020-06-30 17:13:59 +0300	2020-06-30 16:56:48 +0300	2019-02-28 13:59:00 +0300	a207fcf4af9c400eb69a647726531142	Kira Gecikme üfe		Kira tüfe 8110 * üfe 				n	0/100	0/100	1970-01-01 02:00:00 +0200
C	8f9f0e359a564d649acb13b3190d30ea	73f89af0d8d54984b9f67e9598f5e46b	2020-06-30 17:13:59 +0300	2020-06-30 16:56:48 +0300	2019-02-28 13:59:00 +0300	3a63f12134c244fa86b69fbbccbba3e0	Açık-TRY		Kira tüfe 8110 * üfe 				n	0/100	0/100	1970-01-01 02:00:00 +0200
===== END
===== START
B	666ba5dce5dd49fb968116d76f542b70	5227e98b0daa45a29f8f8a823cf90ffb	2020-06-30 17:14:03 +0300	2020-06-30 16:56:16 +0300	2019-02-28 13:59:00 +0300	a207fcf4af9c400eb69a647726531142	Kira Gecikme üfe		Kira tüfe 13110 * üfe 15,71				n	17163/100	17163/100	1970-01-01 02:00:00 +0200
B	666ba5dce5dd49fb968116d76f542b70	a20e5045be034fd5ae7d4a262424f8b7	2020-06-30 17:14:03 +0300	2020-06-30 16:56:16 +0300	2019-02-28 13:59:00 +0300	3a63f12134c244fa86b69fbbccbba3e0	Açık-TRY		Kira tüfe 13110 * üfe 15,71				n	-17163/100	-17163/100	1970-01-01 02:00:00 +0200
===== END
===== START
C	666ba5dce5dd49fb968116d76f542b70	5227e98b0daa45a29f8f8a823cf90ffb	2020-06-30 17:14:03 +0300	2020-06-30 16:56:16 +0300	2020-01-30 13:59:00 +0300	a207fcf4af9c400eb69a647726531142	Kira Gecikme üfe		Kira tüfe 13110 * üfe 15,71				n	17163/100	17163/100	1970-01-01 02:00:00 +0200
C	666ba5dce5dd49fb968116d76f542b70	a20e5045be034fd5ae7d4a262424f8b7	2020-06-30 17:14:03 +0300	2020-06-30 16:56:16 +0300	2020-01-30 13:59:00 +0300	3a63f12134c244fa86b69fbbccbba3e0	Açık-TRY		Kira tüfe 13110 * üfe 15,71				n	-17163/100	-17163/100	1970-01-01 02:00:00 +0200
===== END
===== START
B	eb11a98b62464551815ceca1ea349d47	df0c10ab669345be84152d357a635aef	2020-06-30 17:14:17 +0300	2020-06-30 16:56:22 +0300	2019-02-28 13:59:00 +0300	a207fcf4af9c400eb69a647726531142	Kira Gecikme üfe		Kira tüfe 13110 * üfe 14,18				n	15492/100	15492/100	1970-01-01 02:00:00 +0200
B	eb11a98b62464551815ceca1ea349d47	5f40f48535684661855393471a66a7c1	2020-06-30 17:14:17 +0300	2020-06-30 16:56:22 +0300	2019-02-28 13:59:00 +0300	3a63f12134c244fa86b69fbbccbba3e0	Açık-TRY		Kira tüfe 13110 * üfe 14,18				n	-15492/100	-15492/100	1970-01-01 02:00:00 +0200
===== END
===== START
C	eb11a98b62464551815ceca1ea349d47	df0c10ab669345be84152d357a635aef	2020-06-30 17:14:17 +0300	2020-06-30 16:56:22 +0300	2020-02-28 13:59:00 +0300	a207fcf4af9c400eb69a647726531142	Kira Gecikme üfe		Kira tüfe 13110 * üfe 14,18				n	15492/100	15492/100	1970-01-01 02:00:00 +0200
C	eb11a98b62464551815ceca1ea349d47	5f40f48535684661855393471a66a7c1	2020-06-30 17:14:17 +0300	2020-06-30 16:56:22 +0300	2020-02-28 13:59:00 +0300	3a63f12134c244fa86b69fbbccbba3e0	Açık-TRY		Kira tüfe 13110 * üfe 14,18				n	-15492/100	-15492/100	1970-01-01 02:00:00 +0200
===== END
===== START
B	f3003a671e7546d7b1636b4000328d30	64000a2082964847966120af5b63c66e	2020-06-30 17:14:27 +0300	2020-06-30 16:56:28 +0300	2019-02-28 13:59:00 +0300	a207fcf4af9c400eb69a647726531142	Kira Gecikme üfe		Kira tüfe 13110 * üfe 12,61				n	13776/100	13776/100	1970-01-01 02:00:00 +0200
B	f3003a671e7546d7b1636b4000328d30	4a381b419fb34cda8cb32c7727fb79bf	2020-06-30 17:14:27 +0300	2020-06-30 16:56:28 +0300	2019-02-28 13:59:00 +0300	3a63f12134c244fa86b69fbbccbba3e0	Açık-TRY		Kira tüfe 13110 * üfe 12,61				n	-13776/100	-13776/100	1970-01-01 02:00:00 +0200
===== END
===== START
C	f3003a671e7546d7b1636b4000328d30	64000a2082964847966120af5b63c66e	2020-06-30 17:14:27 +0300	2020-06-30 16:56:28 +0300	2020-03-30 13:59:00 +0300	a207fcf4af9c400eb69a647726531142	Kira Gecikme üfe		Kira tüfe 13110 * üfe 12,61				n	13776/100	13776/100	1970-01-01 02:00:00 +0200
C	f3003a671e7546d7b1636b4000328d30	4a381b419fb34cda8cb32c7727fb79bf	2020-06-30 17:14:27 +0300	2020-06-30 16:56:28 +0300	2020-03-30 13:59:00 +0300	3a63f12134c244fa86b69fbbccbba3e0	Açık-TRY		Kira tüfe 13110 * üfe 12,61				n	-13776/100	-13776/100	1970-01-01 02:00:00 +0200
===== END
===== START
B	c648e4bc02fe48c7964ea486abc26136	16269c671fbd471d86c849679bbe149a	2020-06-30 17:14:41 +0300	2020-06-30 16:56:36 +0300	2019-02-28 13:59:00 +0300	a207fcf4af9c400eb69a647726531142	Kira Gecikme üfe		Kira tüfe 8110 * üfe 10,87				n	7346/100	7346/100	1970-01-01 02:00:00 +0200
B	c648e4bc02fe48c7964ea486abc26136	799f835a4b334666a53126d21cda06cf	2020-06-30 17:14:41 +0300	2020-06-30 16:56:36 +0300	2019-02-28 13:59:00 +0300	3a63f12134c244fa86b69fbbccbba3e0	Açık-TRY		Kira tüfe 8110 * üfe 10,87				n	-7346/100	-7346/100	1970-01-01 02:00:00 +0200
===== END
===== START
C	c648e4bc02fe48c7964ea486abc26136	16269c671fbd471d86c849679bbe149a	2020-06-30 17:14:41 +0300	2020-06-30 16:56:36 +0300	2020-04-30 13:59:00 +0300	a207fcf4af9c400eb69a647726531142	Kira Gecikme üfe		Kira tüfe 8110 * üfe 10,87				n	7346/100	7346/100	1970-01-01 02:00:00 +0200
C	c648e4bc02fe48c7964ea486abc26136	799f835a4b334666a53126d21cda06cf	2020-06-30 17:14:41 +0300	2020-06-30 16:56:36 +0300	2020-04-30 13:59:00 +0300	3a63f12134c244fa86b69fbbccbba3e0	Açık-TRY		Kira tüfe 8110 * üfe 10,87				n	-7346/100	-7346/100	1970-01-01 02:00:00 +0200
===== END
===== START
B	771526be1cee401fac1b6fd6d6e50f54	d6250faf00b0426299988a0c02a60061	2020-06-30 17:14:51 +0300	2020-06-30 16:56:41 +0300	2019-02-28 13:59:00 +0300	a207fcf4af9c400eb69a647726531142	Kira Gecikme üfe		Kira tüfe 8110 * üfe 9,14				n	6177/100	6177/100	1970-01-01 02:00:00 +0200
B	771526be1cee401fac1b6fd6d6e50f54	c6be87d2968d44daabc50871a18540c8	2020-06-30 17:14:51 +0300	2020-06-30 16:56:41 +0300	2019-02-28 13:59:00 +0300	3a63f12134c244fa86b69fbbccbba3e0	Açık-TRY		Kira tüfe 8110 * üfe 9,14				n	-6177/100	-6177/100	1970-01-01 02:00:00 +0200
===== END
===== START
C	771526be1cee401fac1b6fd6d6e50f54	d6250faf00b0426299988a0c02a60061	2020-06-30 17:14:51 +0300	2020-06-30 16:56:41 +0300	2020-05-30 13:59:00 +0300	a207fcf4af9c400eb69a647726531142	Kira Gecikme üfe		Kira tüfe 8110 * üfe 9,14				n	6177/100	6177/100	1970-01-01 02:00:00 +0200
C	771526be1cee401fac1b6fd6d6e50f54	c6be87d2968d44daabc50871a18540c8	2020-06-30 17:14:51 +0300	2020-06-30 16:56:41 +0300	2020-05-30 13:59:00 +0300	3a63f12134c244fa86b69fbbccbba3e0	Açık-TRY		Kira tüfe 8110 * üfe 9,14				n	-6177/100	-6177/100	1970-01-01 02:00:00 +0200
===== END
===== START
B	8f9f0e359a564d649acb13b3190d30ea	0f8a373d60d143fbb2d8def9b1ea7913	2020-06-30 17:15:01 +0300	2020-06-30 16:56:48 +0300	2019-02-28 13:59:00 +0300	a207fcf4af9c400eb69a647726531142	Kira Gecikme üfe		Kira tüfe 8110 * üfe 				n	0/100	0/100	1970-01-01 02:00:00 +0200
B	8f9f0e359a564d649acb13b3190d30ea	73f89af0d8d54984b9f67e9598f5e46b	2020-06-30 17:15:01 +0300	2020-06-30 16:56:48 +0300	2019-02-28 13:59:00 +0300	3a63f12134c244fa86b69fbbccbba3e0	Açık-TRY		Kira tüfe 8110 * üfe 				n	0/100	0/100	1970-01-01 02:00:00 +0200
===== END
===== START
C	8f9f0e359a564d649acb13b3190d30ea	0f8a373d60d143fbb2d8def9b1ea7913	2020-06-30 17:15:01 +0300	2020-06-30 16:56:48 +0300	2020-03-30 13:59:00 +0300	a207fcf4af9c400eb69a647726531142	Kira Gecikme üfe		Kira tüfe 8110 * üfe 				n	0/100	0/100	1970-01-01 02:00:00 +0200
C	8f9f0e359a564d649acb13b3190d30ea	73f89af0d8d54984b9f67e9598f5e46b	2020-06-30 17:15:01 +0300	2020-06-30 16:56:48 +0300	2020-03-30 13:59:00 +0300	3a63f12134c244fa86b69fbbccbba3e0	Açık-TRY		Kira tüfe 8110 * üfe 				n	0/100	0/100	1970-01-01 02:00:00 +0200
===== END
===== START
B	6813514672ac4f5ba5c58dd4ec199670	3aaf733319c7426490c59cf4632dbc41	2020-06-30 17:15:19 +0300	2020-06-30 16:44:09 +0300	2019-03-30 13:59:00 +0300	a207fcf4af9c400eb69a647726531142	Kira Gecikme üfe		Kira tüfe 4000 * üfe 31,17				n	10390/100	10390/100	1970-01-01 02:00:00 +0200
B	6813514672ac4f5ba5c58dd4ec199670	9adc3081238a4cb4b81a113d1c4a6359	2020-06-30 17:15:19 +0300	2020-06-30 16:44:09 +0300	2019-03-30 13:59:00 +0300	3a63f12134c244fa86b69fbbccbba3e0	Açık-TRY		Kira tüfe 4000 * üfe 31,17				n	-10390/100	-10390/100	1970-01-01 02:00:00 +0200
===== END
===== START
C	6813514672ac4f5ba5c58dd4ec199670	3aaf733319c7426490c59cf4632dbc41	2020-06-30 17:15:19 +0300	2020-06-30 16:44:09 +0300	2019-03-30 13:59:00 +0300	a207fcf4af9c400eb69a647726531142	Kira Gecikme üfe		Kira tüfe 4000 * üfe 31,17				n	10390/100	10390/100	1970-01-01 02:00:00 +0200
C	6813514672ac4f5ba5c58dd4ec199670	9adc3081238a4cb4b81a113d1c4a6359	2020-06-30 17:15:19 +0300	2020-06-30 16:44:09 +0300	2019-03-30 13:59:00 +0300	62cf67902c2f48c28059ec3005e4290f	5 GLR Sny240m2		Kira tüfe 4000 * üfe 31,17				n	-10390/100	-10390/100	1970-01-01 02:00:00 +0200
===== END
===== START
B	daddaf1d94164e45921257cf2354070a	72d9b854945144258ba78239ed4d2647	2020-06-30 17:15:46 +0300	2020-06-30 16:44:56 +0300	2019-04-30 13:59:00 +0300	a207fcf4af9c400eb69a647726531142	Kira Gecikme üfe		Kira tüfe 4000 * üfe 32,24				n	10747/100	10747/100	1970-01-01 02:00:00 +0200
B	daddaf1d94164e45921257cf2354070a	2b81940dda854cb296b85b19b759be57	2020-06-30 17:15:46 +0300	2020-06-30 16:44:56 +0300	2019-04-30 13:59:00 +0300	3a63f12134c244fa86b69fbbccbba3e0	Açık-TRY		Kira tüfe 4000 * üfe 32,24				n	-10747/100	-10747/100	1970-01-01 02:00:00 +0200
===== END
===== START
C	daddaf1d94164e45921257cf2354070a	72d9b854945144258ba78239ed4d2647	2020-06-30 17:15:46 +0300	2020-06-30 16:44:56 +0300	2019-04-30 13:59:00 +0300	a207fcf4af9c400eb69a647726531142	Kira Gecikme üfe		Kira tüfe 4000 * üfe 32,24				n	10747/100	10747/100	1970-01-01 02:00:00 +0200
C	daddaf1d94164e45921257cf2354070a	2b81940dda854cb296b85b19b759be57	2020-06-30 17:15:46 +0300	2020-06-30 16:44:56 +0300	2019-04-30 13:59:00 +0300	62cf67902c2f48c28059ec3005e4290f	5 GLR Sny240m2		Kira tüfe 4000 * üfe 32,24				n	-10747/100	-10747/100	1970-01-01 02:00:00 +0200
===== END
===== START
B	8a4d5e710c5c417381fec1777e1139ab	b615624febb94449906364d0af3f0e58	2020-06-30 17:15:51 +0300	2020-06-30 16:55:22 +0300	2019-06-30 13:59:00 +0300	a207fcf4af9c400eb69a647726531142	Kira Gecikme üfe		Kira tüfe 2000 * üfe 32,81				n	5468/100	5468/100	1970-01-01 02:00:00 +0200
B	8a4d5e710c5c417381fec1777e1139ab	9dc1aeb82c2042ddb5097bd265fbff00	2020-06-30 17:15:51 +0300	2020-06-30 16:55:22 +0300	2019-06-30 13:59:00 +0300	3a63f12134c244fa86b69fbbccbba3e0	Açık-TRY		Kira tüfe 2000 * üfe 32,81				n	-5468/100	-5468/100	1970-01-01 02:00:00 +0200
===== END
===== START
C	8a4d5e710c5c417381fec1777e1139ab	b615624febb94449906364d0af3f0e58	2020-06-30 17:15:51 +0300	2020-06-30 16:55:22 +0300	2019-06-30 13:59:00 +0300	a207fcf4af9c400eb69a647726531142	Kira Gecikme üfe		Kira tüfe 2000 * üfe 32,81				n	5468/100	5468/100	1970-01-01 02:00:00 +0200
C	8a4d5e710c5c417381fec1777e1139ab	9dc1aeb82c2042ddb5097bd265fbff00	2020-06-30 17:15:51 +0300	2020-06-30 16:55:22 +0300	2019-06-30 13:59:00 +0300	62cf67902c2f48c28059ec3005e4290f	5 GLR Sny240m2		Kira tüfe 2000 * üfe 32,81				n	-5468/100	-5468/100	1970-01-01 02:00:00 +0200
===== END
===== START
B	62c5001aef3b4923a3ef8fbe84796988	a77a73b5eb3d40599374695911055b89	2020-06-30 17:16:01 +0300	2020-06-30 17:08:01 +0300	2019-05-30 13:59:00 +0300	a207fcf4af9c400eb69a647726531142	Kira Gecikme üfe		Kira tüfe 2000 * üfe 19,91				n	3318/100	3318/100	1970-01-01 02:00:00 +0200
B	62c5001aef3b4923a3ef8fbe84796988	b2725e8c55134e33a1d75ccc6bfee4b5	2020-06-30 17:16:01 +0300	2020-06-30 17:08:01 +0300	2019-05-30 13:59:00 +0300	3a63f12134c244fa86b69fbbccbba3e0	Açık-TRY		Kira tüfe 2000 * üfe 19,91				n	-3318/100	-3318/100	1970-01-01 02:00:00 +0200
===== END
===== START
C	62c5001aef3b4923a3ef8fbe84796988	a77a73b5eb3d40599374695911055b89	2020-06-30 17:16:01 +0300	2020-06-30 17:08:01 +0300	2019-05-30 13:59:00 +0300	a207fcf4af9c400eb69a647726531142	Kira Gecikme üfe		Kira tüfe 2000 * üfe 19,91				n	3318/100	3318/100	1970-01-01 02:00:00 +0200
C	62c5001aef3b4923a3ef8fbe84796988	b2725e8c55134e33a1d75ccc6bfee4b5	2020-06-30 17:16:01 +0300	2020-06-30 17:08:01 +0300	2019-05-30 13:59:00 +0300	62cf67902c2f48c28059ec3005e4290f	5 GLR Sny240m2		Kira tüfe 2000 * üfe 19,91				n	-3318/100	-3318/100	1970-01-01 02:00:00 +0200
===== END
===== START
B	c4d23d0b02b948eca352cc9c6fe4d5f7	7a9575ccd3ff46d59077462b779ae842	2020-06-30 17:16:06 +0300	2020-06-30 16:55:34 +0300	2019-07-30 13:59:00 +0300	a207fcf4af9c400eb69a647726531142	Kira Gecikme üfe		Kira tüfe 2000 * üfe 32,34				n	5390/100	5390/100	1970-01-01 02:00:00 +0200
B	c4d23d0b02b948eca352cc9c6fe4d5f7	496e9e495ea74ed88cde72724ec1ef1f	2020-06-30 17:16:06 +0300	2020-06-30 16:55:34 +0300	2019-07-30 13:59:00 +0300	3a63f12134c244fa86b69fbbccbba3e0	Açık-TRY		Kira tüfe 2000 * üfe 32,34				n	-5390/100	-5390/100	1970-01-01 02:00:00 +0200
===== END
===== START
C	c4d23d0b02b948eca352cc9c6fe4d5f7	7a9575ccd3ff46d59077462b779ae842	2020-06-30 17:16:06 +0300	2020-06-30 16:55:34 +0300	2019-07-30 13:59:00 +0300	a207fcf4af9c400eb69a647726531142	Kira Gecikme üfe		Kira tüfe 2000 * üfe 32,34				n	5390/100	5390/100	1970-01-01 02:00:00 +0200
C	c4d23d0b02b948eca352cc9c6fe4d5f7	496e9e495ea74ed88cde72724ec1ef1f	2020-06-30 17:16:06 +0300	2020-06-30 16:55:34 +0300	2019-07-30 13:59:00 +0300	62cf67902c2f48c28059ec3005e4290f	5 GLR Sny240m2		Kira tüfe 2000 * üfe 32,34				n	-5390/100	-5390/100	1970-01-01 02:00:00 +0200
===== END
===== START
B	28c8bc105623404994f6ef211acc5005	f8a77f7123fb41f19e3b4ba0a1ce7bf9	2020-06-30 17:16:09 +0300	2020-06-30 16:55:40 +0300	2019-08-30 13:59:00 +0300	a207fcf4af9c400eb69a647726531142	Kira Gecikme üfe		Kira tüfe 2000 * üfe 30,51				n	5085/100	5085/100	1970-01-01 02:00:00 +0200
B	28c8bc105623404994f6ef211acc5005	5e06d9a069fe4206a983a18ab783b444	2020-06-30 17:16:09 +0300	2020-06-30 16:55:40 +0300	2019-08-30 13:59:00 +0300	3a63f12134c244fa86b69fbbccbba3e0	Açık-TRY		Kira tüfe 2000 * üfe 30,51				n	-5085/100	-5085/100	1970-01-01 02:00:00 +0200
===== END
===== START
C	28c8bc105623404994f6ef211acc5005	f8a77f7123fb41f19e3b4ba0a1ce7bf9	2020-06-30 17:16:09 +0300	2020-06-30 16:55:40 +0300	2019-08-30 13:59:00 +0300	a207fcf4af9c400eb69a647726531142	Kira Gecikme üfe		Kira tüfe 2000 * üfe 30,51				n	5085/100	5085/100	1970-01-01 02:00:00 +0200
C	28c8bc105623404994f6ef211acc5005	5e06d9a069fe4206a983a18ab783b444	2020-06-30 17:16:09 +0300	2020-06-30 16:55:40 +0300	2019-08-30 13:59:00 +0300	62cf67902c2f48c28059ec3005e4290f	5 GLR Sny240m2		Kira tüfe 2000 * üfe 30,51				n	-5085/100	-5085/100	1970-01-01 02:00:00 +0200
===== END
===== START
B	252c584bbcd24975b63690559887d546	61da689d14f346d7b38dbb682d82ba45	2020-06-30 17:16:12 +0300	2020-06-30 16:56:00 +0300	2019-11-30 13:59:00 +0300	a207fcf4af9c400eb69a647726531142	Kira Gecikme üfe		Kira tüfe 13110  * üfe 19,68				n	21500/100	21500/100	1970-01-01 02:00:00 +0200
B	252c584bbcd24975b63690559887d546	4a7572a3347e41c680bb3dbc592d6f88	2020-06-30 17:16:12 +0300	2020-06-30 16:56:00 +0300	2019-11-30 13:59:00 +0300	3a63f12134c244fa86b69fbbccbba3e0	Açık-TRY		Kira tüfe 13110  * üfe 19,68				n	-21500/100	-21500/100	1970-01-01 02:00:00 +0200
===== END
===== START
C	252c584bbcd24975b63690559887d546	61da689d14f346d7b38dbb682d82ba45	2020-06-30 17:16:12 +0300	2020-06-30 16:56:00 +0300	2019-11-30 13:59:00 +0300	a207fcf4af9c400eb69a647726531142	Kira Gecikme üfe		Kira tüfe 13110  * üfe 19,68				n	21500/100	21500/100	1970-01-01 02:00:00 +0200
C	252c584bbcd24975b63690559887d546	4a7572a3347e41c680bb3dbc592d6f88	2020-06-30 17:16:12 +0300	2020-06-30 16:56:00 +0300	2019-11-30 13:59:00 +0300	62cf67902c2f48c28059ec3005e4290f	5 GLR Sny240m2		Kira tüfe 13110  * üfe 19,68				n	-21500/100	-21500/100	1970-01-01 02:00:00 +0200
===== END
===== START
B	e14a2a4153cb4780a4f2a903f71c496f	57b5f66eae504a618d6fed49736a2cdc	2020-06-30 17:16:17 +0300	2020-06-30 16:56:08 +0300	2019-12-30 13:59:00 +0300	a207fcf4af9c400eb69a647726531142	Kira Gecikme üfe		Kira tüfe 13110 * üfe 17,56				n	19184/100	19184/100	1970-01-01 02:00:00 +0200
B	e14a2a4153cb4780a4f2a903f71c496f	1d280fa5f1ec44e5a8dc047d62324a63	2020-06-30 17:16:17 +0300	2020-06-30 16:56:08 +0300	2019-12-30 13:59:00 +0300	3a63f12134c244fa86b69fbbccbba3e0	Açık-TRY		Kira tüfe 13110 * üfe 17,56				n	-19184/100	-19184/100	1970-01-01 02:00:00 +0200
===== END
===== START
C	e14a2a4153cb4780a4f2a903f71c496f	57b5f66eae504a618d6fed49736a2cdc	2020-06-30 17:16:17 +0300	2020-06-30 16:56:08 +0300	2019-12-30 13:59:00 +0300	a207fcf4af9c400eb69a647726531142	Kira Gecikme üfe		Kira tüfe 13110 * üfe 17,56				n	19184/100	19184/100	1970-01-01 02:00:00 +0200
C	e14a2a4153cb4780a4f2a903f71c496f	1d280fa5f1ec44e5a8dc047d62324a63	2020-06-30 17:16:17 +0300	2020-06-30 16:56:08 +0300	2019-12-30 13:59:00 +0300	62cf67902c2f48c28059ec3005e4290f	5 GLR Sny240m2		Kira tüfe 13110 * üfe 17,56				n	-19184/100	-19184/100	1970-01-01 02:00:00 +0200
===== END
===== START
B	666ba5dce5dd49fb968116d76f542b70	5227e98b0daa45a29f8f8a823cf90ffb	2020-06-30 17:16:23 +0300	2020-06-30 16:56:16 +0300	2020-01-30 13:59:00 +0300	a207fcf4af9c400eb69a647726531142	Kira Gecikme üfe		Kira tüfe 13110 * üfe 15,71				n	17163/100	17163/100	1970-01-01 02:00:00 +0200
B	666ba5dce5dd49fb968116d76f542b70	a20e5045be034fd5ae7d4a262424f8b7	2020-06-30 17:16:23 +0300	2020-06-30 16:56:16 +0300	2020-01-30 13:59:00 +0300	3a63f12134c244fa86b69fbbccbba3e0	Açık-TRY		Kira tüfe 13110 * üfe 15,71				n	-17163/100	-17163/100	1970-01-01 02:00:00 +0200
===== END
===== START
C	666ba5dce5dd49fb968116d76f542b70	5227e98b0daa45a29f8f8a823cf90ffb	2020-06-30 17:16:23 +0300	2020-06-30 16:56:16 +0300	2020-01-30 13:59:00 +0300	a207fcf4af9c400eb69a647726531142	Kira Gecikme üfe		Kira tüfe 13110 * üfe 15,71				n	17163/100	17163/100	1970-01-01 02:00:00 +0200
C	666ba5dce5dd49fb968116d76f542b70	a20e5045be034fd5ae7d4a262424f8b7	2020-06-30 17:16:23 +0300	2020-06-30 16:56:16 +0300	2020-01-30 13:59:00 +0300	62cf67902c2f48c28059ec3005e4290f	5 GLR Sny240m2		Kira tüfe 13110 * üfe 15,71				n	-17163/100	-17163/100	1970-01-01 02:00:00 +0200
===== END
===== START
B	eb11a98b62464551815ceca1ea349d47	df0c10ab669345be84152d357a635aef	2020-06-30 17:16:27 +0300	2020-06-30 16:56:22 +0300	2020-02-28 13:59:00 +0300	a207fcf4af9c400eb69a647726531142	Kira Gecikme üfe		Kira tüfe 13110 * üfe 14,18				n	15492/100	15492/100	1970-01-01 02:00:00 +0200
B	eb11a98b62464551815ceca1ea349d47	5f40f48535684661855393471a66a7c1	2020-06-30 17:16:27 +0300	2020-06-30 16:56:22 +0300	2020-02-28 13:59:00 +0300	3a63f12134c244fa86b69fbbccbba3e0	Açık-TRY		Kira tüfe 13110 * üfe 14,18				n	-15492/100	-15492/100	1970-01-01 02:00:00 +0200
===== END
===== START
C	eb11a98b62464551815ceca1ea349d47	df0c10ab669345be84152d357a635aef	2020-06-30 17:16:27 +0300	2020-06-30 16:56:22 +0300	2020-02-28 13:59:00 +0300	a207fcf4af9c400eb69a647726531142	Kira Gecikme üfe		Kira tüfe 13110 * üfe 14,18				n	15492/100	15492/100	1970-01-01 02:00:00 +0200
C	eb11a98b62464551815ceca1ea349d47	5f40f48535684661855393471a66a7c1	2020-06-30 17:16:27 +0300	2020-06-30 16:56:22 +0300	2020-02-28 13:59:00 +0300	62cf67902c2f48c28059ec3005e4290f	5 GLR Sny240m2		Kira tüfe 13110 * üfe 14,18				n	-15492/100	-15492/100	1970-01-01 02:00:00 +0200
===== END
===== START
B	f3003a671e7546d7b1636b4000328d30	64000a2082964847966120af5b63c66e	2020-06-30 17:16:31 +0300	2020-06-30 16:56:28 +0300	2020-03-30 13:59:00 +0300	a207fcf4af9c400eb69a647726531142	Kira Gecikme üfe		Kira tüfe 13110 * üfe 12,61				n	13776/100	13776/100	1970-01-01 02:00:00 +0200
B	f3003a671e7546d7b1636b4000328d30	4a381b419fb34cda8cb32c7727fb79bf	2020-06-30 17:16:31 +0300	2020-06-30 16:56:28 +0300	2020-03-30 13:59:00 +0300	3a63f12134c244fa86b69fbbccbba3e0	Açık-TRY		Kira tüfe 13110 * üfe 12,61				n	-13776/100	-13776/100	1970-01-01 02:00:00 +0200
===== END
===== START
C	f3003a671e7546d7b1636b4000328d30	64000a2082964847966120af5b63c66e	2020-06-30 17:16:31 +0300	2020-06-30 16:56:28 +0300	2020-03-30 13:59:00 +0300	a207fcf4af9c400eb69a647726531142	Kira Gecikme üfe		Kira tüfe 13110 * üfe 12,61				n	13776/100	13776/100	1970-01-01 02:00:00 +0200
C	f3003a671e7546d7b1636b4000328d30	4a381b419fb34cda8cb32c7727fb79bf	2020-06-30 17:16:31 +0300	2020-06-30 16:56:28 +0300	2020-03-30 13:59:00 +0300	62cf67902c2f48c28059ec3005e4290f	5 GLR Sny240m2		Kira tüfe 13110 * üfe 12,61				n	-13776/100	-13776/100	1970-01-01 02:00:00 +0200
===== END
===== START
B	8f9f0e359a564d649acb13b3190d30ea	0f8a373d60d143fbb2d8def9b1ea7913	2020-06-30 17:16:35 +0300	2020-06-30 16:56:48 +0300	2020-03-30 13:59:00 +0300	a207fcf4af9c400eb69a647726531142	Kira Gecikme üfe		Kira tüfe 8110 * üfe 				n	0/100	0/100	1970-01-01 02:00:00 +0200
B	8f9f0e359a564d649acb13b3190d30ea	73f89af0d8d54984b9f67e9598f5e46b	2020-06-30 17:16:35 +0300	2020-06-30 16:56:48 +0300	2020-03-30 13:59:00 +0300	3a63f12134c244fa86b69fbbccbba3e0	Açık-TRY		Kira tüfe 8110 * üfe 				n	0/100	0/100	1970-01-01 02:00:00 +0200
===== END
===== START
C	8f9f0e359a564d649acb13b3190d30ea	0f8a373d60d143fbb2d8def9b1ea7913	2020-06-30 17:16:35 +0300	2020-06-30 16:56:48 +0300	2020-03-30 13:59:00 +0300	a207fcf4af9c400eb69a647726531142	Kira Gecikme üfe		Kira tüfe 8110 * üfe 				n	0/100	0/100	1970-01-01 02:00:00 +0200
C	8f9f0e359a564d649acb13b3190d30ea	73f89af0d8d54984b9f67e9598f5e46b	2020-06-30 17:16:35 +0300	2020-06-30 16:56:48 +0300	2020-03-30 13:59:00 +0300	62cf67902c2f48c28059ec3005e4290f	5 GLR Sny240m2		Kira tüfe 8110 * üfe 				n	0/100	0/100	1970-01-01 02:00:00 +0200
===== END
===== START
B	c648e4bc02fe48c7964ea486abc26136	16269c671fbd471d86c849679bbe149a	2020-06-30 17:17:07 +0300	2020-06-30 16:56:36 +0300	2020-04-30 13:59:00 +0300	a207fcf4af9c400eb69a647726531142	Kira Gecikme üfe		Kira tüfe 8110 * üfe 10,87				n	7346/100	7346/100	1970-01-01 02:00:00 +0200
B	c648e4bc02fe48c7964ea486abc26136	799f835a4b334666a53126d21cda06cf	2020-06-30 17:17:07 +0300	2020-06-30 16:56:36 +0300	2020-04-30 13:59:00 +0300	3a63f12134c244fa86b69fbbccbba3e0	Açık-TRY		Kira tüfe 8110 * üfe 10,87				n	-7346/100	-7346/100	1970-01-01 02:00:00 +0200
===== END
===== START
C	c648e4bc02fe48c7964ea486abc26136	16269c671fbd471d86c849679bbe149a	2020-06-30 17:17:07 +0300	2020-06-30 16:56:36 +0300	2020-04-30 13:59:00 +0300	a207fcf4af9c400eb69a647726531142	Kira Gecikme üfe		Kira tüfe 8110 * üfe 10,87				n	7346/100	7346/100	1970-01-01 02:00:00 +0200
C	c648e4bc02fe48c7964ea486abc26136	799f835a4b334666a53126d21cda06cf	2020-06-30 17:17:07 +0300	2020-06-30 16:56:36 +0300	2020-04-30 13:59:00 +0300	62cf67902c2f48c28059ec3005e4290f	5 GLR Sny240m2		Kira tüfe 8110 * üfe 10,87				n	-7346/100	-7346/100	1970-01-01 02:00:00 +0200
===== END
===== START
B	771526be1cee401fac1b6fd6d6e50f54	d6250faf00b0426299988a0c02a60061	2020-06-30 17:17:12 +0300	2020-06-30 16:56:41 +0300	2020-05-30 13:59:00 +0300	a207fcf4af9c400eb69a647726531142	Kira Gecikme üfe		Kira tüfe 8110 * üfe 9,14				n	6177/100	6177/100	1970-01-01 02:00:00 +0200
B	771526be1cee401fac1b6fd6d6e50f54	c6be87d2968d44daabc50871a18540c8	2020-06-30 17:17:12 +0300	2020-06-30 16:56:41 +0300	2020-05-30 13:59:00 +0300	3a63f12134c244fa86b69fbbccbba3e0	Açık-TRY		Kira tüfe 8110 * üfe 9,14				n	-6177/100	-6177/100	1970-01-01 02:00:00 +0200
===== END
===== START
C	771526be1cee401fac1b6fd6d6e50f54	d6250faf00b0426299988a0c02a60061	2020-06-30 17:17:12 +0300	2020-06-30 16:56:41 +0300	2020-05-30 13:59:00 +0300	a207fcf4af9c400eb69a647726531142	Kira Gecikme üfe		Kira tüfe 8110 * üfe 9,14				n	6177/100	6177/100	1970-01-01 02:00:00 +0200
C	771526be1cee401fac1b6fd6d6e50f54	c6be87d2968d44daabc50871a18540c8	2020-06-30 17:17:12 +0300	2020-06-30 16:56:41 +0300	2020-05-30 13:59:00 +0300	62cf67902c2f48c28059ec3005e4290f	5 GLR Sny240m2		Kira tüfe 8110 * üfe 9,14				n	-6177/100	-6177/100	1970-01-01 02:00:00 +0200
===== END
===== START
B	8f9f0e359a564d649acb13b3190d30ea	0f8a373d60d143fbb2d8def9b1ea7913	2020-06-30 17:18:09 +0300	2020-06-30 16:56:48 +0300	2020-03-30 13:59:00 +0300	a207fcf4af9c400eb69a647726531142	Kira Gecikme üfe		Kira tüfe 8110 * üfe 				n	0/100	0/100	1970-01-01 02:00:00 +0200
B	8f9f0e359a564d649acb13b3190d30ea	73f89af0d8d54984b9f67e9598f5e46b	2020-06-30 17:18:09 +0300	2020-06-30 16:56:48 +0300	2020-03-30 13:59:00 +0300	62cf67902c2f48c28059ec3005e4290f	5 GLR Sny240m2		Kira tüfe 8110 * üfe 				n	0/100	0/100	1970-01-01 02:00:00 +0200
===== END
===== START
C	8f9f0e359a564d649acb13b3190d30ea	0f8a373d60d143fbb2d8def9b1ea7913	2020-06-30 17:18:09 +0300	2020-06-30 16:56:48 +0300	2020-06-30 13:59:00 +0300	a207fcf4af9c400eb69a647726531142	Kira Gecikme üfe		Kira tüfe 8110 * üfe 				n	0/100	0/100	1970-01-01 02:00:00 +0200
C	8f9f0e359a564d649acb13b3190d30ea	73f89af0d8d54984b9f67e9598f5e46b	2020-06-30 17:18:09 +0300	2020-06-30 16:56:48 +0300	2020-06-30 13:59:00 +0300	62cf67902c2f48c28059ec3005e4290f	5 GLR Sny240m2		Kira tüfe 8110 * üfe 				n	0/100	0/100	1970-01-01 02:00:00 +0200
===== END
===== START
C	5837de28c04f417b9908c438c53dbf5d	fe09344bcd4b4269ba55c00c8c481136	2020-06-30 17:18:50 +0300	2020-06-30 17:18:50 +0300	2020-05-10 13:59:00 +0300	2a6a356bd47a466ba9598900b746b08e	Çedaş						n	0/100	0/100	1970-01-01 02:00:00 +0200
===== END
===== START
===== END
===== START
B	5837de28c04f417b9908c438c53dbf5d	fe09344bcd4b4269ba55c00c8c481136	2020-06-30 17:19:01 +0300	2020-06-30 17:18:50 +0300	2020-05-10 13:59:00 +0300	2a6a356bd47a466ba9598900b746b08e	Çedaş						n	0/100	0/100	1970-01-01 02:00:00 +0200
===== END
===== START
C	5837de28c04f417b9908c438c53dbf5d	fe09344bcd4b4269ba55c00c8c481136	2020-06-30 17:19:01 +0300	2020-06-30 17:18:50 +0300	2020-05-10 13:59:00 +0300	2a6a356bd47a466ba9598900b746b08e	Çedaş		yıkama elektrik ödemesi				n	0/100	0/100	1970-01-01 02:00:00 +0200
===== END
===== START
B	5837de28c04f417b9908c438c53dbf5d	fe09344bcd4b4269ba55c00c8c481136	2020-06-30 17:19:20 +0300	2020-06-30 17:18:50 +0300	2020-05-10 13:59:00 +0300	2a6a356bd47a466ba9598900b746b08e	Çedaş		yıkama elektrik ödemesi				n	0/100	0/100	1970-01-01 02:00:00 +0200
===== END
===== START
C	5837de28c04f417b9908c438c53dbf5d	fe09344bcd4b4269ba55c00c8c481136	2020-06-30 17:19:20 +0300	2020-06-30 17:18:50 +0300	2020-05-10 13:59:00 +0300	2a6a356bd47a466ba9598900b746b08e	Çedaş		yıkama elektrik ödemesi				n	25000/100	25000/100	1970-01-01 02:00:00 +0200
C	5837de28c04f417b9908c438c53dbf5d	d4832495188d432d9d2c480c78410e73	2020-06-30 17:19:20 +0300	2020-06-30 17:18:50 +0300	2020-05-10 13:59:00 +0300	3a63f12134c244fa86b69fbbccbba3e0	Açık-TRY		yıkama elektrik ödemesi				n	-25000/100	-25000/100	1970-01-01 02:00:00 +0200
===== END
===== START
C	e29ac6803e074515b7be8ce2ce47c45c	ccfe80499cca4664a26617261c981d59	2020-06-30 17:19:23 +0300	2020-06-30 17:19:23 +0300	2020-06-10 13:59:00 +0300	2a6a356bd47a466ba9598900b746b08e	Çedaş						n	0/100	0/100	1970-01-01 02:00:00 +0200
===== END
===== START
===== END
===== START
B	e29ac6803e074515b7be8ce2ce47c45c	ccfe80499cca4664a26617261c981d59	2020-06-30 17:20:02 +0300	2020-06-30 17:19:23 +0300	2020-06-10 13:59:00 +0300	2a6a356bd47a466ba9598900b746b08e	Çedaş						n	0/100	0/100	1970-01-01 02:00:00 +0200
===== END
===== START
C	e29ac6803e074515b7be8ce2ce47c45c	ccfe80499cca4664a26617261c981d59	2020-06-30 17:20:02 +0300	2020-06-30 17:19:23 +0300	2020-06-10 13:59:00 +0300	2a6a356bd47a466ba9598900b746b08e	Çedaş		yıkama elektrik ödemesi				n	20000/100	20000/100	1970-01-01 02:00:00 +0200
C	e29ac6803e074515b7be8ce2ce47c45c	eeb312adbdc04b16ac763e2146a0fbcc	2020-06-30 17:20:02 +0300	2020-06-30 17:19:23 +0300	2020-06-10 13:59:00 +0300	3a63f12134c244fa86b69fbbccbba3e0	Açık-TRY		yıkama elektrik ödemesi				n	-20000/100	-20000/100	1970-01-01 02:00:00 +0200
===== END
===== START
B	2cf02ea32743424991c1bd88911cef0c	da79cd2f4ad742b19773e4eb6fd023b8	2020-06-30 17:21:06 +0300	2020-06-30 15:37:32 +0300	2018-12-31 13:59:00 +0300	62cf67902c2f48c28059ec3005e4290f	5 GLR Sny240m2		2019 Çedaş Teminat bedeli				n	90000/100	90000/100	1970-01-01 02:00:00 +0200
B	2cf02ea32743424991c1bd88911cef0c	e25d0985e33e45e7a050fa31039a372e	2020-06-30 17:21:06 +0300	2020-06-30 15:37:32 +0300	2018-12-31 13:59:00 +0300	2a6a356bd47a466ba9598900b746b08e	Çedaş		2019 Çedaş Teminat bedeli				n	-90000/100	-90000/100	1970-01-01 02:00:00 +0200
===== END
===== START
C	2cf02ea32743424991c1bd88911cef0c	da79cd2f4ad742b19773e4eb6fd023b8	2020-06-30 17:21:06 +0300	2020-06-30 15:37:32 +0300	2018-12-31 13:59:00 +0300	62cf67902c2f48c28059ec3005e4290f	5 GLR Sny240m2		2019 Çedaş Teminat bedeli				n	0/100	0/100	1970-01-01 02:00:00 +0200
C	2cf02ea32743424991c1bd88911cef0c	e25d0985e33e45e7a050fa31039a372e	2020-06-30 17:21:06 +0300	2020-06-30 15:37:32 +0300	2018-12-31 13:59:00 +0300	2a6a356bd47a466ba9598900b746b08e	Çedaş		2019 Çedaş Teminat bedeli				n	0/100	0/100	1970-01-01 02:00:00 +0200
===== END
===== START
B	2cf02ea32743424991c1bd88911cef0c	da79cd2f4ad742b19773e4eb6fd023b8	2020-06-30 17:21:10 +0300	2020-06-30 15:37:32 +0300	2018-12-31 13:59:00 +0300	62cf67902c2f48c28059ec3005e4290f	5 GLR Sny240m2		2019 Çedaş Teminat bedeli				n	0/100	0/100	1970-01-01 02:00:00 +0200
B	2cf02ea32743424991c1bd88911cef0c	e25d0985e33e45e7a050fa31039a372e	2020-06-30 17:21:10 +0300	2020-06-30 15:37:32 +0300	2018-12-31 13:59:00 +0300	2a6a356bd47a466ba9598900b746b08e	Çedaş		2019 Çedaş Teminat bedeli				n	0/100	0/100	1970-01-01 02:00:00 +0200
===== END
===== START
C	2cf02ea32743424991c1bd88911cef0c	da79cd2f4ad742b19773e4eb6fd023b8	2020-06-30 17:21:10 +0300	2020-06-30 15:37:32 +0300	2018-12-31 13:59:00 +0300	62cf67902c2f48c28059ec3005e4290f	5 GLR Sny240m2		2019 Çedaş Teminat bedeli				n	-90000/100	-90000/100	1970-01-01 02:00:00 +0200
C	2cf02ea32743424991c1bd88911cef0c	e25d0985e33e45e7a050fa31039a372e	2020-06-30 17:21:10 +0300	2020-06-30 15:37:32 +0300	2018-12-31 13:59:00 +0300	2a6a356bd47a466ba9598900b746b08e	Çedaş		2019 Çedaş Teminat bedeli				n	90000/100	90000/100	1970-01-01 02:00:00 +0200
===== END
===== START
B	6594c11ab16540899bee7a46f0b1e8a1	6a209ee414654bf9bd173cbcf04125cf	2020-06-30 17:21:19 +0300	2020-06-30 15:38:46 +0300	2019-12-30 13:59:00 +0300	62cf67902c2f48c28059ec3005e4290f	5 GLR Sny240m2		2018 teminat gecikme bedeli				n	24309/100	24309/100	1970-01-01 02:00:00 +0200
B	6594c11ab16540899bee7a46f0b1e8a1	97c359877de14836ab4ed2cf19bec00d	2020-06-30 17:21:19 +0300	2020-06-30 15:38:46 +0300	2019-12-30 13:59:00 +0300	2a6a356bd47a466ba9598900b746b08e	Çedaş		2018 teminat gecikme bedeli		2018 aralık üfe % 27,01		n	-24309/100	-24309/100	1970-01-01 02:00:00 +0200
===== END
===== START
C	6594c11ab16540899bee7a46f0b1e8a1	6a209ee414654bf9bd173cbcf04125cf	2020-06-30 17:21:19 +0300	2020-06-30 15:38:46 +0300	2019-12-30 13:59:00 +0300	62cf67902c2f48c28059ec3005e4290f	5 GLR Sny240m2		2018 teminat gecikme bedeli				n	-24309/100	-24309/100	1970-01-01 02:00:00 +0200
C	6594c11ab16540899bee7a46f0b1e8a1	97c359877de14836ab4ed2cf19bec00d	2020-06-30 17:21:19 +0300	2020-06-30 15:38:46 +0300	2019-12-30 13:59:00 +0300	2a6a356bd47a466ba9598900b746b08e	Çedaş		2018 teminat gecikme bedeli		2018 aralık üfe % 27,01		n	24309/100	24309/100	1970-01-01 02:00:00 +0200
===== END
===== START
B	173d160f0f3d49b7afc0d2a6a7a984e2	284ad78e7acb4bcba37b2efd676f8bbc	2020-06-30 17:21:25 +0300	2020-06-30 15:38:12 +0300	2019-12-31 13:59:00 +0300	62cf67902c2f48c28059ec3005e4290f	5 GLR Sny240m2		2020 Çedaş Teminat bedeli				n	110000/100	110000/100	1970-01-01 02:00:00 +0200
B	173d160f0f3d49b7afc0d2a6a7a984e2	3b8bdf1a23fd4addb3aa7d39f16c768f	2020-06-30 17:21:25 +0300	2020-06-30 15:38:12 +0300	2019-12-31 13:59:00 +0300	2a6a356bd47a466ba9598900b746b08e	Çedaş		2020 Çedaş Teminat bedeli				n	-110000/100	-110000/100	1970-01-01 02:00:00 +0200
===== END
===== START
C	173d160f0f3d49b7afc0d2a6a7a984e2	284ad78e7acb4bcba37b2efd676f8bbc	2020-06-30 17:21:25 +0300	2020-06-30 15:38:12 +0300	2019-12-31 13:59:00 +0300	62cf67902c2f48c28059ec3005e4290f	5 GLR Sny240m2		2020 Çedaş Teminat bedeli				n	-110000/100	-110000/100	1970-01-01 02:00:00 +0200
C	173d160f0f3d49b7afc0d2a6a7a984e2	3b8bdf1a23fd4addb3aa7d39f16c768f	2020-06-30 17:21:25 +0300	2020-06-30 15:38:12 +0300	2019-12-31 13:59:00 +0300	2a6a356bd47a466ba9598900b746b08e	Çedaş		2020 Çedaş Teminat bedeli				n	110000/100	110000/100	1970-01-01 02:00:00 +0200
===== END
===== START
B	5837de28c04f417b9908c438c53dbf5d	fe09344bcd4b4269ba55c00c8c481136	2020-06-30 17:21:30 +0300	2020-06-30 17:18:50 +0300	2020-05-10 13:59:00 +0300	2a6a356bd47a466ba9598900b746b08e	Çedaş		yıkama elektrik ödemesi				n	25000/100	25000/100	1970-01-01 02:00:00 +0200
B	5837de28c04f417b9908c438c53dbf5d	d4832495188d432d9d2c480c78410e73	2020-06-30 17:21:30 +0300	2020-06-30 17:18:50 +0300	2020-05-10 13:59:00 +0300	3a63f12134c244fa86b69fbbccbba3e0	Açık-TRY		yıkama elektrik ödemesi				n	-25000/100	-25000/100	1970-01-01 02:00:00 +0200
===== END
===== START
C	5837de28c04f417b9908c438c53dbf5d	fe09344bcd4b4269ba55c00c8c481136	2020-06-30 17:21:30 +0300	2020-06-30 17:18:50 +0300	2020-05-10 13:59:00 +0300	2a6a356bd47a466ba9598900b746b08e	Çedaş		yıkama elektrik ödemesi				n	-25000/100	-25000/100	1970-01-01 02:00:00 +0200
C	5837de28c04f417b9908c438c53dbf5d	d4832495188d432d9d2c480c78410e73	2020-06-30 17:21:30 +0300	2020-06-30 17:18:50 +0300	2020-05-10 13:59:00 +0300	3a63f12134c244fa86b69fbbccbba3e0	Açık-TRY		yıkama elektrik ödemesi				n	25000/100	25000/100	1970-01-01 02:00:00 +0200
===== END
===== START
B	e29ac6803e074515b7be8ce2ce47c45c	ccfe80499cca4664a26617261c981d59	2020-06-30 17:21:34 +0300	2020-06-30 17:19:23 +0300	2020-06-10 13:59:00 +0300	2a6a356bd47a466ba9598900b746b08e	Çedaş		yıkama elektrik ödemesi				n	20000/100	20000/100	1970-01-01 02:00:00 +0200
B	e29ac6803e074515b7be8ce2ce47c45c	eeb312adbdc04b16ac763e2146a0fbcc	2020-06-30 17:21:34 +0300	2020-06-30 17:19:23 +0300	2020-06-10 13:59:00 +0300	3a63f12134c244fa86b69fbbccbba3e0	Açık-TRY		yıkama elektrik ödemesi				n	-20000/100	-20000/100	1970-01-01 02:00:00 +0200
===== END
===== START
C	e29ac6803e074515b7be8ce2ce47c45c	ccfe80499cca4664a26617261c981d59	2020-06-30 17:21:34 +0300	2020-06-30 17:19:23 +0300	2020-06-10 13:59:00 +0300	2a6a356bd47a466ba9598900b746b08e	Çedaş		yıkama elektrik ödemesi				n	-20000/100	-20000/100	1970-01-01 02:00:00 +0200
C	e29ac6803e074515b7be8ce2ce47c45c	eeb312adbdc04b16ac763e2146a0fbcc	2020-06-30 17:21:34 +0300	2020-06-30 17:19:23 +0300	2020-06-10 13:59:00 +0300	3a63f12134c244fa86b69fbbccbba3e0	Açık-TRY		yıkama elektrik ödemesi				n	20000/100	20000/100	1970-01-01 02:00:00 +0200
===== END
===== START
B	4e5bf5dc454843b6abc340e229775ac9	ad1d33ed83dc4f89b25f3460a8829f8e	2020-06-30 17:21:39 +0300	2020-06-30 15:50:51 +0300	2020-12-30 13:59:00 +0300	62cf67902c2f48c28059ec3005e4290f	5 GLR Sny240m2		2018 teminat gecikme bedeli				n	19316/100	19316/100	1970-01-01 02:00:00 +0200
B	4e5bf5dc454843b6abc340e229775ac9	67375095eaa34717a164350bdff7bb08	2020-06-30 17:21:39 +0300	2020-06-30 15:50:51 +0300	2020-12-30 13:59:00 +0300	2a6a356bd47a466ba9598900b746b08e	Çedaş		2018 teminat gecikme bedeli		2018 aralık üfe % 17,56		n	-19316/100	-19316/100	1970-01-01 02:00:00 +0200
===== END
===== START
C	4e5bf5dc454843b6abc340e229775ac9	ad1d33ed83dc4f89b25f3460a8829f8e	2020-06-30 17:21:39 +0300	2020-06-30 15:50:51 +0300	2020-12-30 13:59:00 +0300	62cf67902c2f48c28059ec3005e4290f	5 GLR Sny240m2		2018 teminat gecikme bedeli				n	-19316/100	-19316/100	1970-01-01 02:00:00 +0200
C	4e5bf5dc454843b6abc340e229775ac9	67375095eaa34717a164350bdff7bb08	2020-06-30 17:21:39 +0300	2020-06-30 15:50:51 +0300	2020-12-30 13:59:00 +0300	2a6a356bd47a466ba9598900b746b08e	Çedaş		2018 teminat gecikme bedeli		2018 aralık üfe % 17,56		n	19316/100	19316/100	1970-01-01 02:00:00 +0200
===== END
===== START
B	1a28a2b52b28400e9a06694e03383217	9231220ba3ee4734b971458d38d9938a	2020-06-30 17:22:15 +0300	2020-06-30 15:18:20 +0300	2019-10-15 13:59:00 +0300	b552133f27ab4c9cad6ba2bbca63b69f	240m2 KASA		dursun durmuş noter ihtar I				n	13000/100	13000/100	1970-01-01 02:00:00 +0200
B	1a28a2b52b28400e9a06694e03383217	6e068408ee3445ee81c5b13cb2298b2b	2020-06-30 17:22:15 +0300	2020-06-30 15:18:20 +0300	2019-10-15 13:59:00 +0300	387b456e049641929ce113693e7c9cfd	icra		dursun durmuş noter ihtar I				n	-13000/100	-13000/100	1970-01-01 02:00:00 +0200
===== END
===== START
C	1a28a2b52b28400e9a06694e03383217	9231220ba3ee4734b971458d38d9938a	2020-06-30 17:22:15 +0300	2020-06-30 15:18:20 +0300	2019-10-15 13:59:00 +0300	b552133f27ab4c9cad6ba2bbca63b69f	240m2 KASA		dursun durmuş noter ihtar I				n	-13000/100	-13000/100	1970-01-01 02:00:00 +0200
C	1a28a2b52b28400e9a06694e03383217	6e068408ee3445ee81c5b13cb2298b2b	2020-06-30 17:22:15 +0300	2020-06-30 15:18:20 +0300	2019-10-15 13:59:00 +0300	387b456e049641929ce113693e7c9cfd	icra		dursun durmuş noter ihtar I				n	13000/100	13000/100	1970-01-01 02:00:00 +0200
===== END
===== START
B	41976dddbfd9418cbab2b05a1fb1ebe4	4427ba028ff54a31935d503d7e94adfb	2020-06-30 17:22:19 +0300	2020-06-30 15:19:05 +0300	2019-10-20 13:59:00 +0300	62cf67902c2f48c28059ec3005e4290f	5 GLR Sny240m2		dursun durmuş noter ihtar I				n	20000/100	20000/100	1970-01-01 02:00:00 +0200
B	41976dddbfd9418cbab2b05a1fb1ebe4	cf557e81cb5d45c0be7535b8b100236d	2020-06-30 17:22:19 +0300	2020-06-30 15:19:05 +0300	2019-10-20 13:59:00 +0300	387b456e049641929ce113693e7c9cfd	icra		dursun durmuş noter ihtar I				n	-20000/100	-20000/100	1970-01-01 02:00:00 +0200
===== END
===== START
C	41976dddbfd9418cbab2b05a1fb1ebe4	4427ba028ff54a31935d503d7e94adfb	2020-06-30 17:22:19 +0300	2020-06-30 15:19:05 +0300	2019-10-20 13:59:00 +0300	62cf67902c2f48c28059ec3005e4290f	5 GLR Sny240m2		dursun durmuş noter ihtar I				n	-20000/100	-20000/100	1970-01-01 02:00:00 +0200
C	41976dddbfd9418cbab2b05a1fb1ebe4	cf557e81cb5d45c0be7535b8b100236d	2020-06-30 17:22:19 +0300	2020-06-30 15:19:05 +0300	2019-10-20 13:59:00 +0300	387b456e049641929ce113693e7c9cfd	icra		dursun durmuş noter ihtar I				n	20000/100	20000/100	1970-01-01 02:00:00 +0200
===== END
===== START
B	20dc6aaf79e54c9f9fc6a3f7240e6929	b619054684ad4cdbb207c50b663d3b84	2020-06-30 17:22:22 +0300	2020-06-30 15:19:07 +0300	2019-10-25 13:59:00 +0300	62cf67902c2f48c28059ec3005e4290f	5 GLR Sny240m2		dursun durmuş noter ihtar I				n	5000/100	5000/100	1970-01-01 02:00:00 +0200
B	20dc6aaf79e54c9f9fc6a3f7240e6929	146be8cf086549a7be8cc5c092b3bfa3	2020-06-30 17:22:22 +0300	2020-06-30 15:19:07 +0300	2019-10-25 13:59:00 +0300	387b456e049641929ce113693e7c9cfd	icra		dursun durmuş noter ihtar I				n	-5000/100	-5000/100	1970-01-01 02:00:00 +0200
===== END
===== START
C	20dc6aaf79e54c9f9fc6a3f7240e6929	b619054684ad4cdbb207c50b663d3b84	2020-06-30 17:22:22 +0300	2020-06-30 15:19:07 +0300	2019-10-25 13:59:00 +0300	62cf67902c2f48c28059ec3005e4290f	5 GLR Sny240m2		dursun durmuş noter ihtar I				n	-5000/100	-5000/100	1970-01-01 02:00:00 +0200
C	20dc6aaf79e54c9f9fc6a3f7240e6929	146be8cf086549a7be8cc5c092b3bfa3	2020-06-30 17:22:22 +0300	2020-06-30 15:19:07 +0300	2019-10-25 13:59:00 +0300	387b456e049641929ce113693e7c9cfd	icra		dursun durmuş noter ihtar I				n	5000/100	5000/100	1970-01-01 02:00:00 +0200
===== END
===== START
B	7f0eb77e266d4345affcb18adee83e2c	399305ba775147f787bd82be924ea1e1	2020-06-30 17:22:26 +0300	2020-06-30 15:57:35 +0300	2019-11-11 13:59:00 +0300	62cf67902c2f48c28059ec3005e4290f	5 GLR Sny240m2		Tahliye için icra başvuru				n	15000/100	15000/100	1970-01-01 02:00:00 +0200
B	7f0eb77e266d4345affcb18adee83e2c	0ca571c3f2d849e0bb249918a07c8eb6	2020-06-30 17:22:26 +0300	2020-06-30 15:57:35 +0300	2019-11-11 13:59:00 +0300	387b456e049641929ce113693e7c9cfd	icra		Tahliye için icra başvuru				n	-15000/100	-15000/100	1970-01-01 02:00:00 +0200
===== END
===== START
C	7f0eb77e266d4345affcb18adee83e2c	399305ba775147f787bd82be924ea1e1	2020-06-30 17:22:26 +0300	2020-06-30 15:57:35 +0300	2019-11-11 13:59:00 +0300	62cf67902c2f48c28059ec3005e4290f	5 GLR Sny240m2		Tahliye için icra başvuru				n	-15000/100	-15000/100	1970-01-01 02:00:00 +0200
C	7f0eb77e266d4345affcb18adee83e2c	0ca571c3f2d849e0bb249918a07c8eb6	2020-06-30 17:22:26 +0300	2020-06-30 15:57:35 +0300	2019-11-11 13:59:00 +0300	387b456e049641929ce113693e7c9cfd	icra		Tahliye için icra başvuru				n	15000/100	15000/100	1970-01-01 02:00:00 +0200
===== END
===== START
B	fcf87a8bb20448b0aa6b3bafd01067dd	5245b74767e246b7a58f51734371d75b	2020-06-30 17:22:31 +0300	2020-06-30 15:57:44 +0300	2019-11-11 13:59:00 +0300	62cf67902c2f48c28059ec3005e4290f	5 GLR Sny240m2		maliye damga vergisi				n	50500/100	50500/100	1970-01-01 02:00:00 +0200
B	fcf87a8bb20448b0aa6b3bafd01067dd	48f5e74534a64d16868f47e46bf08ce8	2020-06-30 17:22:31 +0300	2020-06-30 15:57:44 +0300	2019-11-11 13:59:00 +0300	387b456e049641929ce113693e7c9cfd	icra		maliye damga vergisi				n	-50500/100	-50500/100	1970-01-01 02:00:00 +0200
===== END
===== START
C	fcf87a8bb20448b0aa6b3bafd01067dd	5245b74767e246b7a58f51734371d75b	2020-06-30 17:22:31 +0300	2020-06-30 15:57:44 +0300	2019-11-11 13:59:00 +0300	62cf67902c2f48c28059ec3005e4290f	5 GLR Sny240m2		maliye damga vergisi				n	-50500/100	-50500/100	1970-01-01 02:00:00 +0200
C	fcf87a8bb20448b0aa6b3bafd01067dd	48f5e74534a64d16868f47e46bf08ce8	2020-06-30 17:22:31 +0300	2020-06-30 15:57:44 +0300	2019-11-11 13:59:00 +0300	387b456e049641929ce113693e7c9cfd	icra		maliye damga vergisi				n	50500/100	50500/100	1970-01-01 02:00:00 +0200
===== END
===== START
B	024087c6fce54bd0aabcced5600b731b	808983c8551e4faab035e55854fcc0de	2020-06-30 17:22:36 +0300	2020-06-30 15:59:00 +0300	2019-11-29 13:59:00 +0300	62cf67902c2f48c28059ec3005e4290f	5 GLR Sny240m2		icra dairesi tebligat 21-2				n	5000/100	5000/100	1970-01-01 02:00:00 +0200
B	024087c6fce54bd0aabcced5600b731b	7bb82c112bd44d0abf6473eababf74bc	2020-06-30 17:22:36 +0300	2020-06-30 15:59:00 +0300	2019-11-29 13:59:00 +0300	387b456e049641929ce113693e7c9cfd	icra		icra dairesi tebligat 21-2				n	-5000/100	-5000/100	1970-01-01 02:00:00 +0200
===== END
===== START
C	024087c6fce54bd0aabcced5600b731b	808983c8551e4faab035e55854fcc0de	2020-06-30 17:22:36 +0300	2020-06-30 15:59:00 +0300	2019-11-29 13:59:00 +0300	62cf67902c2f48c28059ec3005e4290f	5 GLR Sny240m2		icra dairesi tebligat 21-2				n	-5000/100	-5000/100	1970-01-01 02:00:00 +0200
C	024087c6fce54bd0aabcced5600b731b	7bb82c112bd44d0abf6473eababf74bc	2020-06-30 17:22:36 +0300	2020-06-30 15:59:00 +0300	2019-11-29 13:59:00 +0300	387b456e049641929ce113693e7c9cfd	icra		icra dairesi tebligat 21-2				n	5000/100	5000/100	1970-01-01 02:00:00 +0200
===== END
===== START
===== END
===== START
B	c919b4a2044d463fb628a481c3f4dbe6	aac8e26dfc9c4de5a5dda31b8fc00fb3	2020-06-30 17:24:22 +0300	2019-12-25 10:01:42 +0300	2019-12-25 13:59:00 +0300	77fc17bb76f3477b993b48d95fc32cf0	127 Sny55 Habip Yıldırım		2019-2020 Sny55 Kira Bedeli				n	600000/100	600000/100	1970-01-01 02:00:00 +0200
B	c919b4a2044d463fb628a481c3f4dbe6	e9dde29b43d4422bb8dcedd1257b7231	2020-06-30 17:24:22 +0300	2019-12-25 10:01:42 +0300	2019-12-25 13:59:00 +0300	9ee677e8d3a04ed78d0894f9f03a91c5	1 GLR Sny55		2019-2020 Sny55 Kira Bedeli				n	-600000/100	-600000/100	1970-01-01 02:00:00 +0200
===== END
===== START
C	c919b4a2044d463fb628a481c3f4dbe6	aac8e26dfc9c4de5a5dda31b8fc00fb3	2020-06-30 17:24:22 +0300	2019-12-25 10:01:42 +0300	2019-12-25 13:59:00 +0300	77fc17bb76f3477b993b48d95fc32cf0	127 Sny55 Habip Yıldırım		2019-2020 Sny55 Kira Bedeli				n	400000/100	400000/100	1970-01-01 02:00:00 +0200
C	c919b4a2044d463fb628a481c3f4dbe6	e9dde29b43d4422bb8dcedd1257b7231	2020-06-30 17:24:22 +0300	2019-12-25 10:01:42 +0300	2019-12-25 13:59:00 +0300	9ee677e8d3a04ed78d0894f9f03a91c5	1 GLR Sny55		2019-2020 Sny55 Kira Bedeli				n	-400000/100	-400000/100	1970-01-01 02:00:00 +0200
===== END
===== START
B	cd8568713dd44ed8944feecdfa968d3e	07452b1b33544218968091ef68e1f5ac	2020-06-30 17:24:27 +0300	2019-12-25 10:01:53 +0300	2019-12-25 13:59:00 +0300	9ee677e8d3a04ed78d0894f9f03a91c5	1 GLR Sny55		İndirim				n	200000/100	200000/100	1970-01-01 02:00:00 +0200
B	cd8568713dd44ed8944feecdfa968d3e	a19a5740edd847b4a7c011d34e5275c2	2020-06-30 17:24:27 +0300	2019-12-25 10:01:53 +0300	2019-12-25 13:59:00 +0300	77fc17bb76f3477b993b48d95fc32cf0	127 Sny55 Habip Yıldırım		İndirim				n	-200000/100	-200000/100	1970-01-01 02:00:00 +0200
===== END
===== START
D	cd8568713dd44ed8944feecdfa968d3e	07452b1b33544218968091ef68e1f5ac	2020-06-30 17:24:27 +0300	2019-12-25 10:01:53 +0300	2019-12-25 13:59:00 +0300	9ee677e8d3a04ed78d0894f9f03a91c5	1 GLR Sny55		İndirim				n	200000/100	200000/100	1970-01-01 02:00:00 +0200
D	cd8568713dd44ed8944feecdfa968d3e	a19a5740edd847b4a7c011d34e5275c2	2020-06-30 17:24:27 +0300	2019-12-25 10:01:53 +0300	2019-12-25 13:59:00 +0300	77fc17bb76f3477b993b48d95fc32cf0	127 Sny55 Habip Yıldırım		İndirim				n	-200000/100	-200000/100	1970-01-01 02:00:00 +0200
===== END
===== START
B	54a06a5cc90744cc9278ea365feb3fd6	7fbd62b0bc914ff283bb6e61d7a80c16	2020-06-30 17:24:32 +0300	2019-12-25 15:43:45 +0300	2020-05-24 13:59:00 +0300	77fc17bb76f3477b993b48d95fc32cf0	127 Sny55 Habip Yıldırım		2020 1/8 Sny55 Kira Bedeli				n	100000/100	100000/100	1970-01-01 02:00:00 +0200
B	54a06a5cc90744cc9278ea365feb3fd6	810732b8f8c24758babf4b185eeb041d	2020-06-30 17:24:32 +0300	2019-12-25 15:43:45 +0300	2020-05-24 13:59:00 +0300	9ee677e8d3a04ed78d0894f9f03a91c5	1 GLR Sny55		2020 1/8 Sny55 Kira Bedeli				n	-100000/100	-100000/100	1970-01-01 02:00:00 +0200
===== END
===== START
D	54a06a5cc90744cc9278ea365feb3fd6	7fbd62b0bc914ff283bb6e61d7a80c16	2020-06-30 17:24:32 +0300	2019-12-25 15:43:45 +0300	2020-05-24 13:59:00 +0300	77fc17bb76f3477b993b48d95fc32cf0	127 Sny55 Habip Yıldırım		2020 1/8 Sny55 Kira Bedeli				n	100000/100	100000/100	1970-01-01 02:00:00 +0200
D	54a06a5cc90744cc9278ea365feb3fd6	810732b8f8c24758babf4b185eeb041d	2020-06-30 17:24:32 +0300	2019-12-25 15:43:45 +0300	2020-05-24 13:59:00 +0300	9ee677e8d3a04ed78d0894f9f03a91c5	1 GLR Sny55		2020 1/8 Sny55 Kira Bedeli				n	-100000/100	-100000/100	1970-01-01 02:00:00 +0200
===== END
===== START
B	aee58f151a67454693079dc733657cd8	968bc3bfa9ca4b2e97e655910e5ac446	2020-06-30 17:24:34 +0300	2019-12-25 15:43:45 +0300	2020-06-24 13:59:00 +0300	77fc17bb76f3477b993b48d95fc32cf0	127 Sny55 Habip Yıldırım		2020 1/8 Sny55 Kira Bedeli				n	100000/100	100000/100	1970-01-01 02:00:00 +0200
B	aee58f151a67454693079dc733657cd8	766b525f464b48f9b6a39a75c2cb4b79	2020-06-30 17:24:34 +0300	2019-12-25 15:43:45 +0300	2020-06-24 13:59:00 +0300	9ee677e8d3a04ed78d0894f9f03a91c5	1 GLR Sny55		2020 1/8 Sny55 Kira Bedeli				n	-100000/100	-100000/100	1970-01-01 02:00:00 +0200
===== END
===== START
D	aee58f151a67454693079dc733657cd8	968bc3bfa9ca4b2e97e655910e5ac446	2020-06-30 17:24:34 +0300	2019-12-25 15:43:45 +0300	2020-06-24 13:59:00 +0300	77fc17bb76f3477b993b48d95fc32cf0	127 Sny55 Habip Yıldırım		2020 1/8 Sny55 Kira Bedeli				n	100000/100	100000/100	1970-01-01 02:00:00 +0200
D	aee58f151a67454693079dc733657cd8	766b525f464b48f9b6a39a75c2cb4b79	2020-06-30 17:24:34 +0300	2019-12-25 15:43:45 +0300	2020-06-24 13:59:00 +0300	9ee677e8d3a04ed78d0894f9f03a91c5	1 GLR Sny55		2020 1/8 Sny55 Kira Bedeli				n	-100000/100	-100000/100	1970-01-01 02:00:00 +0200
===== END
