mod	trans_guid	split_guid	time_now	date_entered	date_posted	acc_guid	acc_name	num	description	notes	memo	action	reconciled	amount	value	date_reconciled
-----------------
===== START
C	252c584bbcd24975b63690559887d546	61da689d14f346d7b38dbb682d82ba45	2020-06-30 16:56:00 +0300	2020-06-30 16:56:00 +0300	2019-02-28 13:59:00 +0300	a207fcf4af9c400eb69a647726531142	Kira Gecikme üfe						n	21500/100	21500/100	1970-01-01 02:00:00 +0200
C	252c584bbcd24975b63690559887d546	4a7572a3347e41c680bb3dbc592d6f88	2020-06-30 16:56:00 +0300	2020-06-30 16:56:00 +0300	2019-02-28 13:59:00 +0300	3a63f12134c244fa86b69fbbccbba3e0	Açık-TRY						n	-21500/100	-21500/100	1970-01-01 02:00:00 +0200
===== END
===== START
===== END
===== START
C	e14a2a4153cb4780a4f2a903f71c496f	57b5f66eae504a618d6fed49736a2cdc	2020-06-30 16:56:08 +0300	2020-06-30 16:56:08 +0300	2019-02-28 13:59:00 +0300	a207fcf4af9c400eb69a647726531142	Kira Gecikme üfe						n	19184/100	19184/100	1970-01-01 02:00:00 +0200
C	e14a2a4153cb4780a4f2a903f71c496f	1d280fa5f1ec44e5a8dc047d62324a63	2020-06-30 16:56:08 +0300	2020-06-30 16:56:08 +0300	2019-02-28 13:59:00 +0300	3a63f12134c244fa86b69fbbccbba3e0	Açık-TRY						n	-19184/100	-19184/100	1970-01-01 02:00:00 +0200
===== END
===== START
===== END
===== START
C	666ba5dce5dd49fb968116d76f542b70	5227e98b0daa45a29f8f8a823cf90ffb	2020-06-30 16:56:16 +0300	2020-06-30 16:56:16 +0300	2019-02-28 13:59:00 +0300	a207fcf4af9c400eb69a647726531142	Kira Gecikme üfe						n	17163/100	17163/100	1970-01-01 02:00:00 +0200
C	666ba5dce5dd49fb968116d76f542b70	a20e5045be034fd5ae7d4a262424f8b7	2020-06-30 16:56:16 +0300	2020-06-30 16:56:16 +0300	2019-02-28 13:59:00 +0300	3a63f12134c244fa86b69fbbccbba3e0	Açık-TRY						n	-17163/100	-17163/100	1970-01-01 02:00:00 +0200
===== END
===== START
===== END
===== START
C	eb11a98b62464551815ceca1ea349d47	df0c10ab669345be84152d357a635aef	2020-06-30 16:56:22 +0300	2020-06-30 16:56:22 +0300	2019-02-28 13:59:00 +0300	a207fcf4af9c400eb69a647726531142	Kira Gecikme üfe						n	15492/100	15492/100	1970-01-01 02:00:00 +0200
C	eb11a98b62464551815ceca1ea349d47	5f40f48535684661855393471a66a7c1	2020-06-30 16:56:22 +0300	2020-06-30 16:56:22 +0300	2019-02-28 13:59:00 +0300	3a63f12134c244fa86b69fbbccbba3e0	Açık-TRY						n	-15492/100	-15492/100	1970-01-01 02:00:00 +0200
===== END
===== START
===== END
===== START
C	f3003a671e7546d7b1636b4000328d30	64000a2082964847966120af5b63c66e	2020-06-30 16:56:28 +0300	2020-06-30 16:56:28 +0300	2019-02-28 13:59:00 +0300	a207fcf4af9c400eb69a647726531142	Kira Gecikme üfe						n	13776/100	13776/100	1970-01-01 02:00:00 +0200
C	f3003a671e7546d7b1636b4000328d30	4a381b419fb34cda8cb32c7727fb79bf	2020-06-30 16:56:28 +0300	2020-06-30 16:56:28 +0300	2019-02-28 13:59:00 +0300	3a63f12134c244fa86b69fbbccbba3e0	Açık-TRY						n	-13776/100	-13776/100	1970-01-01 02:00:00 +0200
===== END
===== START
===== END
===== START
C	c648e4bc02fe48c7964ea486abc26136	16269c671fbd471d86c849679bbe149a	2020-06-30 16:56:36 +0300	2020-06-30 16:56:36 +0300	2019-02-28 13:59:00 +0300	a207fcf4af9c400eb69a647726531142	Kira Gecikme üfe						n	7346/100	7346/100	1970-01-01 02:00:00 +0200
C	c648e4bc02fe48c7964ea486abc26136	799f835a4b334666a53126d21cda06cf	2020-06-30 16:56:36 +0300	2020-06-30 16:56:36 +0300	2019-02-28 13:59:00 +0300	3a63f12134c244fa86b69fbbccbba3e0	Açık-TRY						n	-7346/100	-7346/100	1970-01-01 02:00:00 +0200
===== END
===== START
===== END
===== START
C	771526be1cee401fac1b6fd6d6e50f54	d6250faf00b0426299988a0c02a60061	2020-06-30 16:56:41 +0300	2020-06-30 16:56:41 +0300	2019-02-28 13:59:00 +0300	a207fcf4af9c400eb69a647726531142	Kira Gecikme üfe						n	6177/100	6177/100	1970-01-01 02:00:00 +0200
C	771526be1cee401fac1b6fd6d6e50f54	c6be87d2968d44daabc50871a18540c8	2020-06-30 16:56:41 +0300	2020-06-30 16:56:41 +0300	2019-02-28 13:59:00 +0300	3a63f12134c244fa86b69fbbccbba3e0	Açık-TRY						n	-6177/100	-6177/100	1970-01-01 02:00:00 +0200
===== END
===== START
===== END
===== START
C	8f9f0e359a564d649acb13b3190d30ea	0f8a373d60d143fbb2d8def9b1ea7913	2020-06-30 16:56:48 +0300	2020-06-30 16:56:48 +0300	2019-02-28 13:59:00 +0300	a207fcf4af9c400eb69a647726531142	Kira Gecikme üfe						n	5987/100	5987/100	1970-01-01 02:00:00 +0200
C	8f9f0e359a564d649acb13b3190d30ea	73f89af0d8d54984b9f67e9598f5e46b	2020-06-30 16:56:48 +0300	2020-06-30 16:56:48 +0300	2019-02-28 13:59:00 +0300	3a63f12134c244fa86b69fbbccbba3e0	Açık-TRY						n	-5987/100	-5987/100	1970-01-01 02:00:00 +0200
===== END
===== START
===== END
===== START
D	efcc202104294796a81538563a2772f1	aea4ed9e388d45169520de4c9590c14c	2020-06-30 16:57:03 +0300	2020-06-30 16:57:03 +0300	2020-06-30 13:59:00 +0300								n	0/1	0/100	1970-01-01 02:00:00 +0200
===== END
===== START
B	6813514672ac4f5ba5c58dd4ec199670	3aaf733319c7426490c59cf4632dbc41	2020-06-30 17:03:20 +0300	2020-06-30 16:44:09 +0300	2019-02-28 13:59:00 +0300	a207fcf4af9c400eb69a647726531142	Kira Gecikme üfe						n	10390/100	10390/100	1970-01-01 02:00:00 +0200
B	6813514672ac4f5ba5c58dd4ec199670	9adc3081238a4cb4b81a113d1c4a6359	2020-06-30 17:03:20 +0300	2020-06-30 16:44:09 +0300	2019-02-28 13:59:00 +0300	3a63f12134c244fa86b69fbbccbba3e0	Açık-TRY						n	-10390/100	-10390/100	1970-01-01 02:00:00 +0200
===== END
===== START
C	6813514672ac4f5ba5c58dd4ec199670	3aaf733319c7426490c59cf4632dbc41	2020-06-30 17:03:20 +0300	2020-06-30 16:44:09 +0300	2019-03-30 13:59:00 +0300	a207fcf4af9c400eb69a647726531142	Kira Gecikme üfe						n	10390/100	10390/100	1970-01-01 02:00:00 +0200
C	6813514672ac4f5ba5c58dd4ec199670	9adc3081238a4cb4b81a113d1c4a6359	2020-06-30 17:03:20 +0300	2020-06-30 16:44:09 +0300	2019-03-30 13:59:00 +0300	3a63f12134c244fa86b69fbbccbba3e0	Açık-TRY						n	-10390/100	-10390/100	1970-01-01 02:00:00 +0200
===== END
===== START
B	daddaf1d94164e45921257cf2354070a	72d9b854945144258ba78239ed4d2647	2020-06-30 17:03:40 +0300	2020-06-30 16:44:56 +0300	2019-02-28 13:59:00 +0300	a207fcf4af9c400eb69a647726531142	Kira Gecikme üfe						n	10747/100	10747/100	1970-01-01 02:00:00 +0200
B	daddaf1d94164e45921257cf2354070a	2b81940dda854cb296b85b19b759be57	2020-06-30 17:03:40 +0300	2020-06-30 16:44:56 +0300	2019-02-28 13:59:00 +0300	3a63f12134c244fa86b69fbbccbba3e0	Açık-TRY						n	-10747/100	-10747/100	1970-01-01 02:00:00 +0200
===== END
===== START
C	daddaf1d94164e45921257cf2354070a	72d9b854945144258ba78239ed4d2647	2020-06-30 17:03:40 +0300	2020-06-30 16:44:56 +0300	2019-04-30 13:59:00 +0300	a207fcf4af9c400eb69a647726531142	Kira Gecikme üfe						n	10747/100	10747/100	1970-01-01 02:00:00 +0200
C	daddaf1d94164e45921257cf2354070a	2b81940dda854cb296b85b19b759be57	2020-06-30 17:03:40 +0300	2020-06-30 16:44:56 +0300	2019-04-30 13:59:00 +0300	3a63f12134c244fa86b69fbbccbba3e0	Açık-TRY						n	-10747/100	-10747/100	1970-01-01 02:00:00 +0200
===== END
===== START
B	8a4d5e710c5c417381fec1777e1139ab	b615624febb94449906364d0af3f0e58	2020-06-30 17:04:12 +0300	2020-06-30 16:55:22 +0300	2019-02-28 13:59:00 +0300	a207fcf4af9c400eb69a647726531142	Kira Gecikme üfe						n	5468/100	5468/100	1970-01-01 02:00:00 +0200
B	8a4d5e710c5c417381fec1777e1139ab	9dc1aeb82c2042ddb5097bd265fbff00	2020-06-30 17:04:12 +0300	2020-06-30 16:55:22 +0300	2019-02-28 13:59:00 +0300	3a63f12134c244fa86b69fbbccbba3e0	Açık-TRY						n	-5468/100	-5468/100	1970-01-01 02:00:00 +0200
===== END
===== START
C	8a4d5e710c5c417381fec1777e1139ab	b615624febb94449906364d0af3f0e58	2020-06-30 17:04:12 +0300	2020-06-30 16:55:22 +0300	2019-02-28 13:59:00 +0300	a207fcf4af9c400eb69a647726531142	Kira Gecikme üfe		Kira tüfe 4000 * üfe 31,17				n	5468/100	5468/100	1970-01-01 02:00:00 +0200
C	8a4d5e710c5c417381fec1777e1139ab	9dc1aeb82c2042ddb5097bd265fbff00	2020-06-30 17:04:12 +0300	2020-06-30 16:55:22 +0300	2019-02-28 13:59:00 +0300	3a63f12134c244fa86b69fbbccbba3e0	Açık-TRY		Kira tüfe 4000 * üfe 31,17				n	-5468/100	-5468/100	1970-01-01 02:00:00 +0200
===== END
===== START
B	c4d23d0b02b948eca352cc9c6fe4d5f7	7a9575ccd3ff46d59077462b779ae842	2020-06-30 17:04:18 +0300	2020-06-30 16:55:34 +0300	2019-02-28 13:59:00 +0300	a207fcf4af9c400eb69a647726531142	Kira Gecikme üfe						n	5390/100	5390/100	1970-01-01 02:00:00 +0200
B	c4d23d0b02b948eca352cc9c6fe4d5f7	496e9e495ea74ed88cde72724ec1ef1f	2020-06-30 17:04:18 +0300	2020-06-30 16:55:34 +0300	2019-02-28 13:59:00 +0300	3a63f12134c244fa86b69fbbccbba3e0	Açık-TRY						n	-5390/100	-5390/100	1970-01-01 02:00:00 +0200
===== END
===== START
C	c4d23d0b02b948eca352cc9c6fe4d5f7	7a9575ccd3ff46d59077462b779ae842	2020-06-30 17:04:18 +0300	2020-06-30 16:55:34 +0300	2019-02-28 13:59:00 +0300	a207fcf4af9c400eb69a647726531142	Kira Gecikme üfe		Kira tüfe 4000 * üfe 31,17				n	5390/100	5390/100	1970-01-01 02:00:00 +0200
C	c4d23d0b02b948eca352cc9c6fe4d5f7	496e9e495ea74ed88cde72724ec1ef1f	2020-06-30 17:04:18 +0300	2020-06-30 16:55:34 +0300	2019-02-28 13:59:00 +0300	3a63f12134c244fa86b69fbbccbba3e0	Açık-TRY		Kira tüfe 4000 * üfe 31,17				n	-5390/100	-5390/100	1970-01-01 02:00:00 +0200
===== END
===== START
B	f9db559e8eda42ad93b25b576bc5409e	2b878e30ab0a49d393e9793397617d39	2020-06-30 17:04:25 +0300	2020-06-30 16:02:48 +0300	2019-02-28 13:59:00 +0300	a207fcf4af9c400eb69a647726531142	Kira Gecikme üfe		Kira tüfe 4000 * üfe 31,17				n	9990/100	9990/100	1970-01-01 02:00:00 +0200
B	f9db559e8eda42ad93b25b576bc5409e	9a4b61a0ba2542b89ce8256bc9b15e99	2020-06-30 17:04:25 +0300	2020-06-30 16:02:48 +0300	2019-02-28 13:59:00 +0300	62cf67902c2f48c28059ec3005e4290f	5 GLR Sny240m2		Kira tüfe 4000 * üfe 31,17				n	-9990/100	-9990/100	1970-01-01 02:00:00 +0200
===== END
===== START
C	f9db559e8eda42ad93b25b576bc5409e	2b878e30ab0a49d393e9793397617d39	2020-06-30 17:04:25 +0300	2020-06-30 16:02:48 +0300	2019-02-28 13:59:00 +0300	a207fcf4af9c400eb69a647726531142	Kira Gecikme üfe		Kira tüfe 4000 * üfe 29,97				n	9990/100	9990/100	1970-01-01 02:00:00 +0200
C	f9db559e8eda42ad93b25b576bc5409e	9a4b61a0ba2542b89ce8256bc9b15e99	2020-06-30 17:04:25 +0300	2020-06-30 16:02:48 +0300	2019-02-28 13:59:00 +0300	62cf67902c2f48c28059ec3005e4290f	5 GLR Sny240m2		Kira tüfe 4000 * üfe 29,97				n	-9990/100	-9990/100	1970-01-01 02:00:00 +0200
===== END
===== START
B	c4d23d0b02b948eca352cc9c6fe4d5f7	7a9575ccd3ff46d59077462b779ae842	2020-06-30 17:04:35 +0300	2020-06-30 16:55:34 +0300	2019-02-28 13:59:00 +0300	a207fcf4af9c400eb69a647726531142	Kira Gecikme üfe		Kira tüfe 4000 * üfe 31,17				n	5390/100	5390/100	1970-01-01 02:00:00 +0200
B	c4d23d0b02b948eca352cc9c6fe4d5f7	496e9e495ea74ed88cde72724ec1ef1f	2020-06-30 17:04:35 +0300	2020-06-30 16:55:34 +0300	2019-02-28 13:59:00 +0300	3a63f12134c244fa86b69fbbccbba3e0	Açık-TRY		Kira tüfe 4000 * üfe 31,17				n	-5390/100	-5390/100	1970-01-01 02:00:00 +0200
===== END
===== START
C	c4d23d0b02b948eca352cc9c6fe4d5f7	7a9575ccd3ff46d59077462b779ae842	2020-06-30 17:04:35 +0300	2020-06-30 16:55:34 +0300	2019-02-28 13:59:00 +0300	a207fcf4af9c400eb69a647726531142	Kira Gecikme üfe		Kira tüfe 4000 * üfe 32,24				n	5390/100	5390/100	1970-01-01 02:00:00 +0200
C	c4d23d0b02b948eca352cc9c6fe4d5f7	496e9e495ea74ed88cde72724ec1ef1f	2020-06-30 17:04:35 +0300	2020-06-30 16:55:34 +0300	2019-02-28 13:59:00 +0300	3a63f12134c244fa86b69fbbccbba3e0	Açık-TRY		Kira tüfe 4000 * üfe 32,24				n	-5390/100	-5390/100	1970-01-01 02:00:00 +0200
===== END
===== START
B	28c8bc105623404994f6ef211acc5005	f8a77f7123fb41f19e3b4ba0a1ce7bf9	2020-06-30 17:05:23 +0300	2020-06-30 16:55:40 +0300	2019-02-28 13:59:00 +0300	a207fcf4af9c400eb69a647726531142	Kira Gecikme üfe						n	5085/100	5085/100	1970-01-01 02:00:00 +0200
B	28c8bc105623404994f6ef211acc5005	5e06d9a069fe4206a983a18ab783b444	2020-06-30 17:05:23 +0300	2020-06-30 16:55:40 +0300	2019-02-28 13:59:00 +0300	3a63f12134c244fa86b69fbbccbba3e0	Açık-TRY						n	-5085/100	-5085/100	1970-01-01 02:00:00 +0200
===== END
===== START
C	28c8bc105623404994f6ef211acc5005	f8a77f7123fb41f19e3b4ba0a1ce7bf9	2020-06-30 17:05:23 +0300	2020-06-30 16:55:40 +0300	2019-02-28 13:59:00 +0300	a207fcf4af9c400eb69a647726531142	Kira Gecikme üfe		Kira tüfe 2000 * üfe 19,91				n	5085/100	5085/100	1970-01-01 02:00:00 +0200
C	28c8bc105623404994f6ef211acc5005	5e06d9a069fe4206a983a18ab783b444	2020-06-30 17:05:23 +0300	2020-06-30 16:55:40 +0300	2019-02-28 13:59:00 +0300	3a63f12134c244fa86b69fbbccbba3e0	Açık-TRY		Kira tüfe 2000 * üfe 19,91				n	-5085/100	-5085/100	1970-01-01 02:00:00 +0200
===== END
===== START
B	8a4d5e710c5c417381fec1777e1139ab	b615624febb94449906364d0af3f0e58	2020-06-30 17:05:57 +0300	2020-06-30 16:55:22 +0300	2019-02-28 13:59:00 +0300	a207fcf4af9c400eb69a647726531142	Kira Gecikme üfe		Kira tüfe 4000 * üfe 31,17				n	5468/100	5468/100	1970-01-01 02:00:00 +0200
B	8a4d5e710c5c417381fec1777e1139ab	9dc1aeb82c2042ddb5097bd265fbff00	2020-06-30 17:05:57 +0300	2020-06-30 16:55:22 +0300	2019-02-28 13:59:00 +0300	3a63f12134c244fa86b69fbbccbba3e0	Açık-TRY		Kira tüfe 4000 * üfe 31,17				n	-5468/100	-5468/100	1970-01-01 02:00:00 +0200
===== END
===== START
C	8a4d5e710c5c417381fec1777e1139ab	b615624febb94449906364d0af3f0e58	2020-06-30 17:05:57 +0300	2020-06-30 16:55:22 +0300	2019-02-28 13:59:00 +0300	a207fcf4af9c400eb69a647726531142	Kira Gecikme üfe						n	5468/100	5468/100	1970-01-01 02:00:00 +0200
C	8a4d5e710c5c417381fec1777e1139ab	9dc1aeb82c2042ddb5097bd265fbff00	2020-06-30 17:05:57 +0300	2020-06-30 16:55:22 +0300	2019-02-28 13:59:00 +0300	3a63f12134c244fa86b69fbbccbba3e0	Açık-TRY						n	-5468/100	-5468/100	1970-01-01 02:00:00 +0200
===== END
===== START
B	6813514672ac4f5ba5c58dd4ec199670	3aaf733319c7426490c59cf4632dbc41	2020-06-30 17:06:06 +0300	2020-06-30 16:44:09 +0300	2019-03-30 13:59:00 +0300	a207fcf4af9c400eb69a647726531142	Kira Gecikme üfe						n	10390/100	10390/100	1970-01-01 02:00:00 +0200
B	6813514672ac4f5ba5c58dd4ec199670	9adc3081238a4cb4b81a113d1c4a6359	2020-06-30 17:06:06 +0300	2020-06-30 16:44:09 +0300	2019-03-30 13:59:00 +0300	3a63f12134c244fa86b69fbbccbba3e0	Açık-TRY						n	-10390/100	-10390/100	1970-01-01 02:00:00 +0200
===== END
===== START
C	6813514672ac4f5ba5c58dd4ec199670	3aaf733319c7426490c59cf4632dbc41	2020-06-30 17:06:06 +0300	2020-06-30 16:44:09 +0300	2019-03-30 13:59:00 +0300	a207fcf4af9c400eb69a647726531142	Kira Gecikme üfe		Kira tüfe 4000 * üfe 31,17				n	10390/100	10390/100	1970-01-01 02:00:00 +0200
C	6813514672ac4f5ba5c58dd4ec199670	9adc3081238a4cb4b81a113d1c4a6359	2020-06-30 17:06:06 +0300	2020-06-30 16:44:09 +0300	2019-03-30 13:59:00 +0300	3a63f12134c244fa86b69fbbccbba3e0	Açık-TRY		Kira tüfe 4000 * üfe 31,17				n	-10390/100	-10390/100	1970-01-01 02:00:00 +0200
===== END
===== START
B	c4d23d0b02b948eca352cc9c6fe4d5f7	7a9575ccd3ff46d59077462b779ae842	2020-06-30 17:06:24 +0300	2020-06-30 16:55:34 +0300	2019-02-28 13:59:00 +0300	a207fcf4af9c400eb69a647726531142	Kira Gecikme üfe		Kira tüfe 4000 * üfe 32,24				n	5390/100	5390/100	1970-01-01 02:00:00 +0200
B	c4d23d0b02b948eca352cc9c6fe4d5f7	496e9e495ea74ed88cde72724ec1ef1f	2020-06-30 17:06:24 +0300	2020-06-30 16:55:34 +0300	2019-02-28 13:59:00 +0300	3a63f12134c244fa86b69fbbccbba3e0	Açık-TRY		Kira tüfe 4000 * üfe 32,24				n	-5390/100	-5390/100	1970-01-01 02:00:00 +0200
===== END
===== START
C	c4d23d0b02b948eca352cc9c6fe4d5f7	7a9575ccd3ff46d59077462b779ae842	2020-06-30 17:06:24 +0300	2020-06-30 16:55:34 +0300	2019-02-28 13:59:00 +0300	a207fcf4af9c400eb69a647726531142	Kira Gecikme üfe						n	5390/100	5390/100	1970-01-01 02:00:00 +0200
C	c4d23d0b02b948eca352cc9c6fe4d5f7	496e9e495ea74ed88cde72724ec1ef1f	2020-06-30 17:06:24 +0300	2020-06-30 16:55:34 +0300	2019-02-28 13:59:00 +0300	3a63f12134c244fa86b69fbbccbba3e0	Açık-TRY						n	-5390/100	-5390/100	1970-01-01 02:00:00 +0200
===== END
===== START
B	daddaf1d94164e45921257cf2354070a	72d9b854945144258ba78239ed4d2647	2020-06-30 17:06:33 +0300	2020-06-30 16:44:56 +0300	2019-04-30 13:59:00 +0300	a207fcf4af9c400eb69a647726531142	Kira Gecikme üfe						n	10747/100	10747/100	1970-01-01 02:00:00 +0200
B	daddaf1d94164e45921257cf2354070a	2b81940dda854cb296b85b19b759be57	2020-06-30 17:06:33 +0300	2020-06-30 16:44:56 +0300	2019-04-30 13:59:00 +0300	3a63f12134c244fa86b69fbbccbba3e0	Açık-TRY						n	-10747/100	-10747/100	1970-01-01 02:00:00 +0200
===== END
===== START
C	daddaf1d94164e45921257cf2354070a	72d9b854945144258ba78239ed4d2647	2020-06-30 17:06:33 +0300	2020-06-30 16:44:56 +0300	2019-04-30 13:59:00 +0300	a207fcf4af9c400eb69a647726531142	Kira Gecikme üfe		Kira tüfe 4000 * üfe 32,24				n	10747/100	10747/100	1970-01-01 02:00:00 +0200
C	daddaf1d94164e45921257cf2354070a	2b81940dda854cb296b85b19b759be57	2020-06-30 17:06:33 +0300	2020-06-30 16:44:56 +0300	2019-04-30 13:59:00 +0300	3a63f12134c244fa86b69fbbccbba3e0	Açık-TRY		Kira tüfe 4000 * üfe 32,24				n	-10747/100	-10747/100	1970-01-01 02:00:00 +0200
===== END
===== START
B	28c8bc105623404994f6ef211acc5005	f8a77f7123fb41f19e3b4ba0a1ce7bf9	2020-06-30 17:07:54 +0300	2020-06-30 16:55:40 +0300	2019-02-28 13:59:00 +0300	a207fcf4af9c400eb69a647726531142	Kira Gecikme üfe		Kira tüfe 2000 * üfe 19,91				n	5085/100	5085/100	1970-01-01 02:00:00 +0200
B	28c8bc105623404994f6ef211acc5005	5e06d9a069fe4206a983a18ab783b444	2020-06-30 17:07:54 +0300	2020-06-30 16:55:40 +0300	2019-02-28 13:59:00 +0300	3a63f12134c244fa86b69fbbccbba3e0	Açık-TRY		Kira tüfe 2000 * üfe 19,91				n	-5085/100	-5085/100	1970-01-01 02:00:00 +0200
===== END
===== START
C	28c8bc105623404994f6ef211acc5005	f8a77f7123fb41f19e3b4ba0a1ce7bf9	2020-06-30 17:07:54 +0300	2020-06-30 16:55:40 +0300	2019-02-28 13:59:00 +0300	a207fcf4af9c400eb69a647726531142	Kira Gecikme üfe						n	5085/100	5085/100	1970-01-01 02:00:00 +0200
C	28c8bc105623404994f6ef211acc5005	5e06d9a069fe4206a983a18ab783b444	2020-06-30 17:07:54 +0300	2020-06-30 16:55:40 +0300	2019-02-28 13:59:00 +0300	3a63f12134c244fa86b69fbbccbba3e0	Açık-TRY						n	-5085/100	-5085/100	1970-01-01 02:00:00 +0200
===== END
===== START
C	62c5001aef3b4923a3ef8fbe84796988	a77a73b5eb3d40599374695911055b89	2020-06-30 17:08:01 +0300	2020-06-30 17:08:01 +0300	2019-02-28 13:59:00 +0300	a207fcf4af9c400eb69a647726531142	Kira Gecikme üfe		Kira tüfe 2000 * üfe 19,91				n	3318/100	3318/100	1970-01-01 02:00:00 +0200
C	62c5001aef3b4923a3ef8fbe84796988	b2725e8c55134e33a1d75ccc6bfee4b5	2020-06-30 17:08:01 +0300	2020-06-30 17:08:01 +0300	2019-02-28 13:59:00 +0300	3a63f12134c244fa86b69fbbccbba3e0	Açık-TRY		Kira tüfe 2000 * üfe 19,91				n	-3318/100	-3318/100	1970-01-01 02:00:00 +0200
===== END
===== START
===== END
===== START
B	62c5001aef3b4923a3ef8fbe84796988	a77a73b5eb3d40599374695911055b89	2020-06-30 17:08:13 +0300	2020-06-30 17:08:01 +0300	2019-02-28 13:59:00 +0300	a207fcf4af9c400eb69a647726531142	Kira Gecikme üfe		Kira tüfe 2000 * üfe 19,91				n	3318/100	3318/100	1970-01-01 02:00:00 +0200
B	62c5001aef3b4923a3ef8fbe84796988	b2725e8c55134e33a1d75ccc6bfee4b5	2020-06-30 17:08:13 +0300	2020-06-30 17:08:01 +0300	2019-02-28 13:59:00 +0300	3a63f12134c244fa86b69fbbccbba3e0	Açık-TRY		Kira tüfe 2000 * üfe 19,91				n	-3318/100	-3318/100	1970-01-01 02:00:00 +0200
===== END
===== START
C	62c5001aef3b4923a3ef8fbe84796988	a77a73b5eb3d40599374695911055b89	2020-06-30 17:08:13 +0300	2020-06-30 17:08:01 +0300	2019-05-30 13:59:00 +0300	a207fcf4af9c400eb69a647726531142	Kira Gecikme üfe		Kira tüfe 2000 * üfe 19,91				n	3318/100	3318/100	1970-01-01 02:00:00 +0200
C	62c5001aef3b4923a3ef8fbe84796988	b2725e8c55134e33a1d75ccc6bfee4b5	2020-06-30 17:08:13 +0300	2020-06-30 17:08:01 +0300	2019-05-30 13:59:00 +0300	3a63f12134c244fa86b69fbbccbba3e0	Açık-TRY		Kira tüfe 2000 * üfe 19,91				n	-3318/100	-3318/100	1970-01-01 02:00:00 +0200
===== END
===== START
B	8a4d5e710c5c417381fec1777e1139ab	b615624febb94449906364d0af3f0e58	2020-06-30 17:08:34 +0300	2020-06-30 16:55:22 +0300	2019-02-28 13:59:00 +0300	a207fcf4af9c400eb69a647726531142	Kira Gecikme üfe						n	5468/100	5468/100	1970-01-01 02:00:00 +0200
B	8a4d5e710c5c417381fec1777e1139ab	9dc1aeb82c2042ddb5097bd265fbff00	2020-06-30 17:08:34 +0300	2020-06-30 16:55:22 +0300	2019-02-28 13:59:00 +0300	3a63f12134c244fa86b69fbbccbba3e0	Açık-TRY						n	-5468/100	-5468/100	1970-01-01 02:00:00 +0200
===== END
===== START
C	8a4d5e710c5c417381fec1777e1139ab	b615624febb94449906364d0af3f0e58	2020-06-30 17:08:34 +0300	2020-06-30 16:55:22 +0300	2019-02-28 13:59:00 +0300	a207fcf4af9c400eb69a647726531142	Kira Gecikme üfe		Kira tüfe 2000 * üfe 32,81				n	5468/100	5468/100	1970-01-01 02:00:00 +0200
C	8a4d5e710c5c417381fec1777e1139ab	9dc1aeb82c2042ddb5097bd265fbff00	2020-06-30 17:08:34 +0300	2020-06-30 16:55:22 +0300	2019-02-28 13:59:00 +0300	3a63f12134c244fa86b69fbbccbba3e0	Açık-TRY		Kira tüfe 2000 * üfe 32,81				n	-5468/100	-5468/100	1970-01-01 02:00:00 +0200
===== END
===== START
B	8a4d5e710c5c417381fec1777e1139ab	b615624febb94449906364d0af3f0e58	2020-06-30 17:08:40 +0300	2020-06-30 16:55:22 +0300	2019-02-28 13:59:00 +0300	a207fcf4af9c400eb69a647726531142	Kira Gecikme üfe		Kira tüfe 2000 * üfe 32,81				n	5468/100	5468/100	1970-01-01 02:00:00 +0200
B	8a4d5e710c5c417381fec1777e1139ab	9dc1aeb82c2042ddb5097bd265fbff00	2020-06-30 17:08:40 +0300	2020-06-30 16:55:22 +0300	2019-02-28 13:59:00 +0300	3a63f12134c244fa86b69fbbccbba3e0	Açık-TRY		Kira tüfe 2000 * üfe 32,81				n	-5468/100	-5468/100	1970-01-01 02:00:00 +0200
===== END
===== START
C	8a4d5e710c5c417381fec1777e1139ab	b615624febb94449906364d0af3f0e58	2020-06-30 17:08:40 +0300	2020-06-30 16:55:22 +0300	2019-06-30 13:59:00 +0300	a207fcf4af9c400eb69a647726531142	Kira Gecikme üfe		Kira tüfe 2000 * üfe 32,81				n	5468/100	5468/100	1970-01-01 02:00:00 +0200
C	8a4d5e710c5c417381fec1777e1139ab	9dc1aeb82c2042ddb5097bd265fbff00	2020-06-30 17:08:40 +0300	2020-06-30 16:55:22 +0300	2019-06-30 13:59:00 +0300	3a63f12134c244fa86b69fbbccbba3e0	Açık-TRY		Kira tüfe 2000 * üfe 32,81				n	-5468/100	-5468/100	1970-01-01 02:00:00 +0200
===== END
===== START
B	c4d23d0b02b948eca352cc9c6fe4d5f7	7a9575ccd3ff46d59077462b779ae842	2020-06-30 17:08:52 +0300	2020-06-30 16:55:34 +0300	2019-02-28 13:59:00 +0300	a207fcf4af9c400eb69a647726531142	Kira Gecikme üfe						n	5390/100	5390/100	1970-01-01 02:00:00 +0200
B	c4d23d0b02b948eca352cc9c6fe4d5f7	496e9e495ea74ed88cde72724ec1ef1f	2020-06-30 17:08:52 +0300	2020-06-30 16:55:34 +0300	2019-02-28 13:59:00 +0300	3a63f12134c244fa86b69fbbccbba3e0	Açık-TRY						n	-5390/100	-5390/100	1970-01-01 02:00:00 +0200
===== END
===== START
C	c4d23d0b02b948eca352cc9c6fe4d5f7	7a9575ccd3ff46d59077462b779ae842	2020-06-30 17:08:52 +0300	2020-06-30 16:55:34 +0300	2019-07-30 13:59:00 +0300	a207fcf4af9c400eb69a647726531142	Kira Gecikme üfe						n	5390/100	5390/100	1970-01-01 02:00:00 +0200
C	c4d23d0b02b948eca352cc9c6fe4d5f7	496e9e495ea74ed88cde72724ec1ef1f	2020-06-30 17:08:52 +0300	2020-06-30 16:55:34 +0300	2019-07-30 13:59:00 +0300	3a63f12134c244fa86b69fbbccbba3e0	Açık-TRY						n	-5390/100	-5390/100	1970-01-01 02:00:00 +0200
===== END
===== START
B	28c8bc105623404994f6ef211acc5005	f8a77f7123fb41f19e3b4ba0a1ce7bf9	2020-06-30 17:09:05 +0300	2020-06-30 16:55:40 +0300	2019-02-28 13:59:00 +0300	a207fcf4af9c400eb69a647726531142	Kira Gecikme üfe						n	5085/100	5085/100	1970-01-01 02:00:00 +0200
B	28c8bc105623404994f6ef211acc5005	5e06d9a069fe4206a983a18ab783b444	2020-06-30 17:09:05 +0300	2020-06-30 16:55:40 +0300	2019-02-28 13:59:00 +0300	3a63f12134c244fa86b69fbbccbba3e0	Açık-TRY						n	-5085/100	-5085/100	1970-01-01 02:00:00 +0200
===== END
===== START
C	28c8bc105623404994f6ef211acc5005	f8a77f7123fb41f19e3b4ba0a1ce7bf9	2020-06-30 17:09:05 +0300	2020-06-30 16:55:40 +0300	2019-08-30 13:59:00 +0300	a207fcf4af9c400eb69a647726531142	Kira Gecikme üfe						n	5085/100	5085/100	1970-01-01 02:00:00 +0200
C	28c8bc105623404994f6ef211acc5005	5e06d9a069fe4206a983a18ab783b444	2020-06-30 17:09:05 +0300	2020-06-30 16:55:40 +0300	2019-08-30 13:59:00 +0300	3a63f12134c244fa86b69fbbccbba3e0	Açık-TRY						n	-5085/100	-5085/100	1970-01-01 02:00:00 +0200
===== END
===== START
B	28c8bc105623404994f6ef211acc5005	f8a77f7123fb41f19e3b4ba0a1ce7bf9	2020-06-30 17:09:37 +0300	2020-06-30 16:55:40 +0300	2019-08-30 13:59:00 +0300	a207fcf4af9c400eb69a647726531142	Kira Gecikme üfe						n	5085/100	5085/100	1970-01-01 02:00:00 +0200
B	28c8bc105623404994f6ef211acc5005	5e06d9a069fe4206a983a18ab783b444	2020-06-30 17:09:37 +0300	2020-06-30 16:55:40 +0300	2019-08-30 13:59:00 +0300	3a63f12134c244fa86b69fbbccbba3e0	Açık-TRY						n	-5085/100	-5085/100	1970-01-01 02:00:00 +0200
===== END
===== START
C	28c8bc105623404994f6ef211acc5005	f8a77f7123fb41f19e3b4ba0a1ce7bf9	2020-06-30 17:09:37 +0300	2020-06-30 16:55:40 +0300	2019-08-30 13:59:00 +0300	a207fcf4af9c400eb69a647726531142	Kira Gecikme üfe		Kira tüfe 2000 * üfe 30,51				n	5085/100	5085/100	1970-01-01 02:00:00 +0200
C	28c8bc105623404994f6ef211acc5005	5e06d9a069fe4206a983a18ab783b444	2020-06-30 17:09:37 +0300	2020-06-30 16:55:40 +0300	2019-08-30 13:59:00 +0300	3a63f12134c244fa86b69fbbccbba3e0	Açık-TRY		Kira tüfe 2000 * üfe 30,51				n	-5085/100	-5085/100	1970-01-01 02:00:00 +0200
===== END
===== START
B	c4d23d0b02b948eca352cc9c6fe4d5f7	7a9575ccd3ff46d59077462b779ae842	2020-06-30 17:09:48 +0300	2020-06-30 16:55:34 +0300	2019-07-30 13:59:00 +0300	a207fcf4af9c400eb69a647726531142	Kira Gecikme üfe						n	5390/100	5390/100	1970-01-01 02:00:00 +0200
B	c4d23d0b02b948eca352cc9c6fe4d5f7	496e9e495ea74ed88cde72724ec1ef1f	2020-06-30 17:09:48 +0300	2020-06-30 16:55:34 +0300	2019-07-30 13:59:00 +0300	3a63f12134c244fa86b69fbbccbba3e0	Açık-TRY						n	-5390/100	-5390/100	1970-01-01 02:00:00 +0200
===== END
===== START
C	c4d23d0b02b948eca352cc9c6fe4d5f7	7a9575ccd3ff46d59077462b779ae842	2020-06-30 17:09:48 +0300	2020-06-30 16:55:34 +0300	2019-07-30 13:59:00 +0300	a207fcf4af9c400eb69a647726531142	Kira Gecikme üfe		Kira tüfe 2000 * üfe 32,34				n	5390/100	5390/100	1970-01-01 02:00:00 +0200
C	c4d23d0b02b948eca352cc9c6fe4d5f7	496e9e495ea74ed88cde72724ec1ef1f	2020-06-30 17:09:48 +0300	2020-06-30 16:55:34 +0300	2019-07-30 13:59:00 +0300	3a63f12134c244fa86b69fbbccbba3e0	Açık-TRY		Kira tüfe 2000 * üfe 32,34				n	-5390/100	-5390/100	1970-01-01 02:00:00 +0200
===== END
===== START
B	252c584bbcd24975b63690559887d546	61da689d14f346d7b38dbb682d82ba45	2020-06-30 17:10:40 +0300	2020-06-30 16:56:00 +0300	2019-02-28 13:59:00 +0300	a207fcf4af9c400eb69a647726531142	Kira Gecikme üfe						n	21500/100	21500/100	1970-01-01 02:00:00 +0200
B	252c584bbcd24975b63690559887d546	4a7572a3347e41c680bb3dbc592d6f88	2020-06-30 17:10:40 +0300	2020-06-30 16:56:00 +0300	2019-02-28 13:59:00 +0300	3a63f12134c244fa86b69fbbccbba3e0	Açık-TRY						n	-21500/100	-21500/100	1970-01-01 02:00:00 +0200
===== END
===== START
C	252c584bbcd24975b63690559887d546	61da689d14f346d7b38dbb682d82ba45	2020-06-30 17:10:40 +0300	2020-06-30 16:56:00 +0300	2019-02-28 13:59:00 +0300	a207fcf4af9c400eb69a647726531142	Kira Gecikme üfe		Kira tüfe 13110  * üfe 19,68				n	21500/100	21500/100	1970-01-01 02:00:00 +0200
C	252c584bbcd24975b63690559887d546	4a7572a3347e41c680bb3dbc592d6f88	2020-06-30 17:10:40 +0300	2020-06-30 16:56:00 +0300	2019-02-28 13:59:00 +0300	3a63f12134c244fa86b69fbbccbba3e0	Açık-TRY		Kira tüfe 13110  * üfe 19,68				n	-21500/100	-21500/100	1970-01-01 02:00:00 +0200
===== END
===== START
B	252c584bbcd24975b63690559887d546	61da689d14f346d7b38dbb682d82ba45	2020-06-30 17:10:47 +0300	2020-06-30 16:56:00 +0300	2019-02-28 13:59:00 +0300	a207fcf4af9c400eb69a647726531142	Kira Gecikme üfe		Kira tüfe 13110  * üfe 19,68				n	21500/100	21500/100	1970-01-01 02:00:00 +0200
B	252c584bbcd24975b63690559887d546	4a7572a3347e41c680bb3dbc592d6f88	2020-06-30 17:10:47 +0300	2020-06-30 16:56:00 +0300	2019-02-28 13:59:00 +0300	3a63f12134c244fa86b69fbbccbba3e0	Açık-TRY		Kira tüfe 13110  * üfe 19,68				n	-21500/100	-21500/100	1970-01-01 02:00:00 +0200
===== END
===== START
C	252c584bbcd24975b63690559887d546	61da689d14f346d7b38dbb682d82ba45	2020-06-30 17:10:47 +0300	2020-06-30 16:56:00 +0300	2019-11-30 13:59:00 +0300	a207fcf4af9c400eb69a647726531142	Kira Gecikme üfe		Kira tüfe 13110  * üfe 19,68				n	21500/100	21500/100	1970-01-01 02:00:00 +0200
C	252c584bbcd24975b63690559887d546	4a7572a3347e41c680bb3dbc592d6f88	2020-06-30 17:10:47 +0300	2020-06-30 16:56:00 +0300	2019-11-30 13:59:00 +0300	3a63f12134c244fa86b69fbbccbba3e0	Açık-TRY		Kira tüfe 13110  * üfe 19,68				n	-21500/100	-21500/100	1970-01-01 02:00:00 +0200
===== END
