mod	trans_guid	split_guid	time_now	date_entered	date_posted	acc_guid	acc_name	num	description	notes	memo	action	reconciled	amount	value	date_reconciled
-----------------
===== START
B	9d68ac9c940b4145b6e2aa9254782798	1d01c4e83b8c4342bd544d8ff2434eb6	2020-04-28 16:29:45 +0300	2020-04-28 16:20:15 +0300	2019-11-29 13:59:00 +0300	b5c86390d3244c54a84665ddd07f7f17	127 SNY240 Dursun Durmuş		İCRA DAİRESİ BAŞVURU PUL				n	15000/100	15000/100	1970-01-01 02:00:00 +0200
B	9d68ac9c940b4145b6e2aa9254782798	768eed64b9f04323a76c5f2fee2fc24d	2020-04-28 16:29:45 +0300	2020-04-28 16:20:15 +0300	2019-11-29 13:59:00 +0300	3a63f12134c244fa86b69fbbccbba3e0	Açık-TRY		İCRA DAİRESİ BAŞVURU PUL				n	-15000/100	-15000/100	1970-01-01 02:00:00 +0200
===== END
===== START
C	9d68ac9c940b4145b6e2aa9254782798	1d01c4e83b8c4342bd544d8ff2434eb6	2020-04-28 16:29:45 +0300	2020-04-28 16:20:15 +0300	2019-11-29 13:59:00 +0300	b5c86390d3244c54a84665ddd07f7f17	127 SNY240 Dursun Durmuş		İCRA DAİRESİ BAŞVURU PUL				n	0/100	0/100	1970-01-01 02:00:00 +0200
C	9d68ac9c940b4145b6e2aa9254782798	768eed64b9f04323a76c5f2fee2fc24d	2020-04-28 16:29:45 +0300	2020-04-28 16:20:15 +0300	2019-11-29 13:59:00 +0300	b552133f27ab4c9cad6ba2bbca63b69f	240m2 KASA		İCRA DAİRESİ BAŞVURU PUL				n	0/100	0/100	1970-01-01 02:00:00 +0200
===== END
===== START
C	7b68ba3e8eb64467bb657820cca3d661	10d75a9850114672b8e07481b705cb9d	2020-04-28 16:29:51 +0300	2020-04-28 16:29:51 +0300	2019-10-25 13:59:00 +0300	b5c86390d3244c54a84665ddd07f7f17	127 SNY240 Dursun Durmuş						n	0/100	0/100	1970-01-01 02:00:00 +0200
===== END
===== START
===== END
===== START
B	7b68ba3e8eb64467bb657820cca3d661	10d75a9850114672b8e07481b705cb9d	2020-04-28 16:30:00 +0300	2020-04-28 16:29:51 +0300	2019-10-25 13:59:00 +0300	b5c86390d3244c54a84665ddd07f7f17	127 SNY240 Dursun Durmuş						n	0/100	0/100	1970-01-01 02:00:00 +0200
===== END
===== START
C	7b68ba3e8eb64467bb657820cca3d661	10d75a9850114672b8e07481b705cb9d	2020-04-28 16:30:00 +0300	2020-04-28 16:29:51 +0300	2019-10-25 13:59:00 +0300	b5c86390d3244c54a84665ddd07f7f17	127 SNY240 Dursun Durmuş						n	110000/100	110000/100	1970-01-01 02:00:00 +0200
C	7b68ba3e8eb64467bb657820cca3d661	79a52dc8923e42eaa29786adddefa6ee	2020-04-28 16:30:00 +0300	2020-04-28 16:29:51 +0300	2019-10-25 13:59:00 +0300	3a63f12134c244fa86b69fbbccbba3e0	Açık-TRY						n	-110000/100	-110000/100	1970-01-01 02:00:00 +0200
===== END
===== START
B	7b68ba3e8eb64467bb657820cca3d661	10d75a9850114672b8e07481b705cb9d	2020-04-28 16:30:33 +0300	2020-04-28 16:29:51 +0300	2019-10-25 13:59:00 +0300	b5c86390d3244c54a84665ddd07f7f17	127 SNY240 Dursun Durmuş						n	110000/100	110000/100	1970-01-01 02:00:00 +0200
B	7b68ba3e8eb64467bb657820cca3d661	79a52dc8923e42eaa29786adddefa6ee	2020-04-28 16:30:33 +0300	2020-04-28 16:29:51 +0300	2019-10-25 13:59:00 +0300	3a63f12134c244fa86b69fbbccbba3e0	Açık-TRY						n	-110000/100	-110000/100	1970-01-01 02:00:00 +0200
===== END
===== START
C	7b68ba3e8eb64467bb657820cca3d661	10d75a9850114672b8e07481b705cb9d	2020-04-28 16:30:33 +0300	2020-04-28 16:29:51 +0300	2019-10-25 13:59:00 +0300	b5c86390d3244c54a84665ddd07f7f17	127 SNY240 Dursun Durmuş		SANAYİ ELEKETRİK TEMİNAT BEDELİ				n	110000/100	110000/100	1970-01-01 02:00:00 +0200
C	7b68ba3e8eb64467bb657820cca3d661	79a52dc8923e42eaa29786adddefa6ee	2020-04-28 16:30:33 +0300	2020-04-28 16:29:51 +0300	2019-10-25 13:59:00 +0300	3aa1ec8129524dc2bd8d898c2c0ecfcf	Ort. SM		SANAYİ ELEKETRİK TEMİNAT BEDELİ				n	-110000/100	-110000/100	1970-01-01 02:00:00 +0200
===== END
===== START
B	9d68ac9c940b4145b6e2aa9254782798	1d01c4e83b8c4342bd544d8ff2434eb6	2020-04-28 16:35:02 +0300	2020-04-28 16:20:15 +0300	2019-11-29 13:59:00 +0300	b5c86390d3244c54a84665ddd07f7f17	127 SNY240 Dursun Durmuş		İCRA DAİRESİ BAŞVURU PUL				n	0/100	0/100	1970-01-01 02:00:00 +0200
B	9d68ac9c940b4145b6e2aa9254782798	768eed64b9f04323a76c5f2fee2fc24d	2020-04-28 16:35:02 +0300	2020-04-28 16:20:15 +0300	2019-11-29 13:59:00 +0300	b552133f27ab4c9cad6ba2bbca63b69f	240m2 KASA		İCRA DAİRESİ BAŞVURU PUL				n	0/100	0/100	1970-01-01 02:00:00 +0200
===== END
===== START
D	9d68ac9c940b4145b6e2aa9254782798	1d01c4e83b8c4342bd544d8ff2434eb6	2020-04-28 16:35:02 +0300	2020-04-28 16:20:15 +0300	2019-11-29 13:59:00 +0300	b5c86390d3244c54a84665ddd07f7f17	127 SNY240 Dursun Durmuş		İCRA DAİRESİ BAŞVURU PUL				n	0/100	0/100	1970-01-01 02:00:00 +0200
D	9d68ac9c940b4145b6e2aa9254782798	768eed64b9f04323a76c5f2fee2fc24d	2020-04-28 16:35:02 +0300	2020-04-28 16:20:15 +0300	2019-11-29 13:59:00 +0300	b552133f27ab4c9cad6ba2bbca63b69f	240m2 KASA		İCRA DAİRESİ BAŞVURU PUL				n	0/100	0/100	1970-01-01 02:00:00 +0200
===== END
===== START
B	8036dc2612e64200ad931fb9e1afd0c6	895286a896f9456cbc1ca9aa1415d0d2	2020-04-28 16:37:20 +0300	2019-12-07 17:13:36 +0300	2020-04-01 13:59:00 +0300	b5c86390d3244c54a84665ddd07f7f17	127 SNY240 Dursun Durmuş		2020 Nisan Kira gecikme bedeli 				n	20850/100	20850/100	1970-01-01 02:00:00 +0200
B	8036dc2612e64200ad931fb9e1afd0c6	717b520d05dd46c685d27fcf2a0ade85	2020-04-28 16:37:20 +0300	2019-12-07 17:13:36 +0300	2020-04-01 13:59:00 +0300	62cf67902c2f48c28059ec3005e4290f	5 GLR Sny240m2		2020 Nisan Kira gecikme bedeli 				n	-20850/100	-20850/100	1970-01-01 02:00:00 +0200
===== END
===== START
D	8036dc2612e64200ad931fb9e1afd0c6	895286a896f9456cbc1ca9aa1415d0d2	2020-04-28 16:37:20 +0300	2019-12-07 17:13:36 +0300	2020-04-01 13:59:00 +0300	b5c86390d3244c54a84665ddd07f7f17	127 SNY240 Dursun Durmuş		2020 Nisan Kira gecikme bedeli 				n	20850/100	20850/100	1970-01-01 02:00:00 +0200
D	8036dc2612e64200ad931fb9e1afd0c6	717b520d05dd46c685d27fcf2a0ade85	2020-04-28 16:37:20 +0300	2019-12-07 17:13:36 +0300	2020-04-01 13:59:00 +0300	62cf67902c2f48c28059ec3005e4290f	5 GLR Sny240m2		2020 Nisan Kira gecikme bedeli 				n	-20850/100	-20850/100	1970-01-01 02:00:00 +0200
===== END
===== START
B	4010e1a6cc204a04a274adb8aee5863a	5a94f80ce4f24725988bbac2a64c748f	2020-04-28 16:37:31 +0300	2020-04-22 12:52:49 +0300	2020-05-01 13:59:00 +0300	b5c86390d3244c54a84665ddd07f7f17	127 SNY240 Dursun Durmuş		2020 Mayıs Kira gecikme bedeli 		13900 - 5000 = 8900 *1,5 % = 133,50		n	13350/100	13350/100	1970-01-01 02:00:00 +0200
B	4010e1a6cc204a04a274adb8aee5863a	4b0e9f886457416f8fa62d78afeed9b9	2020-04-28 16:37:31 +0300	2020-04-22 12:52:49 +0300	2020-05-01 13:59:00 +0300	62cf67902c2f48c28059ec3005e4290f	5 GLR Sny240m2		2020 Mayıs Kira gecikme bedeli 				n	-13350/100	-13350/100	1970-01-01 02:00:00 +0200
===== END
===== START
C	4010e1a6cc204a04a274adb8aee5863a	5a94f80ce4f24725988bbac2a64c748f	2020-04-28 16:37:31 +0300	2020-04-22 12:52:49 +0300	2020-04-01 13:59:00 +0300	b5c86390d3244c54a84665ddd07f7f17	127 SNY240 Dursun Durmuş		2020 Mayıs Kira gecikme bedeli 		13900 - 5000 = 8900 *1,5 % = 133,50		n	13350/100	13350/100	1970-01-01 02:00:00 +0200
C	4010e1a6cc204a04a274adb8aee5863a	4b0e9f886457416f8fa62d78afeed9b9	2020-04-28 16:37:31 +0300	2020-04-22 12:52:49 +0300	2020-04-01 13:59:00 +0300	62cf67902c2f48c28059ec3005e4290f	5 GLR Sny240m2		2020 Mayıs Kira gecikme bedeli 				n	-13350/100	-13350/100	1970-01-01 02:00:00 +0200
===== END
