mod	trans_guid	split_guid	time_now	date_entered	date_posted	acc_guid	acc_name	num	description	notes	memo	action	reconciled	amount	value	date_reconciled
-----------------
===== START
B	5a3c4a83682349ff9256f49c580f0a77	00ff9fea503a47b4b220bebc601b1689	2020-06-30 15:31:52 +0300	2020-04-22 12:55:21 +0300	2020-05-30 13:59:00 +0300	b5c86390d3244c54a84665ddd07f7f17	Kira 2019		2020 Mayıs Kira gecikme bedeli 		12740 * mayıs tüfe 12,1 % 		n	0/100	0/100	1970-01-01 02:00:00 +0200
B	5a3c4a83682349ff9256f49c580f0a77	a95eee7dab2942848658ccc61a9bd810	2020-06-30 15:31:52 +0300	2020-04-22 12:55:21 +0300	2020-05-30 13:59:00 +0300	62cf67902c2f48c28059ec3005e4290f	5 GLR Sny240m2		2020 Mayıs Kira gecikme bedeli 				n	0/100	0/100	1970-01-01 02:00:00 +0200
===== END
===== START
D	5a3c4a83682349ff9256f49c580f0a77	00ff9fea503a47b4b220bebc601b1689	2020-06-30 15:31:52 +0300	2020-04-22 12:55:21 +0300	2020-05-30 13:59:00 +0300	b5c86390d3244c54a84665ddd07f7f17	Kira 2019		2020 Mayıs Kira gecikme bedeli 		12740 * mayıs tüfe 12,1 % 		n	0/100	0/100	1970-01-01 02:00:00 +0200
D	5a3c4a83682349ff9256f49c580f0a77	a95eee7dab2942848658ccc61a9bd810	2020-06-30 15:31:52 +0300	2020-04-22 12:55:21 +0300	2020-05-30 13:59:00 +0300	62cf67902c2f48c28059ec3005e4290f	5 GLR Sny240m2		2020 Mayıs Kira gecikme bedeli 				n	0/100	0/100	1970-01-01 02:00:00 +0200
===== END
===== START
B	65fc297221c14f2caa47fe761b1e239e	60221b1eb1004e3ba8738e637c0cbce3	2020-06-30 15:31:55 +0300	2020-06-17 12:09:22 +0300	2020-06-30 13:59:00 +0300	b5c86390d3244c54a84665ddd07f7f17	Kira 2019		2020 haziran Kira gecikme bedeli 		12740 * haziran tüfe 12,1 % 		n	0/100	0/100	1970-01-01 02:00:00 +0200
B	65fc297221c14f2caa47fe761b1e239e	9bffde884d6944478cb09c92b90da60b	2020-06-30 15:31:55 +0300	2020-06-17 12:09:22 +0300	2020-06-30 13:59:00 +0300	62cf67902c2f48c28059ec3005e4290f	5 GLR Sny240m2		2020 haziran Kira gecikme bedeli 				n	0/100	0/100	1970-01-01 02:00:00 +0200
===== END
===== START
D	65fc297221c14f2caa47fe761b1e239e	60221b1eb1004e3ba8738e637c0cbce3	2020-06-30 15:31:55 +0300	2020-06-17 12:09:22 +0300	2020-06-30 13:59:00 +0300	b5c86390d3244c54a84665ddd07f7f17	Kira 2019		2020 haziran Kira gecikme bedeli 		12740 * haziran tüfe 12,1 % 		n	0/100	0/100	1970-01-01 02:00:00 +0200
D	65fc297221c14f2caa47fe761b1e239e	9bffde884d6944478cb09c92b90da60b	2020-06-30 15:31:55 +0300	2020-06-17 12:09:22 +0300	2020-06-30 13:59:00 +0300	62cf67902c2f48c28059ec3005e4290f	5 GLR Sny240m2		2020 haziran Kira gecikme bedeli 				n	0/100	0/100	1970-01-01 02:00:00 +0200
===== END
===== START
B	f948fb84636846faa742e7ef1215f20b	ecfe4ed3ccf2432faf4212b4bc4c397d	2020-06-30 15:31:59 +0300	2019-12-07 17:08:28 +0300	2020-01-01 13:59:00 +0300	b5c86390d3244c54a84665ddd07f7f17	Kira 2019		2020 Ocak  Kira gecikme bedeli 		17107 x ocak tüfe 17,16%		n	0/100	0/100	1970-01-01 02:00:00 +0200
B	f948fb84636846faa742e7ef1215f20b	3c7bcd40c53448ff90b64e073052c654	2020-06-30 15:31:59 +0300	2019-12-07 17:08:28 +0300	2020-01-01 13:59:00 +0300	62cf67902c2f48c28059ec3005e4290f	5 GLR Sny240m2		2020 Ocak  Kira gecikme bedeli 				n	0/100	0/100	1970-01-01 02:00:00 +0200
===== END
===== START
D	f948fb84636846faa742e7ef1215f20b	ecfe4ed3ccf2432faf4212b4bc4c397d	2020-06-30 15:31:59 +0300	2019-12-07 17:08:28 +0300	2020-01-01 13:59:00 +0300	b5c86390d3244c54a84665ddd07f7f17	Kira 2019		2020 Ocak  Kira gecikme bedeli 		17107 x ocak tüfe 17,16%		n	0/100	0/100	1970-01-01 02:00:00 +0200
D	f948fb84636846faa742e7ef1215f20b	3c7bcd40c53448ff90b64e073052c654	2020-06-30 15:31:59 +0300	2019-12-07 17:08:28 +0300	2020-01-01 13:59:00 +0300	62cf67902c2f48c28059ec3005e4290f	5 GLR Sny240m2		2020 Ocak  Kira gecikme bedeli 				n	0/100	0/100	1970-01-01 02:00:00 +0200
===== END
===== START
===== END
===== START
C	e360bfa5c7044d8e85d34e3bf0154acc	42cebe6c04024fb8a75da17fcef21412	2020-06-30 15:32:41 +0300	2020-06-30 15:32:41 +0300	2019-10-30 13:59:00 +0300	29bed9681f7340c680d421ebda205771	Kira 2020		2019-20 Sanayi 240m2 Kira Bedeli				n	0/100	0/100	1970-01-01 02:00:00 +0200
===== END
===== START
===== END
===== START
B	e360bfa5c7044d8e85d34e3bf0154acc	42cebe6c04024fb8a75da17fcef21412	2020-06-30 15:33:37 +0300	2020-06-30 15:32:41 +0300	2019-10-30 13:59:00 +0300	29bed9681f7340c680d421ebda205771	Kira 2020		2019-20 Sanayi 240m2 Kira Bedeli				n	0/100	0/100	1970-01-01 02:00:00 +0200
===== END
===== START
C	e360bfa5c7044d8e85d34e3bf0154acc	42cebe6c04024fb8a75da17fcef21412	2020-06-30 15:33:37 +0300	2020-06-30 15:32:41 +0300	2019-10-30 13:59:00 +0300	29bed9681f7340c680d421ebda205771	Kira 2020		2019-20 Sanayi 240m2 Kira Bedeli		üfe 26,44 * 25000		n	3161000/100	3161000/100	1970-01-01 02:00:00 +0200
C	e360bfa5c7044d8e85d34e3bf0154acc	e2cf9f72dbeb4057ada703eee84c9838	2020-06-30 15:33:37 +0300	2020-06-30 15:32:41 +0300	2019-10-30 13:59:00 +0300	62cf67902c2f48c28059ec3005e4290f	5 GLR Sny240m2		2019-20 Sanayi 240m2 Kira Bedeli				n	-3161000/100	-3161000/100	1970-01-01 02:00:00 +0200
===== END
===== START
C	0565711034c6406fbe4551ba0e29e18f	72825fc8211d4556899a69a22095df20	2020-06-30 15:33:57 +0300	2020-06-30 15:33:57 +0300	2019-11-12 13:59:00 +0300	29bed9681f7340c680d421ebda205771	Kira 2020						n	0/100	0/100	1970-01-01 02:00:00 +0200
===== END
===== START
===== END
===== START
B	0565711034c6406fbe4551ba0e29e18f	72825fc8211d4556899a69a22095df20	2020-06-30 15:34:09 +0300	2020-06-30 15:33:57 +0300	2019-11-12 13:59:00 +0300	29bed9681f7340c680d421ebda205771	Kira 2020						n	0/100	0/100	1970-01-01 02:00:00 +0200
===== END
===== START
C	0565711034c6406fbe4551ba0e29e18f	72825fc8211d4556899a69a22095df20	2020-06-30 15:34:09 +0300	2020-06-30 15:33:57 +0300	2019-11-12 13:59:00 +0300	29bed9681f7340c680d421ebda205771	Kira 2020		Birkan Yaymaz Postane Ödemesi				n	0/100	0/100	1970-01-01 02:00:00 +0200
===== END
===== START
C	b7894a8becc84c509c8d540461e5192e	706c026b32674ada81ff724ce1bdd78d	2020-06-30 15:34:16 +0300	2020-06-30 15:34:16 +0300	2019-11-12 13:59:00 +0300	29bed9681f7340c680d421ebda205771	Kira 2020		Birkan Yaymaz Postane Ödemesi				n	0/100	0/100	1970-01-01 02:00:00 +0200
===== END
===== START
===== END
===== START
B	0565711034c6406fbe4551ba0e29e18f	72825fc8211d4556899a69a22095df20	2020-06-30 15:36:25 +0300	2020-06-30 15:33:57 +0300	2019-11-12 13:59:00 +0300	29bed9681f7340c680d421ebda205771	Kira 2020		Birkan Yaymaz Postane Ödemesi				n	0/100	0/100	1970-01-01 02:00:00 +0200
===== END
===== START
C	0565711034c6406fbe4551ba0e29e18f	72825fc8211d4556899a69a22095df20	2020-06-30 15:36:25 +0300	2020-06-30 15:33:57 +0300	2019-11-12 13:59:00 +0300	29bed9681f7340c680d421ebda205771	Kira 2020		Birkan Yaymaz Postane Ödemesi				n	0/100	0/100	1970-01-01 02:00:00 +0200
C	0565711034c6406fbe4551ba0e29e18f	19ea736837024c0d91fb2660492d14b1	2020-06-30 15:36:25 +0300	2020-06-30 15:33:57 +0300	2019-11-12 13:59:00 +0300	c6c9992b0cc94021a18cf3d2d97b0e08	103 PTT		Birkan Yaymaz Postane Ödemesi				n	0/100	0/100	1970-01-01 02:00:00 +0200
===== END
===== START
B	b7894a8becc84c509c8d540461e5192e	706c026b32674ada81ff724ce1bdd78d	2020-06-30 15:36:31 +0300	2020-06-30 15:34:16 +0300	2019-11-12 13:59:00 +0300	29bed9681f7340c680d421ebda205771	Kira 2020		Birkan Yaymaz Postane Ödemesi				n	0/100	0/100	1970-01-01 02:00:00 +0200
===== END
===== START
C	b7894a8becc84c509c8d540461e5192e	706c026b32674ada81ff724ce1bdd78d	2020-06-30 15:36:31 +0300	2020-06-30 15:34:16 +0300	2019-11-12 13:59:00 +0300	29bed9681f7340c680d421ebda205771	Kira 2020		Birkan Yaymaz Postane Ödemesi				n	0/100	0/100	1970-01-01 02:00:00 +0200
C	b7894a8becc84c509c8d540461e5192e	eb0e02339a194d438a7c0382ebd65abb	2020-06-30 15:36:31 +0300	2020-06-30 15:34:16 +0300	2019-11-12 13:59:00 +0300	c6c9992b0cc94021a18cf3d2d97b0e08	103 PTT		Birkan Yaymaz Postane Ödemesi				n	0/100	0/100	1970-01-01 02:00:00 +0200
===== END
===== START
B	0565711034c6406fbe4551ba0e29e18f	72825fc8211d4556899a69a22095df20	2020-06-30 15:36:34 +0300	2020-06-30 15:33:57 +0300	2019-11-12 13:59:00 +0300	29bed9681f7340c680d421ebda205771	Kira 2020		Birkan Yaymaz Postane Ödemesi				n	0/100	0/100	1970-01-01 02:00:00 +0200
B	0565711034c6406fbe4551ba0e29e18f	19ea736837024c0d91fb2660492d14b1	2020-06-30 15:36:34 +0300	2020-06-30 15:33:57 +0300	2019-11-12 13:59:00 +0300	c6c9992b0cc94021a18cf3d2d97b0e08	103 PTT		Birkan Yaymaz Postane Ödemesi				n	0/100	0/100	1970-01-01 02:00:00 +0200
===== END
===== START
C	0565711034c6406fbe4551ba0e29e18f	72825fc8211d4556899a69a22095df20	2020-06-30 15:36:34 +0300	2020-06-30 15:33:57 +0300	2019-11-12 13:59:00 +0300	29bed9681f7340c680d421ebda205771	Kira 2020		Birkan Yaymaz Postane Ödemesi				n	-1850000/100	-1850000/100	1970-01-01 02:00:00 +0200
C	0565711034c6406fbe4551ba0e29e18f	19ea736837024c0d91fb2660492d14b1	2020-06-30 15:36:34 +0300	2020-06-30 15:33:57 +0300	2019-11-12 13:59:00 +0300	c6c9992b0cc94021a18cf3d2d97b0e08	103 PTT		Birkan Yaymaz Postane Ödemesi				n	1850000/100	1850000/100	1970-01-01 02:00:00 +0200
===== END
===== START
B	b7894a8becc84c509c8d540461e5192e	706c026b32674ada81ff724ce1bdd78d	2020-06-30 15:36:37 +0300	2020-06-30 15:34:16 +0300	2019-11-12 13:59:00 +0300	29bed9681f7340c680d421ebda205771	Kira 2020		Birkan Yaymaz Postane Ödemesi				n	0/100	0/100	1970-01-01 02:00:00 +0200
B	b7894a8becc84c509c8d540461e5192e	eb0e02339a194d438a7c0382ebd65abb	2020-06-30 15:36:37 +0300	2020-06-30 15:34:16 +0300	2019-11-12 13:59:00 +0300	c6c9992b0cc94021a18cf3d2d97b0e08	103 PTT		Birkan Yaymaz Postane Ödemesi				n	0/100	0/100	1970-01-01 02:00:00 +0200
===== END
===== START
C	b7894a8becc84c509c8d540461e5192e	706c026b32674ada81ff724ce1bdd78d	2020-06-30 15:36:37 +0300	2020-06-30 15:34:16 +0300	2019-11-12 13:59:00 +0300	29bed9681f7340c680d421ebda205771	Kira 2020		Birkan Yaymaz Postane Ödemesi				n	-500000/100	-500000/100	1970-01-01 02:00:00 +0200
C	b7894a8becc84c509c8d540461e5192e	eb0e02339a194d438a7c0382ebd65abb	2020-06-30 15:36:37 +0300	2020-06-30 15:34:16 +0300	2019-11-12 13:59:00 +0300	c6c9992b0cc94021a18cf3d2d97b0e08	103 PTT		Birkan Yaymaz Postane Ödemesi				n	500000/100	500000/100	1970-01-01 02:00:00 +0200
===== END
===== START
B	4d2ddac97c8842429d6ebef4ef76049c	54eeeb283dba4078aaddc211692e3262	2020-06-30 15:36:56 +0300	2020-04-22 12:50:42 +0300	2020-04-01 13:59:00 +0300	b552133f27ab4c9cad6ba2bbca63b69f	240m2 KASA		postaneden ödeme birkan yaymaz				n	500000/100	500000/100	1970-01-01 02:00:00 +0200
B	4d2ddac97c8842429d6ebef4ef76049c	fad7008a4ec94212807f93bb96cd1524	2020-06-30 15:36:56 +0300	2020-04-22 12:50:42 +0300	2020-04-01 13:59:00 +0300	b5c86390d3244c54a84665ddd07f7f17	Kira 2019		postaneden ödeme birkan yaymaz				n	-500000/100	-500000/100	1970-01-01 02:00:00 +0200
===== END
===== START
D	4d2ddac97c8842429d6ebef4ef76049c	54eeeb283dba4078aaddc211692e3262	2020-06-30 15:36:56 +0300	2020-04-22 12:50:42 +0300	2020-04-01 13:59:00 +0300	b552133f27ab4c9cad6ba2bbca63b69f	240m2 KASA		postaneden ödeme birkan yaymaz				n	500000/100	500000/100	1970-01-01 02:00:00 +0200
D	4d2ddac97c8842429d6ebef4ef76049c	fad7008a4ec94212807f93bb96cd1524	2020-06-30 15:36:56 +0300	2020-04-22 12:50:42 +0300	2020-04-01 13:59:00 +0300	b5c86390d3244c54a84665ddd07f7f17	Kira 2019		postaneden ödeme birkan yaymaz				n	-500000/100	-500000/100	1970-01-01 02:00:00 +0200
===== END
===== START
B	3b356fd07fb94a4e9e14be6edad6f329	1458d6dd22c7462b9896b70931176c0d	2020-06-30 15:37:01 +0300	2019-12-02 10:47:15 +0300	2019-10-31 13:59:00 +0300	b5c86390d3244c54a84665ddd07f7f17	Kira 2019		2019-20 Sanayi 240m2 Kira Bedeli		üfe 26,44 * 25000		n	3161000/100	3161000/100	1970-01-01 02:00:00 +0200
B	3b356fd07fb94a4e9e14be6edad6f329	7abac9ee03b7465782efea8ebe3fb2f0	2020-06-30 15:37:01 +0300	2019-12-02 10:47:15 +0300	2019-10-31 13:59:00 +0300	62cf67902c2f48c28059ec3005e4290f	5 GLR Sny240m2		2019-20 Sanayi 240m2 Kira Bedeli				n	-3161000/100	-3161000/100	1970-01-01 02:00:00 +0200
===== END
===== START
D	3b356fd07fb94a4e9e14be6edad6f329	1458d6dd22c7462b9896b70931176c0d	2020-06-30 15:37:01 +0300	2019-12-02 10:47:15 +0300	2019-10-31 13:59:00 +0300	b5c86390d3244c54a84665ddd07f7f17	Kira 2019		2019-20 Sanayi 240m2 Kira Bedeli		üfe 26,44 * 25000		n	3161000/100	3161000/100	1970-01-01 02:00:00 +0200
D	3b356fd07fb94a4e9e14be6edad6f329	7abac9ee03b7465782efea8ebe3fb2f0	2020-06-30 15:37:01 +0300	2019-12-02 10:47:15 +0300	2019-10-31 13:59:00 +0300	62cf67902c2f48c28059ec3005e4290f	5 GLR Sny240m2		2019-20 Sanayi 240m2 Kira Bedeli				n	-3161000/100	-3161000/100	1970-01-01 02:00:00 +0200
===== END
===== START
B	fd60862d2eb44306bdb4a93907e53faa	9411d671e6494b17b2fdad566e14e884	2020-06-30 15:37:03 +0300	2019-12-02 11:00:10 +0300	2019-11-12 13:59:00 +0300	b552133f27ab4c9cad6ba2bbca63b69f	240m2 KASA		postanaden ödeme birkan yaymaz				n	1850000/100	1850000/100	1970-01-01 02:00:00 +0200
B	fd60862d2eb44306bdb4a93907e53faa	44e3f469917341399421e7f201df82ad	2020-06-30 15:37:03 +0300	2019-12-02 11:00:10 +0300	2019-11-12 13:59:00 +0300	b5c86390d3244c54a84665ddd07f7f17	Kira 2019		postanaden ödeme birkan yaymaz				n	-1850000/100	-1850000/100	1970-01-01 02:00:00 +0200
===== END
===== START
D	fd60862d2eb44306bdb4a93907e53faa	9411d671e6494b17b2fdad566e14e884	2020-06-30 15:37:03 +0300	2019-12-02 11:00:10 +0300	2019-11-12 13:59:00 +0300	b552133f27ab4c9cad6ba2bbca63b69f	240m2 KASA		postanaden ödeme birkan yaymaz				n	1850000/100	1850000/100	1970-01-01 02:00:00 +0200
D	fd60862d2eb44306bdb4a93907e53faa	44e3f469917341399421e7f201df82ad	2020-06-30 15:37:03 +0300	2019-12-02 11:00:10 +0300	2019-11-12 13:59:00 +0300	b5c86390d3244c54a84665ddd07f7f17	Kira 2019		postanaden ödeme birkan yaymaz				n	-1850000/100	-1850000/100	1970-01-01 02:00:00 +0200
===== END
===== START
===== END
===== START
C	2cf02ea32743424991c1bd88911cef0c	e25d0985e33e45e7a050fa31039a372e	2020-06-30 15:37:32 +0300	2020-06-30 15:37:32 +0300	2018-12-31 13:59:00 +0300	2a6a356bd47a466ba9598900b746b08e	Çedaş						n	0/100	0/100	1970-01-01 02:00:00 +0200
===== END
===== START
===== END
===== START
B	2cf02ea32743424991c1bd88911cef0c	e25d0985e33e45e7a050fa31039a372e	2020-06-30 15:37:41 +0300	2020-06-30 15:37:32 +0300	2018-12-31 13:59:00 +0300	2a6a356bd47a466ba9598900b746b08e	Çedaş						n	0/100	0/100	1970-01-01 02:00:00 +0200
===== END
===== START
C	2cf02ea32743424991c1bd88911cef0c	e25d0985e33e45e7a050fa31039a372e	2020-06-30 15:37:41 +0300	2020-06-30 15:37:32 +0300	2018-12-31 13:59:00 +0300	2a6a356bd47a466ba9598900b746b08e	Çedaş		Çedaş Teminat				n	0/100	0/100	1970-01-01 02:00:00 +0200
===== END
===== START
B	2cf02ea32743424991c1bd88911cef0c	e25d0985e33e45e7a050fa31039a372e	2020-06-30 15:38:09 +0300	2020-06-30 15:37:32 +0300	2018-12-31 13:59:00 +0300	2a6a356bd47a466ba9598900b746b08e	Çedaş		Çedaş Teminat				n	0/100	0/100	1970-01-01 02:00:00 +0200
===== END
===== START
C	2cf02ea32743424991c1bd88911cef0c	e25d0985e33e45e7a050fa31039a372e	2020-06-30 15:38:09 +0300	2020-06-30 15:37:32 +0300	2018-12-31 13:59:00 +0300	2a6a356bd47a466ba9598900b746b08e	Çedaş		Çedaş Teminat				n	0/100	0/100	1970-01-01 02:00:00 +0200
C	2cf02ea32743424991c1bd88911cef0c	da79cd2f4ad742b19773e4eb6fd023b8	2020-06-30 15:38:09 +0300	2020-06-30 15:37:32 +0300	2018-12-31 13:59:00 +0300	62cf67902c2f48c28059ec3005e4290f	5 GLR Sny240m2		Çedaş Teminat				n	0/100	0/100	1970-01-01 02:00:00 +0200
===== END
===== START
C	173d160f0f3d49b7afc0d2a6a7a984e2	3b8bdf1a23fd4addb3aa7d39f16c768f	2020-06-30 15:38:12 +0300	2020-06-30 15:38:12 +0300	2018-12-31 13:59:00 +0300	2a6a356bd47a466ba9598900b746b08e	Çedaş						n	0/100	0/100	1970-01-01 02:00:00 +0200
C	173d160f0f3d49b7afc0d2a6a7a984e2	284ad78e7acb4bcba37b2efd676f8bbc	2020-06-30 15:38:12 +0300	2020-06-30 15:38:12 +0300	2018-12-31 13:59:00 +0300	62cf67902c2f48c28059ec3005e4290f	5 GLR Sny240m2						n	0/100	0/100	1970-01-01 02:00:00 +0200
===== END
===== START
===== END
===== START
B	2cf02ea32743424991c1bd88911cef0c	e25d0985e33e45e7a050fa31039a372e	2020-06-30 15:38:16 +0300	2020-06-30 15:37:32 +0300	2018-12-31 13:59:00 +0300	2a6a356bd47a466ba9598900b746b08e	Çedaş		Çedaş Teminat				n	0/100	0/100	1970-01-01 02:00:00 +0200
B	2cf02ea32743424991c1bd88911cef0c	da79cd2f4ad742b19773e4eb6fd023b8	2020-06-30 15:38:16 +0300	2020-06-30 15:37:32 +0300	2018-12-31 13:59:00 +0300	62cf67902c2f48c28059ec3005e4290f	5 GLR Sny240m2		Çedaş Teminat				n	0/100	0/100	1970-01-01 02:00:00 +0200
===== END
===== START
C	2cf02ea32743424991c1bd88911cef0c	e25d0985e33e45e7a050fa31039a372e	2020-06-30 15:38:16 +0300	2020-06-30 15:37:32 +0300	2018-12-31 13:59:00 +0300	2a6a356bd47a466ba9598900b746b08e	Çedaş		Çedaş Teminat				n	-90000/100	-90000/100	1970-01-01 02:00:00 +0200
C	2cf02ea32743424991c1bd88911cef0c	da79cd2f4ad742b19773e4eb6fd023b8	2020-06-30 15:38:16 +0300	2020-06-30 15:37:32 +0300	2018-12-31 13:59:00 +0300	62cf67902c2f48c28059ec3005e4290f	5 GLR Sny240m2		Çedaş Teminat				n	90000/100	90000/100	1970-01-01 02:00:00 +0200
===== END
===== START
B	173d160f0f3d49b7afc0d2a6a7a984e2	3b8bdf1a23fd4addb3aa7d39f16c768f	2020-06-30 15:38:23 +0300	2020-06-30 15:38:12 +0300	2018-12-31 13:59:00 +0300	2a6a356bd47a466ba9598900b746b08e	Çedaş						n	0/100	0/100	1970-01-01 02:00:00 +0200
B	173d160f0f3d49b7afc0d2a6a7a984e2	284ad78e7acb4bcba37b2efd676f8bbc	2020-06-30 15:38:23 +0300	2020-06-30 15:38:12 +0300	2018-12-31 13:59:00 +0300	62cf67902c2f48c28059ec3005e4290f	5 GLR Sny240m2						n	0/100	0/100	1970-01-01 02:00:00 +0200
===== END
===== START
C	173d160f0f3d49b7afc0d2a6a7a984e2	3b8bdf1a23fd4addb3aa7d39f16c768f	2020-06-30 15:38:23 +0300	2020-06-30 15:38:12 +0300	2019-12-31 13:59:00 +0300	2a6a356bd47a466ba9598900b746b08e	Çedaş						n	-110000/100	-110000/100	1970-01-01 02:00:00 +0200
C	173d160f0f3d49b7afc0d2a6a7a984e2	284ad78e7acb4bcba37b2efd676f8bbc	2020-06-30 15:38:23 +0300	2020-06-30 15:38:12 +0300	2019-12-31 13:59:00 +0300	62cf67902c2f48c28059ec3005e4290f	5 GLR Sny240m2						n	110000/100	110000/100	1970-01-01 02:00:00 +0200
===== END
===== START
C	6594c11ab16540899bee7a46f0b1e8a1	97c359877de14836ab4ed2cf19bec00d	2020-06-30 15:38:46 +0300	2020-06-30 15:38:46 +0300	2019-12-30 13:59:00 +0300	2a6a356bd47a466ba9598900b746b08e	Çedaş						n	0/100	0/100	1970-01-01 02:00:00 +0200
===== END
===== START
===== END
===== START
B	6594c11ab16540899bee7a46f0b1e8a1	97c359877de14836ab4ed2cf19bec00d	2020-06-30 15:39:12 +0300	2020-06-30 15:38:46 +0300	2019-12-30 13:59:00 +0300	2a6a356bd47a466ba9598900b746b08e	Çedaş						n	0/100	0/100	1970-01-01 02:00:00 +0200
===== END
===== START
C	6594c11ab16540899bee7a46f0b1e8a1	97c359877de14836ab4ed2cf19bec00d	2020-06-30 15:39:12 +0300	2020-06-30 15:38:46 +0300	2019-12-30 13:59:00 +0300	2a6a356bd47a466ba9598900b746b08e	Çedaş		2018 teminat gecikme bedeli		2018 aralık üfe		n	0/100	0/100	1970-01-01 02:00:00 +0200
===== END
