mod	trans_guid	split_guid	time_now	date_entered	date_posted	acc_guid	acc_name	num	description	notes	memo	action	reconciled	amount	value	date_reconciled
-----------------
===== START
B	5837de28c04f417b9908c438c53dbf5d	d4832495188d432d9d2c480c78410e73	2020-06-30 17:25:22 +0300	2020-06-30 17:18:50 +0300	2020-05-10 13:59:00 +0300	3a63f12134c244fa86b69fbbccbba3e0	Açık-TRY		yıkama elektrik ödemesi				n	25000/100	25000/100	1970-01-01 02:00:00 +0200
B	5837de28c04f417b9908c438c53dbf5d	fe09344bcd4b4269ba55c00c8c481136	2020-06-30 17:25:22 +0300	2020-06-30 17:18:50 +0300	2020-05-10 13:59:00 +0300	2a6a356bd47a466ba9598900b746b08e	Çedaş		yıkama elektrik ödemesi				n	-25000/100	-25000/100	1970-01-01 02:00:00 +0200
===== END
===== START
C	5837de28c04f417b9908c438c53dbf5d	d4832495188d432d9d2c480c78410e73	2020-06-30 17:25:22 +0300	2020-06-30 17:18:50 +0300	2020-05-10 13:59:00 +0300	b552133f27ab4c9cad6ba2bbca63b69f	240m2 KASA		yıkama elektrik ödemesi				n	25000/100	25000/100	1970-01-01 02:00:00 +0200
C	5837de28c04f417b9908c438c53dbf5d	fe09344bcd4b4269ba55c00c8c481136	2020-06-30 17:25:22 +0300	2020-06-30 17:18:50 +0300	2020-05-10 13:59:00 +0300	2a6a356bd47a466ba9598900b746b08e	Çedaş		yıkama elektrik ödemesi				n	-25000/100	-25000/100	1970-01-01 02:00:00 +0200
===== END
===== START
D	4002f01639b045138a55921822b0aa8d	48eeb6d49ca7443c95193045ed369aec	2020-06-30 17:25:55 +0300	2020-06-30 17:25:55 +0300	2020-06-30 13:59:00 +0300								n	0/1	0/100	1970-01-01 02:00:00 +0200
===== END
===== START
===== END
===== START
D	1b832141271c4dec9a4d3fdea0f4644d	c838652c3d43429eb32321b3e4d42347	2020-06-30 17:26:28 +0300	2020-06-30 17:26:28 +0300	2020-06-30 13:59:00 +0300								n	0/1	0/100	1970-01-01 02:00:00 +0200
===== END
===== START
===== END
===== START
C	1abdf2ce2da54d9aa2b186f1fc2cbd2e	1d883abd269a418eaabbfb0160c21791	2020-06-30 17:27:01 +0300	2020-06-30 17:27:01 +0300	2020-06-30 13:59:00 +0300	62ef282fde5944e69d2552700293c96f	127 KRLS Ahmet Çalışkan						n	4400000/100	4400000/100	1970-01-01 02:00:00 +0200
C	1abdf2ce2da54d9aa2b186f1fc2cbd2e	dfa96c855b704430b0754ea29911b623	2020-06-30 17:27:01 +0300	2020-06-30 17:27:01 +0300	2020-06-30 13:59:00 +0300	95839397af674a06897deec940317c85	4 GLR LA						n	-4400000/100	-4400000/100	1970-01-01 02:00:00 +0200
===== END
===== START
===== END
===== START
B	1abdf2ce2da54d9aa2b186f1fc2cbd2e	1d883abd269a418eaabbfb0160c21791	2020-06-30 17:27:06 +0300	2020-06-30 17:27:01 +0300	2020-06-30 13:59:00 +0300	62ef282fde5944e69d2552700293c96f	127 KRLS Ahmet Çalışkan						n	4400000/100	4400000/100	1970-01-01 02:00:00 +0200
B	1abdf2ce2da54d9aa2b186f1fc2cbd2e	dfa96c855b704430b0754ea29911b623	2020-06-30 17:27:06 +0300	2020-06-30 17:27:01 +0300	2020-06-30 13:59:00 +0300	95839397af674a06897deec940317c85	4 GLR LA						n	-4400000/100	-4400000/100	1970-01-01 02:00:00 +0200
===== END
===== START
C	1abdf2ce2da54d9aa2b186f1fc2cbd2e	1d883abd269a418eaabbfb0160c21791	2020-06-30 17:27:06 +0300	2020-06-30 17:27:01 +0300	2020-06-30 13:59:00 +0300	62ef282fde5944e69d2552700293c96f	127 KRLS Ahmet Çalışkan		2019 LA Kira Bedeli				n	4400000/100	4400000/100	1970-01-01 02:00:00 +0200
C	1abdf2ce2da54d9aa2b186f1fc2cbd2e	dfa96c855b704430b0754ea29911b623	2020-06-30 17:27:06 +0300	2020-06-30 17:27:01 +0300	2020-06-30 13:59:00 +0300	95839397af674a06897deec940317c85	4 GLR LA		2019 LA Kira Bedeli				n	-4400000/100	-4400000/100	1970-01-01 02:00:00 +0200
===== END
===== START
C	3134049f075a436390ad2bb8fdfa494e	df490da1b3844b7383ccd203ae9d4e2c	2020-06-30 17:27:11 +0300	2020-06-30 17:27:11 +0300	2020-06-30 13:59:00 +0300	62ef282fde5944e69d2552700293c96f	127 KRLS Ahmet Çalışkan		 Ödemesi				n	0/100	0/100	1970-01-01 02:00:00 +0200
===== END
===== START
===== END
===== START
B	3134049f075a436390ad2bb8fdfa494e	df490da1b3844b7383ccd203ae9d4e2c	2020-06-30 17:27:20 +0300	2020-06-30 17:27:11 +0300	2020-06-30 13:59:00 +0300	62ef282fde5944e69d2552700293c96f	127 KRLS Ahmet Çalışkan		 Ödemesi				n	0/100	0/100	1970-01-01 02:00:00 +0200
===== END
===== START
C	3134049f075a436390ad2bb8fdfa494e	df490da1b3844b7383ccd203ae9d4e2c	2020-06-30 17:27:20 +0300	2020-06-30 17:27:11 +0300	2020-06-30 13:59:00 +0300	62ef282fde5944e69d2552700293c96f	127 KRLS Ahmet Çalışkan		2019 LA Kira Bedeli Ödemesi				n	0/100	0/100	1970-01-01 02:00:00 +0200
===== END
===== START
B	1abdf2ce2da54d9aa2b186f1fc2cbd2e	1d883abd269a418eaabbfb0160c21791	2020-06-30 17:27:23 +0300	2020-06-30 17:27:01 +0300	2020-06-30 13:59:00 +0300	62ef282fde5944e69d2552700293c96f	127 KRLS Ahmet Çalışkan		2019 LA Kira Bedeli				n	4400000/100	4400000/100	1970-01-01 02:00:00 +0200
B	1abdf2ce2da54d9aa2b186f1fc2cbd2e	dfa96c855b704430b0754ea29911b623	2020-06-30 17:27:23 +0300	2020-06-30 17:27:01 +0300	2020-06-30 13:59:00 +0300	95839397af674a06897deec940317c85	4 GLR LA		2019 LA Kira Bedeli				n	-4400000/100	-4400000/100	1970-01-01 02:00:00 +0200
===== END
===== START
C	1abdf2ce2da54d9aa2b186f1fc2cbd2e	1d883abd269a418eaabbfb0160c21791	2020-06-30 17:27:23 +0300	2020-06-30 17:27:01 +0300	2020-08-30 13:59:00 +0300	62ef282fde5944e69d2552700293c96f	127 KRLS Ahmet Çalışkan		2019 LA Kira Bedeli				n	4400000/100	4400000/100	1970-01-01 02:00:00 +0200
C	1abdf2ce2da54d9aa2b186f1fc2cbd2e	dfa96c855b704430b0754ea29911b623	2020-06-30 17:27:23 +0300	2020-06-30 17:27:01 +0300	2020-08-30 13:59:00 +0300	95839397af674a06897deec940317c85	4 GLR LA		2019 LA Kira Bedeli				n	-4400000/100	-4400000/100	1970-01-01 02:00:00 +0200
===== END
===== START
B	3134049f075a436390ad2bb8fdfa494e	df490da1b3844b7383ccd203ae9d4e2c	2020-06-30 17:27:30 +0300	2020-06-30 17:27:11 +0300	2020-06-30 13:59:00 +0300	62ef282fde5944e69d2552700293c96f	127 KRLS Ahmet Çalışkan		2019 LA Kira Bedeli Ödemesi				n	0/100	0/100	1970-01-01 02:00:00 +0200
===== END
===== START
C	3134049f075a436390ad2bb8fdfa494e	df490da1b3844b7383ccd203ae9d4e2c	2020-06-30 17:27:30 +0300	2020-06-30 17:27:11 +0300	2020-09-30 13:59:00 +0300	62ef282fde5944e69d2552700293c96f	127 KRLS Ahmet Çalışkan		2019 LA Kira Bedeli Ödemesi				n	0/100	0/100	1970-01-01 02:00:00 +0200
===== END
===== START
D	5233312c991d4139b78cc87777956848	afe1b6669b604d40b2948d18cfe3b57f	2020-06-30 17:27:40 +0300	2020-06-30 17:27:40 +0300	2020-06-30 13:59:00 +0300								n	0/1	0/100	1970-01-01 02:00:00 +0200
===== END
===== START
===== END
===== START
D	be1f7f11652e46c898449fc7a6a0a377	acfded91322048a18d70cc3be0fcf70a	2020-06-30 17:28:01 +0300	2020-06-30 17:28:01 +0300	2020-06-30 13:59:00 +0300								n	0/1	0/100	1970-01-01 02:00:00 +0200
===== END
===== START
===== END
===== START
C	ddcc2763e0e04a6a9ce4b9953cd8f117	f5f0162ba165483585892332a9acd5c9	2020-06-30 17:29:04 +0300	2020-06-30 17:29:04 +0300	2020-06-30 13:59:00 +0300	fbb012088d2246d18902b8856afac12f	x Kenan Kırcaer		2 ay kira bedeli				n	200000/100	200000/100	1970-01-01 02:00:00 +0200
C	ddcc2763e0e04a6a9ce4b9953cd8f117	4ad26ab9fed740abba6b7af275c456ce	2020-06-30 17:29:04 +0300	2020-06-30 17:29:04 +0300	2020-06-30 13:59:00 +0300	fbb012088d2246d18902b8856afac12f	x Kenan Kırcaer		2 ay kira bedeli				n	-200000/100	-200000/100	1970-01-01 02:00:00 +0200
===== END
===== START
===== END
===== START
B	ddcc2763e0e04a6a9ce4b9953cd8f117	f5f0162ba165483585892332a9acd5c9	2020-06-30 17:29:17 +0300	2020-06-30 17:29:04 +0300	2020-06-30 13:59:00 +0300	fbb012088d2246d18902b8856afac12f	x Kenan Kırcaer		2 ay kira bedeli				n	200000/100	200000/100	1970-01-01 02:00:00 +0200
B	ddcc2763e0e04a6a9ce4b9953cd8f117	4ad26ab9fed740abba6b7af275c456ce	2020-06-30 17:29:17 +0300	2020-06-30 17:29:04 +0300	2020-06-30 13:59:00 +0300	fbb012088d2246d18902b8856afac12f	x Kenan Kırcaer		2 ay kira bedeli				n	-200000/100	-200000/100	1970-01-01 02:00:00 +0200
===== END
===== START
C	ddcc2763e0e04a6a9ce4b9953cd8f117	f5f0162ba165483585892332a9acd5c9	2020-06-30 17:29:17 +0300	2020-06-30 17:29:04 +0300	2020-01-30 13:59:00 +0300	fbb012088d2246d18902b8856afac12f	x Kenan Kırcaer		2 ay kira bedeli				n	200000/100	200000/100	1970-01-01 02:00:00 +0200
C	ddcc2763e0e04a6a9ce4b9953cd8f117	4ad26ab9fed740abba6b7af275c456ce	2020-06-30 17:29:17 +0300	2020-06-30 17:29:04 +0300	2020-01-30 13:59:00 +0300	fbb012088d2246d18902b8856afac12f	x Kenan Kırcaer		2 ay kira bedeli				n	-200000/100	-200000/100	1970-01-01 02:00:00 +0200
===== END
===== START
B	ddcc2763e0e04a6a9ce4b9953cd8f117	f5f0162ba165483585892332a9acd5c9	2020-06-30 17:29:27 +0300	2020-06-30 17:29:04 +0300	2020-01-30 13:59:00 +0300	fbb012088d2246d18902b8856afac12f	x Kenan Kırcaer		2 ay kira bedeli				n	200000/100	200000/100	1970-01-01 02:00:00 +0200
B	ddcc2763e0e04a6a9ce4b9953cd8f117	4ad26ab9fed740abba6b7af275c456ce	2020-06-30 17:29:27 +0300	2020-06-30 17:29:04 +0300	2020-01-30 13:59:00 +0300	fbb012088d2246d18902b8856afac12f	x Kenan Kırcaer		2 ay kira bedeli				n	-200000/100	-200000/100	1970-01-01 02:00:00 +0200
===== END
===== START
C	ddcc2763e0e04a6a9ce4b9953cd8f117	f5f0162ba165483585892332a9acd5c9	2020-06-30 17:29:27 +0300	2020-06-30 17:29:04 +0300	2020-03-30 13:59:00 +0300	fbb012088d2246d18902b8856afac12f	x Kenan Kırcaer		2 ay kira bedeli				n	200000/100	200000/100	1970-01-01 02:00:00 +0200
C	ddcc2763e0e04a6a9ce4b9953cd8f117	4ad26ab9fed740abba6b7af275c456ce	2020-06-30 17:29:27 +0300	2020-06-30 17:29:04 +0300	2020-03-30 13:59:00 +0300	fbb012088d2246d18902b8856afac12f	x Kenan Kırcaer		2 ay kira bedeli				n	-200000/100	-200000/100	1970-01-01 02:00:00 +0200
===== END
===== START
B	ddcc2763e0e04a6a9ce4b9953cd8f117	f5f0162ba165483585892332a9acd5c9	2020-06-30 17:29:35 +0300	2020-06-30 17:29:04 +0300	2020-03-30 13:59:00 +0300	fbb012088d2246d18902b8856afac12f	x Kenan Kırcaer		2 ay kira bedeli				n	200000/100	200000/100	1970-01-01 02:00:00 +0200
B	ddcc2763e0e04a6a9ce4b9953cd8f117	4ad26ab9fed740abba6b7af275c456ce	2020-06-30 17:29:35 +0300	2020-06-30 17:29:04 +0300	2020-03-30 13:59:00 +0300	fbb012088d2246d18902b8856afac12f	x Kenan Kırcaer		2 ay kira bedeli				n	-200000/100	-200000/100	1970-01-01 02:00:00 +0200
===== END
===== START
D	ddcc2763e0e04a6a9ce4b9953cd8f117	f5f0162ba165483585892332a9acd5c9	2020-06-30 17:29:59 +0300	2020-06-30 17:29:04 +0300	2020-03-30 13:59:00 +0300	fbb012088d2246d18902b8856afac12f	x Kenan Kırcaer		2 ay kira bedeli				n	-200000/100	-200000/100	1970-01-01 02:00:00 +0200
D	ddcc2763e0e04a6a9ce4b9953cd8f117	4ad26ab9fed740abba6b7af275c456ce	2020-06-30 17:29:59 +0300	2020-06-30 17:29:04 +0300	2020-03-30 13:59:00 +0300	fbb012088d2246d18902b8856afac12f	x Kenan Kırcaer		2 ay kira bedeli				n	200000/100	200000/100	1970-01-01 02:00:00 +0200
===== END
===== START
C	4270017a54904b6298952fbf8a5fd5fd	a5a60d748923402fa29b221845ba209a	2020-06-30 17:30:06 +0300	2020-06-30 17:30:06 +0300	2020-01-30 13:59:00 +0300	fbb012088d2246d18902b8856afac12f	x Kenan Kırcaer						n	0/100	0/100	1970-01-01 02:00:00 +0200
===== END
===== START
===== END
===== START
B	4270017a54904b6298952fbf8a5fd5fd	a5a60d748923402fa29b221845ba209a	2020-06-30 17:30:18 +0300	2020-06-30 17:30:06 +0300	2020-01-30 13:59:00 +0300	fbb012088d2246d18902b8856afac12f	x Kenan Kırcaer						n	0/100	0/100	1970-01-01 02:00:00 +0200
===== END
===== START
C	4270017a54904b6298952fbf8a5fd5fd	a5a60d748923402fa29b221845ba209a	2020-06-30 17:30:18 +0300	2020-06-30 17:30:06 +0300	2020-01-30 13:59:00 +0300	fbb012088d2246d18902b8856afac12f	x Kenan Kırcaer						n	200000/100	200000/100	1970-01-01 02:00:00 +0200
C	4270017a54904b6298952fbf8a5fd5fd	56a3c00202ab478fb1e980f120512ca1	2020-06-30 17:30:18 +0300	2020-06-30 17:30:06 +0300	2020-01-30 13:59:00 +0300	fbb012088d2246d18902b8856afac12f	x Kenan Kırcaer						n	-200000/100	-200000/100	1970-01-01 02:00:00 +0200
===== END
===== START
===== END
===== START
D	d1cd5101065e4c058709eae52322bdef	4cf9e224e48447018e85cfa03f23256e	2020-06-30 17:30:33 +0300	2020-06-30 17:30:33 +0300	2020-06-30 13:59:00 +0300								n	0/1	0/100	1970-01-01 02:00:00 +0200
===== END
===== START
B	4270017a54904b6298952fbf8a5fd5fd	a5a60d748923402fa29b221845ba209a	2020-06-30 17:31:05 +0300	2020-06-30 17:30:06 +0300	2020-01-30 13:59:00 +0300	fbb012088d2246d18902b8856afac12f	x Kenan Kırcaer						n	200000/100	200000/100	1970-01-01 02:00:00 +0200
B	4270017a54904b6298952fbf8a5fd5fd	56a3c00202ab478fb1e980f120512ca1	2020-06-30 17:31:05 +0300	2020-06-30 17:30:06 +0300	2020-01-30 13:59:00 +0300	fbb012088d2246d18902b8856afac12f	x Kenan Kırcaer						n	-200000/100	-200000/100	1970-01-01 02:00:00 +0200
===== END
===== START
R	4270017a54904b6298952fbf8a5fd5fd	a5a60d748923402fa29b221845ba209a	2020-06-30 17:31:13 +0300	2020-06-30 17:30:06 +0300	2020-01-30 13:59:00 +0300	fbb012088d2246d18902b8856afac12f	x Kenan Kırcaer						n	200000/100	200000/100	1970-01-01 02:00:00 +0200
R	4270017a54904b6298952fbf8a5fd5fd	56a3c00202ab478fb1e980f120512ca1	2020-06-30 17:31:13 +0300	2020-06-30 17:30:06 +0300	2020-01-30 13:59:00 +0300	fbb012088d2246d18902b8856afac12f	x Kenan Kırcaer						n	-200000/100	-200000/100	1970-01-01 02:00:00 +0200
===== END
===== START
D	70d72f8b93d1426b9a313cc722c03431	deda4b6b2c2948648551f53648b5bd2e	2020-06-30 17:31:14 +0300	2020-06-30 17:31:14 +0300	2020-01-30 13:59:00 +0300								n	0/1	0/100	1970-01-01 02:00:00 +0200
===== END
===== START
===== END
===== START
B	4270017a54904b6298952fbf8a5fd5fd	a5a60d748923402fa29b221845ba209a	2020-06-30 17:31:30 +0300	2020-06-30 17:30:06 +0300	2020-01-30 13:59:00 +0300	fbb012088d2246d18902b8856afac12f	x Kenan Kırcaer						n	200000/100	200000/100	1970-01-01 02:00:00 +0200
B	4270017a54904b6298952fbf8a5fd5fd	56a3c00202ab478fb1e980f120512ca1	2020-06-30 17:31:30 +0300	2020-06-30 17:30:06 +0300	2020-01-30 13:59:00 +0300	fbb012088d2246d18902b8856afac12f	x Kenan Kırcaer						n	-200000/100	-200000/100	1970-01-01 02:00:00 +0200
===== END
===== START
D	4270017a54904b6298952fbf8a5fd5fd	a5a60d748923402fa29b221845ba209a	2020-06-30 17:31:30 +0300	2020-06-30 17:30:06 +0300	2020-01-30 13:59:00 +0300	fbb012088d2246d18902b8856afac12f	x Kenan Kırcaer						n	200000/100	200000/100	1970-01-01 02:00:00 +0200
D	4270017a54904b6298952fbf8a5fd5fd	56a3c00202ab478fb1e980f120512ca1	2020-06-30 17:31:30 +0300	2020-06-30 17:30:06 +0300	2020-01-30 13:59:00 +0300	fbb012088d2246d18902b8856afac12f	x Kenan Kırcaer						n	-200000/100	-200000/100	1970-01-01 02:00:00 +0200
===== END
===== START
B	e29ac6803e074515b7be8ce2ce47c45c	eeb312adbdc04b16ac763e2146a0fbcc	2020-06-30 17:31:38 +0300	2020-06-30 17:19:23 +0300	2020-06-10 13:59:00 +0300	3a63f12134c244fa86b69fbbccbba3e0	Açık-TRY		yıkama elektrik ödemesi				n	20000/100	20000/100	1970-01-01 02:00:00 +0200
B	e29ac6803e074515b7be8ce2ce47c45c	ccfe80499cca4664a26617261c981d59	2020-06-30 17:31:38 +0300	2020-06-30 17:19:23 +0300	2020-06-10 13:59:00 +0300	2a6a356bd47a466ba9598900b746b08e	Çedaş		yıkama elektrik ödemesi				n	-20000/100	-20000/100	1970-01-01 02:00:00 +0200
===== END
===== START
C	e29ac6803e074515b7be8ce2ce47c45c	eeb312adbdc04b16ac763e2146a0fbcc	2020-06-30 17:31:38 +0300	2020-06-30 17:19:23 +0300	2020-06-10 13:59:00 +0300	b552133f27ab4c9cad6ba2bbca63b69f	240m2 KASA		yıkama elektrik ödemesi				n	20000/100	20000/100	1970-01-01 02:00:00 +0200
C	e29ac6803e074515b7be8ce2ce47c45c	ccfe80499cca4664a26617261c981d59	2020-06-30 17:31:38 +0300	2020-06-30 17:19:23 +0300	2020-06-10 13:59:00 +0300	2a6a356bd47a466ba9598900b746b08e	Çedaş		yıkama elektrik ödemesi				n	-20000/100	-20000/100	1970-01-01 02:00:00 +0200
===== END
