mod	trans_guid	split_guid	time_now	date_entered	date_posted	acc_guid	acc_name	num	description	notes	memo	action	reconciled	amount	value	date_reconciled
-----------------
===== START
C	4e5bf5dc454843b6abc340e229775ac9	67375095eaa34717a164350bdff7bb08	2020-06-30 15:50:51 +0300	2020-06-30 15:50:51 +0300	2019-12-30 13:59:00 +0300	2a6a356bd47a466ba9598900b746b08e	Çedaş				2018 aralık üfe		n	0/100	0/100	1970-01-01 02:00:00 +0200
===== END
===== START
===== END
===== START
B	173d160f0f3d49b7afc0d2a6a7a984e2	284ad78e7acb4bcba37b2efd676f8bbc	2020-06-30 15:51:00 +0300	2020-06-30 15:38:12 +0300	2019-12-31 13:59:00 +0300	62cf67902c2f48c28059ec3005e4290f	5 GLR Sny240m2						n	110000/100	110000/100	1970-01-01 02:00:00 +0200
B	173d160f0f3d49b7afc0d2a6a7a984e2	3b8bdf1a23fd4addb3aa7d39f16c768f	2020-06-30 15:51:00 +0300	2020-06-30 15:38:12 +0300	2019-12-31 13:59:00 +0300	2a6a356bd47a466ba9598900b746b08e	Çedaş						n	-110000/100	-110000/100	1970-01-01 02:00:00 +0200
===== END
===== START
C	173d160f0f3d49b7afc0d2a6a7a984e2	284ad78e7acb4bcba37b2efd676f8bbc	2020-06-30 15:51:00 +0300	2020-06-30 15:38:12 +0300	2019-12-31 13:59:00 +0300	62cf67902c2f48c28059ec3005e4290f	5 GLR Sny240m2		cikme bedeli				n	110000/100	110000/100	1970-01-01 02:00:00 +0200
C	173d160f0f3d49b7afc0d2a6a7a984e2	3b8bdf1a23fd4addb3aa7d39f16c768f	2020-06-30 15:51:00 +0300	2020-06-30 15:38:12 +0300	2019-12-31 13:59:00 +0300	2a6a356bd47a466ba9598900b746b08e	Çedaş		cikme bedeli				n	-110000/100	-110000/100	1970-01-01 02:00:00 +0200
===== END
===== START
B	173d160f0f3d49b7afc0d2a6a7a984e2	284ad78e7acb4bcba37b2efd676f8bbc	2020-06-30 15:51:15 +0300	2020-06-30 15:38:12 +0300	2019-12-31 13:59:00 +0300	62cf67902c2f48c28059ec3005e4290f	5 GLR Sny240m2		cikme bedeli				n	110000/100	110000/100	1970-01-01 02:00:00 +0200
B	173d160f0f3d49b7afc0d2a6a7a984e2	3b8bdf1a23fd4addb3aa7d39f16c768f	2020-06-30 15:51:15 +0300	2020-06-30 15:38:12 +0300	2019-12-31 13:59:00 +0300	2a6a356bd47a466ba9598900b746b08e	Çedaş		cikme bedeli				n	-110000/100	-110000/100	1970-01-01 02:00:00 +0200
===== END
===== START
C	173d160f0f3d49b7afc0d2a6a7a984e2	284ad78e7acb4bcba37b2efd676f8bbc	2020-06-30 15:51:15 +0300	2020-06-30 15:38:12 +0300	2019-12-31 13:59:00 +0300	62cf67902c2f48c28059ec3005e4290f	5 GLR Sny240m2		2018 teminat gecikme bedeli				n	110000/100	110000/100	1970-01-01 02:00:00 +0200
C	173d160f0f3d49b7afc0d2a6a7a984e2	3b8bdf1a23fd4addb3aa7d39f16c768f	2020-06-30 15:51:15 +0300	2020-06-30 15:38:12 +0300	2019-12-31 13:59:00 +0300	2a6a356bd47a466ba9598900b746b08e	Çedaş		2018 teminat gecikme bedeli				n	-110000/100	-110000/100	1970-01-01 02:00:00 +0200
===== END
===== START
B	4e5bf5dc454843b6abc340e229775ac9	67375095eaa34717a164350bdff7bb08	2020-06-30 15:51:37 +0300	2020-06-30 15:50:51 +0300	2019-12-30 13:59:00 +0300	2a6a356bd47a466ba9598900b746b08e	Çedaş				2018 aralık üfe		n	0/100	0/100	1970-01-01 02:00:00 +0200
===== END
===== START
C	4e5bf5dc454843b6abc340e229775ac9	67375095eaa34717a164350bdff7bb08	2020-06-30 15:51:37 +0300	2020-06-30 15:50:51 +0300	2020-12-30 13:59:00 +0300	2a6a356bd47a466ba9598900b746b08e	Çedaş		2018 teminat gecikme bedeli		2018 aralık üfe		n	0/100	0/100	1970-01-01 02:00:00 +0200
===== END
===== START
B	6594c11ab16540899bee7a46f0b1e8a1	97c359877de14836ab4ed2cf19bec00d	2020-06-30 15:52:04 +0300	2020-06-30 15:38:46 +0300	2019-12-30 13:59:00 +0300	2a6a356bd47a466ba9598900b746b08e	Çedaş		2018 teminat gecikme bedeli		2018 aralık üfe		n	0/100	0/100	1970-01-01 02:00:00 +0200
===== END
===== START
C	6594c11ab16540899bee7a46f0b1e8a1	97c359877de14836ab4ed2cf19bec00d	2020-06-30 15:52:04 +0300	2020-06-30 15:38:46 +0300	2019-12-30 13:59:00 +0300	2a6a356bd47a466ba9598900b746b08e	Çedaş		2018 teminat gecikme bedeli		2018 aralık üfe % 27,01		n	0/100	0/100	1970-01-01 02:00:00 +0200
===== END
===== START
B	6594c11ab16540899bee7a46f0b1e8a1	97c359877de14836ab4ed2cf19bec00d	2020-06-30 15:52:43 +0300	2020-06-30 15:38:46 +0300	2019-12-30 13:59:00 +0300	2a6a356bd47a466ba9598900b746b08e	Çedaş		2018 teminat gecikme bedeli		2018 aralık üfe % 27,01		n	0/100	0/100	1970-01-01 02:00:00 +0200
===== END
===== START
C	6594c11ab16540899bee7a46f0b1e8a1	97c359877de14836ab4ed2cf19bec00d	2020-06-30 15:52:43 +0300	2020-06-30 15:38:46 +0300	2019-12-30 13:59:00 +0300	2a6a356bd47a466ba9598900b746b08e	Çedaş		2018 teminat gecikme bedeli		2018 aralık üfe % 27,01		n	-114309/100	-114309/100	1970-01-01 02:00:00 +0200
C	6594c11ab16540899bee7a46f0b1e8a1	6a209ee414654bf9bd173cbcf04125cf	2020-06-30 15:52:43 +0300	2020-06-30 15:38:46 +0300	2019-12-30 13:59:00 +0300	3a63f12134c244fa86b69fbbccbba3e0	Açık-TRY		2018 teminat gecikme bedeli				n	114309/100	114309/100	1970-01-01 02:00:00 +0200
===== END
===== START
B	6594c11ab16540899bee7a46f0b1e8a1	6a209ee414654bf9bd173cbcf04125cf	2020-06-30 15:53:07 +0300	2020-06-30 15:38:46 +0300	2019-12-30 13:59:00 +0300	3a63f12134c244fa86b69fbbccbba3e0	Açık-TRY		2018 teminat gecikme bedeli				n	114309/100	114309/100	1970-01-01 02:00:00 +0200
B	6594c11ab16540899bee7a46f0b1e8a1	97c359877de14836ab4ed2cf19bec00d	2020-06-30 15:53:07 +0300	2020-06-30 15:38:46 +0300	2019-12-30 13:59:00 +0300	2a6a356bd47a466ba9598900b746b08e	Çedaş		2018 teminat gecikme bedeli		2018 aralık üfe % 27,01		n	-114309/100	-114309/100	1970-01-01 02:00:00 +0200
===== END
===== START
C	6594c11ab16540899bee7a46f0b1e8a1	6a209ee414654bf9bd173cbcf04125cf	2020-06-30 15:53:07 +0300	2020-06-30 15:38:46 +0300	2019-12-30 13:59:00 +0300	3a63f12134c244fa86b69fbbccbba3e0	Açık-TRY		2018 teminat gecikme bedeli				n	24309/100	24309/100	1970-01-01 02:00:00 +0200
C	6594c11ab16540899bee7a46f0b1e8a1	97c359877de14836ab4ed2cf19bec00d	2020-06-30 15:53:07 +0300	2020-06-30 15:38:46 +0300	2019-12-30 13:59:00 +0300	2a6a356bd47a466ba9598900b746b08e	Çedaş		2018 teminat gecikme bedeli		2018 aralık üfe % 27,01		n	-24309/100	-24309/100	1970-01-01 02:00:00 +0200
===== END
===== START
B	4e5bf5dc454843b6abc340e229775ac9	67375095eaa34717a164350bdff7bb08	2020-06-30 15:53:20 +0300	2020-06-30 15:50:51 +0300	2020-12-30 13:59:00 +0300	2a6a356bd47a466ba9598900b746b08e	Çedaş		2018 teminat gecikme bedeli		2018 aralık üfe		n	0/100	0/100	1970-01-01 02:00:00 +0200
===== END
===== START
C	4e5bf5dc454843b6abc340e229775ac9	67375095eaa34717a164350bdff7bb08	2020-06-30 15:53:20 +0300	2020-06-30 15:50:51 +0300	2020-12-30 13:59:00 +0300	2a6a356bd47a466ba9598900b746b08e	Çedaş		2018 teminat gecikme bedeli		2018 aralık üfe % 17,56		n	0/100	0/100	1970-01-01 02:00:00 +0200
===== END
===== START
B	4e5bf5dc454843b6abc340e229775ac9	67375095eaa34717a164350bdff7bb08	2020-06-30 15:53:31 +0300	2020-06-30 15:50:51 +0300	2020-12-30 13:59:00 +0300	2a6a356bd47a466ba9598900b746b08e	Çedaş		2018 teminat gecikme bedeli		2018 aralık üfe % 17,56		n	0/100	0/100	1970-01-01 02:00:00 +0200
===== END
===== START
C	4e5bf5dc454843b6abc340e229775ac9	67375095eaa34717a164350bdff7bb08	2020-06-30 15:53:31 +0300	2020-06-30 15:50:51 +0300	2020-12-30 13:59:00 +0300	2a6a356bd47a466ba9598900b746b08e	Çedaş		2018 teminat gecikme bedeli		2018 aralık üfe % 17,56		n	-19316/100	-19316/100	1970-01-01 02:00:00 +0200
C	4e5bf5dc454843b6abc340e229775ac9	ad1d33ed83dc4f89b25f3460a8829f8e	2020-06-30 15:53:31 +0300	2020-06-30 15:50:51 +0300	2020-12-30 13:59:00 +0300	3a63f12134c244fa86b69fbbccbba3e0	Açık-TRY		2018 teminat gecikme bedeli				n	19316/100	19316/100	1970-01-01 02:00:00 +0200
===== END
===== START
B	173d160f0f3d49b7afc0d2a6a7a984e2	284ad78e7acb4bcba37b2efd676f8bbc	2020-06-30 15:53:47 +0300	2020-06-30 15:38:12 +0300	2019-12-31 13:59:00 +0300	62cf67902c2f48c28059ec3005e4290f	5 GLR Sny240m2		2018 teminat gecikme bedeli				n	110000/100	110000/100	1970-01-01 02:00:00 +0200
B	173d160f0f3d49b7afc0d2a6a7a984e2	3b8bdf1a23fd4addb3aa7d39f16c768f	2020-06-30 15:53:47 +0300	2020-06-30 15:38:12 +0300	2019-12-31 13:59:00 +0300	2a6a356bd47a466ba9598900b746b08e	Çedaş		2018 teminat gecikme bedeli				n	-110000/100	-110000/100	1970-01-01 02:00:00 +0200
===== END
===== START
C	173d160f0f3d49b7afc0d2a6a7a984e2	284ad78e7acb4bcba37b2efd676f8bbc	2020-06-30 15:53:47 +0300	2020-06-30 15:38:12 +0300	2020-12-31 13:59:00 +0300	62cf67902c2f48c28059ec3005e4290f	5 GLR Sny240m2		2018 teminat gecikme bedeli				n	110000/100	110000/100	1970-01-01 02:00:00 +0200
C	173d160f0f3d49b7afc0d2a6a7a984e2	3b8bdf1a23fd4addb3aa7d39f16c768f	2020-06-30 15:53:47 +0300	2020-06-30 15:38:12 +0300	2020-12-31 13:59:00 +0300	2a6a356bd47a466ba9598900b746b08e	Çedaş		2018 teminat gecikme bedeli				n	-110000/100	-110000/100	1970-01-01 02:00:00 +0200
===== END
===== START
B	173d160f0f3d49b7afc0d2a6a7a984e2	284ad78e7acb4bcba37b2efd676f8bbc	2020-06-30 15:54:07 +0300	2020-06-30 15:38:12 +0300	2020-12-31 13:59:00 +0300	62cf67902c2f48c28059ec3005e4290f	5 GLR Sny240m2		2018 teminat gecikme bedeli				n	110000/100	110000/100	1970-01-01 02:00:00 +0200
B	173d160f0f3d49b7afc0d2a6a7a984e2	3b8bdf1a23fd4addb3aa7d39f16c768f	2020-06-30 15:54:07 +0300	2020-06-30 15:38:12 +0300	2020-12-31 13:59:00 +0300	2a6a356bd47a466ba9598900b746b08e	Çedaş		2018 teminat gecikme bedeli				n	-110000/100	-110000/100	1970-01-01 02:00:00 +0200
===== END
===== START
C	173d160f0f3d49b7afc0d2a6a7a984e2	284ad78e7acb4bcba37b2efd676f8bbc	2020-06-30 15:54:07 +0300	2020-06-30 15:38:12 +0300	2020-12-31 13:59:00 +0300	62cf67902c2f48c28059ec3005e4290f	5 GLR Sny240m2		2018 teminat gecikme bedeli				n	110000/100	110000/100	1970-01-01 02:00:00 +0200
C	173d160f0f3d49b7afc0d2a6a7a984e2	3b8bdf1a23fd4addb3aa7d39f16c768f	2020-06-30 15:54:07 +0300	2020-06-30 15:38:12 +0300	2020-12-31 13:59:00 +0300	2a6a356bd47a466ba9598900b746b08e	Çedaş		2018 teminat gecikme bedeli				n	-110000/100	-110000/100	1970-01-01 02:00:00 +0200
===== END
===== START
B	2cf02ea32743424991c1bd88911cef0c	da79cd2f4ad742b19773e4eb6fd023b8	2020-06-30 15:54:19 +0300	2020-06-30 15:37:32 +0300	2018-12-31 13:59:00 +0300	62cf67902c2f48c28059ec3005e4290f	5 GLR Sny240m2		Çedaş Teminat				n	90000/100	90000/100	1970-01-01 02:00:00 +0200
B	2cf02ea32743424991c1bd88911cef0c	e25d0985e33e45e7a050fa31039a372e	2020-06-30 15:54:19 +0300	2020-06-30 15:37:32 +0300	2018-12-31 13:59:00 +0300	2a6a356bd47a466ba9598900b746b08e	Çedaş		Çedaş Teminat				n	-90000/100	-90000/100	1970-01-01 02:00:00 +0200
===== END
===== START
C	2cf02ea32743424991c1bd88911cef0c	da79cd2f4ad742b19773e4eb6fd023b8	2020-06-30 15:54:19 +0300	2020-06-30 15:37:32 +0300	2018-12-31 13:59:00 +0300	62cf67902c2f48c28059ec3005e4290f	5 GLR Sny240m2		2019 Çedaş Teminat bedeli				n	90000/100	90000/100	1970-01-01 02:00:00 +0200
C	2cf02ea32743424991c1bd88911cef0c	e25d0985e33e45e7a050fa31039a372e	2020-06-30 15:54:19 +0300	2020-06-30 15:37:32 +0300	2018-12-31 13:59:00 +0300	2a6a356bd47a466ba9598900b746b08e	Çedaş		2019 Çedaş Teminat bedeli				n	-90000/100	-90000/100	1970-01-01 02:00:00 +0200
===== END
===== START
B	6594c11ab16540899bee7a46f0b1e8a1	6a209ee414654bf9bd173cbcf04125cf	2020-06-30 15:54:46 +0300	2020-06-30 15:38:46 +0300	2019-12-30 13:59:00 +0300	3a63f12134c244fa86b69fbbccbba3e0	Açık-TRY		2018 teminat gecikme bedeli				n	24309/100	24309/100	1970-01-01 02:00:00 +0200
B	6594c11ab16540899bee7a46f0b1e8a1	97c359877de14836ab4ed2cf19bec00d	2020-06-30 15:54:46 +0300	2020-06-30 15:38:46 +0300	2019-12-30 13:59:00 +0300	2a6a356bd47a466ba9598900b746b08e	Çedaş		2018 teminat gecikme bedeli		2018 aralık üfe % 27,01		n	-24309/100	-24309/100	1970-01-01 02:00:00 +0200
===== END
===== START
C	6594c11ab16540899bee7a46f0b1e8a1	6a209ee414654bf9bd173cbcf04125cf	2020-06-30 15:54:46 +0300	2020-06-30 15:38:46 +0300	2019-12-30 13:59:00 +0300	62cf67902c2f48c28059ec3005e4290f	5 GLR Sny240m2		2018 teminat gecikme bedeli				n	24309/100	24309/100	1970-01-01 02:00:00 +0200
C	6594c11ab16540899bee7a46f0b1e8a1	97c359877de14836ab4ed2cf19bec00d	2020-06-30 15:54:46 +0300	2020-06-30 15:38:46 +0300	2019-12-30 13:59:00 +0300	2a6a356bd47a466ba9598900b746b08e	Çedaş		2018 teminat gecikme bedeli		2018 aralık üfe % 27,01		n	-24309/100	-24309/100	1970-01-01 02:00:00 +0200
===== END
===== START
B	4e5bf5dc454843b6abc340e229775ac9	ad1d33ed83dc4f89b25f3460a8829f8e	2020-06-30 15:54:52 +0300	2020-06-30 15:50:51 +0300	2020-12-30 13:59:00 +0300	3a63f12134c244fa86b69fbbccbba3e0	Açık-TRY		2018 teminat gecikme bedeli				n	19316/100	19316/100	1970-01-01 02:00:00 +0200
B	4e5bf5dc454843b6abc340e229775ac9	67375095eaa34717a164350bdff7bb08	2020-06-30 15:54:52 +0300	2020-06-30 15:50:51 +0300	2020-12-30 13:59:00 +0300	2a6a356bd47a466ba9598900b746b08e	Çedaş		2018 teminat gecikme bedeli		2018 aralık üfe % 17,56		n	-19316/100	-19316/100	1970-01-01 02:00:00 +0200
===== END
===== START
C	4e5bf5dc454843b6abc340e229775ac9	ad1d33ed83dc4f89b25f3460a8829f8e	2020-06-30 15:54:52 +0300	2020-06-30 15:50:51 +0300	2020-12-30 13:59:00 +0300	62cf67902c2f48c28059ec3005e4290f	5 GLR Sny240m2		2018 teminat gecikme bedeli				n	19316/100	19316/100	1970-01-01 02:00:00 +0200
C	4e5bf5dc454843b6abc340e229775ac9	67375095eaa34717a164350bdff7bb08	2020-06-30 15:54:52 +0300	2020-06-30 15:50:51 +0300	2020-12-30 13:59:00 +0300	2a6a356bd47a466ba9598900b746b08e	Çedaş		2018 teminat gecikme bedeli		2018 aralık üfe % 17,56		n	-19316/100	-19316/100	1970-01-01 02:00:00 +0200
===== END
===== START
B	173d160f0f3d49b7afc0d2a6a7a984e2	284ad78e7acb4bcba37b2efd676f8bbc	2020-06-30 15:55:21 +0300	2020-06-30 15:38:12 +0300	2020-12-31 13:59:00 +0300	62cf67902c2f48c28059ec3005e4290f	5 GLR Sny240m2		2018 teminat gecikme bedeli				n	110000/100	110000/100	1970-01-01 02:00:00 +0200
B	173d160f0f3d49b7afc0d2a6a7a984e2	3b8bdf1a23fd4addb3aa7d39f16c768f	2020-06-30 15:55:21 +0300	2020-06-30 15:38:12 +0300	2020-12-31 13:59:00 +0300	2a6a356bd47a466ba9598900b746b08e	Çedaş		2018 teminat gecikme bedeli				n	-110000/100	-110000/100	1970-01-01 02:00:00 +0200
===== END
===== START
C	173d160f0f3d49b7afc0d2a6a7a984e2	284ad78e7acb4bcba37b2efd676f8bbc	2020-06-30 15:55:21 +0300	2020-06-30 15:38:12 +0300	2020-12-31 13:59:00 +0300	62cf67902c2f48c28059ec3005e4290f	5 GLR Sny240m2		209 Çedaş Teminat bedeli20				n	110000/100	110000/100	1970-01-01 02:00:00 +0200
C	173d160f0f3d49b7afc0d2a6a7a984e2	3b8bdf1a23fd4addb3aa7d39f16c768f	2020-06-30 15:55:21 +0300	2020-06-30 15:38:12 +0300	2020-12-31 13:59:00 +0300	2a6a356bd47a466ba9598900b746b08e	Çedaş		209 Çedaş Teminat bedeli20				n	-110000/100	-110000/100	1970-01-01 02:00:00 +0200
===== END
===== START
B	173d160f0f3d49b7afc0d2a6a7a984e2	284ad78e7acb4bcba37b2efd676f8bbc	2020-06-30 15:55:26 +0300	2020-06-30 15:38:12 +0300	2020-12-31 13:59:00 +0300	62cf67902c2f48c28059ec3005e4290f	5 GLR Sny240m2		209 Çedaş Teminat bedeli20				n	110000/100	110000/100	1970-01-01 02:00:00 +0200
B	173d160f0f3d49b7afc0d2a6a7a984e2	3b8bdf1a23fd4addb3aa7d39f16c768f	2020-06-30 15:55:26 +0300	2020-06-30 15:38:12 +0300	2020-12-31 13:59:00 +0300	2a6a356bd47a466ba9598900b746b08e	Çedaş		209 Çedaş Teminat bedeli20				n	-110000/100	-110000/100	1970-01-01 02:00:00 +0200
===== END
===== START
C	173d160f0f3d49b7afc0d2a6a7a984e2	284ad78e7acb4bcba37b2efd676f8bbc	2020-06-30 15:55:26 +0300	2020-06-30 15:38:12 +0300	2020-12-31 13:59:00 +0300	62cf67902c2f48c28059ec3005e4290f	5 GLR Sny240m2		2020 Çedaş Teminat bedeli20				n	110000/100	110000/100	1970-01-01 02:00:00 +0200
C	173d160f0f3d49b7afc0d2a6a7a984e2	3b8bdf1a23fd4addb3aa7d39f16c768f	2020-06-30 15:55:26 +0300	2020-06-30 15:38:12 +0300	2020-12-31 13:59:00 +0300	2a6a356bd47a466ba9598900b746b08e	Çedaş		2020 Çedaş Teminat bedeli20				n	-110000/100	-110000/100	1970-01-01 02:00:00 +0200
===== END
===== START
B	173d160f0f3d49b7afc0d2a6a7a984e2	284ad78e7acb4bcba37b2efd676f8bbc	2020-06-30 15:55:35 +0300	2020-06-30 15:38:12 +0300	2020-12-31 13:59:00 +0300	62cf67902c2f48c28059ec3005e4290f	5 GLR Sny240m2		2020 Çedaş Teminat bedeli20				n	110000/100	110000/100	1970-01-01 02:00:00 +0200
B	173d160f0f3d49b7afc0d2a6a7a984e2	3b8bdf1a23fd4addb3aa7d39f16c768f	2020-06-30 15:55:35 +0300	2020-06-30 15:38:12 +0300	2020-12-31 13:59:00 +0300	2a6a356bd47a466ba9598900b746b08e	Çedaş		2020 Çedaş Teminat bedeli20				n	-110000/100	-110000/100	1970-01-01 02:00:00 +0200
===== END
===== START
C	173d160f0f3d49b7afc0d2a6a7a984e2	284ad78e7acb4bcba37b2efd676f8bbc	2020-06-30 15:55:35 +0300	2020-06-30 15:38:12 +0300	2019-12-31 13:59:00 +0300	62cf67902c2f48c28059ec3005e4290f	5 GLR Sny240m2		2020 Çedaş Teminat bedeli				n	110000/100	110000/100	1970-01-01 02:00:00 +0200
C	173d160f0f3d49b7afc0d2a6a7a984e2	3b8bdf1a23fd4addb3aa7d39f16c768f	2020-06-30 15:55:35 +0300	2020-06-30 15:38:12 +0300	2019-12-31 13:59:00 +0300	2a6a356bd47a466ba9598900b746b08e	Çedaş		2020 Çedaş Teminat bedeli				n	-110000/100	-110000/100	1970-01-01 02:00:00 +0200
===== END
===== START
B	779a759e8bfd4ead9a26a66c51a535d9	fbf974f19ad041169a9cf61661a7ab67	2020-06-30 15:56:25 +0300	2019-12-02 10:48:03 +0300	2018-12-31 13:59:00 +0300	b5c86390d3244c54a84665ddd07f7f17	Kira 2019		Elektrik Abonesi teminat mektubu Bedeli				n	90000/100	90000/100	1970-01-01 02:00:00 +0200
B	779a759e8bfd4ead9a26a66c51a535d9	67ecaf56f573418eac7f4beeb0decaeb	2020-06-30 15:56:25 +0300	2019-12-02 10:48:03 +0300	2018-12-31 13:59:00 +0300	3aa1ec8129524dc2bd8d898c2c0ecfcf	Ort. SM		Elektrik Abonesi teminat mektubu Bedeli				n	-90000/100	-90000/100	1970-01-01 02:00:00 +0200
===== END
===== START
D	779a759e8bfd4ead9a26a66c51a535d9	fbf974f19ad041169a9cf61661a7ab67	2020-06-30 15:56:25 +0300	2019-12-02 10:48:03 +0300	2018-12-31 13:59:00 +0300	b5c86390d3244c54a84665ddd07f7f17	Kira 2019		Elektrik Abonesi teminat mektubu Bedeli				n	90000/100	90000/100	1970-01-01 02:00:00 +0200
D	779a759e8bfd4ead9a26a66c51a535d9	67ecaf56f573418eac7f4beeb0decaeb	2020-06-30 15:56:25 +0300	2019-12-02 10:48:03 +0300	2018-12-31 13:59:00 +0300	3aa1ec8129524dc2bd8d898c2c0ecfcf	Ort. SM		Elektrik Abonesi teminat mektubu Bedeli				n	-90000/100	-90000/100	1970-01-01 02:00:00 +0200
===== END
===== START
B	7b68ba3e8eb64467bb657820cca3d661	10d75a9850114672b8e07481b705cb9d	2020-06-30 15:56:28 +0300	2020-04-28 16:29:51 +0300	2019-12-31 13:59:00 +0300	b5c86390d3244c54a84665ddd07f7f17	Kira 2019		SANAYİ ELEKETRİK TEMİNAT BEDELİ				n	110000/100	110000/100	1970-01-01 02:00:00 +0200
B	7b68ba3e8eb64467bb657820cca3d661	79a52dc8923e42eaa29786adddefa6ee	2020-06-30 15:56:28 +0300	2020-04-28 16:29:51 +0300	2019-12-31 13:59:00 +0300	3aa1ec8129524dc2bd8d898c2c0ecfcf	Ort. SM		SANAYİ ELEKETRİK TEMİNAT BEDELİ				n	-110000/100	-110000/100	1970-01-01 02:00:00 +0200
===== END
===== START
D	7b68ba3e8eb64467bb657820cca3d661	10d75a9850114672b8e07481b705cb9d	2020-06-30 15:56:28 +0300	2020-04-28 16:29:51 +0300	2019-12-31 13:59:00 +0300	b5c86390d3244c54a84665ddd07f7f17	Kira 2019		SANAYİ ELEKETRİK TEMİNAT BEDELİ				n	110000/100	110000/100	1970-01-01 02:00:00 +0200
D	7b68ba3e8eb64467bb657820cca3d661	79a52dc8923e42eaa29786adddefa6ee	2020-06-30 15:56:28 +0300	2020-04-28 16:29:51 +0300	2019-12-31 13:59:00 +0300	3aa1ec8129524dc2bd8d898c2c0ecfcf	Ort. SM		SANAYİ ELEKETRİK TEMİNAT BEDELİ				n	-110000/100	-110000/100	1970-01-01 02:00:00 +0200
===== END
===== START
B	20dc6aaf79e54c9f9fc6a3f7240e6929	b619054684ad4cdbb207c50b663d3b84	2020-06-30 15:57:03 +0300	2020-06-30 15:19:07 +0300	2020-06-30 13:59:00 +0300	3a63f12134c244fa86b69fbbccbba3e0	Açık-TRY		dursun durmuş noter ihtar I				n	5000/100	5000/100	1970-01-01 02:00:00 +0200
B	20dc6aaf79e54c9f9fc6a3f7240e6929	146be8cf086549a7be8cc5c092b3bfa3	2020-06-30 15:57:03 +0300	2020-06-30 15:19:07 +0300	2020-06-30 13:59:00 +0300	387b456e049641929ce113693e7c9cfd	icra		dursun durmuş noter ihtar I				n	-5000/100	-5000/100	1970-01-01 02:00:00 +0200
===== END
===== START
C	20dc6aaf79e54c9f9fc6a3f7240e6929	b619054684ad4cdbb207c50b663d3b84	2020-06-30 15:57:03 +0300	2020-06-30 15:19:07 +0300	2020-06-30 13:59:00 +0300	62cf67902c2f48c28059ec3005e4290f	5 GLR Sny240m2		dursun durmuş noter ihtar I				n	5000/100	5000/100	1970-01-01 02:00:00 +0200
C	20dc6aaf79e54c9f9fc6a3f7240e6929	146be8cf086549a7be8cc5c092b3bfa3	2020-06-30 15:57:03 +0300	2020-06-30 15:19:07 +0300	2020-06-30 13:59:00 +0300	387b456e049641929ce113693e7c9cfd	icra		dursun durmuş noter ihtar I				n	-5000/100	-5000/100	1970-01-01 02:00:00 +0200
===== END
===== START
B	1a28a2b52b28400e9a06694e03383217	9231220ba3ee4734b971458d38d9938a	2020-06-30 15:57:13 +0300	2020-06-30 15:18:20 +0300	2020-06-30 13:59:00 +0300	b552133f27ab4c9cad6ba2bbca63b69f	240m2 KASA		dursun durmuş noter ihtar I				n	13000/100	13000/100	1970-01-01 02:00:00 +0200
B	1a28a2b52b28400e9a06694e03383217	6e068408ee3445ee81c5b13cb2298b2b	2020-06-30 15:57:13 +0300	2020-06-30 15:18:20 +0300	2020-06-30 13:59:00 +0300	387b456e049641929ce113693e7c9cfd	icra		dursun durmuş noter ihtar I				n	-13000/100	-13000/100	1970-01-01 02:00:00 +0200
===== END
===== START
C	1a28a2b52b28400e9a06694e03383217	9231220ba3ee4734b971458d38d9938a	2020-06-30 15:57:13 +0300	2020-06-30 15:18:20 +0300	2019-10-15 13:59:00 +0300	b552133f27ab4c9cad6ba2bbca63b69f	240m2 KASA		dursun durmuş noter ihtar I				n	13000/100	13000/100	1970-01-01 02:00:00 +0200
C	1a28a2b52b28400e9a06694e03383217	6e068408ee3445ee81c5b13cb2298b2b	2020-06-30 15:57:13 +0300	2020-06-30 15:18:20 +0300	2019-10-15 13:59:00 +0300	387b456e049641929ce113693e7c9cfd	icra		dursun durmuş noter ihtar I				n	-13000/100	-13000/100	1970-01-01 02:00:00 +0200
===== END
===== START
B	41976dddbfd9418cbab2b05a1fb1ebe4	4427ba028ff54a31935d503d7e94adfb	2020-06-30 15:57:18 +0300	2020-06-30 15:19:05 +0300	2020-06-30 13:59:00 +0300	62cf67902c2f48c28059ec3005e4290f	5 GLR Sny240m2		dursun durmuş noter ihtar I				n	20000/100	20000/100	1970-01-01 02:00:00 +0200
B	41976dddbfd9418cbab2b05a1fb1ebe4	cf557e81cb5d45c0be7535b8b100236d	2020-06-30 15:57:18 +0300	2020-06-30 15:19:05 +0300	2020-06-30 13:59:00 +0300	387b456e049641929ce113693e7c9cfd	icra		dursun durmuş noter ihtar I				n	-20000/100	-20000/100	1970-01-01 02:00:00 +0200
===== END
===== START
C	41976dddbfd9418cbab2b05a1fb1ebe4	4427ba028ff54a31935d503d7e94adfb	2020-06-30 15:57:18 +0300	2020-06-30 15:19:05 +0300	2019-10-20 13:59:00 +0300	62cf67902c2f48c28059ec3005e4290f	5 GLR Sny240m2		dursun durmuş noter ihtar I				n	20000/100	20000/100	1970-01-01 02:00:00 +0200
C	41976dddbfd9418cbab2b05a1fb1ebe4	cf557e81cb5d45c0be7535b8b100236d	2020-06-30 15:57:18 +0300	2020-06-30 15:19:05 +0300	2019-10-20 13:59:00 +0300	387b456e049641929ce113693e7c9cfd	icra		dursun durmuş noter ihtar I				n	-20000/100	-20000/100	1970-01-01 02:00:00 +0200
===== END
===== START
B	20dc6aaf79e54c9f9fc6a3f7240e6929	b619054684ad4cdbb207c50b663d3b84	2020-06-30 15:57:23 +0300	2020-06-30 15:19:07 +0300	2020-06-30 13:59:00 +0300	62cf67902c2f48c28059ec3005e4290f	5 GLR Sny240m2		dursun durmuş noter ihtar I				n	5000/100	5000/100	1970-01-01 02:00:00 +0200
B	20dc6aaf79e54c9f9fc6a3f7240e6929	146be8cf086549a7be8cc5c092b3bfa3	2020-06-30 15:57:23 +0300	2020-06-30 15:19:07 +0300	2020-06-30 13:59:00 +0300	387b456e049641929ce113693e7c9cfd	icra		dursun durmuş noter ihtar I				n	-5000/100	-5000/100	1970-01-01 02:00:00 +0200
===== END
===== START
C	20dc6aaf79e54c9f9fc6a3f7240e6929	b619054684ad4cdbb207c50b663d3b84	2020-06-30 15:57:23 +0300	2020-06-30 15:19:07 +0300	2019-10-25 13:59:00 +0300	62cf67902c2f48c28059ec3005e4290f	5 GLR Sny240m2		dursun durmuş noter ihtar I				n	5000/100	5000/100	1970-01-01 02:00:00 +0200
C	20dc6aaf79e54c9f9fc6a3f7240e6929	146be8cf086549a7be8cc5c092b3bfa3	2020-06-30 15:57:23 +0300	2020-06-30 15:19:07 +0300	2019-10-25 13:59:00 +0300	387b456e049641929ce113693e7c9cfd	icra		dursun durmuş noter ihtar I				n	-5000/100	-5000/100	1970-01-01 02:00:00 +0200
===== END
===== START
C	7f0eb77e266d4345affcb18adee83e2c	0ca571c3f2d849e0bb249918a07c8eb6	2020-06-30 15:57:35 +0300	2020-06-30 15:57:35 +0300	2019-11-11 13:59:00 +0300	387b456e049641929ce113693e7c9cfd	icra						n	0/100	0/100	1970-01-01 02:00:00 +0200
===== END
===== START
===== END
===== START
C	fcf87a8bb20448b0aa6b3bafd01067dd	48f5e74534a64d16868f47e46bf08ce8	2020-06-30 15:57:44 +0300	2020-06-30 15:57:44 +0300	2019-11-11 13:59:00 +0300	387b456e049641929ce113693e7c9cfd	icra						n	0/100	0/100	1970-01-01 02:00:00 +0200
===== END
===== START
===== END
===== START
B	7f0eb77e266d4345affcb18adee83e2c	0ca571c3f2d849e0bb249918a07c8eb6	2020-06-30 15:58:02 +0300	2020-06-30 15:57:35 +0300	2019-11-11 13:59:00 +0300	387b456e049641929ce113693e7c9cfd	icra						n	0/100	0/100	1970-01-01 02:00:00 +0200
===== END
===== START
C	7f0eb77e266d4345affcb18adee83e2c	0ca571c3f2d849e0bb249918a07c8eb6	2020-06-30 15:58:02 +0300	2020-06-30 15:57:35 +0300	2019-11-11 13:59:00 +0300	387b456e049641929ce113693e7c9cfd	icra		Tahliye için icra başvuru				n	0/100	0/100	1970-01-01 02:00:00 +0200
===== END
===== START
B	fcf87a8bb20448b0aa6b3bafd01067dd	48f5e74534a64d16868f47e46bf08ce8	2020-06-30 15:58:18 +0300	2020-06-30 15:57:44 +0300	2019-11-11 13:59:00 +0300	387b456e049641929ce113693e7c9cfd	icra						n	0/100	0/100	1970-01-01 02:00:00 +0200
===== END
===== START
C	fcf87a8bb20448b0aa6b3bafd01067dd	48f5e74534a64d16868f47e46bf08ce8	2020-06-30 15:58:18 +0300	2020-06-30 15:57:44 +0300	2019-11-11 13:59:00 +0300	387b456e049641929ce113693e7c9cfd	icra		maliye damga vergisi				n	0/100	0/100	1970-01-01 02:00:00 +0200
===== END
===== START
B	7f0eb77e266d4345affcb18adee83e2c	0ca571c3f2d849e0bb249918a07c8eb6	2020-06-30 15:58:26 +0300	2020-06-30 15:57:35 +0300	2019-11-11 13:59:00 +0300	387b456e049641929ce113693e7c9cfd	icra		Tahliye için icra başvuru				n	0/100	0/100	1970-01-01 02:00:00 +0200
===== END
===== START
C	7f0eb77e266d4345affcb18adee83e2c	0ca571c3f2d849e0bb249918a07c8eb6	2020-06-30 15:58:26 +0300	2020-06-30 15:57:35 +0300	2019-11-11 13:59:00 +0300	387b456e049641929ce113693e7c9cfd	icra		Tahliye için icra başvuru				n	0/100	0/100	1970-01-01 02:00:00 +0200
C	7f0eb77e266d4345affcb18adee83e2c	399305ba775147f787bd82be924ea1e1	2020-06-30 15:58:26 +0300	2020-06-30 15:57:35 +0300	2019-11-11 13:59:00 +0300	62cf67902c2f48c28059ec3005e4290f	5 GLR Sny240m2		Tahliye için icra başvuru				n	0/100	0/100	1970-01-01 02:00:00 +0200
===== END
===== START
B	fcf87a8bb20448b0aa6b3bafd01067dd	48f5e74534a64d16868f47e46bf08ce8	2020-06-30 15:58:29 +0300	2020-06-30 15:57:44 +0300	2019-11-11 13:59:00 +0300	387b456e049641929ce113693e7c9cfd	icra		maliye damga vergisi				n	0/100	0/100	1970-01-01 02:00:00 +0200
===== END
===== START
C	fcf87a8bb20448b0aa6b3bafd01067dd	48f5e74534a64d16868f47e46bf08ce8	2020-06-30 15:58:29 +0300	2020-06-30 15:57:44 +0300	2019-11-11 13:59:00 +0300	387b456e049641929ce113693e7c9cfd	icra		maliye damga vergisi				n	0/100	0/100	1970-01-01 02:00:00 +0200
C	fcf87a8bb20448b0aa6b3bafd01067dd	5245b74767e246b7a58f51734371d75b	2020-06-30 15:58:29 +0300	2020-06-30 15:57:44 +0300	2019-11-11 13:59:00 +0300	62cf67902c2f48c28059ec3005e4290f	5 GLR Sny240m2		maliye damga vergisi				n	0/100	0/100	1970-01-01 02:00:00 +0200
===== END
===== START
B	7f0eb77e266d4345affcb18adee83e2c	0ca571c3f2d849e0bb249918a07c8eb6	2020-06-30 15:58:38 +0300	2020-06-30 15:57:35 +0300	2019-11-11 13:59:00 +0300	387b456e049641929ce113693e7c9cfd	icra		Tahliye için icra başvuru				n	0/100	0/100	1970-01-01 02:00:00 +0200
B	7f0eb77e266d4345affcb18adee83e2c	399305ba775147f787bd82be924ea1e1	2020-06-30 15:58:38 +0300	2020-06-30 15:57:35 +0300	2019-11-11 13:59:00 +0300	62cf67902c2f48c28059ec3005e4290f	5 GLR Sny240m2		Tahliye için icra başvuru				n	0/100	0/100	1970-01-01 02:00:00 +0200
===== END
===== START
C	7f0eb77e266d4345affcb18adee83e2c	0ca571c3f2d849e0bb249918a07c8eb6	2020-06-30 15:58:38 +0300	2020-06-30 15:57:35 +0300	2019-11-11 13:59:00 +0300	387b456e049641929ce113693e7c9cfd	icra		Tahliye için icra başvuru				n	-15000/100	-15000/100	1970-01-01 02:00:00 +0200
C	7f0eb77e266d4345affcb18adee83e2c	399305ba775147f787bd82be924ea1e1	2020-06-30 15:58:38 +0300	2020-06-30 15:57:35 +0300	2019-11-11 13:59:00 +0300	62cf67902c2f48c28059ec3005e4290f	5 GLR Sny240m2		Tahliye için icra başvuru				n	15000/100	15000/100	1970-01-01 02:00:00 +0200
===== END
===== START
B	fcf87a8bb20448b0aa6b3bafd01067dd	48f5e74534a64d16868f47e46bf08ce8	2020-06-30 15:58:49 +0300	2020-06-30 15:57:44 +0300	2019-11-11 13:59:00 +0300	387b456e049641929ce113693e7c9cfd	icra		maliye damga vergisi				n	0/100	0/100	1970-01-01 02:00:00 +0200
B	fcf87a8bb20448b0aa6b3bafd01067dd	5245b74767e246b7a58f51734371d75b	2020-06-30 15:58:49 +0300	2020-06-30 15:57:44 +0300	2019-11-11 13:59:00 +0300	62cf67902c2f48c28059ec3005e4290f	5 GLR Sny240m2		maliye damga vergisi				n	0/100	0/100	1970-01-01 02:00:00 +0200
===== END
===== START
C	fcf87a8bb20448b0aa6b3bafd01067dd	48f5e74534a64d16868f47e46bf08ce8	2020-06-30 15:58:49 +0300	2020-06-30 15:57:44 +0300	2019-11-11 13:59:00 +0300	387b456e049641929ce113693e7c9cfd	icra		maliye damga vergisi				n	-50500/100	-50500/100	1970-01-01 02:00:00 +0200
C	fcf87a8bb20448b0aa6b3bafd01067dd	5245b74767e246b7a58f51734371d75b	2020-06-30 15:58:49 +0300	2020-06-30 15:57:44 +0300	2019-11-11 13:59:00 +0300	62cf67902c2f48c28059ec3005e4290f	5 GLR Sny240m2		maliye damga vergisi				n	50500/100	50500/100	1970-01-01 02:00:00 +0200
===== END
===== START
C	024087c6fce54bd0aabcced5600b731b	7bb82c112bd44d0abf6473eababf74bc	2020-06-30 15:59:00 +0300	2020-06-30 15:59:00 +0300	2019-11-29 13:59:00 +0300	387b456e049641929ce113693e7c9cfd	icra						n	0/100	0/100	1970-01-01 02:00:00 +0200
===== END
===== START
===== END
===== START
B	024087c6fce54bd0aabcced5600b731b	7bb82c112bd44d0abf6473eababf74bc	2020-06-30 15:59:16 +0300	2020-06-30 15:59:00 +0300	2019-11-29 13:59:00 +0300	387b456e049641929ce113693e7c9cfd	icra						n	0/100	0/100	1970-01-01 02:00:00 +0200
===== END
===== START
C	024087c6fce54bd0aabcced5600b731b	7bb82c112bd44d0abf6473eababf74bc	2020-06-30 15:59:16 +0300	2020-06-30 15:59:00 +0300	2019-11-29 13:59:00 +0300	387b456e049641929ce113693e7c9cfd	icra		icra dairesi tebligat 21-2				n	0/100	0/100	1970-01-01 02:00:00 +0200
===== END
===== START
B	024087c6fce54bd0aabcced5600b731b	7bb82c112bd44d0abf6473eababf74bc	2020-06-30 15:59:24 +0300	2020-06-30 15:59:00 +0300	2019-11-29 13:59:00 +0300	387b456e049641929ce113693e7c9cfd	icra		icra dairesi tebligat 21-2				n	0/100	0/100	1970-01-01 02:00:00 +0200
===== END
===== START
C	024087c6fce54bd0aabcced5600b731b	7bb82c112bd44d0abf6473eababf74bc	2020-06-30 15:59:24 +0300	2020-06-30 15:59:00 +0300	2019-11-29 13:59:00 +0300	387b456e049641929ce113693e7c9cfd	icra		icra dairesi tebligat 21-2				n	-5000/100	-5000/100	1970-01-01 02:00:00 +0200
C	024087c6fce54bd0aabcced5600b731b	808983c8551e4faab035e55854fcc0de	2020-06-30 15:59:24 +0300	2020-06-30 15:59:00 +0300	2019-11-29 13:59:00 +0300	62cf67902c2f48c28059ec3005e4290f	5 GLR Sny240m2		icra dairesi tebligat 21-2				n	5000/100	5000/100	1970-01-01 02:00:00 +0200
===== END
===== START
===== END
===== START
C	37cce06e518442b0872d428a2edcd0a2	baf0d3112bce4ad3ac5f7ed11913e2a2	2020-06-30 16:00:23 +0300	2020-06-30 16:00:23 +0300	2019-01-30 13:59:00 +0300	a207fcf4af9c400eb69a647726531142	Kira Gecikme üfe						n	0/100	0/100	1970-01-01 02:00:00 +0200
===== END
===== START
===== END
===== START
B	37cce06e518442b0872d428a2edcd0a2	baf0d3112bce4ad3ac5f7ed11913e2a2	2020-06-30 16:01:51 +0300	2020-06-30 16:00:23 +0300	2019-01-30 13:59:00 +0300	a207fcf4af9c400eb69a647726531142	Kira Gecikme üfe						n	0/100	0/100	1970-01-01 02:00:00 +0200
===== END
===== START
C	37cce06e518442b0872d428a2edcd0a2	baf0d3112bce4ad3ac5f7ed11913e2a2	2020-06-30 16:01:51 +0300	2020-06-30 16:00:23 +0300	2019-01-30 13:59:00 +0300	a207fcf4af9c400eb69a647726531142	Kira Gecikme üfe		Kira tüfe 4000 * üfe 28,70				n	0/100	0/100	1970-01-01 02:00:00 +0200
===== END
===== START
B	37cce06e518442b0872d428a2edcd0a2	baf0d3112bce4ad3ac5f7ed11913e2a2	2020-06-30 16:02:22 +0300	2020-06-30 16:00:23 +0300	2019-01-30 13:59:00 +0300	a207fcf4af9c400eb69a647726531142	Kira Gecikme üfe		Kira tüfe 4000 * üfe 28,70				n	0/100	0/100	1970-01-01 02:00:00 +0200
===== END
===== START
C	37cce06e518442b0872d428a2edcd0a2	baf0d3112bce4ad3ac5f7ed11913e2a2	2020-06-30 16:02:22 +0300	2020-06-30 16:00:23 +0300	2019-01-30 13:59:00 +0300	a207fcf4af9c400eb69a647726531142	Kira Gecikme üfe		Ocak Kira tüfe 4000 * üfe 28,70				n	0/100	0/100	1970-01-01 02:00:00 +0200
===== END
===== START
C	f9db559e8eda42ad93b25b576bc5409e	2b878e30ab0a49d393e9793397617d39	2020-06-30 16:02:48 +0300	2020-06-30 16:02:48 +0300	2019-02-28 13:59:00 +0300	a207fcf4af9c400eb69a647726531142	Kira Gecikme üfe		Ocak Kira tüfe 4000 * üfe 28,70				n	0/100	0/100	1970-01-01 02:00:00 +0200
===== END
===== START
===== END
===== START
B	f9db559e8eda42ad93b25b576bc5409e	2b878e30ab0a49d393e9793397617d39	2020-06-30 16:02:54 +0300	2020-06-30 16:02:48 +0300	2019-02-28 13:59:00 +0300	a207fcf4af9c400eb69a647726531142	Kira Gecikme üfe		Ocak Kira tüfe 4000 * üfe 28,70				n	0/100	0/100	1970-01-01 02:00:00 +0200
===== END
===== START
C	f9db559e8eda42ad93b25b576bc5409e	2b878e30ab0a49d393e9793397617d39	2020-06-30 16:02:54 +0300	2020-06-30 16:02:48 +0300	2019-02-28 13:59:00 +0300	a207fcf4af9c400eb69a647726531142	Kira Gecikme üfe		Kira tüfe 4000 * üfe 28,70				n	0/100	0/100	1970-01-01 02:00:00 +0200
===== END
