mod	trans_guid	split_guid	time_now	date_entered	date_posted	acc_guid	acc_name	num	description	notes	memo	action	reconciled	amount	value	date_reconciled
-----------------
===== START
B	71e5e57d3097456a886283dcb87aa4ee	2508c3fa292544e8a52ab8834ae7795a	2020-06-29 15:54:35 +0300	2019-12-25 14:47:33 +0300	2019-12-25 13:59:00 +0300	f9df8197d3194edfb63f3ba2eb17ebf6	73bac7009a4c42788ff6c52b08151fe5		Tzg Kira Ödemesi Ocak 2020 - Salih Kaymak				n	0/1	0/100	1970-01-01 02:00:00 +0200
B	71e5e57d3097456a886283dcb87aa4ee	310b6dc8048c426d9af57db756b4eee4	2020-06-29 15:54:35 +0300	2019-12-25 14:47:33 +0300	2019-12-25 13:59:00 +0300	f9df8197d3194edfb63f3ba2eb17ebf6	73bac7009a4c42788ff6c52b08151fe5		Tzg Kira Ödemesi Ocak 2020 - Salih Kaymak				n	0/1	0/100	1970-01-01 02:00:00 +0200
===== END
===== START
R	71e5e57d3097456a886283dcb87aa4ee	2508c3fa292544e8a52ab8834ae7795a	2020-06-29 15:54:35 +0300	2019-12-25 14:47:33 +0300	2019-12-25 13:59:00 +0300	f9df8197d3194edfb63f3ba2eb17ebf6	73bac7009a4c42788ff6c52b08151fe5		Tzg Kira Ödemesi Ocak 2020 - Salih Kaymak				n	0/1	0/100	1970-01-01 02:00:00 +0200
R	71e5e57d3097456a886283dcb87aa4ee	310b6dc8048c426d9af57db756b4eee4	2020-06-29 15:54:35 +0300	2019-12-25 14:47:33 +0300	2019-12-25 13:59:00 +0300	f9df8197d3194edfb63f3ba2eb17ebf6	73bac7009a4c42788ff6c52b08151fe5		Tzg Kira Ödemesi Ocak 2020 - Salih Kaymak				n	0/1	0/100	1970-01-01 02:00:00 +0200
===== END
===== START
B	71e5e57d3097456a886283dcb87aa4ee	2508c3fa292544e8a52ab8834ae7795a	2020-06-29 15:54:35 +0300	2019-12-25 14:47:33 +0300	2019-12-25 13:59:00 +0300	f9df8197d3194edfb63f3ba2eb17ebf6	73bac7009a4c42788ff6c52b08151fe5		Tzg Kira Ödemesi Ocak 2020 - Salih Kaymak				n	0/1	0/100	1970-01-01 02:00:00 +0200
B	71e5e57d3097456a886283dcb87aa4ee	310b6dc8048c426d9af57db756b4eee4	2020-06-29 15:54:35 +0300	2019-12-25 14:47:33 +0300	2019-12-25 13:59:00 +0300	f9df8197d3194edfb63f3ba2eb17ebf6	73bac7009a4c42788ff6c52b08151fe5		Tzg Kira Ödemesi Ocak 2020 - Salih Kaymak				n	0/1	0/100	1970-01-01 02:00:00 +0200
===== END
===== START
R	71e5e57d3097456a886283dcb87aa4ee	2508c3fa292544e8a52ab8834ae7795a	2020-06-29 15:54:35 +0300	2019-12-25 14:47:33 +0300	2019-12-25 13:59:00 +0300	f9df8197d3194edfb63f3ba2eb17ebf6	73bac7009a4c42788ff6c52b08151fe5		Tzg Kira Ödemesi Ocak 2020 - Salih Kaymak				n	0/1	0/100	1970-01-01 02:00:00 +0200
R	71e5e57d3097456a886283dcb87aa4ee	310b6dc8048c426d9af57db756b4eee4	2020-06-29 15:54:35 +0300	2019-12-25 14:47:33 +0300	2019-12-25 13:59:00 +0300	f9df8197d3194edfb63f3ba2eb17ebf6	73bac7009a4c42788ff6c52b08151fe5		Tzg Kira Ödemesi Ocak 2020 - Salih Kaymak				n	0/1	0/100	1970-01-01 02:00:00 +0200
===== END
===== START
B	2bed39c3908745dc93b80b5cc0525f1c	68a35ea83e054a499b48485c2c784390	2020-06-29 15:54:35 +0300	2019-12-25 15:43:45 +0300	2019-12-25 13:59:00 +0300	dc915ca945be4e72ab274fdae19390c0	ba301b88a00f4cd6b3b7431e4a004386		2020 1/8 Sny55 Kira Bedeli				n	0/1	0/100	1970-01-01 02:00:00 +0200
B	2bed39c3908745dc93b80b5cc0525f1c	01b1322b286341f18f55ba4d2a213255	2020-06-29 15:54:35 +0300	2019-12-25 15:43:45 +0300	2019-12-25 13:59:00 +0300	dc915ca945be4e72ab274fdae19390c0	ba301b88a00f4cd6b3b7431e4a004386		2020 1/8 Sny55 Kira Bedeli				n	0/1	0/100	1970-01-01 02:00:00 +0200
===== END
===== START
R	2bed39c3908745dc93b80b5cc0525f1c	68a35ea83e054a499b48485c2c784390	2020-06-29 15:54:35 +0300	2019-12-25 15:43:45 +0300	2019-12-25 13:59:00 +0300	dc915ca945be4e72ab274fdae19390c0	ba301b88a00f4cd6b3b7431e4a004386		2020 1/8 Sny55 Kira Bedeli				n	0/1	0/100	1970-01-01 02:00:00 +0200
R	2bed39c3908745dc93b80b5cc0525f1c	01b1322b286341f18f55ba4d2a213255	2020-06-29 15:54:35 +0300	2019-12-25 15:43:45 +0300	2019-12-25 13:59:00 +0300	dc915ca945be4e72ab274fdae19390c0	ba301b88a00f4cd6b3b7431e4a004386		2020 1/8 Sny55 Kira Bedeli				n	0/1	0/100	1970-01-01 02:00:00 +0200
===== END
===== START
B	2bed39c3908745dc93b80b5cc0525f1c	68a35ea83e054a499b48485c2c784390	2020-06-29 15:54:35 +0300	2019-12-25 15:43:45 +0300	2019-12-25 13:59:00 +0300	dc915ca945be4e72ab274fdae19390c0	ba301b88a00f4cd6b3b7431e4a004386		2020 1/8 Sny55 Kira Bedeli				n	0/1	0/100	1970-01-01 02:00:00 +0200
B	2bed39c3908745dc93b80b5cc0525f1c	01b1322b286341f18f55ba4d2a213255	2020-06-29 15:54:35 +0300	2019-12-25 15:43:45 +0300	2019-12-25 13:59:00 +0300	dc915ca945be4e72ab274fdae19390c0	ba301b88a00f4cd6b3b7431e4a004386		2020 1/8 Sny55 Kira Bedeli				n	0/1	0/100	1970-01-01 02:00:00 +0200
===== END
===== START
R	2bed39c3908745dc93b80b5cc0525f1c	68a35ea83e054a499b48485c2c784390	2020-06-29 15:54:35 +0300	2019-12-25 15:43:45 +0300	2019-12-25 13:59:00 +0300	dc915ca945be4e72ab274fdae19390c0	ba301b88a00f4cd6b3b7431e4a004386		2020 1/8 Sny55 Kira Bedeli				n	0/1	0/100	1970-01-01 02:00:00 +0200
R	2bed39c3908745dc93b80b5cc0525f1c	01b1322b286341f18f55ba4d2a213255	2020-06-29 15:54:35 +0300	2019-12-25 15:43:45 +0300	2019-12-25 13:59:00 +0300	dc915ca945be4e72ab274fdae19390c0	ba301b88a00f4cd6b3b7431e4a004386		2020 1/8 Sny55 Kira Bedeli				n	0/1	0/100	1970-01-01 02:00:00 +0200
===== END
===== START
===== END
===== START
===== END
===== START
===== END
===== START
===== END
===== START
D	dbefd535361e4c3cafda7ab906d97fd3	dd0290695bb149f4b198f7862abfa7bd	2020-06-29 18:43:45 +0300	2020-06-29 18:43:45 +0300	2020-06-29 13:59:00 +0300								n	0/1	0/100	1970-01-01 02:00:00 +0200
===== END
===== START
D	44c4905a6c08489cb712a441e2a5668d	639f43cf475642458b6ccbb446e5d43a	2020-06-29 18:43:45 +0300	2020-06-29 18:43:45 +0300	2020-06-29 13:59:00 +0300								n	0/1	0/100	1970-01-01 02:00:00 +0200
===== END
===== START
D	9732633a9b1d4c7aaeb4aac6933e4b9b	cf5a127c44d7434db2a9c4382478c683	2020-06-29 18:43:45 +0300	2020-06-29 18:43:45 +0300	2020-06-29 13:59:00 +0300								n	0/1	0/100	1970-01-01 02:00:00 +0200
===== END
===== START
D	3dc5f889705745118c0d23ecf4dc5143	a1a9453e77944cea9e9c63318e51a76b	2020-06-29 18:43:45 +0300	2020-06-29 18:43:45 +0300	2020-06-29 13:59:00 +0300								n	0/1	0/100	1970-01-01 02:00:00 +0200
===== END
