mod	trans_guid	split_guid	time_now	date_entered	date_posted	acc_guid	acc_name	num	description	notes	memo	action	reconciled	amount	value	date_reconciled
-----------------
===== START
===== END
===== START
B	779a759e8bfd4ead9a26a66c51a535d9	fbf974f19ad041169a9cf61661a7ab67	2020-06-30 15:12:32 +0300	2019-12-02 10:48:03 +0300	2018-12-31 13:59:00 +0300	b5c86390d3244c54a84665ddd07f7f17	127 SNY240 Dursun Durmuş	X	Elektrik Abonesi teminat mektubu Bedeli				n	0/100	0/100	1970-01-01 02:00:00 +0200
B	779a759e8bfd4ead9a26a66c51a535d9	67ecaf56f573418eac7f4beeb0decaeb	2020-06-30 15:12:32 +0300	2019-12-02 10:48:03 +0300	2018-12-31 13:59:00 +0300	3aa1ec8129524dc2bd8d898c2c0ecfcf	Ort. SM	X	Elektrik Abonesi teminat mektubu Bedeli				n	0/100	0/100	1970-01-01 02:00:00 +0200
===== END
===== START
C	779a759e8bfd4ead9a26a66c51a535d9	fbf974f19ad041169a9cf61661a7ab67	2020-06-30 15:12:32 +0300	2019-12-02 10:48:03 +0300	2018-12-31 13:59:00 +0300	b5c86390d3244c54a84665ddd07f7f17	127 SNY240 Dursun Durmuş		Elektrik Abonesi teminat mektubu Bedeli				n	90000/100	90000/100	1970-01-01 02:00:00 +0200
C	779a759e8bfd4ead9a26a66c51a535d9	67ecaf56f573418eac7f4beeb0decaeb	2020-06-30 15:12:32 +0300	2019-12-02 10:48:03 +0300	2018-12-31 13:59:00 +0300	3aa1ec8129524dc2bd8d898c2c0ecfcf	Ort. SM		Elektrik Abonesi teminat mektubu Bedeli				n	-90000/100	-90000/100	1970-01-01 02:00:00 +0200
===== END
===== START
B	395b0d5a6b4c4f9d9e957eff5b17d68f	b34a633edd7e4c2b8c67a1e2ba416ad4	2020-06-30 15:12:59 +0300	2020-06-17 11:44:55 +0300	2019-01-30 13:59:00 +0300	b5c86390d3244c54a84665ddd07f7f17	127 SNY240 Dursun Durmuş		Gecikme ocak tüfe 17,16 * 4900				n	0/100	0/100	1970-01-01 02:00:00 +0200
B	395b0d5a6b4c4f9d9e957eff5b17d68f	b1aacfc122e34a1caf7188e93752f6dc	2020-06-30 15:12:59 +0300	2020-06-17 11:44:55 +0300	2019-01-30 13:59:00 +0300	62cf67902c2f48c28059ec3005e4290f	5 GLR Sny240m2		Gecikme ocak tüfe 17,16 * 4900				n	0/100	0/100	1970-01-01 02:00:00 +0200
===== END
===== START
D	395b0d5a6b4c4f9d9e957eff5b17d68f	b34a633edd7e4c2b8c67a1e2ba416ad4	2020-06-30 15:12:59 +0300	2020-06-17 11:44:55 +0300	2019-01-30 13:59:00 +0300	b5c86390d3244c54a84665ddd07f7f17	127 SNY240 Dursun Durmuş		Gecikme ocak tüfe 17,16 * 4900				n	0/100	0/100	1970-01-01 02:00:00 +0200
D	395b0d5a6b4c4f9d9e957eff5b17d68f	b1aacfc122e34a1caf7188e93752f6dc	2020-06-30 15:12:59 +0300	2020-06-17 11:44:55 +0300	2019-01-30 13:59:00 +0300	62cf67902c2f48c28059ec3005e4290f	5 GLR Sny240m2		Gecikme ocak tüfe 17,16 * 4900				n	0/100	0/100	1970-01-01 02:00:00 +0200
===== END
===== START
B	da861e2c93d24894a52c413c84496ef3	1be44b37fda043e7bb967fb22f9ddf03	2020-06-30 15:13:03 +0300	2020-06-17 11:45:04 +0300	2019-02-28 13:59:00 +0300	b5c86390d3244c54a84665ddd07f7f17	127 SNY240 Dursun Durmuş		Gecikme şubat tüfe 17,93 * 4900				n	0/100	0/100	1970-01-01 02:00:00 +0200
B	da861e2c93d24894a52c413c84496ef3	d90a2b7e0b834cf2be1e2c0c512b7e57	2020-06-30 15:13:03 +0300	2020-06-17 11:45:04 +0300	2019-02-28 13:59:00 +0300	62cf67902c2f48c28059ec3005e4290f	5 GLR Sny240m2		Gecikme şubat tüfe 17,93 * 4900				n	0/100	0/100	1970-01-01 02:00:00 +0200
===== END
===== START
D	da861e2c93d24894a52c413c84496ef3	1be44b37fda043e7bb967fb22f9ddf03	2020-06-30 15:13:03 +0300	2020-06-17 11:45:04 +0300	2019-02-28 13:59:00 +0300	b5c86390d3244c54a84665ddd07f7f17	127 SNY240 Dursun Durmuş		Gecikme şubat tüfe 17,93 * 4900				n	0/100	0/100	1970-01-01 02:00:00 +0200
D	da861e2c93d24894a52c413c84496ef3	d90a2b7e0b834cf2be1e2c0c512b7e57	2020-06-30 15:13:03 +0300	2020-06-17 11:45:04 +0300	2019-02-28 13:59:00 +0300	62cf67902c2f48c28059ec3005e4290f	5 GLR Sny240m2		Gecikme şubat tüfe 17,93 * 4900				n	0/100	0/100	1970-01-01 02:00:00 +0200
===== END
===== START
B	519daddd970644528b232f10c10c766f	44a28f384c884a40939502d64c6306b9	2020-06-30 15:13:05 +0300	2020-06-17 11:45:10 +0300	2019-03-30 13:59:00 +0300	b5c86390d3244c54a84665ddd07f7f17	127 SNY240 Dursun Durmuş		Gecikme mart tüfe 13,33 * 4900				n	0/100	0/100	1970-01-01 02:00:00 +0200
B	519daddd970644528b232f10c10c766f	7bb82fa124d7460992fba9ea1aff2224	2020-06-30 15:13:05 +0300	2020-06-17 11:45:10 +0300	2019-03-30 13:59:00 +0300	62cf67902c2f48c28059ec3005e4290f	5 GLR Sny240m2		Gecikme mart tüfe 13,33 * 4900				n	0/100	0/100	1970-01-01 02:00:00 +0200
===== END
===== START
D	519daddd970644528b232f10c10c766f	44a28f384c884a40939502d64c6306b9	2020-06-30 15:13:05 +0300	2020-06-17 11:45:10 +0300	2019-03-30 13:59:00 +0300	b5c86390d3244c54a84665ddd07f7f17	127 SNY240 Dursun Durmuş		Gecikme mart tüfe 13,33 * 4900				n	0/100	0/100	1970-01-01 02:00:00 +0200
D	519daddd970644528b232f10c10c766f	7bb82fa124d7460992fba9ea1aff2224	2020-06-30 15:13:05 +0300	2020-06-17 11:45:10 +0300	2019-03-30 13:59:00 +0300	62cf67902c2f48c28059ec3005e4290f	5 GLR Sny240m2		Gecikme mart tüfe 13,33 * 4900				n	0/100	0/100	1970-01-01 02:00:00 +0200
===== END
===== START
B	04a39162057c4f95890af4963cc3e9f5	90369cc113ed4941adc8fc8b845832d0	2020-06-30 15:13:08 +0300	2020-06-17 11:45:16 +0300	2019-04-30 13:59:00 +0300	b5c86390d3244c54a84665ddd07f7f17	127 SNY240 Dursun Durmuş		Gecikme nisan tüfe 19,39 * 4900				n	0/100	0/100	1970-01-01 02:00:00 +0200
B	04a39162057c4f95890af4963cc3e9f5	46e2541329c6402fb416962ff5308c59	2020-06-30 15:13:08 +0300	2020-06-17 11:45:16 +0300	2019-04-30 13:59:00 +0300	62cf67902c2f48c28059ec3005e4290f	5 GLR Sny240m2		Gecikme nisan tüfe 19,39 * 4900				n	0/100	0/100	1970-01-01 02:00:00 +0200
===== END
===== START
D	04a39162057c4f95890af4963cc3e9f5	90369cc113ed4941adc8fc8b845832d0	2020-06-30 15:13:08 +0300	2020-06-17 11:45:16 +0300	2019-04-30 13:59:00 +0300	b5c86390d3244c54a84665ddd07f7f17	127 SNY240 Dursun Durmuş		Gecikme nisan tüfe 19,39 * 4900				n	0/100	0/100	1970-01-01 02:00:00 +0200
D	04a39162057c4f95890af4963cc3e9f5	46e2541329c6402fb416962ff5308c59	2020-06-30 15:13:08 +0300	2020-06-17 11:45:16 +0300	2019-04-30 13:59:00 +0300	62cf67902c2f48c28059ec3005e4290f	5 GLR Sny240m2		Gecikme nisan tüfe 19,39 * 4900				n	0/100	0/100	1970-01-01 02:00:00 +0200
===== END
===== START
B	d6818c9803f947f6aa6b1ffc00bc4360	4fbd1b4c32f841eb8782dded9ba71a7b	2020-06-30 15:13:44 +0300	2019-12-02 11:32:14 +0300	2019-06-30 13:59:00 +0300	b552133f27ab4c9cad6ba2bbca63b69f	240m2 KASA	X	Çatı oluğu yapımı				n	0/100	0/100	1970-01-01 02:00:00 +0200
B	d6818c9803f947f6aa6b1ffc00bc4360	01309829541b4367ab3ec99e64d7b465	2020-06-30 15:13:44 +0300	2019-12-02 11:32:14 +0300	2019-06-30 13:59:00 +0300	b5c86390d3244c54a84665ddd07f7f17	127 SNY240 Dursun Durmuş	X	Çatı oluğu yapımı				n	0/100	0/100	1970-01-01 02:00:00 +0200
===== END
===== START
D	d6818c9803f947f6aa6b1ffc00bc4360	4fbd1b4c32f841eb8782dded9ba71a7b	2020-06-30 15:13:44 +0300	2019-12-02 11:32:14 +0300	2019-06-30 13:59:00 +0300	b552133f27ab4c9cad6ba2bbca63b69f	240m2 KASA	X	Çatı oluğu yapımı				n	0/100	0/100	1970-01-01 02:00:00 +0200
D	d6818c9803f947f6aa6b1ffc00bc4360	01309829541b4367ab3ec99e64d7b465	2020-06-30 15:13:44 +0300	2019-12-02 11:32:14 +0300	2019-06-30 13:59:00 +0300	b5c86390d3244c54a84665ddd07f7f17	127 SNY240 Dursun Durmuş	X	Çatı oluğu yapımı				n	0/100	0/100	1970-01-01 02:00:00 +0200
===== END
===== START
B	031a639d09da4f8b8bc305c02375fef5	7ebe625b1c584474beae51da8909a56e	2020-06-30 15:13:47 +0300	2019-12-02 11:33:38 +0300	2019-06-30 13:59:00 +0300	b552133f27ab4c9cad6ba2bbca63b69f	240m2 KASA	X	beton dökerken kullanılan elektrik				n	0/100	0/100	1970-01-01 02:00:00 +0200
B	031a639d09da4f8b8bc305c02375fef5	66392d2574dc46b3867dc436f6caeda2	2020-06-30 15:13:47 +0300	2019-12-02 11:33:38 +0300	2019-06-30 13:59:00 +0300	b5c86390d3244c54a84665ddd07f7f17	127 SNY240 Dursun Durmuş	X	beton dökerken kullanılan elektrik				n	0/100	0/100	1970-01-01 02:00:00 +0200
===== END
===== START
D	031a639d09da4f8b8bc305c02375fef5	7ebe625b1c584474beae51da8909a56e	2020-06-30 15:13:47 +0300	2019-12-02 11:33:38 +0300	2019-06-30 13:59:00 +0300	b552133f27ab4c9cad6ba2bbca63b69f	240m2 KASA	X	beton dökerken kullanılan elektrik				n	0/100	0/100	1970-01-01 02:00:00 +0200
D	031a639d09da4f8b8bc305c02375fef5	66392d2574dc46b3867dc436f6caeda2	2020-06-30 15:13:47 +0300	2019-12-02 11:33:38 +0300	2019-06-30 13:59:00 +0300	b5c86390d3244c54a84665ddd07f7f17	127 SNY240 Dursun Durmuş	X	beton dökerken kullanılan elektrik				n	0/100	0/100	1970-01-01 02:00:00 +0200
===== END
===== START
B	71e0e0880cbe402686d4c987ddcbc719	d686851220754a4cb397fcacdc7378b2	2020-06-30 15:13:50 +0300	2019-12-02 11:35:24 +0300	2019-06-30 13:59:00 +0300	b5c86390d3244c54a84665ddd07f7f17	127 SNY240 Dursun Durmuş	X	iskele kirası				n	0/100	0/100	1970-01-01 02:00:00 +0200
B	71e0e0880cbe402686d4c987ddcbc719	872126af441442ec89353a29fc09a8a3	2020-06-30 15:13:50 +0300	2019-12-02 11:35:24 +0300	2019-06-30 13:59:00 +0300	313a4dbcb45f4b56b1c0773793507ae0	42 İskele Kira Geliri	X	iskele kirası				n	0/100	0/100	1970-01-01 02:00:00 +0200
===== END
===== START
D	71e0e0880cbe402686d4c987ddcbc719	d686851220754a4cb397fcacdc7378b2	2020-06-30 15:13:50 +0300	2019-12-02 11:35:24 +0300	2019-06-30 13:59:00 +0300	b5c86390d3244c54a84665ddd07f7f17	127 SNY240 Dursun Durmuş	X	iskele kirası				n	0/100	0/100	1970-01-01 02:00:00 +0200
D	71e0e0880cbe402686d4c987ddcbc719	872126af441442ec89353a29fc09a8a3	2020-06-30 15:13:50 +0300	2019-12-02 11:35:24 +0300	2019-06-30 13:59:00 +0300	313a4dbcb45f4b56b1c0773793507ae0	42 İskele Kira Geliri	X	iskele kirası				n	0/100	0/100	1970-01-01 02:00:00 +0200
===== END
===== START
B	eef856dc90444aba995ad52e60fd99c6	eae9a5c8166f4c3eb7716480b1a5db44	2020-06-30 15:13:54 +0300	2020-06-17 11:45:21 +0300	2019-06-30 13:59:00 +0300	b5c86390d3244c54a84665ddd07f7f17	127 SNY240 Dursun Durmuş		Gecikme haziran tüfe 19,88 * 2900				n	0/100	0/100	1970-01-01 02:00:00 +0200
B	eef856dc90444aba995ad52e60fd99c6	20e370acaf5e49e29d1b63db87adca91	2020-06-30 15:13:54 +0300	2020-06-17 11:45:21 +0300	2019-06-30 13:59:00 +0300	62cf67902c2f48c28059ec3005e4290f	5 GLR Sny240m2		Gecikme haziran tüfe 19,88 * 2900				n	0/100	0/100	1970-01-01 02:00:00 +0200
===== END
===== START
D	eef856dc90444aba995ad52e60fd99c6	eae9a5c8166f4c3eb7716480b1a5db44	2020-06-30 15:13:54 +0300	2020-06-17 11:45:21 +0300	2019-06-30 13:59:00 +0300	b5c86390d3244c54a84665ddd07f7f17	127 SNY240 Dursun Durmuş		Gecikme haziran tüfe 19,88 * 2900				n	0/100	0/100	1970-01-01 02:00:00 +0200
D	eef856dc90444aba995ad52e60fd99c6	20e370acaf5e49e29d1b63db87adca91	2020-06-30 15:13:54 +0300	2020-06-17 11:45:21 +0300	2019-06-30 13:59:00 +0300	62cf67902c2f48c28059ec3005e4290f	5 GLR Sny240m2		Gecikme haziran tüfe 19,88 * 2900				n	0/100	0/100	1970-01-01 02:00:00 +0200
===== END
===== START
B	0ce0b5a3442849f6be58305af54c3fec	5220af2433494063a74f47cd13833088	2020-06-30 15:13:56 +0300	2020-06-17 11:45:26 +0300	2019-07-30 13:59:00 +0300	b5c86390d3244c54a84665ddd07f7f17	127 SNY240 Dursun Durmuş		Gecikme temmuz tüfe 19,88 * 2900				n	0/100	0/100	1970-01-01 02:00:00 +0200
B	0ce0b5a3442849f6be58305af54c3fec	571bda8069a8472e8bd704fb54671fda	2020-06-30 15:13:56 +0300	2020-06-17 11:45:26 +0300	2019-07-30 13:59:00 +0300	62cf67902c2f48c28059ec3005e4290f	5 GLR Sny240m2		Gecikme temmuz tüfe 19,88 * 2900				n	0/100	0/100	1970-01-01 02:00:00 +0200
===== END
===== START
D	0ce0b5a3442849f6be58305af54c3fec	5220af2433494063a74f47cd13833088	2020-06-30 15:13:56 +0300	2020-06-17 11:45:26 +0300	2019-07-30 13:59:00 +0300	b5c86390d3244c54a84665ddd07f7f17	127 SNY240 Dursun Durmuş		Gecikme temmuz tüfe 19,88 * 2900				n	0/100	0/100	1970-01-01 02:00:00 +0200
D	0ce0b5a3442849f6be58305af54c3fec	571bda8069a8472e8bd704fb54671fda	2020-06-30 15:13:56 +0300	2020-06-17 11:45:26 +0300	2019-07-30 13:59:00 +0300	62cf67902c2f48c28059ec3005e4290f	5 GLR Sny240m2		Gecikme temmuz tüfe 19,88 * 2900				n	0/100	0/100	1970-01-01 02:00:00 +0200
===== END
===== START
B	40b24ca780df423a8f2947953cb1bfa7	310af68c58b246c080d86af3ba5d656f	2020-06-30 15:13:58 +0300	2020-06-17 11:45:31 +0300	2019-08-30 13:59:00 +0300	b5c86390d3244c54a84665ddd07f7f17	127 SNY240 Dursun Durmuş		Gecikme ağustos tüfe 17,16 * 2900				n	0/100	0/100	1970-01-01 02:00:00 +0200
B	40b24ca780df423a8f2947953cb1bfa7	ec58ce71ff764a3e8565a520ccbb9d25	2020-06-30 15:13:58 +0300	2020-06-17 11:45:31 +0300	2019-08-30 13:59:00 +0300	62cf67902c2f48c28059ec3005e4290f	5 GLR Sny240m2		Gecikme ağustos tüfe 17,16 * 2900				n	0/100	0/100	1970-01-01 02:00:00 +0200
===== END
===== START
D	40b24ca780df423a8f2947953cb1bfa7	310af68c58b246c080d86af3ba5d656f	2020-06-30 15:13:58 +0300	2020-06-17 11:45:31 +0300	2019-08-30 13:59:00 +0300	b5c86390d3244c54a84665ddd07f7f17	127 SNY240 Dursun Durmuş		Gecikme ağustos tüfe 17,16 * 2900				n	0/100	0/100	1970-01-01 02:00:00 +0200
D	40b24ca780df423a8f2947953cb1bfa7	ec58ce71ff764a3e8565a520ccbb9d25	2020-06-30 15:13:58 +0300	2020-06-17 11:45:31 +0300	2019-08-30 13:59:00 +0300	62cf67902c2f48c28059ec3005e4290f	5 GLR Sny240m2		Gecikme ağustos tüfe 17,16 * 2900				n	0/100	0/100	1970-01-01 02:00:00 +0200
===== END
===== START
B	fa06890256c941c28e07715613d339d4	8a755c9aa3bb452eabce11793e7ca4c2	2020-06-30 15:14:07 +0300	2019-12-02 11:36:28 +0300	2019-09-30 13:59:00 +0300	deabaef30fc841ac9337e26a874ae856	100 KASA Nakit	X	Dursun Durmuş iskele				n	0/100	0/100	1970-01-01 02:00:00 +0200
B	fa06890256c941c28e07715613d339d4	9a8d3ec35cf144e4a1c3cdb12fa67e09	2020-06-30 15:14:07 +0300	2019-12-02 11:36:28 +0300	2019-09-30 13:59:00 +0300	b5c86390d3244c54a84665ddd07f7f17	127 SNY240 Dursun Durmuş	X	Dursun Durmuş iskele		iskele kira ödemesi		n	0/100	0/100	1970-01-01 02:00:00 +0200
===== END
===== START
D	fa06890256c941c28e07715613d339d4	8a755c9aa3bb452eabce11793e7ca4c2	2020-06-30 15:14:07 +0300	2019-12-02 11:36:28 +0300	2019-09-30 13:59:00 +0300	deabaef30fc841ac9337e26a874ae856	100 KASA Nakit	X	Dursun Durmuş iskele				n	0/100	0/100	1970-01-01 02:00:00 +0200
D	fa06890256c941c28e07715613d339d4	9a8d3ec35cf144e4a1c3cdb12fa67e09	2020-06-30 15:14:07 +0300	2019-12-02 11:36:28 +0300	2019-09-30 13:59:00 +0300	b5c86390d3244c54a84665ddd07f7f17	127 SNY240 Dursun Durmuş	X	Dursun Durmuş iskele		iskele kira ödemesi		n	0/100	0/100	1970-01-01 02:00:00 +0200
===== END
===== START
B	48205b3d6d914e7181d481b34288d691	8c422b2d472e4220a2b19c6f217775db	2020-06-30 15:14:12 +0300	2019-12-02 11:37:54 +0300	2019-10-15 13:59:00 +0300	b5c86390d3244c54a84665ddd07f7f17	127 SNY240 Dursun Durmuş	X	Dursun Durmuş tahliye ihtarnamesi 1		İhtarname 1 - sanayi adres		n	0/100	0/100	1970-01-01 02:00:00 +0200
B	48205b3d6d914e7181d481b34288d691	06ec0325537541aa9fec78acd2779120	2020-06-30 15:14:12 +0300	2019-12-02 11:37:54 +0300	2019-10-15 13:59:00 +0300	b552133f27ab4c9cad6ba2bbca63b69f	240m2 KASA	X	Dursun Durmuş tahliye ihtarnamesi 1				n	0/100	0/100	1970-01-01 02:00:00 +0200
===== END
===== START
D	48205b3d6d914e7181d481b34288d691	8c422b2d472e4220a2b19c6f217775db	2020-06-30 15:14:12 +0300	2019-12-02 11:37:54 +0300	2019-10-15 13:59:00 +0300	b5c86390d3244c54a84665ddd07f7f17	127 SNY240 Dursun Durmuş	X	Dursun Durmuş tahliye ihtarnamesi 1		İhtarname 1 - sanayi adres		n	0/100	0/100	1970-01-01 02:00:00 +0200
D	48205b3d6d914e7181d481b34288d691	06ec0325537541aa9fec78acd2779120	2020-06-30 15:14:12 +0300	2019-12-02 11:37:54 +0300	2019-10-15 13:59:00 +0300	b552133f27ab4c9cad6ba2bbca63b69f	240m2 KASA	X	Dursun Durmuş tahliye ihtarnamesi 1				n	0/100	0/100	1970-01-01 02:00:00 +0200
===== END
===== START
B	be9c57b4e65f464b9f04fba9ea5acbb5	319989c5a8344b6db9e7fe47a2184f9a	2020-06-30 15:14:14 +0300	2019-12-02 11:39:32 +0300	2019-10-20 13:59:00 +0300	b5c86390d3244c54a84665ddd07f7f17	127 SNY240 Dursun Durmuş	X	Dursun Durmuş tahliye ihtarnamesi 2				n	0/100	0/100	1970-01-01 02:00:00 +0200
B	be9c57b4e65f464b9f04fba9ea5acbb5	6053bacf55ac4d69a964c6697c6be5e0	2020-06-30 15:14:14 +0300	2019-12-02 11:39:32 +0300	2019-10-20 13:59:00 +0300	b552133f27ab4c9cad6ba2bbca63b69f	240m2 KASA	X	Dursun Durmuş tahliye ihtarnamesi 2		İhtarname 2 - mernis adres		n	0/100	0/100	1970-01-01 02:00:00 +0200
===== END
===== START
D	be9c57b4e65f464b9f04fba9ea5acbb5	319989c5a8344b6db9e7fe47a2184f9a	2020-06-30 15:14:14 +0300	2019-12-02 11:39:32 +0300	2019-10-20 13:59:00 +0300	b5c86390d3244c54a84665ddd07f7f17	127 SNY240 Dursun Durmuş	X	Dursun Durmuş tahliye ihtarnamesi 2				n	0/100	0/100	1970-01-01 02:00:00 +0200
D	be9c57b4e65f464b9f04fba9ea5acbb5	6053bacf55ac4d69a964c6697c6be5e0	2020-06-30 15:14:14 +0300	2019-12-02 11:39:32 +0300	2019-10-20 13:59:00 +0300	b552133f27ab4c9cad6ba2bbca63b69f	240m2 KASA	X	Dursun Durmuş tahliye ihtarnamesi 2		İhtarname 2 - mernis adres		n	0/100	0/100	1970-01-01 02:00:00 +0200
===== END
===== START
B	d3ee20161cb342dda9d123517c30f34f	da2864e41b734bce811b7edff56db0b1	2020-06-30 15:14:15 +0300	2019-12-02 11:41:51 +0300	2019-10-25 13:59:00 +0300	b5c86390d3244c54a84665ddd07f7f17	127 SNY240 Dursun Durmuş	X	Dursun Durmuş tahliye ihtarnamesi 3		İhtarname 3 - mernis adres 21/2		n	0/100	0/100	1970-01-01 02:00:00 +0200
B	d3ee20161cb342dda9d123517c30f34f	3ca2c1b8c21444b9a7ff09213153019a	2020-06-30 15:14:15 +0300	2019-12-02 11:41:51 +0300	2019-10-25 13:59:00 +0300	b552133f27ab4c9cad6ba2bbca63b69f	240m2 KASA	X	Dursun Durmuş tahliye ihtarnamesi 3				n	0/100	0/100	1970-01-01 02:00:00 +0200
===== END
===== START
D	d3ee20161cb342dda9d123517c30f34f	da2864e41b734bce811b7edff56db0b1	2020-06-30 15:14:15 +0300	2019-12-02 11:41:51 +0300	2019-10-25 13:59:00 +0300	b5c86390d3244c54a84665ddd07f7f17	127 SNY240 Dursun Durmuş	X	Dursun Durmuş tahliye ihtarnamesi 3		İhtarname 3 - mernis adres 21/2		n	0/100	0/100	1970-01-01 02:00:00 +0200
D	d3ee20161cb342dda9d123517c30f34f	3ca2c1b8c21444b9a7ff09213153019a	2020-06-30 15:14:15 +0300	2019-12-02 11:41:51 +0300	2019-10-25 13:59:00 +0300	b552133f27ab4c9cad6ba2bbca63b69f	240m2 KASA	X	Dursun Durmuş tahliye ihtarnamesi 3				n	0/100	0/100	1970-01-01 02:00:00 +0200
===== END
===== START
B	9faea74462294382802205b448de81d5	cc09e4a24f50488eb841efb9e4bf269a	2020-06-30 15:14:20 +0300	2019-12-02 12:10:26 +0300	2019-10-25 13:59:00 +0300	b5c86390d3244c54a84665ddd07f7f17	127 SNY240 Dursun Durmuş	X					n	0/100	0/100	1970-01-01 02:00:00 +0200
B	9faea74462294382802205b448de81d5	4c8c2dacabcf422c89a319256fd24018	2020-06-30 15:14:20 +0300	2019-12-02 12:10:26 +0300	2019-10-25 13:59:00 +0300	62cf67902c2f48c28059ec3005e4290f	5 GLR Sny240m2	X					n	0/100	0/100	1970-01-01 02:00:00 +0200
===== END
===== START
D	9faea74462294382802205b448de81d5	cc09e4a24f50488eb841efb9e4bf269a	2020-06-30 15:14:20 +0300	2019-12-02 12:10:26 +0300	2019-10-25 13:59:00 +0300	b5c86390d3244c54a84665ddd07f7f17	127 SNY240 Dursun Durmuş	X					n	0/100	0/100	1970-01-01 02:00:00 +0200
D	9faea74462294382802205b448de81d5	4c8c2dacabcf422c89a319256fd24018	2020-06-30 15:14:20 +0300	2019-12-02 12:10:26 +0300	2019-10-25 13:59:00 +0300	62cf67902c2f48c28059ec3005e4290f	5 GLR Sny240m2	X					n	0/100	0/100	1970-01-01 02:00:00 +0200
===== END
===== START
B	7f1112635d264217a15a7d34353fbee7	e9b9fbca75ae4025bfaa89f3ee6e8889	2020-06-30 15:14:27 +0300	2019-12-02 10:56:57 +0300	2019-11-11 13:59:00 +0300	b5c86390d3244c54a84665ddd07f7f17	127 SNY240 Dursun Durmuş		İcra Dairesi başvuru				n	0/100	0/100	1970-01-01 02:00:00 +0200
B	7f1112635d264217a15a7d34353fbee7	29ed753d797a4d4783da5e2f400adbf2	2020-06-30 15:14:27 +0300	2019-12-02 10:56:57 +0300	2019-11-11 13:59:00 +0300	b552133f27ab4c9cad6ba2bbca63b69f	240m2 KASA		İcra Dairesi başvuru				n	0/100	0/100	1970-01-01 02:00:00 +0200
===== END
===== START
D	7f1112635d264217a15a7d34353fbee7	e9b9fbca75ae4025bfaa89f3ee6e8889	2020-06-30 15:14:27 +0300	2019-12-02 10:56:57 +0300	2019-11-11 13:59:00 +0300	b5c86390d3244c54a84665ddd07f7f17	127 SNY240 Dursun Durmuş		İcra Dairesi başvuru				n	0/100	0/100	1970-01-01 02:00:00 +0200
D	7f1112635d264217a15a7d34353fbee7	29ed753d797a4d4783da5e2f400adbf2	2020-06-30 15:14:27 +0300	2019-12-02 10:56:57 +0300	2019-11-11 13:59:00 +0300	b552133f27ab4c9cad6ba2bbca63b69f	240m2 KASA		İcra Dairesi başvuru				n	0/100	0/100	1970-01-01 02:00:00 +0200
===== END
===== START
B	ef62d2f80d4e4ba7bcfb029ad55fbc96	8783aff3bfa8425d8fc2639daa8f873b	2020-06-30 15:14:32 +0300	2019-12-02 12:05:59 +0300	2019-11-11 13:59:00 +0300	b5c86390d3244c54a84665ddd07f7f17	127 SNY240 Dursun Durmuş	X	Maliye Sözleşme Damga Vergisi				n	0/100	0/100	1970-01-01 02:00:00 +0200
B	ef62d2f80d4e4ba7bcfb029ad55fbc96	b8c29ec825f840e885b942efb310225d	2020-06-30 15:14:32 +0300	2019-12-02 12:05:59 +0300	2019-11-11 13:59:00 +0300	b552133f27ab4c9cad6ba2bbca63b69f	240m2 KASA	X	Maliye Sözleşme Damga Vergisi				n	0/100	0/100	1970-01-01 02:00:00 +0200
===== END
===== START
D	ef62d2f80d4e4ba7bcfb029ad55fbc96	8783aff3bfa8425d8fc2639daa8f873b	2020-06-30 15:14:32 +0300	2019-12-02 12:05:59 +0300	2019-11-11 13:59:00 +0300	b5c86390d3244c54a84665ddd07f7f17	127 SNY240 Dursun Durmuş	X	Maliye Sözleşme Damga Vergisi				n	0/100	0/100	1970-01-01 02:00:00 +0200
D	ef62d2f80d4e4ba7bcfb029ad55fbc96	b8c29ec825f840e885b942efb310225d	2020-06-30 15:14:32 +0300	2019-12-02 12:05:59 +0300	2019-11-11 13:59:00 +0300	b552133f27ab4c9cad6ba2bbca63b69f	240m2 KASA	X	Maliye Sözleşme Damga Vergisi				n	0/100	0/100	1970-01-01 02:00:00 +0200
===== END
===== START
B	06f1e4f408e7457abbaa9bde42c812ed	f2cda1c880704d53b3cb7564862b4ec5	2020-06-30 15:14:38 +0300	2019-12-02 12:11:23 +0300	2019-11-29 13:59:00 +0300	b5c86390d3244c54a84665ddd07f7f17	127 SNY240 Dursun Durmuş	X	İcra dairesi tabligat 21/2				n	0/100	0/100	1970-01-01 02:00:00 +0200
B	06f1e4f408e7457abbaa9bde42c812ed	f247a86538ba450cba194162d97f8fa4	2020-06-30 15:14:38 +0300	2019-12-02 12:11:23 +0300	2019-11-29 13:59:00 +0300	b552133f27ab4c9cad6ba2bbca63b69f	240m2 KASA	X	İcra dairesi tabligat 21/2				n	0/100	0/100	1970-01-01 02:00:00 +0200
===== END
===== START
D	06f1e4f408e7457abbaa9bde42c812ed	f2cda1c880704d53b3cb7564862b4ec5	2020-06-30 15:14:38 +0300	2019-12-02 12:11:23 +0300	2019-11-29 13:59:00 +0300	b5c86390d3244c54a84665ddd07f7f17	127 SNY240 Dursun Durmuş	X	İcra dairesi tabligat 21/2				n	0/100	0/100	1970-01-01 02:00:00 +0200
D	06f1e4f408e7457abbaa9bde42c812ed	f247a86538ba450cba194162d97f8fa4	2020-06-30 15:14:38 +0300	2019-12-02 12:11:23 +0300	2019-11-29 13:59:00 +0300	b552133f27ab4c9cad6ba2bbca63b69f	240m2 KASA	X	İcra dairesi tabligat 21/2				n	0/100	0/100	1970-01-01 02:00:00 +0200
===== END
===== START
B	b2d2e35b80f64bdea0fa43226f58ed69	325e2fc1a3ba4689a161206ee8842f5e	2020-06-30 15:14:40 +0300	2019-12-02 11:28:01 +0300	2019-11-30 13:59:00 +0300	b5c86390d3244c54a84665ddd07f7f17	127 SNY240 Dursun Durmuş		2019 Kasım Kira gecikme bedeli 		15700 * kasım tüfe 22,58% 		n	0/100	0/100	1970-01-01 02:00:00 +0200
B	b2d2e35b80f64bdea0fa43226f58ed69	0a2ebde8a8be4d0da7724b467f6b48b1	2020-06-30 15:14:40 +0300	2019-12-02 11:28:01 +0300	2019-11-30 13:59:00 +0300	62cf67902c2f48c28059ec3005e4290f	5 GLR Sny240m2		2019 Kasım Kira gecikme bedeli 				n	0/100	0/100	1970-01-01 02:00:00 +0200
===== END
===== START
D	b2d2e35b80f64bdea0fa43226f58ed69	325e2fc1a3ba4689a161206ee8842f5e	2020-06-30 15:14:40 +0300	2019-12-02 11:28:01 +0300	2019-11-30 13:59:00 +0300	b5c86390d3244c54a84665ddd07f7f17	127 SNY240 Dursun Durmuş		2019 Kasım Kira gecikme bedeli 		15700 * kasım tüfe 22,58% 		n	0/100	0/100	1970-01-01 02:00:00 +0200
D	b2d2e35b80f64bdea0fa43226f58ed69	0a2ebde8a8be4d0da7724b467f6b48b1	2020-06-30 15:14:40 +0300	2019-12-02 11:28:01 +0300	2019-11-30 13:59:00 +0300	62cf67902c2f48c28059ec3005e4290f	5 GLR Sny240m2		2019 Kasım Kira gecikme bedeli 				n	0/100	0/100	1970-01-01 02:00:00 +0200
===== END
===== START
B	8c216e7c025245d1b442de365d15599c	307857859f4945b3bf273cfba519e37f	2020-06-30 15:14:43 +0300	2019-12-02 12:27:58 +0300	2019-12-01 13:59:00 +0300	b5c86390d3244c54a84665ddd07f7f17	127 SNY240 Dursun Durmuş		2019 Aralık Kira gecikme bedeli 		15700 * aralık tüfe 15,18% 		n	0/100	0/100	1970-01-01 02:00:00 +0200
B	8c216e7c025245d1b442de365d15599c	04efecc7be524046bd9ae997dfef7bf2	2020-06-30 15:14:43 +0300	2019-12-02 12:27:58 +0300	2019-12-01 13:59:00 +0300	62cf67902c2f48c28059ec3005e4290f	5 GLR Sny240m2		2019 Aralık Kira gecikme bedeli 				n	0/100	0/100	1970-01-01 02:00:00 +0200
===== END
===== START
D	8c216e7c025245d1b442de365d15599c	307857859f4945b3bf273cfba519e37f	2020-06-30 15:14:43 +0300	2019-12-02 12:27:58 +0300	2019-12-01 13:59:00 +0300	b5c86390d3244c54a84665ddd07f7f17	127 SNY240 Dursun Durmuş		2019 Aralık Kira gecikme bedeli 		15700 * aralık tüfe 15,18% 		n	0/100	0/100	1970-01-01 02:00:00 +0200
D	8c216e7c025245d1b442de365d15599c	04efecc7be524046bd9ae997dfef7bf2	2020-06-30 15:14:43 +0300	2019-12-02 12:27:58 +0300	2019-12-01 13:59:00 +0300	62cf67902c2f48c28059ec3005e4290f	5 GLR Sny240m2		2019 Aralık Kira gecikme bedeli 				n	0/100	0/100	1970-01-01 02:00:00 +0200
===== END
===== START
B	7b68ba3e8eb64467bb657820cca3d661	10d75a9850114672b8e07481b705cb9d	2020-06-30 15:14:52 +0300	2020-04-28 16:29:51 +0300	2019-12-31 13:59:00 +0300	b5c86390d3244c54a84665ddd07f7f17	127 SNY240 Dursun Durmuş		SANAYİ ELEKETRİK TEMİNAT BEDELİ				n	0/100	0/100	1970-01-01 02:00:00 +0200
B	7b68ba3e8eb64467bb657820cca3d661	79a52dc8923e42eaa29786adddefa6ee	2020-06-30 15:14:52 +0300	2020-04-28 16:29:51 +0300	2019-12-31 13:59:00 +0300	3aa1ec8129524dc2bd8d898c2c0ecfcf	Ort. SM		SANAYİ ELEKETRİK TEMİNAT BEDELİ				n	0/100	0/100	1970-01-01 02:00:00 +0200
===== END
===== START
C	7b68ba3e8eb64467bb657820cca3d661	10d75a9850114672b8e07481b705cb9d	2020-06-30 15:14:52 +0300	2020-04-28 16:29:51 +0300	2019-12-31 13:59:00 +0300	b5c86390d3244c54a84665ddd07f7f17	127 SNY240 Dursun Durmuş		SANAYİ ELEKETRİK TEMİNAT BEDELİ				n	110000/100	110000/100	1970-01-01 02:00:00 +0200
C	7b68ba3e8eb64467bb657820cca3d661	79a52dc8923e42eaa29786adddefa6ee	2020-06-30 15:14:52 +0300	2020-04-28 16:29:51 +0300	2019-12-31 13:59:00 +0300	3aa1ec8129524dc2bd8d898c2c0ecfcf	Ort. SM		SANAYİ ELEKETRİK TEMİNAT BEDELİ				n	-110000/100	-110000/100	1970-01-01 02:00:00 +0200
===== END
===== START
B	8327d962f6ba482a8a5c03f69fbb7372	08755ac8e9aa4bb0b5f87486f9117b96	2020-06-30 15:14:59 +0300	2020-04-22 13:04:01 +0300	2020-02-01 13:59:00 +0300	b5c86390d3244c54a84665ddd07f7f17	127 SNY240 Dursun Durmuş		2020 Şubat  Kira gecikme bedeli 		17107 x şubat tüfe 13,94%		n	0/100	0/100	1970-01-01 02:00:00 +0200
B	8327d962f6ba482a8a5c03f69fbb7372	5d56dce717524ebb833282dcc08dd316	2020-06-30 15:14:59 +0300	2020-04-22 13:04:01 +0300	2020-02-01 13:59:00 +0300	62cf67902c2f48c28059ec3005e4290f	5 GLR Sny240m2		2020 Şubat  Kira gecikme bedeli 				n	0/100	0/100	1970-01-01 02:00:00 +0200
===== END
===== START
D	8327d962f6ba482a8a5c03f69fbb7372	08755ac8e9aa4bb0b5f87486f9117b96	2020-06-30 15:14:59 +0300	2020-04-22 13:04:01 +0300	2020-02-01 13:59:00 +0300	b5c86390d3244c54a84665ddd07f7f17	127 SNY240 Dursun Durmuş		2020 Şubat  Kira gecikme bedeli 		17107 x şubat tüfe 13,94%		n	0/100	0/100	1970-01-01 02:00:00 +0200
D	8327d962f6ba482a8a5c03f69fbb7372	5d56dce717524ebb833282dcc08dd316	2020-06-30 15:14:59 +0300	2020-04-22 13:04:01 +0300	2020-02-01 13:59:00 +0300	62cf67902c2f48c28059ec3005e4290f	5 GLR Sny240m2		2020 Şubat  Kira gecikme bedeli 				n	0/100	0/100	1970-01-01 02:00:00 +0200
===== END
===== START
B	41a2278590b7414e9026f942d65a9fd7	055bad7c4c5b49e085f9358fc224a5b2	2020-06-30 15:15:02 +0300	2019-12-07 17:11:09 +0300	2020-03-01 13:59:00 +0300	b5c86390d3244c54a84665ddd07f7f17	127 SNY240 Dursun Durmuş		2020 Mart Kira gecikme bedeli 		17107 x şubat tüfe 13,33%		n	0/100	0/100	1970-01-01 02:00:00 +0200
B	41a2278590b7414e9026f942d65a9fd7	dd6ab70273f843ffa746f602b4274111	2020-06-30 15:15:02 +0300	2019-12-07 17:11:09 +0300	2020-03-01 13:59:00 +0300	62cf67902c2f48c28059ec3005e4290f	5 GLR Sny240m2		2020 Mart Kira gecikme bedeli 				n	0/100	0/100	1970-01-01 02:00:00 +0200
===== END
===== START
D	41a2278590b7414e9026f942d65a9fd7	055bad7c4c5b49e085f9358fc224a5b2	2020-06-30 15:15:02 +0300	2019-12-07 17:11:09 +0300	2020-03-01 13:59:00 +0300	b5c86390d3244c54a84665ddd07f7f17	127 SNY240 Dursun Durmuş		2020 Mart Kira gecikme bedeli 		17107 x şubat tüfe 13,33%		n	0/100	0/100	1970-01-01 02:00:00 +0200
D	41a2278590b7414e9026f942d65a9fd7	dd6ab70273f843ffa746f602b4274111	2020-06-30 15:15:02 +0300	2019-12-07 17:11:09 +0300	2020-03-01 13:59:00 +0300	62cf67902c2f48c28059ec3005e4290f	5 GLR Sny240m2		2020 Mart Kira gecikme bedeli 				n	0/100	0/100	1970-01-01 02:00:00 +0200
===== END
===== START
B	4010e1a6cc204a04a274adb8aee5863a	5a94f80ce4f24725988bbac2a64c748f	2020-06-30 15:15:05 +0300	2020-04-22 12:52:49 +0300	2020-04-30 13:59:00 +0300	b5c86390d3244c54a84665ddd07f7f17	127 SNY240 Dursun Durmuş		2020 Nisan Kira gecikme bedeli 		12740 * nisan tüfe 12,66 % 		n	0/100	0/100	1970-01-01 02:00:00 +0200
B	4010e1a6cc204a04a274adb8aee5863a	4b0e9f886457416f8fa62d78afeed9b9	2020-06-30 15:15:05 +0300	2020-04-22 12:52:49 +0300	2020-04-30 13:59:00 +0300	62cf67902c2f48c28059ec3005e4290f	5 GLR Sny240m2		2020 Nisan Kira gecikme bedeli 				n	0/100	0/100	1970-01-01 02:00:00 +0200
===== END
===== START
D	4010e1a6cc204a04a274adb8aee5863a	5a94f80ce4f24725988bbac2a64c748f	2020-06-30 15:15:05 +0300	2020-04-22 12:52:49 +0300	2020-04-30 13:59:00 +0300	b5c86390d3244c54a84665ddd07f7f17	127 SNY240 Dursun Durmuş		2020 Nisan Kira gecikme bedeli 		12740 * nisan tüfe 12,66 % 		n	0/100	0/100	1970-01-01 02:00:00 +0200
D	4010e1a6cc204a04a274adb8aee5863a	4b0e9f886457416f8fa62d78afeed9b9	2020-06-30 15:15:05 +0300	2020-04-22 12:52:49 +0300	2020-04-30 13:59:00 +0300	62cf67902c2f48c28059ec3005e4290f	5 GLR Sny240m2		2020 Nisan Kira gecikme bedeli 				n	0/100	0/100	1970-01-01 02:00:00 +0200
===== END
===== START
B	e1e45c7bae34437ba0fbea97df876df9	d38b66241a2e4d7391e9a06418342e6b	2020-06-30 15:15:13 +0300	2020-06-17 12:12:53 +0300	2020-05-10 13:59:00 +0300	3a63f12134c244fa86b69fbbccbba3e0	Açık-TRY						n	25000/100	25000/100	1970-01-01 02:00:00 +0200
B	e1e45c7bae34437ba0fbea97df876df9	72f5043d76f14d3a8bc8dd7ac44774b8	2020-06-30 15:15:13 +0300	2020-06-17 12:12:53 +0300	2020-05-10 13:59:00 +0300	b5c86390d3244c54a84665ddd07f7f17	127 SNY240 Dursun Durmuş						n	-25000/100	-25000/100	1970-01-01 02:00:00 +0200
===== END
===== START
D	e1e45c7bae34437ba0fbea97df876df9	d38b66241a2e4d7391e9a06418342e6b	2020-06-30 15:15:13 +0300	2020-06-17 12:12:53 +0300	2020-05-10 13:59:00 +0300	3a63f12134c244fa86b69fbbccbba3e0	Açık-TRY						n	25000/100	25000/100	1970-01-01 02:00:00 +0200
D	e1e45c7bae34437ba0fbea97df876df9	72f5043d76f14d3a8bc8dd7ac44774b8	2020-06-30 15:15:13 +0300	2020-06-17 12:12:53 +0300	2020-05-10 13:59:00 +0300	b5c86390d3244c54a84665ddd07f7f17	127 SNY240 Dursun Durmuş						n	-25000/100	-25000/100	1970-01-01 02:00:00 +0200
===== END
===== START
B	061e0a739afe496c9158ed6096c0acaa	892707f5da63496bb8b54e85c4b81610	2020-06-30 15:15:16 +0300	2020-06-17 12:12:56 +0300	2020-06-10 13:59:00 +0300	3a63f12134c244fa86b69fbbccbba3e0	Açık-TRY						n	27000/100	27000/100	1970-01-01 02:00:00 +0200
B	061e0a739afe496c9158ed6096c0acaa	169e64f8a57549bfb7cd74609b33c954	2020-06-30 15:15:16 +0300	2020-06-17 12:12:56 +0300	2020-06-10 13:59:00 +0300	b5c86390d3244c54a84665ddd07f7f17	127 SNY240 Dursun Durmuş						n	-27000/100	-27000/100	1970-01-01 02:00:00 +0200
===== END
===== START
D	061e0a739afe496c9158ed6096c0acaa	892707f5da63496bb8b54e85c4b81610	2020-06-30 15:15:16 +0300	2020-06-17 12:12:56 +0300	2020-06-10 13:59:00 +0300	3a63f12134c244fa86b69fbbccbba3e0	Açık-TRY						n	27000/100	27000/100	1970-01-01 02:00:00 +0200
D	061e0a739afe496c9158ed6096c0acaa	169e64f8a57549bfb7cd74609b33c954	2020-06-30 15:15:16 +0300	2020-06-17 12:12:56 +0300	2020-06-10 13:59:00 +0300	b5c86390d3244c54a84665ddd07f7f17	127 SNY240 Dursun Durmuş						n	-27000/100	-27000/100	1970-01-01 02:00:00 +0200
===== END
===== START
===== END
===== START
C	1a28a2b52b28400e9a06694e03383217	6e068408ee3445ee81c5b13cb2298b2b	2020-06-30 15:18:20 +0300	2020-06-30 15:18:20 +0300	2020-06-30 13:59:00 +0300	387b456e049641929ce113693e7c9cfd	icra		dursun durmuş icra başvuru				n	0/100	0/100	1970-01-01 02:00:00 +0200
===== END
===== START
===== END
===== START
B	1a28a2b52b28400e9a06694e03383217	6e068408ee3445ee81c5b13cb2298b2b	2020-06-30 15:19:01 +0300	2020-06-30 15:18:20 +0300	2020-06-30 13:59:00 +0300	387b456e049641929ce113693e7c9cfd	icra		dursun durmuş icra başvuru				n	0/100	0/100	1970-01-01 02:00:00 +0200
===== END
===== START
C	1a28a2b52b28400e9a06694e03383217	6e068408ee3445ee81c5b13cb2298b2b	2020-06-30 15:19:01 +0300	2020-06-30 15:18:20 +0300	2020-06-30 13:59:00 +0300	387b456e049641929ce113693e7c9cfd	icra		dursun durmuş noter ihtar I				n	0/100	0/100	1970-01-01 02:00:00 +0200
C	1a28a2b52b28400e9a06694e03383217	9231220ba3ee4734b971458d38d9938a	2020-06-30 15:19:01 +0300	2020-06-30 15:18:20 +0300	2020-06-30 13:59:00 +0300	b552133f27ab4c9cad6ba2bbca63b69f	240m2 KASA		dursun durmuş noter ihtar I				n	0/100	0/100	1970-01-01 02:00:00 +0200
===== END
===== START
C	41976dddbfd9418cbab2b05a1fb1ebe4	cf557e81cb5d45c0be7535b8b100236d	2020-06-30 15:19:05 +0300	2020-06-30 15:19:05 +0300	2020-06-30 13:59:00 +0300	387b456e049641929ce113693e7c9cfd	icra		dursun durmuş noter ihtar I				n	0/100	0/100	1970-01-01 02:00:00 +0200
===== END
===== START
===== END
===== START
C	20dc6aaf79e54c9f9fc6a3f7240e6929	146be8cf086549a7be8cc5c092b3bfa3	2020-06-30 15:19:07 +0300	2020-06-30 15:19:07 +0300	2020-06-30 13:59:00 +0300	387b456e049641929ce113693e7c9cfd	icra		dursun durmuş noter ihtar I				n	0/100	0/100	1970-01-01 02:00:00 +0200
===== END
===== START
===== END
===== START
B	1a28a2b52b28400e9a06694e03383217	6e068408ee3445ee81c5b13cb2298b2b	2020-06-30 15:19:13 +0300	2020-06-30 15:18:20 +0300	2020-06-30 13:59:00 +0300	387b456e049641929ce113693e7c9cfd	icra		dursun durmuş noter ihtar I				n	0/100	0/100	1970-01-01 02:00:00 +0200
B	1a28a2b52b28400e9a06694e03383217	9231220ba3ee4734b971458d38d9938a	2020-06-30 15:19:13 +0300	2020-06-30 15:18:20 +0300	2020-06-30 13:59:00 +0300	b552133f27ab4c9cad6ba2bbca63b69f	240m2 KASA		dursun durmuş noter ihtar I				n	0/100	0/100	1970-01-01 02:00:00 +0200
===== END
===== START
C	1a28a2b52b28400e9a06694e03383217	6e068408ee3445ee81c5b13cb2298b2b	2020-06-30 15:19:13 +0300	2020-06-30 15:18:20 +0300	2020-06-30 13:59:00 +0300	387b456e049641929ce113693e7c9cfd	icra		dursun durmuş noter ihtar I				n	-13000/100	-13000/100	1970-01-01 02:00:00 +0200
C	1a28a2b52b28400e9a06694e03383217	9231220ba3ee4734b971458d38d9938a	2020-06-30 15:19:13 +0300	2020-06-30 15:18:20 +0300	2020-06-30 13:59:00 +0300	b552133f27ab4c9cad6ba2bbca63b69f	240m2 KASA		dursun durmuş noter ihtar I				n	13000/100	13000/100	1970-01-01 02:00:00 +0200
===== END
===== START
B	41976dddbfd9418cbab2b05a1fb1ebe4	cf557e81cb5d45c0be7535b8b100236d	2020-06-30 15:19:17 +0300	2020-06-30 15:19:05 +0300	2020-06-30 13:59:00 +0300	387b456e049641929ce113693e7c9cfd	icra		dursun durmuş noter ihtar I				n	0/100	0/100	1970-01-01 02:00:00 +0200
===== END
===== START
C	41976dddbfd9418cbab2b05a1fb1ebe4	cf557e81cb5d45c0be7535b8b100236d	2020-06-30 15:19:17 +0300	2020-06-30 15:19:05 +0300	2020-06-30 13:59:00 +0300	387b456e049641929ce113693e7c9cfd	icra		dursun durmuş noter ihtar I				n	-20000/100	-20000/100	1970-01-01 02:00:00 +0200
C	41976dddbfd9418cbab2b05a1fb1ebe4	4427ba028ff54a31935d503d7e94adfb	2020-06-30 15:19:17 +0300	2020-06-30 15:19:05 +0300	2020-06-30 13:59:00 +0300	3a63f12134c244fa86b69fbbccbba3e0	Açık-TRY		dursun durmuş noter ihtar I				n	20000/100	20000/100	1970-01-01 02:00:00 +0200
===== END
===== START
B	20dc6aaf79e54c9f9fc6a3f7240e6929	146be8cf086549a7be8cc5c092b3bfa3	2020-06-30 15:19:21 +0300	2020-06-30 15:19:07 +0300	2020-06-30 13:59:00 +0300	387b456e049641929ce113693e7c9cfd	icra		dursun durmuş noter ihtar I				n	0/100	0/100	1970-01-01 02:00:00 +0200
===== END
===== START
C	20dc6aaf79e54c9f9fc6a3f7240e6929	146be8cf086549a7be8cc5c092b3bfa3	2020-06-30 15:19:21 +0300	2020-06-30 15:19:07 +0300	2020-06-30 13:59:00 +0300	387b456e049641929ce113693e7c9cfd	icra		dursun durmuş noter ihtar I				n	-5000/100	-5000/100	1970-01-01 02:00:00 +0200
C	20dc6aaf79e54c9f9fc6a3f7240e6929	b619054684ad4cdbb207c50b663d3b84	2020-06-30 15:19:21 +0300	2020-06-30 15:19:07 +0300	2020-06-30 13:59:00 +0300	3a63f12134c244fa86b69fbbccbba3e0	Açık-TRY		dursun durmuş noter ihtar I				n	5000/100	5000/100	1970-01-01 02:00:00 +0200
===== END
===== START
B	41976dddbfd9418cbab2b05a1fb1ebe4	4427ba028ff54a31935d503d7e94adfb	2020-06-30 15:19:28 +0300	2020-06-30 15:19:05 +0300	2020-06-30 13:59:00 +0300	3a63f12134c244fa86b69fbbccbba3e0	Açık-TRY		dursun durmuş noter ihtar I				n	20000/100	20000/100	1970-01-01 02:00:00 +0200
B	41976dddbfd9418cbab2b05a1fb1ebe4	cf557e81cb5d45c0be7535b8b100236d	2020-06-30 15:19:28 +0300	2020-06-30 15:19:05 +0300	2020-06-30 13:59:00 +0300	387b456e049641929ce113693e7c9cfd	icra		dursun durmuş noter ihtar I				n	-20000/100	-20000/100	1970-01-01 02:00:00 +0200
===== END
===== START
C	41976dddbfd9418cbab2b05a1fb1ebe4	4427ba028ff54a31935d503d7e94adfb	2020-06-30 15:19:28 +0300	2020-06-30 15:19:05 +0300	2020-06-30 13:59:00 +0300	62cf67902c2f48c28059ec3005e4290f	5 GLR Sny240m2		dursun durmuş noter ihtar I				n	20000/100	20000/100	1970-01-01 02:00:00 +0200
C	41976dddbfd9418cbab2b05a1fb1ebe4	cf557e81cb5d45c0be7535b8b100236d	2020-06-30 15:19:28 +0300	2020-06-30 15:19:05 +0300	2020-06-30 13:59:00 +0300	387b456e049641929ce113693e7c9cfd	icra		dursun durmuş noter ihtar I				n	-20000/100	-20000/100	1970-01-01 02:00:00 +0200
===== END
