mod	trans_guid	split_guid	time_now	date_entered	date_posted	acc_guid	acc_name	num	description	notes	memo	action	reconciled	amount	value	date_reconciled
-----------------
===== START
===== END
===== START
B	807f08f785ba439aba3f9e50a2c15cd8	e85c7a980b0d42fdbe9a51f0cf258fa4	2020-06-30 17:56:11 +0300	2019-12-04 16:50:02 +0300	2011-12-31 12:59:00 +0200	2989cab05ba94d6b9b654d0567780299	Ort. Ayşe Balcı		2011 LA Kira Geliri 1/4				n	72965/100	72965/100	1970-01-01 02:00:00 +0200
B	807f08f785ba439aba3f9e50a2c15cd8	484b3ff33d0c464e94dc57a2a82ca488	2020-06-30 17:56:11 +0300	2019-12-04 16:50:02 +0300	2011-12-31 12:59:00 +0200	95839397af674a06897deec940317c85	4 GLR LA		2011 LA Kira Geliri 1/4				n	-72965/100	-72965/100	1970-01-01 02:00:00 +0200
===== END
===== START
C	807f08f785ba439aba3f9e50a2c15cd8	e85c7a980b0d42fdbe9a51f0cf258fa4	2020-06-30 17:56:11 +0300	2019-12-04 16:50:02 +0300	2011-12-31 12:59:00 +0200	2989cab05ba94d6b9b654d0567780299	Ort. Ayşe Balcı		2011 LA Kira Geliri 1/4				n	-72965/100	-72965/100	1970-01-01 02:00:00 +0200
C	807f08f785ba439aba3f9e50a2c15cd8	484b3ff33d0c464e94dc57a2a82ca488	2020-06-30 17:56:11 +0300	2019-12-04 16:50:02 +0300	2011-12-31 12:59:00 +0200	95839397af674a06897deec940317c85	4 GLR LA		2011 LA Kira Geliri 1/4				n	72965/100	72965/100	1970-01-01 02:00:00 +0200
===== END
===== START
C	de1f1be3385649b9b3003a92cc1251d7	c38dc4043fae4498bb6e7367c231b314	2020-06-30 17:57:16 +0300	2020-06-30 17:57:16 +0300	2020-06-30 13:59:00 +0300	2989cab05ba94d6b9b654d0567780299	Ort. Ayşe Balcı						n	19470/100	19470/100	1970-01-01 02:00:00 +0200
C	de1f1be3385649b9b3003a92cc1251d7	5bfd79bc19e34e289ea16e70c5b01179	2020-06-30 17:57:16 +0300	2020-06-30 17:57:16 +0300	2020-06-30 13:59:00 +0300	3a63f12134c244fa86b69fbbccbba3e0	Açık-TRY						n	-19470/100	-19470/100	1970-01-01 02:00:00 +0200
===== END
===== START
===== END
===== START
B	a1d3b6a5b7e342e785aa30b9b0bf97a6	0b8fa57ebaa14a798bad6bd5cf4561f3	2020-06-30 17:57:41 +0300	2019-12-09 15:00:10 +0300	2019-12-09 13:59:00 +0300	53ca1046eb7f4b269695a3eb7de37b6c	7 GLR Gelir İdaresi		Vergi İadesi				n	43624/100	43624/100	1970-01-01 02:00:00 +0200
B	a1d3b6a5b7e342e785aa30b9b0bf97a6	2fd2d78a665b40d495dad7134d3a9bd2	2020-06-30 17:57:41 +0300	2019-12-09 15:00:10 +0300	2019-12-09 13:59:00 +0300	2989cab05ba94d6b9b654d0567780299	Ort. Ayşe Balcı		Vergi İadesi				n	-43624/100	-43624/100	1970-01-01 02:00:00 +0200
===== END
===== START
C	a1d3b6a5b7e342e785aa30b9b0bf97a6	0b8fa57ebaa14a798bad6bd5cf4561f3	2020-06-30 17:57:41 +0300	2019-12-09 15:00:10 +0300	2019-12-09 13:59:00 +0300	53ca1046eb7f4b269695a3eb7de37b6c	7 GLR Gelir İdaresi		Vergi İadesi				n	0/100	0/100	1970-01-01 02:00:00 +0200
C	a1d3b6a5b7e342e785aa30b9b0bf97a6	2fd2d78a665b40d495dad7134d3a9bd2	2020-06-30 17:57:41 +0300	2019-12-09 15:00:10 +0300	2019-12-09 13:59:00 +0300	2989cab05ba94d6b9b654d0567780299	Ort. Ayşe Balcı		Vergi İadesi				n	0/100	0/100	1970-01-01 02:00:00 +0200
===== END
===== START
B	a1d3b6a5b7e342e785aa30b9b0bf97a6	0b8fa57ebaa14a798bad6bd5cf4561f3	2020-06-30 17:58:34 +0300	2019-12-09 15:00:10 +0300	2019-12-09 13:59:00 +0300	53ca1046eb7f4b269695a3eb7de37b6c	7 GLR Gelir İdaresi		Vergi İadesi				n	0/100	0/100	1970-01-01 02:00:00 +0200
B	a1d3b6a5b7e342e785aa30b9b0bf97a6	2fd2d78a665b40d495dad7134d3a9bd2	2020-06-30 17:58:34 +0300	2019-12-09 15:00:10 +0300	2019-12-09 13:59:00 +0300	2989cab05ba94d6b9b654d0567780299	Ort. Ayşe Balcı		Vergi İadesi				n	0/100	0/100	1970-01-01 02:00:00 +0200
===== END
===== START
C	a1d3b6a5b7e342e785aa30b9b0bf97a6	0b8fa57ebaa14a798bad6bd5cf4561f3	2020-06-30 17:58:34 +0300	2019-12-09 15:00:10 +0300	2019-12-09 13:59:00 +0300	53ca1046eb7f4b269695a3eb7de37b6c	7 GLR Gelir İdaresi		Vergi İadesi				n	43624/100	43624/100	1970-01-01 02:00:00 +0200
C	a1d3b6a5b7e342e785aa30b9b0bf97a6	2fd2d78a665b40d495dad7134d3a9bd2	2020-06-30 17:58:34 +0300	2019-12-09 15:00:10 +0300	2019-12-09 13:59:00 +0300	2989cab05ba94d6b9b654d0567780299	Ort. Ayşe Balcı		Vergi İadesi				n	-43624/100	-43624/100	1970-01-01 02:00:00 +0200
===== END
===== START
===== END
===== START
D	0a88ba75466245fe87636b17ad22fa7c	1b05d473a0e14d27b6f6462c8cd70441	2020-06-30 18:02:36 +0300	2020-06-30 18:02:36 +0300	2020-06-30 13:59:00 +0300								n	0/1	0/100	1970-01-01 02:00:00 +0200
===== END
===== START
D	4c4210d8982d4847969b80ed8c412b4a	2330ac78bd6c4cef813baac1ddd7f159	2020-06-30 18:02:38 +0300	2020-06-30 18:02:38 +0300	2020-06-30 13:59:00 +0300								n	0/1	0/100	1970-01-01 02:00:00 +0200
===== END
===== START
B	807f08f785ba439aba3f9e50a2c15cd8	484b3ff33d0c464e94dc57a2a82ca488	2020-06-30 18:04:36 +0300	2019-12-04 16:50:02 +0300	2011-12-31 12:59:00 +0200	95839397af674a06897deec940317c85	4 GLR LA		2011 LA Kira Geliri 1/4				n	72965/100	72965/100	1970-01-01 02:00:00 +0200
B	807f08f785ba439aba3f9e50a2c15cd8	e85c7a980b0d42fdbe9a51f0cf258fa4	2020-06-30 18:04:36 +0300	2019-12-04 16:50:02 +0300	2011-12-31 12:59:00 +0200	2989cab05ba94d6b9b654d0567780299	Ort. Ayşe Balcı		2011 LA Kira Geliri 1/4				n	-72965/100	-72965/100	1970-01-01 02:00:00 +0200
===== END
===== START
C	807f08f785ba439aba3f9e50a2c15cd8	484b3ff33d0c464e94dc57a2a82ca488	2020-06-30 18:04:36 +0300	2019-12-04 16:50:02 +0300	2011-12-31 12:59:00 +0200	95839397af674a06897deec940317c85	4 GLR LA		2011 LA Kira Geliri 1/4				n	72965/100	72965/100	1970-01-01 02:00:00 +0200
C	807f08f785ba439aba3f9e50a2c15cd8	e85c7a980b0d42fdbe9a51f0cf258fa4	2020-06-30 18:04:36 +0300	2019-12-04 16:50:02 +0300	2011-12-31 12:59:00 +0200	2989cab05ba94d6b9b654d0567780299	Ort. Ayşe Balcı		2011 LA Kira Geliri 1/4				n	-72965/100	-72965/100	1970-01-01 02:00:00 +0200
===== END
===== START
B	5e361a96ab3544b792d87503db529ab7	e8b6139718904e8b98f0a5315861c4f2	2020-06-30 18:04:41 +0300	2019-12-07 16:25:03 +0300	2011-12-31 12:59:00 +0200	908c3f6feebf4484990b780afddb8c6d	Ort Ali Balcı		2011 LA Kira Geliri 1/4				n	72965/100	72965/100	1970-01-01 02:00:00 +0200
B	5e361a96ab3544b792d87503db529ab7	74572e6e46e045a48e0a2266f3be0d41	2020-06-30 18:04:41 +0300	2019-12-07 16:25:03 +0300	2011-12-31 12:59:00 +0200	95839397af674a06897deec940317c85	4 GLR LA		2011 LA Kira Geliri 1/4				n	-72965/100	-72965/100	1970-01-01 02:00:00 +0200
===== END
===== START
C	5e361a96ab3544b792d87503db529ab7	e8b6139718904e8b98f0a5315861c4f2	2020-06-30 18:04:41 +0300	2019-12-07 16:25:03 +0300	2011-12-31 12:59:00 +0200	908c3f6feebf4484990b780afddb8c6d	Ort Ali Balcı		2011 LA Kira Geliri 1/4				n	-72965/100	-72965/100	1970-01-01 02:00:00 +0200
C	5e361a96ab3544b792d87503db529ab7	74572e6e46e045a48e0a2266f3be0d41	2020-06-30 18:04:41 +0300	2019-12-07 16:25:03 +0300	2011-12-31 12:59:00 +0200	95839397af674a06897deec940317c85	4 GLR LA		2011 LA Kira Geliri 1/4				n	72965/100	72965/100	1970-01-01 02:00:00 +0200
===== END
===== START
B	f922bc5978094b278e3f907bb5c6fcd6	00177398d72f4f3daeab4cbe2fc731d2	2020-06-30 18:04:52 +0300	2019-12-07 16:25:12 +0300	2011-12-31 12:59:00 +0200	925040008251457dafaaa28adf28037e	Ort. AB Ls 		2011 LA Kira Geliri 1/4				n	72965/100	72965/100	1970-01-01 02:00:00 +0200
B	f922bc5978094b278e3f907bb5c6fcd6	29f43dcfed5f419fa2c286ddc0a032aa	2020-06-30 18:04:52 +0300	2019-12-07 16:25:12 +0300	2011-12-31 12:59:00 +0200	95839397af674a06897deec940317c85	4 GLR LA		2011 LA Kira Geliri 1/4				n	-72965/100	-72965/100	1970-01-01 02:00:00 +0200
===== END
===== START
C	f922bc5978094b278e3f907bb5c6fcd6	00177398d72f4f3daeab4cbe2fc731d2	2020-06-30 18:04:52 +0300	2019-12-07 16:25:12 +0300	2011-12-31 12:59:00 +0200	925040008251457dafaaa28adf28037e	Ort. AB Ls 		2011 LA Kira Geliri 1/4				n	-72965/100	-72965/100	1970-01-01 02:00:00 +0200
C	f922bc5978094b278e3f907bb5c6fcd6	29f43dcfed5f419fa2c286ddc0a032aa	2020-06-30 18:04:52 +0300	2019-12-07 16:25:12 +0300	2011-12-31 12:59:00 +0200	95839397af674a06897deec940317c85	4 GLR LA		2011 LA Kira Geliri 1/4				n	72965/100	72965/100	1970-01-01 02:00:00 +0200
===== END
===== START
C	a820d6c5bb7648efb0439b710b5de3b0	386637e816d34ab69830cb14a295b09e	2020-06-30 18:04:58 +0300	2020-06-30 18:04:58 +0300	2011-12-31 12:59:00 +0200	95839397af674a06897deec940317c85	4 GLR LA						n	0/100	0/100	1970-01-01 02:00:00 +0200
===== END
===== START
===== END
===== START
B	a820d6c5bb7648efb0439b710b5de3b0	386637e816d34ab69830cb14a295b09e	2020-06-30 18:05:48 +0300	2020-06-30 18:04:58 +0300	2011-12-31 12:59:00 +0200	95839397af674a06897deec940317c85	4 GLR LA						n	0/100	0/100	1970-01-01 02:00:00 +0200
===== END
===== START
C	a820d6c5bb7648efb0439b710b5de3b0	386637e816d34ab69830cb14a295b09e	2020-06-30 18:05:48 +0300	2020-06-30 18:04:58 +0300	2011-12-31 12:59:00 +0200	95839397af674a06897deec940317c85	4 GLR LA		2011 LA Kira Geliri 1/4				n	0/100	0/100	1970-01-01 02:00:00 +0200
C	a820d6c5bb7648efb0439b710b5de3b0	a6d8c71fde684f1faec90e2f0434f2fb	2020-06-30 18:05:48 +0300	2020-06-30 18:04:58 +0300	2011-12-31 12:59:00 +0200	1cff415040884d0abe67316a4ad829e9	Ort. H.Murat Balcı		2011 LA Kira Geliri 1/4				n	0/100	0/100	1970-01-01 02:00:00 +0200
===== END
===== START
B	a820d6c5bb7648efb0439b710b5de3b0	386637e816d34ab69830cb14a295b09e	2020-06-30 18:05:56 +0300	2020-06-30 18:04:58 +0300	2011-12-31 12:59:00 +0200	95839397af674a06897deec940317c85	4 GLR LA		2011 LA Kira Geliri 1/4				n	0/100	0/100	1970-01-01 02:00:00 +0200
B	a820d6c5bb7648efb0439b710b5de3b0	a6d8c71fde684f1faec90e2f0434f2fb	2020-06-30 18:05:56 +0300	2020-06-30 18:04:58 +0300	2011-12-31 12:59:00 +0200	1cff415040884d0abe67316a4ad829e9	Ort. H.Murat Balcı		2011 LA Kira Geliri 1/4				n	0/100	0/100	1970-01-01 02:00:00 +0200
===== END
===== START
C	a820d6c5bb7648efb0439b710b5de3b0	386637e816d34ab69830cb14a295b09e	2020-06-30 18:05:56 +0300	2020-06-30 18:04:58 +0300	2011-12-31 12:59:00 +0200	95839397af674a06897deec940317c85	4 GLR LA		2011 LA Kira Geliri 1/4				n	72965/100	72965/100	1970-01-01 02:00:00 +0200
C	a820d6c5bb7648efb0439b710b5de3b0	a6d8c71fde684f1faec90e2f0434f2fb	2020-06-30 18:05:56 +0300	2020-06-30 18:04:58 +0300	2011-12-31 12:59:00 +0200	1cff415040884d0abe67316a4ad829e9	Ort. H.Murat Balcı		2011 LA Kira Geliri 1/4				n	-72965/100	-72965/100	1970-01-01 02:00:00 +0200
===== END
===== START
===== END
===== START
B	807f08f785ba439aba3f9e50a2c15cd8	484b3ff33d0c464e94dc57a2a82ca488	2020-06-30 18:06:27 +0300	2019-12-04 16:50:02 +0300	2011-12-31 12:59:00 +0200	95839397af674a06897deec940317c85	4 GLR LA		2011 LA Kira Geliri 1/4				n	72965/100	72965/100	1970-01-01 02:00:00 +0200
B	807f08f785ba439aba3f9e50a2c15cd8	e85c7a980b0d42fdbe9a51f0cf258fa4	2020-06-30 18:06:27 +0300	2019-12-04 16:50:02 +0300	2011-12-31 12:59:00 +0200	2989cab05ba94d6b9b654d0567780299	Ort. Ayşe Balcı		2011 LA Kira Geliri 1/4				n	-72965/100	-72965/100	1970-01-01 02:00:00 +0200
===== END
===== START
C	807f08f785ba439aba3f9e50a2c15cd8	484b3ff33d0c464e94dc57a2a82ca488	2020-06-30 18:06:27 +0300	2019-12-04 16:50:02 +0300	2011-12-31 12:59:00 +0200	95839397af674a06897deec940317c85	4 GLR LA		2011 LA Kira Geliri 1/4				n	-72965/100	-72965/100	1970-01-01 02:00:00 +0200
C	807f08f785ba439aba3f9e50a2c15cd8	e85c7a980b0d42fdbe9a51f0cf258fa4	2020-06-30 18:06:27 +0300	2019-12-04 16:50:02 +0300	2011-12-31 12:59:00 +0200	2989cab05ba94d6b9b654d0567780299	Ort. Ayşe Balcı		2011 LA Kira Geliri 1/4				n	72965/100	72965/100	1970-01-01 02:00:00 +0200
===== END
===== START
B	5e361a96ab3544b792d87503db529ab7	74572e6e46e045a48e0a2266f3be0d41	2020-06-30 18:06:28 +0300	2019-12-07 16:25:03 +0300	2011-12-31 12:59:00 +0200	95839397af674a06897deec940317c85	4 GLR LA		2011 LA Kira Geliri 1/4				n	72965/100	72965/100	1970-01-01 02:00:00 +0200
B	5e361a96ab3544b792d87503db529ab7	e8b6139718904e8b98f0a5315861c4f2	2020-06-30 18:06:28 +0300	2019-12-07 16:25:03 +0300	2011-12-31 12:59:00 +0200	908c3f6feebf4484990b780afddb8c6d	Ort Ali Balcı		2011 LA Kira Geliri 1/4				n	-72965/100	-72965/100	1970-01-01 02:00:00 +0200
===== END
===== START
C	5e361a96ab3544b792d87503db529ab7	74572e6e46e045a48e0a2266f3be0d41	2020-06-30 18:06:28 +0300	2019-12-07 16:25:03 +0300	2011-12-31 12:59:00 +0200	95839397af674a06897deec940317c85	4 GLR LA		2011 LA Kira Geliri 1/4				n	0/100	0/100	1970-01-01 02:00:00 +0200
C	5e361a96ab3544b792d87503db529ab7	e8b6139718904e8b98f0a5315861c4f2	2020-06-30 18:06:28 +0300	2019-12-07 16:25:03 +0300	2011-12-31 12:59:00 +0200	908c3f6feebf4484990b780afddb8c6d	Ort Ali Balcı		2011 LA Kira Geliri 1/4				n	0/100	0/100	1970-01-01 02:00:00 +0200
===== END
===== START
B	f922bc5978094b278e3f907bb5c6fcd6	29f43dcfed5f419fa2c286ddc0a032aa	2020-06-30 18:06:29 +0300	2019-12-07 16:25:12 +0300	2011-12-31 12:59:00 +0200	95839397af674a06897deec940317c85	4 GLR LA		2011 LA Kira Geliri 1/4				n	72965/100	72965/100	1970-01-01 02:00:00 +0200
B	f922bc5978094b278e3f907bb5c6fcd6	00177398d72f4f3daeab4cbe2fc731d2	2020-06-30 18:06:29 +0300	2019-12-07 16:25:12 +0300	2011-12-31 12:59:00 +0200	925040008251457dafaaa28adf28037e	Ort. AB Ls 		2011 LA Kira Geliri 1/4				n	-72965/100	-72965/100	1970-01-01 02:00:00 +0200
===== END
===== START
C	f922bc5978094b278e3f907bb5c6fcd6	29f43dcfed5f419fa2c286ddc0a032aa	2020-06-30 18:06:29 +0300	2019-12-07 16:25:12 +0300	2011-12-31 12:59:00 +0200	95839397af674a06897deec940317c85	4 GLR LA		2011 LA Kira Geliri 1/4				n	0/100	0/100	1970-01-01 02:00:00 +0200
C	f922bc5978094b278e3f907bb5c6fcd6	00177398d72f4f3daeab4cbe2fc731d2	2020-06-30 18:06:29 +0300	2019-12-07 16:25:12 +0300	2011-12-31 12:59:00 +0200	925040008251457dafaaa28adf28037e	Ort. AB Ls 		2011 LA Kira Geliri 1/4				n	0/100	0/100	1970-01-01 02:00:00 +0200
===== END
===== START
B	a820d6c5bb7648efb0439b710b5de3b0	386637e816d34ab69830cb14a295b09e	2020-06-30 18:06:33 +0300	2020-06-30 18:04:58 +0300	2011-12-31 12:59:00 +0200	95839397af674a06897deec940317c85	4 GLR LA		2011 LA Kira Geliri 1/4				n	72965/100	72965/100	1970-01-01 02:00:00 +0200
B	a820d6c5bb7648efb0439b710b5de3b0	a6d8c71fde684f1faec90e2f0434f2fb	2020-06-30 18:06:33 +0300	2020-06-30 18:04:58 +0300	2011-12-31 12:59:00 +0200	1cff415040884d0abe67316a4ad829e9	Ort. H.Murat Balcı		2011 LA Kira Geliri 1/4				n	-72965/100	-72965/100	1970-01-01 02:00:00 +0200
===== END
===== START
C	a820d6c5bb7648efb0439b710b5de3b0	386637e816d34ab69830cb14a295b09e	2020-06-30 18:06:33 +0300	2020-06-30 18:04:58 +0300	2011-12-31 12:59:00 +0200	95839397af674a06897deec940317c85	4 GLR LA		2011 LA Kira Geliri 1/4				n	0/100	0/100	1970-01-01 02:00:00 +0200
C	a820d6c5bb7648efb0439b710b5de3b0	a6d8c71fde684f1faec90e2f0434f2fb	2020-06-30 18:06:33 +0300	2020-06-30 18:04:58 +0300	2011-12-31 12:59:00 +0200	1cff415040884d0abe67316a4ad829e9	Ort. H.Murat Balcı		2011 LA Kira Geliri 1/4				n	0/100	0/100	1970-01-01 02:00:00 +0200
===== END
===== START
B	5e361a96ab3544b792d87503db529ab7	74572e6e46e045a48e0a2266f3be0d41	2020-06-30 18:06:36 +0300	2019-12-07 16:25:03 +0300	2011-12-31 12:59:00 +0200	95839397af674a06897deec940317c85	4 GLR LA		2011 LA Kira Geliri 1/4				n	0/100	0/100	1970-01-01 02:00:00 +0200
B	5e361a96ab3544b792d87503db529ab7	e8b6139718904e8b98f0a5315861c4f2	2020-06-30 18:06:36 +0300	2019-12-07 16:25:03 +0300	2011-12-31 12:59:00 +0200	908c3f6feebf4484990b780afddb8c6d	Ort Ali Balcı		2011 LA Kira Geliri 1/4				n	0/100	0/100	1970-01-01 02:00:00 +0200
===== END
===== START
C	5e361a96ab3544b792d87503db529ab7	74572e6e46e045a48e0a2266f3be0d41	2020-06-30 18:06:36 +0300	2019-12-07 16:25:03 +0300	2011-12-31 12:59:00 +0200	95839397af674a06897deec940317c85	4 GLR LA		2011 LA Kira Geliri 1/4				n	-72965/100	-72965/100	1970-01-01 02:00:00 +0200
C	5e361a96ab3544b792d87503db529ab7	e8b6139718904e8b98f0a5315861c4f2	2020-06-30 18:06:36 +0300	2019-12-07 16:25:03 +0300	2011-12-31 12:59:00 +0200	908c3f6feebf4484990b780afddb8c6d	Ort Ali Balcı		2011 LA Kira Geliri 1/4				n	72965/100	72965/100	1970-01-01 02:00:00 +0200
===== END
===== START
B	f922bc5978094b278e3f907bb5c6fcd6	29f43dcfed5f419fa2c286ddc0a032aa	2020-06-30 18:06:38 +0300	2019-12-07 16:25:12 +0300	2011-12-31 12:59:00 +0200	95839397af674a06897deec940317c85	4 GLR LA		2011 LA Kira Geliri 1/4				n	0/100	0/100	1970-01-01 02:00:00 +0200
B	f922bc5978094b278e3f907bb5c6fcd6	00177398d72f4f3daeab4cbe2fc731d2	2020-06-30 18:06:38 +0300	2019-12-07 16:25:12 +0300	2011-12-31 12:59:00 +0200	925040008251457dafaaa28adf28037e	Ort. AB Ls 		2011 LA Kira Geliri 1/4				n	0/100	0/100	1970-01-01 02:00:00 +0200
===== END
===== START
C	f922bc5978094b278e3f907bb5c6fcd6	29f43dcfed5f419fa2c286ddc0a032aa	2020-06-30 18:06:38 +0300	2019-12-07 16:25:12 +0300	2011-12-31 12:59:00 +0200	95839397af674a06897deec940317c85	4 GLR LA		2011 LA Kira Geliri 1/4				n	-72965/100	-72965/100	1970-01-01 02:00:00 +0200
C	f922bc5978094b278e3f907bb5c6fcd6	00177398d72f4f3daeab4cbe2fc731d2	2020-06-30 18:06:38 +0300	2019-12-07 16:25:12 +0300	2011-12-31 12:59:00 +0200	925040008251457dafaaa28adf28037e	Ort. AB Ls 		2011 LA Kira Geliri 1/4				n	72965/100	72965/100	1970-01-01 02:00:00 +0200
===== END
===== START
B	a820d6c5bb7648efb0439b710b5de3b0	386637e816d34ab69830cb14a295b09e	2020-06-30 18:06:40 +0300	2020-06-30 18:04:58 +0300	2011-12-31 12:59:00 +0200	95839397af674a06897deec940317c85	4 GLR LA		2011 LA Kira Geliri 1/4				n	0/100	0/100	1970-01-01 02:00:00 +0200
B	a820d6c5bb7648efb0439b710b5de3b0	a6d8c71fde684f1faec90e2f0434f2fb	2020-06-30 18:06:40 +0300	2020-06-30 18:04:58 +0300	2011-12-31 12:59:00 +0200	1cff415040884d0abe67316a4ad829e9	Ort. H.Murat Balcı		2011 LA Kira Geliri 1/4				n	0/100	0/100	1970-01-01 02:00:00 +0200
===== END
===== START
C	a820d6c5bb7648efb0439b710b5de3b0	386637e816d34ab69830cb14a295b09e	2020-06-30 18:06:40 +0300	2020-06-30 18:04:58 +0300	2011-12-31 12:59:00 +0200	95839397af674a06897deec940317c85	4 GLR LA		2011 LA Kira Geliri 1/4				n	-72965/100	-72965/100	1970-01-01 02:00:00 +0200
C	a820d6c5bb7648efb0439b710b5de3b0	a6d8c71fde684f1faec90e2f0434f2fb	2020-06-30 18:06:40 +0300	2020-06-30 18:04:58 +0300	2011-12-31 12:59:00 +0200	1cff415040884d0abe67316a4ad829e9	Ort. H.Murat Balcı		2011 LA Kira Geliri 1/4				n	72965/100	72965/100	1970-01-01 02:00:00 +0200
===== END
===== START
B	a820d6c5bb7648efb0439b710b5de3b0	a6d8c71fde684f1faec90e2f0434f2fb	2020-06-30 18:06:48 +0300	2020-06-30 18:04:58 +0300	2011-12-31 12:59:00 +0200	1cff415040884d0abe67316a4ad829e9	Ort. H.Murat Balcı		2011 LA Kira Geliri 1/4				n	72965/100	72965/100	1970-01-01 02:00:00 +0200
B	a820d6c5bb7648efb0439b710b5de3b0	386637e816d34ab69830cb14a295b09e	2020-06-30 18:06:48 +0300	2020-06-30 18:04:58 +0300	2011-12-31 12:59:00 +0200	95839397af674a06897deec940317c85	4 GLR LA		2011 LA Kira Geliri 1/4				n	-72965/100	-72965/100	1970-01-01 02:00:00 +0200
===== END
===== START
C	a820d6c5bb7648efb0439b710b5de3b0	a6d8c71fde684f1faec90e2f0434f2fb	2020-06-30 18:06:48 +0300	2020-06-30 18:04:58 +0300	2011-12-31 12:59:00 +0200	1cff415040884d0abe67316a4ad829e9	Ort. H.Murat Balcı		2011 LA Kira Geliri 1/4				n	72966/100	72966/100	1970-01-01 02:00:00 +0200
C	a820d6c5bb7648efb0439b710b5de3b0	386637e816d34ab69830cb14a295b09e	2020-06-30 18:06:48 +0300	2020-06-30 18:04:58 +0300	2011-12-31 12:59:00 +0200	95839397af674a06897deec940317c85	4 GLR LA		2011 LA Kira Geliri 1/4				n	-72966/100	-72966/100	1970-01-01 02:00:00 +0200
===== END
===== START
B	a820d6c5bb7648efb0439b710b5de3b0	a6d8c71fde684f1faec90e2f0434f2fb	2020-06-30 18:06:53 +0300	2020-06-30 18:04:58 +0300	2011-12-31 12:59:00 +0200	1cff415040884d0abe67316a4ad829e9	Ort. H.Murat Balcı		2011 LA Kira Geliri 1/4				n	72966/100	72966/100	1970-01-01 02:00:00 +0200
B	a820d6c5bb7648efb0439b710b5de3b0	386637e816d34ab69830cb14a295b09e	2020-06-30 18:06:53 +0300	2020-06-30 18:04:58 +0300	2011-12-31 12:59:00 +0200	95839397af674a06897deec940317c85	4 GLR LA		2011 LA Kira Geliri 1/4				n	-72966/100	-72966/100	1970-01-01 02:00:00 +0200
===== END
===== START
C	a820d6c5bb7648efb0439b710b5de3b0	a6d8c71fde684f1faec90e2f0434f2fb	2020-06-30 18:06:53 +0300	2020-06-30 18:04:58 +0300	2011-12-31 12:59:00 +0200	1cff415040884d0abe67316a4ad829e9	Ort. H.Murat Balcı		2011 LA Kira Geliri 1/4				n	72964/100	72964/100	1970-01-01 02:00:00 +0200
C	a820d6c5bb7648efb0439b710b5de3b0	386637e816d34ab69830cb14a295b09e	2020-06-30 18:06:53 +0300	2020-06-30 18:04:58 +0300	2011-12-31 12:59:00 +0200	95839397af674a06897deec940317c85	4 GLR LA		2011 LA Kira Geliri 1/4				n	-72964/100	-72964/100	1970-01-01 02:00:00 +0200
===== END
===== START
B	be61b8a206d34d39af08eac6ebc8c512	b79a4b2a0454455ea357f4d1092a4cf2	2020-06-30 18:07:16 +0300	2019-12-07 16:26:36 +0300	2012-07-01 13:59:00 +0300	95839397af674a06897deec940317c85	4 GLR LA		2012 LA Kira Geliri 1/4				n	348251/100	348251/100	1970-01-01 02:00:00 +0200
B	be61b8a206d34d39af08eac6ebc8c512	79dffbc33938450a958e16c20d25df70	2020-06-30 18:07:16 +0300	2019-12-07 16:26:36 +0300	2012-07-01 13:59:00 +0300	908c3f6feebf4484990b780afddb8c6d	Ort Ali Balcı		2012 LA Kira Geliri 1/4				n	-348251/100	-348251/100	1970-01-01 02:00:00 +0200
===== END
===== START
C	be61b8a206d34d39af08eac6ebc8c512	b79a4b2a0454455ea357f4d1092a4cf2	2020-06-30 18:07:16 +0300	2019-12-07 16:26:36 +0300	2012-09-02 13:59:00 +0300	95839397af674a06897deec940317c85	4 GLR LA		2012 LA Kira Geliri 1/4				n	348251/100	348251/100	1970-01-01 02:00:00 +0200
C	be61b8a206d34d39af08eac6ebc8c512	79dffbc33938450a958e16c20d25df70	2020-06-30 18:07:16 +0300	2019-12-07 16:26:36 +0300	2012-09-02 13:59:00 +0300	908c3f6feebf4484990b780afddb8c6d	Ort Ali Balcı		2012 LA Kira Geliri 1/4				n	-348251/100	-348251/100	1970-01-01 02:00:00 +0200
===== END
===== START
B	be61b8a206d34d39af08eac6ebc8c512	b79a4b2a0454455ea357f4d1092a4cf2	2020-06-30 18:08:20 +0300	2019-12-07 16:26:36 +0300	2012-09-02 13:59:00 +0300	95839397af674a06897deec940317c85	4 GLR LA		2012 LA Kira Geliri 1/4				n	348251/100	348251/100	1970-01-01 02:00:00 +0200
B	be61b8a206d34d39af08eac6ebc8c512	79dffbc33938450a958e16c20d25df70	2020-06-30 18:08:20 +0300	2019-12-07 16:26:36 +0300	2012-09-02 13:59:00 +0300	908c3f6feebf4484990b780afddb8c6d	Ort Ali Balcı		2012 LA Kira Geliri 1/4				n	-348251/100	-348251/100	1970-01-01 02:00:00 +0200
===== END
===== START
C	be61b8a206d34d39af08eac6ebc8c512	b79a4b2a0454455ea357f4d1092a4cf2	2020-06-30 18:08:20 +0300	2019-12-07 16:26:36 +0300	2012-12-31 12:59:00 +0200	95839397af674a06897deec940317c85	4 GLR LA		2012 LA Kira Geliri 1/4				n	348251/100	348251/100	1970-01-01 02:00:00 +0200
C	be61b8a206d34d39af08eac6ebc8c512	79dffbc33938450a958e16c20d25df70	2020-06-30 18:08:20 +0300	2019-12-07 16:26:36 +0300	2012-12-31 12:59:00 +0200	908c3f6feebf4484990b780afddb8c6d	Ort Ali Balcı		2012 LA Kira Geliri 1/4				n	-348251/100	-348251/100	1970-01-01 02:00:00 +0200
===== END
===== START
B	84ad9d3cb50f4e9389646ae0eff64ca1	4e9db9d1e51341049e043a940c15ee2d	2020-06-30 18:08:28 +0300	2019-12-07 16:26:57 +0300	2012-07-01 13:59:00 +0300	95839397af674a06897deec940317c85	4 GLR LA		2012 LA Kira Geliri 1/4				n	348251/100	348251/100	1970-01-01 02:00:00 +0200
B	84ad9d3cb50f4e9389646ae0eff64ca1	93563e3d05884e4594accf4a49aa6ad1	2020-06-30 18:08:28 +0300	2019-12-07 16:26:57 +0300	2012-07-01 13:59:00 +0300	925040008251457dafaaa28adf28037e	Ort. AB Ls 		2012 LA Kira Geliri 1/4				n	-348251/100	-348251/100	1970-01-01 02:00:00 +0200
===== END
===== START
C	84ad9d3cb50f4e9389646ae0eff64ca1	4e9db9d1e51341049e043a940c15ee2d	2020-06-30 18:08:28 +0300	2019-12-07 16:26:57 +0300	2012-12-31 12:59:00 +0200	95839397af674a06897deec940317c85	4 GLR LA		2012 LA Kira Geliri 1/4				n	348251/100	348251/100	1970-01-01 02:00:00 +0200
C	84ad9d3cb50f4e9389646ae0eff64ca1	93563e3d05884e4594accf4a49aa6ad1	2020-06-30 18:08:28 +0300	2019-12-07 16:26:57 +0300	2012-12-31 12:59:00 +0200	925040008251457dafaaa28adf28037e	Ort. AB Ls 		2012 LA Kira Geliri 1/4				n	-348251/100	-348251/100	1970-01-01 02:00:00 +0200
===== END
===== START
B	b0273421112f4400981dd2710b2e1cff	25a70d8756ea4ec5917ed7974f0bad48	2020-06-30 18:08:48 +0300	2019-12-07 16:26:42 +0300	2013-07-01 13:59:00 +0300	95839397af674a06897deec940317c85	4 GLR LA		2013 LA Kira Geliri 1/4				n	392953/100	392953/100	1970-01-01 02:00:00 +0200
B	b0273421112f4400981dd2710b2e1cff	a7d37ba88c4844f69b60772602233acd	2020-06-30 18:08:48 +0300	2019-12-07 16:26:42 +0300	2013-07-01 13:59:00 +0300	908c3f6feebf4484990b780afddb8c6d	Ort Ali Balcı		2013 LA Kira Geliri 1/4				n	-392953/100	-392953/100	1970-01-01 02:00:00 +0200
===== END
===== START
C	b0273421112f4400981dd2710b2e1cff	25a70d8756ea4ec5917ed7974f0bad48	2020-06-30 18:08:48 +0300	2019-12-07 16:26:42 +0300	2013-12-31 12:59:00 +0200	95839397af674a06897deec940317c85	4 GLR LA		2013 LA Kira Geliri 1/4				n	392953/100	392953/100	1970-01-01 02:00:00 +0200
C	b0273421112f4400981dd2710b2e1cff	a7d37ba88c4844f69b60772602233acd	2020-06-30 18:08:48 +0300	2019-12-07 16:26:42 +0300	2013-12-31 12:59:00 +0200	908c3f6feebf4484990b780afddb8c6d	Ort Ali Balcı		2013 LA Kira Geliri 1/4				n	-392953/100	-392953/100	1970-01-01 02:00:00 +0200
===== END
===== START
B	18c8e841dfef4b8fb45a28aa7d761b5a	e1947c6af05e46a48b0b393f78da1eb3	2020-06-30 18:09:04 +0300	2019-12-07 16:26:58 +0300	2013-07-01 13:59:00 +0300	95839397af674a06897deec940317c85	4 GLR LA		2013 LA Kira Geliri 1/4				n	392953/100	392953/100	1970-01-01 02:00:00 +0200
B	18c8e841dfef4b8fb45a28aa7d761b5a	2997da5105944f3e8ecb3efd0170934d	2020-06-30 18:09:04 +0300	2019-12-07 16:26:58 +0300	2013-07-01 13:59:00 +0300	925040008251457dafaaa28adf28037e	Ort. AB Ls 		2013 LA Kira Geliri 1/4				n	-392953/100	-392953/100	1970-01-01 02:00:00 +0200
===== END
===== START
C	18c8e841dfef4b8fb45a28aa7d761b5a	e1947c6af05e46a48b0b393f78da1eb3	2020-06-30 18:09:04 +0300	2019-12-07 16:26:58 +0300	2013-12-31 12:59:00 +0200	95839397af674a06897deec940317c85	4 GLR LA		2013 LA Kira Geliri 1/4				n	392953/100	392953/100	1970-01-01 02:00:00 +0200
C	18c8e841dfef4b8fb45a28aa7d761b5a	2997da5105944f3e8ecb3efd0170934d	2020-06-30 18:09:04 +0300	2019-12-07 16:26:58 +0300	2013-12-31 12:59:00 +0200	925040008251457dafaaa28adf28037e	Ort. AB Ls 		2013 LA Kira Geliri 1/4				n	-392953/100	-392953/100	1970-01-01 02:00:00 +0200
===== END
===== START
C	36580536bc174c208b98aec61ab1ac41	aa93fa156baf4db78ba89d641a94c31c	2020-06-30 18:09:26 +0300	2020-06-30 18:09:26 +0300	2012-12-31 12:59:00 +0200	95839397af674a06897deec940317c85	4 GLR LA						n	0/100	0/100	1970-01-01 02:00:00 +0200
===== END
===== START
===== END
===== START
C	ed3ddc84106a4fcdaedcb6eb8780196e	50388c82eea6493498a5b3eb27a510a6	2020-06-30 18:09:31 +0300	2020-06-30 18:09:31 +0300	2013-12-31 12:59:00 +0200	95839397af674a06897deec940317c85	4 GLR LA						n	0/100	0/100	1970-01-01 02:00:00 +0200
===== END
===== START
===== END
===== START
C	9e86b676d51548e5bbc6cbbdf4105519	197f3a43fdf5448099bba0994f260691	2020-06-30 18:09:37 +0300	2020-06-30 18:09:37 +0300	2014-12-31 12:59:00 +0200	95839397af674a06897deec940317c85	4 GLR LA						n	0/100	0/100	1970-01-01 02:00:00 +0200
===== END
===== START
===== END
===== START
C	bc8b22dd411d4418a00322fb983ea3e0	1c3d5cb0d52b41ea91cf95645d75900e	2020-06-30 18:09:46 +0300	2020-06-30 18:09:46 +0300	2015-12-31 12:59:00 +0200	95839397af674a06897deec940317c85	4 GLR LA						n	0/100	0/100	1970-01-01 02:00:00 +0200
===== END
===== START
===== END
===== START
C	4b4e3dec7d134f11b1542aaa45683e5d	f1a14eadd84a4440aff477baa1b9e7a8	2020-06-30 18:09:54 +0300	2020-06-30 18:09:54 +0300	2016-12-31 13:59:00 +0300	95839397af674a06897deec940317c85	4 GLR LA						n	0/100	0/100	1970-01-01 02:00:00 +0200
===== END
===== START
===== END
===== START
C	c2f1aaacafc84177b1ad2534a7926b80	e7e0c6d178ec49568f7c59f93ed45f4a	2020-06-30 18:09:58 +0300	2020-06-30 18:09:58 +0300	2017-12-31 13:59:00 +0300	95839397af674a06897deec940317c85	4 GLR LA						n	0/100	0/100	1970-01-01 02:00:00 +0200
===== END
===== START
===== END
===== START
C	8cb30738e2d04bb8a358dd0a3b670fcc	07e9c87072fe45b78889eae173567d92	2020-06-30 18:10:03 +0300	2020-06-30 18:10:03 +0300	2018-12-31 13:59:00 +0300	95839397af674a06897deec940317c85	4 GLR LA						n	0/100	0/100	1970-01-01 02:00:00 +0200
===== END
===== START
===== END
===== START
C	d9860e8ffb8a4b53a55552f60a401fcc	405a8a58caa84c6fb0ee1fc68bde6529	2020-06-30 18:10:08 +0300	2020-06-30 18:10:08 +0300	2019-12-31 13:59:00 +0300	95839397af674a06897deec940317c85	4 GLR LA						n	0/100	0/100	1970-01-01 02:00:00 +0200
===== END
===== START
===== END
===== START
C	a1931f0a05f1435394c6e0bcdef19680	817748e5b18242638417feaa2258c8ea	2020-06-30 18:10:26 +0300	2020-06-30 18:10:26 +0300	2020-06-30 13:59:00 +0300	95839397af674a06897deec940317c85	4 GLR LA						n	0/100	0/100	1970-01-01 02:00:00 +0200
===== END
===== START
===== END
===== START
B	36580536bc174c208b98aec61ab1ac41	aa93fa156baf4db78ba89d641a94c31c	2020-06-30 18:10:33 +0300	2020-06-30 18:09:26 +0300	2012-12-31 12:59:00 +0200	95839397af674a06897deec940317c85	4 GLR LA						n	0/100	0/100	1970-01-01 02:00:00 +0200
===== END
===== START
C	36580536bc174c208b98aec61ab1ac41	aa93fa156baf4db78ba89d641a94c31c	2020-06-30 18:10:33 +0300	2020-06-30 18:09:26 +0300	2012-12-31 12:59:00 +0200	95839397af674a06897deec940317c85	4 GLR LA						n	348251/100	348251/100	1970-01-01 02:00:00 +0200
C	36580536bc174c208b98aec61ab1ac41	6ab051f0f48e47a9814a682119a62c2c	2020-06-30 18:10:33 +0300	2020-06-30 18:09:26 +0300	2012-12-31 12:59:00 +0200	3a63f12134c244fa86b69fbbccbba3e0	Açık-TRY						n	-348251/100	-348251/100	1970-01-01 02:00:00 +0200
===== END
