mod	trans_guid	split_guid	time_now	date_entered	date_posted	acc_guid	acc_name	num	description	notes	memo	action	reconciled	amount	value	date_reconciled
-----------------
===== START
B	71e5e57d3097456a886283dcb87aa4ee	2508c3fa292544e8a52ab8834ae7795a	2020-02-13 12:31:25 +0300	2019-12-25 14:47:33 +0300	2019-12-25 13:59:00 +0300	f9df8197d3194edfb63f3ba2eb17ebf6	73bac7009a4c42788ff6c52b08151fe5		Tzg Kira Ödemesi Ocak 2020 - Salih Kaymak				n	0/1	0/100	1970-01-01 02:00:00 +0200
B	71e5e57d3097456a886283dcb87aa4ee	310b6dc8048c426d9af57db756b4eee4	2020-02-13 12:31:25 +0300	2019-12-25 14:47:33 +0300	2019-12-25 13:59:00 +0300	f9df8197d3194edfb63f3ba2eb17ebf6	73bac7009a4c42788ff6c52b08151fe5		Tzg Kira Ödemesi Ocak 2020 - Salih Kaymak				n	0/1	0/100	1970-01-01 02:00:00 +0200
===== END
===== START
R	71e5e57d3097456a886283dcb87aa4ee	2508c3fa292544e8a52ab8834ae7795a	2020-02-13 12:31:25 +0300	2019-12-25 14:47:33 +0300	2019-12-25 13:59:00 +0300	f9df8197d3194edfb63f3ba2eb17ebf6	73bac7009a4c42788ff6c52b08151fe5		Tzg Kira Ödemesi Ocak 2020 - Salih Kaymak				n	0/1	0/100	1970-01-01 02:00:00 +0200
R	71e5e57d3097456a886283dcb87aa4ee	310b6dc8048c426d9af57db756b4eee4	2020-02-13 12:31:25 +0300	2019-12-25 14:47:33 +0300	2019-12-25 13:59:00 +0300	f9df8197d3194edfb63f3ba2eb17ebf6	73bac7009a4c42788ff6c52b08151fe5		Tzg Kira Ödemesi Ocak 2020 - Salih Kaymak				n	0/1	0/100	1970-01-01 02:00:00 +0200
===== END
===== START
B	71e5e57d3097456a886283dcb87aa4ee	2508c3fa292544e8a52ab8834ae7795a	2020-02-13 12:31:25 +0300	2019-12-25 14:47:33 +0300	2019-12-25 13:59:00 +0300	f9df8197d3194edfb63f3ba2eb17ebf6	73bac7009a4c42788ff6c52b08151fe5		Tzg Kira Ödemesi Ocak 2020 - Salih Kaymak				n	0/1	0/100	1970-01-01 02:00:00 +0200
B	71e5e57d3097456a886283dcb87aa4ee	310b6dc8048c426d9af57db756b4eee4	2020-02-13 12:31:25 +0300	2019-12-25 14:47:33 +0300	2019-12-25 13:59:00 +0300	f9df8197d3194edfb63f3ba2eb17ebf6	73bac7009a4c42788ff6c52b08151fe5		Tzg Kira Ödemesi Ocak 2020 - Salih Kaymak				n	0/1	0/100	1970-01-01 02:00:00 +0200
===== END
===== START
R	71e5e57d3097456a886283dcb87aa4ee	2508c3fa292544e8a52ab8834ae7795a	2020-02-13 12:31:25 +0300	2019-12-25 14:47:33 +0300	2019-12-25 13:59:00 +0300	f9df8197d3194edfb63f3ba2eb17ebf6	73bac7009a4c42788ff6c52b08151fe5		Tzg Kira Ödemesi Ocak 2020 - Salih Kaymak				n	0/1	0/100	1970-01-01 02:00:00 +0200
R	71e5e57d3097456a886283dcb87aa4ee	310b6dc8048c426d9af57db756b4eee4	2020-02-13 12:31:25 +0300	2019-12-25 14:47:33 +0300	2019-12-25 13:59:00 +0300	f9df8197d3194edfb63f3ba2eb17ebf6	73bac7009a4c42788ff6c52b08151fe5		Tzg Kira Ödemesi Ocak 2020 - Salih Kaymak				n	0/1	0/100	1970-01-01 02:00:00 +0200
===== END
===== START
B	2bed39c3908745dc93b80b5cc0525f1c	68a35ea83e054a499b48485c2c784390	2020-02-13 12:31:25 +0300	2019-12-25 15:43:45 +0300	2019-12-25 13:59:00 +0300	dc915ca945be4e72ab274fdae19390c0	ba301b88a00f4cd6b3b7431e4a004386		2020 1/8 Sny55 Kira Bedeli				n	0/1	0/100	1970-01-01 02:00:00 +0200
B	2bed39c3908745dc93b80b5cc0525f1c	01b1322b286341f18f55ba4d2a213255	2020-02-13 12:31:25 +0300	2019-12-25 15:43:45 +0300	2019-12-25 13:59:00 +0300	dc915ca945be4e72ab274fdae19390c0	ba301b88a00f4cd6b3b7431e4a004386		2020 1/8 Sny55 Kira Bedeli				n	0/1	0/100	1970-01-01 02:00:00 +0200
===== END
===== START
R	2bed39c3908745dc93b80b5cc0525f1c	68a35ea83e054a499b48485c2c784390	2020-02-13 12:31:25 +0300	2019-12-25 15:43:45 +0300	2019-12-25 13:59:00 +0300	dc915ca945be4e72ab274fdae19390c0	ba301b88a00f4cd6b3b7431e4a004386		2020 1/8 Sny55 Kira Bedeli				n	0/1	0/100	1970-01-01 02:00:00 +0200
R	2bed39c3908745dc93b80b5cc0525f1c	01b1322b286341f18f55ba4d2a213255	2020-02-13 12:31:25 +0300	2019-12-25 15:43:45 +0300	2019-12-25 13:59:00 +0300	dc915ca945be4e72ab274fdae19390c0	ba301b88a00f4cd6b3b7431e4a004386		2020 1/8 Sny55 Kira Bedeli				n	0/1	0/100	1970-01-01 02:00:00 +0200
===== END
===== START
B	2bed39c3908745dc93b80b5cc0525f1c	68a35ea83e054a499b48485c2c784390	2020-02-13 12:31:25 +0300	2019-12-25 15:43:45 +0300	2019-12-25 13:59:00 +0300	dc915ca945be4e72ab274fdae19390c0	ba301b88a00f4cd6b3b7431e4a004386		2020 1/8 Sny55 Kira Bedeli				n	0/1	0/100	1970-01-01 02:00:00 +0200
B	2bed39c3908745dc93b80b5cc0525f1c	01b1322b286341f18f55ba4d2a213255	2020-02-13 12:31:25 +0300	2019-12-25 15:43:45 +0300	2019-12-25 13:59:00 +0300	dc915ca945be4e72ab274fdae19390c0	ba301b88a00f4cd6b3b7431e4a004386		2020 1/8 Sny55 Kira Bedeli				n	0/1	0/100	1970-01-01 02:00:00 +0200
===== END
===== START
R	2bed39c3908745dc93b80b5cc0525f1c	68a35ea83e054a499b48485c2c784390	2020-02-13 12:31:25 +0300	2019-12-25 15:43:45 +0300	2019-12-25 13:59:00 +0300	dc915ca945be4e72ab274fdae19390c0	ba301b88a00f4cd6b3b7431e4a004386		2020 1/8 Sny55 Kira Bedeli				n	0/1	0/100	1970-01-01 02:00:00 +0200
R	2bed39c3908745dc93b80b5cc0525f1c	01b1322b286341f18f55ba4d2a213255	2020-02-13 12:31:25 +0300	2019-12-25 15:43:45 +0300	2019-12-25 13:59:00 +0300	dc915ca945be4e72ab274fdae19390c0	ba301b88a00f4cd6b3b7431e4a004386		2020 1/8 Sny55 Kira Bedeli				n	0/1	0/100	1970-01-01 02:00:00 +0200
===== END
===== START
===== END
===== START
C	0215e89a982f44139ad43b0c78545d51	483dded571bd4b3391b5ed4f1aaf1e08	2020-02-13 12:31:25 +0300	2019-12-25 15:43:45 +0300	2019-12-25 13:59:00 +0300	dc915ca945be4e72ab274fdae19390c0	ba301b88a00f4cd6b3b7431e4a004386		2020 1/8 Sny55 Kira Bedeli				n	0/1	0/100	1970-01-01 02:00:00 +0200
C	0215e89a982f44139ad43b0c78545d51	e581453494d04557b5f8e21c6042c09b	2020-02-13 12:31:25 +0300	2019-12-25 15:43:45 +0300	2019-12-25 13:59:00 +0300	dc915ca945be4e72ab274fdae19390c0	ba301b88a00f4cd6b3b7431e4a004386		2020 1/8 Sny55 Kira Bedeli				n	0/1	0/100	1970-01-01 02:00:00 +0200
===== END
===== START
B	0215e89a982f44139ad43b0c78545d51	483dded571bd4b3391b5ed4f1aaf1e08	2020-02-13 12:31:25 +0300	2019-12-25 15:43:45 +0300	2019-12-25 13:59:00 +0300	dc915ca945be4e72ab274fdae19390c0	ba301b88a00f4cd6b3b7431e4a004386		2020 1/8 Sny55 Kira Bedeli				n	0/1	0/100	1970-01-01 02:00:00 +0200
B	0215e89a982f44139ad43b0c78545d51	e581453494d04557b5f8e21c6042c09b	2020-02-13 12:31:25 +0300	2019-12-25 15:43:45 +0300	2019-12-25 13:59:00 +0300	dc915ca945be4e72ab274fdae19390c0	ba301b88a00f4cd6b3b7431e4a004386		2020 1/8 Sny55 Kira Bedeli				n	0/1	0/100	1970-01-01 02:00:00 +0200
===== END
===== START
C	0215e89a982f44139ad43b0c78545d51	483dded571bd4b3391b5ed4f1aaf1e08	2020-02-13 12:31:25 +0300	2019-12-25 15:43:45 +0300	2020-01-24 13:59:00 +0300	77fc17bb76f3477b993b48d95fc32cf0	127 Sny55 Habip Yıldırım		2020 1/8 Sny55 Kira Bedeli				n	100000/100	100000/100	1970-01-01 02:00:00 +0200
C	0215e89a982f44139ad43b0c78545d51	e581453494d04557b5f8e21c6042c09b	2020-02-13 12:31:25 +0300	2019-12-25 15:43:45 +0300	2020-01-24 13:59:00 +0300	9ee677e8d3a04ed78d0894f9f03a91c5	1 GLR Sny55		2020 1/8 Sny55 Kira Bedeli				n	-100000/100	-100000/100	1970-01-01 02:00:00 +0200
===== END
===== START
===== END
===== START
D	d175ff0140d14a718457d337cb14a4ab	93e086141754458ebed9675f46cea44c	2020-02-13 12:32:04 +0300	2020-02-13 12:32:04 +0300	2020-02-13 13:59:00 +0300								n	0/1	0/100	1970-01-01 02:00:00 +0200
===== END
===== START
===== END
===== START
D	4b1056b496e446178e400bff98b3337e	0c0f63f608b64b6c9b963a2187db35e6	2020-02-13 12:32:18 +0300	2020-02-13 12:32:18 +0300	2020-02-13 13:59:00 +0300								n	0/1	0/100	1970-01-01 02:00:00 +0200
===== END
===== START
===== END
===== START
D	b5fafc3423f649d88542524b4a1b0d51	c097f76c9de245c096d06b4b53442c46	2020-02-13 12:32:34 +0300	2020-02-13 12:32:34 +0300	2020-02-13 13:59:00 +0300								n	0/1	0/100	1970-01-01 02:00:00 +0200
===== END
===== START
===== END
===== START
D	462caaba639e458b854fe0737c4b37a2	206de3c7153445b996714bf8615fdcfb	2020-02-13 12:36:19 +0300	2020-02-13 12:36:19 +0300	2020-02-13 13:59:00 +0300								n	0/1	0/100	1970-01-01 02:00:00 +0200
===== END
===== START
===== END
===== START
D	f5c7c26be3fc40428a53f9b2a64ddb33	e367b189d3d5408b9f8d6e80ebcfb0bd	2020-02-13 12:36:34 +0300	2020-02-13 12:36:34 +0300	2020-02-13 13:59:00 +0300								n	0/1	0/100	1970-01-01 02:00:00 +0200
===== END
