mod	trans_guid	split_guid	time_now	date_entered	date_posted	acc_guid	acc_name	num	description	notes	memo	action	reconciled	amount	value	date_reconciled
-----------------
===== START
B	71e5e57d3097456a886283dcb87aa4ee	2508c3fa292544e8a52ab8834ae7795a	2023-04-03 14:33:17	2019-12-25 11:47:33	2019-12-25 10:59:00	f9df8197d3194edfb63f3ba2eb17ebf6	73bac7009a4c42788ff6c52b08151fe5		Tzg Kira Ödemesi Ocak 2020 - Salih Kaymak				n	0/1	0/100	1970-01-01 00:00:00
B	71e5e57d3097456a886283dcb87aa4ee	310b6dc8048c426d9af57db756b4eee4	2023-04-03 14:33:17	2019-12-25 11:47:33	2019-12-25 10:59:00	f9df8197d3194edfb63f3ba2eb17ebf6	73bac7009a4c42788ff6c52b08151fe5		Tzg Kira Ödemesi Ocak 2020 - Salih Kaymak				n	0/1	0/100	1970-01-01 00:00:00
===== END
===== START
R	71e5e57d3097456a886283dcb87aa4ee	2508c3fa292544e8a52ab8834ae7795a	2023-04-03 14:33:17	2019-12-25 11:47:33	2019-12-25 10:59:00	f9df8197d3194edfb63f3ba2eb17ebf6	73bac7009a4c42788ff6c52b08151fe5		Tzg Kira Ödemesi Ocak 2020 - Salih Kaymak				n	0/1	0/100	1970-01-01 00:00:00
R	71e5e57d3097456a886283dcb87aa4ee	310b6dc8048c426d9af57db756b4eee4	2023-04-03 14:33:17	2019-12-25 11:47:33	2019-12-25 10:59:00	f9df8197d3194edfb63f3ba2eb17ebf6	73bac7009a4c42788ff6c52b08151fe5		Tzg Kira Ödemesi Ocak 2020 - Salih Kaymak				n	0/1	0/100	1970-01-01 00:00:00
===== END
===== START
B	71e5e57d3097456a886283dcb87aa4ee	2508c3fa292544e8a52ab8834ae7795a	2023-04-03 14:33:17	2019-12-25 11:47:33	2019-12-25 10:59:00	f9df8197d3194edfb63f3ba2eb17ebf6	73bac7009a4c42788ff6c52b08151fe5		Tzg Kira Ödemesi Ocak 2020 - Salih Kaymak				n	0/1	0/100	1970-01-01 00:00:00
B	71e5e57d3097456a886283dcb87aa4ee	310b6dc8048c426d9af57db756b4eee4	2023-04-03 14:33:17	2019-12-25 11:47:33	2019-12-25 10:59:00	f9df8197d3194edfb63f3ba2eb17ebf6	73bac7009a4c42788ff6c52b08151fe5		Tzg Kira Ödemesi Ocak 2020 - Salih Kaymak				n	0/1	0/100	1970-01-01 00:00:00
===== END
===== START
R	71e5e57d3097456a886283dcb87aa4ee	2508c3fa292544e8a52ab8834ae7795a	2023-04-03 14:33:17	2019-12-25 11:47:33	2019-12-25 10:59:00	f9df8197d3194edfb63f3ba2eb17ebf6	73bac7009a4c42788ff6c52b08151fe5		Tzg Kira Ödemesi Ocak 2020 - Salih Kaymak				n	0/1	0/100	1970-01-01 00:00:00
R	71e5e57d3097456a886283dcb87aa4ee	310b6dc8048c426d9af57db756b4eee4	2023-04-03 14:33:17	2019-12-25 11:47:33	2019-12-25 10:59:00	f9df8197d3194edfb63f3ba2eb17ebf6	73bac7009a4c42788ff6c52b08151fe5		Tzg Kira Ödemesi Ocak 2020 - Salih Kaymak				n	0/1	0/100	1970-01-01 00:00:00
===== END
===== START
B	2bed39c3908745dc93b80b5cc0525f1c	68a35ea83e054a499b48485c2c784390	2023-04-03 14:33:17	2019-12-25 12:43:45	2019-12-25 10:59:00	dc915ca945be4e72ab274fdae19390c0	ba301b88a00f4cd6b3b7431e4a004386		2020 1/8 Sny55 Kira Bedeli				n	0/1	0/100	1970-01-01 00:00:00
B	2bed39c3908745dc93b80b5cc0525f1c	01b1322b286341f18f55ba4d2a213255	2023-04-03 14:33:17	2019-12-25 12:43:45	2019-12-25 10:59:00	dc915ca945be4e72ab274fdae19390c0	ba301b88a00f4cd6b3b7431e4a004386		2020 1/8 Sny55 Kira Bedeli				n	0/1	0/100	1970-01-01 00:00:00
===== END
===== START
R	2bed39c3908745dc93b80b5cc0525f1c	68a35ea83e054a499b48485c2c784390	2023-04-03 14:33:17	2019-12-25 12:43:45	2019-12-25 10:59:00	dc915ca945be4e72ab274fdae19390c0	ba301b88a00f4cd6b3b7431e4a004386		2020 1/8 Sny55 Kira Bedeli				n	0/1	0/100	1970-01-01 00:00:00
R	2bed39c3908745dc93b80b5cc0525f1c	01b1322b286341f18f55ba4d2a213255	2023-04-03 14:33:17	2019-12-25 12:43:45	2019-12-25 10:59:00	dc915ca945be4e72ab274fdae19390c0	ba301b88a00f4cd6b3b7431e4a004386		2020 1/8 Sny55 Kira Bedeli				n	0/1	0/100	1970-01-01 00:00:00
===== END
===== START
B	2bed39c3908745dc93b80b5cc0525f1c	68a35ea83e054a499b48485c2c784390	2023-04-03 14:33:17	2019-12-25 12:43:45	2019-12-25 10:59:00	dc915ca945be4e72ab274fdae19390c0	ba301b88a00f4cd6b3b7431e4a004386		2020 1/8 Sny55 Kira Bedeli				n	0/1	0/100	1970-01-01 00:00:00
B	2bed39c3908745dc93b80b5cc0525f1c	01b1322b286341f18f55ba4d2a213255	2023-04-03 14:33:17	2019-12-25 12:43:45	2019-12-25 10:59:00	dc915ca945be4e72ab274fdae19390c0	ba301b88a00f4cd6b3b7431e4a004386		2020 1/8 Sny55 Kira Bedeli				n	0/1	0/100	1970-01-01 00:00:00
===== END
===== START
R	2bed39c3908745dc93b80b5cc0525f1c	68a35ea83e054a499b48485c2c784390	2023-04-03 14:33:17	2019-12-25 12:43:45	2019-12-25 10:59:00	dc915ca945be4e72ab274fdae19390c0	ba301b88a00f4cd6b3b7431e4a004386		2020 1/8 Sny55 Kira Bedeli				n	0/1	0/100	1970-01-01 00:00:00
R	2bed39c3908745dc93b80b5cc0525f1c	01b1322b286341f18f55ba4d2a213255	2023-04-03 14:33:17	2019-12-25 12:43:45	2019-12-25 10:59:00	dc915ca945be4e72ab274fdae19390c0	ba301b88a00f4cd6b3b7431e4a004386		2020 1/8 Sny55 Kira Bedeli				n	0/1	0/100	1970-01-01 00:00:00
===== END
===== START
===== END
===== START
===== END
===== START
D	6f16aecbe91b4177b60e61e09a720291	2895823521134086b9c5718c3f463e48	2023-04-03 14:34:05	2023-04-03 14:34:05	2023-04-03 10:59:00								n	0/1	0/100	1970-01-01 00:00:00
===== END
===== START
D	8fc00c10e3b041c8bdb778bc9577865e	af82d2814b7249f2b1669fa48f330ead	2023-04-03 14:34:06	2023-04-03 14:34:06	2023-04-03 10:59:00								n	0/1	0/100	1970-01-01 00:00:00
===== END
===== START
===== END
===== START
===== END
===== START
D	fb95d5281445439eae35c2ddf5bf0e58	0ebb7307a2fb4507b9ab0504cc095af8	2023-04-03 14:35:57	2023-04-03 14:35:57	2023-04-03 10:59:00								n	0/1	0/100	1970-01-01 00:00:00
===== END
===== START
D	6c5367d1c55b4101a817b6cd2e096650	212e7d1c42ab44fcbe7fbac4ae147b44	2023-04-03 14:36:00	2023-04-03 14:36:00	2023-04-03 10:59:00								n	0/1	0/100	1970-01-01 00:00:00
===== END
