mod	trans_guid	split_guid	time_now	date_entered	date_posted	acc_guid	acc_name	num	description	notes	memo	action	reconciled	amount	value	date_reconciled
-----------------
===== START
B	71e5e57d3097456a886283dcb87aa4ee	2508c3fa292544e8a52ab8834ae7795a	2020-02-01 13:28:26 +0300	2019-12-25 14:47:33 +0300	2019-12-25 13:59:00 +0300	f9df8197d3194edfb63f3ba2eb17ebf6	73bac7009a4c42788ff6c52b08151fe5		Tzg Kira Ödemesi Ocak 2020 - Salih Kaymak				n	0/1	0/100	1970-01-01 02:00:00 +0200
B	71e5e57d3097456a886283dcb87aa4ee	310b6dc8048c426d9af57db756b4eee4	2020-02-01 13:28:26 +0300	2019-12-25 14:47:33 +0300	2019-12-25 13:59:00 +0300	f9df8197d3194edfb63f3ba2eb17ebf6	73bac7009a4c42788ff6c52b08151fe5		Tzg Kira Ödemesi Ocak 2020 - Salih Kaymak				n	0/1	0/100	1970-01-01 02:00:00 +0200
===== END
===== START
R	71e5e57d3097456a886283dcb87aa4ee	2508c3fa292544e8a52ab8834ae7795a	2020-02-01 13:28:26 +0300	2019-12-25 14:47:33 +0300	2019-12-25 13:59:00 +0300	f9df8197d3194edfb63f3ba2eb17ebf6	73bac7009a4c42788ff6c52b08151fe5		Tzg Kira Ödemesi Ocak 2020 - Salih Kaymak				n	0/1	0/100	1970-01-01 02:00:00 +0200
R	71e5e57d3097456a886283dcb87aa4ee	310b6dc8048c426d9af57db756b4eee4	2020-02-01 13:28:26 +0300	2019-12-25 14:47:33 +0300	2019-12-25 13:59:00 +0300	f9df8197d3194edfb63f3ba2eb17ebf6	73bac7009a4c42788ff6c52b08151fe5		Tzg Kira Ödemesi Ocak 2020 - Salih Kaymak				n	0/1	0/100	1970-01-01 02:00:00 +0200
===== END
===== START
B	71e5e57d3097456a886283dcb87aa4ee	2508c3fa292544e8a52ab8834ae7795a	2020-02-01 13:28:26 +0300	2019-12-25 14:47:33 +0300	2019-12-25 13:59:00 +0300	f9df8197d3194edfb63f3ba2eb17ebf6	73bac7009a4c42788ff6c52b08151fe5		Tzg Kira Ödemesi Ocak 2020 - Salih Kaymak				n	0/1	0/100	1970-01-01 02:00:00 +0200
B	71e5e57d3097456a886283dcb87aa4ee	310b6dc8048c426d9af57db756b4eee4	2020-02-01 13:28:26 +0300	2019-12-25 14:47:33 +0300	2019-12-25 13:59:00 +0300	f9df8197d3194edfb63f3ba2eb17ebf6	73bac7009a4c42788ff6c52b08151fe5		Tzg Kira Ödemesi Ocak 2020 - Salih Kaymak				n	0/1	0/100	1970-01-01 02:00:00 +0200
===== END
===== START
R	71e5e57d3097456a886283dcb87aa4ee	2508c3fa292544e8a52ab8834ae7795a	2020-02-01 13:28:26 +0300	2019-12-25 14:47:33 +0300	2019-12-25 13:59:00 +0300	f9df8197d3194edfb63f3ba2eb17ebf6	73bac7009a4c42788ff6c52b08151fe5		Tzg Kira Ödemesi Ocak 2020 - Salih Kaymak				n	0/1	0/100	1970-01-01 02:00:00 +0200
R	71e5e57d3097456a886283dcb87aa4ee	310b6dc8048c426d9af57db756b4eee4	2020-02-01 13:28:26 +0300	2019-12-25 14:47:33 +0300	2019-12-25 13:59:00 +0300	f9df8197d3194edfb63f3ba2eb17ebf6	73bac7009a4c42788ff6c52b08151fe5		Tzg Kira Ödemesi Ocak 2020 - Salih Kaymak				n	0/1	0/100	1970-01-01 02:00:00 +0200
===== END
===== START
B	2bed39c3908745dc93b80b5cc0525f1c	68a35ea83e054a499b48485c2c784390	2020-02-01 13:28:26 +0300	2019-12-25 15:43:45 +0300	2019-12-25 13:59:00 +0300	dc915ca945be4e72ab274fdae19390c0	ba301b88a00f4cd6b3b7431e4a004386		2020 1/8 Sny55 Kira Bedeli				n	0/1	0/100	1970-01-01 02:00:00 +0200
B	2bed39c3908745dc93b80b5cc0525f1c	01b1322b286341f18f55ba4d2a213255	2020-02-01 13:28:26 +0300	2019-12-25 15:43:45 +0300	2019-12-25 13:59:00 +0300	dc915ca945be4e72ab274fdae19390c0	ba301b88a00f4cd6b3b7431e4a004386		2020 1/8 Sny55 Kira Bedeli				n	0/1	0/100	1970-01-01 02:00:00 +0200
===== END
===== START
R	2bed39c3908745dc93b80b5cc0525f1c	68a35ea83e054a499b48485c2c784390	2020-02-01 13:28:26 +0300	2019-12-25 15:43:45 +0300	2019-12-25 13:59:00 +0300	dc915ca945be4e72ab274fdae19390c0	ba301b88a00f4cd6b3b7431e4a004386		2020 1/8 Sny55 Kira Bedeli				n	0/1	0/100	1970-01-01 02:00:00 +0200
R	2bed39c3908745dc93b80b5cc0525f1c	01b1322b286341f18f55ba4d2a213255	2020-02-01 13:28:26 +0300	2019-12-25 15:43:45 +0300	2019-12-25 13:59:00 +0300	dc915ca945be4e72ab274fdae19390c0	ba301b88a00f4cd6b3b7431e4a004386		2020 1/8 Sny55 Kira Bedeli				n	0/1	0/100	1970-01-01 02:00:00 +0200
===== END
===== START
B	2bed39c3908745dc93b80b5cc0525f1c	68a35ea83e054a499b48485c2c784390	2020-02-01 13:28:26 +0300	2019-12-25 15:43:45 +0300	2019-12-25 13:59:00 +0300	dc915ca945be4e72ab274fdae19390c0	ba301b88a00f4cd6b3b7431e4a004386		2020 1/8 Sny55 Kira Bedeli				n	0/1	0/100	1970-01-01 02:00:00 +0200
B	2bed39c3908745dc93b80b5cc0525f1c	01b1322b286341f18f55ba4d2a213255	2020-02-01 13:28:26 +0300	2019-12-25 15:43:45 +0300	2019-12-25 13:59:00 +0300	dc915ca945be4e72ab274fdae19390c0	ba301b88a00f4cd6b3b7431e4a004386		2020 1/8 Sny55 Kira Bedeli				n	0/1	0/100	1970-01-01 02:00:00 +0200
===== END
===== START
R	2bed39c3908745dc93b80b5cc0525f1c	68a35ea83e054a499b48485c2c784390	2020-02-01 13:28:26 +0300	2019-12-25 15:43:45 +0300	2019-12-25 13:59:00 +0300	dc915ca945be4e72ab274fdae19390c0	ba301b88a00f4cd6b3b7431e4a004386		2020 1/8 Sny55 Kira Bedeli				n	0/1	0/100	1970-01-01 02:00:00 +0200
R	2bed39c3908745dc93b80b5cc0525f1c	01b1322b286341f18f55ba4d2a213255	2020-02-01 13:28:26 +0300	2019-12-25 15:43:45 +0300	2019-12-25 13:59:00 +0300	dc915ca945be4e72ab274fdae19390c0	ba301b88a00f4cd6b3b7431e4a004386		2020 1/8 Sny55 Kira Bedeli				n	0/1	0/100	1970-01-01 02:00:00 +0200
===== END
===== START
===== END
===== START
===== END
===== START
===== END
===== START
C	6af1a3e360064568b47514c1ec69840b	9a4d87b688834b9da5535e0bba7469ef	2020-02-01 13:28:28 +0300	2019-12-25 15:43:45 +0300	2019-12-25 13:59:00 +0300	dc915ca945be4e72ab274fdae19390c0	ba301b88a00f4cd6b3b7431e4a004386		2020 1/8 Sny55 Kira Bedeli				n	0/1	0/100	1970-01-01 02:00:00 +0200
C	6af1a3e360064568b47514c1ec69840b	ba604afcb5b449bfacad9ff2f43db5e8	2020-02-01 13:28:28 +0300	2019-12-25 15:43:45 +0300	2019-12-25 13:59:00 +0300	dc915ca945be4e72ab274fdae19390c0	ba301b88a00f4cd6b3b7431e4a004386		2020 1/8 Sny55 Kira Bedeli				n	0/1	0/100	1970-01-01 02:00:00 +0200
===== END
===== START
B	6af1a3e360064568b47514c1ec69840b	9a4d87b688834b9da5535e0bba7469ef	2020-02-01 13:28:28 +0300	2019-12-25 15:43:45 +0300	2019-12-25 13:59:00 +0300	dc915ca945be4e72ab274fdae19390c0	ba301b88a00f4cd6b3b7431e4a004386		2020 1/8 Sny55 Kira Bedeli				n	0/1	0/100	1970-01-01 02:00:00 +0200
B	6af1a3e360064568b47514c1ec69840b	ba604afcb5b449bfacad9ff2f43db5e8	2020-02-01 13:28:28 +0300	2019-12-25 15:43:45 +0300	2019-12-25 13:59:00 +0300	dc915ca945be4e72ab274fdae19390c0	ba301b88a00f4cd6b3b7431e4a004386		2020 1/8 Sny55 Kira Bedeli				n	0/1	0/100	1970-01-01 02:00:00 +0200
===== END
===== START
C	6af1a3e360064568b47514c1ec69840b	9a4d87b688834b9da5535e0bba7469ef	2020-02-01 13:28:28 +0300	2019-12-25 15:43:45 +0300	2020-01-24 13:59:00 +0300	77fc17bb76f3477b993b48d95fc32cf0	127 Sny55 Habip Yıldırım		2020 1/8 Sny55 Kira Bedeli				n	100000/100	100000/100	1970-01-01 02:00:00 +0200
C	6af1a3e360064568b47514c1ec69840b	ba604afcb5b449bfacad9ff2f43db5e8	2020-02-01 13:28:28 +0300	2019-12-25 15:43:45 +0300	2020-01-24 13:59:00 +0300	9ee677e8d3a04ed78d0894f9f03a91c5	1 GLR Sny55		2020 1/8 Sny55 Kira Bedeli				n	-100000/100	-100000/100	1970-01-01 02:00:00 +0200
===== END
===== START
B	9faea74462294382802205b448de81d5	cc09e4a24f50488eb841efb9e4bf269a	2020-02-01 13:28:55 +0300	2019-12-02 12:10:26 +0300	2019-10-25 13:59:00 +0300	b5c86390d3244c54a84665ddd07f7f17	127 SNY240 Dursun Durmuş		2019-20 sanayi 240m2 Kira gecikme Bedeli				n	114400/100	114400/100	1970-01-01 02:00:00 +0200
B	9faea74462294382802205b448de81d5	4c8c2dacabcf422c89a319256fd24018	2020-02-01 13:28:55 +0300	2019-12-02 12:10:26 +0300	2019-10-25 13:59:00 +0300	62cf67902c2f48c28059ec3005e4290f	5 GLR Sny240m2		2019-20 sanayi 240m2 Kira gecikme Bedeli				n	-114400/100	-114400/100	1970-01-01 02:00:00 +0200
===== END
===== START
C	9faea74462294382802205b448de81d5	cc09e4a24f50488eb841efb9e4bf269a	2020-02-01 13:28:55 +0300	2019-12-02 12:10:26 +0300	2019-10-25 13:59:00 +0300	b5c86390d3244c54a84665ddd07f7f17	127 SNY240 Dursun Durmuş		2019-20 sanayi 240m2 Kira gecikme Bedeli		1144		n	114400/100	114400/100	1970-01-01 02:00:00 +0200
C	9faea74462294382802205b448de81d5	4c8c2dacabcf422c89a319256fd24018	2020-02-01 13:28:55 +0300	2019-12-02 12:10:26 +0300	2019-10-25 13:59:00 +0300	62cf67902c2f48c28059ec3005e4290f	5 GLR Sny240m2		2019-20 sanayi 240m2 Kira gecikme Bedeli				n	-114400/100	-114400/100	1970-01-01 02:00:00 +0200
===== END
===== START
B	9faea74462294382802205b448de81d5	cc09e4a24f50488eb841efb9e4bf269a	2020-02-01 13:29:04 +0300	2019-12-02 12:10:26 +0300	2019-10-25 13:59:00 +0300	b5c86390d3244c54a84665ddd07f7f17	127 SNY240 Dursun Durmuş		2019-20 sanayi 240m2 Kira gecikme Bedeli		1144		n	114400/100	114400/100	1970-01-01 02:00:00 +0200
B	9faea74462294382802205b448de81d5	4c8c2dacabcf422c89a319256fd24018	2020-02-01 13:29:04 +0300	2019-12-02 12:10:26 +0300	2019-10-25 13:59:00 +0300	62cf67902c2f48c28059ec3005e4290f	5 GLR Sny240m2		2019-20 sanayi 240m2 Kira gecikme Bedeli				n	-114400/100	-114400/100	1970-01-01 02:00:00 +0200
===== END
===== START
C	9faea74462294382802205b448de81d5	cc09e4a24f50488eb841efb9e4bf269a	2020-02-01 13:29:04 +0300	2019-12-02 12:10:26 +0300	2019-10-25 13:59:00 +0300	b5c86390d3244c54a84665ddd07f7f17	127 SNY240 Dursun Durmuş		2019-20 sanayi 240m2 Kira gecikme Bedeli		1144		n	0/100	0/100	1970-01-01 02:00:00 +0200
C	9faea74462294382802205b448de81d5	4c8c2dacabcf422c89a319256fd24018	2020-02-01 13:29:04 +0300	2019-12-02 12:10:26 +0300	2019-10-25 13:59:00 +0300	62cf67902c2f48c28059ec3005e4290f	5 GLR Sny240m2		2019-20 sanayi 240m2 Kira gecikme Bedeli				n	0/100	0/100	1970-01-01 02:00:00 +0200
===== END
===== START
B	8036dc2612e64200ad931fb9e1afd0c6	895286a896f9456cbc1ca9aa1415d0d2	2020-02-01 13:30:13 +0300	2019-12-07 17:13:36 +0300	2020-01-01 13:59:00 +0300	b5c86390d3244c54a84665ddd07f7f17	127 SNY240 Dursun Durmuş		2020 Nisan 19 gün  Sny240m2 Kira Bedeli				n	187100/100	187100/100	1970-01-01 02:00:00 +0200
B	8036dc2612e64200ad931fb9e1afd0c6	717b520d05dd46c685d27fcf2a0ade85	2020-02-01 13:30:13 +0300	2019-12-07 17:13:36 +0300	2020-01-01 13:59:00 +0300	62cf67902c2f48c28059ec3005e4290f	5 GLR Sny240m2		2020 Nisan 19 gün  Sny240m2 Kira Bedeli				n	-187100/100	-187100/100	1970-01-01 02:00:00 +0200
===== END
===== START
C	8036dc2612e64200ad931fb9e1afd0c6	895286a896f9456cbc1ca9aa1415d0d2	2020-02-01 13:30:13 +0300	2019-12-07 17:13:36 +0300	2020-01-01 13:59:00 +0300	b5c86390d3244c54a84665ddd07f7f17	127 SNY240 Dursun Durmuş		2020 Nisan 19 gün  Sny240m2 Kira Bedeli				n	301500/100	301500/100	1970-01-01 02:00:00 +0200
C	8036dc2612e64200ad931fb9e1afd0c6	717b520d05dd46c685d27fcf2a0ade85	2020-02-01 13:30:13 +0300	2019-12-07 17:13:36 +0300	2020-01-01 13:59:00 +0300	62cf67902c2f48c28059ec3005e4290f	5 GLR Sny240m2		2020 Nisan 19 gün  Sny240m2 Kira Bedeli				n	-301500/100	-301500/100	1970-01-01 02:00:00 +0200
===== END
===== START
B	8c216e7c025245d1b442de365d15599c	307857859f4945b3bf273cfba519e37f	2020-02-01 13:30:41 +0300	2019-12-02 12:27:58 +0300	2020-01-01 13:59:00 +0300	b5c86390d3244c54a84665ddd07f7f17	127 SNY240 Dursun Durmuş		2020 Ocak Sny240m2 Kira Bedeli				n	270000/100	270000/100	1970-01-01 02:00:00 +0200
B	8c216e7c025245d1b442de365d15599c	04efecc7be524046bd9ae997dfef7bf2	2020-02-01 13:30:41 +0300	2019-12-02 12:27:58 +0300	2020-01-01 13:59:00 +0300	62cf67902c2f48c28059ec3005e4290f	5 GLR Sny240m2		2020 Ocak Sny240m2 Kira Bedeli				n	-270000/100	-270000/100	1970-01-01 02:00:00 +0200
===== END
===== START
C	8c216e7c025245d1b442de365d15599c	307857859f4945b3bf273cfba519e37f	2020-02-01 13:30:41 +0300	2019-12-02 12:27:58 +0300	2020-02-01 13:59:00 +0300	b5c86390d3244c54a84665ddd07f7f17	127 SNY240 Dursun Durmuş		2020 Ocak Sny240m2 Kira Bedeli				n	270000/100	270000/100	1970-01-01 02:00:00 +0200
C	8c216e7c025245d1b442de365d15599c	04efecc7be524046bd9ae997dfef7bf2	2020-02-01 13:30:41 +0300	2019-12-02 12:27:58 +0300	2020-02-01 13:59:00 +0300	62cf67902c2f48c28059ec3005e4290f	5 GLR Sny240m2		2020 Ocak Sny240m2 Kira Bedeli				n	-270000/100	-270000/100	1970-01-01 02:00:00 +0200
===== END
===== START
D	cf494bedbc29404ab89d433d708356b4	c552692c9be643599425ec3d19a3bff5	2020-02-01 13:30:57 +0300	2020-02-01 13:30:57 +0300	2020-02-01 13:59:00 +0300								n	0/1	0/100	1970-01-01 02:00:00 +0200
===== END
