mod	trans_guid	split_guid	time_now	date_entered	date_posted	acc_guid	acc_name	num	description	notes	memo	action	reconciled	amount	value	date_reconciled
-----------------
===== START
B	6896ab7c55a049d8ae686e42cb647dd0	f58789bf7aad4c7188865eddd50744e9	2022-02-23 09:09:54	2022-02-23 09:06:41	1899-05-23 10:59:00	d849ba8d986447f288c95359c0d78d04	Teminatlar		151				n	0/100	0/100	1970-01-01 00:00:00
===== END
===== START
C	6896ab7c55a049d8ae686e42cb647dd0	f58789bf7aad4c7188865eddd50744e9	2022-02-23 09:09:54	2022-02-23 09:06:41	1899-05-23 10:59:00	d849ba8d986447f288c95359c0d78d04	Teminatlar		TRY (Türk Lirası)				n	0/100	0/100	1970-01-01 00:00:00
===== END
===== START
B	6896ab7c55a049d8ae686e42cb647dd0	f58789bf7aad4c7188865eddd50744e9	2022-02-23 09:10:03	2022-02-23 09:06:41	1899-05-23 10:59:00	d849ba8d986447f288c95359c0d78d04	Teminatlar		TRY (Türk Lirası)				n	0/100	0/100	1970-01-01 00:00:00
===== END
===== START
C	6896ab7c55a049d8ae686e42cb647dd0	f58789bf7aad4c7188865eddd50744e9	2022-02-23 09:10:03	2022-02-23 09:06:41	1899-05-23 10:59:00	d849ba8d986447f288c95359c0d78d04	Teminatlar		emra aktaş tedaş teminatı				n	0/100	0/100	1970-01-01 00:00:00
===== END
===== START
B	6896ab7c55a049d8ae686e42cb647dd0	f58789bf7aad4c7188865eddd50744e9	2022-02-23 09:10:25	2022-02-23 09:06:41	1899-05-23 10:59:00	d849ba8d986447f288c95359c0d78d04	Teminatlar		emra aktaş tedaş teminatı				n	0/100	0/100	1970-01-01 00:00:00
===== END
===== START
C	6896ab7c55a049d8ae686e42cb647dd0	f58789bf7aad4c7188865eddd50744e9	2022-02-23 09:10:25	2022-02-23 09:06:41	2022-01-05 10:59:00	d849ba8d986447f288c95359c0d78d04	Teminatlar		emra aktaş tedaş teminatı				n	0/100	0/100	1970-01-01 00:00:00
===== END
===== START
B	0a0776f742e94313b54d331efc0a0dab	522eb98d85a0435cb4e1df9dace0119e	2022-02-23 09:10:33	2022-02-23 08:58:58	1899-05-01 10:59:00	4f4ceaac68d6419fab8843a7bc67c3ee	Nakit (kasa)		emra aktaş tedaş teminatı				n	50000/100	50000/100	1970-01-01 00:00:00
B	0a0776f742e94313b54d331efc0a0dab	34b25d6047224db2ba71e487b6cbc7bc	2022-02-23 09:10:33	2022-02-23 08:58:58	1899-05-01 10:59:00	d849ba8d986447f288c95359c0d78d04	Teminatlar		emra aktaş tedaş teminatı				n	-50000/100	-50000/100	1970-01-01 00:00:00
===== END
===== START
C	0a0776f742e94313b54d331efc0a0dab	522eb98d85a0435cb4e1df9dace0119e	2022-02-23 09:10:33	2022-02-23 08:58:58	2022-01-01 10:59:00	4f4ceaac68d6419fab8843a7bc67c3ee	Nakit (kasa)		emra aktaş tedaş teminatı				n	50000/100	50000/100	1970-01-01 00:00:00
C	0a0776f742e94313b54d331efc0a0dab	34b25d6047224db2ba71e487b6cbc7bc	2022-02-23 09:10:33	2022-02-23 08:58:58	2022-01-01 10:59:00	d849ba8d986447f288c95359c0d78d04	Teminatlar		emra aktaş tedaş teminatı				n	-50000/100	-50000/100	1970-01-01 00:00:00
===== END
===== START
B	6896ab7c55a049d8ae686e42cb647dd0	f58789bf7aad4c7188865eddd50744e9	2022-02-23 09:10:44	2022-02-23 09:06:41	2022-01-05 10:59:00	d849ba8d986447f288c95359c0d78d04	Teminatlar		emra aktaş tedaş teminatı				n	0/100	0/100	1970-01-01 00:00:00
===== END
===== START
C	6896ab7c55a049d8ae686e42cb647dd0	f58789bf7aad4c7188865eddd50744e9	2022-02-23 09:10:44	2022-02-23 09:06:41	2022-01-05 10:59:00	d849ba8d986447f288c95359c0d78d04	Teminatlar		emra aktaş tedaş teminatı				n	0/100	0/100	1970-01-01 00:00:00
C	6896ab7c55a049d8ae686e42cb647dd0	2206b8a1fd3743559110409a1e0f6774	2022-02-23 09:10:44	2022-02-23 09:06:41	2022-01-05 10:59:00	4f4ceaac68d6419fab8843a7bc67c3ee	Nakit (kasa)		emra aktaş tedaş teminatı				n	0/100	0/100	1970-01-01 00:00:00
===== END
===== START
B	c12424a53d044fdbb15490b134e55765	e04b253088874dd38ae9d774e03678ac	2022-02-23 09:10:47	2022-02-23 08:59:52	2022-05-01 10:59:00	d849ba8d986447f288c95359c0d78d04	Teminatlar						n	0/100	0/100	1970-01-01 00:00:00
===== END
===== START
C	c12424a53d044fdbb15490b134e55765	e04b253088874dd38ae9d774e03678ac	2022-02-23 09:10:47	2022-02-23 08:59:52	2022-05-01 10:59:00	d849ba8d986447f288c95359c0d78d04	Teminatlar						n	0/100	0/100	1970-01-01 00:00:00
C	c12424a53d044fdbb15490b134e55765	62af3d1c456a4a8d89a7015a8e4e64a2	2022-02-23 09:10:47	2022-02-23 08:59:52	2022-05-01 10:59:00	4f4ceaac68d6419fab8843a7bc67c3ee	Nakit (kasa)						n	0/100	0/100	1970-01-01 00:00:00
===== END
===== START
B	6896ab7c55a049d8ae686e42cb647dd0	f58789bf7aad4c7188865eddd50744e9	2022-02-23 09:10:52	2022-02-23 09:06:41	2022-01-05 10:59:00	d849ba8d986447f288c95359c0d78d04	Teminatlar		emra aktaş tedaş teminatı				n	0/100	0/100	1970-01-01 00:00:00
B	6896ab7c55a049d8ae686e42cb647dd0	2206b8a1fd3743559110409a1e0f6774	2022-02-23 09:10:52	2022-02-23 09:06:41	2022-01-05 10:59:00	4f4ceaac68d6419fab8843a7bc67c3ee	Nakit (kasa)		emra aktaş tedaş teminatı				n	0/100	0/100	1970-01-01 00:00:00
===== END
===== START
C	6896ab7c55a049d8ae686e42cb647dd0	f58789bf7aad4c7188865eddd50744e9	2022-02-23 09:10:52	2022-02-23 09:06:41	2022-01-05 10:59:00	d849ba8d986447f288c95359c0d78d04	Teminatlar		emra aktaş tedaş teminatı				n	-30000/100	-30000/100	1970-01-01 00:00:00
C	6896ab7c55a049d8ae686e42cb647dd0	2206b8a1fd3743559110409a1e0f6774	2022-02-23 09:10:52	2022-02-23 09:06:41	2022-01-05 10:59:00	4f4ceaac68d6419fab8843a7bc67c3ee	Nakit (kasa)		emra aktaş tedaş teminatı				n	30000/100	30000/100	1970-01-01 00:00:00
===== END
