mod	trans_guid	split_guid	time_now	date_entered	date_posted	acc_guid	acc_name	num	description	notes	memo	action	reconciled	amount	value	date_reconciled
-----------------
===== START
B	c12424a53d044fdbb15490b134e55765	e04b253088874dd38ae9d774e03678ac	2022-02-23 09:00:48	2022-02-23 08:59:52	1899-05-23 10:59:00	d849ba8d986447f288c95359c0d78d04	Teminatlar						n	0/100	0/100	1970-01-01 00:00:00
===== END
===== START
C	c12424a53d044fdbb15490b134e55765	e04b253088874dd38ae9d774e03678ac	2022-02-23 09:00:48	2022-02-23 08:59:52	1909-05-23 10:59:00	d849ba8d986447f288c95359c0d78d04	Teminatlar						n	0/100	0/100	1970-01-01 00:00:00
===== END
===== START
B	c12424a53d044fdbb15490b134e55765	e04b253088874dd38ae9d774e03678ac	2022-02-23 09:00:52	2022-02-23 08:59:52	1909-05-23 10:59:00	d849ba8d986447f288c95359c0d78d04	Teminatlar						n	0/100	0/100	1970-01-01 00:00:00
===== END
===== START
C	c12424a53d044fdbb15490b134e55765	e04b253088874dd38ae9d774e03678ac	2022-02-23 09:00:52	2022-02-23 08:59:52	2022-05-23 10:59:00	d849ba8d986447f288c95359c0d78d04	Teminatlar						n	0/100	0/100	1970-01-01 00:00:00
===== END
===== START
B	c12424a53d044fdbb15490b134e55765	e04b253088874dd38ae9d774e03678ac	2022-02-23 09:00:57	2022-02-23 08:59:52	2022-05-23 10:59:00	d849ba8d986447f288c95359c0d78d04	Teminatlar						n	0/100	0/100	1970-01-01 00:00:00
===== END
===== START
C	c12424a53d044fdbb15490b134e55765	e04b253088874dd38ae9d774e03678ac	2022-02-23 09:00:57	2022-02-23 08:59:52	2022-05-01 10:59:00	d849ba8d986447f288c95359c0d78d04	Teminatlar						n	0/100	0/100	1970-01-01 00:00:00
===== END
