mod	trans_guid	split_guid	time_now	date_entered	date_posted	acc_guid	acc_name	num	description	notes	memo	action	reconciled	amount	value	date_reconciled
-----------------
===== START
===== END
===== START
C	4374b070e46345079c63b09b24c46b4b	d35ee2b8ee94448d88b638337fc2bb5a	2022-02-23 08:56:07	2022-02-23 08:56:07	2022-02-23 10:59:00	34944502051449bbbd72541486e670b6	Maaş		ocak 2022  bağkur maaşı				n	0/100	0/100	1970-01-01 00:00:00
C	4374b070e46345079c63b09b24c46b4b	2ed3adf1e3484ed49a7c7988f5dae4dc	2022-02-23 08:56:07	2022-02-23 08:56:07	2022-02-23 10:59:00	4f4ceaac68d6419fab8843a7bc67c3ee	Nakit (kasa)		ocak 2022  bağkur maaşı				n	0/100	0/100	1970-01-01 00:00:00
===== END
===== START
===== END
===== START
B	4374b070e46345079c63b09b24c46b4b	d35ee2b8ee94448d88b638337fc2bb5a	2022-02-23 08:56:45	2022-02-23 08:56:07	2022-02-23 10:59:00	34944502051449bbbd72541486e670b6	Maaş		ocak 2022  bağkur maaşı				n	0/100	0/100	1970-01-01 00:00:00
B	4374b070e46345079c63b09b24c46b4b	2ed3adf1e3484ed49a7c7988f5dae4dc	2022-02-23 08:56:45	2022-02-23 08:56:07	2022-02-23 10:59:00	4f4ceaac68d6419fab8843a7bc67c3ee	Nakit (kasa)		ocak 2022  bağkur maaşı				n	0/100	0/100	1970-01-01 00:00:00
===== END
===== START
C	4374b070e46345079c63b09b24c46b4b	d35ee2b8ee94448d88b638337fc2bb5a	2022-02-23 08:56:45	2022-02-23 08:56:07	2022-02-23 10:59:00	34944502051449bbbd72541486e670b6	Maaş		ocak 2022  bağkur maaşı			1	n	-302500/100	-302500/100	1970-01-01 00:00:00
C	4374b070e46345079c63b09b24c46b4b	2ed3adf1e3484ed49a7c7988f5dae4dc	2022-02-23 08:56:45	2022-02-23 08:56:07	2022-02-23 10:59:00	4f4ceaac68d6419fab8843a7bc67c3ee	Nakit (kasa)		ocak 2022  bağkur maaşı				n	302500/100	302500/100	1970-01-01 00:00:00
===== END
===== START
===== END
===== START
C	0a0776f742e94313b54d331efc0a0dab	34b25d6047224db2ba71e487b6cbc7bc	2022-02-23 08:58:58	2022-02-23 08:58:58	2022-02-23 10:59:00	d849ba8d986447f288c95359c0d78d04	Teminatlar		emra aktaş tedaş teminatı				n	0/100	0/100	1970-01-01 00:00:00
===== END
===== START
===== END
===== START
B	0a0776f742e94313b54d331efc0a0dab	34b25d6047224db2ba71e487b6cbc7bc	2022-02-23 08:59:09	2022-02-23 08:58:58	2022-02-23 10:59:00	d849ba8d986447f288c95359c0d78d04	Teminatlar		emra aktaş tedaş teminatı				n	0/100	0/100	1970-01-01 00:00:00
===== END
===== START
C	0a0776f742e94313b54d331efc0a0dab	34b25d6047224db2ba71e487b6cbc7bc	2022-02-23 08:59:09	2022-02-23 08:58:58	1899-02-23 10:59:00	d849ba8d986447f288c95359c0d78d04	Teminatlar		emra aktaş tedaş teminatı				n	0/100	0/100	1970-01-01 00:00:00
===== END
===== START
B	0a0776f742e94313b54d331efc0a0dab	34b25d6047224db2ba71e487b6cbc7bc	2022-02-23 08:59:17	2022-02-23 08:58:58	1899-02-23 10:59:00	d849ba8d986447f288c95359c0d78d04	Teminatlar		emra aktaş tedaş teminatı				n	0/100	0/100	1970-01-01 00:00:00
===== END
===== START
C	0a0776f742e94313b54d331efc0a0dab	34b25d6047224db2ba71e487b6cbc7bc	2022-02-23 08:59:17	2022-02-23 08:58:58	2022-01-01 10:59:00	d849ba8d986447f288c95359c0d78d04	Teminatlar		emra aktaş tedaş teminatı				n	0/100	0/100	1970-01-01 00:00:00
===== END
===== START
B	0a0776f742e94313b54d331efc0a0dab	34b25d6047224db2ba71e487b6cbc7bc	2022-02-23 08:59:40	2022-02-23 08:58:58	2022-01-01 10:59:00	d849ba8d986447f288c95359c0d78d04	Teminatlar		emra aktaş tedaş teminatı				n	0/100	0/100	1970-01-01 00:00:00
===== END
===== START
C	0a0776f742e94313b54d331efc0a0dab	34b25d6047224db2ba71e487b6cbc7bc	2022-02-23 08:59:40	2022-02-23 08:58:58	2022-01-01 10:59:00	d849ba8d986447f288c95359c0d78d04	Teminatlar		emra aktaş tedaş teminatı				n	-50000/100	-50000/100	1970-01-01 00:00:00
C	0a0776f742e94313b54d331efc0a0dab	522eb98d85a0435cb4e1df9dace0119e	2022-02-23 08:59:40	2022-02-23 08:58:58	2022-01-01 10:59:00	4f4ceaac68d6419fab8843a7bc67c3ee	Nakit (kasa)		emra aktaş tedaş teminatı				n	50000/100	50000/100	1970-01-01 00:00:00
===== END
===== START
C	c12424a53d044fdbb15490b134e55765	e04b253088874dd38ae9d774e03678ac	2022-02-23 08:59:52	2022-02-23 08:59:52	1899-05-23 10:59:00	d849ba8d986447f288c95359c0d78d04	Teminatlar						n	0/100	0/100	1970-01-01 00:00:00
===== END
===== START
===== END
===== START
B	0a0776f742e94313b54d331efc0a0dab	522eb98d85a0435cb4e1df9dace0119e	2022-02-23 08:59:57	2022-02-23 08:58:58	2022-01-01 10:59:00	4f4ceaac68d6419fab8843a7bc67c3ee	Nakit (kasa)		emra aktaş tedaş teminatı				n	50000/100	50000/100	1970-01-01 00:00:00
B	0a0776f742e94313b54d331efc0a0dab	34b25d6047224db2ba71e487b6cbc7bc	2022-02-23 08:59:57	2022-02-23 08:58:58	2022-01-01 10:59:00	d849ba8d986447f288c95359c0d78d04	Teminatlar		emra aktaş tedaş teminatı				n	-50000/100	-50000/100	1970-01-01 00:00:00
===== END
===== START
C	0a0776f742e94313b54d331efc0a0dab	522eb98d85a0435cb4e1df9dace0119e	2022-02-23 08:59:57	2022-02-23 08:58:58	1899-05-01 10:59:00	4f4ceaac68d6419fab8843a7bc67c3ee	Nakit (kasa)		emra aktaş tedaş teminatı				n	50000/100	50000/100	1970-01-01 00:00:00
C	0a0776f742e94313b54d331efc0a0dab	34b25d6047224db2ba71e487b6cbc7bc	2022-02-23 08:59:57	2022-02-23 08:58:58	1899-05-01 10:59:00	d849ba8d986447f288c95359c0d78d04	Teminatlar		emra aktaş tedaş teminatı				n	-50000/100	-50000/100	1970-01-01 00:00:00
===== END
===== START
B	c12424a53d044fdbb15490b134e55765	e04b253088874dd38ae9d774e03678ac	2022-02-23 09:00:12	2022-02-23 08:59:52	1899-05-23 10:59:00	d849ba8d986447f288c95359c0d78d04	Teminatlar						n	0/100	0/100	1970-01-01 00:00:00
===== END
===== START
C	c12424a53d044fdbb15490b134e55765	e04b253088874dd38ae9d774e03678ac	2022-02-23 09:00:12	2022-02-23 08:59:52	1899-05-23 10:59:00	d849ba8d986447f288c95359c0d78d04	Teminatlar						n	0/100	0/100	1970-01-01 00:00:00
===== END
===== START
B	c12424a53d044fdbb15490b134e55765	e04b253088874dd38ae9d774e03678ac	2022-02-23 09:00:21	2022-02-23 08:59:52	1899-05-23 10:59:00	d849ba8d986447f288c95359c0d78d04	Teminatlar						n	0/100	0/100	1970-01-01 00:00:00
===== END
===== START
C	c12424a53d044fdbb15490b134e55765	e04b253088874dd38ae9d774e03678ac	2022-02-23 09:00:21	2022-02-23 08:59:52	1899-05-23 10:59:00	d849ba8d986447f288c95359c0d78d04	Teminatlar						n	0/100	0/100	1970-01-01 00:00:00
===== END
